CalcLoop: a tool for automated multiloop calculation in quantum field theory.
Version 2022/07/10.
Number of defined symbols=45. Please see ?CalcLoop`* for help.
"BladeIBP: a package for generating IBP, LI and Symmetry relations."

FrontEndObject::notavail: A front end is not available; certain operations require a front end.
Number of Families = 1. Number of Sectors = 27.
"1 zero sectors found, 31 nonzero sectors found."
"27 unique sectors found, 4 mapped sectors found, 0 extmapped sectors found."
"26 subgraph-unique sectors found, 0 subgraph-mapped sectors found"
"Seeding Id type ->""IBP"
"Seeding Id type ->""LI"
"Seeding Id type ->""SR"
"Seeding Id type ->""Map"
"Seeding Id type ->""SubSym"
"====================="
"Id type -> ""IBP"" # chunks -> "27
"====================="
"From remote kernel:"
"\"IBP\"\" #\"1\" of \"27\n"
"From remote kernel:"
"\"IBP\"\" #\"3\" of \"27\n"
"From remote kernel:"
"\"IBP\"\" #\"5\" of \"27\n"
"From remote kernel:"
"\"IBP\"\" #\"7\" of \"27\n"
"From remote kernel:"
"\"IBP\"\" #\"9\" of \"27\n"
"From remote kernel:"
"\"IBP\"\" #\"11\" of \"27\n"
"From remote kernel:"
"\"IBP\"\" #\"13\" of \"27\n"
"From remote kernel:"
"\"IBP\"\" #\"15\" of \"27\n"
"From remote kernel:"
"\" -> \"\"done in \"{0.1074, Null}\n"
"From remote kernel:"
"\"IBP\"\" #\"2\" of \"27\n"
"From remote kernel:"
"\" -> \"\"done in \"{0.126321, Null}\n"
"From remote kernel:"
"\" -> \"\"done in \"{0.127985, Null}\n"
"From remote kernel:"
"\" -> \"\"done in \"{0.130751, Null}\n"
"From remote kernel:"
"\" -> \"\"done in \"{0.129877, Null}\n"
"From remote kernel:"
"\" -> \"\"done in \"{0.139108, Null}\n"
"From remote kernel:"
"\"IBP\"\" #\"8\" of \"27\n"
"From remote kernel:"
"\"IBP\"\" #\"10\" of \"27\n"
"From remote kernel:"
"\"IBP\"\" #\"12\" of \"27\n"
"From remote kernel:"
"\"IBP\"\" #\"14\" of \"27\n"
"From remote kernel:"
"\" -> \"\"done in \"{0.138882, Null}\n"
"From remote kernel:"
"\"IBP\"\" #\"6\" of \"27\n"
"From remote kernel:"
"\"IBP\"\" #\"16\" of \"27\n"
"From remote kernel:"
"\" -> \"\"done in \"{0.16762, Null}\n"
"From remote kernel:"
"\"IBP\"\" #\"4\" of \"27\n"
"From remote kernel:"
"\" -> \"\"done in \"{0.086942, Null}\n"
"From remote kernel:"
"\" -> \"\"done in \"{0.07734, Null}\n"
"From remote kernel:"
"\" -> \"\"done in \"{0.073983, Null}\n"
"From remote kernel:"
"\" -> \"\"done in \"{0.074001, Null}\n"
"From remote kernel:"
"\" -> \"\"done in \"{0.076587, Null}\n"
"From remote kernel:"
"\"IBP\"\" #\"17\" of \"27\n"
"From remote kernel:"
"\"IBP\"\" #\"19\" of \"27\n"
"From remote kernel:"
"\"IBP\"\" #\"21\" of \"27\n"
"From remote kernel:"
"\"IBP\"\" #\"24\" of \"27\n"
"From remote kernel:"
"\" -> \"\"done in \"{0.084784, Null}\n"
"From remote kernel:"
"\"IBP\"\" #\"23\" of \"27\n"
"From remote kernel:"
"\" -> \"\"done in \"{0.083506, Null}\n"
"From remote kernel:"
"\"IBP\"\" #\"26\" of \"27\n"
"From remote kernel:"
"\"IBP\"\" #\"25\" of \"27\n"
"From remote kernel:"
"\" -> \"\"done in \"{0.046886, Null}\n"
"From remote kernel:"
"\" -> \"\"done in \"{0.08436, Null}\n"
"From remote kernel:"
"\" -> \"\"done in \"{0.048565, Null}\n"
"From remote kernel:"
"\" -> \"\"done in \"{0.047758, Null}\n"
"From remote kernel:"
"\" -> \"\"done in \"{0.047126, Null}\n"
"From remote kernel:"
"\"IBP\"\" #\"18\" of \"27\n"
"From remote kernel:"
"\"IBP\"\" #\"20\" of \"27\n"
"From remote kernel:"
"\"IBP\"\" #\"22\" of \"27\n"
"From remote kernel:"
"\" -> \"\"done in \"{0.054411, Null}\n"
"From remote kernel:"
"\"IBP\"\" #\"27\" of \"27\n"
"From remote kernel:"
"\" -> \"\"done in \"{0.049239, Null}\n"
"From remote kernel:"
"\" -> \"\"done in \"{0.048466, Null}\n"
"From remote kernel:"
"\" -> \"\"done in \"{0.045424, Null}\n"
"From remote kernel:"
"\" -> \"\"done in \"{0.027829, Null}\n"
"From remote kernel:"
"\" -> \"\"done in \"{0.045684, Null}\n"
"From remote kernel:"
"\" -> \"\"done in \"{0.04672, Null}\n"
"====================="
"Id type -> ""LI"" # chunks -> "27
"====================="
"From remote kernel:"
"\"LI\"\" #\"1\" of \"27\n"
"From remote kernel:"
"\"LI\"\" #\"3\" of \"27\n"
"From remote kernel:"
"\"LI\"\" #\"5\" of \"27\n"
"From remote kernel:"
"\"LI\"\" #\"7\" of \"27\n"
"From remote kernel:"
"\"LI\"\" #\"9\" of \"27\n"
"From remote kernel:"
"\"LI\"\" #\"11\" of \"27\n"
"From remote kernel:"
"\"LI\"\" #\"15\" of \"27\n"
"From remote kernel:"
"\"LI\"\" #\"13\" of \"27\n"
"From remote kernel:"
"\" -> \"\"done in \"{0.10587, Null}\n"
"From remote kernel:"
"\"LI\"\" #\"2\" of \"27\n"
"From remote kernel:"
"\" -> \"\"done in \"{0.15845, Null}\n"
"From remote kernel:"
"\" -> \"\"done in \"{0.152083, Null}\n"
"From remote kernel:"
"\" -> \"\"done in \"{0.160663, Null}\n"
"From remote kernel:"
"\" -> \"\"done in \"{0.169772, Null}\n"
"From remote kernel:"
"\"LI\"\" #\"8\" of \"27\n"
"From remote kernel:"
"\"LI\"\" #\"10\" of \"27\n"
"From remote kernel:"
"\"LI\"\" #\"14\" of \"27\n"
"From remote kernel:"
"\"LI\"\" #\"4\" of \"27\n"
"From remote kernel:"
"\" -> \"\"done in \"{0.182912, Null}\n"
"From remote kernel:"
"\" -> \"\"done in \"{0.185609, Null}\n"
"From remote kernel:"
"\"LI\"\" #\"6\" of \"27\n"
"From remote kernel:"
"\" -> \"\"done in \"{0.189779, Null}\n"
"From remote kernel:"
"\"LI\"\" #\"16\" of \"27\n"
"From remote kernel:"
"\"LI\"\" #\"12\" of \"27\n"
"From remote kernel:"
"\" -> \"\"done in \"{0.164103, Null}\n"
"From remote kernel:"
"\"LI\"\" #\"17\" of \"27\n"
"From remote kernel:"
"\" -> \"\"done in \"{0.150936, Null}\n"
"From remote kernel:"
"\" -> \"\"done in \"{0.155333, Null}\n"
"From remote kernel:"
"\" -> \"\"done in \"{0.160671, Null}\n"
"From remote kernel:"
"\"LI\"\" #\"19\" of \"27\n"
"From remote kernel:"
"\"LI\"\" #\"21\" of \"27\n"
"From remote kernel:"
"\"LI\"\" #\"23\" of \"27\n"
"From remote kernel:"
"\" -> \"\"done in \"{0.175254, Null}\n"
"From remote kernel:"
"\" -> \"\"done in \"{0.083669, Null}\n"
"From remote kernel:"
"\" -> \"\"done in \"{0.179681, Null}\n"
"From remote kernel:"
"\" -> \"\"done in \"{0.173564, Null}\n"
"From remote kernel:"
"\" -> \"\"done in \"{0.169998, Null}\n"
"From remote kernel:"
"\"LI\"\" #\"18\" of \"27\n"
"From remote kernel:"
"\"LI\"\" #\"24\" of \"27\n"
"From remote kernel:"
"\"LI\"\" #\"25\" of \"27\n"
"From remote kernel:"
"\"LI\"\" #\"26\" of \"27\n"
"From remote kernel:"
"\"LI\"\" #\"27\" of \"27\n"
"From remote kernel:"
"\" -> \"\"done in \"{0.088095, Null}\n"
"From remote kernel:"
"\"LI\"\" #\"20\" of \"27\n"
"From remote kernel:"
"\" -> \"\"done in \"{0.097519, Null}\n"
"From remote kernel:"
"\" -> \"\"done in \"{0.048694, Null}\n"
"From remote kernel:"
"\" -> \"\"done in \"{0.101015, Null}\n"
"From remote kernel:"
"\"LI\"\" #\"22\" of \"27\n"
"From remote kernel:"
"\" -> \"\"done in \"{0.086934, Null}\n"
"From remote kernel:"
"\" -> \"\"done in \"{0.101916, Null}\n"
"From remote kernel:"
"\" -> \"\"done in \"{0.103715, Null}\n"
"From remote kernel:"
"\" -> \"\"done in \"{0.113392, Null}\n"
"From remote kernel:"
"\" -> \"\"done in \"{0.079554, Null}\n"
"From remote kernel:"
"\" -> \"\"done in \"{0.084265, Null}\n"
"====================="
"Id type -> ""SR"" # chunks -> "27
"====================="
"From remote kernel:"
"\"SR\"\" #\"1\" of \"27\n"
"From remote kernel:"
"\"SR\"\" #\"3\" of \"27\n"
"From remote kernel:"
"\"SR\"\" #\"5\" of \"27\n"
"From remote kernel:"
"\"SR\"\" #\"9\" of \"27\n"
"From remote kernel:"
"\"SR\"\" #\"11\" of \"27\n"
"From remote kernel:"
"\"SR\"\" #\"13\" of \"27\n"
"From remote kernel:"
"\"SR\"\" #\"15\" of \"27\n"
"From remote kernel:"
"\"sectors involved: \"{{1, 1, 1, 1, 1}}\n"
"From remote kernel:"
"\"sectors involved: \"{{1, 1, 1, 0, 1}}\n"
"From remote kernel:"
"\"sectors involved: \"{{1, 0, 1, 1, 1}}\n"
"From remote kernel:"
"\"SR\"\" #\"7\" of \"27\n"
"From remote kernel:"
"\"sectors involved: \"{{1, 1, 0, 0, 1}}\n"
"From remote kernel:"
"\"sectors involved: \"{{1, 0, 1, 0, 1}}\n"
"From remote kernel:"
"\"sectors involved: \"{{0, 1, 1, 1, 0}}\n"
"From remote kernel:"
"\"sectors involved: \"{{0, 1, 0, 1, 1}}\n"
"From remote kernel:"
"\"#Symmetry Relations:  \"0\n"
"From remote kernel:"
"\"#Symmetry Relations:  \"0\n"
"From remote kernel:"
"\"#Symmetry Relations:  \"0\n"
"From remote kernel:"
"\"sectors involved: \"{{1, 1, 1, 0, 0}}\n"
"From remote kernel:"
"\"#Symmetry Relations:  \"0\n"
"From remote kernel:"
"\"#Symmetry Relations:  \"0\n"
"From remote kernel:"
"\"#Symmetry Relations:  \"0\n"
"From remote kernel:"
"\"#Symmetry Relations:  \"0\n"
"From remote kernel:"
"\" -> \"\"done in \"{0.008794, Null}\n"
"From remote kernel:"
"\" -> \"\"done in \"{0.009002, Null}\n"
"From remote kernel:"
"\" -> \"\"done in \"{0.012759, Null}\n"
"From remote kernel:"
"\"#Symmetry Relations:  \"0\n"
"From remote kernel:"
"\" -> \"\"done in \"{0.009197, Null}\n"
"From remote kernel:"
"\" -> \"\"done in \"{0.010349, Null}\n"
"From remote kernel:"
"\" -> \"\"done in \"{0.010244, Null}\n"
"From remote kernel:"
"\" -> \"\"done in \"{0.009965, Null}\n"
"From remote kernel:"
"\"SR\"\" #\"2\" of \"27\n"
"From remote kernel:"
"\"SR\"\" #\"4\" of \"27\n"
"From remote kernel:"
"\"SR\"\" #\"6\" of \"27\n"
"From remote kernel:"
"\" -> \"\"done in \"{0.009592, Null}\n"
"From remote kernel:"
"\"SR\"\" #\"10\" of \"27\n"
"From remote kernel:"
"\"SR\"\" #\"12\" of \"27\n"
"From remote kernel:"
"\"SR\"\" #\"14\" of \"27\n"
"From remote kernel:"
"\"SR\"\" #\"16\" of \"27\n"
"From remote kernel:"
"\"sectors involved: \"{{1, 1, 1, 1, 0}}\n"
"From remote kernel:"
"\"sectors involved: \"{{1, 1, 0, 1, 1}}\n"
"From remote kernel:"
"\"sectors involved: \"{{0, 1, 1, 1, 1}}\n"
"From remote kernel:"
"\"SR\"\" #\"8\" of \"27\n"
"From remote kernel:"
"\"sectors involved: \"{{1, 0, 1, 1, 0}}\n"
"From remote kernel:"
"\"sectors involved: \"{{1, 0, 0, 1, 1}}\n"
"From remote kernel:"
"\"sectors involved: \"{{0, 1, 1, 0, 1}}\n"
"From remote kernel:"
"\"sectors involved: \"{{0, 0, 1, 1, 1}}\n"
"From remote kernel:"
"\"#Symmetry Relations:  \"0\n"
"From remote kernel:"
"\"#Symmetry Relations:  \"0\n"
"From remote kernel:"
"\"#Symmetry Relations:  \"0\n"
"From remote kernel:"
"\"sectors involved: \"{{1, 1, 0, 1, 0}}\n"
"From remote kernel:"
"\"#Symmetry Relations:  \"0\n"
"From remote kernel:"
"\"#Symmetry Relations:  \"0\n"
"From remote kernel:"
"\"#Symmetry Relations:  \"0\n"
"From remote kernel:"
"\"#Symmetry Relations:  \"0\n"
"From remote kernel:"
"\" -> \"\"done in \"{0.007156, Null}\n"
"From remote kernel:"
"\" -> \"\"done in \"{0.007028, Null}\n"
"From remote kernel:"
"\" -> \"\"done in \"{0.006695, Null}\n"
"From remote kernel:"
"\"#Symmetry Relations:  \"0\n"
"From remote kernel:"
"\" -> \"\"done in \"{0.007138, Null}\n"
"From remote kernel:"
"\" -> \"\"done in \"{0.007022, Null}\n"
"From remote kernel:"
"\" -> \"\"done in \"{0.008243, Null}\n"
"From remote kernel:"
"\" -> \"\"done in \"{0.007079, Null}\n"
"From remote kernel:"
"\" -> \"\"done in \"{0.006928, Null}\n"
"From remote kernel:"
"\"SR\"\" #\"17\" of \"27\n"
"From remote kernel:"
"\"SR\"\" #\"19\" of \"27\n"
"From remote kernel:"
"\"SR\"\" #\"21\" of \"27\n"
"From remote kernel:"
"\"SR\"\" #\"23\" of \"27\n"
"From remote kernel:"
"\"SR\"\" #\"24\" of \"27\n"
"From remote kernel:"
"\"SR\"\" #\"25\" of \"27\n"
"From remote kernel:"
"\"sectors involved: \"{{1, 1, 0, 0, 0}}\n"
"From remote kernel:"
"\"sectors involved: \"{{1, 0, 0, 1, 0}}\n"
"From remote kernel:"
"\"sectors involved: \"{{0, 1, 1, 0, 0}}\n"
"From remote kernel:"
"\"SR\"\" #\"27\" of \"27\n"
"From remote kernel:"
"\"sectors involved: \"{{0, 1, 0, 0, 1}}\n"
"From remote kernel:"
"\"sectors involved: \"{{0, 0, 1, 1, 0}}\n"
"From remote kernel:"
"\"sectors involved: \"{{0, 0, 1, 0, 1}}\n"
"From remote kernel:"
"\"SR\"\" #\"26\" of \"27\n"
"From remote kernel:"
"\"sectors involved: \"{{1, 0, 0, 0, 0}}\n"
"From remote kernel:"
"\"sectors involved: \"{{0, 0, 0, 1, 1}}\n"
"From remote kernel:"
"\"#Symmetry Relations:  \"6\n"
"From remote kernel:"
"\"#Symmetry Relations:  \"6\n"
"From remote kernel:"
"\"#Symmetry Relations:  \"6\n"
"From remote kernel:"
"\"#Symmetry Relations:  \"12\n"
"From remote kernel:"
"\"#Symmetry Relations:  \"6\n"
"From remote kernel:"
"\"#Symmetry Relations:  \"6\n"
"From remote kernel:"
"\"#Symmetry Relations:  \"6\n"
"From remote kernel:"
"\"#Symmetry Relations:  \"6\n"
"From remote kernel:"
"\" -> \"\"done in \"{0.036237, Null}\n"
"From remote kernel:"
"\" -> \"\"done in \"{0.037216, Null}\n"
"From remote kernel:"
"\" -> \"\"done in \"{0.040847, Null}\n"
"From remote kernel:"
"\" -> \"\"done in \"{0.037613, Null}\n"
"From remote kernel:"
"\" -> \"\"done in \"{0.036181, Null}\n"
"From remote kernel:"
"\" -> \"\"done in \"{0.042356, Null}\n"
"From remote kernel:"
"\" -> \"\"done in \"{0.03664, Null}\n"
"From remote kernel:"
"\" -> \"\"done in \"{0.035194, Null}\n"
"From remote kernel:"
"\"SR\"\" #\"18\" of \"27\n"
"From remote kernel:"
"\"SR\"\" #\"20\" of \"27\n"
"From remote kernel:"
"\"SR\"\" #\"22\" of \"27\n"
"From remote kernel:"
"\"sectors involved: \"{{1, 0, 1, 0, 0}}\n"
"From remote kernel:"
"\"sectors involved: \"{{1, 0, 0, 0, 1}}\n"
"From remote kernel:"
"\"sectors involved: \"{{0, 1, 0, 1, 0}}\n"
"From remote kernel:"
"\"#Symmetry Relations:  \"6\n"
"From remote kernel:"
"\"#Symmetry Relations:  \"6\n"
"From remote kernel:"
"\"#Symmetry Relations:  \"6\n"
"From remote kernel:"
"\" -> \"\"done in \"{0.020537, Null}\n"
"From remote kernel:"
"\" -> \"\"done in \"{0.019363, Null}\n"
"From remote kernel:"
"\" -> \"\"done in \"{0.018379, Null}\n"
"====================="
"Id type -> ""Map"" # chunks -> "4
"====================="
"From remote kernel:"
"\"Map\"\" #\"1\" of \"4\n"
"From remote kernel:"
"\"Map\"\" #\"2\" of \"4\n"
"From remote kernel:"
"\"Map\"\" #\"3\" of \"4\n"
"From remote kernel:"
"\"Map\"\" #\"4\" of \"4\n"
"From remote kernel:"
"\"sectors involved: \"{{0, 1, 0, 0, 0}}\n"
"From remote kernel:"
"\"sectors involved: \"{{0, 0, 1, 0, 0}}\n"
"From remote kernel:"
"\"sectors involved: \"{{0, 0, 0, 1, 0}}\n"
"From remote kernel:"
"\"sectors involved: \"{{0, 0, 0, 0, 1}}\n"
"From remote kernel:"
"\"#Symmetry Relations:  \"90\n"
"From remote kernel:"
"\"#Symmetry Relations:  \"90\n"
"From remote kernel:"
"\"#Symmetry Relations:  \"90\n"
"From remote kernel:"
"\"#Symmetry Relations:  \"90\n"
"From remote kernel:"
"\" -> \"\"done in \"{0.10245, Null}\n"
"From remote kernel:"
"\" -> \"\"done in \"{0.111526, Null}\n"
"From remote kernel:"
"\" -> \"\"done in \"{0.111511, Null}\n"
"From remote kernel:"
"\" -> \"\"done in \"{0.101882, Null}\n"
"====================="
"Id type -> ""SubSym"" # chunks -> "22
"====================="
"From remote kernel:"
"\"SubSym\"\" #\"1\" of \"22\n"
"From remote kernel:"
"\"SubSym\"\" #\"3\" of \"22\n"
"From remote kernel:"
"\"SubSym\"\" #\"5\" of \"22\n"
"From remote kernel:"
"\"SubSym\"\" #\"7\" of \"22\n"
"From remote kernel:"
"\"SubSym\"\" #\"9\" of \"22\n"
"From remote kernel:"
"\"SubSym\"\" #\"11\" of \"22\n"
"From remote kernel:"
"\"SubSym\"\" #\"13\" of \"22\n"
"From remote kernel:"
"\"SubSym\"\" #\"14\" of \"22\n"
"From remote kernel:"
"\" -> \"\"done in \"{0.017043, Null}\n"
"From remote kernel:"
"\" -> \"\"done in \"{0.019002, Null}\n"
"From remote kernel:"
"\" -> \"\"done in \"{0.023598, Null}\n"
"From remote kernel:"
"\" -> \"\"done in \"{0.019119, Null}\n"
"From remote kernel:"
"\" -> \"\"done in \"{0.019326, Null}\n"
"From remote kernel:"
"\" -> \"\"done in \"{0.018927, Null}\n"
"From remote kernel:"
"\" -> \"\"done in \"{0.019181, Null}\n"
"From remote kernel:"
"\" -> \"\"done in \"{0.018625, Null}\n"
"From remote kernel:"
"\"SubSym\"\" #\"2\" of \"22\n"
"From remote kernel:"
"\"SubSym\"\" #\"4\" of \"22\n"
"From remote kernel:"
"\"SubSym\"\" #\"6\" of \"22\n"
"From remote kernel:"
"\"SubSym\"\" #\"8\" of \"22\n"
"From remote kernel:"
"\"SubSym\"\" #\"10\" of \"22\n"
"From remote kernel:"
"\"SubSym\"\" #\"12\" of \"22\n"
"From remote kernel:"
"\" -> \"\"done in \"{0.010817, Null}\n"
"From remote kernel:"
"\" -> \"\"done in \"{0.011095, Null}\n"
"From remote kernel:"
"\" -> \"\"done in \"{0.010174, Null}\n"
"From remote kernel:"
"\" -> \"\"done in \"{0.010876, Null}\n"
"From remote kernel:"
"\" -> \"\"done in \"{0.01091, Null}\n"
"From remote kernel:"
"\" -> \"\"done in \"{0.011718, Null}\n"
"From remote kernel:"
"\"SubSym\"\" #\"15\" of \"22\n"
"From remote kernel:"
"\"SubSym\"\" #\"16\" of \"22\n"
"From remote kernel:"
"\" -> \"\"done in \"{0.009013, Null}\n"
"From remote kernel:"
"\" -> \"\"done in \"{0.009202, Null}\n"
"From remote kernel:"
"\"SubSym\"\" #\"17\" of \"22\n"
"From remote kernel:"
"\"SubSym\"\" #\"18\" of \"22\n"
"From remote kernel:"
"\"SubSym\"\" #\"19\" of \"22\n"
"From remote kernel:"
"\"SubSym\"\" #\"20\" of \"22\n"
"From remote kernel:"
"\"SubSym\"\" #\"21\" of \"22\n"
"From remote kernel:"
"\"SubSym\"\" #\"22\" of \"22\n"
"From remote kernel:"
"\" -> \"\"done in \"{0.011485, Null}\n"
"From remote kernel:"
"\" -> \"\"done in \"{0.011278, Null}\n"
"From remote kernel:"
"\" -> \"\"done in \"{0.011436, Null}\n"
"From remote kernel:"
"\" -> \"\"done in \"{0.012159, Null}\n"
"From remote kernel:"
"\" -> \"\"done in \"{0.011348, Null}\n"
"From remote kernel:"
"\" -> \"\"done in \"{0.01079, Null}\n"
"Generating list of integrals ..."
" -> list of integrals generated"
"Exporting positions maps ..."
" -> positions maps exported"
"Serialize identities ..."
"From remote kernel:"
"\"File: \"\"ibps/ids_Penta1L5m_exints.mx\"\n"
"From remote kernel:"
"\"File: \"\"ibps/ids_Penta1L5m_IBP14.mx\"\n"
"From remote kernel:"
"\"File: \"\"ibps/ids_Penta1L5m_IBP19.mx\"\n"
"From remote kernel:"
"\"File: \"\"ibps/ids_Penta1L5m_IBP23.mx\"\n"
"From remote kernel:"
"\"File: \"\"ibps/ids_Penta1L5m_IBP2.mx\"\n"
"From remote kernel:"
"\"File: \"\"ibps/ids_Penta1L5m_IBP7.mx\"\n"
"From remote kernel:"
"\"File: \"\"ibps/ids_Penta1L5m_LI12.mx\"\n"
"From remote kernel:"
"\"File: \"\"ibps/ids_Penta1L5m_LI17.mx\"\n"
"From remote kernel:"
"\"File: \"\"ibps/ids_Penta1L5m_exints.mx\"\" done in \"{0.019474, Null}\n"
"From remote kernel:"
"\"File: \"\"ibps/ids_Penta1L5m_IBP10.mx\"\n"
"From remote kernel:"
"\"File: \"\"ibps/ids_Penta1L5m_IBP23.mx\"\" done in \"{0.128478, Null}\n"
"From remote kernel:"
"\"File: \"\"ibps/ids_Penta1L5m_IBP24.mx\"\n"
"From remote kernel:"
"\"File: \"\"ibps/ids_Penta1L5m_LI17.mx\"\" done in \"{0.183001, Null}\n"
"From remote kernel:"
"\"File: \"\"ibps/ids_Penta1L5m_IBP14.mx\"\" done in \"{0.196304, Null}\n"
"From remote kernel:"
"\"File: \"\"ibps/ids_Penta1L5m_IBP7.mx\"\" done in \"{0.198589, Null}\n"
"From remote kernel:"
"\"File: \"\"ibps/ids_Penta1L5m_LI18.mx\"\n"
"From remote kernel:"
"\"File: \"\"ibps/ids_Penta1L5m_IBP15.mx\"\n"
"From remote kernel:"
"\"File: \"\"ibps/ids_Penta1L5m_IBP2.mx\"\" done in \"{0.21178, Null}\n"
"From remote kernel:"
"\"File: \"\"ibps/ids_Penta1L5m_IBP8.mx\"\n"
"From remote kernel:"
"\"File: \"\"ibps/ids_Penta1L5m_IBP19.mx\"\" done in \"{0.219969, Null}\n"
"From remote kernel:"
"\"File: \"\"ibps/ids_Penta1L5m_IBP3.mx\"\n"
"From remote kernel:"
"\"File: \"\"ibps/ids_Penta1L5m_IBP1.mx\"\n"
"From remote kernel:"
"\"File: \"\"ibps/ids_Penta1L5m_IBP10.mx\"\" done in \"{0.22994, Null}\n"
"From remote kernel:"
"\"File: \"\"ibps/ids_Penta1L5m_IBP24.mx\"\" done in \"{0.123121, Null}\n"
"From remote kernel:"
"\"File: \"\"ibps/ids_Penta1L5m_IBP11.mx\"\n"
"From remote kernel:"
"\"File: \"\"ibps/ids_Penta1L5m_IBP25.mx\"\n"
"From remote kernel:"
"\"File: \"\"ibps/ids_Penta1L5m_LI12.mx\"\" done in \"{0.303352, Null}\n"
"From remote kernel:"
"\"File: \"\"ibps/ids_Penta1L5m_LI13.mx\"\n"
"From remote kernel:"
"\"File: \"\"ibps/ids_Penta1L5m_IBP1.mx\"\" done in \"{0.13419, Null}\n"
"From remote kernel:"
"\"File: \"\"ibps/ids_Penta1L5m_IBP20.mx\"\n"
"From remote kernel:"
"\"File: \"\"ibps/ids_Penta1L5m_IBP25.mx\"\" done in \"{0.124281, Null}\n"
"From remote kernel:"
"\"File: \"\"ibps/ids_Penta1L5m_LI18.mx\"\" done in \"{0.193298, Null}\n"
"From remote kernel:"
"\"File: \"\"ibps/ids_Penta1L5m_IBP15.mx\"\" done in \"{0.195356, Null}\n"
"From remote kernel:"
"\"File: \"\"ibps/ids_Penta1L5m_IBP26.mx\"\n"
"From remote kernel:"
"\"File: \"\"ibps/ids_Penta1L5m_IBP8.mx\"\" done in \"{0.194035, Null}\n"
"From remote kernel:"
"\"File: \"\"ibps/ids_Penta1L5m_LI19.mx\"\n"
"From remote kernel:"
"\"File: \"\"ibps/ids_Penta1L5m_IBP16.mx\"\n"
"From remote kernel:"
"\"File: \"\"ibps/ids_Penta1L5m_IBP9.mx\"\n"
"From remote kernel:"
"\"File: \"\"ibps/ids_Penta1L5m_IBP3.mx\"\" done in \"{0.220415, Null}\n"
"From remote kernel:"
"\"File: \"\"ibps/ids_Penta1L5m_IBP4.mx\"\n"
"From remote kernel:"
"\"File: \"\"ibps/ids_Penta1L5m_IBP11.mx\"\" done in \"{0.234275, Null}\n"
"From remote kernel:"
"\"File: \"\"ibps/ids_Penta1L5m_IBP20.mx\"\" done in \"{0.124018, Null}\n"
"From remote kernel:"
"\"File: \"\"ibps/ids_Penta1L5m_IBP12.mx\"\n"
"From remote kernel:"
"\"File: \"\"ibps/ids_Penta1L5m_IBP21.mx\"\n"
"From remote kernel:"
"\"File: \"\"ibps/ids_Penta1L5m_IBP26.mx\"\" done in \"{0.122221, Null}\n"
"From remote kernel:"
"\"File: \"\"ibps/ids_Penta1L5m_IBP27.mx\"\n"
"From remote kernel:"
"\"File: \"\"ibps/ids_Penta1L5m_IBP27.mx\"\" done in \"{0.066265, Null}\n"
"From remote kernel:"
"\"File: \"\"ibps/ids_Penta1L5m_LI19.mx\"\" done in \"{0.193268, Null}\n"
"From remote kernel:"
"\"File: \"\"ibps/ids_Penta1L5m_LI1.mx\"\n"
"From remote kernel:"
"\"File: \"\"ibps/ids_Penta1L5m_IBP16.mx\"\" done in \"{0.198186, Null}\n"
"From remote kernel:"
"\"File: \"\"ibps/ids_Penta1L5m_LI21.mx\"\n"
"From remote kernel:"
"\"File: \"\"ibps/ids_Penta1L5m_IBP9.mx\"\" done in \"{0.200276, Null}\n"
"From remote kernel:"
"\"File: \"\"ibps/ids_Penta1L5m_IBP17.mx\"\n"
"From remote kernel:"
"\"File: \"\"ibps/ids_Penta1L5m_IBP21.mx\"\" done in \"{0.129469, Null}\n"
"From remote kernel:"
"\"File: \"\"ibps/ids_Penta1L5m_LI10.mx\"\n"
"From remote kernel:"
"\"File: \"\"ibps/ids_Penta1L5m_IBP22.mx\"\n"
"From remote kernel:"
"\"File: \"\"ibps/ids_Penta1L5m_LI13.mx\"\" done in \"{0.309144, Null}\n"
"From remote kernel:"
"\"File: \"\"ibps/ids_Penta1L5m_LI14.mx\"\n"
"From remote kernel:"
"\"File: \"\"ibps/ids_Penta1L5m_IBP4.mx\"\" done in \"{0.230161, Null}\n"
"From remote kernel:"
"\"File: \"\"ibps/ids_Penta1L5m_IBP5.mx\"\n"
"From remote kernel:"
"\"File: \"\"ibps/ids_Penta1L5m_IBP12.mx\"\" done in \"{0.216015, Null}\n"
"From remote kernel:"
"\"File: \"\"ibps/ids_Penta1L5m_IBP13.mx\"\n"
"From remote kernel:"
"\"File: \"\"ibps/ids_Penta1L5m_IBP17.mx\"\" done in \"{0.135714, Null}\n"
"From remote kernel:"
"\"File: \"\"ibps/ids_Penta1L5m_IBP18.mx\"\n"
"From remote kernel:"
"\"File: \"\"ibps/ids_Penta1L5m_IBP22.mx\"\" done in \"{0.131728, Null}\n"
"From remote kernel:"
"\"File: \"\"ibps/ids_Penta1L5m_LI26.mx\"\n"
"From remote kernel:"
"\"File: \"\"ibps/ids_Penta1L5m_LI1.mx\"\" done in \"{0.22141, Null}\n"
"From remote kernel:"
"\"File: \"\"ibps/ids_Penta1L5m_LI20.mx\"\n"
"From remote kernel:"
"\"File: \"\"ibps/ids_Penta1L5m_LI21.mx\"\" done in \"{0.23982, Null}\n"
"From remote kernel:"
"\"File: \"\"ibps/ids_Penta1L5m_LI22.mx\"\n"
"From remote kernel:"
"\"File: \"\"ibps/ids_Penta1L5m_IBP18.mx\"\" done in \"{0.138388, Null}\n"
"From remote kernel:"
"\"File: \"\"ibps/ids_Penta1L5m_IBP5.mx\"\" done in \"{0.225545, Null}\n"
"From remote kernel:"
"\"File: \"\"ibps/ids_Penta1L5m_IBP6.mx\"\n"
"From remote kernel:"
"\"File: \"\"ibps/ids_Penta1L5m_IBP13.mx\"\" done in \"{0.19841, Null}\n"
"From remote kernel:"
"\"File: \"\"ibps/ids_Penta1L5m_LI5.mx\"\n"
"From remote kernel:"
"\"File: \"\"ibps/ids_Penta1L5m_LI10.mx\"\" done in \"{0.31419, Null}\n"
"From remote kernel:"
"\"File: \"\"ibps/ids_Penta1L5m_LI11.mx\"\n"
"From remote kernel:"
"\"File: \"\"ibps/ids_Penta1L5m_Map1.mx\"\n"
"From remote kernel:"
"\"File: \"\"ibps/ids_Penta1L5m_LI14.mx\"\" done in \"{0.326811, Null}\n"
"From remote kernel:"
"\"File: \"\"ibps/ids_Penta1L5m_Map1.mx\"\" done in \"{0.030434, Null}\n"
"From remote kernel:"
"\"File: \"\"ibps/ids_Penta1L5m_LI15.mx\"\n"
"From remote kernel:"
"\"File: \"\"ibps/ids_Penta1L5m_Map2.mx\"\n"
"From remote kernel:"
"\"File: \"\"ibps/ids_Penta1L5m_Map2.mx\"\" done in \"{0.029122, Null}\n"
"From remote kernel:"
"\"File: \"\"ibps/ids_Penta1L5m_LI20.mx\"\" done in \"{0.187362, Null}\n"
"From remote kernel:"
"\"File: \"\"ibps/ids_Penta1L5m_Map3.mx\"\n"
"From remote kernel:"
"\"File: \"\"ibps/ids_Penta1L5m_SR11.mx\"\n"
"From remote kernel:"
"\"File: \"\"ibps/ids_Penta1L5m_Map3.mx\"\" done in \"{0.029803, Null}\n"
"From remote kernel:"
"\"File: \"\"ibps/ids_Penta1L5m_LI26.mx\"\" done in \"{0.245531, Null}\n"
"From remote kernel:"
"\"File: \"\"ibps/ids_Penta1L5m_Map4.mx\"\n"
"From remote kernel:"
"\"File: \"\"ibps/ids_Penta1L5m_LI27.mx\"\n"
"From remote kernel:"
"\"File: \"\"ibps/ids_Penta1L5m_LI22.mx\"\" done in \"{0.198988, Null}\n"
"From remote kernel:"
"\"File: \"\"ibps/ids_Penta1L5m_SR11.mx\"\" done in \"{0.020647, Null}\n"
"From remote kernel:"
"\"File: \"\"ibps/ids_Penta1L5m_Map4.mx\"\" done in \"{0.02896, Null}\n"
"From remote kernel:"
"\"File: \"\"ibps/ids_Penta1L5m_LI23.mx\"\n"
"From remote kernel:"
"\"File: \"\"ibps/ids_Penta1L5m_SR12.mx\"\n"
"From remote kernel:"
"\"File: \"\"ibps/ids_Penta1L5m_SR10.mx\"\n"
"From remote kernel:"
"\"File: \"\"ibps/ids_Penta1L5m_SR12.mx\"\" done in \"{0.01389, Null}\n"
"From remote kernel:"
"\"File: \"\"ibps/ids_Penta1L5m_SR10.mx\"\" done in \"{0.012649, Null}\n"
"From remote kernel:"
"\"File: \"\"ibps/ids_Penta1L5m_SR13.mx\"\n"
"From remote kernel:"
"\"File: \"\"ibps/ids_Penta1L5m_LI27.mx\"\" done in \"{0.071581, Null}\n"
"From remote kernel:"
"\"File: \"\"ibps/ids_Penta1L5m_SR13.mx\"\" done in \"{0.013827, Null}\n"
"From remote kernel:"
"\"File: \"\"ibps/ids_Penta1L5m_SR16.mx\"\n"
"From remote kernel:"
"\"File: \"\"ibps/ids_Penta1L5m_LI2.mx\"\n"
"From remote kernel:"
"\"File: \"\"ibps/ids_Penta1L5m_SR14.mx\"\n"
"From remote kernel:"
"\"File: \"\"ibps/ids_Penta1L5m_SR14.mx\"\" done in \"{0.013696, Null}\n"
"From remote kernel:"
"\"File: \"\"ibps/ids_Penta1L5m_SR16.mx\"\" done in \"{0.017952, Null}\n"
"From remote kernel:"
"\"File: \"\"ibps/ids_Penta1L5m_SR15.mx\"\n"
"From remote kernel:"
"\"File: \"\"ibps/ids_Penta1L5m_SR17.mx\"\n"
"From remote kernel:"
"\"File: \"\"ibps/ids_Penta1L5m_SR15.mx\"\" done in \"{0.011688, Null}\n"
"From remote kernel:"
"\"File: \"\"ibps/ids_Penta1L5m_SR17.mx\"\" done in \"{0.017492, Null}\n"
"From remote kernel:"
"\"File: \"\"ibps/ids_Penta1L5m_IBP6.mx\"\" done in \"{0.230174, Null}\n"
"From remote kernel:"
"\"File: \"\"ibps/ids_Penta1L5m_SR18.mx\"\n"
"From remote kernel:"
"\"File: \"\"ibps/ids_Penta1L5m_SR1.mx\"\n"
"From remote kernel:"
"\"File: \"\"ibps/ids_Penta1L5m_SR18.mx\"\" done in \"{0.014224, Null}\n"
"From remote kernel:"
"\"File: \"\"ibps/ids_Penta1L5m_SR23.mx\"\n"
"From remote kernel:"
"\"File: \"\"ibps/ids_Penta1L5m_SR19.mx\"\n"
"From remote kernel:"
"\"File: \"\"ibps/ids_Penta1L5m_SR1.mx\"\" done in \"{0.014745, Null}\n"
"From remote kernel:"
"\"File: \"\"ibps/ids_Penta1L5m_SR19.mx\"\" done in \"{0.013213, Null}\n"
"From remote kernel:"
"\"File: \"\"ibps/ids_Penta1L5m_SR23.mx\"\" done in \"{0.015773, Null}\n"
"From remote kernel:"
"\"File: \"\"ibps/ids_Penta1L5m_SR20.mx\"\n"
"From remote kernel:"
"\"File: \"\"ibps/ids_Penta1L5m_SR24.mx\"\n"
"From remote kernel:"
"\"File: \"\"ibps/ids_Penta1L5m_SR20.mx\"\" done in \"{0.017939, Null}\n"
"From remote kernel:"
"\"File: \"\"ibps/ids_Penta1L5m_SR24.mx\"\" done in \"{0.013279, Null}\n"
"From remote kernel:"
"\"File: \"\"ibps/ids_Penta1L5m_SR21.mx\"\n"
"From remote kernel:"
"\"File: \"\"ibps/ids_Penta1L5m_SR27.mx\"\n"
"From remote kernel:"
"\"File: \"\"ibps/ids_Penta1L5m_SR25.mx\"\n"
"From remote kernel:"
"\"File: \"\"ibps/ids_Penta1L5m_SR21.mx\"\" done in \"{0.013718, Null}\n"
"From remote kernel:"
"\"File: \"\"ibps/ids_Penta1L5m_SR27.mx\"\" done in \"{0.017497, Null}\n"
"From remote kernel:"
"\"File: \"\"ibps/ids_Penta1L5m_SR25.mx\"\" done in \"{0.013725, Null}\n"
"From remote kernel:"
"\"File: \"\"ibps/ids_Penta1L5m_SR22.mx\"\n"
"From remote kernel:"
"\"File: \"\"ibps/ids_Penta1L5m_SR2.mx\"\n"
"From remote kernel:"
"\"File: \"\"ibps/ids_Penta1L5m_SR26.mx\"\n"
"From remote kernel:"
"\"File: \"\"ibps/ids_Penta1L5m_LI11.mx\"\" done in \"{0.295605, Null}\n"
"From remote kernel:"
"\"File: \"\"ibps/ids_Penta1L5m_SR22.mx\"\" done in \"{0.01375, Null}\n"
"From remote kernel:"
"\"File: \"\"ibps/ids_Penta1L5m_SR2.mx\"\" done in \"{0.012964, Null}\n"
"From remote kernel:"
"\"File: \"\"ibps/ids_Penta1L5m_SR26.mx\"\" done in \"{0.013708, Null}\n"
"From remote kernel:"
"\"File: \"\"ibps/ids_Penta1L5m_SR3.mx\"\n"
"From remote kernel:"
"\"File: \"\"ibps/ids_Penta1L5m_SR5.mx\"\n"
"From remote kernel:"
"\"File: \"\"ibps/ids_Penta1L5m_SR9.mx\"\n"
"From remote kernel:"
"\"File: \"\"ibps/ids_Penta1L5m_SR3.mx\"\" done in \"{0.011088, Null}\n"
"From remote kernel:"
"\"File: \"\"ibps/ids_Penta1L5m_LI23.mx\"\" done in \"{0.196133, Null}\n"
"From remote kernel:"
"\"File: \"\"ibps/ids_Penta1L5m_SubSym13.mx\"\n"
"From remote kernel:"
"\"File: \"\"ibps/ids_Penta1L5m_SR4.mx\"\n"
"From remote kernel:"
"\"File: \"\"ibps/ids_Penta1L5m_LI24.mx\"\n"
"From remote kernel:"
"\"File: \"\"ibps/ids_Penta1L5m_SubSym13.mx\"\" done in \"{0.012064, Null}\n"
"From remote kernel:"
"\"File: \"\"ibps/ids_Penta1L5m_SR9.mx\"\" done in \"{0.012059, Null}\n"
"From remote kernel:"
"\"File: \"\"ibps/ids_Penta1L5m_SR4.mx\"\" done in \"{0.010847, Null}\n"
"From remote kernel:"
"\"File: \"\"ibps/ids_Penta1L5m_SubSym14.mx\"\n"
"From remote kernel:"
"\"File: \"\"ibps/ids_Penta1L5m_SR5.mx\"\" done in \"{0.017514, Null}\n"
"From remote kernel:"
"\"File: \"\"ibps/ids_Penta1L5m_SubSym10.mx\"\n"
"From remote kernel:"
"\"File: \"\"ibps/ids_Penta1L5m_LI5.mx\"\" done in \"{0.365888, Null}\n"
"From remote kernel:"
"\"File: \"\"ibps/ids_Penta1L5m_SubSym14.mx\"\" done in \"{0.012328, Null}\n"
"From remote kernel:"
"\"File: \"\"ibps/ids_Penta1L5m_SR6.mx\"\n"
"From remote kernel:"
"\"File: \"\"ibps/ids_Penta1L5m_LI15.mx\"\" done in \"{0.320057, Null}\n"
"From remote kernel:"
"\"File: \"\"ibps/ids_Penta1L5m_SubSym10.mx\"\" done in \"{0.014023, Null}\n"
"From remote kernel:"
"\"File: \"\"ibps/ids_Penta1L5m_SubSym17.mx\"\n"
"From remote kernel:"
"\"File: \"\"ibps/ids_Penta1L5m_LI6.mx\"\n"
"From remote kernel:"
"\"File: \"\"ibps/ids_Penta1L5m_SubSym15.mx\"\n"
"From remote kernel:"
"\"File: \"\"ibps/ids_Penta1L5m_SR6.mx\"\" done in \"{0.01235, Null}\n"
"From remote kernel:"
"\"File: \"\"ibps/ids_Penta1L5m_LI16.mx\"\n"
"From remote kernel:"
"\"File: \"\"ibps/ids_Penta1L5m_SubSym11.mx\"\n"
"From remote kernel:"
"\"File: \"\"ibps/ids_Penta1L5m_SubSym15.mx\"\" done in \"{0.012411, Null}\n"
"From remote kernel:"
"\"File: \"\"ibps/ids_Penta1L5m_SR7.mx\"\n"
"From remote kernel:"
"\"File: \"\"ibps/ids_Penta1L5m_SubSym11.mx\"\" done in \"{0.012686, Null}\n"
"From remote kernel:"
"\"File: \"\"ibps/ids_Penta1L5m_SubSym17.mx\"\" done in \"{0.019721, Null}\n"
"From remote kernel:"
"\"File: \"\"ibps/ids_Penta1L5m_SubSym16.mx\"\n"
"From remote kernel:"
"\"File: \"\"ibps/ids_Penta1L5m_SR7.mx\"\" done in \"{0.012285, Null}\n"
"From remote kernel:"
"\"File: \"\"ibps/ids_Penta1L5m_SubSym12.mx\"\n"
"From remote kernel:"
"\"File: \"\"ibps/ids_Penta1L5m_SubSym18.mx\"\n"
"From remote kernel:"
"\"File: \"\"ibps/ids_Penta1L5m_SubSym16.mx\"\" done in \"{0.012846, Null}\n"
"From remote kernel:"
"\"File: \"\"ibps/ids_Penta1L5m_SR8.mx\"\n"
"From remote kernel:"
"\"File: \"\"ibps/ids_Penta1L5m_SubSym12.mx\"\" done in \"{0.01344, Null}\n"
"From remote kernel:"
"\"File: \"\"ibps/ids_Penta1L5m_SubSym18.mx\"\" done in \"{0.011406, Null}\n"
"From remote kernel:"
"\"File: \"\"ibps/ids_Penta1L5m_SR8.mx\"\" done in \"{0.013871, Null}\n"
"From remote kernel:"
"\"File: \"\"ibps/ids_Penta1L5m_SubSym19.mx\"\n"
"From remote kernel:"
"\"File: \"\"ibps/ids_Penta1L5m_SubSym20.mx\"\n"
"From remote kernel:"
"\"File: \"\"ibps/ids_Penta1L5m_SubSym3.mx\"\n"
"From remote kernel:"
"\"File: \"\"ibps/ids_Penta1L5m_SubSym19.mx\"\" done in \"{0.011008, Null}\n"
"From remote kernel:"
"\"File: \"\"ibps/ids_Penta1L5m_SubSym7.mx\"\n"
"From remote kernel:"
"\"File: \"\"ibps/ids_Penta1L5m_SubSym1.mx\"\n"
"From remote kernel:"
"\"File: \"\"ibps/ids_Penta1L5m_SubSym20.mx\"\" done in \"{0.011754, Null}\n"
"From remote kernel:"
"\"File: \"\"ibps/ids_Penta1L5m_SubSym7.mx\"\" done in \"{0.011634, Null}\n"
"From remote kernel:"
"\"File: \"\"ibps/ids_Penta1L5m_SubSym3.mx\"\" done in \"{0.011729, Null}\n"
"From remote kernel:"
"\"File: \"\"ibps/ids_Penta1L5m_SubSym1.mx\"\" done in \"{0.010469, Null}\n"
"From remote kernel:"
"\"File: \"\"ibps/ids_Penta1L5m_SubSym21.mx\"\n"
"From remote kernel:"
"\"File: \"\"ibps/ids_Penta1L5m_SubSym8.mx\"\n"
"From remote kernel:"
"\"File: \"\"ibps/ids_Penta1L5m_SubSym4.mx\"\n"
"From remote kernel:"
"\"File: \"\"ibps/ids_Penta1L5m_SubSym21.mx\"\" done in \"{0.012444, Null}\n"
"From remote kernel:"
"\"File: \"\"ibps/ids_Penta1L5m_SubSym8.mx\"\" done in \"{0.012038, Null}\n"
"From remote kernel:"
"\"File: \"\"ibps/ids_Penta1L5m_SubSym4.mx\"\" done in \"{0.01219, Null}\n"
"From remote kernel:"
"\"File: \"\"ibps/ids_Penta1L5m_SubSym22.mx\"\n"
"From remote kernel:"
"\"File: \"\"ibps/ids_Penta1L5m_SubSym9.mx\"\n"
"From remote kernel:"
"\"File: \"\"ibps/ids_Penta1L5m_SubSym5.mx\"\n"
"From remote kernel:"
"\"File: \"\"ibps/ids_Penta1L5m_SubSym22.mx\"\" done in \"{0.012383, Null}\n"
"From remote kernel:"
"\"File: \"\"ibps/ids_Penta1L5m_SubSym9.mx\"\" done in \"{0.01179, Null}\n"
"From remote kernel:"
"\"File: \"\"ibps/ids_Penta1L5m_SubSym5.mx\"\" done in \"{0.012052, Null}\n"
"From remote kernel:"
"\"File: \"\"ibps/ids_Penta1L5m_SubSym2.mx\"\n"
"From remote kernel:"
"\"File: \"\"ibps/ids_Penta1L5m_usints.mx\"\n"
"From remote kernel:"
"\"File: \"\"ibps/ids_Penta1L5m_SubSym6.mx\"\n"
"From remote kernel:"
"\"File: \"\"ibps/ids_Penta1L5m_LI2.mx\"\" done in \"{0.312887, Null}\n"
"From remote kernel:"
"\"File: \"\"ibps/ids_Penta1L5m_SubSym2.mx\"\" done in \"{0.012197, Null}\n"
"From remote kernel:"
"\"File: \"\"ibps/ids_Penta1L5m_usints.mx\"\" done in \"{0.013545, Null}\n"
"From remote kernel:"
"\"File: \"\"ibps/ids_Penta1L5m_SubSym6.mx\"\" done in \"{0.012219, Null}\n"
"From remote kernel:"
"\"File: \"\"ibps/ids_Penta1L5m_LI3.mx\"\n"
"From remote kernel:"
"\"File: \"\"ibps/ids_Penta1L5m_LI24.mx\"\" done in \"{0.191781, Null}\n"
"From remote kernel:"
"\"File: \"\"ibps/ids_Penta1L5m_LI25.mx\"\n"
"From remote kernel:"
"\"File: \"\"ibps/ids_Penta1L5m_LI16.mx\"\" done in \"{0.291153, Null}\n"
"From remote kernel:"
"\"File: \"\"ibps/ids_Penta1L5m_LI6.mx\"\" done in \"{0.311514, Null}\n"
"From remote kernel:"
"\"File: \"\"ibps/ids_Penta1L5m_LI7.mx\"\n"
"From remote kernel:"
"\"File: \"\"ibps/ids_Penta1L5m_LI25.mx\"\" done in \"{0.173183, Null}\n"
"From remote kernel:"
"\"File: \"\"ibps/ids_Penta1L5m_LI3.mx\"\" done in \"{0.26969, Null}\n"
"From remote kernel:"
"\"File: \"\"ibps/ids_Penta1L5m_LI4.mx\"\n"
"From remote kernel:"
"\"File: \"\"ibps/ids_Penta1L5m_LI7.mx\"\" done in \"{0.227519, Null}\n"
"From remote kernel:"
"\"File: \"\"ibps/ids_Penta1L5m_LI8.mx\"\n"
"From remote kernel:"
"\"File: \"\"ibps/ids_Penta1L5m_LI4.mx\"\" done in \"{0.264028, Null}\n"
"From remote kernel:"
"\"File: \"\"ibps/ids_Penta1L5m_LI8.mx\"\" done in \"{0.227348, Null}\n"
"From remote kernel:"
"\"File: \"\"ibps/ids_Penta1L5m_LI9.mx\"\n"
"From remote kernel:"
"\"File: \"\"ibps/ids_Penta1L5m_LI9.mx\"\" done in \"{0.228891, Null}\n"
"-> all in :"{2.329371, Null}
