
      +++  sector:  {0, 1, 1, 0, 0}  (1/1)  +++ 
                     SINGULAR                                 /  Development
 A Computer Algebra System for Polynomial Computations       /   version 4.3.2
                                                           0<
 by: W. Decker, G.-M. Greuel, G. Pfister, H. Schoenemann     \   Feb 2023
FB Mathematik der Universitaet, D-67653 Kaiserslautern        \  Debian 1:4.3.2-p10+ds-1.1build1
compute hilbert series with std in ring (ZZ/179424673),(x10,x9,x8,x7,x6,x5,x4,x3,x2,x1,@),(dp(11),C)
weights used for hilbert series: 1,1,1,1,1,1,1,1,1,1,1
[65535:3]s
product criterion:0 chain criterion:0
std with hilb in (ZZ/179424673),(x10,x9,x8,x7,x6,x5,x4,x3,x2,x1,@),(lp(10),dp(1),C)
[65535:3]s
product criterion:0 chain criterion:0
dehomogenization
simplification
imap to ring (ZZ/179424673),(x10,x9,x8,x7,x6,x5,x4,x3,x2,x1),(lp(10),C)
Auf Wiedersehen.
  >> 0 regions (all trivial): expReg=0.423s
  [sector total: 0.426s]
#Non-triv Sectors = 0

[SECTOR_RESULT] key=01100 tier=Quick state=trivial time=0.426008 regions=0
