
      +++  sector:  {1, 1, 0, 0, 1}  (1/1)  +++ 
                     SINGULAR                                 /  Development
 A Computer Algebra System for Polynomial Computations       /   version 4.3.2
                                                           0<
 by: W. Decker, G.-M. Greuel, G. Pfister, H. Schoenemann     \   Feb 2023
FB Mathematik der Universitaet, D-67653 Kaiserslautern        \  Debian 1:4.3.2-p10+ds-1.1build1
compute hilbert series with std in ring (ZZ/179424673),(x10,x9,x8,x7,x6,x5,x4,x3,x2,x1,@),(dp(11),C)
weights used for hilbert series: 1,1,1,1,1,1,1,1,1,1,1
[65535:3]2(10)s(9)s(8)s(7)s(6)s(5)s(6)s(8)s(7)s(9)s(11)s3(13)s(15)---s(16)s(20)-s(24)---s(25)s(30)4-------s(26)s(30)----------s(23)---------5--------------
product criterion:89 chain criterion:34
std with hilb in (ZZ/179424673),(x10,x9,x8,x7,x6,x5,x4,x3,x2,x1,@),(lp(10),dp(1),C)
[65535:3]2(19)s(18)s(17)s(16)s(15)s(14)sss(15)s(17)s(19)s3(22)s(25)-s(29)s(33)s(38)-s(42)-shhhhhhhhhhh4(35)-s(40)-s(45)-s(49)--s(52)-shhhhhhhhhhhhhhhhhhhhhhhhhhhhhhhhhhhhhhhhhhhhhhhhhhhhhhhhh
product criterion:102 chain criterion:50
hilbert series criterion:68
dehomogenization
simplification
imap to ring (ZZ/179424673),(x10,x9,x8,x7,x6,x5,x4,x3,x2,x1),(lp(10),C)
Auf Wiedersehen.
  >> 0 regions (all trivial): expReg=0.43s
  [sector total: 0.432s]
#Non-triv Sectors = 0

[SECTOR_RESULT] key=11001 tier=Quick state=trivial time=0.432822 regions=0
