
      +++  sector:  {0, 0, 1, 0, 1}  (1/1)  +++ 
                     SINGULAR                                 /  Development
 A Computer Algebra System for Polynomial Computations       /   version 4.3.2
                                                           0<
 by: W. Decker, G.-M. Greuel, G. Pfister, H. Schoenemann     \   Feb 2023
FB Mathematik der Universitaet, D-67653 Kaiserslautern        \  Debian 1:4.3.2-p10+ds-1.1build1
compute hilbert series with std in ring (ZZ/179424673),(x10,x9,x8,x7,x6,x5,x4,x3,x2,x1,@),(dp(11),C)
weights used for hilbert series: 1,1,1,1,1,1,1,1,1,1,1
[65535:3]2(10)s(9)s(8)s(7)s(6)s(5)s(6)s(5)s(7)-ss3(10)s(12)--s(13)s(17)---s-4------------s(7)---5----
product criterion:58 chain criterion:10
std with hilb in (ZZ/179424673),(x10,x9,x8,x7,x6,x5,x4,x3,x2,x1,@),(lp(10),dp(1),C)
[65535:3]2(14)s(13)s(12)s(11)sss(12)ssss3(15)s(18)s(22)s(26)--shhhhhhhhh4(19)----shhhhhhhhhhhhhhhhhhhhhh
product criterion:58 chain criterion:10
hilbert series criterion:31
dehomogenization
simplification
imap to ring (ZZ/179424673),(x10,x9,x8,x7,x6,x5,x4,x3,x2,x1),(lp(10),C)
Auf Wiedersehen.
  >> 0 regions (all trivial): expReg=0.44s
  [sector total: 0.442s]
#Non-triv Sectors = 0

[SECTOR_RESULT] key=00101 tier=Quick state=trivial time=0.442202 regions=0
