
      +++  sector:  {1, 1, 1, 1, 0}  (1/1)  +++ 
                     SINGULAR                                 /  Development
 A Computer Algebra System for Polynomial Computations       /   version 4.3.2
                                                           0<
 by: W. Decker, G.-M. Greuel, G. Pfister, H. Schoenemann     \   Feb 2023
FB Mathematik der Universitaet, D-67653 Kaiserslautern        \  Debian 1:4.3.2-p10+ds-1.1build1
compute hilbert series with std in ring (ZZ/179424673),(x10,x9,x8,x7,x6,x5,x4,x3,x2,x1,@),(dp(11),C)
weights used for hilbert series: 1,1,1,1,1,1,1,1,1,1,1
[65535:3]2(10)s(9)s(8)s(7)s(6)s(5)s(6)s(7)s(9)s(10)s(12)s3(15)s(17)s(20)s(21)s(24)s(29)s(32)s(36)s(41)s(48)s(56)s(62)-s(66)s(72)s(77)4-s(81)s(86)-s(90)----s(91)------------s(84)--------------------s(71)---------s(69)s(78)--------------5-------------------------------------------------------------6---
product criterion:232 chain criterion:132
std with hilb in (ZZ/179424673),(x10,x9,x8,x7,x6,x5,x4,x3,x2,x1,@),(lp(10),dp(1),C)
[65535:3]2(32)s(31)s(30)s(29)s(28)s(27)s(28)s(29)s(30)s(32)s(34)s3(37)s(39)s(41)s(45)s(47)s(54)s(61)s(64)s(67)s(74)-s(77)s(83)s(88)s(93)shhhhhhhhhhhhhhh4(84)s(89)s(96)-s(101)s(110)-----s(114)-s(120)-s(125)shhhhhhhhhhhhhhhhhhhhhhhhhhhhhhhhhhhhhhhhhhhhhhhhhhhhhhhhhhhhhhhhhhhhhhhhhhhhhhhhhhhhhhhhhhhhhhhhhhhhhhhhhhhhhhhhhhhhhhhhhhhhhhhhhhhhh
product criterion:228 chain criterion:140
hilbert series criterion:148
dehomogenization
simplification
imap to ring (ZZ/179424673),(x10,x9,x8,x7,x6,x5,x4,x3,x2,x1),(lp(10),C)
Auf Wiedersehen.
  >> 0 regions (all trivial): expReg=0.526s
  [sector total: 0.528s]
#Non-triv Sectors = 0

[SECTOR_RESULT] key=11110 tier=Quick state=trivial time=0.528776 regions=0
