=== FamilyGenerate ===
Family: SR212-5m (L=2 E=1 N=5)
Modulus: 179424673

[Step 1] Generating IBP equations...
[IBPEqGenerator] Family SR212-5m: ne=5 nl=2 nE=1 nIBP=6 subsectors=26
[IBPEqGenerator] Step 1: Running SP2PD...
[IBPEqGenerator] SP2PD OK: 5 scalar products → z-basis
[IBPEqGenerator] Step 2: Computing derivatives...
[IBPEqGenerator] Derivatives OK: 30 polynomials computed
[IBPEqGenerator] Step 3: Assembling IBP equations (mon2F)...
[IBPEqGenerator] Generated 6 IBP equations with 60 total g-operator terms.
  ne=5 nibp=6 subsectors=26
  [TIMING] Step 1: 0.03 s

[Step 2] Extracting FTable...
  nibp=6 ne=5
  [TIMING] Step 2: 0 s

[Step 3] Solving sectors...
  Filtering: sector = 10011
  Solving sector [10011]
  [2026-05-13 19:35:32] Singular minAssGTZ starting...
  [Singular minAssGTZ] 0.0139821 s, kept=0
  [2026-05-13 19:35:32] Singular minAssGTZ done
  -> 0 region(s) in 0.014 s
  Found 0 region(s) total
  [TIMING] Step 3: 0.014 s
  No regions found. Writing empty output.

[Step 5] Writing .bin files...
Written 0 regime(s) to /home/ykm/Large-Index-Expansion-CPP/cache/SR212-5m_scheduled/SectorCache/IBPMat_SR212-5m_sector_10011.bin
Written 0 ring cell(s) to /home/ykm/Large-Index-Expansion-CPP/cache/SR212-5m_scheduled/SectorCache/RingData_SR212-5m_sector_10011.bin
  [TIMING] Step 5: 0 s

[TIMING] Total wall-clock: 0.047 s

Done. Output:
  /home/ykm/Large-Index-Expansion-CPP/cache/SR212-5m_scheduled/SectorCache/IBPMat_SR212-5m_sector_10011.bin
  /home/ykm/Large-Index-Expansion-CPP/cache/SR212-5m_scheduled/SectorCache/RingData_SR212-5m_sector_10011.bin
