=== FamilyGenerate ===
Family: SR212-5m (L=2 E=1 N=5)
Modulus: 179424673

[Step 1] Generating IBP equations...
[IBPEqGenerator] Family SR212-5m: ne=5 nl=2 nE=1 nIBP=6 subsectors=26
[IBPEqGenerator] Step 1: Running SP2PD...
[IBPEqGenerator] SP2PD OK: 5 scalar products → z-basis
[IBPEqGenerator] Step 2: Computing derivatives...
[IBPEqGenerator] Derivatives OK: 30 polynomials computed
[IBPEqGenerator] Step 3: Assembling IBP equations (mon2F)...
[IBPEqGenerator] Generated 6 IBP equations with 60 total g-operator terms.
  ne=5 nibp=6 subsectors=26
  [TIMING] Step 1: 0.035 s

[Step 2] Extracting FTable...
  nibp=6 ne=5
  [TIMING] Step 2: 0 s

[Step 3] Solving sectors...
  Filtering: sector = 11111
  Solving sector [11111]
  [2026-05-13 19:35:47] Singular minAssGTZ starting...
  [Singular minAssGTZ] 0.139498 s, kept=4
  [2026-05-13 19:35:47] Singular minAssGTZ done
  [2026-05-13 19:35:47] Component 0/4 (10 polys)
  [2026-05-13 19:35:47] Component 1/4 (10 polys)
  [2026-05-13 19:35:47] Component 2/4 (10 polys)
  [2026-05-13 19:35:47] Component 3/4 (10 polys)
  -> 4 region(s) in 0.162 s
  Found 4 region(s) total
  [TIMING] Step 3: 0.162 s

[Step 4] Building recursion + ring matrices...
  Region 0: nb=1
  Region 1: nb=1
  Region 2: nb=1
  Region 3: nb=1
  [TIMING] Step 4: 0.003 s

[Step 5] Writing .bin files...
Written 4 regime(s) to /home/ykm/Large-Index-Expansion-CPP/cache/SR212-5m_scheduled/SectorCache/IBPMat_SR212-5m_sector_11111.bin
Written 4 ring cell(s) to /home/ykm/Large-Index-Expansion-CPP/cache/SR212-5m_scheduled/SectorCache/RingData_SR212-5m_sector_11111.bin
  [TIMING] Step 5: 0 s

[TIMING] Total wall-clock: 0.203 s

Done. Output:
  /home/ykm/Large-Index-Expansion-CPP/cache/SR212-5m_scheduled/SectorCache/IBPMat_SR212-5m_sector_11111.bin
  /home/ykm/Large-Index-Expansion-CPP/cache/SR212-5m_scheduled/SectorCache/RingData_SR212-5m_sector_11111.bin
