=== FamilyGenerate ===
Family: DB313 (L=2 E=3 N=9)
Modulus: 179424673

[Step 1] Generating IBP equations...
[IBPEqGenerator] Family DB313: ne=9 nl=2 nE=3 nIBP=10 subsectors=120
[IBPEqGenerator] Step 1: Running SP2PD...
[IBPEqGenerator] SP2PD OK: 9 scalar products → z-basis
[IBPEqGenerator] Step 2: Computing derivatives...
[IBPEqGenerator] Derivatives OK: 90 polynomials computed
[IBPEqGenerator] Step 3: Assembling IBP equations (mon2F)...
[IBPEqGenerator] Generated 10 IBP equations with 159 total g-operator terms.
  ne=9 nibp=10 subsectors=120
  [TIMING] Step 1: 0.193 s

[Step 2] Extracting FTable...
  nibp=10 ne=9
  [TIMING] Step 2: 0 s

[Step 3] Solving sectors...
  Filtering: sector = 010111100
  Solving sector [010111100]
  [2026-05-13 20:29:24] Singular minAssGTZ starting...
  [Singular minAssGTZ] 0.244966 s, kept=2
  [2026-05-13 20:29:24] Singular minAssGTZ done
  [2026-05-13 20:29:24] Component 0/2 (18 polys)
  [2026-05-13 20:29:24] Component 1/2 (18 polys)

[DEBUG solveVarRule] sector=[0,1,0,1,1,1,1,0,0] nb=2 VarIndep=[A9] VarDep=[A1,A2,A3,A4,A5,A6,A7,A8]
  compGb:
    [0] A9^2+83514919*A9-41084458
    [1] A8+40604500*A9+30640400
    [2] A7+60274898*A9-50966247
    [3] A6-33150922*A9+80130455
    [4] A5-61081624*A9-43015626
    [5] A4-33150922*A9+80130455
    [6] A3-24110503*A9+35804905
    [7] A2+60274898*A9-50966247
    [8] A1-24110503*A9+35804905
    [9] B9+16327520*A9+59830153
    [10] B8-21084865*A9+76671615
    [11] B7+39584952*A9-25688264
    [12] B6-44342297*A9+54535229
    [13] B5-21084865*A9+40786683
    [14] B4-44342297*A9+54535229
    [15] B3+27956236*A9-36756458
    [16] B2+39584952*A9-25688264
    [17] B1+27956236*A9-36756458
  VarRule result:
    A1 -> 143619768+24110503*A9
    A2 -> 50966247+119149775*A9
    A3 -> 143619768+24110503*A9
    A4 -> 99294218+33150922*A9
    A5 -> 43015626+61081624*A9
    A6 -> 99294218+33150922*A9
    A7 -> 50966247+119149775*A9
    A8 -> 148784273+138820173*A9
    [2026-05-13 20:29:24] MBM reduction k=0/2 (2 products)...
    [2026-05-13 20:29:24] MBM reduction k=1/2 (2 products)...
  -> 2 region(s) in 0.323 s
  Found 2 region(s) total
  [TIMING] Step 3: 0.323 s

[Step 4] Building recursion + ring matrices...
  Region 0: nb=1
  Region 1: nb=2
  [TIMING] Step 4: 0.019 s

[Step 5] Writing .bin files...
Written 2 regime(s) to workspace/C017-DB313-region-solve-cpp/SectorCache/IBPMat_DB313_sector_010111100.bin
Written 2 ring cell(s) to workspace/C017-DB313-region-solve-cpp/SectorCache/RingData_DB313_sector_010111100.bin
  [TIMING] Step 5: 0 s

[TIMING] Total wall-clock: 0.545 s

Done. Output:
  workspace/C017-DB313-region-solve-cpp/SectorCache/IBPMat_DB313_sector_010111100.bin
  workspace/C017-DB313-region-solve-cpp/SectorCache/RingData_DB313_sector_010111100.bin
