=== FamilyGenerate ===
Family: DB313 (L=2 E=3 N=9)
Modulus: 179424673

[Step 1] Generating IBP equations...
[IBPEqGenerator] Family DB313: ne=9 nl=2 nE=3 nIBP=10 subsectors=120
[IBPEqGenerator] Step 1: Running SP2PD...
[IBPEqGenerator] SP2PD OK: 9 scalar products → z-basis
[IBPEqGenerator] Step 2: Computing derivatives...
[IBPEqGenerator] Derivatives OK: 90 polynomials computed
[IBPEqGenerator] Step 3: Assembling IBP equations (mon2F)...
[IBPEqGenerator] Generated 10 IBP equations with 159 total g-operator terms.
  ne=9 nibp=10 subsectors=120
  [TIMING] Step 1: 0.048 s

[Step 2] Extracting FTable...
  nibp=10 ne=9
  [TIMING] Step 2: 0 s

[Step 3] Solving sectors...
  Filtering: sector = 011101100
  Solving sector [011101100]
  [2026-05-14 07:14:22] Singular minAssGTZ starting...
  [Singular EXIT=35072] 3914.11 s
  [2026-05-14 08:19:36] Singular minAssGTZ done
  -> 0 region(s) in 3914.11 s
  Found 0 region(s) total
  [TIMING] Step 3: 3914.11 s
  No regions found. Writing empty output.

[Step 5] Writing .bin files...
Written 0 regime(s) to workspace/C017-DB313-region-solve-cpp/SectorCache/IBPMat_DB313_sector_011101100.bin
Written 0 ring cell(s) to workspace/C017-DB313-region-solve-cpp/SectorCache/RingData_DB313_sector_011101100.bin
  [TIMING] Step 5: 0 s

[TIMING] Total wall-clock: 3914.17 s

Done. Output:
  workspace/C017-DB313-region-solve-cpp/SectorCache/IBPMat_DB313_sector_011101100.bin
  workspace/C017-DB313-region-solve-cpp/SectorCache/RingData_DB313_sector_011101100.bin
