CalcLoop: a tool for automated multiloop calculation in quantum field theory.
Version 2022/07/10.
Number of defined symbols=45. Please see ?CalcLoop`* for help.
"BladeIBP: a package for generating IBP, LI and Symmetry relations."

FrontEndObject::notavail: A front end is not available; certain operations require a front end.
Number of Families = 1. Number of Sectors = 1.
"3 zero sectors found, 1 nonzero sectors found."
"1 unique sectors found, 0 mapped sectors found, 0 extmapped sectors found."
"0 subgraph-unique sectors found, 0 subgraph-mapped sectors found"
"Seeding Id type ->""IBP"
"Seeding Id type ->""LI"
"Seeding Id type ->""SR"
"Seeding Id type ->""SubSym"
"====================="
"Id type -> ""IBP"" # chunks -> "1
"====================="
"From remote kernel:"
"\"IBP\"\" #\"1\" of \"1\n"
"From remote kernel:"
"\" -> \"\"done in \"{0.049824, Null}\n"
"====================="
"Id type -> ""SR"" # chunks -> "1
"====================="
"From remote kernel:"
"\"SR\"\" #\"1\" of \"1\n"
"From remote kernel:"
"\"sectors involved: \"{{1, 1}}\n"
"From remote kernel:"
"\"#Symmetry Relations:  \"0\n"
"From remote kernel:"
"\" -> \"\"done in \"{0.007619, Null}\n"
"====================="
"Id type -> ""SubSym"" # chunks -> "1
"====================="
"From remote kernel:"
"\"SubSym\"\" #\"1\" of \"1\n"
"From remote kernel:"
"\" -> \"\"done in \"{0.012492, Null}\n"
"Generating list of integrals ..."
" -> list of integrals generated"
"Exporting positions maps ..."
" -> positions maps exported"
"Serialize identities ..."
"From remote kernel:"
"\"File: \"\"ibps/ids_bub00_exints.mx\"\n"
"From remote kernel:"
"\"File: \"\"ibps/ids_bub00_exints.mx\"\" done in \"{0.016446, Null}\n"
"From remote kernel:"
"\"File: \"\"ibps/ids_bub00_IBP1.mx\"\n"
"From remote kernel:"
"\"File: \"\"ibps/ids_bub00_SR1.mx\"\n"
"From remote kernel:"
"\"File: \"\"ibps/ids_bub00_SubSym1.mx\"\n"
"From remote kernel:"
"\"File: \"\"ibps/ids_bub00_usints.mx\"\n"
"From remote kernel:"
"\"File: \"\"ibps/ids_bub00_SubSym1.mx\"\" done in \"{0.083473, Null}\n"
"From remote kernel:"
"\"File: \"\"ibps/ids_bub00_usints.mx\"\" done in \"{0.082847, Null}\n"
"From remote kernel:"
"\"File: \"\"ibps/ids_bub00_IBP1.mx\"\" done in \"{0.086905, Null}\n"
"From remote kernel:"
"\"File: \"\"ibps/ids_bub00_SR1.mx\"\" done in \"{0.083376, Null}\n"
"-> all in :"{0.196008, Null}
