=== FamilyGenerate ===
Family: SR (L=2 E=1 N=5)
Modulus: 179424673

[Step 1] Generating IBP equations...
[IBPEqGenerator] Family SR: ne=5 nl=2 nE=1 nIBP=6 subsectors=26
[IBPEqGenerator] Step 1: Running SP2PD...
[IBPEqGenerator] SP2PD OK: 5 scalar products → z-basis
[IBPEqGenerator] Step 2: Computing derivatives...
[IBPEqGenerator] Derivatives OK: 30 polynomials computed
[IBPEqGenerator] Step 3: Assembling IBP equations (mon2F)...
[IBPEqGenerator] Generated 6 IBP equations with 56 total g-operator terms.
  ne=5 nibp=6 subsectors=26
  [TIMING] Step 1: 0.038 s

[Step 2] Extracting FTable...
  nibp=6 ne=5
  [TIMING] Step 2: 0 s

[Step 3] Solving sectors...
  Filtering: sector = 11111
  Solving sector [11111]
  [2026-05-13 07:31:43] Singular minAssGTZ starting...
  [Singular minAssGTZ] 0.0520775 s, kept=2
  [2026-05-13 07:31:43] Singular minAssGTZ done
  [2026-05-13 07:31:43] Component 0/2 (10 polys)

[DEBUG solveVarRule] sector=[1,1,1,1,1] nb=2 VarIndep=[A4] VarDep=[A1,A2,A3,A5]
  compGb:
    [0] A5-5
    [1] A4+5
    [2] A3+5
    [3] A2+5
    [4] A1+5
    [5] B5+71769869
    [6] B4-71769869
    [7] B3-71769869
    [8] B2-71769869
    [9] B1-71769869
  VarRule result:
    A1 -> 179424668
    A2 -> 179424668
    A3 -> 179424668
    A5 -> 5
    [2026-05-13 07:31:43] MBM reduction k=0/2 (2 products)...
    [2026-05-13 07:31:43] MBM reduction k=1/2 (2 products)...
  [2026-05-13 07:31:43] Component 1/2 (10 polys)

[DEBUG solveVarRule] sector=[1,1,1,1,1] nb=2 VarIndep=[A4] VarDep=[A1,A2,A3,A5]
  compGb:
    [0] A5+5
    [1] A4^2+15*A4+25
    [2] A3+A4+15
    [3] A2-A4
    [4] A1+A4+15
    [5] B5-71769869
    [6] B4-86123843*A4-35884934
    [7] B3+86123843*A4
    [8] B2-86123843*A4-35884934
    [9] B1+86123843*A4
  VarRule result:
    A1 -> 179424658+179424672*A4
    A2 -> A4
    A3 -> 179424658+179424672*A4
    A5 -> 179424668
    [2026-05-13 07:31:43] MBM reduction k=0/2 (2 products)...
    [2026-05-13 07:31:43] MBM reduction k=1/2 (2 products)...
  -> 2 region(s) in 0.092 s
  Found 2 region(s) total
  [TIMING] Step 3: 0.092 s

[Step 4] Building recursion + ring matrices...
  Region 0: nb=2
  Region 1: nb=2
  [TIMING] Step 4: 0.002 s

[Step 5] Writing .bin files...
Written 2 regime(s) to /home/ykm/Large-Index-Expansion-CPP/cache/SR212_scheduled/SectorCache/IBPMat_SR_sector_11111.bin
Written 2 ring cell(s) to /home/ykm/Large-Index-Expansion-CPP/cache/SR212_scheduled/SectorCache/RingData_SR_sector_11111.bin
  [TIMING] Step 5: 0 s

[TIMING] Total wall-clock: 0.135 s

Done. Output:
  /home/ykm/Large-Index-Expansion-CPP/cache/SR212_scheduled/SectorCache/IBPMat_SR_sector_11111.bin
  /home/ykm/Large-Index-Expansion-CPP/cache/SR212_scheduled/SectorCache/RingData_SR_sector_11111.bin
