=== FamilyGenerate ===
Family: DB313 (L=2 E=3 N=9)
Modulus: 179424673

[Step 1] Generating IBP equations...
[IBPEqGenerator] Family DB313: ne=9 nl=2 nE=3 nIBP=10 subsectors=120
[IBPEqGenerator] Step 1: Running SP2PD...
[IBPEqGenerator] SP2PD OK: 9 scalar products → z-basis
[IBPEqGenerator] Step 2: Computing derivatives...
[IBPEqGenerator] Derivatives OK: 90 polynomials computed
[IBPEqGenerator] Step 3: Assembling IBP equations (mon2F)...
[IBPEqGenerator] Generated 10 IBP equations with 159 total g-operator terms.
  ne=9 nibp=10 subsectors=120
  [TIMING] Step 1: 0.051 s

[Step 2] Extracting FTable...
  nibp=10 ne=9
  [TIMING] Step 2: 0 s

[Step 3] Solving sectors...
  Filtering: sector = 010110100
  Solving sector [010110100]
  [2026-05-13 19:35:08] Singular minAssGTZ starting...
  [Singular minAssGTZ] 0.0363445 s, kept=1
  [2026-05-13 19:35:08] Singular minAssGTZ done
  [2026-05-13 19:35:08] Component 0/1 (18 polys)
  -> 1 region(s) in 0.043 s
  Found 1 region(s) total
  [TIMING] Step 3: 0.044 s

[Step 4] Building recursion + ring matrices...
  Region 0: nb=1
  [TIMING] Step 4: 0.002 s

[Step 5] Writing .bin files...
Written 1 regime(s) to /home/ykm/Large-Index-Expansion-CPP/cache/DB313_scheduled/SectorCache/IBPMat_DB313_sector_010110100.bin
Written 1 ring cell(s) to /home/ykm/Large-Index-Expansion-CPP/cache/DB313_scheduled/SectorCache/RingData_DB313_sector_010110100.bin
  [TIMING] Step 5: 0 s

[TIMING] Total wall-clock: 0.103 s

Done. Output:
  /home/ykm/Large-Index-Expansion-CPP/cache/DB313_scheduled/SectorCache/IBPMat_DB313_sector_010110100.bin
  /home/ykm/Large-Index-Expansion-CPP/cache/DB313_scheduled/SectorCache/RingData_DB313_sector_010110100.bin
