=== FamilyGenerate ===
Family: DB313 (L=2 E=3 N=9)
Modulus: 179424673

[Step 1] Generating IBP equations...
[IBPEqGenerator] Family DB313: ne=9 nl=2 nE=3 nIBP=10 subsectors=120
[IBPEqGenerator] Step 1: Running SP2PD...
[IBPEqGenerator] SP2PD OK: 9 scalar products → z-basis
[IBPEqGenerator] Step 2: Computing derivatives...
[IBPEqGenerator] Derivatives OK: 90 polynomials computed
[IBPEqGenerator] Step 3: Assembling IBP equations (mon2F)...
[IBPEqGenerator] Generated 10 IBP equations with 159 total g-operator terms.
  ne=9 nibp=10 subsectors=120
  [TIMING] Step 1: 0.079 s

[Step 2] Extracting FTable...
  nibp=10 ne=9
  [TIMING] Step 2: 0 s

[Step 3] Solving sectors...
  Filtering: sector = 111010100
  Solving sector [111010100]
  [2026-05-13 19:35:26] Singular minAssGTZ starting...
  [Singular minAssGTZ] 1.08736 s, kept=2
  [2026-05-13 19:35:28] Singular minAssGTZ done
  [2026-05-13 19:35:28] Component 0/2 (18 polys)
  [2026-05-13 19:35:28] Component 1/2 (18 polys)

[DEBUG solveVarRule] sector=[1,1,1,0,1,0,1,0,0] nb=2 VarIndep=[A9] VarDep=[A1,A2,A3,A4,A5,A6,A7,A8]
  compGb:
    [0] A9^2+5668617*A9-23271076
    [1] A8+89466708*A9-30946755
    [2] A7-55181243*A9-89547887
    [3] A6-4*A9
    [4] A5-55181243*A9-89547887
    [5] A4-4*A9
    [6] A3-3470234*A9+37256801
    [7] A2+1735119*A9+86035990
    [8] A1-3470234*A9+37256801
    [9] B9-86814789*A9-75535968
    [10] B8-82836620*A9+45768089
    [11] B7-82836620*A9-26001777
    [12] B6+23152471*A9-18883992
    [13] B5-82836620*A9-26001777
    [14] B4+23152471*A9-18883992
    [15] B3+60056375*A9+89653135
    [16] B2+27502866*A9+39532631
    [17] B1+60056375*A9+89653135
  VarRule result:
    A1 -> 142167872+3470234*A9
    A2 -> 93388683+177689554*A9
    A3 -> 142167872+3470234*A9
    A4 -> 4*A9
    A5 -> 89547887+55181243*A9
    A6 -> 4*A9
    A7 -> 89547887+55181243*A9
    A8 -> 30946755+89957965*A9
    [2026-05-13 19:35:28] MBM reduction k=0/2 (2 products)...
    [2026-05-13 19:35:28] MBM reduction k=1/2 (2 products)...
  -> 2 region(s) in 1.11 s
  Found 2 region(s) total
  [TIMING] Step 3: 1.11 s

[Step 4] Building recursion + ring matrices...
  Region 0: nb=1
  Region 1: nb=2
  [TIMING] Step 4: 0.006 s

[Step 5] Writing .bin files...
Written 2 regime(s) to /home/ykm/Large-Index-Expansion-CPP/cache/DB313_scheduled/SectorCache/IBPMat_DB313_sector_111010100.bin
Written 2 ring cell(s) to /home/ykm/Large-Index-Expansion-CPP/cache/DB313_scheduled/SectorCache/RingData_DB313_sector_111010100.bin
  [TIMING] Step 5: 0 s

[TIMING] Total wall-clock: 1.203 s

Done. Output:
  /home/ykm/Large-Index-Expansion-CPP/cache/DB313_scheduled/SectorCache/IBPMat_DB313_sector_111010100.bin
  /home/ykm/Large-Index-Expansion-CPP/cache/DB313_scheduled/SectorCache/RingData_DB313_sector_111010100.bin
