=== FamilyGenerate ===
Family: SR212-3m (L=2 E=1 N=5)
Modulus: 179424673

[Step 1] Generating IBP equations...
[IBPEqGenerator] Family SR212-3m: ne=5 nl=2 nE=1 nIBP=6 subsectors=4
[IBPEqGenerator] Step 1: Running SP2PD...
[IBPEqGenerator] SP2PD OK: 5 scalar products → z-basis
[IBPEqGenerator] Step 2: Computing derivatives...
[IBPEqGenerator] Derivatives OK: 30 polynomials computed
[IBPEqGenerator] Step 3: Assembling IBP equations (mon2F)...
[IBPEqGenerator] Generated 6 IBP equations with 64 total g-operator terms.
  ne=5 nibp=6 subsectors=4
  [TIMING] Step 1: 0.044 s

[Step 2] Extracting FTable...
  nibp=6 ne=5
  [TIMING] Step 2: 0 s

[Step 3] Solving sectors...
  Filtering: sector = 10101
  Solving sector [10101]
  [2026-05-14 02:27:06] Singular minAssGTZ starting...
  [Singular minAssGTZ] 0.114293 s, kept=1
  [2026-05-14 02:27:07] Singular minAssGTZ done
  [2026-05-14 02:27:07] Component 0/1 (10 polys)
  -> 1 region(s) in 0.121 s
  Found 1 region(s) total
  [TIMING] Step 3: 0.121 s

[Step 4] Building recursion + ring matrices...
  Region 0: nb=1
  [TIMING] Step 4: 0 s

[Step 5] Writing .bin files...
Written 1 regime(s) to workspace/C021-SR212-3m-region-solve-cpp/SectorCache/IBPMat_SR212-3m_sector_10101.bin
Written 1 ring cell(s) to workspace/C021-SR212-3m-region-solve-cpp/SectorCache/RingData_SR212-3m_sector_10101.bin
  [TIMING] Step 5: 0 s

[TIMING] Total wall-clock: 0.176 s

Done. Output:
  workspace/C021-SR212-3m-region-solve-cpp/SectorCache/IBPMat_SR212-3m_sector_10101.bin
  workspace/C021-SR212-3m-region-solve-cpp/SectorCache/RingData_SR212-3m_sector_10101.bin
