
Get::noopen: Cannot open LIE`.

Needs::nocont: Context LIE` was not created when Needs was evaluated.
========================================
NP322 sector 111110100 - Long tier run
Timeout: 96400s (26.8h), single thread
========================================
=== Registered IBP Families (19) ===
  bub00 — 1-loop bubble, msq=0
  bub10 — 1-loop bubble, msq=1
  bub11 — 1-loop bubble, msq=1
  Tri — 1-loop triangle, 3 props, s1=3,s2=8,s3=0
  Box — 1-loop box, 4 props, s=3,t=2,u=-5
  SR212 — Sunrise 2L1P, massless, s=1
  SR212-3m — Sunrise 2L1P, 3-massive (props 1,3,5), s=3/2
  SR212-5m — Sunrise 2L1P, all-massive, s=0
  NP222 — Non-Planar 2L2P, s=1,s2=0,m=0
  NP222var — NP 2L2P triangle, arXiv:2305.13951, k=0(fam b)
  TB123 — Tri-Box 2L3P, massless, s=3,s1=2,s2=4
  TB123m — Tri-Box 2L3P, massive, s=3,s1=2,s2=5,m=1
  DB313 — Double Box 2L4P, s=2,t=3
  NP322 — Non-Planar 2L4P, massless, s=1,t=5
  NP322m — Non-Planar 2L4P, massive, s=3,t=2,m1=1,m2=4,m=1
  DP323 — Double Pentagon 2L5P, s12=4,s13=7,s14=8,s23=1,s24=2,m=3
  BN3L — 3-Loop Banana, vacuum, msq=1
  BN3L1P — 3-Loop Banana 1-Point, massless, s=1
  BN3L1Pm — 3-Loop Banana 1-Point, massive, s=1,msq=1
#IBP&LI: 13
Family loaded. NE = 9
Running SectorWorker for 111110100...
Timeout: 96400s (will be killed if exceeded)
Start time: Tue 12 May 2026 00:08:05

      +++  sector:  KeyAbsent  (1/2)  +++ 
                     SINGULAR                                 /  Development
 A Computer Algebra System for Polynomial Computations       /   version 4.3.2
                                                           0<
 by: W. Decker, G.-M. Greuel, G. Pfister, H. Schoenemann     \   Feb 2023
FB Mathematik der Universitaet, D-67653 Kaiserslautern        \  Debian 1:4.3.2-p10+ds-1.1build1
compute hilbert series with std in ring (ZZ/179424673),(x18,x17,x16,x15,x14,x13,x12,x11,x10,x9,x8,x7,x6,x5,x4,x3,x2,x1,@),(dp(19),C)
weights used for hilbert series: 1,1,1,1,1,1,1,1,1,1,1,1,1,1,1,1,1,1,1
[65535:5]2(8)s(7)s(6)s(5)s(4)s(3)s(2)sss
product criterion:36 chain criterion:0
std with hilb in (ZZ/179424673),(x18,x17,x16,x15,x14,x13,x12,x11,x10,x9,x8,x7,x6,x5,x4,x3,x2,x1,@),(lp(18),dp(1),C)
[65535:5]2(8)s(7)s(6)s(5)s(4)s(3)s(2)sss
product criterion:36 chain criterion:0
dehomogenization
simplification
imap to ring (ZZ/179424673),(x18,x17,x16,x15,x14,x13,x12,x11,x10,x9,x8,x7,x6,x5,x4,x3,x2,x1),(lp(18),C)
Auf Wiedersehen.
solving for GB in 0.505481 s
                     SINGULAR                                 /  Development
 A Computer Algebra System for Polynomial Computations       /   version 4.3.2
                                                           0<
 by: W. Decker, G.-M. Greuel, G. Pfister, H. Schoenemann     \   Feb 2023
FB Mathematik der Universitaet, D-67653 Kaiserslautern        \  Debian 1:4.3.2-p10+ds-1.1build1
// ** loaded /usr/bin/../share/singular/LIB/primdec.lib (4.3.2.9,Oct_2023)
// ** loaded /usr/bin/../share/singular/LIB/ring.lib (4.3.1.3,Feb_2023)
// ** loaded /usr/bin/../share/singular/LIB/absfact.lib (4.1.2.0,Feb_2019)
// ** loaded /usr/bin/../share/singular/LIB/triang.lib (4.1.2.0,Feb_2019)
// ** loaded /usr/bin/../share/singular/LIB/matrix.lib (4.3.2.3,Aug_2023)
// ** loaded /usr/bin/../share/singular/LIB/nctools.lib (4.1.2.0,Feb_2019)
// ** loaded /usr/bin/../share/singular/LIB/inout.lib (4.1.2.0,Feb_2019)
// ** loaded /usr/bin/../share/singular/LIB/random.lib (4.1.2.0,Feb_2019)
// ** loaded /usr/bin/../share/singular/LIB/polylib.lib (4.2.0.0,Dec_2020)
// ** loaded /usr/bin/../share/singular/LIB/elim.lib (4.3.2.5,Jul_2023)
// ** loaded /usr/bin/../share/singular/LIB/general.lib (4.1.2.0,Feb_2019)
std in (ZZ/179424673),(x18,x17,x16,x15,x14,x13,x12,x11,x10,x9,x8,x7,x6,x5,x4,x3,x2,x1),(dp(18),C)
[65535:6]2(8)s(7)s(6)s(5)s(4)s(3)s(2)sss
(S:8)--------
product criterion:36 chain criterion:0
2(8)s(7)s(6)s(5)s(4)s(3)s(2)sss
(S:8)--------
product criterion:36 chain criterion:0
map is a permutation
[65535:6]1(9)s2(8)s(7)s(6)s(5)s(4)s(3)s(2)sss
product criterion:45 chain criterion:0
[65535:6]2(8)s(7)s(6)s(5)s(4)s(3)s(2)sss
product criterion:36 chain criterion:0
{1}[65535:8]2(8)s(7)ss(8)s(10)s(13)s(17)s(22)s(28)s4(35)-----------------------------------
product criterion:0 chain criterion:0
(S:9)rrrrrrrrr
[65535:6]2(8)s(7)s(6)s(5)s(4)s(3)s(2)sss
product criterion:36 chain criterion:0
compute hilbert series with std in ring (ZZ/179424673),(x18,x17,x16,x15,x14,x13,x12,x11,x10,x9,x8,x7,x6,x5,x4,x3,x2,x1,@),(dp(19),C)
weights used for hilbert series: 1,1,1,1,1,1,1,1,1,1,1,1,1,1,1,1,1,1,1
[65535:5]2(8)s(7)s(6)s(5)s(4)s(3)s(2)sss
(S:8)--------
product criterion:36 chain criterion:0
std with hilb in (ZZ/179424673),(x18,x17,x16,x15,x14,x13,x12,x11,x10,x9,x8,x7,x6,x5,x4,x3,x2,x1,@),(C,lp(18),dp(1))
[65535:5]2(8)s(7)s(6)s(5)s(4)s(3)s(2)sss
(S:8)--------
product criterion:36 chain criterion:0
dehomogenization
simplification
imap to ring (ZZ/179424673),(x18,x17,x16,x15,x14,x13,x12,x11,x10,x9,x8,x7,x6,x5,x4,x3,x2,x1),(C,lp(18))
//interreduction
[65535:5]2(8)s(7)s(6)s(5)s(4)s(3)s(2)sss
(S:8)--------

std in (ZZ/179424673),(x18,x17,x16,x15,x14,x13,x12,x11,x10,x9,x8,x7,x6,x5,x4,x3,x2,x1),(C,dp(18))
[65535:6]2(8)s(7)s(6)s(5)s(4)s(3)s(2)sss
product criterion:36 chain criterion:0
map is a permutation
compute hilbert series with std in ring (ZZ/179424673),(x9,x8,x7,x6,x5,x4,x3,x2,x1,x18,x17,x16,x15,x14,x13,x12,x11,x10,@),(dp(19),C)
weights used for hilbert series: 1,1,1,1,1,1,1,1,1,1,1,1,1,1,1,1,1,1,1
[65535:5]2(8)s(7)s(6)s(5)s(4)s(3)s(2)sss
(S:8)--------
product criterion:36 chain criterion:0
std with hilb in (ZZ/179424673),(x9,x8,x7,x6,x5,x4,x3,x2,x1,x18,x17,x16,x15,x14,x13,x12,x11,x10,@),(lp(18),dp(1),C)
[65535:5]2(8)s(7)s(6)s(5)s(4)s(3)s(2)sss
(S:8)--------
product criterion:36 chain criterion:0
dehomogenization
simplification
imap to ring (ZZ/179424673),(x9,x8,x7,x6,x5,x4,x3,x2,x1,x18,x17,x16,x15,x14,x13,x12,x11,x10),(lp(18),C)
//interreduction
[65535:5]2(8)s(7)s(6)s(5)s(4)s(3)s(2)sss
(S:8)--------

map is a permutation
[1048575:3]1(8)s(7)s(6)s(5)s(4)s(3)s(2)sss
(S:8)--------

[1048575:3]1(8)s(7)s(6)s(5)s(4)s(3)s(2)sss
(S:8)--------

[1048575:3]1(8)s(7)s(6)s(5)s(4)s(3)s(2)sss
(S:8)--------

(S:1)[1048575:3]1(8)s(7)s(6)s(5)s(4)s(3)s(2)sss

[1048575:3]1(8)s(7)s(6)s(5)s(4)s(3)s(2)sss

[65535:6]2(8)s(7)s(6)s(5)s(4)s(3)s(2)sss
product criterion:36 chain criterion:0
{1}[65535:8]10(8)s(16)s(24)s(33)s(43)s(54)s(66)s(79)s(93)s11(108)s(107)s-s--s---s----s-----s------s-------(100)s(107)s(115)-s(122)-s(129)-s(137)-s(145)-s(154)-s(163)-s(172)-s(182)-s(193)-s(203)-s(213)-s(224)-s(236)-s(249)-s(260)-s(271)-s(283)-s(296)-s(310)-s(325)-s(337)-s(349)-s(362)-s(376)-s(391)-s(407)-s(424)-s(437)-s(450)-s(464)-s(479)-s(495)-s(512)-s(530)-s(549)12-------------------------------------------------(500)----------------------------------------------------------------------------------------------------(400)----------------------------------------------------------------------------------------------------(300)-------------s(295)--s(301)-(300)-s(307)--s(313)--s(320)--s(327)--s(334)--s(342)--s(350)--s(359)--s(367)--s(375)--s(383)--s(392)--s(401)-(400)-s(411)--s(421)--s(431)--s(442)--s(454)--s(463)--s(472)--s(481)--s(491)--s(501)-(500)-s(512)--s(523)--s(534)--s(546)--s(559)--s(571)--s(583)--s(596)--s(610)--s(625)--s(635)--s(645)--s(655)--s(666)--s(677)--s(689)--s(701)-(700)-s(713)--s(726)--s(740)--s(753)--s(766)--s(780)--s(795)--s(811)--s(825)--s(839)--s(854)--s(870)--s(887)--s(905)--s(916)--s(927)--s(938)--s(950)--s(962)--s(975)--s(988)--s(1001)-(1000)-s(1015)--s(1030)--s(1044)--s(1058)--s(1073)--s(1089)--s(1106)--s(1121)--s(1136)--s(1152)--s(1169)--s(1187)--s(1206)--s(1222)--s(1238)--s(1255)--s(1273)--s(1292)--s(1312)--s(1333)-13--------------------------------(1300)----------------------------------------------------------------------------------------------------(1200)----------------------------------------------------------------------------------------------------(1100)----------------------------------------------------------------------------------------------------(1000)----------------------------------------------------------------------------------------------------(900)----------------------------------------------------------------------------------------------------(800)----------------------------------------------------------------------------------------------------(700)----------------------------------------------------------------------------------------------------(600)-------------------------------------------------------------------------------------------------s(511)---s(516)---s(521)---s(526)---s(531)---s(537)---s(543)---s(549)---s(555)---s(562)---s(569)---s(576)---s(584)---s(592)---s(601)-(600)--s(608)---s(615)---s(622)---s(629)---s(637)---s(645)---s(653)---s(662)---s(671)---s(681)---s(690)---s(699)---s(708)---s(718)---s(728)---s(739)---s(750)---s(761)---s(773)---s(786)---s(794)---s(802)--(800)-s(810)---s(818)---s(827)---s(836)---s(845)---s(855)---s(865)---s(876)---s(886)---s(896)---s(906)---s(917)---s(928)---s(940)---s(952)---s(964)---s(977)---s(991)---s(1002)--(1000)-s(1013)---s(1024)---s(1036)---s(1048)---s(1061)---s(1074)---s(1087)---s(1101)-(1100)--s(1116)---s(1130)---s(1144)---s(1159)---s(1175)---s(1192)---s(1201)-(1200)--s(1210)---s(1219)---s(1228)---s(1238)---s(1248)---s(1258)---s(1269)---s(1280)---s(1292)---s(1303)---(1300)s(1314)---s(1325)---s(1337)---s(1349)---s(1362)---s(1375)---s(1388)---s(1402)--(1400)-s(1417)---s(1429)---s(1441)---s(1453)---s(1466)---s(1479)---s(1493)---s(1507)---s(1521)---s(1536)---s(1552)---s(1567)---s(1582)---s(1598)---s(1615)---s(1633)---s(1646)---s(1659)---s(1672)---s(1686)---s(1700)---s(1715)---s(1730)---s(1745)---s(1761)---s(1778)---s(1794)---s(1810)---s(1827)---s(1845)---s(1864)---s(1881)---s(1898)---s(1916)---s(1935)---s(1955)---s(1976)--14--------------------------------------------------------------------------(1900)----------------------------------------------------------------------------------------------------(1800)----------------------------------------------------------------------------------------------------(1700)----------------------------------------------------------------------------------------------------(1600)----------------------------------------------------------------------------------------------------(1500)----------------------------------------------------------------------------------------------------(1400)----------------------------------------------------------------------------------------------------(1300)----------------------------------------------------------------------------------------------------(1200)----------------------------------------------------------------------------------------------------(1100)----------------------------------------------------------------------------------------------------(1000)----------------------------------------------------------------------------------------------------(900)----------------------------------------------------------------------------------------------------(800)----------------------------------------------------------------------------------------------------(700)-----------------------------------------------------------------------s(637)----s(641)----s(645)----s(649)----s(653)----s(657)----s(662)----s(667)----s(672)----s(677)----s(682)----s(688)----s(694)----s(700)----s(706)----s(713)----s(720)----s(727)----s(735)----s(743)----s(752)----s(758)----s(764)----s(770)----s(776)----s(782)----s(789)----s(796)----s(803)---(800)-s(810)----s(818)----s(826)----s(834)----s(843)----s(852)----s(862)----s(870)----s(878)----s(886)----s(894)----s(903)---(900)-s(912)----s(921)----s(931)----s(941)----s(952)----s(962)----s(972)----s(982)----s(993)----s(1004)----(1000)s(1016)----s(1028)----s(1040)----s(1053)----s(1067)----s(1074)----s(1081)----s(1088)----s(1095)----s(1102)--(1100)--s(1110)----s(1118)----s(1126)----s(1134)----s(1143)----s(1152)----s(1161)----s(1171)----s(1181)----s(1192)----s(1201)-(1200)---s(1210)----s(1219)----s(1228)----s(1238)----s(1248)----s(1258)----s(1269)----s(1280)----s(1292)----s(1303)---(1300)-s(1314)----s(1325)----s(1337)----s(1349)----s(1362)----s(1375)----s(1388)----s(1402)--(1400)--s(1417)----s(1427)----s(1437)----s(1447)----s(1457)----s(1468)----s(1479)----s(1490)----s(1502)--(1500)--s(1514)----s(1527)----s(1539)----s(1551)----s(1563)----s(1576)----s(1589)----s(1603)---(1600)-s(1617)----s(1631)----s(1646)----s(1662)----s(1675)----s(1688)----s(1701)-(1700)---s(1715)----s(1729)----s(1744)----s(1759)----s(1774)----s(1790)----s(1807)----s(1823)----s(1839)----s(1856)----s(1874)----s(1893)---15------------------------------------------------------------------------------------------(1800)----------------------------------------------------------------------------------------------------(1700)----------------------------------------------------------------------------------------------------(1600)----------------------------------------------------------------------------------------------------(1500)----------------------------------------------------------------------------------------------------(1400)----------------------------------------------------------------------------------------------------(1300)----------------------------------------------------------------------------------------------------(1200)----------------------------------------------------------------------------------------------------(1100)----------------------------------------------------------------------------------------------------(1000)----------------------------------------------------------------------------------------------------(900)----------------------------------------------------------------------------------------------------(800)----------------------------------------------------------------------------------------------------(700)----------------------------------------------------------------------------------------------------(600)-------------------------------------------------------------------------------------------------s(511)-----s(514)-----s(517)-----s(520)-----s(523)-----s(526)-----s(529)-----s(533)-----s(537)-----s(541)-----s(545)-----s(549)-----s(553)-----s(558)-----s(563)-----s(568)-----s(573)-----s(578)-----s(584)-----s(590)-----s(596)-----s(602)--(600)---s(609)-----s(616)-----s(623)-----s(631)-----s(639)-----s(648)-----s(653)-----s(658)-----s(663)-----s(668)-----s(673)-----s(678)-----s(684)-----s(690)-----s(696)-----s(702)--(700)---s(708)-----s(715)-----s(722)-----s(729)-----s(736)-----s(744)-----s(752)-----s(760)-----s(769)-----s(778)-----s(788)-----s(795)-----s(802)--(800)---s(809)-----s(816)-----s(823)-----s(831)-----s(839)-----s(847)-----s(855)-----s(864)-----s(873)-----s(882)-----s(892)-----s(902)--(900)---s(913)-----s(922)-----s(931)-----s(940)-----s(949)-----s(959)-----s(969)-----s(979)-----s(990)-----s(1001)-(1000)----s(1013)-----s(1024)-----s(1035)-----s(1046)-----s(1058)-----s(1070)-----s(1083)-----s(1096)-----s(1109)-----s(1123)-----s(1138)----16----------------------------------(1100)----------------------------------------------------------------------------------------------------(1000)----------------------------------------------------------------------------------------------------(900)----------------------------------------------------------------------------------------------------(800)----------------------------------------------------------------------------------------------------(700)----------------------------------------------------------------------------------------------------(600)----------------------------------------------------------------------------------------------------(500)----------------------------------------------------------------------------------------------------(400)----------------------------------------------------------------------------------------------------(300)-------------------------------------------------s(259)------s(261)------s(263)------s(265)------s(267)------s(269)------s(271)------s(273)------s(276)------s(279)------s(282)------s(285)------s(288)------s(291)------s(294)------s(298)------s(302)--(300)----s(306)------(300)s(310)------s(314)------s(318)------s(323)------s(328)------s(333)------s(338)------s(343)------s(349)------s(355)------s(361)------s(367)------s(374)------s(381)------s(388)------s(396)------s(404)----(400)--s(413)-----17--------(400)----------------------------------------------------------------------------------------------------(300)----------------------------------------------------------------------------------------------------(200)----------------------------------------------------------------------------------------------------(100)-----------------------------s(79)-------s(80)-------s(81)-------s(82)-------s(83)-------s(84)-------s(85)-------s(86)-------s(87)------18-------------------------------------------------------------------------s(16)-------19---------
product criterion:0 chain criterion:37361
[65535:5]2(8)s(7)s(6)s(5)s(4)s(3)s(2)sss
product criterion:36 chain criterion:0
{1}[65535:8]10(8)s(16)s(24)s(33)s(43)s(54)s(66)s(79)s(93)s11(108)s(107)s-s--s---s----s-----s------s-------(100)s(107)s(115)-s(122)-s(129)-s(137)-s(145)-s(154)-s(163)-s(172)-s(182)-s(193)-s(203)-s(213)-s(224)-s(236)-s(249)-s(260)-s(271)-s(283)-s(296)-s(310)-s(325)-s(337)-s(349)-s(362)-s(376)-s(391)-s(407)-s(424)-s(437)-s(450)-s(464)-s(479)-s(495)-s(512)-s(530)-s(549)12-------------------------------------------------(500)----------------------------------------------------------------------------------------------------(400)----------------------------------------------------------------------------------------------------(300)-------------s(295)--s(301)-(300)-s(307)--s(313)--s(320)--s(327)--s(334)--s(342)--s(350)--s(359)--s(367)--s(375)--s(383)--s(392)--s(401)-(400)-s(411)--s(421)--s(431)--s(442)--s(454)--s(463)--s(472)--s(481)--s(491)--s(501)-(500)-s(512)--s(523)--s(534)--s(546)--s(559)--s(571)--s(583)--s(596)--s(610)--s(625)--s(635)--s(645)--s(655)--s(666)--s(677)--s(689)--s(701)-(700)-s(713)--s(726)--s(740)--s(753)--s(766)--s(780)--s(795)--s(811)--s(825)--s(839)--s(854)--s(870)--s(887)--s(905)--s(916)--s(927)--s(938)--s(950)--s(962)--s(975)--s(988)--s(1001)-(1000)-s(1015)--s(1030)--s(1044)--s(1058)--s(1073)--s(1089)--s(1106)--s(1121)--s(1136)--s(1152)--s(1169)--s(1187)--s(1206)--s(1222)--s(1238)--s(1255)--s(1273)--s(1292)--s(1312)--s(1333)-13--------------------------------(1300)----------------------------------------------------------------------------------------------------(1200)----------------------------------------------------------------------------------------------------(1100)----------------------------------------------------------------------------------------------------(1000)----------------------------------------------------------------------------------------------------(900)----------------------------------------------------------------------------------------------------(800)----------------------------------------------------------------------------------------------------(700)----------------------------------------------------------------------------------------------------(600)-------------------------------------------------------------------------------------------------s(511)---s(516)---s(521)---s(526)---s(531)---s(537)---s(543)---s(549)---s(555)---s(562)---s(569)---s(576)---s(584)---s(592)---s(601)-(600)--s(608)---s(615)---s(622)---s(629)---s(637)---s(645)---s(653)---s(662)---s(671)---s(681)---s(690)---s(699)---s(708)---s(718)---s(728)---s(739)---s(750)---s(761)---s(773)---s(786)---s(794)---s(802)--(800)-s(810)---s(818)---s(827)---s(836)---s(845)---s(855)---s(865)---s(876)---s(886)---s(896)---s(906)---s(917)---s(928)---s(940)---s(952)---s(964)---s(977)---s(991)---s(1002)--(1000)-s(1013)---s(1024)---s(1036)---s(1048)---s(1061)---s(1074)---s(1087)---s(1101)-(1100)--s(1116)---s(1130)---s(1144)---s(1159)---s(1175)---s(1192)---s(1201)-(1200)--s(1210)---s(1219)---s(1228)---s(1238)---s(1248)---s(1258)---s(1269)---s(1280)---s(1292)---s(1303)---(1300)s(1314)---s(1325)---s(1337)---s(1349)---s(1362)---s(1375)---s(1388)---s(1402)--(1400)-s(1417)---s(1429)---s(1441)---s(1453)---s(1466)---s(1479)---s(1493)---s(1507)---s(1521)---s(1536)---s(1552)---s(1567)---s(1582)---s(1598)---s(1615)---s(1633)---s(1646)---s(1659)---s(1672)---s(1686)---s(1700)---s(1715)---s(1730)---s(1745)---s(1761)---s(1778)---s(1794)---s(1810)---s(1827)---s(1845)---s(1864)---s(1881)---s(1898)---s(1916)---s(1935)---s(1955)---s(1976)--14--------------------------------------------------------------------------(1900)----------------------------------------------------------------------------------------------------(1800)----------------------------------------------------------------------------------------------------(1700)----------------------------------------------------------------------------------------------------(1600)----------------------------------------------------------------------------------------------------(1500)----------------------------------------------------------------------------------------------------(1400)----------------------------------------------------------------------------------------------------(1300)----------------------------------------------------------------------------------------------------(1200)----------------------------------------------------------------------------------------------------(1100)----------------------------------------------------------------------------------------------------(1000)----------------------------------------------------------------------------------------------------(900)----------------------------------------------------------------------------------------------------(800)----------------------------------------------------------------------------------------------------(700)-----------------------------------------------------------------------s(637)----s(641)----s(645)----s(649)----s(653)----s(657)----s(662)----s(667)----s(672)----s(677)----s(682)----s(688)----s(694)----s(700)----s(706)----s(713)----s(720)----s(727)----s(735)----s(743)----s(752)----s(758)----s(764)----s(770)----s(776)----s(782)----s(789)----s(796)----s(803)---(800)-s(810)----s(818)----s(826)----s(834)----s(843)----s(852)----s(862)----s(870)----s(878)----s(886)----s(894)----s(903)---(900)-s(912)----s(921)----s(931)----s(941)----s(952)----s(962)----s(972)----s(982)----s(993)----s(1004)----(1000)s(1016)----s(1028)----s(1040)----s(1053)----s(1067)----s(1074)----s(1081)----s(1088)----s(1095)----s(1102)--(1100)--s(1110)----s(1118)----s(1126)----s(1134)----s(1143)----s(1152)----s(1161)----s(1171)----s(1181)----s(1192)----s(1201)-(1200)---s(1210)----s(1219)----s(1228)----s(1238)----s(1248)----s(1258)----s(1269)----s(1280)----s(1292)----s(1303)---(1300)-s(1314)----s(1325)----s(1337)----s(1349)----s(1362)----s(1375)----s(1388)----s(1402)--(1400)--s(1417)----s(1427)----s(1437)----s(1447)----s(1457)----s(1468)----s(1479)----s(1490)----s(1502)--(1500)--s(1514)----s(1527)----s(1539)----s(1551)----s(1563)----s(1576)----s(1589)----s(1603)---(1600)-s(1617)----s(1631)----s(1646)----s(1662)----s(1675)----s(1688)----s(1701)-(1700)---s(1715)----s(1729)----s(1744)----s(1759)----s(1774)----s(1790)----s(1807)----s(1823)----s(1839)----s(1856)----s(1874)----s(1893)---15------------------------------------------------------------------------------------------(1800)----------------------------------------------------------------------------------------------------(1700)----------------------------------------------------------------------------------------------------(1600)----------------------------------------------------------------------------------------------------(1500)----------------------------------------------------------------------------------------------------(1400)----------------------------------------------------------------------------------------------------(1300)----------------------------------------------------------------------------------------------------(1200)----------------------------------------------------------------------------------------------------(1100)----------------------------------------------------------------------------------------------------(1000)----------------------------------------------------------------------------------------------------(900)----------------------------------------------------------------------------------------------------(800)----------------------------------------------------------------------------------------------------(700)----------------------------------------------------------------------------------------------------(600)-------------------------------------------------------------------------------------------------s(511)-----s(514)-----s(517)-----s(520)-----s(523)-----s(526)-----s(529)-----s(533)-----s(537)-----s(541)-----s(545)-----s(549)-----s(553)-----s(558)-----s(563)-----s(568)-----s(573)-----s(578)-----s(584)-----s(590)-----s(596)-----s(602)--(600)---s(609)-----s(616)-----s(623)-----s(631)-----s(639)-----s(648)-----s(653)-----s(658)-----s(663)-----s(668)-----s(673)-----s(678)-----s(684)-----s(690)-----s(696)-----s(702)--(700)---s(708)-----s(715)-----s(722)-----s(729)-----s(736)-----s(744)-----s(752)-----s(760)-----s(769)-----s(778)-----s(788)-----s(795)-----s(802)--(800)---s(809)-----s(816)-----s(823)-----s(831)-----s(839)-----s(847)-----s(855)-----s(864)-----s(873)-----s(882)-----s(892)-----s(902)--(900)---s(913)-----s(922)-----s(931)-----s(940)-----s(949)-----s(959)-----s(969)-----s(979)-----s(990)-----s(1001)-(1000)----s(1013)-----s(1024)-----s(1035)-----s(1046)-----s(1058)-----s(1070)-----s(1083)-----s(1096)-----s(1109)-----s(1123)-----s(1138)----16----------------------------------(1100)----------------------------------------------------------------------------------------------------(1000)----------------------------------------------------------------------------------------------------(900)----------------------------------------------------------------------------------------------------(800)----------------------------------------------------------------------------------------------------(700)----------------------------------------------------------------------------------------------------(600)----------------------------------------------------------------------------------------------------(500)----------------------------------------------------------------------------------------------------(400)----------------------------------------------------------------------------------------------------(300)-------------------------------------------------s(259)------s(261)------s(263)------s(265)------s(267)------s(269)------s(271)------s(273)------s(276)------s(279)------s(282)------s(285)------s(288)------s(291)------s(294)------s(298)------s(302)--(300)----s(306)------(300)s(310)------s(314)------s(318)------s(323)------s(328)------s(333)------s(338)------s(343)------s(349)------s(355)------s(361)------s(367)------s(374)------s(381)------s(388)------s(396)------s(404)----(400)--s(413)-----17--------(400)----------------------------------------------------------------------------------------------------(300)----------------------------------------------------------------------------------------------------(200)----------------------------------------------------------------------------------------------------(100)-----------------------------s(79)-------s(80)-------s(81)-------s(82)-------s(83)-------s(84)-------s(85)-------s(86)-------s(87)------18-------------------------------------------------------------------------s(16)-------19---------
product criterion:0 chain criterion:37361
intersect by elimination method
[65535:7]1(9)s3(8)s(7)s(6)s(5)s(4)s(3)s(2)sss
product criterion:45 chain criterion:0
intersect by elimination method
[65535:7]1(9)s3(8)s(7)s(6)s(5)s(4)s(3)s(2)sss
product criterion:45 chain criterion:0
[65535:6]
product criterion:9 chain criterion:0
intersect by elimination method
[65535:7]1(9)s3(8)s(7)s(6)s(5)s(4)s(3)s(2)sss
product criterion:45 chain criterion:0
map is a permutation
[65535:6]2(9)s(8)s(7)s(6)s(5)s(4)s(3)s(2)ss3s
product criterion:45 chain criterion:0
map is a permutation
[65535:6]2(9)s(8)s(7)s(6)s(5)s(4)s(3)s(2)ss3s
product criterion:45 chain criterion:0
map is a permutation
[65535:6]2(9)s(8)s(7)s(6)s(5)s(4)s(3)s(2)ss3s
product criterion:45 chain criterion:0
map is a permutation
[65535:6]2(9)s(8)s(7)s(6)s(5)s(4)s(3)s(2)ss3s
product criterion:45 chain criterion:0
map is a permutation
[65535:6]2(9)s(8)s(7)s(6)s(5)s(4)s(3)s(2)ss3s
product criterion:45 chain criterion:0
map is a permutation
[65535:6]2(9)s(8)s(7)s(6)s(5)s(4)s(3)s(2)ss3s
product criterion:45 chain criterion:0
map is a permutation
[65535:6]2(9)s(8)s(7)s(6)s(5)s(4)s(3)s(2)ss3s
product criterion:45 chain criterion:0
map is a permutation
[65535:6]2(9)s(8)s(7)s(6)s(5)s(4)s(3)s(2)ss3s
product criterion:45 chain criterion:0
map is a permutation
[65535:6]2(9)s(8)s(7)s(6)s(5)s(4)s(3)s(2)ss3s
product criterion:45 chain criterion:0
// ** _ is no standard basis
Auf Wiedersehen.
find minimal primes in 0.419733 s
pos-dim:  {9}
sol: {{}, 0}
  >> 0 regions (all trivial): expReg=0.926s
  [sector total: 0.926s]

      +++  sector:  IBP  (2/2)  +++ 
                     SINGULAR                                 /  Development
 A Computer Algebra System for Polynomial Computations       /   version 4.3.2
                                                           0<
 by: W. Decker, G.-M. Greuel, G. Pfister, H. Schoenemann     \   Feb 2023
FB Mathematik der Universitaet, D-67653 Kaiserslautern        \  Debian 1:4.3.2-p10+ds-1.1build1
compute hilbert series with std in ring (ZZ/179424673),(x18,x17,x16,x15,x14,x13,x12,x11,x10,x9,x8,x7,x6,x5,x4,x3,x2,x1,@),(dp(19),C)
weights used for hilbert series: 1,1,1,1,1,1,1,1,1,1,1,1,1,1,1,1,1,1,1
[65535:5]2(8)s(7)s(6)s(5)s(4)s(3)s(2)sss
product criterion:36 chain criterion:0
std with hilb in (ZZ/179424673),(x18,x17,x16,x15,x14,x13,x12,x11,x10,x9,x8,x7,x6,x5,x4,x3,x2,x1,@),(lp(18),dp(1),C)
[65535:5]2(8)s(7)s(6)s(5)s(4)s(3)s(2)sss
product criterion:36 chain criterion:0
dehomogenization
simplification
imap to ring (ZZ/179424673),(x18,x17,x16,x15,x14,x13,x12,x11,x10,x9,x8,x7,x6,x5,x4,x3,x2,x1),(lp(18),C)
Auf Wiedersehen.
solving for GB in 0.275737 s
                     SINGULAR                                 /  Development
 A Computer Algebra System for Polynomial Computations       /   version 4.3.2
                                                           0<
 by: W. Decker, G.-M. Greuel, G. Pfister, H. Schoenemann     \   Feb 2023
FB Mathematik der Universitaet, D-67653 Kaiserslautern        \  Debian 1:4.3.2-p10+ds-1.1build1
// ** loaded /usr/bin/../share/singular/LIB/primdec.lib (4.3.2.9,Oct_2023)
// ** loaded /usr/bin/../share/singular/LIB/ring.lib (4.3.1.3,Feb_2023)
// ** loaded /usr/bin/../share/singular/LIB/absfact.lib (4.1.2.0,Feb_2019)
// ** loaded /usr/bin/../share/singular/LIB/triang.lib (4.1.2.0,Feb_2019)
// ** loaded /usr/bin/../share/singular/LIB/matrix.lib (4.3.2.3,Aug_2023)
// ** loaded /usr/bin/../share/singular/LIB/nctools.lib (4.1.2.0,Feb_2019)
// ** loaded /usr/bin/../share/singular/LIB/inout.lib (4.1.2.0,Feb_2019)
// ** loaded /usr/bin/../share/singular/LIB/random.lib (4.1.2.0,Feb_2019)
// ** loaded /usr/bin/../share/singular/LIB/polylib.lib (4.2.0.0,Dec_2020)
// ** loaded /usr/bin/../share/singular/LIB/elim.lib (4.3.2.5,Jul_2023)
// ** loaded /usr/bin/../share/singular/LIB/general.lib (4.1.2.0,Feb_2019)
std in (ZZ/179424673),(x18,x17,x16,x15,x14,x13,x12,x11,x10,x9,x8,x7,x6,x5,x4,x3,x2,x1),(dp(18),C)
[65535:6]2(8)s(7)s(6)s(5)s(4)s(3)s(2)sss
(S:8)--------
product criterion:36 chain criterion:0
2(8)s(7)s(6)s(5)s(4)s(3)s(2)sss
(S:8)--------
product criterion:36 chain criterion:0
map is a permutation
[65535:6]1(9)s2(8)s(7)s(6)s(5)s(4)s(3)s(2)sss
product criterion:45 chain criterion:0
[65535:6]2(8)s(7)s(6)s(5)s(4)s(3)s(2)sss
product criterion:36 chain criterion:0
{1}[65535:8]2(8)s(7)ss(8)s(10)s(13)s(17)s(22)s(28)s4(35)-----------------------------------
product criterion:0 chain criterion:0
(S:9)rrrrrrrrr
[65535:6]2(8)s(7)s(6)s(5)s(4)s(3)s(2)sss
product criterion:36 chain criterion:0
compute hilbert series with std in ring (ZZ/179424673),(x18,x17,x16,x15,x14,x13,x12,x11,x10,x9,x8,x7,x6,x5,x4,x3,x2,x1,@),(dp(19),C)
weights used for hilbert series: 1,1,1,1,1,1,1,1,1,1,1,1,1,1,1,1,1,1,1
[65535:5]2(8)s(7)s(6)s(5)s(4)s(3)s(2)sss
(S:8)--------
product criterion:36 chain criterion:0
std with hilb in (ZZ/179424673),(x18,x17,x16,x15,x14,x13,x12,x11,x10,x9,x8,x7,x6,x5,x4,x3,x2,x1,@),(C,lp(18),dp(1))
[65535:5]2(8)s(7)s(6)s(5)s(4)s(3)s(2)sss
(S:8)--------
product criterion:36 chain criterion:0
dehomogenization
simplification
imap to ring (ZZ/179424673),(x18,x17,x16,x15,x14,x13,x12,x11,x10,x9,x8,x7,x6,x5,x4,x3,x2,x1),(C,lp(18))
//interreduction
[65535:5]2(8)s(7)s(6)s(5)s(4)s(3)s(2)sss
(S:8)--------

std in (ZZ/179424673),(x18,x17,x16,x15,x14,x13,x12,x11,x10,x9,x8,x7,x6,x5,x4,x3,x2,x1),(C,dp(18))
[65535:6]2(8)s(7)s(6)s(5)s(4)s(3)s(2)sss
product criterion:36 chain criterion:0
map is a permutation
compute hilbert series with std in ring (ZZ/179424673),(x9,x8,x7,x6,x5,x4,x3,x2,x1,x18,x17,x16,x15,x14,x13,x12,x11,x10,@),(dp(19),C)
weights used for hilbert series: 1,1,1,1,1,1,1,1,1,1,1,1,1,1,1,1,1,1,1
[65535:5]2(8)s(7)s(6)s(5)s(4)s(3)s(2)sss
(S:8)--------
product criterion:36 chain criterion:0
std with hilb in (ZZ/179424673),(x9,x8,x7,x6,x5,x4,x3,x2,x1,x18,x17,x16,x15,x14,x13,x12,x11,x10,@),(lp(18),dp(1),C)
[65535:5]2(8)s(7)s(6)s(5)s(4)s(3)s(2)sss
(S:8)--------
product criterion:36 chain criterion:0
dehomogenization
simplification
imap to ring (ZZ/179424673),(x9,x8,x7,x6,x5,x4,x3,x2,x1,x18,x17,x16,x15,x14,x13,x12,x11,x10),(lp(18),C)
//interreduction
[65535:5]2(8)s(7)s(6)s(5)s(4)s(3)s(2)sss
(S:8)--------

map is a permutation
[1048575:3]1(8)s(7)s(6)s(5)s(4)s(3)s(2)sss
(S:8)--------

[1048575:3]1(8)s(7)s(6)s(5)s(4)s(3)s(2)sss
(S:8)--------

[1048575:3]1(8)s(7)s(6)s(5)s(4)s(3)s(2)sss
(S:8)--------

(S:1)[1048575:3]1(8)s(7)s(6)s(5)s(4)s(3)s(2)sss

[1048575:3]1(8)s(7)s(6)s(5)s(4)s(3)s(2)sss

[65535:6]2(8)s(7)s(6)s(5)s(4)s(3)s(2)sss
product criterion:36 chain criterion:0
{1}[65535:8]10(8)s(16)s(24)s(33)s(43)s(54)s(66)s(79)s(93)s11(108)s(107)s-s--s---s----s-----s------s-------(100)s(107)s(115)-s(122)-s(129)-s(137)-s(145)-s(154)-s(163)-s(172)-s(182)-s(193)-s(203)-s(213)-s(224)-s(236)-s(249)-s(260)-s(271)-s(283)-s(296)-s(310)-s(325)-s(337)-s(349)-s(362)-s(376)-s(391)-s(407)-s(424)-s(437)-s(450)-s(464)-s(479)-s(495)-s(512)-s(530)-s(549)12-------------------------------------------------(500)----------------------------------------------------------------------------------------------------(400)----------------------------------------------------------------------------------------------------(300)-------------s(295)--s(301)-(300)-s(307)--s(313)--s(320)--s(327)--s(334)--s(342)--s(350)--s(359)--s(367)--s(375)--s(383)--s(392)--s(401)-(400)-s(411)--s(421)--s(431)--s(442)--s(454)--s(463)--s(472)--s(481)--s(491)--s(501)-(500)-s(512)--s(523)--s(534)--s(546)--s(559)--s(571)--s(583)--s(596)--s(610)--s(625)--s(635)--s(645)--s(655)--s(666)--s(677)--s(689)--s(701)-(700)-s(713)--s(726)--s(740)--s(753)--s(766)--s(780)--s(795)--s(811)--s(825)--s(839)--s(854)--s(870)--s(887)--s(905)--s(916)--s(927)--s(938)--s(950)--s(962)--s(975)--s(988)--s(1001)-(1000)-s(1015)--s(1030)--s(1044)--s(1058)--s(1073)--s(1089)--s(1106)--s(1121)--s(1136)--s(1152)--s(1169)--s(1187)--s(1206)--s(1222)--s(1238)--s(1255)--s(1273)--s(1292)--s(1312)--s(1333)-13--------------------------------(1300)----------------------------------------------------------------------------------------------------(1200)----------------------------------------------------------------------------------------------------(1100)----------------------------------------------------------------------------------------------------(1000)----------------------------------------------------------------------------------------------------(900)----------------------------------------------------------------------------------------------------(800)----------------------------------------------------------------------------------------------------(700)----------------------------------------------------------------------------------------------------(600)-------------------------------------------------------------------------------------------------s(511)---s(516)---s(521)---s(526)---s(531)---s(537)---s(543)---s(549)---s(555)---s(562)---s(569)---s(576)---s(584)---s(592)---s(601)-(600)--s(608)---s(615)---s(622)---s(629)---s(637)---s(645)---s(653)---s(662)---s(671)---s(681)---s(690)---s(699)---s(708)---s(718)---s(728)---s(739)---s(750)---s(761)---s(773)---s(786)---s(794)---s(802)--(800)-s(810)---s(818)---s(827)---s(836)---s(845)---s(855)---s(865)---s(876)---s(886)---s(896)---s(906)---s(917)---s(928)---s(940)---s(952)---s(964)---s(977)---s(991)---s(1002)--(1000)-s(1013)---s(1024)---s(1036)---s(1048)---s(1061)---s(1074)---s(1087)---s(1101)-(1100)--s(1116)---s(1130)---s(1144)---s(1159)---s(1175)---s(1192)---s(1201)-(1200)--s(1210)---s(1219)---s(1228)---s(1238)---s(1248)---s(1258)---s(1269)---s(1280)---s(1292)---s(1303)---(1300)s(1314)---s(1325)---s(1337)---s(1349)---s(1362)---s(1375)---s(1388)---s(1402)--(1400)-s(1417)---s(1429)---s(1441)---s(1453)---s(1466)---s(1479)---s(1493)---s(1507)---s(1521)---s(1536)---s(1552)---s(1567)---s(1582)---s(1598)---s(1615)---s(1633)---s(1646)---s(1659)---s(1672)---s(1686)---s(1700)---s(1715)---s(1730)---s(1745)---s(1761)---s(1778)---s(1794)---s(1810)---s(1827)---s(1845)---s(1864)---s(1881)---s(1898)---s(1916)---s(1935)---s(1955)---s(1976)--14--------------------------------------------------------------------------(1900)----------------------------------------------------------------------------------------------------(1800)----------------------------------------------------------------------------------------------------(1700)----------------------------------------------------------------------------------------------------(1600)----------------------------------------------------------------------------------------------------(1500)----------------------------------------------------------------------------------------------------(1400)----------------------------------------------------------------------------------------------------(1300)----------------------------------------------------------------------------------------------------(1200)----------------------------------------------------------------------------------------------------(1100)----------------------------------------------------------------------------------------------------(1000)----------------------------------------------------------------------------------------------------(900)----------------------------------------------------------------------------------------------------(800)----------------------------------------------------------------------------------------------------(700)-----------------------------------------------------------------------s(637)----s(641)----s(645)----s(649)----s(653)----s(657)----s(662)----s(667)----s(672)----s(677)----s(682)----s(688)----s(694)----s(700)----s(706)----s(713)----s(720)----s(727)----s(735)----s(743)----s(752)----s(758)----s(764)----s(770)----s(776)----s(782)----s(789)----s(796)----s(803)---(800)-s(810)----s(818)----s(826)----s(834)----s(843)----s(852)----s(862)----s(870)----s(878)----s(886)----s(894)----s(903)---(900)-s(912)----s(921)----s(931)----s(941)----s(952)----s(962)----s(972)----s(982)----s(993)----s(1004)----(1000)s(1016)----s(1028)----s(1040)----s(1053)----s(1067)----s(1074)----s(1081)----s(1088)----s(1095)----s(1102)--(1100)--s(1110)----s(1118)----s(1126)----s(1134)----s(1143)----s(1152)----s(1161)----s(1171)----s(1181)----s(1192)----s(1201)-(1200)---s(1210)----s(1219)----s(1228)----s(1238)----s(1248)----s(1258)----s(1269)----s(1280)----s(1292)----s(1303)---(1300)-s(1314)----s(1325)----s(1337)----s(1349)----s(1362)----s(1375)----s(1388)----s(1402)--(1400)--s(1417)----s(1427)----s(1437)----s(1447)----s(1457)----s(1468)----s(1479)----s(1490)----s(1502)--(1500)--s(1514)----s(1527)----s(1539)----s(1551)----s(1563)----s(1576)----s(1589)----s(1603)---(1600)-s(1617)----s(1631)----s(1646)----s(1662)----s(1675)----s(1688)----s(1701)-(1700)---s(1715)----s(1729)----s(1744)----s(1759)----s(1774)----s(1790)----s(1807)----s(1823)----s(1839)----s(1856)----s(1874)----s(1893)---15------------------------------------------------------------------------------------------(1800)----------------------------------------------------------------------------------------------------(1700)----------------------------------------------------------------------------------------------------(1600)----------------------------------------------------------------------------------------------------(1500)----------------------------------------------------------------------------------------------------(1400)----------------------------------------------------------------------------------------------------(1300)----------------------------------------------------------------------------------------------------(1200)----------------------------------------------------------------------------------------------------(1100)----------------------------------------------------------------------------------------------------(1000)----------------------------------------------------------------------------------------------------(900)----------------------------------------------------------------------------------------------------(800)----------------------------------------------------------------------------------------------------(700)----------------------------------------------------------------------------------------------------(600)-------------------------------------------------------------------------------------------------s(511)-----s(514)-----s(517)-----s(520)-----s(523)-----s(526)-----s(529)-----s(533)-----s(537)-----s(541)-----s(545)-----s(549)-----s(553)-----s(558)-----s(563)-----s(568)-----s(573)-----s(578)-----s(584)-----s(590)-----s(596)-----s(602)--(600)---s(609)-----s(616)-----s(623)-----s(631)-----s(639)-----s(648)-----s(653)-----s(658)-----s(663)-----s(668)-----s(673)-----s(678)-----s(684)-----s(690)-----s(696)-----s(702)--(700)---s(708)-----s(715)-----s(722)-----s(729)-----s(736)-----s(744)-----s(752)-----s(760)-----s(769)-----s(778)-----s(788)-----s(795)-----s(802)--(800)---s(809)-----s(816)-----s(823)-----s(831)-----s(839)-----s(847)-----s(855)-----s(864)-----s(873)-----s(882)-----s(892)-----s(902)--(900)---s(913)-----s(922)-----s(931)-----s(940)-----s(949)-----s(959)-----s(969)-----s(979)-----s(990)-----s(1001)-(1000)----s(1013)-----s(1024)-----s(1035)-----s(1046)-----s(1058)-----s(1070)-----s(1083)-----s(1096)-----s(1109)-----s(1123)-----s(1138)----16----------------------------------(1100)----------------------------------------------------------------------------------------------------(1000)----------------------------------------------------------------------------------------------------(900)----------------------------------------------------------------------------------------------------(800)----------------------------------------------------------------------------------------------------(700)----------------------------------------------------------------------------------------------------(600)----------------------------------------------------------------------------------------------------(500)----------------------------------------------------------------------------------------------------(400)----------------------------------------------------------------------------------------------------(300)-------------------------------------------------s(259)------s(261)------s(263)------s(265)------s(267)------s(269)------s(271)------s(273)------s(276)------s(279)------s(282)------s(285)------s(288)------s(291)------s(294)------s(298)------s(302)--(300)----s(306)------(300)s(310)------s(314)------s(318)------s(323)------s(328)------s(333)------s(338)------s(343)------s(349)------s(355)------s(361)------s(367)------s(374)------s(381)------s(388)------s(396)------s(404)----(400)--s(413)-----17--------(400)----------------------------------------------------------------------------------------------------(300)----------------------------------------------------------------------------------------------------(200)----------------------------------------------------------------------------------------------------(100)-----------------------------s(79)-------s(80)-------s(81)-------s(82)-------s(83)-------s(84)-------s(85)-------s(86)-------s(87)------18-------------------------------------------------------------------------s(16)-------19---------
product criterion:0 chain criterion:37361
[65535:5]2(8)s(7)s(6)s(5)s(4)s(3)s(2)sss
product criterion:36 chain criterion:0
{1}[65535:8]10(8)s(16)s(24)s(33)s(43)s(54)s(66)s(79)s(93)s11(108)s(107)s-s--s---s----s-----s------s-------(100)s(107)s(115)-s(122)-s(129)-s(137)-s(145)-s(154)-s(163)-s(172)-s(182)-s(193)-s(203)-s(213)-s(224)-s(236)-s(249)-s(260)-s(271)-s(283)-s(296)-s(310)-s(325)-s(337)-s(349)-s(362)-s(376)-s(391)-s(407)-s(424)-s(437)-s(450)-s(464)-s(479)-s(495)-s(512)-s(530)-s(549)12-------------------------------------------------(500)----------------------------------------------------------------------------------------------------(400)----------------------------------------------------------------------------------------------------(300)-------------s(295)--s(301)-(300)-s(307)--s(313)--s(320)--s(327)--s(334)--s(342)--s(350)--s(359)--s(367)--s(375)--s(383)--s(392)--s(401)-(400)-s(411)--s(421)--s(431)--s(442)--s(454)--s(463)--s(472)--s(481)--s(491)--s(501)-(500)-s(512)--s(523)--s(534)--s(546)--s(559)--s(571)--s(583)--s(596)--s(610)--s(625)--s(635)--s(645)--s(655)--s(666)--s(677)--s(689)--s(701)-(700)-s(713)--s(726)--s(740)--s(753)--s(766)--s(780)--s(795)--s(811)--s(825)--s(839)--s(854)--s(870)--s(887)--s(905)--s(916)--s(927)--s(938)--s(950)--s(962)--s(975)--s(988)--s(1001)-(1000)-s(1015)--s(1030)--s(1044)--s(1058)--s(1073)--s(1089)--s(1106)--s(1121)--s(1136)--s(1152)--s(1169)--s(1187)--s(1206)--s(1222)--s(1238)--s(1255)--s(1273)--s(1292)--s(1312)--s(1333)-13--------------------------------(1300)----------------------------------------------------------------------------------------------------(1200)----------------------------------------------------------------------------------------------------(1100)----------------------------------------------------------------------------------------------------(1000)----------------------------------------------------------------------------------------------------(900)----------------------------------------------------------------------------------------------------(800)----------------------------------------------------------------------------------------------------(700)----------------------------------------------------------------------------------------------------(600)-------------------------------------------------------------------------------------------------s(511)---s(516)---s(521)---s(526)---s(531)---s(537)---s(543)---s(549)---s(555)---s(562)---s(569)---s(576)---s(584)---s(592)---s(601)-(600)--s(608)---s(615)---s(622)---s(629)---s(637)---s(645)---s(653)---s(662)---s(671)---s(681)---s(690)---s(699)---s(708)---s(718)---s(728)---s(739)---s(750)---s(761)---s(773)---s(786)---s(794)---s(802)--(800)-s(810)---s(818)---s(827)---s(836)---s(845)---s(855)---s(865)---s(876)---s(886)---s(896)---s(906)---s(917)---s(928)---s(940)---s(952)---s(964)---s(977)---s(991)---s(1002)--(1000)-s(1013)---s(1024)---s(1036)---s(1048)---s(1061)---s(1074)---s(1087)---s(1101)-(1100)--s(1116)---s(1130)---s(1144)---s(1159)---s(1175)---s(1192)---s(1201)-(1200)--s(1210)---s(1219)---s(1228)---s(1238)---s(1248)---s(1258)---s(1269)---s(1280)---s(1292)---s(1303)---(1300)s(1314)---s(1325)---s(1337)---s(1349)---s(1362)---s(1375)---s(1388)---s(1402)--(1400)-s(1417)---s(1429)---s(1441)---s(1453)---s(1466)---s(1479)---s(1493)---s(1507)---s(1521)---s(1536)---s(1552)---s(1567)---s(1582)---s(1598)---s(1615)---s(1633)---s(1646)---s(1659)---s(1672)---s(1686)---s(1700)---s(1715)---s(1730)---s(1745)---s(1761)---s(1778)---s(1794)---s(1810)---s(1827)---s(1845)---s(1864)---s(1881)---s(1898)---s(1916)---s(1935)---s(1955)---s(1976)--14--------------------------------------------------------------------------(1900)----------------------------------------------------------------------------------------------------(1800)----------------------------------------------------------------------------------------------------(1700)----------------------------------------------------------------------------------------------------(1600)----------------------------------------------------------------------------------------------------(1500)----------------------------------------------------------------------------------------------------(1400)----------------------------------------------------------------------------------------------------(1300)----------------------------------------------------------------------------------------------------(1200)----------------------------------------------------------------------------------------------------(1100)----------------------------------------------------------------------------------------------------(1000)----------------------------------------------------------------------------------------------------(900)----------------------------------------------------------------------------------------------------(800)----------------------------------------------------------------------------------------------------(700)-----------------------------------------------------------------------s(637)----s(641)----s(645)----s(649)----s(653)----s(657)----s(662)----s(667)----s(672)----s(677)----s(682)----s(688)----s(694)----s(700)----s(706)----s(713)----s(720)----s(727)----s(735)----s(743)----s(752)----s(758)----s(764)----s(770)----s(776)----s(782)----s(789)----s(796)----s(803)---(800)-s(810)----s(818)----s(826)----s(834)----s(843)----s(852)----s(862)----s(870)----s(878)----s(886)----s(894)----s(903)---(900)-s(912)----s(921)----s(931)----s(941)----s(952)----s(962)----s(972)----s(982)----s(993)----s(1004)----(1000)s(1016)----s(1028)----s(1040)----s(1053)----s(1067)----s(1074)----s(1081)----s(1088)----s(1095)----s(1102)--(1100)--s(1110)----s(1118)----s(1126)----s(1134)----s(1143)----s(1152)----s(1161)----s(1171)----s(1181)----s(1192)----s(1201)-(1200)---s(1210)----s(1219)----s(1228)----s(1238)----s(1248)----s(1258)----s(1269)----s(1280)----s(1292)----s(1303)---(1300)-s(1314)----s(1325)----s(1337)----s(1349)----s(1362)----s(1375)----s(1388)----s(1402)--(1400)--s(1417)----s(1427)----s(1437)----s(1447)----s(1457)----s(1468)----s(1479)----s(1490)----s(1502)--(1500)--s(1514)----s(1527)----s(1539)----s(1551)----s(1563)----s(1576)----s(1589)----s(1603)---(1600)-s(1617)----s(1631)----s(1646)----s(1662)----s(1675)----s(1688)----s(1701)-(1700)---s(1715)----s(1729)----s(1744)----s(1759)----s(1774)----s(1790)----s(1807)----s(1823)----s(1839)----s(1856)----s(1874)----s(1893)---15------------------------------------------------------------------------------------------(1800)----------------------------------------------------------------------------------------------------(1700)----------------------------------------------------------------------------------------------------(1600)----------------------------------------------------------------------------------------------------(1500)----------------------------------------------------------------------------------------------------(1400)----------------------------------------------------------------------------------------------------(1300)----------------------------------------------------------------------------------------------------(1200)----------------------------------------------------------------------------------------------------(1100)----------------------------------------------------------------------------------------------------(1000)----------------------------------------------------------------------------------------------------(900)----------------------------------------------------------------------------------------------------(800)----------------------------------------------------------------------------------------------------(700)----------------------------------------------------------------------------------------------------(600)-------------------------------------------------------------------------------------------------s(511)-----s(514)-----s(517)-----s(520)-----s(523)-----s(526)-----s(529)-----s(533)-----s(537)-----s(541)-----s(545)-----s(549)-----s(553)-----s(558)-----s(563)-----s(568)-----s(573)-----s(578)-----s(584)-----s(590)-----s(596)-----s(602)--(600)---s(609)-----s(616)-----s(623)-----s(631)-----s(639)-----s(648)-----s(653)-----s(658)-----s(663)-----s(668)-----s(673)-----s(678)-----s(684)-----s(690)-----s(696)-----s(702)--(700)---s(708)-----s(715)-----s(722)-----s(729)-----s(736)-----s(744)-----s(752)-----s(760)-----s(769)-----s(778)-----s(788)-----s(795)-----s(802)--(800)---s(809)-----s(816)-----s(823)-----s(831)-----s(839)-----s(847)-----s(855)-----s(864)-----s(873)-----s(882)-----s(892)-----s(902)--(900)---s(913)-----s(922)-----s(931)-----s(940)-----s(949)-----s(959)-----s(969)-----s(979)-----s(990)-----s(1001)-(1000)----s(1013)-----s(1024)-----s(1035)-----s(1046)-----s(1058)-----s(1070)-----s(1083)-----s(1096)-----s(1109)-----s(1123)-----s(1138)----16----------------------------------(1100)----------------------------------------------------------------------------------------------------(1000)----------------------------------------------------------------------------------------------------(900)----------------------------------------------------------------------------------------------------(800)----------------------------------------------------------------------------------------------------(700)----------------------------------------------------------------------------------------------------(600)----------------------------------------------------------------------------------------------------(500)----------------------------------------------------------------------------------------------------(400)----------------------------------------------------------------------------------------------------(300)-------------------------------------------------s(259)------s(261)------s(263)------s(265)------s(267)------s(269)------s(271)------s(273)------s(276)------s(279)------s(282)------s(285)------s(288)------s(291)------s(294)------s(298)------s(302)--(300)----s(306)------(300)s(310)------s(314)------s(318)------s(323)------s(328)------s(333)------s(338)------s(343)------s(349)------s(355)------s(361)------s(367)------s(374)------s(381)------s(388)------s(396)------s(404)----(400)--s(413)-----17--------(400)----------------------------------------------------------------------------------------------------(300)----------------------------------------------------------------------------------------------------(200)----------------------------------------------------------------------------------------------------(100)-----------------------------s(79)-------s(80)-------s(81)-------s(82)-------s(83)-------s(84)-------s(85)-------s(86)-------s(87)------18-------------------------------------------------------------------------s(16)-------19---------
product criterion:0 chain criterion:37361
intersect by elimination method
[65535:7]1(9)s3(8)s(7)s(6)s(5)s(4)s(3)s(2)sss
product criterion:45 chain criterion:0
intersect by elimination method
[65535:7]1(9)s3(8)s(7)s(6)s(5)s(4)s(3)s(2)sss
product criterion:45 chain criterion:0
[65535:6]
product criterion:9 chain criterion:0
intersect by elimination method
[65535:7]1(9)s3(8)s(7)s(6)s(5)s(4)s(3)s(2)sss
product criterion:45 chain criterion:0
map is a permutation
[65535:6]2(9)s(8)s(7)s(6)s(5)s(4)s(3)s(2)ss3s
product criterion:45 chain criterion:0
map is a permutation
[65535:6]2(9)s(8)s(7)s(6)s(5)s(4)s(3)s(2)ss3s
product criterion:45 chain criterion:0
map is a permutation
[65535:6]2(9)s(8)s(7)s(6)s(5)s(4)s(3)s(2)ss3s
product criterion:45 chain criterion:0
map is a permutation
[65535:6]2(9)s(8)s(7)s(6)s(5)s(4)s(3)s(2)ss3s
product criterion:45 chain criterion:0
map is a permutation
[65535:6]2(9)s(8)s(7)s(6)s(5)s(4)s(3)s(2)ss3s
product criterion:45 chain criterion:0
map is a permutation
[65535:6]2(9)s(8)s(7)s(6)s(5)s(4)s(3)s(2)ss3s
product criterion:45 chain criterion:0
map is a permutation
[65535:6]2(9)s(8)s(7)s(6)s(5)s(4)s(3)s(2)ss3s
product criterion:45 chain criterion:0
map is a permutation
[65535:6]2(9)s(8)s(7)s(6)s(5)s(4)s(3)s(2)ss3s
product criterion:45 chain criterion:0
map is a permutation
[65535:6]2(9)s(8)s(7)s(6)s(5)s(4)s(3)s(2)ss3s
product criterion:45 chain criterion:0
// ** _ is no standard basis
Auf Wiedersehen.
find minimal primes in 0.455804 s
pos-dim:  {9}
sol: {{}, 0}
  >> 0 regions (all trivial): expReg=0.732s
  [sector total: 0.733s]
#Non-triv Sectors = 0


Trivial: no regions found for 111110100
Finish time: Tue 12 May 2026 00:08:08
========================================
