CalcLoop: a tool for automated multiloop calculation in quantum field theory.
Version 2022/07/10.
Number of defined symbols=45. Please see ?CalcLoop`* for help.
"BladeIBP: a package for generating IBP, LI and Symmetry relations."

FrontEndObject::notavail: A front end is not available; certain operations require a front end.
Number of Families = 1. Number of Sectors = 2.
"4 zero sectors found, 4 nonzero sectors found."
"2 unique sectors found, 2 mapped sectors found, 0 extmapped sectors found."
"1 subgraph-unique sectors found, 0 subgraph-mapped sectors found"
"Seeding Id type ->""IBP"
"Seeding Id type ->""LI"
"Seeding Id type ->""SR"
"Seeding Id type ->""Map"
"Seeding Id type ->""SubSym"
"====================="
"Id type -> ""IBP"" # chunks -> "2
"====================="
"From remote kernel:"
"\"IBP\"\" #\"1\" of \"2\n"
"From remote kernel:"
"\"IBP\"\" #\"2\" of \"2\n"
"From remote kernel:"
"\" -> \"\"done in \"{0.081787, Null}\n"
"From remote kernel:"
"\" -> \"\"done in \"{0.090519, Null}\n"
"====================="
"Id type -> ""SR"" # chunks -> "2
"====================="
"From remote kernel:"
"\"SR\"\" #\"1\" of \"2\n"
"From remote kernel:"
"\"SR\"\" #\"2\" of \"2\n"
"From remote kernel:"
"\"sectors involved: \"{{1, 0, 1, 0, 1}}\n"
"From remote kernel:"
"\"sectors involved: \"{{1, 0, 1, 0, 0}}\n"
"From remote kernel:"
"\"#Symmetry Relations:  \"64\n"
"From remote kernel:"
"\" -> \"\"done in \"{0.164929, Null}\n"
"From remote kernel:"
"\"#Symmetry Relations:  \"222\n"
"From remote kernel:"
"\" -> \"\"done in \"{0.454694, Null}\n"
"====================="
"Id type -> ""Map"" # chunks -> "2
"====================="
"From remote kernel:"
"\"Map\"\" #\"1\" of \"2\n"
"From remote kernel:"
"\"Map\"\" #\"2\" of \"2\n"
"From remote kernel:"
"\"sectors involved: \"{{1, 0, 0, 0, 1}}\n"
"From remote kernel:"
"\"sectors involved: \"{{0, 0, 1, 0, 1}}\n"
"From remote kernel:"
"\"#Symmetry Relations:  \"120\n"
"From remote kernel:"
"\"#Symmetry Relations:  \"120\n"
"From remote kernel:"
"\" -> \"\"done in \"{0.236227, Null}\n"
"From remote kernel:"
"\" -> \"\"done in \"{0.23647, Null}\n"
"====================="
"Id type -> ""SubSym"" # chunks -> "2
"====================="
"From remote kernel:"
"\"SubSym\"\" #\"1\" of \"2\n"
"From remote kernel:"
"\"SubSym\"\" #\"2\" of \"2\n"
"From remote kernel:"
"\" -> \"\"done in \"{0.017494, Null}\n"
"From remote kernel:"
"\" -> \"\"done in \"{0.019703, Null}\n"
"Generating list of integrals ..."
" -> list of integrals generated"
"Exporting positions maps ..."
" -> positions maps exported"
"Serialize identities ..."
"From remote kernel:"
"\"File: \"\"ibps/ids_SR2123m_exints.mx\"\n"
"From remote kernel:"
"\"File: \"\"ibps/ids_SR2123m_IBP2.mx\"\n"
"From remote kernel:"
"\"File: \"\"ibps/ids_SR2123m_exints.mx\"\" done in \"{0.019419, Null}\n"
"From remote kernel:"
"\"File: \"\"ibps/ids_SR2123m_IBP1.mx\"\n"
"From remote kernel:"
"\"File: \"\"ibps/ids_SR2123m_SR1.mx\"\n"
"From remote kernel:"
"\"File: \"\"ibps/ids_SR2123m_SubSym1.mx\"\n"
"From remote kernel:"
"\"File: \"\"ibps/ids_SR2123m_IBP1.mx\"\" done in \"{0.059641, Null}\n"
"From remote kernel:"
"\"File: \"\"ibps/ids_SR2123m_SubSym2.mx\"\n"
"From remote kernel:"
"\"File: \"\"ibps/ids_SR2123m_Map2.mx\"\n"
"From remote kernel:"
"\"File: \"\"ibps/ids_SR2123m_usints.mx\"\n"
"From remote kernel:"
"\"File: \"\"ibps/ids_SR2123m_SR2.mx\"\n"
"From remote kernel:"
"\"File: \"\"ibps/ids_SR2123m_IBP2.mx\"\" done in \"{0.168768, Null}\n"
"From remote kernel:"
"\"File: \"\"ibps/ids_SR2123m_SubSym1.mx\"\" done in \"{0.107027, Null}\n"
"From remote kernel:"
"\"File: \"\"ibps/ids_SR2123m_Map1.mx\"\n"
"From remote kernel:"
"\"File: \"\"ibps/ids_SR2123m_SR1.mx\"\" done in \"{0.132208, Null}\n"
"From remote kernel:"
"\"File: \"\"ibps/ids_SR2123m_Map1.mx\"\" done in \"{0.035849, Null}\n"
"From remote kernel:"
"\"File: \"\"ibps/ids_SR2123m_SubSym2.mx\"\" done in \"{0.106308, Null}\n"
"From remote kernel:"
"\"File: \"\"ibps/ids_SR2123m_SR2.mx\"\" done in \"{0.140776, Null}\n"
"From remote kernel:"
"\"File: \"\"ibps/ids_SR2123m_usints.mx\"\" done in \"{0.146387, Null}\n"
"From remote kernel:"
"\"File: \"\"ibps/ids_SR2123m_Map2.mx\"\" done in \"{0.167183, Null}\n"
"-> all in :"{0.358314, Null}
