========================================
ScheduledRegionSolve DB313
ProjectRoot: /home/ykm/Large-Index-Expansion-CPP/
VerifyUtility: /home/ykm/Large-Index-Expansion-CPP/verify/VerifyUtility
========================================

[1/5] Loading packages...
  Packages loaded.

[2/5] Loading family config...
=== Registered IBP Families (19) ===
  bub00 — 1-loop bubble, msq=0
  bub10 — 1-loop bubble, msq=1
  bub11 — 1-loop bubble, msq=1
  Tri — 1-loop triangle, 3 props, s1=3,s2=8,s3=0
  Box — 1-loop box, 4 props, s=3,t=2,u=-5
  SR212 — Sunrise 2L1P, massless, s=1
  SR212-3m — Sunrise 2L1P, 3-massive (props 1,3,5), s=3/2
  SR212-5m — Sunrise 2L1P, all-massive, s=0
  NP222 — Non-Planar 2L2P, s=1,s2=0,m=0
  NP222var — NP 2L2P triangle, arXiv:2305.13951, k=0(fam b)
  TB123 — Tri-Box 2L3P, massless, s=3,s1=2,s2=4
  TB123m — Tri-Box 2L3P, massive, s=3,s1=2,s2=5,m=1
  DB313 — Double Box 2L4P, s=2,t=3
  NP322 — Non-Planar 2L4P, massless, s=1,t=5
  NP322m — Non-Planar 2L4P, massive, s=3,t=2,m1=1,m2=4,m=1
  DP323 — Double Pentagon 2L5P, s12=4,s13=7,s14=8,s23=1,s24=2,m=3
  BN3L — 3-Loop Banana, vacuum, msq=1
  BN3L1P — 3-Loop Banana 1-Point, massless, s=1
  BN3L1Pm — 3-Loop Banana 1-Point, massive, s=1,msq=1
  Name: Double Box 2L4P, s=2,t=3
  Propagators: 9
  TopSector: {1, 1, 1, 1, 1, 1, 1, 0, 0}
  Modulus: 179424673

[3/5] Defining IBP family...
[LIE-Workflow] Step 1: Defining IBP family...
  - Propagators: 9
  - Loops: 2
  - External legs: 3
#IBP&LI: 13
[LIE-Workflow] Family defined in 0.086692s
  - Total IBP relations: 10
  - Sectors to analyze: 120
  Family definition time: 0.754896 s
  NE = 9
  NIBP = 10
  Sectors = 120

[4/5] Running ScheduledRegionSolve...
========================================
ScheduledRegionSolve: DB313
Sectors: 120
Modulus: 179424673
Cache:   /home/ykm/Large-Index-Expansion-CPP/verify/DB313/cache
Output:  /home/ykm/Large-Index-Expansion-CPP/
========================================

Pending sectors: 6/120
  Retry: 6
  (Skipped 114 already-computed/trivial/cached sectors)

========================================
Interleaved Tier Pipeline: Quick + Fast + Retry
Max parallel workers: 2
========================================
  [LAUNCH] 111110100 -> Retry tier (86400s)
    [PID=2259190, active={0, 0, 1}, totalActive=1]

Export::interr: An internal error occurred: failed to write entire expression to file..

Export::interr: An internal error occurred: failed to write entire expression to file..

Export::interr: An internal error occurred: failed to write entire expression to file..

General::stop: Further output of Export::interr will be suppressed during this calculation.
  [HANG] 111110100 exceeded 86400s+120s, killing PID=2259190
  [FAILED] 111110100 — no more tiers
  [LAUNCH] 111101100 -> Retry tier (86400s)
    [PID=3185866, active={0, 0, 1}, totalActive=1]
