=== FamilyGenerate ===
Family: TB123m (L=2 E=2 N=7)
Modulus: 179424673

[Step 1] Generating IBP equations...
[IBPEqGenerator] Family TB123m: ne=7 nl=2 nE=2 nIBP=8 subsectors=57
[IBPEqGenerator] Step 1: Running SP2PD...
[IBPEqGenerator] SP2PD OK: 7 scalar products → z-basis
[IBPEqGenerator] Step 2: Computing derivatives...
[IBPEqGenerator] Derivatives OK: 56 polynomials computed
[IBPEqGenerator] Step 3: Assembling IBP equations (mon2F)...
[IBPEqGenerator] Generated 8 IBP equations with 114 total g-operator terms.
  ne=7 nibp=8 subsectors=57
  [TIMING] Step 1: 0.054 s

[Step 2] Extracting FTable...
  nibp=8 ne=7
  [TIMING] Step 2: 0 s

[Step 3] Solving sectors...
  Filtering: sector = 0111100
  Solving sector [0111100]
  [2026-05-13 21:12:51] Singular minAssGTZ starting...
  [Singular minAssGTZ] 0.161726 s, kept=6
  [2026-05-13 21:12:51] Singular minAssGTZ done
  [2026-05-13 21:12:51] Component 0/6 (14 polys)
  [2026-05-13 21:12:51] Component 1/6 (14 polys)

[DEBUG solveVarRule] sector=[0,1,1,1,1,0,0] nb=2 VarIndep=[A6] VarDep=[A1,A2,A3,A4,A5,A7]
  compGb:
    [0] A7+13655841
    [1] A6^2-78111806*A6-85845493
    [2] A5-87752820
    [3] A4+87752821
    [4] A3+16138755*A6-66599618
    [5] A2-16138755*A6+66599619
    [6] A1-2603025*A6-833911
    [7] B7+83833791
    [8] B6+38236356*A6+3
    [9] B5+83833790
    [10] B4-83833787
    [11] B3-80693775*A6-25851251
    [12] B2+80693775*A6+25851256
    [13] B1+16138755*A6-66599616
  VarRule result:
    A1 -> 833911+2603025*A6
    A2 -> 112825054+16138755*A6
    A3 -> 66599618+163285918*A6
    A4 -> 91671852
    A5 -> 87752820
    A7 -> 165768832
    [2026-05-13 21:12:51] MBM reduction k=0/2 (2 products)...
    [2026-05-13 21:12:51] MBM reduction k=1/2 (2 products)...
  [2026-05-13 21:12:51] Component 2/6 (14 polys)
  [2026-05-13 21:12:51] Component 3/6 (14 polys)

[DEBUG solveVarRule] sector=[0,1,1,1,1,0,0] nb=2 VarIndep=[A6] VarDep=[A1,A2,A3,A4,A5,A7]
  compGb:
    [0] A7+37608352
    [1] A6^2+81005755*A6-32806306
    [2] A5+87752821
    [3] A4-87752820
    [4] A3-36644433*A6+40967522
    [5] A2+36644433*A6-40967521
    [6] A1-40392749*A6+4968121
    [7] B7-83833786
    [8] B6-2351417*A6+3
    [9] B5-83833787
    [10] B4+83833790
    [11] B3+3797492*A6-25412932
    [12] B2-3797492*A6+25412937
    [13] B1-36644433*A6+40967524
  VarRule result:
    A1 -> 174456552+40392749*A6
    A2 -> 40967521+142780240*A6
    A3 -> 138457151+36644433*A6
    A4 -> 87752820
    A5 -> 91671852
    A7 -> 141816321
    [2026-05-13 21:12:51] MBM reduction k=0/2 (2 products)...
    [2026-05-13 21:12:51] MBM reduction k=1/2 (2 products)...
  [2026-05-13 21:12:51] Component 4/6 (14 polys)
  [2026-05-13 21:12:51] Component 5/6 (14 polys)

[DEBUG solveVarRule] sector=[0,1,1,1,1,0,0] nb=2 VarIndep=[A6] VarDep=[A1,A2,A3,A4,A5,A7]
  compGb:
    [0] A7+65245336
    [1] A6^2+50144888*A6+39959207
    [2] A5+76896289
    [3] A4+76896289
    [4] A3-30277915*A6+67284252
    [5] A2+30277915*A6-67284251
    [6] A1-904358*A6-68731225
    [7] B7+44856171
    [8] B6+60555830*A6-89712333
    [9] B5+44856170
    [10] B4+44856170
    [11] B3-28035098*A6+22428091
    [12] B2+28035098*A6-22428086
    [13] B1-30277915*A6+67284254
  VarRule result:
    A1 -> 68731225+904358*A6
    A2 -> 67284251+149146758*A6
    A3 -> 112140421+30277915*A6
    A4 -> 102528384
    A5 -> 102528384
    A7 -> 114179337
    [2026-05-13 21:12:51] MBM reduction k=0/2 (2 products)...
    [2026-05-13 21:12:51] MBM reduction k=1/2 (2 products)...
  -> 6 region(s) in 0.262 s
  Found 6 region(s) total
  [TIMING] Step 3: 0.263 s

[Step 4] Building recursion + ring matrices...
  Region 0: nb=1
  Region 1: nb=2
  Region 2: nb=1
  Region 3: nb=2
  Region 4: nb=1
  Region 5: nb=2
  [TIMING] Step 4: 0.015 s

[Step 5] Writing .bin files...
Written 6 regime(s) to workspace/C019-TB123m-region-solve-cpp/SectorCache/IBPMat_TB123m_sector_0111100.bin
Written 6 ring cell(s) to workspace/C019-TB123m-region-solve-cpp/SectorCache/RingData_TB123m_sector_0111100.bin
  [TIMING] Step 5: 0 s

[TIMING] Total wall-clock: 0.337 s

Done. Output:
  workspace/C019-TB123m-region-solve-cpp/SectorCache/IBPMat_TB123m_sector_0111100.bin
  workspace/C019-TB123m-region-solve-cpp/SectorCache/RingData_TB123m_sector_0111100.bin
