=== FamilyGenerate ===
Family: TB123m (L=2 E=2 N=7)
Modulus: 179424673

[Step 1] Generating IBP equations...
[IBPEqGenerator] Family TB123m: ne=7 nl=2 nE=2 nIBP=8 subsectors=57
[IBPEqGenerator] Step 1: Running SP2PD...
[IBPEqGenerator] SP2PD OK: 7 scalar products → z-basis
[IBPEqGenerator] Step 2: Computing derivatives...
[IBPEqGenerator] Derivatives OK: 56 polynomials computed
[IBPEqGenerator] Step 3: Assembling IBP equations (mon2F)...
[IBPEqGenerator] Generated 8 IBP equations with 114 total g-operator terms.
  ne=7 nibp=8 subsectors=57
  [TIMING] Step 1: 0.057 s

[Step 2] Extracting FTable...
  nibp=8 ne=7
  [TIMING] Step 2: 0 s

[Step 3] Solving sectors...
  Filtering: sector = 0010110
  Solving sector [0010110]
  [2026-05-13 21:12:30] Singular minAssGTZ starting...
  [Singular minAssGTZ] 0.105112 s, kept=4
  [2026-05-13 21:12:30] Singular minAssGTZ done
  [2026-05-13 21:12:30] Component 0/4 (14 polys)

[DEBUG solveVarRule] sector=[0,0,1,0,1,1,0] nb=2 VarIndep=[A7] VarDep=[A1,A2,A3,A4,A5,A6]
  compGb:
    [0] A7^2+A7+23923290
    [1] A6+44856172*A7+2
    [2] A5-44856172*A7-1
    [3] A4-63666818*A7-17363677
    [4] A3-44856172*A7-1
    [5] A2-10554392*A7+10554393
    [6] A1-63666818*A7-17363677
    [7] B7+44856172*A7+44856172
    [8] B6-15*A7-7
    [9] B5+44856172*A7+44856171
    [10] B4+44856157*A7+44856165
    [11] B3+44856172*A7+44856171
    [12] B2+44856157*A7+44856167
    [13] B1+44856157*A7+44856165
  VarRule result:
    A1 -> 17363677+63666818*A7
    A2 -> 168870280+10554392*A7
    A3 -> 1+44856172*A7
    A4 -> 17363677+63666818*A7
    A5 -> 1+44856172*A7
    A6 -> 179424671+134568501*A7
    [2026-05-13 21:12:30] MBM reduction k=0/2 (2 products)...
    [2026-05-13 21:12:30] MBM reduction k=1/2 (2 products)...
  [2026-05-13 21:12:30] Component 1/4 (14 polys)

[DEBUG solveVarRule] sector=[0,0,1,0,1,1,0] nb=2 VarIndep=[A7] VarDep=[A1,A2,A3,A4,A5,A6]
  compGb:
    [0] A7^2+A7+23923290
    [1] A6-44856172*A7-1
    [2] A5-44856172*A7-1
    [3] A4-63666818*A7-17363677
    [4] A3+44856172*A7+2
    [5] A2+89712335*A7+89712336
    [6] A1-44856172*A7-44856170
    [7] B7+44856172*A7+44856172
    [8] B6+44856172*A7+44856171
    [9] B5+44856172*A7+44856171
    [10] B4+44856157*A7+44856165
    [11] B3-15*A7-7
    [12] B2+15*A7+10
    [13] B1+15*A7+8
  VarRule result:
    A1 -> 44856170+44856172*A7
    A2 -> 89712337+89712338*A7
    A3 -> 179424671+134568501*A7
    A4 -> 17363677+63666818*A7
    A5 -> 1+44856172*A7
    A6 -> 1+44856172*A7
    [2026-05-13 21:12:30] MBM reduction k=0/2 (2 products)...
    [2026-05-13 21:12:30] MBM reduction k=1/2 (2 products)...
  [2026-05-13 21:12:30] Component 2/4 (14 polys)
  [2026-05-13 21:12:30] Component 3/4 (14 polys)

[DEBUG solveVarRule] sector=[0,0,1,0,1,1,0] nb=2 VarIndep=[A7] VarDep=[A1,A2,A3,A4,A5,A6]
  compGb:
    [0] A7^2-89712336*A7-29904112
    [1] A6-89712335*A7-44856167
    [2] A5+89712335*A7+44856168
    [3] A4-89712335*A7-89712336
    [4] A3-89712335*A7-44856167
    [5] A2+75991626*A7-54882841
    [6] A1-46303142*A7-86818390
    [7] B7+6*A7+3
    [8] B6+89712335*A7-89712336
    [9] B5+6*A7+2
    [10] B4-6*A7-1
    [11] B3+89712335*A7-89712336
    [12] B2-89712332*A7-89712331
    [13] B1-89712332*A7-89712333
  VarRule result:
    A1 -> 86818390+46303142*A7
    A2 -> 54882841+103433047*A7
    A3 -> 44856167+89712335*A7
    A4 -> 89712336+89712335*A7
    A5 -> 134568505+89712338*A7
    A6 -> 44856167+89712335*A7
    [2026-05-13 21:12:30] MBM reduction k=0/2 (2 products)...
    [2026-05-13 21:12:30] MBM reduction k=1/2 (2 products)...
  -> 4 region(s) in 0.185 s
  Found 4 region(s) total
  [TIMING] Step 3: 0.185 s

[Step 4] Building recursion + ring matrices...
  Region 0: nb=2
  Region 1: nb=2
  Region 2: nb=1
  Region 3: nb=2
  [TIMING] Step 4: 0.011 s

[Step 5] Writing .bin files...
Written 4 regime(s) to workspace/C019-TB123m-region-solve-cpp/SectorCache/IBPMat_TB123m_sector_0010110.bin
Written 4 ring cell(s) to workspace/C019-TB123m-region-solve-cpp/SectorCache/RingData_TB123m_sector_0010110.bin
  [TIMING] Step 5: 0 s

[TIMING] Total wall-clock: 0.258 s

Done. Output:
  workspace/C019-TB123m-region-solve-cpp/SectorCache/IBPMat_TB123m_sector_0010110.bin
  workspace/C019-TB123m-region-solve-cpp/SectorCache/RingData_TB123m_sector_0010110.bin
