=== FamilyGenerate ===
Family: TB123m (L=2 E=2 N=7)
Modulus: 179424673

[Step 1] Generating IBP equations...
[IBPEqGenerator] Family TB123m: ne=7 nl=2 nE=2 nIBP=8 subsectors=57
[IBPEqGenerator] Step 1: Running SP2PD...
[IBPEqGenerator] SP2PD OK: 7 scalar products → z-basis
[IBPEqGenerator] Step 2: Computing derivatives...
[IBPEqGenerator] Derivatives OK: 56 polynomials computed
[IBPEqGenerator] Step 3: Assembling IBP equations (mon2F)...
[IBPEqGenerator] Generated 8 IBP equations with 114 total g-operator terms.
  ne=7 nibp=8 subsectors=57
  [TIMING] Step 1: 0.047 s

[Step 2] Extracting FTable...
  nibp=8 ne=7
  [TIMING] Step 2: 0 s

[Step 3] Solving sectors...
  Filtering: sector = 1010100
  Solving sector [1010100]
  [2026-05-13 21:12:12] Singular minAssGTZ starting...
  [Singular minAssGTZ] 0.0753595 s, kept=3
  [2026-05-13 21:12:12] Singular minAssGTZ done
  [2026-05-13 21:12:12] Component 0/3 (14 polys)
  [2026-05-13 21:12:12] Component 1/3 (14 polys)
  [2026-05-13 21:12:12] Component 2/3 (14 polys)
  -> 3 region(s) in 0.102 s
  Found 3 region(s) total
  [TIMING] Step 3: 0.102 s

[Step 4] Building recursion + ring matrices...
  Region 0: nb=1
  Region 1: nb=1
  Region 2: nb=1
  [TIMING] Step 4: 0.006 s

[Step 5] Writing .bin files...
Written 3 regime(s) to workspace/C019-TB123m-region-solve-cpp/SectorCache/IBPMat_TB123m_sector_1010100.bin
Written 3 ring cell(s) to workspace/C019-TB123m-region-solve-cpp/SectorCache/RingData_TB123m_sector_1010100.bin
  [TIMING] Step 5: 0 s

[TIMING] Total wall-clock: 0.161 s

Done. Output:
  workspace/C019-TB123m-region-solve-cpp/SectorCache/IBPMat_TB123m_sector_1010100.bin
  workspace/C019-TB123m-region-solve-cpp/SectorCache/RingData_TB123m_sector_1010100.bin
