=== FamilyGenerate ===
Family: TB123m (L=2 E=2 N=7)
Modulus: 179424673

[Step 1] Generating IBP equations...
[IBPEqGenerator] Family TB123m: ne=7 nl=2 nE=2 nIBP=8 subsectors=57
[IBPEqGenerator] Step 1: Running SP2PD...
[IBPEqGenerator] SP2PD OK: 7 scalar products → z-basis
[IBPEqGenerator] Step 2: Computing derivatives...
[IBPEqGenerator] Derivatives OK: 56 polynomials computed
[IBPEqGenerator] Step 3: Assembling IBP equations (mon2F)...
[IBPEqGenerator] Generated 8 IBP equations with 114 total g-operator terms.
  ne=7 nibp=8 subsectors=57
  [TIMING] Step 1: 0.055 s

[Step 2] Extracting FTable...
  nibp=8 ne=7
  [TIMING] Step 2: 0 s

[Step 3] Solving sectors...
  Filtering: sector = 1100110
  Solving sector [1100110]
  [2026-05-13 21:12:42] Singular minAssGTZ starting...
  [Singular minAssGTZ] 0.73689 s, kept=3
  [2026-05-13 21:12:42] Singular minAssGTZ done
  [2026-05-13 21:12:42] Component 0/3 (14 polys)

[DEBUG solveVarRule] sector=[1,1,0,0,1,1,0] nb=4 VarIndep=[A7] VarDep=[A1,A2,A3,A4,A5,A6]
  compGb:
    [0] A7^4+86272790*A7^3+81802920*A7^2-58410719*A7+26357518
    [1] A6-67681493*A7^3-41943544*A7^2-74934112*A7+61572578
    [2] A5+67681493*A7^3+41943544*A7^2+74934112*A7-61572577
    [3] A4+53840085*A7^3-43784137*A7^2-19231492*A7+7455569
    [4] A3-15394187*A7^3+25636219*A7^2-41910899*A7+43092559
    [5] A2+9026873*A7^3-89017923*A7^2-24347599*A7-44308190
    [6] A1-69066962*A7^3+89447873*A7^2+472266*A7+14515982
    [7] B7+66413714*A7^3+29491865*A7^2-4881393*A7+66781567
    [8] B6+12456894*A7^3+988746*A7^2-44134074*A7-46658962
    [9] B5-32180800*A7^3-46976458*A7^2+1089127*A7-83143456
    [10] B4-32180800*A7^3-46976458*A7^2+1089127*A7-83143453
    [11] B3-19723906*A7^3-45987712*A7^2-43044947*A7+49622259
    [12] B2-66965145*A7^3+28602400*A7^2-9143441*A7-18069291
    [13] B1-19723906*A7^3-45987712*A7^2-43044947*A7+49622256
  VarRule result:
    A1 -> 164908691+178952407*A7+89976800*A7^2+69066962*A7^3
    A2 -> 44308190+24347599*A7+89017923*A7^2+170397800*A7^3
    A3 -> 136332114+41910899*A7+153788454*A7^2+15394187*A7^3
    A4 -> 171969104+19231492*A7+43784137*A7^2+125584588*A7^3
    A5 -> 61572577+104490561*A7+137481129*A7^2+111743180*A7^3
    A6 -> 117852095+74934112*A7+41943544*A7^2+67681493*A7^3
    [2026-05-13 21:12:42] MBM reduction k=0/4 (4 products)...
    [2026-05-13 21:12:42] MBM reduction k=1/4 (4 products)...
    [2026-05-13 21:12:42] MBM reduction k=2/4 (4 products)...
    [2026-05-13 21:12:42] MBM reduction k=3/4 (4 products)...
  [2026-05-13 21:12:42] Component 1/3 (14 polys)

[DEBUG solveVarRule] sector=[1,1,0,0,1,1,0] nb=4 VarIndep=[A7] VarDep=[A1,A2,A3,A4,A5,A6]
  compGb:
    [0] A7^4-75008181*A7^3-6513660*A7^2+78189818*A7+65976403
    [1] A6-72216687*A7^3-26315167*A7^2+54295500*A7+65471160
    [2] A5+72216687*A7^3+26315167*A7^2-54295500*A7-65471159
    [3] A4+83705290*A7^3+39883071*A7^2+34260474*A7+32069933
    [4] A3-68084537*A7^3-68709953*A7^2-22640125*A7+20103111
    [5] A2+52681585*A7^3-56616710*A7^2+78250102*A7+48594958
    [6] A1-53758858*A7^3+44639523*A7^2-75302836*A7-65436998
    [7] B7+30695905*A7^3-27709122*A7^2-86506058*A7+72770958
    [8] B6-40513332*A7^3+82376846*A7^2+69961872*A7+24709652
    [9] B5+56938529*A7^3-57814695*A7^2+14649089*A7+39073821
    [10] B4+56938529*A7^3-57814695*A7^2+14649089*A7+39073824
    [11] B3+16425197*A7^3+24562151*A7^2+84610961*A7+63783477
    [12] B2+21071378*A7^3-45787788*A7^2+12124849*A7+42769497
    [13] B1+16425197*A7^3+24562151*A7^2+84610961*A7+63783474
  VarRule result:
    A1 -> 65436998+75302836*A7+134785150*A7^2+53758858*A7^3
    A2 -> 130829715+101174571*A7+56616710*A7^2+126743088*A7^3
    A3 -> 159321562+22640125*A7+68709953*A7^2+68084537*A7^3
    A4 -> 147354740+145164199*A7+139541602*A7^2+95719383*A7^3
    A5 -> 65471159+54295500*A7+153109506*A7^2+107207986*A7^3
    A6 -> 113953513+125129173*A7+26315167*A7^2+72216687*A7^3
    [2026-05-13 21:12:42] MBM reduction k=0/4 (4 products)...
    [2026-05-13 21:12:42] MBM reduction k=1/4 (4 products)...
    [2026-05-13 21:12:43] MBM reduction k=2/4 (4 products)...
    [2026-05-13 21:12:43] MBM reduction k=3/4 (4 products)...
  [2026-05-13 21:12:43] Component 2/3 (14 polys)

[DEBUG solveVarRule] sector=[1,1,0,0,1,1,0] nb=5 VarIndep=[A7] VarDep=[A1,A2,A3,A4,A5,A6]
  compGb:
    [0] A7^5-1401753*A7^4+9102759*A7^3-35718799*A7^2-78082959*A7-11075597
    [1] A6-24446300*A7^4-87789052*A7^3-83442486*A7^2+73648680*A7+34396721
    [2] A5-24446300*A7^4-87789052*A7^3-83442486*A7^2+73648680*A7+34396721
    [3] A4-17029807*A7^4+86282638*A7^3+51081338*A7^2+40685772*A7-81877352
    [4] A3-6111575*A7^4-21947263*A7^3+68851715*A7^2+18412170*A7-36256988
    [5] A2+72157004*A7^4-67278315*A7^3+45874212*A7^2+5124474*A7-46075910
    [6] A1-40984426*A7^4-42679741*A7^3+74636819*A7^2-83399140*A7-41637715
    [7] B7-22428074*A7^4+8235335*A7^3-64831154*A7^2-25231578*A7+84105321
    [8] B6-72767940*A7^4-34494055*A7^3-42607550*A7^2-78441187*A7+18762838
    [9] B5-72767940*A7^4-34494055*A7^3-42607550*A7^2-78441187*A7+18762838
    [10] B4-72767940*A7^4-34494055*A7^3-42607550*A7^2-78441187*A7+18762841
    [11] B3+67777586*A7^4+41448453*A7^3+8994473*A7^2+45084598*A7+75051352
    [12] B2-10967355*A7^4-52517440*A7^3-35452735*A7^2-27920857*A7+26311642
    [13] B1+67777586*A7^4+41448453*A7^3+8994473*A7^2+45084598*A7+75051349
  VarRule result:
    A1 -> 41637715+83399140*A7+104787854*A7^2+42679741*A7^3+40984426*A7^4
    A2 -> 46075910+174300199*A7+133550461*A7^2+67278315*A7^3+107267669*A7^4
    A3 -> 36256988+161012503*A7+110572958*A7^2+21947263*A7^3+6111575*A7^4
    A4 -> 81877352+138738901*A7+128343335*A7^2+93142035*A7^3+17029807*A7^4
    A5 -> 145027952+105775993*A7+83442486*A7^2+87789052*A7^3+24446300*A7^4
    A6 -> 145027952+105775993*A7+83442486*A7^2+87789052*A7^3+24446300*A7^4
    [2026-05-13 21:12:43] MBM reduction k=0/5 (5 products)...
    [2026-05-13 21:12:43] MBM reduction k=1/5 (5 products)...
    [2026-05-13 21:12:43] MBM reduction k=2/5 (5 products)...
    [2026-05-13 21:12:43] MBM reduction k=3/5 (5 products)...
    [2026-05-13 21:12:43] MBM reduction k=4/5 (5 products)...
  -> 3 region(s) in 0.88 s
  Found 3 region(s) total
  [TIMING] Step 3: 0.88 s

[Step 4] Building recursion + ring matrices...
  Region 0: nb=4
  Region 1: nb=4
  Region 2: nb=5
  [TIMING] Step 4: 0.026 s

[Step 5] Writing .bin files...
Written 3 regime(s) to workspace/C019-TB123m-region-solve-cpp/SectorCache/IBPMat_TB123m_sector_1100110.bin
Written 3 ring cell(s) to workspace/C019-TB123m-region-solve-cpp/SectorCache/RingData_TB123m_sector_1100110.bin
  [TIMING] Step 5: 0.003 s

[TIMING] Total wall-clock: 0.969 s

Done. Output:
  workspace/C019-TB123m-region-solve-cpp/SectorCache/IBPMat_TB123m_sector_1100110.bin
  workspace/C019-TB123m-region-solve-cpp/SectorCache/RingData_TB123m_sector_1100110.bin
