=== FamilyGenerate ===
Family: TB123m (L=2 E=2 N=7)
Modulus: 179424673

[Step 1] Generating IBP equations...
[IBPEqGenerator] Family TB123m: ne=7 nl=2 nE=2 nIBP=8 subsectors=57
[IBPEqGenerator] Step 1: Running SP2PD...
[IBPEqGenerator] SP2PD OK: 7 scalar products → z-basis
[IBPEqGenerator] Step 2: Computing derivatives...
[IBPEqGenerator] Derivatives OK: 56 polynomials computed
[IBPEqGenerator] Step 3: Assembling IBP equations (mon2F)...
[IBPEqGenerator] Generated 8 IBP equations with 114 total g-operator terms.
  ne=7 nibp=8 subsectors=57
  [TIMING] Step 1: 0.057 s

[Step 2] Extracting FTable...
  nibp=8 ne=7
  [TIMING] Step 2: 0 s

[Step 3] Solving sectors...
  Filtering: sector = 1001110
  Solving sector [1001110]
  [2026-05-13 21:12:48] Singular minAssGTZ starting...
  [Singular minAssGTZ] 0.408183 s, kept=3
  [2026-05-13 21:12:48] Singular minAssGTZ done
  [2026-05-13 21:12:48] Component 0/3 (14 polys)

[DEBUG solveVarRule] sector=[1,0,0,1,1,1,0] nb=4 VarIndep=[A6,A7] VarDep=[A1,A2,A3,A4,A5]
  compGb:
    [0] A7^2+62219063*A7+22698698
    [1] A6^2+A6+81688451*A7-21994383
    [2] A5-50650760*A7-9390806
    [3] A4-46651075*A7+4942598
    [4] A3+80452355*A6*A7+36620403*A6+15330382*A7-8442553
    [5] A2+64723687*A6*A7-41417318*A6+57350493*A7-69003677
    [6] A1+A6+1
    [7] B7+88308001*A7+57446913
    [8] B6+88308001*A6*A7+57446911*A6+88308001*A7+57446911
    [9] B5+88308001*A7+57446912
    [10] B4+7298976*A7-54584143
    [11] B3-7298976*A6*A7+54584147*A6+3
    [12] B2-88308001*A6*A7-57446911*A6+2
    [13] B1-88308001*A6*A7-57446911*A6
  VarRule result:
    A1 -> 179424672+179424672*A6
    A2 -> 69003677+122074180*A7+41417318*A6+114700986*A6*A7
    A3 -> 8442553+164094291*A7+142804270*A6+98972318*A6*A7
    A4 -> 174482075+46651075*A7
    A5 -> 9390806+50650760*A7
    [2026-05-13 21:12:48] MBM reduction k=0/4 (4 products)...
    [2026-05-13 21:12:48] MBM reduction k=1/4 (4 products)...
    [2026-05-13 21:12:48] MBM reduction k=2/4 (4 products)...
    [2026-05-13 21:12:48] MBM reduction k=3/4 (4 products)...
  [2026-05-13 21:12:48] Component 1/3 (14 polys)

[DEBUG solveVarRule] sector=[1,0,0,1,1,1,0] nb=4 VarIndep=[A6,A7] VarDep=[A1,A2,A3,A4,A5]
  compGb:
    [0] A7^2-14179552*A7+70282125
    [1] A6^2+A6-43431031*A7-82231372
    [2] A5-48862522*A7-13226181
    [3] A4-58138081*A7+72707869
    [4] A3+20518382*A6*A7-1103733*A6-63296476*A7-88481910
    [5] A2-59950654*A6*A7-44944912*A6+29975327*A7-67239880
    [6] A1+A6+1
    [7] B7+84081425*A7+2361321
    [8] B6+84081425*A6*A7+2361319*A6+84081425*A7+2361319
    [9] B5+84081425*A7+2361320
    [10] B4-14343157*A7+82723684
    [11] B3+14343157*A6*A7-82723680*A6+3
    [12] B2-84081425*A6*A7-2361319*A6+2
    [13] B1-84081425*A6*A7-2361319*A6
  VarRule result:
    A1 -> 179424672+179424672*A6
    A2 -> 67239880+149449346*A7+44944912*A6+59950654*A6*A7
    A3 -> 88481910+63296476*A7+1103733*A6+158906291*A6*A7
    A4 -> 106716804+58138081*A7
    A5 -> 13226181+48862522*A7
    [2026-05-13 21:12:48] MBM reduction k=0/4 (4 products)...
    [2026-05-13 21:12:48] MBM reduction k=1/4 (4 products)...
    [2026-05-13 21:12:48] MBM reduction k=2/4 (4 products)...
    [2026-05-13 21:12:48] MBM reduction k=3/4 (4 products)...
  [2026-05-13 21:12:48] Component 2/3 (14 polys)

[DEBUG solveVarRule] sector=[1,0,0,1,1,1,0] nb=5 VarIndep=[A7] VarDep=[A1,A2,A3,A4,A5,A6]
  compGb:
    [0] A7^5+35884931*A7^4-8971215*A7^3+80741122*A7^2+80741109*A7+71769870
    [1] A6-23258754*A7^4-71437601*A7^3-74760282*A7^2+1661337*A7+73098941
    [2] A5+949337*A7^4+67402919*A7^3-22784083*A7^2-21834749*A7-35125465
    [3] A4-87823981*A7^4-25957143*A7^3+66386521*A7^2-51774966*A7+7924902
    [4] A3+30153449*A7^4-8107963*A7^3-14172895*A7^2+59766763*A7+80925729
    [5] A2+44966597*A7^4-67670753*A7^3-20407238*A7^2+6802412*A7-883430
    [6] A1-23258754*A7^4-71437601*A7^3-74760282*A7^2+1661337*A7+73098941
    [7] B7-44856167*A7^4+89712332*A7^3-56070187*A7^2+11214066*A7+56070218
    [8] B6-56070210*A7^4+22428083*A7^3-58873715*A7^2-86908820*A7+14017555
    [9] B5-44856167*A7^4+89712332*A7^3-56070187*A7^2+11214066*A7+56070217
    [10] B4-86461889*A7^4+35104825*A7^3+62246071*A7^2+15114579*A7+41768244
    [11] B3-76873071*A7^4+84836666*A7^3+284414*A7^2+4753773*A7+6866570
    [12] B2-56070210*A7^4+22428083*A7^3-58873715*A7^2-86908820*A7+14017557
    [13] B1-56070210*A7^4+22428083*A7^3-58873715*A7^2-86908820*A7+14017555
  VarRule result:
    A1 -> 106325732+177763336*A7+74760282*A7^2+71437601*A7^3+23258754*A7^4
    A2 -> 883430+172622261*A7+20407238*A7^2+67670753*A7^3+134458076*A7^4
    A3 -> 98498944+119657910*A7+14172895*A7^2+8107963*A7^3+149271224*A7^4
    A4 -> 171499771+51774966*A7+113038152*A7^2+25957143*A7^3+87823981*A7^4
    A5 -> 35125465+21834749*A7+22784083*A7^2+112021754*A7^3+178475336*A7^4
    A6 -> 106325732+177763336*A7+74760282*A7^2+71437601*A7^3+23258754*A7^4
    [2026-05-13 21:12:48] MBM reduction k=0/5 (5 products)...
    [2026-05-13 21:12:48] MBM reduction k=1/5 (5 products)...
    [2026-05-13 21:12:48] MBM reduction k=2/5 (5 products)...
    [2026-05-13 21:12:48] MBM reduction k=3/5 (5 products)...
    [2026-05-13 21:12:48] MBM reduction k=4/5 (5 products)...
  -> 3 region(s) in 0.543 s
  Found 3 region(s) total
  [TIMING] Step 3: 0.543 s

[Step 4] Building recursion + ring matrices...
  Region 0: nb=4
  Region 1: nb=4
  Region 2: nb=5
  [TIMING] Step 4: 0.019 s

[Step 5] Writing .bin files...
Written 3 regime(s) to workspace/C019-TB123m-region-solve-cpp/SectorCache/IBPMat_TB123m_sector_1001110.bin
Written 3 ring cell(s) to workspace/C019-TB123m-region-solve-cpp/SectorCache/RingData_TB123m_sector_1001110.bin
  [TIMING] Step 5: 0.002 s

[TIMING] Total wall-clock: 0.628 s

Done. Output:
  workspace/C019-TB123m-region-solve-cpp/SectorCache/IBPMat_TB123m_sector_1001110.bin
  workspace/C019-TB123m-region-solve-cpp/SectorCache/RingData_TB123m_sector_1001110.bin
