=== FamilyGenerate ===
Family: TB123m (L=2 E=2 N=7)
Modulus: 179424673

[Step 1] Generating IBP equations...
[IBPEqGenerator] Family TB123m: ne=7 nl=2 nE=2 nIBP=8 subsectors=57
[IBPEqGenerator] Step 1: Running SP2PD...
[IBPEqGenerator] SP2PD OK: 7 scalar products → z-basis
[IBPEqGenerator] Step 2: Computing derivatives...
[IBPEqGenerator] Derivatives OK: 56 polynomials computed
[IBPEqGenerator] Step 3: Assembling IBP equations (mon2F)...
[IBPEqGenerator] Generated 8 IBP equations with 114 total g-operator terms.
  ne=7 nibp=8 subsectors=57
  [TIMING] Step 1: 0.068 s

[Step 2] Extracting FTable...
  nibp=8 ne=7
  [TIMING] Step 2: 0 s

[Step 3] Solving sectors...
  Filtering: sector = 0110100
  Solving sector [0110100]
  [2026-05-13 21:12:21] Singular minAssGTZ starting...
  [Singular minAssGTZ] 0.080358 s, kept=2
  [2026-05-13 21:12:21] Singular minAssGTZ done
  [2026-05-13 21:12:21] Component 0/2 (14 polys)
  [2026-05-13 21:12:21] Component 1/2 (14 polys)

[DEBUG solveVarRule] sector=[0,1,1,0,1,0,0] nb=2 VarIndep=[A6] VarDep=[A1,A2,A3,A4,A5,A7]
  compGb:
    [0] A7-89712336
    [1] A6^2-75242604*A6-86818390
    [2] A5+1
    [3] A4-44856168
    [4] A3-71769863*A6+3
    [5] A2+71769863*A6-2
    [6] A1-A6
    [7] B7+2
    [8] B6-71769863*A6+5
    [9] B5+1
    [10] B4+4
    [11] B3-31*A6-10
    [12] B2+31*A6+15
    [13] B1-71769863*A6+5
  VarRule result:
    A1 -> A6
    A2 -> 2+107654810*A6
    A3 -> 179424670+71769863*A6
    A4 -> 44856168
    A5 -> 179424672
    A7 -> 89712336
    [2026-05-13 21:12:21] MBM reduction k=0/2 (2 products)...
    [2026-05-13 21:12:21] MBM reduction k=1/2 (2 products)...
  -> 2 region(s) in 0.134 s
  Found 2 region(s) total
  [TIMING] Step 3: 0.134 s

[Step 4] Building recursion + ring matrices...
  Region 0: nb=1
  Region 1: nb=2
  [TIMING] Step 4: 0.006 s

[Step 5] Writing .bin files...
Written 2 regime(s) to workspace/C019-TB123m-region-solve-cpp/SectorCache/IBPMat_TB123m_sector_0110100.bin
Written 2 ring cell(s) to workspace/C019-TB123m-region-solve-cpp/SectorCache/RingData_TB123m_sector_0110100.bin
  [TIMING] Step 5: 0 s

[TIMING] Total wall-clock: 0.218 s

Done. Output:
  workspace/C019-TB123m-region-solve-cpp/SectorCache/IBPMat_TB123m_sector_0110100.bin
  workspace/C019-TB123m-region-solve-cpp/SectorCache/RingData_TB123m_sector_0110100.bin
