=== FamilyGenerate ===
Family: TB123m (L=2 E=2 N=7)
Modulus: 179424673

[Step 1] Generating IBP equations...
[IBPEqGenerator] Family TB123m: ne=7 nl=2 nE=2 nIBP=8 subsectors=57
[IBPEqGenerator] Step 1: Running SP2PD...
[IBPEqGenerator] SP2PD OK: 7 scalar products → z-basis
[IBPEqGenerator] Step 2: Computing derivatives...
[IBPEqGenerator] Derivatives OK: 56 polynomials computed
[IBPEqGenerator] Step 3: Assembling IBP equations (mon2F)...
[IBPEqGenerator] Generated 8 IBP equations with 114 total g-operator terms.
  ne=7 nibp=8 subsectors=57
  [TIMING] Step 1: 0.051 s

[Step 2] Extracting FTable...
  nibp=8 ne=7
  [TIMING] Step 2: 0 s

[Step 3] Solving sectors...
  Filtering: sector = 0101010
  Solving sector [0101010]
  [2026-05-13 21:12:24] Singular minAssGTZ starting...
  [Singular minAssGTZ] 0.104703 s, kept=4
  [2026-05-13 21:12:24] Singular minAssGTZ done
  [2026-05-13 21:12:24] Component 0/4 (14 polys)

[DEBUG solveVarRule] sector=[0,1,0,1,0,1,0] nb=2 VarIndep=[A7] VarDep=[A1,A2,A3,A4,A5,A6]
  compGb:
    [0] A7^2+74760281*A7-79744299
    [1] A6+2*A7-59808223
    [2] A5-76896289*A7-34176128
    [3] A4+2*A7-59808223
    [4] A3+2*A7+29904113
    [5] A2-2*A7+59808224
    [6] A1-A7-59808224
    [7] B7+9*A7-44856163
    [8] B6-3*A7-44856168
    [9] B5-71769865*A7-80741099
    [10] B4-3*A7-44856168
    [11] B3-12*A7-2
    [12] B2+12*A7+5
    [13] B1+35884937*A7-71769867
  VarRule result:
    A1 -> 59808224+A7
    A2 -> 119616449+2*A7
    A3 -> 149520560+179424671*A7
    A4 -> 59808223+179424671*A7
    A5 -> 34176128+76896289*A7
    A6 -> 59808223+179424671*A7
    [2026-05-13 21:12:24] MBM reduction k=0/2 (2 products)...
    [2026-05-13 21:12:24] MBM reduction k=1/2 (2 products)...
  [2026-05-13 21:12:24] Component 1/4 (14 polys)

[DEBUG solveVarRule] sector=[0,1,0,1,0,1,0] nb=2 VarIndep=[A7] VarDep=[A1,A2,A3,A4,A5,A6]
  compGb:
    [0] A7^2+74760281*A7-79744299
    [1] A6-2*A7+59808224
    [2] A5-76896289*A7-34176128
    [3] A4+2*A7-59808223
    [4] A3-14706941*A7-38238045
    [5] A2+2*A7-59808223
    [6] A1+78010727*A7+70209655
    [7] B7+9*A7-44856163
    [8] B6+12*A7+5
    [9] B5-71769865*A7-80741099
    [10] B4-3*A7-44856168
    [11] B3+9*A7-44856162
    [12] B2-3*A7-44856168
    [13] B1+71769871*A7-8971231
  VarRule result:
    A1 -> 109215018+101413946*A7
    A2 -> 59808223+179424671*A7
    A3 -> 38238045+14706941*A7
    A4 -> 59808223+179424671*A7
    A5 -> 34176128+76896289*A7
    A6 -> 119616449+2*A7
    [2026-05-13 21:12:24] MBM reduction k=0/2 (2 products)...
    [2026-05-13 21:12:24] MBM reduction k=1/2 (2 products)...
  [2026-05-13 21:12:24] Component 2/4 (14 polys)
  [2026-05-13 21:12:24] Component 3/4 (14 polys)

[DEBUG solveVarRule] sector=[0,1,0,1,0,1,0] nb=2 VarIndep=[A7] VarDep=[A1,A2,A3,A4,A5,A6]
  compGb:
    [0] A7^2-44856168*A7-44856168
    [1] A6-59808225*A7+59808225
    [2] A5+59808224*A7+74760281
    [3] A4+59808225*A7-59808224
    [4] A3+64710538*A7+26472493
    [5] A2-59808225*A7+59808225
    [6] A1-85811800*A7-15602145
    [7] B7+4*A7+1
    [8] B6+A7-44856167
    [9] B5+71769870*A7-35884933
    [10] B4-4*A7+1
    [11] B3-3*A7-44856165
    [12] B2+A7-44856167
    [13] B1+35884934*A7+26913703
  VarRule result:
    A1 -> 15602145+85811800*A7
    A2 -> 119616448+59808225*A7
    A3 -> 152952180+114714135*A7
    A4 -> 59808224+119616448*A7
    A5 -> 104664392+119616449*A7
    A6 -> 119616448+59808225*A7
    [2026-05-13 21:12:24] MBM reduction k=0/2 (2 products)...
    [2026-05-13 21:12:24] MBM reduction k=1/2 (2 products)...
  -> 4 region(s) in 0.199 s
  Found 4 region(s) total
  [TIMING] Step 3: 0.2 s

[Step 4] Building recursion + ring matrices...
  Region 0: nb=2
  Region 1: nb=2
  Region 2: nb=1
  Region 3: nb=2
  [TIMING] Step 4: 0.012 s

[Step 5] Writing .bin files...
Written 4 regime(s) to workspace/C019-TB123m-region-solve-cpp/SectorCache/IBPMat_TB123m_sector_0101010.bin
Written 4 ring cell(s) to workspace/C019-TB123m-region-solve-cpp/SectorCache/RingData_TB123m_sector_0101010.bin
  [TIMING] Step 5: 0 s

[TIMING] Total wall-clock: 0.268 s

Done. Output:
  workspace/C019-TB123m-region-solve-cpp/SectorCache/IBPMat_TB123m_sector_0101010.bin
  workspace/C019-TB123m-region-solve-cpp/SectorCache/RingData_TB123m_sector_0101010.bin
