=== FamilyGenerate ===
Family: TB123m (L=2 E=2 N=7)
Modulus: 179424673

[Step 1] Generating IBP equations...
[IBPEqGenerator] Family TB123m: ne=7 nl=2 nE=2 nIBP=8 subsectors=57
[IBPEqGenerator] Step 1: Running SP2PD...
[IBPEqGenerator] SP2PD OK: 7 scalar products → z-basis
[IBPEqGenerator] Step 2: Computing derivatives...
[IBPEqGenerator] Derivatives OK: 56 polynomials computed
[IBPEqGenerator] Step 3: Assembling IBP equations (mon2F)...
[IBPEqGenerator] Generated 8 IBP equations with 114 total g-operator terms.
  ne=7 nibp=8 subsectors=57
  [TIMING] Step 1: 0.048 s

[Step 2] Extracting FTable...
  nibp=8 ne=7
  [TIMING] Step 2: 0 s

[Step 3] Solving sectors...
  Filtering: sector = 0110110
  Solving sector [0110110]
  [2026-05-13 21:12:54] Singular minAssGTZ starting...
  [Singular minAssGTZ] 2.88903 s, kept=7
  [2026-05-13 21:12:57] Singular minAssGTZ done
  [2026-05-13 21:12:57] Component 0/7 (14 polys)
  [2026-05-13 21:12:57] Component 1/7 (14 polys)
  [2026-05-13 21:12:57] Component 2/7 (14 polys)
  [2026-05-13 21:12:57] Component 3/7 (14 polys)

[DEBUG solveVarRule] sector=[0,1,1,0,1,1,0] nb=2 VarIndep=[A7] VarDep=[A1,A2,A3,A4,A5,A6]
  compGb:
    [0] A7^2-44196350*A7+44102540
    [1] A6-37481782*A7-59598912
    [2] A5-37481782*A7-59598912
    [3] A4+80560764*A7-60684222
    [4] A3+64047152*A7+80785193
    [5] A2+59796246*A7-77089077
    [6] A1-58305362*A7+58121221
    [7] B7+47151077*A7-65494575
    [8] B6+20482579*A7-15266442
    [9] B5+20482579*A7-15266442
    [10] B4+63450934*A7+22875525
    [11] B3-11557647*A7+15218160
    [12] B2-44157361*A7+17902636
    [13] B1+81930316*A7-61065771
  VarRule result:
    A1 -> 121303452+58305362*A7
    A2 -> 77089077+119628427*A7
    A3 -> 98639480+115377521*A7
    A4 -> 60684222+98863909*A7
    A5 -> 59598912+37481782*A7
    A6 -> 59598912+37481782*A7
    [2026-05-13 21:12:57] MBM reduction k=0/2 (2 products)...
    [2026-05-13 21:12:57] MBM reduction k=1/2 (2 products)...
  [2026-05-13 21:12:57] Component 4/7 (14 polys)

[DEBUG solveVarRule] sector=[0,1,1,0,1,1,0] nb=4 VarIndep=[A7] VarDep=[A1,A2,A3,A4,A5,A6]
  compGb:
    [0] A7^4+34101411*A7^3+9888936*A7^2+49699790*A7-20961682
    [1] A6+42942469*A7^3-75015213*A7^2-83352440*A7+59540205
    [2] A5+42942469*A7^3-75015213*A7^2-83352440*A7+59540205
    [3] A4-22617031*A7^3-33516531*A7^2-65556008*A7-7073864
    [4] A3+56926866*A7^3-27502005*A7^2-46115886*A7-31343067
    [5] A2+89166534*A7^3+32653041*A7^2-31081660*A7-54179109
    [6] A1-20386304*A7^3-65164997*A7^2+6236710*A7-84830108
    [7] B7-37608802*A7^3-5589462*A7^2+67330382*A7-28136327
    [8] B6-78683694*A7^3-1949842*A7^2-19452264*A7-83433545
    [9] B5-78683694*A7^3-1949842*A7^2-19452264*A7-83433545
    [10] B4+22961150*A7^3+10160148*A7^2-50067099*A7+57852564
    [11] B3+67979585*A7^3+16420612*A7^2+40385947*A7-51161968
    [12] B2-53160319*A7^3-15078608*A7^2-83668437*A7-43715074
    [13] B1+44114570*A7^3-7799368*A7^2-77809056*A7+25115163
  VarRule result:
    A1 -> 84830108+173187963*A7+65164997*A7^2+20386304*A7^3
    A2 -> 54179109+31081660*A7+146771632*A7^2+90258139*A7^3
    A3 -> 31343067+46115886*A7+27502005*A7^2+122497807*A7^3
    A4 -> 7073864+65556008*A7+33516531*A7^2+22617031*A7^3
    A5 -> 119884468+83352440*A7+75015213*A7^2+136482204*A7^3
    A6 -> 119884468+83352440*A7+75015213*A7^2+136482204*A7^3
    [2026-05-13 21:12:57] MBM reduction k=0/4 (4 products)...
    [2026-05-13 21:12:57] MBM reduction k=1/4 (4 products)...
    [2026-05-13 21:12:57] MBM reduction k=2/4 (4 products)...
    [2026-05-13 21:12:57] MBM reduction k=3/4 (4 products)...
  [2026-05-13 21:12:57] Component 5/7 (14 polys)

[DEBUG solveVarRule] sector=[0,1,1,0,1,1,0] nb=4 VarIndep=[A7] VarDep=[A1,A2,A3,A4,A5,A6]
  compGb:
    [0] A7^4+58064447*A7^3-34602986*A7^2+52974766*A7+50553242
    [1] A6-15363054*A7^3+41545919*A7^2+36168192*A7-10166555
    [2] A5+15363054*A7^3-41545919*A7^2-36168192*A7+10166556
    [3] A4+84226573*A7^3+44006579*A7^2+87280086*A7-89172766
    [4] A3+80500499*A7^3-5652745*A7^2+2940533*A7+13735293
    [5] A2-73728091*A7^3-67999079*A7^2+51854925*A7-30990726
    [6] A1+36274614*A7^3-36852324*A7^2+30233670*A7+83868316
    [7] B7-12263346*A7^3-5441208*A7^2+67072506*A7+52694908
    [8] B6+53279663*A7^3-77877448*A7^2-57674399*A7-26628634
    [9] B5+86398588*A7^3+56725005*A7^2+40712640*A7-81395308
    [10] B4-58617928*A7^3+67418069*A7^2+65412303*A7-58963327
    [11] B3-80029465*A7^3-72603126*A7^2-63472217*A7+41189161
    [12] B2-35534413*A7^3+78211929*A7^2-82069654*A7+12073959
    [13] B1-39746422*A7^3-21152443*A7^2-16961759*A7+71400732
  VarRule result:
    A1 -> 95556357+149191003*A7+36852324*A7^2+143150059*A7^3
    A2 -> 30990726+127569748*A7+67999079*A7^2+73728091*A7^3
    A3 -> 165689380+176484140*A7+5652745*A7^2+98924174*A7^3
    A4 -> 89172766+92144587*A7+135418094*A7^2+95198100*A7^3
    A5 -> 169258117+36168192*A7+41545919*A7^2+164061619*A7^3
    A6 -> 10166555+143256481*A7+137878754*A7^2+15363054*A7^3
    [2026-05-13 21:12:57] MBM reduction k=0/4 (4 products)...
    [2026-05-13 21:12:57] MBM reduction k=1/4 (4 products)...
    [2026-05-13 21:12:57] MBM reduction k=2/4 (4 products)...
    [2026-05-13 21:12:57] MBM reduction k=3/4 (4 products)...
  [2026-05-13 21:12:57] Component 6/7 (14 polys)

[DEBUG solveVarRule] sector=[0,1,1,0,1,1,0] nb=6 VarIndep=[A7] VarDep=[A1,A2,A3,A4,A5,A6]
  compGb:
    [0] A7^6+20744279*A7^5-81790466*A7^4+55638857*A7^3-86846063*A7^2+17222783*A7+71262228
    [1] A6+5488723*A7^5-5826374*A7^4+40565139*A7^3-69925912*A7^2+8752438*A7+77702635
    [2] A5-5488723*A7^5+5826374*A7^4-40565139*A7^3+69925912*A7^2-8752438*A7-77702634
    [3] A4-19586123*A7^5-39620747*A7^4-88684811*A7^3-21672390*A7^2+57961152*A7-70260375
    [4] A3-78813500*A7^5-86894590*A7^4+38769928*A7^3+70174868*A7^2+1559847*A7+79791407
    [5] A2-26564289*A7^5-37835063*A7^4+20807197*A7^3-4841386*A7^2+19336404*A7-58781294
    [6] A1-37250162*A7^5-76868785*A7^4+71637558*A7^3+49781558*A7^2+65492132*A7-32384285
    [7] B7-38276207*A7^5-5450701*A7^4+19612839*A7^3-33659864*A7^2-54087736*A7-51552165
    [8] B6+74865663*A7^5-42814194*A7^4-53039649*A7^3-10360290*A7^2+21873377*A7-82615531
    [9] B5-56560724*A7^5-7250154*A7^4+77233713*A7^3-76174206*A7^2-69098147*A7-54054099
    [10] B4-20065489*A7^5-7909098*A7^4-40157704*A7^3-63116138*A7^2+49872432*A7+41314115
    [11] B3+63999845*A7^5+69456030*A7^4-14421168*A7^3+70075826*A7^2-68562645*A7+77246772
    [12] B2-53794426*A7^5+16926628*A7^4-827756*A7^3-47316617*A7^2+46670712*A7-17023110
    [13] B1+18304939*A7^5-50064348*A7^4+24194064*A7^3-86534496*A7^2-47224770*A7+42755044
  VarRule result:
    A1 -> 32384285+113932541*A7+129643115*A7^2+107787115*A7^3+76868785*A7^4+37250162*A7^5
    A2 -> 58781294+160088269*A7+4841386*A7^2+158617476*A7^3+37835063*A7^4+26564289*A7^5
    A3 -> 99633266+177864826*A7+109249805*A7^2+140654745*A7^3+86894590*A7^4+78813500*A7^5
    A4 -> 70260375+121463521*A7+21672390*A7^2+88684811*A7^3+39620747*A7^4+19586123*A7^5
    A5 -> 77702634+8752438*A7+109498761*A7^2+40565139*A7^3+173598299*A7^4+5488723*A7^5
    A6 -> 101722038+170672235*A7+69925912*A7^2+138859534*A7^3+5826374*A7^4+173935950*A7^5
    [2026-05-13 21:12:57] MBM reduction k=0/6 (6 products)...
    [2026-05-13 21:12:57] MBM reduction k=1/6 (6 products)...
    [2026-05-13 21:12:57] MBM reduction k=2/6 (6 products)...
    [2026-05-13 21:12:57] MBM reduction k=3/6 (6 products)...
    [2026-05-13 21:12:57] MBM reduction k=4/6 (6 products)...
    [2026-05-13 21:12:57] MBM reduction k=5/6 (6 products)...
  -> 7 region(s) in 3.11 s
  Found 7 region(s) total
  [TIMING] Step 3: 3.11 s

[Step 4] Building recursion + ring matrices...
  Region 0: nb=1
  Region 1: nb=1
  Region 2: nb=1
  Region 3: nb=2
  Region 4: nb=4
  Region 5: nb=4
  Region 6: nb=6
  [TIMING] Step 4: 0.035 s

[Step 5] Writing .bin files...
Written 7 regime(s) to workspace/C019-TB123m-region-solve-cpp/SectorCache/IBPMat_TB123m_sector_0110110.bin
Written 7 ring cell(s) to workspace/C019-TB123m-region-solve-cpp/SectorCache/RingData_TB123m_sector_0110110.bin
  [TIMING] Step 5: 0.003 s

[TIMING] Total wall-clock: 3.202 s

Done. Output:
  workspace/C019-TB123m-region-solve-cpp/SectorCache/IBPMat_TB123m_sector_0110110.bin
  workspace/C019-TB123m-region-solve-cpp/SectorCache/RingData_TB123m_sector_0110110.bin
