=== FamilyGenerate ===
Family: TB123m (L=2 E=2 N=7)
Modulus: 179424673

[Step 1] Generating IBP equations...
[IBPEqGenerator] Family TB123m: ne=7 nl=2 nE=2 nIBP=8 subsectors=57
[IBPEqGenerator] Step 1: Running SP2PD...
[IBPEqGenerator] SP2PD OK: 7 scalar products → z-basis
[IBPEqGenerator] Step 2: Computing derivatives...
[IBPEqGenerator] Derivatives OK: 56 polynomials computed
[IBPEqGenerator] Step 3: Assembling IBP equations (mon2F)...
[IBPEqGenerator] Generated 8 IBP equations with 114 total g-operator terms.
  ne=7 nibp=8 subsectors=57
  [TIMING] Step 1: 0.04 s

[Step 2] Extracting FTable...
  nibp=8 ne=7
  [TIMING] Step 2: 0 s

[Step 3] Solving sectors...
  Filtering: sector = 1101110
  Solving sector [1101110]
  [2026-05-13 21:21:30] Singular minAssGTZ starting...
  [Singular minAssGTZ] 273.463 s, kept=5
  [2026-05-13 21:26:03] Singular minAssGTZ done
  [2026-05-13 21:26:03] Component 0/5 (14 polys)
  [2026-05-13 21:26:03] Component 1/5 (14 polys)
  [2026-05-13 21:26:03] Component 2/5 (14 polys)

[DEBUG solveVarRule] sector=[1,1,0,1,1,1,0] nb=5 VarIndep=[A7] VarDep=[A1,A2,A3,A4,A5,A6]
  compGb:
    [0] A7^5+42081797*A7^4+86591387*A7^3-3375414*A7^2-42485893*A7+35749987
    [1] A6-65503859*A7^4+80134418*A7^3-44762135*A7^2+65906601*A7-19233641
    [2] A5-21315467*A7^4-34939824*A7^3+25318438*A7^2+40257410*A7-52800514
    [3] A4-36399688*A7^4+82676240*A7^3-13988238*A7^2+44089694*A7-58636557
    [4] A3+60225088*A7^4+83908368*A7^3+52799611*A7^2+60008932*A7+56051648
    [5] A2+45436706*A7^4+76454476*A7^3-38772056*A7^2+59305396*A7-62864664
    [6] A1+25653655*A7^4-81078388*A7^3-577744*A7^2-58447260*A7-22364272
    [7] B7-2193022*A7^4+56238324*A7^3-22661869*A7^2+12851820*A7-43280159
    [8] B6-27358714*A7^4-31781568*A7^3+30104553*A7^2+66382731*A7-42311359
    [9] B5+80186220*A7^4+51196706*A7^3+72147407*A7^2-88581726*A7+79515487
    [10] B4-15789466*A7^4+33202428*A7^3-88797780*A7^2-33754564*A7-51667962
    [11] B3+2239628*A7^4-1193878*A7^3+3445468*A7^2-4142550*A7-49212999
    [12] B2-70104241*A7^4+79392985*A7^3+41836320*A7^2+82649562*A7+80590002
    [13] B1+17508109*A7^4-76348083*A7^3-87405333*A7^2-67027647*A7+4037017
  VarRule result:
    A1 -> 22364272+58447260*A7+577744*A7^2+81078388*A7^3+153771018*A7^4
    A2 -> 62864664+120119277*A7+38772056*A7^2+102970197*A7^3+133987967*A7^4
    A3 -> 123373025+119415741*A7+126625062*A7^2+95516305*A7^3+119199585*A7^4
    A4 -> 58636557+135334979*A7+13988238*A7^2+96748433*A7^3+36399688*A7^4
    A5 -> 52800514+139167263*A7+154106235*A7^2+34939824*A7^3+21315467*A7^4
    A6 -> 19233641+113518072*A7+44762135*A7^2+99290255*A7^3+65503859*A7^4
    [2026-05-13 21:26:03] MBM reduction k=0/5 (5 products)...
    [2026-05-13 21:26:03] MBM reduction k=1/5 (5 products)...
    [2026-05-13 21:26:03] MBM reduction k=2/5 (5 products)...
    [2026-05-13 21:26:03] MBM reduction k=3/5 (5 products)...
    [2026-05-13 21:26:03] MBM reduction k=4/5 (5 products)...
  [2026-05-13 21:26:03] Component 3/5 (14 polys)

[DEBUG solveVarRule] sector=[1,1,0,1,1,1,0] nb=6 VarIndep=[A7] VarDep=[A1,A2,A3,A4,A5,A6]
  compGb:
    [0] A7^6-19695546*A7^5+41610945*A7^4+21691747*A7^3+86461866*A7^2+36058263*A7+67834363
    [1] A6-54937060*A7^5+63466404*A7^4-87442468*A7^3-83012873*A7^2+82722063*A7-12421945
    [2] A5-49487560*A7^5+86169046*A7^4-63333019*A7^3+60490388*A7^2+47821676*A7+8088938
    [3] A4-23498814*A7^5-25645648*A7^4+18839537*A7^3-28716228*A7^2+3223705*A7+46590662
    [4] A3-34584245*A7^5+22786864*A7^4+43577527*A7^3-3774280*A7^2+61002380*A7-61559347
    [5] A2+79834154*A7^5+76628905*A7^4+10869972*A7^3+17543428*A7^2-37614912*A7+58508366
    [6] A1-949306*A7^5-33478417*A7^4+5530262*A7^3+25463380*A7^2+21979498*A7-4669315
    [7] B7-76428754*A7^5-40937287*A7^4+44741425*A7^3+17746382*A7^2-18335640*A7+44697057
    [8] B6+51353395*A7^5-69845296*A7^4-40481472*A7^3-80277061*A7^2-55421123*A7+47814905
    [9] B5+77388071*A7^5-33875550*A7^4+21007819*A7^3+65816746*A7^2+74687435*A7+268765
    [10] B4-65169610*A7^5+13387144*A7^4-77095428*A7^3+57686971*A7^2-3384055*A7+73718677
    [11] B3-16152981*A7^5+3763096*A7^4-2831964*A7^3-67941965*A7^2+77631160*A7+10909697
    [12] B2+38999284*A7^5+50668233*A7^4+14886777*A7^3-7167793*A7^2-10353347*A7+48854859
    [13] B1-30995761*A7^5+39798270*A7^4-48464966*A7^3+60484375*A7^2-56504098*A7-567055
  VarRule result:
    A1 -> 4669315+157445175*A7+153961293*A7^2+173894411*A7^3+33478417*A7^4+949306*A7^5
    A2 -> 120916307+37614912*A7+161881245*A7^2+168554701*A7^3+102795768*A7^4+99590519*A7^5
    A3 -> 61559347+118422293*A7+3774280*A7^2+135847146*A7^3+156637809*A7^4+34584245*A7^5
    A4 -> 132834011+176200968*A7+28716228*A7^2+160585136*A7^3+25645648*A7^4+23498814*A7^5
    A5 -> 171335735+131602997*A7+118934285*A7^2+63333019*A7^3+93255627*A7^4+49487560*A7^5
    A6 -> 12421945+96702610*A7+83012873*A7^2+87442468*A7^3+115958269*A7^4+54937060*A7^5
    [2026-05-13 21:26:03] MBM reduction k=0/6 (6 products)...
    [2026-05-13 21:26:03] MBM reduction k=1/6 (6 products)...
    [2026-05-13 21:26:03] MBM reduction k=2/6 (6 products)...
    [2026-05-13 21:26:03] MBM reduction k=3/6 (6 products)...
    [2026-05-13 21:26:03] MBM reduction k=4/6 (6 products)...
    [2026-05-13 21:26:03] MBM reduction k=5/6 (6 products)...
  [2026-05-13 21:26:04] Component 4/5 (14 polys)

[DEBUG solveVarRule] sector=[1,1,0,1,1,1,0] nb=30 VarIndep=[A7] VarDep=[A1,A2,A3,A4,A5,A6]
  compGb:
    [0] A7^30-1480351*A7^29+75363278*A7^28-34064665*A7^27-70261504*A7^26+19512154*A7^25-67152790*A7^24+26611518*A7^23+39656865*A7^22+4796685*A7^21-62260563*A7^20-55818849*A7^19-61523247*A7^18-38529388*A7^17-41586487*A7^16-4407963*A7^15+66049328*A7^14+4046608*A7^13-42872837*A7^12+51308498*A7^11-84210691*A7^10+31086811*A7^9+59487698*A7^8-31900678*A7^7-77299610*A7^6+54745104*A7^5-86228902*A7^4-31451272*A7^3+31455215*A7^2-74561501*A7-45827333
    [1] A6+2781722*A7^29+33070921*A7^28+42839118*A7^27+18793636*A7^26-2792447*A7^25+52697289*A7^24-73168076*A7^23-47959016*A7^22+19236926*A7^21+73873235*A7^20-67649212*A7^19+15768156*A7^18+47065769*A7^17-31580794*A7^16+12143442*A7^15+42729297*A7^14+69030594*A7^13-54886369*A7^12-46031532*A7^11-72720317*A7^10-33645770*A7^9-36102064*A7^8+23011030*A7^7+23894654*A7^6+51660255*A7^5-15152726*A7^4+41888542*A7^3-15125221*A7^2-38525455*A7-57551680
    [2] A5+68730013*A7^29+46004694*A7^28-8210076*A7^27+9105658*A7^26-80651914*A7^25+7217082*A7^24+29486518*A7^23-78344382*A7^22+80991522*A7^21-32011814*A7^20+22986315*A7^19+15257065*A7^18+38846665*A7^17+56862139*A7^16-40028530*A7^15+59435199*A7^14-87227559*A7^13+54862846*A7^12-22622362*A7^11+30544216*A7^10+37290559*A7^9+21031474*A7^8+56603093*A7^7+21015515*A7^6+35440787*A7^5+25605453*A7^4-79045014*A7^3+35802552*A7^2+83737019*A7-16651809
    [3] A4-4734128*A7^29-65389788*A7^28-57852743*A7^27-57355492*A7^26+42613773*A7^25+18188878*A7^24-34266333*A7^23-62774352*A7^22-33437328*A7^21+4795935*A7^20+87036278*A7^19+57424842*A7^18+24875581*A7^17-28683104*A7^16+71001306*A7^15+69949663*A7^14-84550112*A7^13-30879485*A7^12+70710021*A7^11+38766476*A7^10-44010792*A7^9+51116865*A7^8+16020808*A7^7+89098119*A7^6-28177266*A7^5-37572552*A7^4+36523996*A7^3+44368642*A7^2+45549430*A7+47424704
    [4] A3-53033350*A7^29+29968191*A7^28-12205253*A7^27+22102263*A7^26-70844733*A7^25+36435253*A7^24-52705990*A7^23-86990963*A7^22-11866361*A7^21-24699601*A7^20-66756962*A7^19+81000906*A7^18+38532391*A7^17-42136288*A7^16+87994739*A7^15+2901096*A7^14-2689925*A7^13+67722441*A7^12+48342087*A7^11-21861547*A7^10-16892524*A7^9-26968374*A7^8-188899*A7^7+14184728*A7^6-29381369*A7^5+208996*A7^4-63315355*A7^3+67287936*A7^2+59247774*A7+77091718
    [5] A2-40648555*A7^29-62013984*A7^28+83731786*A7^27-69443063*A7^26-84869694*A7^25-8149767*A7^24+35946886*A7^23-3036599*A7^22+26783108*A7^21-68219611*A7^20-58135503*A7^19-21907879*A7^18-25973002*A7^17+66360269*A7^16-31204680*A7^15+38944333*A7^14-69052983*A7^13-65288444*A7^12+20226235*A7^11-26488426*A7^10+11847276*A7^9+25808144*A7^8+2232551*A7^7-88430856*A7^6-87308983*A7^5+85537377*A7^4-23442233*A7^3+82996728*A7^2+72730714*A7-19373183
    [6] A1+67276259*A7^29-19130475*A7^28+53737237*A7^27+85680162*A7^26-33561828*A7^25-61874800*A7^24+85868672*A7^23-44343453*A7^22-28962865*A7^21+58831075*A7^20-59015783*A7^19+3510637*A7^18+83499377*A7^17+68087974*A7^16+7576189*A7^15+79935656*A7^14+1333664*A7^13+38937303*A7^12+46148203*A7^11+30169951*A7^10+75227932*A7^9-4052507*A7^8+89554683*A7^7-25311137*A7^6-40017492*A7^5-54420181*A7^4+43673636*A7^3-764543*A7^2-36955183*A7+57218773
    [7] B7+85258773*A7^29-32716260*A7^28+58241434*A7^27-64214972*A7^26-48097074*A7^25-18082765*A7^24+42743286*A7^23+11710989*A7^22+67570710*A7^21+50042719*A7^20+6321771*A7^19-6210752*A7^18-26363222*A7^17-68798758*A7^16+81823952*A7^15+20516211*A7^14+32974754*A7^13-52682142*A7^12+72847960*A7^11-79332165*A7^10-8237037*A7^9-48607094*A7^8-48223578*A7^7+9440539*A7^6+10643922*A7^5+61078600*A7^4+33326263*A7^3+33509573*A7^2+79419837*A7-2894064
    [8] B6-40912103*A7^29-3699805*A7^28+5763299*A7^27+61587367*A7^26-75999630*A7^25-46603362*A7^24-22675763*A7^23-76917752*A7^22-9984259*A7^21+84840421*A7^20-48746979*A7^19-12055428*A7^18+19785001*A7^17-71926337*A7^16-15435171*A7^15-52081400*A7^14+32343843*A7^13+64700188*A7^12+83918272*A7^11-6251330*A7^10+817330*A7^9-14964282*A7^8-60965165*A7^7-8482290*A7^6+18768156*A7^5-54887304*A7^4-65362825*A7^3+61260017*A7^2+65799984*A7+57218338
    [9] B5+18939023*A7^29-68063906*A7^28-61729140*A7^27-45597058*A7^26+5701441*A7^25+46164059*A7^24+71396399*A7^23-32034361*A7^22+21992630*A7^21-60500614*A7^20-75489910*A7^19+39319666*A7^18-7255618*A7^17-16583296*A7^16-22505939*A7^15+44288186*A7^14+14487953*A7^13+3408518*A7^12-84747838*A7^11+12869028*A7^10-32313885*A7^9-83203819*A7^8+63095810*A7^7-87305782*A7^6-9968016*A7^5+15230346*A7^4+35675549*A7^3+41657811*A7^2-36162030*A7+26638794
    [10] B4+57636948*A7^29+56641299*A7^28+80727582*A7^27+79392357*A7^26+17501455*A7^25-26318720*A7^24-80812519*A7^23+31768022*A7^22+8846194*A7^21+76682812*A7^20+67650712*A7^19+53011171*A7^18-77084899*A7^17+22328136*A7^16+14652721*A7^15-14310613*A7^14-52238091*A7^13+63206998*A7^12-56392474*A7^11+70297087*A7^10+82848538*A7^9-90926*A7^8+33337246*A7^7-31595182*A7^6-83190873*A7^5-48692271*A7^4+80885808*A7^3+82594729*A7^2+88512797*A7-88574078
    [11] B3+68231976*A7^29-71899533*A7^28+40932242*A7^27+20759357*A7^26+40439702*A7^25+39734245*A7^24-46455839*A7^23+22272443*A7^22+66483145*A7^21-23325197*A7^20-84006663*A7^19+39092513*A7^18+32690922*A7^17+8204884*A7^16+20684391*A7^15+52048995*A7^14-25877340*A7^13+77352184*A7^12+74038070*A7^11+59413675*A7^10+52985047*A7^9+31672695*A7^8-26250283*A7^7-36587851*A7^6-33006067*A7^5-35857491*A7^4-66141681*A7^3+81503118*A7^2+23757549*A7+20329466
    [12] B2+34867998*A7^29-28646721*A7^28+38076025*A7^27+79490561*A7^26-38204386*A7^25+82646705*A7^24+56616312*A7^23+45354018*A7^22-23470239*A7^21-34369703*A7^20+26161014*A7^19+50103389*A7^18+44825631*A7^17+57387999*A7^16+7336543*A7^15-21087696*A7^14-35860041*A7^13+36760819*A7^12+21297322*A7^11+86657725*A7^10+36509438*A7^9-78125385*A7^8+88446552*A7^7+87665668*A7^6+47440420*A7^5+16014934*A7^4+72528168*A7^3+57845961*A7^2+53107064*A7-54418723
    [13] B1+36202798*A7^29-3124278*A7^28-57959529*A7^27+59572629*A7^26+12362080*A7^25-76142705*A7^24-87933255*A7^23+27121358*A7^22+11110749*A7^21-65714058*A7^20+66916581*A7^19+48968998*A7^18+40217149*A7^17+16028445*A7^16+49444985*A7^15+86951182*A7^14+89135770*A7^13+46599662*A7^12-5016580*A7^11+78104510*A7^10+28710861*A7^9-71821077*A7^8-68382389*A7^7-84670322*A7^6+89375682*A7^5-60666924*A7^4+54579730*A7^3+52399440*A7^2-34373545*A7+31932624
  VarRule result:
    A1 -> 122205900+36955183*A7+764543*A7^2+135751037*A7^3+54420181*A7^4+40017492*A7^5+25311137*A7^6+89869990*A7^7+4052507*A7^8+104196741*A7^9+149254722*A7^10+133276470*A7^11+140487370*A7^12+178091009*A7^13+99489017*A7^14+171848484*A7^15+111336699*A7^16+95925296*A7^17+175914036*A7^18+59015783*A7^19+120593598*A7^20+28962865*A7^21+44343453*A7^22+93556001*A7^23+61874800*A7^24+33561828*A7^25+93744511*A7^26+125687436*A7^27+19130475*A7^28+112148414*A7^29
    A2 -> 19373183+106693959*A7+96427945*A7^2+23442233*A7^3+93887296*A7^4+87308983*A7^5+88430856*A7^6+177192122*A7^7+153616529*A7^8+167577397*A7^9+26488426*A7^10+159198438*A7^11+65288444*A7^12+69052983*A7^13+140480340*A7^14+31204680*A7^15+113064404*A7^16+25973002*A7^17+21907879*A7^18+58135503*A7^19+68219611*A7^20+152641565*A7^21+3036599*A7^22+143477787*A7^23+8149767*A7^24+84869694*A7^25+69443063*A7^26+95692887*A7^27+62013984*A7^28+40648555*A7^29
    A3 -> 102332955+120176899*A7+112136737*A7^2+63315355*A7^3+179215677*A7^4+29381369*A7^5+165239945*A7^6+188899*A7^7+26968374*A7^8+16892524*A7^9+21861547*A7^10+131082586*A7^11+111702232*A7^12+2689925*A7^13+176523577*A7^14+91429934*A7^15+42136288*A7^16+140892282*A7^17+98423767*A7^18+66756962*A7^19+24699601*A7^20+11866361*A7^21+86990963*A7^22+52705990*A7^23+142989420*A7^24+70844733*A7^25+157322410*A7^26+12205253*A7^27+149456482*A7^28+53033350*A7^29
    A4 -> 131999969+133875243*A7+135056031*A7^2+142900677*A7^3+37572552*A7^4+28177266*A7^5+90326554*A7^6+163403865*A7^7+128307808*A7^8+44010792*A7^9+140658197*A7^10+108714652*A7^11+30879485*A7^12+84550112*A7^13+109475010*A7^14+108423367*A7^15+28683104*A7^16+154549092*A7^17+121999831*A7^18+92388395*A7^19+174628738*A7^20+33437328*A7^21+62774352*A7^22+34266333*A7^23+161235795*A7^24+136810900*A7^25+57355492*A7^26+57852743*A7^27+65389788*A7^28+4734128*A7^29
    A5 -> 16651809+95687654*A7+143622121*A7^2+79045014*A7^3+153819220*A7^4+143983886*A7^5+158409158*A7^6+122821580*A7^7+158393199*A7^8+142134114*A7^9+148880457*A7^10+22622362*A7^11+124561827*A7^12+87227559*A7^13+119989474*A7^14+40028530*A7^15+122562534*A7^16+140578008*A7^17+164167608*A7^18+156438358*A7^19+32011814*A7^20+98433151*A7^21+78344382*A7^22+149938155*A7^23+172207591*A7^24+80651914*A7^25+170319015*A7^26+8210076*A7^27+133419979*A7^28+110694660*A7^29
    A6 -> 57551680+38525455*A7+15125221*A7^2+137536131*A7^3+15152726*A7^4+127764418*A7^5+155530019*A7^6+156413643*A7^7+36102064*A7^8+33645770*A7^9+72720317*A7^10+46031532*A7^11+54886369*A7^12+110394079*A7^13+136695376*A7^14+167281231*A7^15+31580794*A7^16+132358904*A7^17+163656517*A7^18+67649212*A7^19+105551438*A7^20+160187747*A7^21+47959016*A7^22+73168076*A7^23+126727384*A7^24+2792447*A7^25+160631037*A7^26+136585555*A7^27+146353752*A7^28+176642951*A7^29
    [2026-05-13 21:26:04] MBM reduction k=0/30 (30 products)...
    [2026-05-13 21:26:04] MBM reduction k=1/30 (30 products)...
    [2026-05-13 21:26:04] MBM reduction k=2/30 (30 products)...
    [2026-05-13 21:26:04] MBM reduction k=3/30 (30 products)...
    [2026-05-13 21:26:04] MBM reduction k=4/30 (30 products)...
    [2026-05-13 21:26:04] MBM reduction k=5/30 (30 products)...
    [2026-05-13 21:26:04] MBM reduction k=6/30 (30 products)...
    [2026-05-13 21:26:04] MBM reduction k=7/30 (30 products)...
    [2026-05-13 21:26:04] MBM reduction k=8/30 (30 products)...
    [2026-05-13 21:26:04] MBM reduction k=9/30 (30 products)...
    [2026-05-13 21:26:04] MBM reduction k=10/30 (30 products)...
    [2026-05-13 21:26:04] MBM reduction k=11/30 (30 products)...
    [2026-05-13 21:26:04] MBM reduction k=12/30 (30 products)...
    [2026-05-13 21:26:04] MBM reduction k=13/30 (30 products)...
    [2026-05-13 21:26:04] MBM reduction k=14/30 (30 products)...
    [2026-05-13 21:26:04] MBM reduction k=15/30 (30 products)...
    [2026-05-13 21:26:04] MBM reduction k=16/30 (30 products)...
    [2026-05-13 21:26:04] MBM reduction k=17/30 (30 products)...
    [2026-05-13 21:26:04] MBM reduction k=18/30 (30 products)...
    [2026-05-13 21:26:04] MBM reduction k=19/30 (30 products)...
    [2026-05-13 21:26:04] MBM reduction k=20/30 (30 products)...
    [2026-05-13 21:26:04] MBM reduction k=21/30 (30 products)...
    [2026-05-13 21:26:04] MBM reduction k=22/30 (30 products)...
    [2026-05-13 21:26:04] MBM reduction k=23/30 (30 products)...
    [2026-05-13 21:26:04] MBM reduction k=24/30 (30 products)...
    [2026-05-13 21:26:04] MBM reduction k=25/30 (30 products)...
    [2026-05-13 21:26:04] MBM reduction k=26/30 (30 products)...
    [2026-05-13 21:26:04] MBM reduction k=27/30 (30 products)...
    [2026-05-13 21:26:04] MBM reduction k=28/30 (30 products)...
    [2026-05-13 21:26:04] MBM reduction k=29/30 (30 products)...
  -> 5 region(s) in 273.851 s
  Found 5 region(s) total
  [TIMING] Step 3: 273.851 s

[Step 4] Building recursion + ring matrices...
  Region 0: nb=1
  Region 1: nb=1
  Region 2: nb=5
  Region 3: nb=6
  Region 4: nb=30
  [TIMING] Step 4: 0.292 s

[Step 5] Writing .bin files...
Written 5 regime(s) to workspace/C019-TB123m-region-solve-cpp/SectorCache/IBPMat_TB123m_sector_1101110.bin
Written 5 ring cell(s) to workspace/C019-TB123m-region-solve-cpp/SectorCache/RingData_TB123m_sector_1101110.bin
  [TIMING] Step 5: 0.039 s

[TIMING] Total wall-clock: 274.228 s

Done. Output:
  workspace/C019-TB123m-region-solve-cpp/SectorCache/IBPMat_TB123m_sector_1101110.bin
  workspace/C019-TB123m-region-solve-cpp/SectorCache/RingData_TB123m_sector_1101110.bin
