=== FamilyGenerate ===
Family: TB123m (L=2 E=2 N=7)
Modulus: 179424673

[Step 1] Generating IBP equations...
[IBPEqGenerator] Family TB123m: ne=7 nl=2 nE=2 nIBP=8 subsectors=57
[IBPEqGenerator] Step 1: Running SP2PD...
[IBPEqGenerator] SP2PD OK: 7 scalar products → z-basis
[IBPEqGenerator] Step 2: Computing derivatives...
[IBPEqGenerator] Derivatives OK: 56 polynomials computed
[IBPEqGenerator] Step 3: Assembling IBP equations (mon2F)...
[IBPEqGenerator] Generated 8 IBP equations with 114 total g-operator terms.
  ne=7 nibp=8 subsectors=57
  [TIMING] Step 1: 0.047 s

[Step 2] Extracting FTable...
  nibp=8 ne=7
  [TIMING] Step 2: 0 s

[Step 3] Solving sectors...
  Filtering: sector = 0111110
  Solving sector [0111110]
  [2026-05-13 21:17:00] Singular minAssGTZ starting...
  [Singular minAssGTZ] 266.384 s, kept=3
  [2026-05-13 21:21:26] Singular minAssGTZ done
  [2026-05-13 21:21:26] Component 0/3 (14 polys)
  [2026-05-13 21:21:26] Component 1/3 (14 polys)

[DEBUG solveVarRule] sector=[0,1,1,1,1,1,0] nb=7 VarIndep=[A7] VarDep=[A1,A2,A3,A4,A5,A6]
  compGb:
    [0] A7^7-35445653*A7^6-6095335*A7^5+9940788*A7^4-71768673*A7^3+55163978*A7^2+40976928*A7+2273028
    [1] A6-26125873*A7^6+37286045*A7^5-74248704*A7^4+83247969*A7^3+43735135*A7^2-15573747*A7-22453295
    [2] A5+78078046*A7^6-76867886*A7^5+26586202*A7^4+38793671*A7^3+64904162*A7^2+52933369*A7-61006397
    [3] A4+67306690*A7^6-43316080*A7^5-42395110*A7^4-36776081*A7^3-7469168*A7^2-48091025*A7+6896801
    [4] A3+24558192*A7^6-15254611*A7^5-36755763*A7^4-29896042*A7^3-34795748*A7^2+941375*A7+51455165
    [5] A2+5750878*A7^6+78073711*A7^5+20245920*A7^4+53700651*A7^3-55650098*A7^2+39480330*A7-36283469
    [6] A1+13983482*A7^6+4936777*A7^5-39294123*A7^4+24938186*A7^3+57032121*A7^2-53535989*A7-12267258
    [7] B7-66624936*A7^6-37639975*A7^5-67635009*A7^4+10141123*A7^3+39576238*A7^2-78328103*A7+68915294
    [8] B6+45842680*A7^6+82194921*A7^5-8464227*A7^4-11192801*A7^3+21581762*A7^2+66350967*A7-50001438
    [9] B5-78683027*A7^6-26234121*A7^5+58141004*A7^4+67416470*A7^3-12053974*A7^2-61860788*A7-18959405
    [10] B4-9775632*A7^6-65833194*A7^5-66169588*A7^4+14062228*A7^3+72110315*A7^2+86317940*A7+85134547
    [11] B3-61911567*A7^6-60345719*A7^5+27044160*A7^4+44217600*A7^3+79171611*A7^2-33544471*A7-40979416
    [12] B2-69232452*A7^6-74374261*A7^5+72893064*A7^4-50847319*A7^3-18380185*A7^2-33530081*A7+2217984
    [13] B1-62277788*A7^6-24802511*A7^5+36134861*A7^4+79199203*A7^3+48233159*A7^2+86604350*A7+20535014
  VarRule result:
    A1 -> 12267258+53535989*A7+122392552*A7^2+154486487*A7^3+39294123*A7^4+174487896*A7^5+165441191*A7^6
    A2 -> 36283469+139944343*A7+55650098*A7^2+125724022*A7^3+159178753*A7^4+101350962*A7^5+173673795*A7^6
    A3 -> 127969508+178483298*A7+34795748*A7^2+29896042*A7^3+36755763*A7^4+15254611*A7^5+154866481*A7^6
    A4 -> 172527872+48091025*A7+7469168*A7^2+36776081*A7^3+42395110*A7^4+43316080*A7^5+112117983*A7^6
    A5 -> 61006397+126491304*A7+114520511*A7^2+140631002*A7^3+152838471*A7^4+76867886*A7^5+101346627*A7^6
    A6 -> 22453295+15573747*A7+135689538*A7^2+96176704*A7^3+74248704*A7^4+142138628*A7^5+26125873*A7^6
    [2026-05-13 21:21:26] MBM reduction k=0/7 (7 products)...
    [2026-05-13 21:21:26] MBM reduction k=1/7 (7 products)...
    [2026-05-13 21:21:26] MBM reduction k=2/7 (7 products)...
    [2026-05-13 21:21:26] MBM reduction k=3/7 (7 products)...
    [2026-05-13 21:21:26] MBM reduction k=4/7 (7 products)...
    [2026-05-13 21:21:26] MBM reduction k=5/7 (7 products)...
    [2026-05-13 21:21:26] MBM reduction k=6/7 (7 products)...
  [2026-05-13 21:21:26] Component 2/3 (14 polys)

[DEBUG solveVarRule] sector=[0,1,1,1,1,1,0] nb=35 VarIndep=[A7] VarDep=[A1,A2,A3,A4,A5,A6]
  compGb:
    [0] A7^35-46126766*A7^34-69513148*A7^33-40448901*A7^32-4502947*A7^31+26784705*A7^30-85253719*A7^29-54149041*A7^28+45567470*A7^27-43523581*A7^26+39552408*A7^25+19074068*A7^24-83940491*A7^23+56067785*A7^22+36182762*A7^21+75846177*A7^20+32094455*A7^19+39974361*A7^18-80359192*A7^17+29637164*A7^16-88241666*A7^15+20379264*A7^14+89453087*A7^13-36994833*A7^12-24821396*A7^11-24914502*A7^10-23389628*A7^9+40655014*A7^8+33750299*A7^7+73017503*A7^6-78409632*A7^5+56152855*A7^4-62995705*A7^3-51514344*A7^2+1179879*A7+80341392
    [1] A6+37747268*A7^34-39214746*A7^33+60461489*A7^32-61460675*A7^31-87622319*A7^30+50530522*A7^29-66361816*A7^28-59236770*A7^27+76060505*A7^26-88403729*A7^25-52481836*A7^24-19562684*A7^23+39634915*A7^22-42409945*A7^21+79761597*A7^20-6967539*A7^19+55877916*A7^18+17299570*A7^17+5647220*A7^16+3167762*A7^15-35037550*A7^14-1832736*A7^13+73189092*A7^12+48506555*A7^11+60761735*A7^10-80335830*A7^9+32128927*A7^8+5351335*A7^7+23065727*A7^6-46720249*A7^5-61462586*A7^4+42138496*A7^3+84733260*A7^2+41242286*A7+29743693
    [2] A5-80160278*A7^34+70460595*A7^33+18123537*A7^32+46701359*A7^31+37003258*A7^30+51385797*A7^29-4336140*A7^28+20436417*A7^27+51081825*A7^26+56779523*A7^25-66477729*A7^24+54833223*A7^23+62605023*A7^22-14096337*A7^21-71131195*A7^20-29399912*A7^19+34775157*A7^18-49301330*A7^17-21443830*A7^16+28101716*A7^15-87102700*A7^14+81004512*A7^13-78277742*A7^12+52902121*A7^11-61837557*A7^10-23201453*A7^9-8316309*A7^8+46897270*A7^7-44771110*A7^6+56840455*A7^5+16752005*A7^4+80442715*A7^3+55511056*A7^2-54048188*A7+12675733
    [3] A4+15512007*A7^34-65699026*A7^33+66815445*A7^32+77230700*A7^31+76978860*A7^30-88037388*A7^29-34218301*A7^28+74401343*A7^27+5524398*A7^26-27487904*A7^25+85761097*A7^24-23610434*A7^23+18469095*A7^22-24541309*A7^21+16114269*A7^20-6655103*A7^19-5455164*A7^18+2889369*A7^17-9568752*A7^16-24079512*A7^15-46378367*A7^14+60595420*A7^13-57973047*A7^12+66687082*A7^11-37962831*A7^10+1200432*A7^9+66786091*A7^8-6612159*A7^7-82386724*A7^6-57798183*A7^5+14076109*A7^4+16888817*A7^3-21299860*A7^2-65724114*A7-12424089
    [4] A3+68344817*A7^34-69702737*A7^33-17345833*A7^32+19680621*A7^31-38017069*A7^30-8501419*A7^29+69325373*A7^28-66315344*A7^27+33903965*A7^26+6389199*A7^25-55288185*A7^24+24749426*A7^23-49136002*A7^22-17124970*A7^21+2116064*A7^20-43822526*A7^19-59665143*A7^18+25504075*A7^17+38448979*A7^16+42581320*A7^15+6627065*A7^14-10437636*A7^13+10307409*A7^12+40792771*A7^11-2206241*A7^10-3286562*A7^9-77044431*A7^8-85003834*A7^7-19029070*A7^6+64071307*A7^5-22960872*A7^4-20200133*A7^3-55668813*A7^2+17134141*A7-4421346
    [5] A2+74966160*A7^34-46037592*A7^33+2109461*A7^32-10941774*A7^31-6376402*A7^30-36597973*A7^29-43686596*A7^28+80611714*A7^27-56528215*A7^26-80777234*A7^25+56941535*A7^24+53995497*A7^23-60234470*A7^22+12529715*A7^21+20808078*A7^20+27207205*A7^19-53377687*A7^18-7658755*A7^17-84608592*A7^16+14440837*A7^15+30772422*A7^14+64237144*A7^13-73159476*A7^12+34801779*A7^11-64968647*A7^10-89522265*A7^9-43106908*A7^8+67574393*A7^7+40270632*A7^6+41107822*A7^5-21851264*A7^4+74910465*A7^3-77364469*A7^2+19788216*A7-47451072
    [6] A1-85086882*A7^34-16128089*A7^33+53656659*A7^32-28328187*A7^31+88658926*A7^30-26525*A7^29-69740134*A7^28+59184939*A7^27+58319312*A7^26+85380523*A7^25-64110391*A7^24+2420548*A7^23+28099702*A7^22+61346863*A7^21-41340550*A7^20-2713201*A7^19+16066635*A7^18-33382368*A7^17-58034012*A7^16-19085416*A7^15+77254922*A7^14-35997394*A7^13-60120117*A7^12+39990087*A7^11-60888982*A7^10+29254034*A7^9+85637834*A7^8+38757795*A7^7-29758377*A7^6+25079979*A7^5-13601617*A7^4-26160027*A7^3-56370218*A7^2-35972149*A7+20768014
    [7] B7-27215587*A7^34+39797690*A7^33-65347014*A7^32+60317744*A7^31+64531775*A7^30+68376721*A7^29+27043226*A7^28+23329468*A7^27+37015107*A7^26-79940144*A7^25-2965239*A7^24+45099703*A7^23+74471952*A7^22-10762276*A7^21+69741895*A7^20-80670152*A7^19+19238979*A7^18+15799369*A7^17-9168501*A7^16+36715852*A7^15+87700728*A7^14-30553174*A7^13+21193241*A7^12-73737339*A7^11-7654704*A7^10-87868261*A7^9-40288418*A7^8-13624403*A7^7-87481423*A7^6-7525894*A7^5-41208699*A7^4+55232026*A7^3+79177304*A7^2-64048970*A7-4121182
    [8] B6-37730315*A7^34+80744010*A7^33-51494567*A7^32-13937733*A7^31+75167120*A7^30+25655528*A7^29-71779935*A7^28-76348764*A7^27-77642828*A7^26-69231832*A7^25+64615003*A7^24-64929387*A7^23+71154*A7^22-44784044*A7^21+6594953*A7^20+28606582*A7^19-35304960*A7^18+3788388*A7^17+31235957*A7^16+18305128*A7^15+71526868*A7^14+85191438*A7^13+5488613*A7^12+33132700*A7^11+52638745*A7^10+6688594*A7^9+6053336*A7^8+76387727*A7^7+13174969*A7^6+58646370*A7^5-71968427*A7^4-23036673*A7^3+84085317*A7^2+60333187*A7-68838699
    [9] B5-71557587*A7^34-610197*A7^33+11873011*A7^32+24143250*A7^31+10393245*A7^30-23466041*A7^29-80661979*A7^28+60391652*A7^27+40860290*A7^26+815298*A7^25+35153531*A7^24+61301733*A7^23+29444359*A7^22+62685598*A7^21+64487414*A7^20+83589840*A7^19-62697711*A7^18-82668648*A7^17+57951266*A7^16+40884081*A7^15+27907631*A7^14-52993746*A7^13+54118805*A7^12-39242637*A7^11-24531610*A7^10+13256460*A7^9+79029260*A7^8+14808421*A7^7+27589201*A7^6+2096986*A7^5+52551972*A7^4+77449692*A7^3+85208747*A7^2-56795990*A7-38716388
    [10] B4+22836177*A7^34-69656466*A7^33+67745355*A7^32+52423215*A7^31-47303605*A7^30+2673769*A7^29-57042579*A7^28+75848622*A7^27+35915192*A7^26-30146334*A7^25-14800679*A7^24+61869583*A7^23+42306601*A7^22+67626782*A7^21-47839613*A7^20-83031363*A7^19-23493234*A7^18+84059736*A7^17+63133626*A7^16-20091914*A7^15-55991519*A7^14+63419298*A7^13-5955664*A7^12-12865235*A7^11+3115806*A7^10-45956339*A7^9-63520973*A7^8-18854380*A7^7+24039811*A7^6-21303471*A7^5+42994994*A7^4-38503341*A7^3-5649146*A7^2+42711785*A7+15952512
    [11] B3-70554775*A7^34+31556089*A7^33-22549917*A7^32-31254783*A7^31-31739728*A7^30+60323305*A7^29+14866696*A7^28+49246849*A7^27+48293150*A7^26-38698895*A7^25-49213157*A7^24-81422879*A7^23+16908257*A7^22-48025239*A7^21+19769735*A7^20-47938049*A7^19+18879236*A7^18+84578236*A7^17+17491683*A7^16+20071758*A7^15-30876416*A7^14+76374685*A7^13-34420757*A7^12-79232474*A7^11-34519037*A7^10+78290069*A7^9-56655317*A7^8+36817883*A7^7+59366563*A7^6-18902411*A7^5-55161714*A7^4+57350153*A7^3+61783625*A7^2+29791321*A7-37175526
    [12] B2-65443711*A7^34+51945884*A7^33+74485507*A7^32+15031579*A7^31+78825844*A7^30+37495943*A7^29-8921082*A7^28+84908803*A7^27-67812794*A7^26+40125120*A7^25-11709927*A7^24-3796523*A7^23+42931652*A7^22+61703739*A7^21-36156590*A7^20-17516134*A7^19-29009901*A7^18-20631073*A7^17+5799705*A7^16-75981926*A7^15-81565647*A7^14+87151879*A7^13-34845119*A7^12-75879710*A7^11-44577361*A7^10-56721302*A7^9-45225972*A7^8-5388348*A7^7-33206306*A7^6+37216840*A7^5-11183218*A7^4-27029922*A7^3-49176386*A7^2+71685479*A7+27543508
    [13] B1+43847894*A7^34+67219839*A7^33+5338372*A7^32+38667512*A7^31-50489073*A7^30-83929187*A7^29+53427875*A7^28-58391938*A7^27-69877342*A7^26+21410654*A7^25-10816555*A7^24-44549920*A7^23-66787522*A7^22-15225584*A7^21-13269834*A7^20+85702617*A7^19+69530212*A7^18+23424888*A7^17-2918401*A7^16-12174297*A7^15+78361461*A7^14-72030710*A7^13-32162080*A7^12+74755568*A7^11+58964337*A7^10-49056219*A7^9+15927111*A7^8+70363226*A7^7-51695490*A7^6+72450429*A7^5+60663646*A7^4-44514674*A7^3+17288071*A7^2-6908199*A7-35957423
  VarRule result:
    A1 -> 158656659+35972149*A7+56370218*A7^2+26160027*A7^3+13601617*A7^4+154344694*A7^5+29758377*A7^6+140666878*A7^7+93786839*A7^8+150170639*A7^9+60888982*A7^10+139434586*A7^11+60120117*A7^12+35997394*A7^13+102169751*A7^14+19085416*A7^15+58034012*A7^16+33382368*A7^17+163358038*A7^18+2713201*A7^19+41340550*A7^20+118077810*A7^21+151324971*A7^22+177004125*A7^23+64110391*A7^24+94044150*A7^25+121105361*A7^26+120239734*A7^27+69740134*A7^28+26525*A7^29+90765747*A7^30+28328187*A7^31+125768014*A7^32+16128089*A7^33+85086882*A7^34
    A2 -> 47451072+159636457*A7+77364469*A7^2+104514208*A7^3+21851264*A7^4+138316851*A7^5+139154041*A7^6+111850280*A7^7+43106908*A7^8+89522265*A7^9+64968647*A7^10+144622894*A7^11+73159476*A7^12+115187529*A7^13+148652251*A7^14+164983836*A7^15+84608592*A7^16+7658755*A7^17+53377687*A7^18+152217468*A7^19+158616595*A7^20+166894958*A7^21+60234470*A7^22+125429176*A7^23+122483138*A7^24+80777234*A7^25+56528215*A7^26+98812959*A7^27+43686596*A7^28+36597973*A7^29+6376402*A7^30+10941774*A7^31+177315212*A7^32+46037592*A7^33+104458513*A7^34
    A3 -> 4421346+162290532*A7+55668813*A7^2+20200133*A7^3+22960872*A7^4+115353366*A7^5+19029070*A7^6+85003834*A7^7+77044431*A7^8+3286562*A7^9+2206241*A7^10+138631902*A7^11+169117264*A7^12+10437636*A7^13+172797608*A7^14+136843353*A7^15+140975694*A7^16+153920598*A7^17+59665143*A7^18+43822526*A7^19+177308609*A7^20+17124970*A7^21+49136002*A7^22+154675247*A7^23+55288185*A7^24+173035474*A7^25+145520708*A7^26+66315344*A7^27+110099300*A7^28+8501419*A7^29+38017069*A7^30+159744052*A7^31+17345833*A7^32+69702737*A7^33+111079856*A7^34
    A4 -> 12424089+65724114*A7+21299860*A7^2+162535856*A7^3+165348564*A7^4+57798183*A7^5+82386724*A7^6+6612159*A7^7+112638582*A7^8+178224241*A7^9+37962831*A7^10+112737591*A7^11+57973047*A7^12+118829253*A7^13+46378367*A7^14+24079512*A7^15+9568752*A7^16+176535304*A7^17+5455164*A7^18+6655103*A7^19+163310404*A7^20+24541309*A7^21+160955578*A7^22+23610434*A7^23+93663576*A7^24+27487904*A7^25+173900275*A7^26+105023330*A7^27+34218301*A7^28+88037388*A7^29+102445813*A7^30+102193973*A7^31+112609228*A7^32+65699026*A7^33+163912666*A7^34
    A5 -> 166748940+54048188*A7+123913617*A7^2+98981958*A7^3+162672668*A7^4+122584218*A7^5+44771110*A7^6+132527403*A7^7+8316309*A7^8+23201453*A7^9+61837557*A7^10+126522552*A7^11+78277742*A7^12+98420161*A7^13+87102700*A7^14+151322957*A7^15+21443830*A7^16+49301330*A7^17+144649516*A7^18+29399912*A7^19+71131195*A7^20+14096337*A7^21+116819650*A7^22+124591450*A7^23+66477729*A7^24+122645150*A7^25+128342848*A7^26+158988256*A7^27+4336140*A7^28+128038876*A7^29+142421415*A7^30+132723314*A7^31+161301136*A7^32+108964078*A7^33+80160278*A7^34
    A6 -> 149680980+138182387*A7+94691413*A7^2+137286177*A7^3+61462586*A7^4+46720249*A7^5+156358946*A7^6+174073338*A7^7+147295746*A7^8+80335830*A7^9+118662938*A7^10+130918118*A7^11+106235581*A7^12+1832736*A7^13+35037550*A7^14+176256911*A7^15+173777453*A7^16+162125103*A7^17+123546757*A7^18+6967539*A7^19+99663076*A7^20+42409945*A7^21+139789758*A7^22+19562684*A7^23+52481836*A7^24+88403729*A7^25+103364168*A7^26+59236770*A7^27+66361816*A7^28+128894151*A7^29+87622319*A7^30+61460675*A7^31+118963184*A7^32+39214746*A7^33+141677405*A7^34
    [2026-05-13 21:21:26] MBM reduction k=0/35 (35 products)...
    [2026-05-13 21:21:26] MBM reduction k=1/35 (35 products)...
    [2026-05-13 21:21:26] MBM reduction k=2/35 (35 products)...
    [2026-05-13 21:21:26] MBM reduction k=3/35 (35 products)...
    [2026-05-13 21:21:26] MBM reduction k=4/35 (35 products)...
    [2026-05-13 21:21:26] MBM reduction k=5/35 (35 products)...
    [2026-05-13 21:21:26] MBM reduction k=6/35 (35 products)...
    [2026-05-13 21:21:26] MBM reduction k=7/35 (35 products)...
    [2026-05-13 21:21:26] MBM reduction k=8/35 (35 products)...
    [2026-05-13 21:21:26] MBM reduction k=9/35 (35 products)...
    [2026-05-13 21:21:26] MBM reduction k=10/35 (35 products)...
    [2026-05-13 21:21:26] MBM reduction k=11/35 (35 products)...
    [2026-05-13 21:21:26] MBM reduction k=12/35 (35 products)...
    [2026-05-13 21:21:26] MBM reduction k=13/35 (35 products)...
    [2026-05-13 21:21:26] MBM reduction k=14/35 (35 products)...
    [2026-05-13 21:21:26] MBM reduction k=15/35 (35 products)...
    [2026-05-13 21:21:26] MBM reduction k=16/35 (35 products)...
    [2026-05-13 21:21:26] MBM reduction k=17/35 (35 products)...
    [2026-05-13 21:21:26] MBM reduction k=18/35 (35 products)...
    [2026-05-13 21:21:26] MBM reduction k=19/35 (35 products)...
    [2026-05-13 21:21:26] MBM reduction k=20/35 (35 products)...
    [2026-05-13 21:21:26] MBM reduction k=21/35 (35 products)...
    [2026-05-13 21:21:26] MBM reduction k=22/35 (35 products)...
    [2026-05-13 21:21:26] MBM reduction k=23/35 (35 products)...
    [2026-05-13 21:21:26] MBM reduction k=24/35 (35 products)...
    [2026-05-13 21:21:26] MBM reduction k=25/35 (35 products)...
    [2026-05-13 21:21:26] MBM reduction k=26/35 (35 products)...
    [2026-05-13 21:21:26] MBM reduction k=27/35 (35 products)...
    [2026-05-13 21:21:27] MBM reduction k=28/35 (35 products)...
    [2026-05-13 21:21:27] MBM reduction k=29/35 (35 products)...
    [2026-05-13 21:21:27] MBM reduction k=30/35 (35 products)...
    [2026-05-13 21:21:27] MBM reduction k=31/35 (35 products)...
    [2026-05-13 21:21:27] MBM reduction k=32/35 (35 products)...
    [2026-05-13 21:21:27] MBM reduction k=33/35 (35 products)...
    [2026-05-13 21:21:27] MBM reduction k=34/35 (35 products)...
  -> 3 region(s) in 266.74 s
  Found 3 region(s) total
  [TIMING] Step 3: 266.74 s

[Step 4] Building recursion + ring matrices...
  Region 0: nb=1
  Region 1: nb=7
  Region 2: nb=35
  [TIMING] Step 4: 0.381 s

[Step 5] Writing .bin files...
Written 3 regime(s) to workspace/C019-TB123m-region-solve-cpp/SectorCache/IBPMat_TB123m_sector_0111110.bin
Written 3 ring cell(s) to workspace/C019-TB123m-region-solve-cpp/SectorCache/RingData_TB123m_sector_0111110.bin
  [TIMING] Step 5: 0.049 s

[TIMING] Total wall-clock: 267.222 s

Done. Output:
  workspace/C019-TB123m-region-solve-cpp/SectorCache/IBPMat_TB123m_sector_0111110.bin
  workspace/C019-TB123m-region-solve-cpp/SectorCache/RingData_TB123m_sector_0111110.bin
