=== FamilyGenerate ===
Family: TB123m (L=2 E=2 N=7)
Modulus: 179424673

[Step 1] Generating IBP equations...
[IBPEqGenerator] Family TB123m: ne=7 nl=2 nE=2 nIBP=8 subsectors=57
[IBPEqGenerator] Step 1: Running SP2PD...
[IBPEqGenerator] SP2PD OK: 7 scalar products → z-basis
[IBPEqGenerator] Step 2: Computing derivatives...
[IBPEqGenerator] Derivatives OK: 56 polynomials computed
[IBPEqGenerator] Step 3: Assembling IBP equations (mon2F)...
[IBPEqGenerator] Generated 8 IBP equations with 114 total g-operator terms.
  ne=7 nibp=8 subsectors=57
  [TIMING] Step 1: 0.044 s

[Step 2] Extracting FTable...
  nibp=8 ne=7
  [TIMING] Step 2: 0 s

[Step 3] Solving sectors...
  Filtering: sector = 1111010
  Solving sector [1111010]
  [2026-05-13 21:13:00] Singular minAssGTZ starting...
  [Singular minAssGTZ] 55.8061 s, kept=3
  [2026-05-13 21:13:56] Singular minAssGTZ done
  [2026-05-13 21:13:56] Component 0/3 (14 polys)

[DEBUG solveVarRule] sector=[1,1,1,1,0,1,0] nb=6 VarIndep=[A7] VarDep=[A1,A2,A3,A4,A5,A6]
  compGb:
    [0] A7^6+66626061*A7^5-5904814*A7^4-69206562*A7^3+53800763*A7^2+20779079*A7+29782066
    [1] A6+27010912*A7^5-17229485*A7^4+59537958*A7^3+49332397*A7^2-4036106*A7-84593620
    [2] A5+52065936*A7^5-11328363*A7^4-32626992*A7^3+71523570*A7^2-37092013*A7+4283512
    [3] A4-27010912*A7^5+17229485*A7^4-59537958*A7^3-49332397*A7^2+4036106*A7+84593621
    [4] A3+51301*A7^5+41758012*A7^4+67571901*A7^3+55372443*A7^2-84191121*A7-33473033
    [5] A2-71900070*A7^5+89654640*A7^4-29342046*A7^3+76870979*A7^2-12874468*A7-9027108
    [6] A1+77997914*A7^5-34229790*A7^4-6342744*A7^3+12989519*A7^2+44235845*A7-51123393
    [7] B7+76283241*A7^5+40520615*A7^4-64267267*A7^3-58359980*A7^2-63379548*A7-24336340
    [8] B6-68076896*A7^5+39875640*A7^4+20832148*A7^3-16686826*A7^2-30453938*A7+8934401
    [9] B5+27440043*A7^5-10431556*A7^4+33475262*A7^3-72457635*A7^2-5055857*A7+39252912
    [10] B4+8237329*A7^5+21481000*A7^4-73538496*A7^3-55161719*A7^2+30749829*A7+75261864
    [11] B3-59839567*A7^5+61356640*A7^4-52706348*A7^3-71848545*A7^2+295891*A7+84196266
    [12] B2-1107967*A7^5+15942775*A7^4-22537216*A7^3-88374710*A7^2+9020948*A7-39056467
    [13] B1+82758884*A7^5+54348578*A7^4+65929900*A7^3-39355541*A7^2+42967838*A7+17452862
  VarRule result:
    A1 -> 51123393+135188828*A7+166435154*A7^2+6342744*A7^3+34229790*A7^4+101426759*A7^5
    A2 -> 9027108+12874468*A7+102553694*A7^2+29342046*A7^3+89770033*A7^4+71900070*A7^5
    A3 -> 33473033+84191121*A7+124052230*A7^2+111852772*A7^3+137666661*A7^4+179373372*A7^5
    A4 -> 94831052+175388567*A7+49332397*A7^2+59537958*A7^3+162195188*A7^4+27010912*A7^5
    A5 -> 175141161+37092013*A7+107901103*A7^2+32626992*A7^3+11328363*A7^4+127358737*A7^5
    A6 -> 84593620+4036106*A7+130092276*A7^2+119886715*A7^3+17229485*A7^4+152413761*A7^5
    [2026-05-13 21:13:56] MBM reduction k=0/6 (6 products)...
    [2026-05-13 21:13:56] MBM reduction k=1/6 (6 products)...
    [2026-05-13 21:13:56] MBM reduction k=2/6 (6 products)...
    [2026-05-13 21:13:56] MBM reduction k=3/6 (6 products)...
    [2026-05-13 21:13:56] MBM reduction k=4/6 (6 products)...
    [2026-05-13 21:13:56] MBM reduction k=5/6 (6 products)...
  [2026-05-13 21:13:56] Component 1/3 (14 polys)

[DEBUG solveVarRule] sector=[1,1,1,1,0,1,0] nb=11 VarIndep=[A7] VarDep=[A1,A2,A3,A4,A5,A6]
  compGb:
    [0] A7^11-15356362*A7^10-85371822*A7^9+47160809*A7^8-67343106*A7^7-87588824*A7^6-57977386*A7^5+61907209*A7^4+86630861*A7^3+9502813*A7^2+21518897*A7+22357487
    [1] A6-34310612*A7^10+55597355*A7^9+56030107*A7^8+16242362*A7^7-64082243*A7^6-888842*A7^5+22372751*A7^4-54209553*A7^3-80113761*A7^2-67091192*A7-1337406
    [2] A5-83533904*A7^10+31207695*A7^9+50184289*A7^8+84263423*A7^7-5401105*A7^6-15503772*A7^5-68333900*A7^4-49837622*A7^3-73320915*A7^2+88053214*A7-32329959
    [3] A4-34310612*A7^10+55597355*A7^9+56030107*A7^8+16242362*A7^7-64082243*A7^6-888842*A7^5+22372751*A7^4-54209553*A7^3-80113761*A7^2-67091192*A7-1337406
    [4] A3-66608773*A7^10+12115172*A7^9+60549365*A7^8+71891622*A7^7+6109609*A7^6-209660*A7^5-72245736*A7^4-62192107*A7^3-35600470*A7^2-7959485*A7-14336492
    [5] A2+12899547*A7^10+51272033*A7^9-21202585*A7^8-55477308*A7^7-17179878*A7^6+40832161*A7^5+55504610*A7^4-53691813*A7^3-79840392*A7^2+34515251*A7+39474762
    [6] A1-70706826*A7^10-63923634*A7^9+35137228*A7^8-39785448*A7^7-26568522*A7^6-68968914*A7^5-3737023*A7^4+39444558*A7^3+54183294*A7^2-34109458*A7-27073731
    [7] B7-67764800*A7^10+40480428*A7^9-896586*A7^8+48404349*A7^7-47504044*A7^6+85009365*A7^5-33508927*A7^4+78367184*A7^3+59976962*A7^2+5562638*A7+39473460
    [8] B6-2153324*A7^10-37293458*A7^9-52926561*A7^8-56247276*A7^7+48977017*A7^6-19924204*A7^5+87624689*A7^4-39592534*A7^3-63498949*A7^2+12833372*A7+79412588
    [9] B5-61962688*A7^10+45939655*A7^9+16244688*A7^8-26698322*A7^7+31405747*A7^6-65620732*A7^5+6203523*A7^4+43354197*A7^3-40738030*A7^2-6284190*A7+27574373
    [10] B4-2153324*A7^10-37293458*A7^9-52926561*A7^8-56247276*A7^7+48977017*A7^6-19924204*A7^5+87624689*A7^4-39592534*A7^3-63498949*A7^2+12833372*A7+79412588
    [11] B3-8613296*A7^10+30250841*A7^9-32281571*A7^8-45564431*A7^7+16483395*A7^6-79696816*A7^5-8350590*A7^4+21054537*A7^3-74571123*A7^2+51333488*A7-41198997
    [12] B2+39588425*A7^10+6373940*A7^9+71778379*A7^8-15685854*A7^7+2945946*A7^6-49254351*A7^5-71193149*A7^4+77549300*A7^3-7043974*A7^2+36792020*A7+58347417
    [13] B1+51192649*A7^10+17292394*A7^9-73363746*A7^8+13533477*A7^7-18659145*A7^6+8334801*A7^5+8231751*A7^4+7523326*A7^3-29049285*A7^2+13098364*A7+34549243
  VarRule result:
    A1 -> 27073731+34109458*A7+125241379*A7^2+139980115*A7^3+3737023*A7^4+68968914*A7^5+26568522*A7^6+39785448*A7^7+144287445*A7^8+63923634*A7^9+70706826*A7^10
    A2 -> 139949911+144909422*A7+79840392*A7^2+53691813*A7^3+123920063*A7^4+138592512*A7^5+17179878*A7^6+55477308*A7^7+21202585*A7^8+128152640*A7^9+166525126*A7^10
    A3 -> 14336492+7959485*A7+35600470*A7^2+62192107*A7^3+72245736*A7^4+209660*A7^5+173315064*A7^6+107533051*A7^7+118875308*A7^8+167309501*A7^9+66608773*A7^10
    A4 -> 1337406+67091192*A7+80113761*A7^2+54209553*A7^3+157051922*A7^4+888842*A7^5+64082243*A7^6+163182311*A7^7+123394566*A7^8+123827318*A7^9+34310612*A7^10
    A5 -> 32329959+91371459*A7+73320915*A7^2+49837622*A7^3+68333900*A7^4+15503772*A7^5+5401105*A7^6+95161250*A7^7+129240384*A7^8+148216978*A7^9+83533904*A7^10
    A6 -> 1337406+67091192*A7+80113761*A7^2+54209553*A7^3+157051922*A7^4+888842*A7^5+64082243*A7^6+163182311*A7^7+123394566*A7^8+123827318*A7^9+34310612*A7^10
    [2026-05-13 21:13:56] MBM reduction k=0/11 (11 products)...
    [2026-05-13 21:13:56] MBM reduction k=1/11 (11 products)...
    [2026-05-13 21:13:56] MBM reduction k=2/11 (11 products)...
    [2026-05-13 21:13:56] MBM reduction k=3/11 (11 products)...
    [2026-05-13 21:13:56] MBM reduction k=4/11 (11 products)...
    [2026-05-13 21:13:56] MBM reduction k=5/11 (11 products)...
    [2026-05-13 21:13:56] MBM reduction k=6/11 (11 products)...
    [2026-05-13 21:13:56] MBM reduction k=7/11 (11 products)...
    [2026-05-13 21:13:56] MBM reduction k=8/11 (11 products)...
    [2026-05-13 21:13:56] MBM reduction k=9/11 (11 products)...
    [2026-05-13 21:13:56] MBM reduction k=10/11 (11 products)...
  [2026-05-13 21:13:56] Component 2/3 (14 polys)

[DEBUG solveVarRule] sector=[1,1,1,1,0,1,0] nb=14 VarIndep=[A7] VarDep=[A1,A2,A3,A4,A5,A6]
  compGb:
    [0] A7^14+22646045*A7^13+6060283*A7^12-53973995*A7^11+2940555*A7^10+10546590*A7^9+47474972*A7^8+52498430*A7^7-84424404*A7^6-68850332*A7^5-73748433*A7^4+46637864*A7^3+21032360*A7^2-72920089*A7-11560867
    [1] A6-74283293*A7^13-34433523*A7^12-35214872*A7^11-62465381*A7^10-33575788*A7^9+24808394*A7^8-56504530*A7^7-59543576*A7^6+51137948*A7^5-66818280*A7^4-69450927*A7^3-51614931*A7^2+61674794*A7+82091489
    [2] A5+23753004*A7^13-60752573*A7^12+28116786*A7^11+73521623*A7^10-38363967*A7^9+1395474*A7^8+81353287*A7^7-44767714*A7^6+56830278*A7^5+33902129*A7^4-52670213*A7^3+56479188*A7^2-21215703*A7-33085872
    [3] A4+74283293*A7^13+34433523*A7^12+35214872*A7^11+62465381*A7^10+33575788*A7^9-24808394*A7^8+56504530*A7^7+59543576*A7^6-51137948*A7^5+66818280*A7^4+69450927*A7^3+51614931*A7^2-61674794*A7-82091488
    [4] A3-1499336*A7^13-17795812*A7^12+5572849*A7^11+13470820*A7^10+12705883*A7^9-40979711*A7^8+72125825*A7^7+49342488*A7^6-49449111*A7^5+62526817*A7^4-14670718*A7^3+63640639*A7^2+20638681*A7-61541198
    [5] A2-26522525*A7^13-75867677*A7^12+2280197*A7^11-61436357*A7^10-44795069*A7^9-86129619*A7^8-49396553*A7^7+31891533*A7^6-4358076*A7^5+80755336*A7^4+15564893*A7^3+69175107*A7^2-62936524*A7+88970760
    [6] A1+80565381*A7^13+12862597*A7^12-12142844*A7^11-23879764*A7^10-667910*A7^9+10974446*A7^8-26590509*A7^7-25341425*A7^6+67263847*A7^5-76965391*A7^4+27315189*A7^3-80455682*A7^2+84484507*A7+80872941
    [7] B7-76956036*A7^13+20899977*A7^12-33833402*A7^11+41105815*A7^10-8632939*A7^9-19319873*A7^8+87271106*A7^7+22804977*A7^6+64172544*A7^5-3716724*A7^4+29913071*A7^3-33938926*A7^2-44550104*A7-42947873
    [8] B6-1561867*A7^13+57016354*A7^12-46256839*A7^11+10497317*A7^10-62652639*A7^9-86065501*A7^8-43755067*A7^7+26349005*A7^6+36901661*A7^5+5895804*A7^4-1382764*A7^3+13152392*A7^2+27122327*A7-87994628
    [9] B5-36857262*A7^13+87080090*A7^12-29217498*A7^11+68165409*A7^10-69156025*A7^9+24124761*A7^8-51778704*A7^7+4613253*A7^6-21599695*A7^5+28212910*A7^4+30277302*A7^3+11726137*A7^2+59669592*A7-36250564
    [10] B4-88248692*A7^13-77899730*A7^12+76295935*A7^11+40204971*A7^10+44982998*A7^9+31333236*A7^8-79216529*A7^7-79359572*A7^6+7145212*A7^5-79132409*A7^4-69519792*A7^3+18563876*A7^2-86885654*A7-80656441
    [11] B3+89614114*A7^13-20883376*A7^12+30039096*A7^11+50702288*A7^10-17669641*A7^9-54732265*A7^8+56453077*A7^7-53010567*A7^6+44046873*A7^5-73236605*A7^4-70902556*A7^3+31716268*A7^2-59763327*A7+10773605
    [12] B2+46697271*A7^13-74921040*A7^12+36821058*A7^11-13212817*A7^10+9225379*A7^9+76950674*A7^8-41255035*A7^7-22552118*A7^6+2482225*A7^5-20177145*A7^4+2633709*A7^3-3544099*A7^2+50226770*A7+18911495
    [13] B1+45431090*A7^13+24428690*A7^12+56554698*A7^11+5447961*A7^10-61857013*A7^9+35307382*A7^8-26777216*A7^7+58140505*A7^6-40638753*A7^5-68599965*A7^4+25131864*A7^3-79208755*A7^2-74172676*A7+21368372
  VarRule result:
    A1 -> 98551732+94940166*A7+80455682*A7^2+152109484*A7^3+76965391*A7^4+112160826*A7^5+25341425*A7^6+26590509*A7^7+168450227*A7^8+667910*A7^9+23879764*A7^10+12142844*A7^11+166562076*A7^12+98859292*A7^13
    A2 -> 90453913+62936524*A7+110249566*A7^2+163859780*A7^3+98669337*A7^4+4358076*A7^5+147533140*A7^6+49396553*A7^7+86129619*A7^8+44795069*A7^9+61436357*A7^10+177144476*A7^11+75867677*A7^12+26522525*A7^13
    A3 -> 61541198+158785992*A7+115784034*A7^2+14670718*A7^3+116897856*A7^4+49449111*A7^5+130082185*A7^6+107298848*A7^7+40979711*A7^8+166718790*A7^9+165953853*A7^10+173851824*A7^11+17795812*A7^12+1499336*A7^13
    A4 -> 82091488+61674794*A7+127809742*A7^2+109973746*A7^3+112606393*A7^4+51137948*A7^5+119881097*A7^6+122920143*A7^7+24808394*A7^8+145848885*A7^9+116959292*A7^10+144209801*A7^11+144991150*A7^12+105141380*A7^13
    A5 -> 33085872+21215703*A7+122945485*A7^2+52670213*A7^3+145522544*A7^4+122594395*A7^5+44767714*A7^6+98071386*A7^7+178029199*A7^8+38363967*A7^9+105903050*A7^10+151307887*A7^11+60752573*A7^12+155671669*A7^13
    A6 -> 97333184+117749879*A7+51614931*A7^2+69450927*A7^3+66818280*A7^4+128286725*A7^5+59543576*A7^6+56504530*A7^7+154616279*A7^8+33575788*A7^9+62465381*A7^10+35214872*A7^11+34433523*A7^12+74283293*A7^13
    [2026-05-13 21:13:56] MBM reduction k=0/14 (14 products)...
    [2026-05-13 21:13:56] MBM reduction k=1/14 (14 products)...
    [2026-05-13 21:13:56] MBM reduction k=2/14 (14 products)...
    [2026-05-13 21:13:56] MBM reduction k=3/14 (14 products)...
    [2026-05-13 21:13:56] MBM reduction k=4/14 (14 products)...
    [2026-05-13 21:13:56] MBM reduction k=5/14 (14 products)...
    [2026-05-13 21:13:56] MBM reduction k=6/14 (14 products)...
    [2026-05-13 21:13:56] MBM reduction k=7/14 (14 products)...
    [2026-05-13 21:13:56] MBM reduction k=8/14 (14 products)...
    [2026-05-13 21:13:56] MBM reduction k=9/14 (14 products)...
    [2026-05-13 21:13:56] MBM reduction k=10/14 (14 products)...
    [2026-05-13 21:13:56] MBM reduction k=11/14 (14 products)...
    [2026-05-13 21:13:56] MBM reduction k=12/14 (14 products)...
    [2026-05-13 21:13:56] MBM reduction k=13/14 (14 products)...
  -> 3 region(s) in 56.055 s
  Found 3 region(s) total
  [TIMING] Step 3: 56.056 s

[Step 4] Building recursion + ring matrices...
  Region 0: nb=6
  Region 1: nb=11
  Region 2: nb=14
  [TIMING] Step 4: 0.088 s

[Step 5] Writing .bin files...
Written 3 regime(s) to workspace/C019-TB123m-region-solve-cpp/SectorCache/IBPMat_TB123m_sector_1111010.bin
Written 3 ring cell(s) to workspace/C019-TB123m-region-solve-cpp/SectorCache/RingData_TB123m_sector_1111010.bin
  [TIMING] Step 5: 0.016 s

[TIMING] Total wall-clock: 56.209 s

Done. Output:
  workspace/C019-TB123m-region-solve-cpp/SectorCache/IBPMat_TB123m_sector_1111010.bin
  workspace/C019-TB123m-region-solve-cpp/SectorCache/RingData_TB123m_sector_1111010.bin
