=== FamilyGenerate ===
Family: TB123m (L=2 E=2 N=7)
Modulus: 179424673

[Step 1] Generating IBP equations...
[IBPEqGenerator] Family TB123m: ne=7 nl=2 nE=2 nIBP=8 subsectors=57
[IBPEqGenerator] Step 1: Running SP2PD...
[IBPEqGenerator] SP2PD OK: 7 scalar products → z-basis
[IBPEqGenerator] Step 2: Computing derivatives...
[IBPEqGenerator] Derivatives OK: 56 polynomials computed
[IBPEqGenerator] Step 3: Assembling IBP equations (mon2F)...
[IBPEqGenerator] Generated 8 IBP equations with 114 total g-operator terms.
  ne=7 nibp=8 subsectors=57
  [TIMING] Step 1: 0.047 s

[Step 2] Extracting FTable...
  nibp=8 ne=7
  [TIMING] Step 2: 0 s

[Step 3] Solving sectors...
  Filtering: sector = 1111100
  Solving sector [1111100]
  [2026-05-13 21:13:00] Singular minAssGTZ starting...
  [Singular minAssGTZ] 2.23544 s, kept=15
  [2026-05-13 21:13:02] Singular minAssGTZ done
  [2026-05-13 21:13:02] Component 0/15 (14 polys)
  [2026-05-13 21:13:02] Component 1/15 (14 polys)
  [2026-05-13 21:13:02] Component 2/15 (14 polys)
  [2026-05-13 21:13:02] Component 3/15 (14 polys)

[DEBUG solveVarRule] sector=[1,1,1,1,1,0,0] nb=2 VarIndep=[A6] VarDep=[A1,A2,A3,A4,A5,A7]
  compGb:
    [0] A7+13655841
    [1] A6^2-48032020*A6-763470
    [2] A5-87752820
    [3] A4+87752821
    [4] A3-15595069*A6-49860686
    [5] A2-70645346*A6-9376466
    [6] A1-58700257*A6-80986699
    [7] B7+83833791
    [8] B6+24551007*A6-66064183
    [9] B5+83833790
    [10] B4-83833787
    [11] B3-54166815*A6-72842
    [12] B2-31477904*A6+51079047
    [13] B1+27700823*A6-27655467
  VarRule result:
    A1 -> 80986699+58700257*A6
    A2 -> 9376466+70645346*A6
    A3 -> 49860686+15595069*A6
    A4 -> 91671852
    A5 -> 87752820
    A7 -> 165768832
    [2026-05-13 21:13:02] MBM reduction k=0/2 (2 products)...
    [2026-05-13 21:13:02] MBM reduction k=1/2 (2 products)...
  [2026-05-13 21:13:02] Component 4/15 (14 polys)

[DEBUG solveVarRule] sector=[1,1,1,1,1,0,0] nb=2 VarIndep=[A6] VarDep=[A1,A2,A3,A4,A5,A7]
  compGb:
    [0] A7+13655841
    [1] A6^2-29906063*A6+13671826
    [2] A5-87752820
    [3] A4+87752821
    [4] A3+77870003*A6+17018873
    [5] A2+70019531*A6+75889751
    [6] A1-16160588*A6+46420284
    [7] B7+83833791
    [8] B6-8297145*A6-51585869
    [9] B5+83833790
    [10] B4-83833787
    [11] B3-10008769*A6+85292904
    [12] B2-15457777*A6-3603146
    [13] B1+84953882*A6+63972656
  VarRule result:
    A1 -> 133004389+16160588*A6
    A2 -> 103534922+109405142*A6
    A3 -> 162405800+101554670*A6
    A4 -> 91671852
    A5 -> 87752820
    A7 -> 165768832
    [2026-05-13 21:13:02] MBM reduction k=0/2 (2 products)...
    [2026-05-13 21:13:02] MBM reduction k=1/2 (2 products)...
  [2026-05-13 21:13:02] Component 5/15 (14 polys)
  [2026-05-13 21:13:02] Component 6/15 (14 polys)
  [2026-05-13 21:13:02] Component 7/15 (14 polys)
  [2026-05-13 21:13:02] Component 8/15 (14 polys)

[DEBUG solveVarRule] sector=[1,1,1,1,1,0,0] nb=2 VarIndep=[A6] VarDep=[A1,A2,A3,A4,A5,A7]
  compGb:
    [0] A7+37608352
    [1] A6^2-54451518*A6+65278208
    [2] A5+87752821
    [3] A4-87752820
    [4] A3+3722313*A6-2015473
    [5] A2+13124056*A6-82864947
    [6] A1+26123414*A6+73311286
    [7] B7-83833786
    [8] B6+12159431*A6-4512133
    [9] B5-83833787
    [10] B4+83833790
    [11] B3+87894208*A6+66713213
    [12] B2+28206218*A6-1744514
    [13] B1-69401711*A6+89183139
  VarRule result:
    A1 -> 106113387+153301259*A6
    A2 -> 82864947+166300617*A6
    A3 -> 2015473+175702360*A6
    A4 -> 87752820
    A5 -> 91671852
    A7 -> 141816321
    [2026-05-13 21:13:02] MBM reduction k=0/2 (2 products)...
    [2026-05-13 21:13:02] MBM reduction k=1/2 (2 products)...
  [2026-05-13 21:13:02] Component 9/15 (14 polys)

[DEBUG solveVarRule] sector=[1,1,1,1,1,0,0] nb=2 VarIndep=[A6] VarDep=[A1,A2,A3,A4,A5,A7]
  compGb:
    [0] A7+37608352
    [1] A6^2-48600031*A6-82847597
    [2] A5+87752821
    [3] A4-87752820
    [4] A3-64217618*A6-64668910
    [5] A2+78037183*A6-18679537
    [6] A1-70045411*A6-66338741
    [7] B7-83833786
    [8] B6-82771834*A6-30060256
    [9] B5-83833787
    [10] B4+83833790
    [11] B3-59515565*A6+84037074
    [12] B2+41980369*A6+72779982
    [13] B1+69561325*A6-54013564
  VarRule result:
    A1 -> 66338741+70045411*A6
    A2 -> 18679537+101387490*A6
    A3 -> 64668910+64217618*A6
    A4 -> 87752820
    A5 -> 91671852
    A7 -> 141816321
    [2026-05-13 21:13:02] MBM reduction k=0/2 (2 products)...
    [2026-05-13 21:13:02] MBM reduction k=1/2 (2 products)...
  [2026-05-13 21:13:02] Component 10/15 (14 polys)
  [2026-05-13 21:13:02] Component 11/15 (14 polys)
  [2026-05-13 21:13:02] Component 12/15 (14 polys)
  [2026-05-13 21:13:02] Component 13/15 (14 polys)

[DEBUG solveVarRule] sector=[1,1,1,1,1,0,0] nb=2 VarIndep=[A6] VarDep=[A1,A2,A3,A4,A5,A7]
  compGb:
    [0] A7+65245336
    [1] A6^2+9685617*A6+7036253
    [2] A5+76896289
    [3] A4+76896289
    [4] A3-49336441*A6+43751993
    [5] A2-52789632*A6+25185612
    [6] A1-14057757*A6-58258300
    [7] B7+44856171
    [8] B6-46982533*A6+61663336
    [9] B5+44856170
    [10] B4+44856170
    [11] B3+11550212*A6+88732756
    [12] B2+88477421*A6-35304236
    [13] B1+73909395*A6-55118419
  VarRule result:
    A1 -> 58258300+14057757*A6
    A2 -> 154239061+52789632*A6
    A3 -> 135672680+49336441*A6
    A4 -> 102528384
    A5 -> 102528384
    A7 -> 114179337
    [2026-05-13 21:13:02] MBM reduction k=0/2 (2 products)...
    [2026-05-13 21:13:02] MBM reduction k=1/2 (2 products)...
  [2026-05-13 21:13:02] Component 14/15 (14 polys)

[DEBUG solveVarRule] sector=[1,1,1,1,1,0,0] nb=2 VarIndep=[A6] VarDep=[A1,A2,A3,A4,A5,A7]
  compGb:
    [0] A7+65245336
    [1] A6^2-68944773*A6+3294827
    [2] A5+76896289
    [3] A4+76896289
    [4] A3-37054266*A6+9688105
    [5] A2+21355122*A6-82103582
    [6] A1+66355325*A6+59711439
    [7] B7+44856171
    [8] B6+19428492*A6-48062219
    [9] B5+44856170
    [10] B4+44856170
    [11] B3+3111547*A6-44626613
    [12] B2+23080688*A6+71199191
    [13] B1+35745437*A6+38214513
  VarRule result:
    A1 -> 119713234+113069348*A6
    A2 -> 82103582+158069551*A6
    A3 -> 169736568+37054266*A6
    A4 -> 102528384
    A5 -> 102528384
    A7 -> 114179337
    [2026-05-13 21:13:02] MBM reduction k=0/2 (2 products)...
    [2026-05-13 21:13:02] MBM reduction k=1/2 (2 products)...
  -> 15 region(s) in 2.465 s
  Found 15 region(s) total
  [TIMING] Step 3: 2.465 s

[Step 4] Building recursion + ring matrices...
  Region 0: nb=1
  Region 1: nb=1
  Region 2: nb=1
  Region 3: nb=2
  Region 4: nb=2
  Region 5: nb=1
  Region 6: nb=1
  Region 7: nb=1
  Region 8: nb=2
  Region 9: nb=2
  Region 10: nb=1
  Region 11: nb=1
  Region 12: nb=1
  Region 13: nb=2
  Region 14: nb=2
  [TIMING] Step 4: 0.039 s

[Step 5] Writing .bin files...
Written 15 regime(s) to workspace/C019-TB123m-region-solve-cpp/SectorCache/IBPMat_TB123m_sector_1111100.bin
Written 15 ring cell(s) to workspace/C019-TB123m-region-solve-cpp/SectorCache/RingData_TB123m_sector_1111100.bin
  [TIMING] Step 5: 0.001 s

[TIMING] Total wall-clock: 2.558 s

Done. Output:
  workspace/C019-TB123m-region-solve-cpp/SectorCache/IBPMat_TB123m_sector_1111100.bin
  workspace/C019-TB123m-region-solve-cpp/SectorCache/RingData_TB123m_sector_1111100.bin
