=== FamilyGenerate ===
Family: TB123m (L=2 E=2 N=7)
Modulus: 179424673

[Step 1] Generating IBP equations...
[IBPEqGenerator] Family TB123m: ne=7 nl=2 nE=2 nIBP=8 subsectors=57
[IBPEqGenerator] Step 1: Running SP2PD...
[IBPEqGenerator] SP2PD OK: 7 scalar products → z-basis
[IBPEqGenerator] Step 2: Computing derivatives...
[IBPEqGenerator] Derivatives OK: 56 polynomials computed
[IBPEqGenerator] Step 3: Assembling IBP equations (mon2F)...
[IBPEqGenerator] Generated 8 IBP equations with 114 total g-operator terms.
  ne=7 nibp=8 subsectors=57
  [TIMING] Step 1: 0.055 s

[Step 2] Extracting FTable...
  nibp=8 ne=7
  [TIMING] Step 2: 0 s

[Step 3] Solving sectors...
  Filtering: sector = 1101010
  Solving sector [1101010]
  [2026-05-13 21:12:39] Singular minAssGTZ starting...
  [Singular minAssGTZ] 4.95569 s, kept=8
  [2026-05-13 21:12:44] Singular minAssGTZ done
  [2026-05-13 21:12:44] Component 0/8 (14 polys)
  [2026-05-13 21:12:44] Component 1/8 (14 polys)
  [2026-05-13 21:12:44] Component 2/8 (14 polys)
  [2026-05-13 21:12:44] Component 3/8 (14 polys)
  [2026-05-13 21:12:44] Component 4/8 (14 polys)

[DEBUG solveVarRule] sector=[1,1,0,1,0,1,0] nb=2 VarIndep=[A7] VarDep=[A1,A2,A3,A4,A5,A6]
  compGb:
    [0] A7^2-88327261*A7+20842847
    [1] A6-79875953*A7-82378311
    [2] A5-69194078*A7+11678241
    [3] A4+79875953*A7+82378312
    [4] A3-9233069
    [5] A2+83250775
    [6] A1+57690768
    [7] B7+48450389*A7+17409611
    [8] B6+58554590*A7-89679430
    [9] B5-24265576*A7-67348946
    [10] B4-58554590*A7+25865120
    [11] B3-63814309
    [12] B2+17409609
    [13] B1+49216080
  VarRule result:
    A1 -> 121733905
    A2 -> 96173898
    A3 -> 9233069
    A4 -> 97046361+99548720*A7
    A5 -> 167746432+69194078*A7
    A6 -> 82378311+79875953*A7
    [2026-05-13 21:12:44] MBM reduction k=0/2 (2 products)...
    [2026-05-13 21:12:44] MBM reduction k=1/2 (2 products)...
  [2026-05-13 21:12:44] Component 5/8 (14 polys)

[DEBUG solveVarRule] sector=[1,1,0,1,0,1,0] nb=2 VarIndep=[A7] VarDep=[A1,A2,A3,A4,A5,A6]
  compGb:
    [0] A7^2-61464539*A7-27617772
    [1] A6-56333138*A7-76060482
    [2] A5+65103942*A7-70024649
    [3] A4+56333138*A7+76060483
    [4] A3-9452614
    [5] A2+49402924
    [6] A1-27341981
    [7] B7+74223886*A7+26639121
    [8] B6-88007438*A7+87023532
    [9] B5-43792627*A7+85964403
    [10] B4+88007438*A7-29514087
    [11] B3+57509446
    [12] B2+26639119
    [13] B1-39964403
  VarRule result:
    A1 -> 27341981
    A2 -> 130021749
    A3 -> 9452614
    A4 -> 103364190+123091535*A7
    A5 -> 70024649+114320731*A7
    A6 -> 76060482+56333138*A7
    [2026-05-13 21:12:44] MBM reduction k=0/2 (2 products)...
    [2026-05-13 21:12:44] MBM reduction k=1/2 (2 products)...
  [2026-05-13 21:12:44] Component 6/8 (14 polys)

[DEBUG solveVarRule] sector=[1,1,0,1,0,1,0] nb=3 VarIndep=[A7] VarDep=[A1,A2,A3,A4,A5,A6]
  compGb:
    [0] A7^3+4900363*A7^2+34051872*A7-40024103
    [1] A6+4858788*A7^2+28205936*A7+86053998
    [2] A5+484565*A7^2+80561187*A7-63828316
    [3] A4+4858788*A7^2+28205936*A7+86053998
    [4] A3+74956355*A7^2+67260932*A7+8031796
    [5] A2+44457970*A7^2-32671703*A7+65332496
    [6] A1-79502894*A7^2-32570651*A7+61892535
    [7] B7+20988885*A7^2-64660592*A7-86902484
    [8] B6-41327133*A7^2-44487760*A7+2843089
    [9] B5-26023271*A7^2+927322*A7+36077994
    [10] B4-41327133*A7^2-44487760*A7+2843089
    [11] B3+14116141*A7^2+1473633*A7+11372353
    [12] B2-40676496*A7^2-38872031*A7+11305877
    [13] B1+44723865*A7^2-87120876*A7+77842160
  VarRule result:
    A1 -> 117532138+32570651*A7+79502894*A7^2
    A2 -> 114092177+32671703*A7+134966703*A7^2
    A3 -> 171392877+112163741*A7+104468318*A7^2
    A4 -> 93370675+151218737*A7+174565885*A7^2
    A5 -> 63828316+98863486*A7+178940108*A7^2
    A6 -> 93370675+151218737*A7+174565885*A7^2
    [2026-05-13 21:12:44] MBM reduction k=0/3 (3 products)...
    [2026-05-13 21:12:44] MBM reduction k=1/3 (3 products)...
    [2026-05-13 21:12:44] MBM reduction k=2/3 (3 products)...
  [2026-05-13 21:12:44] Component 7/8 (14 polys)

[DEBUG solveVarRule] sector=[1,1,0,1,0,1,0] nb=8 VarIndep=[A7] VarDep=[A1,A2,A3,A4,A5,A6]
  compGb:
    [0] A7^8-82120047*A7^7+50129183*A7^6+239011*A7^5-38824436*A7^4-54553931*A7^3-24120969*A7^2-61701598*A7-5430851
    [1] A6-38951355*A7^7+58218012*A7^6-6872860*A7^5+4014526*A7^4+40110607*A7^3+18385418*A7^2+24426189*A7+42498490
    [2] A5+31278405*A7^7+87142310*A7^6+65477341*A7^5-57543449*A7^4-53998983*A7^3+42833667*A7^2-62079648*A7-83968534
    [3] A4+38951355*A7^7-58218012*A7^6+6872860*A7^5-4014526*A7^4-40110607*A7^3-18385418*A7^2-24426189*A7-42498489
    [4] A3+37129198*A7^7-87619193*A7^6+40412808*A7^5-3360232*A7^4+50014816*A7^3-4950317*A7^2-48824662*A7-16567657
    [5] A2-53304777*A7^7+38122927*A7^6-62508244*A7^5-84161368*A7^4+39087320*A7^3-34260112*A7^2-36735091*A7-11805620
    [6] A1-13233619*A7^7+41616477*A7^6-89300599*A7^5+79294811*A7^4+24335890*A7^3+17321144*A7^2-24700216*A7+68477702
    [7] B7+22606345*A7^7-48209126*A7^6-16817561*A7^5-29477927*A7^4-19733449*A7^3-81482402*A7^2+64820573*A7-24112637
    [8] B6-77692340*A7^7-87002260*A7^6+33148703*A7^5-32157653*A7^4-4653305*A7^3+11575103*A7^2-13217350*A7+23480813
    [9] B5-47597600*A7^7+14876430*A7^6-5028954*A7^5-18815366*A7^4+84297822*A7^3+56294204*A7^2+15623906*A7+31803539
    [10] B4-39276813*A7^7-13885539*A7^6+13381719*A7^5-44825268*A7^4+28388716*A7^3-81359176*A7^2+64894744*A7+61768472
    [11] B3+62455520*A7^7+78536874*A7^6+46530422*A7^5-76982921*A7^4+23735411*A7^3-69784073*A7^2+51677394*A7+85249286
    [12] B2-23864891*A7^7-40813769*A7^6-29333481*A7^5+67875993*A7^4+24841762*A7^3+24925461*A7^2+30115176*A7+22968738
    [13] B1+65078352*A7^7-59097916*A7^6-82761521*A7^5+64439154*A7^4+88512280*A7^3+55703384*A7^2-71354926*A7-2482892
  VarRule result:
    A1 -> 110946971+24700216*A7+162103529*A7^2+155088783*A7^3+100129862*A7^4+89300599*A7^5+137808196*A7^6+13233619*A7^7
    A2 -> 11805620+36735091*A7+34260112*A7^2+140337353*A7^3+84161368*A7^4+62508244*A7^5+141301746*A7^6+53304777*A7^7
    A3 -> 16567657+48824662*A7+4950317*A7^2+129409857*A7^3+3360232*A7^4+139011865*A7^5+87619193*A7^6+142295475*A7^7
    A4 -> 42498489+24426189*A7+18385418*A7^2+40110607*A7^3+4014526*A7^4+172551813*A7^5+58218012*A7^6+140473318*A7^7
    A5 -> 83968534+62079648*A7+136591006*A7^2+53998983*A7^3+57543449*A7^4+113947332*A7^5+92282363*A7^6+148146268*A7^7
    A6 -> 136926183+154998484*A7+161039255*A7^2+139314066*A7^3+175410147*A7^4+6872860*A7^5+121206661*A7^6+38951355*A7^7
    [2026-05-13 21:12:44] MBM reduction k=0/8 (8 products)...
    [2026-05-13 21:12:44] MBM reduction k=1/8 (8 products)...
    [2026-05-13 21:12:44] MBM reduction k=2/8 (8 products)...
    [2026-05-13 21:12:44] MBM reduction k=3/8 (8 products)...
    [2026-05-13 21:12:44] MBM reduction k=4/8 (8 products)...
    [2026-05-13 21:12:44] MBM reduction k=5/8 (8 products)...
    [2026-05-13 21:12:44] MBM reduction k=6/8 (8 products)...
    [2026-05-13 21:12:44] MBM reduction k=7/8 (8 products)...
  -> 8 region(s) in 5.165 s
  Found 8 region(s) total
  [TIMING] Step 3: 5.165 s

[Step 4] Building recursion + ring matrices...
  Region 0: nb=1
  Region 1: nb=1
  Region 2: nb=1
  Region 3: nb=1
  Region 4: nb=2
  Region 5: nb=2
  Region 6: nb=3
  Region 7: nb=8
  [TIMING] Step 4: 0.037 s

[Step 5] Writing .bin files...
Written 8 regime(s) to workspace/C019-TB123m-region-solve-cpp/SectorCache/IBPMat_TB123m_sector_1101010.bin
Written 8 ring cell(s) to workspace/C019-TB123m-region-solve-cpp/SectorCache/RingData_TB123m_sector_1101010.bin
  [TIMING] Step 5: 0.003 s

[TIMING] Total wall-clock: 5.265 s

Done. Output:
  workspace/C019-TB123m-region-solve-cpp/SectorCache/IBPMat_TB123m_sector_1101010.bin
  workspace/C019-TB123m-region-solve-cpp/SectorCache/RingData_TB123m_sector_1101010.bin
