=== FamilyGenerate ===
Family: TB123m (L=2 E=2 N=7)
Modulus: 179424673

[Step 1] Generating IBP equations...
[IBPEqGenerator] Family TB123m: ne=7 nl=2 nE=2 nIBP=8 subsectors=57
[IBPEqGenerator] Step 1: Running SP2PD...
[IBPEqGenerator] SP2PD OK: 7 scalar products → z-basis
[IBPEqGenerator] Step 2: Computing derivatives...
[IBPEqGenerator] Derivatives OK: 56 polynomials computed
[IBPEqGenerator] Step 3: Assembling IBP equations (mon2F)...
[IBPEqGenerator] Generated 8 IBP equations with 114 total g-operator terms.
  ne=7 nibp=8 subsectors=57
  [TIMING] Step 1: 0.057 s

[Step 2] Extracting FTable...
  nibp=8 ne=7
  [TIMING] Step 2: 0 s

[Step 3] Solving sectors...
  Filtering: sector = 0110010
  Solving sector [0110010]
  [2026-05-13 21:12:21] Singular minAssGTZ starting...
  [Singular minAssGTZ] 0.0709465 s, kept=2
  [2026-05-13 21:12:21] Singular minAssGTZ done
  [2026-05-13 21:12:21] Component 0/2 (14 polys)
  [2026-05-13 21:12:21] Component 1/2 (14 polys)

[DEBUG solveVarRule] sector=[0,1,1,0,0,1,0] nb=2 VarIndep=[A7] VarDep=[A1,A2,A3,A4,A5,A6]
  compGb:
    [0] A7^2+3*A7+1
    [1] A6+1
    [2] A5+17363678*A7-11575785
    [3] A4-71769869*A7+71769870
    [4] A3-71769869*A7+71769870
    [5] A2+71769869*A7-71769869
    [6] A1+17363678*A7-11575785
    [7] B7+A7+3
    [8] B6+1
    [9] B5-71769869*A7+71769872
    [10] B4-A7+1
    [11] B3-A7+1
    [12] B2+A7+4
    [13] B1-71769869*A7+71769872
  VarRule result:
    A1 -> 11575785+162060995*A7
    A2 -> 71769869+107654804*A7
    A3 -> 107654803+71769869*A7
    A4 -> 107654803+71769869*A7
    A5 -> 11575785+162060995*A7
    A6 -> 179424672
    [2026-05-13 21:12:21] MBM reduction k=0/2 (2 products)...
    [2026-05-13 21:12:21] MBM reduction k=1/2 (2 products)...
  -> 2 region(s) in 0.111 s
  Found 2 region(s) total
  [TIMING] Step 3: 0.112 s

[Step 4] Building recursion + ring matrices...
  Region 0: nb=1
  Region 1: nb=2
  [TIMING] Step 4: 0.005 s

[Step 5] Writing .bin files...
Written 2 regime(s) to workspace/C019-TB123m-region-solve-cpp/SectorCache/IBPMat_TB123m_sector_0110010.bin
Written 2 ring cell(s) to workspace/C019-TB123m-region-solve-cpp/SectorCache/RingData_TB123m_sector_0110010.bin
  [TIMING] Step 5: 0 s

[TIMING] Total wall-clock: 0.181 s

Done. Output:
  workspace/C019-TB123m-region-solve-cpp/SectorCache/IBPMat_TB123m_sector_0110010.bin
  workspace/C019-TB123m-region-solve-cpp/SectorCache/RingData_TB123m_sector_0110010.bin
