=== FamilyGenerate ===
Family: TB123m (L=2 E=2 N=7)
Modulus: 179424673

[Step 1] Generating IBP equations...
[IBPEqGenerator] Family TB123m: ne=7 nl=2 nE=2 nIBP=8 subsectors=57
[IBPEqGenerator] Step 1: Running SP2PD...
[IBPEqGenerator] SP2PD OK: 7 scalar products → z-basis
[IBPEqGenerator] Step 2: Computing derivatives...
[IBPEqGenerator] Derivatives OK: 56 polynomials computed
[IBPEqGenerator] Step 3: Assembling IBP equations (mon2F)...
[IBPEqGenerator] Generated 8 IBP equations with 114 total g-operator terms.
  ne=7 nibp=8 subsectors=57
  [TIMING] Step 1: 0.06 s

[Step 2] Extracting FTable...
  nibp=8 ne=7
  [TIMING] Step 2: 0 s

[Step 3] Solving sectors...
  Filtering: sector = 1110110
  Solving sector [1110110]
  [2026-05-13 21:13:03] Singular minAssGTZ starting...
  [Singular minAssGTZ] 231.956 s, kept=9
  [2026-05-13 21:16:55] Singular minAssGTZ done
  [2026-05-13 21:16:55] Component 0/9 (14 polys)
  [2026-05-13 21:16:55] Component 1/9 (14 polys)
  [2026-05-13 21:16:55] Component 2/9 (14 polys)
  [2026-05-13 21:16:55] Component 3/9 (14 polys)
  [2026-05-13 21:16:55] Component 4/9 (14 polys)

[DEBUG solveVarRule] sector=[1,1,1,0,1,1,0] nb=2 VarIndep=[A7] VarDep=[A1,A2,A3,A4,A5,A6]
  compGb:
    [0] A7^2-75684403*A7-57914302
    [1] A6+67381230*A7-85203414
    [2] A5-67381230*A7+85203415
    [3] A4+42106293*A7-30528557
    [4] A3+82697169
    [5] A2+47461229
    [6] A1+54975736
    [7] B7+69433817*A7-60004549
    [8] B6+23223794*A7-42409663
    [9] B5-23223794*A7+36780757
    [10] B4-17874854*A7-49617065
    [11] B3-72490134
    [12] B2-60004548
    [13] B1-5628905
  VarRule result:
    A1 -> 124448937
    A2 -> 131963444
    A3 -> 96727504
    A4 -> 30528557+137318380*A7
    A5 -> 94221258+67381230*A7
    A6 -> 85203414+112043443*A7
    [2026-05-13 21:16:55] MBM reduction k=0/2 (2 products)...
    [2026-05-13 21:16:55] MBM reduction k=1/2 (2 products)...
  [2026-05-13 21:16:55] Component 5/9 (14 polys)

[DEBUG solveVarRule] sector=[1,1,1,0,1,1,0] nb=3 VarIndep=[A7] VarDep=[A1,A2,A3,A4,A5,A6]
  compGb:
    [0] A7^3-43310385*A7^2+23558893*A7-50197649
    [1] A6-23846378*A7^2-81968008*A7-73160291
    [2] A5-23846378*A7^2-81968008*A7-73160291
    [3] A4+41353907*A7^2-61957715*A7-34091300
    [4] A3-28524618*A7^2-44868160*A7-61771664
    [5] A2+81333257*A7^2+21112837*A7-55793632
    [6] A1+87724855*A7^2-66694161*A7+79335968
    [7] B7+74338834*A7^2+9909*A7+86854598
    [8] B6-30880400*A7^2-77298011*A7+4165779
    [9] B5-30880400*A7^2-77298011*A7+4165779
    [10] B4+47560166*A7^2+25383519*A7+67003187
    [11] B3+33359532*A7^2+75595689*A7-37086747
    [12] B2+86916868*A7^2+24848469*A7+2616078
    [13] B1+55903073*A7^2+49657302*A7+16663113
  VarRule result:
    A1 -> 100088705+66694161*A7+91699818*A7^2
    A2 -> 55793632+158311836*A7+98091416*A7^2
    A3 -> 61771664+44868160*A7+28524618*A7^2
    A4 -> 34091300+61957715*A7+138070766*A7^2
    A5 -> 73160291+81968008*A7+23846378*A7^2
    A6 -> 73160291+81968008*A7+23846378*A7^2
    [2026-05-13 21:16:55] MBM reduction k=0/3 (3 products)...
    [2026-05-13 21:16:55] MBM reduction k=1/3 (3 products)...
    [2026-05-13 21:16:55] MBM reduction k=2/3 (3 products)...
  [2026-05-13 21:16:55] Component 6/9 (14 polys)

[DEBUG solveVarRule] sector=[1,1,1,0,1,1,0] nb=6 VarIndep=[A7] VarDep=[A1,A2,A3,A4,A5,A6]
  compGb:
    [0] A7^6+74458919*A7^5+47396375*A7^4+42156743*A7^3-52626303*A7^2-14057721*A7-61529260
    [1] A6-33404948*A7^5+57681333*A7^4+14755360*A7^3-60755726*A7^2-82340223*A7+5805116
    [2] A5-33404948*A7^5+57681333*A7^4+14755360*A7^3-60755726*A7^2-82340223*A7+5805116
    [3] A4-23396551*A7^5-43499154*A7^4-3100461*A7^3+47736477*A7^2-13068832*A7+27641521
    [4] A3-83279070*A7^5-88422874*A7^4-29796523*A7^3-37761414*A7^2-8990036*A7+17242551
    [5] A2+82382291*A7^5+63705714*A7^4+20557652*A7^3+23987818*A7^2-3075323*A7+43819940
    [6] A1+48222790*A7^5-42491710*A7^4+16683023*A7^3+3090070*A7^2+32152949*A7-61087467
    [7] B7-29737972*A7^5+33611934*A7^4+60922057*A7^3-63322972*A7^2-68148517*A7-70853789
    [8] B6-64007265*A7^5-24642362*A7^4+76020179*A7^3+74696229*A7^2-18569909*A7+24421561
    [9] B5-64007265*A7^5-24642362*A7^4+76020179*A7^3+74696229*A7^2-18569909*A7+24421561
    [10] B4+42909546*A7^5+24373700*A7^4-25222732*A7^3-57213718*A7^2+30561880*A7+88673574
    [11] B3-42195438*A7^5-537324*A7^4-77829779*A7^3+34965022*A7^2+23983942*A7+46765591
    [12] B2-8065801*A7^5+17939144*A7^4-84964874*A7^3+22746514*A7^2+5987821*A7+86560214
    [13] B1-76604387*A7^5+80855225*A7^4-54768630*A7^3-60064430*A7^2-74279636*A7-81738432
  VarRule result:
    A1 -> 61087467+147271724*A7+176334603*A7^2+162741650*A7^3+42491710*A7^4+131201883*A7^5
    A2 -> 135604733+3075323*A7+155436855*A7^2+158867021*A7^3+115718959*A7^4+97042382*A7^5
    A3 -> 162182122+8990036*A7+37761414*A7^2+29796523*A7^3+88422874*A7^4+83279070*A7^5
    A4 -> 151783152+13068832*A7+131688196*A7^2+3100461*A7^3+43499154*A7^4+23396551*A7^5
    A5 -> 173619557+82340223*A7+60755726*A7^2+164669313*A7^3+121743340*A7^4+33404948*A7^5
    A6 -> 173619557+82340223*A7+60755726*A7^2+164669313*A7^3+121743340*A7^4+33404948*A7^5
    [2026-05-13 21:16:55] MBM reduction k=0/6 (6 products)...
    [2026-05-13 21:16:55] MBM reduction k=1/6 (6 products)...
    [2026-05-13 21:16:55] MBM reduction k=2/6 (6 products)...
    [2026-05-13 21:16:55] MBM reduction k=3/6 (6 products)...
    [2026-05-13 21:16:55] MBM reduction k=4/6 (6 products)...
    [2026-05-13 21:16:55] MBM reduction k=5/6 (6 products)...
  [2026-05-13 21:16:55] Component 7/9 (14 polys)

[DEBUG solveVarRule] sector=[1,1,1,0,1,1,0] nb=8 VarIndep=[A7] VarDep=[A1,A2,A3,A4,A5,A6]
  compGb:
    [0] A7^8+9646466*A7^7-54484681*A7^6-72534493*A7^5+86383874*A7^4-57978074*A7^3+21694157*A7^2+17707086*A7-69115634
    [1] A6+74439082*A7^7-21254161*A7^6-54215245*A7^5+60582779*A7^4-85212023*A7^3-42149305*A7^2-765819*A7-66042184
    [2] A5-74439082*A7^7+21254161*A7^6+54215245*A7^5-60582779*A7^4+85212023*A7^3+42149305*A7^2+765819*A7+66042185
    [3] A4+55068005*A7^7-44594710*A7^6-51116440*A7^5-57677483*A7^4+59092171*A7^3+48630277*A7^2-11959856*A7+86108552
    [4] A3+37702366*A7^7+36418733*A7^6-87462684*A7^5+31587023*A7^4-18125263*A7^3+8428624*A7^2-74095586*A7-2793331
    [5] A2+22924497*A7^7-44612463*A7^6+54135105*A7^5-17094803*A7^4-73415286*A7^3-79750870*A7^2+77503009*A7+60710594
    [6] A1+70756490*A7^7-43464339*A7^6+45493422*A7^5-46330173*A7^4+31152661*A7^3+9892545*A7^2-23705449*A7+64359178
    [7] B7+63892710*A7^7+31235328*A7^6+78338327*A7^5+42676615*A7^4+39812259*A7^3+52013894*A7^2+473623*A7+47525864
    [8] B6+64781646*A7^7-47172078*A7^6+65290042*A7^5+68759111*A7^4+76726905*A7^3-15937603*A7^2+62374797*A7+73062099
    [9] B5-16778101*A7^7-67489702*A7^6+68891610*A7^5-40938466*A7^4+29922640*A7^3-43478767*A7^2-82399885*A7-84948721
    [10] B4+59491811*A7^7-59519149*A7^6+21947682*A7^5+77080737*A7^4+37035055*A7^3+21477644*A7^2-42996220*A7-77496717
    [11] B3-63033444*A7^7-8972980*A7^6-34061497*A7^5+286755*A7^4-56081980*A7^3-38972447*A7^2-2289036*A7-68621312
    [12] B2-58444568*A7^7+44916334*A7^6+24971392*A7^5+71548367*A7^4-66260057*A7^3+32803159*A7^2+1642703*A7-64248347
    [13] B1+48003545*A7^7+64762893*A7^6-45243021*A7^5+27820645*A7^4-72775128*A7^3-59416370*A7^2-20025088*A7-11886621
  VarRule result:
    A1 -> 115065495+23705449*A7+169532128*A7^2+148272012*A7^3+46330173*A7^4+133931251*A7^5+43464339*A7^6+108668183*A7^7
    A2 -> 118714079+101921664*A7+79750870*A7^2+73415286*A7^3+17094803*A7^4+125289568*A7^5+44612463*A7^6+156500176*A7^7
    A3 -> 2793331+74095586*A7+170996049*A7^2+18125263*A7^3+147837650*A7^4+87462684*A7^5+143005940*A7^6+141722307*A7^7
    A4 -> 93316121+11959856*A7+130794396*A7^2+120332502*A7^3+57677483*A7^4+51116440*A7^5+44594710*A7^6+124356668*A7^7
    A5 -> 113382488+178658854*A7+137275368*A7^2+94212650*A7^3+60582779*A7^4+125209428*A7^5+158170512*A7^6+74439082*A7^7
    A6 -> 66042184+765819*A7+42149305*A7^2+85212023*A7^3+118841894*A7^4+54215245*A7^5+21254161*A7^6+104985591*A7^7
    [2026-05-13 21:16:55] MBM reduction k=0/8 (8 products)...
    [2026-05-13 21:16:55] MBM reduction k=1/8 (8 products)...
    [2026-05-13 21:16:55] MBM reduction k=2/8 (8 products)...
    [2026-05-13 21:16:55] MBM reduction k=3/8 (8 products)...
    [2026-05-13 21:16:55] MBM reduction k=4/8 (8 products)...
    [2026-05-13 21:16:55] MBM reduction k=5/8 (8 products)...
    [2026-05-13 21:16:55] MBM reduction k=6/8 (8 products)...
    [2026-05-13 21:16:55] MBM reduction k=7/8 (8 products)...
  [2026-05-13 21:16:55] Component 8/9 (14 polys)

[DEBUG solveVarRule] sector=[1,1,1,0,1,1,0] nb=8 VarIndep=[A7] VarDep=[A1,A2,A3,A4,A5,A6]
  compGb:
    [0] A7^8-84986958*A7^7+16844226*A7^6+83375648*A7^5+83681108*A7^4-57930988*A7^3-57660059*A7^2+6414188*A7+23671032
    [1] A6-59346030*A7^7-25912544*A7^6+13886095*A7^5-17058249*A7^4-3072856*A7^3+24940912*A7^2-85893757*A7-30670860
    [2] A5+59346030*A7^7+25912544*A7^6-13886095*A7^5+17058249*A7^4+3072856*A7^3-24940912*A7^2+85893757*A7+30670861
    [3] A4-40175658*A7^7+36307499*A7^6+41590629*A7^5+16918663*A7^4+6040271*A7^3-32035752*A7^2+64292570*A7-25929328
    [4] A3-34392113*A7^7+2502420*A7^6-77376643*A7^5+28979608*A7^4-83269245*A7^3-79859065*A7^2+59455239*A7-74315016
    [5] A2-27315233*A7^7-22807759*A7^6+85260572*A7^5+67643262*A7^4+30009551*A7^3-73406852*A7^2+46762320*A7-18814492
    [6] A1-18251950*A7^7+2521060*A7^6-54945960*A7^5-49737194*A7^4-62512983*A7^3-85553217*A7^2+6041717*A7-54093265
    [7] B7-60923330*A7^7+17550057*A7^6-19970209*A7^5+64494502*A7^4-7653084*A7^3+70659068*A7^2-12271213*A7-31837842
    [8] B6-82973330*A7^7-86121186*A7^6+57608503*A7^5+66873462*A7^4-74177032*A7^3+83275465*A7^2-54032913*A7+8006310
    [9] B5-73463134*A7^7+30819696*A7^6-20216761*A7^5+25133381*A7^4+57598469*A7^3-16093906*A7^2+10541760*A7+62211667
    [10] B4+50570897*A7^7+56117969*A7^6+38577591*A7^5-58728373*A7^4-63459247*A7^3+89312911*A7^2+21213870*A7+50667229
    [11] B3-49647815*A7^7-2866320*A7^6+56617290*A7^5-71367963*A7^4+59535730*A7^3-76521328*A7^2-55375824*A7-56764317
    [12] B2+14202374*A7^7-42814920*A7^6+3124942*A7^5-5532258*A7^4+31899011*A7^3-64512087*A7^2+44748682*A7+22283842
    [13] B1+22988209*A7^7-55301490*A7^6+37391742*A7^5-87417830*A7^4-16578563*A7^3+67181559*A7^2-43491153*A7+70217978
  VarRule result:
    A1 -> 54093265+173382956*A7+85553217*A7^2+62512983*A7^3+49737194*A7^4+54945960*A7^5+176903613*A7^6+18251950*A7^7
    A2 -> 18814492+132662353*A7+73406852*A7^2+149415122*A7^3+111781411*A7^4+94164101*A7^5+22807759*A7^6+27315233*A7^7
    A3 -> 74315016+119969434*A7+79859065*A7^2+83269245*A7^3+150445065*A7^4+77376643*A7^5+176922253*A7^6+34392113*A7^7
    A4 -> 25929328+115132103*A7+32035752*A7^2+173384402*A7^3+162506010*A7^4+137834044*A7^5+143117174*A7^6+40175658*A7^7
    A5 -> 148753812+93530916*A7+24940912*A7^2+176351817*A7^3+162366424*A7^4+13886095*A7^5+153512129*A7^6+120078643*A7^7
    A6 -> 30670860+85893757*A7+154483761*A7^2+3072856*A7^3+17058249*A7^4+165538578*A7^5+25912544*A7^6+59346030*A7^7
    [2026-05-13 21:16:55] MBM reduction k=0/8 (8 products)...
    [2026-05-13 21:16:55] MBM reduction k=1/8 (8 products)...
    [2026-05-13 21:16:55] MBM reduction k=2/8 (8 products)...
    [2026-05-13 21:16:55] MBM reduction k=3/8 (8 products)...
    [2026-05-13 21:16:55] MBM reduction k=4/8 (8 products)...
    [2026-05-13 21:16:55] MBM reduction k=5/8 (8 products)...
    [2026-05-13 21:16:55] MBM reduction k=6/8 (8 products)...
    [2026-05-13 21:16:55] MBM reduction k=7/8 (8 products)...
  -> 9 region(s) in 232.229 s
  Found 9 region(s) total
  [TIMING] Step 3: 232.229 s

[Step 4] Building recursion + ring matrices...
  Region 0: nb=1
  Region 1: nb=1
  Region 2: nb=1
  Region 3: nb=1
  Region 4: nb=2
  Region 5: nb=3
  Region 6: nb=6
  Region 7: nb=8
  Region 8: nb=8
  [TIMING] Step 4: 0.058 s

[Step 5] Writing .bin files...
Written 9 regime(s) to workspace/C019-TB123m-region-solve-cpp/SectorCache/IBPMat_TB123m_sector_1110110.bin
Written 9 ring cell(s) to workspace/C019-TB123m-region-solve-cpp/SectorCache/RingData_TB123m_sector_1110110.bin
  [TIMING] Step 5: 0.007 s

[TIMING] Total wall-clock: 232.359 s

Done. Output:
  workspace/C019-TB123m-region-solve-cpp/SectorCache/IBPMat_TB123m_sector_1110110.bin
  workspace/C019-TB123m-region-solve-cpp/SectorCache/RingData_TB123m_sector_1110110.bin
