=== FamilyGenerate ===
Family: TB123m (L=2 E=2 N=7)
Modulus: 179424673

[Step 1] Generating IBP equations...
[IBPEqGenerator] Family TB123m: ne=7 nl=2 nE=2 nIBP=8 subsectors=57
[IBPEqGenerator] Step 1: Running SP2PD...
[IBPEqGenerator] SP2PD OK: 7 scalar products → z-basis
[IBPEqGenerator] Step 2: Computing derivatives...
[IBPEqGenerator] Derivatives OK: 56 polynomials computed
[IBPEqGenerator] Step 3: Assembling IBP equations (mon2F)...
[IBPEqGenerator] Generated 8 IBP equations with 114 total g-operator terms.
  ne=7 nibp=8 subsectors=57
  [TIMING] Step 1: 0.048 s

[Step 2] Extracting FTable...
  nibp=8 ne=7
  [TIMING] Step 2: 0 s

[Step 3] Solving sectors...
  Filtering: sector = 1111110
  Solving sector [1111110]
  [2026-05-13 22:23:58] Singular minAssGTZ starting...
  [Singular minAssGTZ] 6198.54 s, kept=6
  [2026-05-14 00:07:16] Singular minAssGTZ done
  [2026-05-14 00:07:16] Component 0/6 (14 polys)
  [2026-05-14 00:07:16] Component 1/6 (14 polys)
  [2026-05-14 00:07:16] Component 2/6 (14 polys)
  [2026-05-14 00:07:16] Component 3/6 (14 polys)

[DEBUG solveVarRule] sector=[1,1,1,1,1,1,0] nb=2 VarIndep=[A7] VarDep=[A1,A2,A3,A4,A5,A6]
  compGb:
    [0] A7^2+44064966*A7-28759285
    [1] A6-64135459*A7+63706492
    [2] A5+81956266*A7+68368844
    [3] A4-9992085*A7+35798838
    [4] A3+24474670*A7+78972728
    [5] A2-31212269*A7+4173129
    [6] A1-1403128*A7+49883290
    [7] B7+63997069*A7-40286072
    [8] B6+27465594*A7-6542347
    [9] B5-4828114*A7-60377491
    [10] B4-1517161*A7-42770746
    [11] B3-67759749*A7-52967961
    [12] B2+4147431*A7+76269172
    [13] B1-34827749*A7+16473323
  VarRule result:
    A1 -> 129541383+1403128*A7
    A2 -> 175251544+31212269*A7
    A3 -> 100451945+154950003*A7
    A4 -> 143625835+9992085*A7
    A5 -> 111055829+97468407*A7
    A6 -> 115718181+64135459*A7
    [2026-05-14 00:07:16] MBM reduction k=0/2 (2 products)...
    [2026-05-14 00:07:16] MBM reduction k=1/2 (2 products)...
  [2026-05-14 00:07:16] Component 4/6 (14 polys)

[DEBUG solveVarRule] sector=[1,1,1,1,1,1,0] nb=24 VarIndep=[A7] VarDep=[A1,A2,A3,A4,A5,A6]
  compGb:
    [0] A7^24-26996870*A7^23-77372532*A7^22+72625715*A7^21+66288695*A7^20+43244466*A7^19+30256611*A7^18-30702777*A7^17+55025861*A7^16+62992457*A7^15+29676180*A7^14-5406458*A7^13-67751892*A7^12+59927471*A7^11+33228361*A7^10+7596758*A7^9+63374805*A7^8-31921071*A7^7+9745101*A7^6-87986307*A7^5-66790118*A7^4+49102805*A7^3-52562291*A7^2+61315887*A7+48290874
    [1] A6+60034622*A7^23-62003060*A7^22+38985188*A7^21+88885810*A7^20+24941223*A7^19+32315397*A7^18+34337194*A7^17+19886184*A7^16-32473426*A7^15+12221428*A7^14+59431180*A7^13-38457792*A7^12+89376873*A7^11-3820853*A7^10-48957649*A7^9-59810040*A7^8-36463349*A7^7-18762815*A7^6-84601725*A7^5+88854381*A7^4+85728552*A7^3+64939659*A7^2-82176272*A7+29475024
    [2] A5+69707181*A7^23-27463060*A7^22-41359391*A7^21+27920839*A7^20-71656897*A7^19-81856653*A7^18-63257961*A7^17+14723299*A7^16-73365310*A7^15-39278814*A7^14+42603601*A7^13-9479757*A7^12+76095692*A7^11-72721522*A7^10-47384269*A7^9+14997739*A7^8-89071118*A7^7-48811469*A7^6-78544058*A7^5+39885291*A7^4+18880165*A7^3-35434651*A7^2-36199939*A7+87097634
    [3] A4-8915071*A7^23-80259375*A7^22+76852397*A7^21-87372077*A7^20-76780294*A7^19-51082010*A7^18-22065624*A7^17-17435917*A7^16-13675817*A7^15+497052*A7^14-69491857*A7^13-36551764*A7^12+80710860*A7^11-75906720*A7^10+46046458*A7^9-9844830*A7^8-4503693*A7^7+18794910*A7^6+66513089*A7^5-72555681*A7^4+30403646*A7^3-65768868*A7^2-49840960*A7+76136165
    [4] A3-79106864*A7^23+55728343*A7^22+5919348*A7^21+4558465*A7^20-30545252*A7^19+1224717*A7^18+58204146*A7^17+69799039*A7^16-30076121*A7^15+87433258*A7^14-30246736*A7^13+38560343*A7^12-89179500*A7^11+74925331*A7^10+47028492*A7^9-22350113*A7^8-39709104*A7^7+84419522*A7^6-6984684*A7^5+79651521*A7^4+24943457*A7^3+9081316*A7^2-17662393*A7-6254665
    [5] A2-30583348*A7^23+40833119*A7^22+73609346*A7^21+58932155*A7^20+56068840*A7^19+36747291*A7^18+13041544*A7^17+20073419*A7^16+4372809*A7^15-86821091*A7^14-19412866*A7^13-53303082*A7^12-1382092*A7^11+50106622*A7^10+58316884*A7^9+84794196*A7^8-78234917*A7^7-73504214*A7^6+67606714*A7^5-72472847*A7^4-65025912*A7^3-54114871*A7^2+43522091*A7-66507963
    [6] A1-3382157*A7^23-18556174*A7^22-50838680*A7^21-40367570*A7^20+60846170*A7^19+9177070*A7^18+39745618*A7^17-47989443*A7^16+2744635*A7^15+45508141*A7^14-15704135*A7^13+14618393*A7^12+50912227*A7^11-10163856*A7^10+64470442*A7^9+80001801*A7^8+14979183*A7^7+30252812*A7^6-21665803*A7^5-81246909*A7^4+72867243*A7^3+11828289*A7^2-47622573*A7+43142168
    [7] B7-24669049*A7^23+43032614*A7^22+30364524*A7^21+71065135*A7^20-83433633*A7^19+44783076*A7^18-24119110*A7^17+67319405*A7^16+87483254*A7^15+70349775*A7^14+29481590*A7^13+76288006*A7^12+3332511*A7^11+85267197*A7^10-40467155*A7^9-30586794*A7^8+84437660*A7^7+50700292*A7^6-46535226*A7^5+31975694*A7^4-4390933*A7^3-30527282*A7^2-8988316*A7-82390871
    [8] B6-8020368*A7^23-19556366*A7^22-13216668*A7^21-78440453*A7^20-57791598*A7^19+2852778*A7^18-62815413*A7^17+22692496*A7^16+60655961*A7^15-86006741*A7^14-49505424*A7^13-35976027*A7^12-79599069*A7^11-22182255*A7^10-49893325*A7^9+31087779*A7^8+51149643*A7^7-54951855*A7^6-35758224*A7^5+67207321*A7^4-1021727*A7^3+68424557*A7^2+68464239*A7-27080276
    [9] B5+78739066*A7^23-6386505*A7^22+36392537*A7^21-3306234*A7^20-79965248*A7^19+18708315*A7^18+56615261*A7^17-53826160*A7^16+66603858*A7^15+74049986*A7^14-65429186*A7^13+57849045*A7^12+689363*A7^11+28706934*A7^10+71436911*A7^9+57981050*A7^8+54170730*A7^7-61631412*A7^6+17924099*A7^5+30078807*A7^4+28985283*A7^3+43918803*A7^2-81182869*A7+3223387
    [10] B4-27837781*A7^23+89604832*A7^22+64710204*A7^21+31303186*A7^20-69931546*A7^19-4866590*A7^18-34180793*A7^17-83087920*A7^16+15361251*A7^15+53705958*A7^14-24541235*A7^13-26749321*A7^12-21152875*A7^11-44025885*A7^10+82999864*A7^9+31913966*A7^8-59625410*A7^7+39500198*A7^6+70589441*A7^5+84161009*A7^4+83375973*A7^3+62935421*A7^2+5055257*A7+68548289
    [11] B3+55399069*A7^23+68847719*A7^22-62162371*A7^21-56759143*A7^20-16379752*A7^19-10309971*A7^18+64915958*A7^17+15626129*A7^16+60235251*A7^15+49682882*A7^14-37640376*A7^13+21541512*A7^12+72297332*A7^11+43187445*A7^10+8721293*A7^9-72411741*A7^8+77797247*A7^7-44917440*A7^6+45260396*A7^5+63929431*A7^4+75160253*A7^3-75723350*A7^2+77259366*A7-65659341
    [12] B2+21912517*A7^23-41858377*A7^22-75380718*A7^21+62506676*A7^20+15107277*A7^19-74238827*A7^18+30145135*A7^17+18516121*A7^16-49718341*A7^15-22454952*A7^14-41148760*A7^13+17978161*A7^12+54245838*A7^11+56287361*A7^10-86120306*A7^9+47843947*A7^8-49708536*A7^7-87486365*A7^6+2849172*A7^5+75790493*A7^4-78158401*A7^3+47489602*A7^2+88876314*A7+53610731
    [13] B1+22915659*A7^23-46945139*A7^22-65707296*A7^21-34947008*A7^20+85850571*A7^19-3550853*A7^18-19701420*A7^17-13851384*A7^16-7374340*A7^15-19711231*A7^14-81565872*A7^13-73964678*A7^12-1222748*A7^11+45631201*A7^10-6942423*A7^9-88911628*A7^8-17701282*A7^7-83904165*A7^6+60671829*A7^5+36637092*A7^4+77370360*A7^3+51358628*A7^2-37242643*A7+87874983
  VarRule result:
    A1 -> 136282505+47622573*A7+167596384*A7^2+106557430*A7^3+81246909*A7^4+21665803*A7^5+149171861*A7^6+164445490*A7^7+99422872*A7^8+114954231*A7^9+10163856*A7^10+128512446*A7^11+164806280*A7^12+15704135*A7^13+133916532*A7^14+176680038*A7^15+47989443*A7^16+139679055*A7^17+170247603*A7^18+118578503*A7^19+40367570*A7^20+50838680*A7^21+18556174*A7^22+3382157*A7^23
    A2 -> 66507963+135902582*A7+54114871*A7^2+65025912*A7^3+72472847*A7^4+111817959*A7^5+73504214*A7^6+78234917*A7^7+94630477*A7^8+121107789*A7^9+129318051*A7^10+1382092*A7^11+53303082*A7^12+19412866*A7^13+86821091*A7^14+175051864*A7^15+159351254*A7^16+166383129*A7^17+142677382*A7^18+123355833*A7^19+120492518*A7^20+105815327*A7^21+138591554*A7^22+30583348*A7^23
    A3 -> 6254665+17662393*A7+170343357*A7^2+154481216*A7^3+99773152*A7^4+6984684*A7^5+95005151*A7^6+39709104*A7^7+22350113*A7^8+132396181*A7^9+104499342*A7^10+89179500*A7^11+140864330*A7^12+30246736*A7^13+91991415*A7^14+30076121*A7^15+109625634*A7^16+121220527*A7^17+178199956*A7^18+30545252*A7^19+174866208*A7^20+173505325*A7^21+123696330*A7^22+79106864*A7^23
    A4 -> 103288508+49840960*A7+65768868*A7^2+149021027*A7^3+72555681*A7^4+112911584*A7^5+160629763*A7^6+4503693*A7^7+9844830*A7^8+133378215*A7^9+75906720*A7^10+98713813*A7^11+36551764*A7^12+69491857*A7^13+178927621*A7^14+13675817*A7^15+17435917*A7^16+22065624*A7^17+51082010*A7^18+76780294*A7^19+87372077*A7^20+102572276*A7^21+80259375*A7^22+8915071*A7^23
    A5 -> 92327039+36199939*A7+35434651*A7^2+160544508*A7^3+139539382*A7^4+78544058*A7^5+48811469*A7^6+89071118*A7^7+164426934*A7^8+47384269*A7^9+72721522*A7^10+103328981*A7^11+9479757*A7^12+136821072*A7^13+39278814*A7^14+73365310*A7^15+164701374*A7^16+63257961*A7^17+81856653*A7^18+71656897*A7^19+151503834*A7^20+41359391*A7^21+27463060*A7^22+109717492*A7^23
    A6 -> 149949649+82176272*A7+114485014*A7^2+93696121*A7^3+90570292*A7^4+84601725*A7^5+18762815*A7^6+36463349*A7^7+59810040*A7^8+48957649*A7^9+3820853*A7^10+90047800*A7^11+38457792*A7^12+119993493*A7^13+167203245*A7^14+32473426*A7^15+159538489*A7^16+145087479*A7^17+147109276*A7^18+154483450*A7^19+90538863*A7^20+140439485*A7^21+62003060*A7^22+119390051*A7^23
    [2026-05-14 00:07:16] MBM reduction k=0/24 (24 products)...
    [2026-05-14 00:07:16] MBM reduction k=1/24 (24 products)...
    [2026-05-14 00:07:17] MBM reduction k=2/24 (24 products)...
    [2026-05-14 00:07:17] MBM reduction k=3/24 (24 products)...
    [2026-05-14 00:07:17] MBM reduction k=4/24 (24 products)...
    [2026-05-14 00:07:17] MBM reduction k=5/24 (24 products)...
    [2026-05-14 00:07:17] MBM reduction k=6/24 (24 products)...
    [2026-05-14 00:07:17] MBM reduction k=7/24 (24 products)...
    [2026-05-14 00:07:17] MBM reduction k=8/24 (24 products)...
    [2026-05-14 00:07:17] MBM reduction k=9/24 (24 products)...
    [2026-05-14 00:07:17] MBM reduction k=10/24 (24 products)...
    [2026-05-14 00:07:17] MBM reduction k=11/24 (24 products)...
    [2026-05-14 00:07:17] MBM reduction k=12/24 (24 products)...
    [2026-05-14 00:07:17] MBM reduction k=13/24 (24 products)...
    [2026-05-14 00:07:17] MBM reduction k=14/24 (24 products)...
    [2026-05-14 00:07:17] MBM reduction k=15/24 (24 products)...
    [2026-05-14 00:07:17] MBM reduction k=16/24 (24 products)...
    [2026-05-14 00:07:17] MBM reduction k=17/24 (24 products)...
    [2026-05-14 00:07:17] MBM reduction k=18/24 (24 products)...
    [2026-05-14 00:07:17] MBM reduction k=19/24 (24 products)...
    [2026-05-14 00:07:17] MBM reduction k=20/24 (24 products)...
    [2026-05-14 00:07:17] MBM reduction k=21/24 (24 products)...
    [2026-05-14 00:07:17] MBM reduction k=22/24 (24 products)...
    [2026-05-14 00:07:17] MBM reduction k=23/24 (24 products)...
  [2026-05-14 00:07:17] Component 5/6 (14 polys)

[DEBUG solveVarRule] sector=[1,1,1,1,1,1,0] nb=52 VarIndep=[A7] VarDep=[A1,A2,A3,A4,A5,A6]
  compGb:
    [0] A7^52-78547548*A7^51-22760540*A7^50-29516955*A7^49+62826413*A7^48-52538859*A7^47-41462851*A7^46-18816487*A7^45-16692426*A7^44+89114797*A7^43+33559149*A7^42-86472661*A7^41-42040632*A7^40+9752068*A7^39+87580262*A7^38-34571640*A7^37+39447461*A7^36+29623295*A7^35-27961518*A7^34+54973881*A7^33+13360863*A7^32+67347715*A7^31-65206848*A7^30+52845314*A7^29-44460078*A7^28-50539184*A7^27+76265778*A7^26-62250767*A7^25+2143279*A7^24-29093135*A7^23-77697773*A7^22+5956405*A7^21+83856458*A7^20-12087522*A7^19-64468265*A7^18-73814398*A7^17-3922072*A7^16-23969459*A7^15+44291808*A7^14+35300273*A7^13-44418503*A7^12-40171651*A7^11-67722796*A7^10+33362991*A7^9-59360757*A7^8+86628662*A7^7-46233495*A7^6-16858759*A7^5-32319353*A7^4+32519527*A7^3-52671087*A7^2-14923328*A7-21373547
    [1] A6+45664636*A7^51-10979788*A7^50+47293980*A7^49+52588602*A7^48+63968310*A7^47+17406826*A7^46-50113508*A7^45+74221228*A7^44+74595473*A7^43-76297803*A7^42-43650320*A7^41-75644183*A7^40+33262206*A7^39+23913162*A7^38-71679483*A7^37+22196689*A7^36-67232211*A7^35+80737284*A7^34+64823637*A7^33+32688950*A7^32-69937728*A7^31+55935765*A7^30+74622402*A7^29-52316061*A7^28-1026072*A7^27+7477213*A7^26-48397911*A7^25+17066271*A7^24-87678948*A7^23+87680976*A7^22+12601735*A7^21-16848750*A7^20+81714907*A7^19-40511545*A7^18+12879511*A7^17-43988385*A7^16+59514103*A7^15+21606020*A7^14+44881989*A7^13+20801480*A7^12-70161694*A7^11+32784647*A7^10-87453935*A7^9+75970979*A7^8+86922437*A7^7+72539924*A7^6+89631158*A7^5+16493736*A7^4+13483326*A7^3-36784161*A7^2+45800778*A7-5784220
    [2] A5+36325699*A7^51-8993760*A7^50+12103896*A7^49+10241068*A7^48-43881335*A7^47+26942770*A7^46-20895888*A7^45+40009730*A7^44+41936291*A7^43-22571407*A7^42+81057607*A7^41-13628181*A7^40+55237148*A7^39-56470844*A7^38+23525722*A7^37-57907789*A7^36+22749028*A7^35-86029250*A7^34+49120959*A7^33-43604931*A7^32-11805766*A7^31+59097038*A7^30-69862273*A7^29-18869845*A7^28+51854509*A7^27+44260453*A7^26+16902072*A7^25+707915*A7^24+4952692*A7^23-66764710*A7^22-79544502*A7^21+34097971*A7^20+41550766*A7^19+17105453*A7^18-25538650*A7^17+51981447*A7^16+89645679*A7^15+87756909*A7^14+9269716*A7^13-71358048*A7^12+47651191*A7^11-48921248*A7^10+63043896*A7^9-84797554*A7^8-30581510*A7^7-25656973*A7^6-35736927*A7^5-44111474*A7^4+57822245*A7^3+61359715*A7^2-27806142*A7+84276165
    [3] A4-57524070*A7^51-20948546*A7^50-48139806*A7^49-9596327*A7^48-24473983*A7^47-28108340*A7^46+79867922*A7^45+83395455*A7^44+64418520*A7^43+66661899*A7^42+76413618*A7^41+86701951*A7^40+2656515*A7^39-84262691*A7^38-56282755*A7^37+604533*A7^36-84371865*A7^35+954632*A7^34-23814535*A7^33+49484317*A7^32-47754136*A7^31+20819068*A7^30-88022941*A7^29+46674919*A7^28-87055130*A7^27-29987221*A7^26+9079987*A7^25-1176729*A7^24+81754254*A7^23-86898650*A7^22+56101489*A7^21-12428734*A7^20-50013138*A7^19-22144459*A7^18-26608676*A7^17+60094593*A7^16+82662792*A7^15+1841073*A7^14+59449914*A7^13-59148973*A7^12-54209574*A7^11-58423138*A7^10+63912538*A7^9-79194319*A7^8-82257657*A7^7+40945132*A7^6+28644949*A7^5+70102254*A7^4+29923415*A7^3+24905213*A7^2-65413798*A7-10804815
    [4] A3-2278245*A7^51-16912107*A7^50+88043055*A7^49+77928985*A7^48-77199892*A7^47+32798314*A7^46-73343694*A7^45-89450714*A7^44-55552405*A7^43+56897848*A7^42+25558242*A7^41+2282158*A7^40+37770988*A7^39+82082783*A7^38+67624242*A7^37-67516225*A7^36+28381902*A7^35-50324251*A7^34+69809145*A7^33+5364702*A7^32-42876996*A7^31+2660977*A7^30+58120128*A7^29-71485980*A7^28+44557857*A7^27-74422423*A7^26-8062186*A7^25+55055225*A7^24+17061390*A7^23+3455439*A7^22-53063275*A7^21-24642740*A7^20+21825895*A7^19+13571606*A7^18+7406287*A7^17+73847271*A7^16-47658193*A7^15+75871111*A7^14-2569847*A7^13-76043369*A7^12-75033751*A7^11-33452410*A7^10+52991186*A7^9+60600805*A7^8-37551348*A7^7+14273503*A7^6-4023803*A7^5+62578306*A7^4-55616498*A7^3+5365856*A7^2-44473616*A7-36268200
    [5] A2-79535712*A7^51-71765681*A7^50-18588376*A7^49+78449492*A7^48-59064193*A7^47+61852836*A7^46+88646702*A7^45+87466076*A7^44-77547800*A7^43-59595382*A7^42-46479358*A7^41+39548480*A7^40+43426343*A7^39-51388899*A7^38+46300514*A7^37+54551879*A7^36-13913810*A7^35+26992467*A7^34-45227576*A7^33-4401258*A7^32+71278669*A7^31-24985403*A7^30-13588757*A7^29+89548763*A7^28-9881204*A7^27-15439428*A7^26-72312615*A7^25+57134623*A7^24-56870274*A7^23-20324269*A7^22-32399774*A7^21-70037509*A7^20-37805484*A7^19+65355330*A7^18+81832358*A7^17+29813502*A7^16+47781903*A7^15+8056979*A7^14-3454748*A7^13-29797728*A7^12+16056835*A7^11-84818567*A7^10+6273704*A7^9+69096109*A7^8+53164001*A7^7-82790404*A7^6-407645*A7^5+28848996*A7^4+30314539*A7^3-28605194*A7^2+64845099*A7-57231984
    [6] A1+55916803*A7^51+41730022*A7^50-7853047*A7^49-12602540*A7^48+87019664*A7^47+79980577*A7^46+20129397*A7^45-32807783*A7^44+83809901*A7^43+34386400*A7^42+19691065*A7^41+48057573*A7^40+4397807*A7^39+26574947*A7^38+48226247*A7^37+45601004*A7^36+47513679*A7^35+59656224*A7^34-46586805*A7^33+64064108*A7^32+78854713*A7^31+64516168*A7^30+62155655*A7^29-80428726*A7^28-26934282*A7^27-36859859*A7^26-18057448*A7^25-33247887*A7^24-19996697*A7^23+27232495*A7^22-26541378*A7^21+4440426*A7^20-22299902*A7^19+30268147*A7^18-41219120*A7^17-65347356*A7^16-12958877*A7^15+73008640*A7^14-14426281*A7^13+64613040*A7^12+22000278*A7^11-85089131*A7^10-31639289*A7^9-79119407*A7^8+31388222*A7^7+2880351*A7^6-58149804*A7^5-76868583*A7^4+55575340*A7^3-59279646*A7^2+77450732*A7-18301220
    [7] B7-78104005*A7^51+69144774*A7^50+88211813*A7^49-55236317*A7^48-61516276*A7^47-75182913*A7^46-29047331*A7^45+79367636*A7^44+75881188*A7^43-13310669*A7^42+42692668*A7^41-49735867*A7^40+60984017*A7^39-67904713*A7^38-33041245*A7^37-70944233*A7^36+76362689*A7^35+43457787*A7^34+19681376*A7^33+54784286*A7^32+37831126*A7^31-56160604*A7^30-71750879*A7^29-36291162*A7^28+32683704*A7^27+17176984*A7^26-44359904*A7^25+38014386*A7^24+60559780*A7^23-36713647*A7^22+39660656*A7^21+24389949*A7^20-12670438*A7^19+52910666*A7^18-73733583*A7^17+81743920*A7^16-60018464*A7^15-12635150*A7^14+29789742*A7^13-63872157*A7^12+86407783*A7^11+49677068*A7^10+400607*A7^9+54127334*A7^8-54950820*A7^7-61878727*A7^6-171040*A7^5-73528385*A7^4+87821703*A7^3+48812628*A7^2-43562980*A7-57876386
    [8] B6+14326724*A7^51+27168689*A7^50+30780390*A7^49+64732675*A7^48+37590389*A7^47-87017209*A7^46-63665630*A7^45+58609470*A7^44+24831659*A7^43+20049874*A7^42-49725393*A7^41+50892935*A7^40+27178281*A7^39+80709274*A7^38+75549896*A7^37+85606222*A7^36-68075045*A7^35-55210581*A7^34-87730398*A7^33-72980629*A7^32-44070635*A7^31-38555294*A7^30-13199611*A7^29+79775706*A7^28-48191919*A7^27-78934459*A7^26+40513074*A7^25+31030979*A7^24-80304763*A7^23+26371984*A7^22-29322069*A7^21-65933361*A7^20-62421802*A7^19-4245902*A7^18+32297418*A7^17-60088559*A7^16+37151547*A7^15-87797740*A7^14+79125734*A7^13-15626972*A7^12-21265619*A7^11+38257611*A7^10-20012356*A7^9+54710394*A7^8-85924910*A7^7+22717552*A7^6-59421998*A7^5+68165865*A7^4-6940850*A7^3+31803018*A7^2-12788322*A7+46632251
    [9] B5+905300*A7^51+4713115*A7^50+67687474*A7^49-22239634*A7^48-59016214*A7^47+45650241*A7^46+22837237*A7^45+59552526*A7^44+57358435*A7^43+72169051*A7^42+53481706*A7^41+57079244*A7^40-48924694*A7^39-42494296*A7^38+45286658*A7^37-56782863*A7^36+11971329*A7^35-70966902*A7^34+83466756*A7^33-35642177*A7^32+43515306*A7^31+80104502*A7^30+6669110*A7^29+37968159*A7^28-37406192*A7^27-6885538*A7^26+43447697*A7^25+89463507*A7^24-15320891*A7^23-49650563*A7^22-407150*A7^21+4447415*A7^20-7490192*A7^19-74015280*A7^18+87680736*A7^17+42736511*A7^16-17940246*A7^15+78656997*A7^14+12036574*A7^13+28189637*A7^12+52014817*A7^11-54015630*A7^10-26869733*A7^9-72878432*A7^8+28108487*A7^7-262393*A7^6-56393992*A7^5-65101548*A7^4+76358287*A7^3-14621294*A7^2-87614017*A7+9747595
    [10] B4+83985960*A7^51+64427021*A7^50-58505100*A7^49+85026083*A7^48-51556201*A7^47-62908060*A7^46+33167983*A7^45+79293395*A7^44+50470285*A7^43-88961862*A7^42-53532308*A7^41-9132382*A7^40-64888133*A7^39+80877394*A7^38-48446417*A7^37+55737733*A7^36-87703109*A7^35+20684870*A7^34+3952852*A7^33-25097301*A7^32-71512807*A7^31-86494989*A7^30-74209017*A7^29-46560874*A7^28-21790505*A7^27-16498096*A7^26+486520*A7^25-42355917*A7^24-61499196*A7^23-53094427*A7^22+66206107*A7^21-29881913*A7^20+21763161*A7^19-41901564*A7^18-4631956*A7^17+3355698*A7^16+21978706*A7^15+19788062*A7^14-55120943*A7^13-52881323*A7^12-12769989*A7^11+43715168*A7^10-34391607*A7^9-40802917*A7^8-31852086*A7^7+47955203*A7^6-47873779*A7^5-36443504*A7^4+83323241*A7^3+80694743*A7^2-6222541*A7+27727497
    [11] B3-57836474*A7^51+19304070*A7^50-70607758*A7^49-10354793*A7^48-12204693*A7^47-86074295*A7^46+64687494*A7^45+56256819*A7^44-57733305*A7^43+44351033*A7^42+39339025*A7^41-70058909*A7^40-80135198*A7^39+35327896*A7^38-6765471*A7^37+77556632*A7^36-23176266*A7^35+38519850*A7^34-19217465*A7^33+47700433*A7^32+79780862*A7^31+29483419*A7^30-78533438*A7^29+10880443*A7^28+59734469*A7^27+49029793*A7^26+32772080*A7^25-30688455*A7^24+50947848*A7^23+54318397*A7^22+49357026*A7^21-26737365*A7^20+83133715*A7^19-60815895*A7^18-81249209*A7^17+88387148*A7^16+72254387*A7^15-38243325*A7^14+35738095*A7^13-786169*A7^12+64327207*A7^11-85686946*A7^10+23723367*A7^9+20377789*A7^8+75805827*A7^7-66981859*A7^6-67428192*A7^5-18849782*A7^4-45286092*A7^3+50264359*A7^2-65939368*A7-7213846
    [12] B2-79720062*A7^51-37921548*A7^50+68628253*A7^49+3630407*A7^48-4478918*A7^47+6948817*A7^46+21442179*A7^45-11316059*A7^44-84073265*A7^43+63341373*A7^42-62615345*A7^41-6313223*A7^40+30395417*A7^39-60932110*A7^38-67119865*A7^37+68737784*A7^36+26053940*A7^35+47186822*A7^34+35177128*A7^33-1723295*A7^32+32016016*A7^31-69555118*A7^30+52911773*A7^29-36803539*A7^28-31219973*A7^27+32579664*A7^26+59430590*A7^25-24266614*A7^24+40899959*A7^23-10205391*A7^22-3677710*A7^21-47277792*A7^20-28126603*A7^19-16004505*A7^18-86713826*A7^17+16469480*A7^16-31580791*A7^15-18096445*A7^14-37155369*A7^13+46547496*A7^12+25825506*A7^11+4323279*A7^10+29795927*A7^9-35833555*A7^8+77462285*A7^7-21096965*A7^6-35272431*A7^5+72754831*A7^4+62418223*A7^3-54193855*A7^2-31062903*A7-13060194
    [13] B1-49021382*A7^51-55700862*A7^50-53710513*A7^49-75725543*A7^48+54794757*A7^47-81484699*A7^46-51089139*A7^45-52726223*A7^44-27655379*A7^43+43018717*A7^42-82793373*A7^41-26985246*A7^40+70107131*A7^39+14472234*A7^38-53625344*A7^37+22167131*A7^36-8877411*A7^35+32898300*A7^34+60758138*A7^33-81197593*A7^32-81668259*A7^31-11448679*A7^30-2754356*A7^29+83838506*A7^28+44224480*A7^27-9915457*A7^26-55943046*A7^25-25605640*A7^24+15819140*A7^23+11379217*A7^22-29667282*A7^21-41366190*A7^20-67503316*A7^19+38316580*A7^18+31588865*A7^17-86888647*A7^16-44679781*A7^15-49221711*A7^14+3985549*A7^13+13387531*A7^12+25893344*A7^11-68030955*A7^10+22699080*A7^9-76875598*A7^8+54763014*A7^7+50986711*A7^6+54783918*A7^5+81005951*A7^4-51409172*A7^3+30345180*A7^2-4221518*A7-70295945
  VarRule result:
    A1 -> 18301220+101973941*A7+59279646*A7^2+123849333*A7^3+76868583*A7^4+58149804*A7^5+176544322*A7^6+148036451*A7^7+79119407*A7^8+31639289*A7^9+85089131*A7^10+157424395*A7^11+114811633*A7^12+14426281*A7^13+106416033*A7^14+12958877*A7^15+65347356*A7^16+41219120*A7^17+149156526*A7^18+22299902*A7^19+174984247*A7^20+26541378*A7^21+152192178*A7^22+19996697*A7^23+33247887*A7^24+18057448*A7^25+36859859*A7^26+26934282*A7^27+80428726*A7^28+117269018*A7^29+114908505*A7^30+100569960*A7^31+115360565*A7^32+46586805*A7^33+119768449*A7^34+131910994*A7^35+133823669*A7^36+131198426*A7^37+152849726*A7^38+175026866*A7^39+131367100*A7^40+159733608*A7^41+145038273*A7^42+95614772*A7^43+32807783*A7^44+159295276*A7^45+99444096*A7^46+92405009*A7^47+12602540*A7^48+7853047*A7^49+137694651*A7^50+123507870*A7^51
    A2 -> 57231984+114579574*A7+28605194*A7^2+149110134*A7^3+150575677*A7^4+407645*A7^5+82790404*A7^6+126260672*A7^7+110328564*A7^8+173150969*A7^9+84818567*A7^10+163367838*A7^11+29797728*A7^12+3454748*A7^13+171367694*A7^14+131642770*A7^15+149611171*A7^16+97592315*A7^17+114069343*A7^18+37805484*A7^19+70037509*A7^20+32399774*A7^21+20324269*A7^22+56870274*A7^23+122290050*A7^24+72312615*A7^25+15439428*A7^26+9881204*A7^27+89875910*A7^28+13588757*A7^29+24985403*A7^30+108146004*A7^31+4401258*A7^32+45227576*A7^33+152432206*A7^34+13913810*A7^35+124872794*A7^36+133124159*A7^37+51388899*A7^38+135998330*A7^39+139876193*A7^40+46479358*A7^41+59595382*A7^42+77547800*A7^43+91958597*A7^44+90777971*A7^45+117571837*A7^46+59064193*A7^47+100975181*A7^48+18588376*A7^49+71765681*A7^50+79535712*A7^51
    A3 -> 36268200+44473616*A7+174058817*A7^2+55616498*A7^3+116846367*A7^4+4023803*A7^5+165151170*A7^6+37551348*A7^7+118823868*A7^8+126433487*A7^9+33452410*A7^10+75033751*A7^11+76043369*A7^12+2569847*A7^13+103553562*A7^14+47658193*A7^15+105577402*A7^16+172018386*A7^17+165853067*A7^18+157598778*A7^19+24642740*A7^20+53063275*A7^21+175969234*A7^22+162363283*A7^23+124369448*A7^24+8062186*A7^25+74422423*A7^26+134866816*A7^27+71485980*A7^28+121304545*A7^29+176763696*A7^30+42876996*A7^31+174059971*A7^32+109615528*A7^33+50324251*A7^34+151042771*A7^35+67516225*A7^36+111800431*A7^37+97341890*A7^38+141653685*A7^39+177142515*A7^40+153866431*A7^41+122526825*A7^42+55552405*A7^43+89450714*A7^44+73343694*A7^45+146626359*A7^46+77199892*A7^47+101495688*A7^48+91381618*A7^49+16912107*A7^50+2278245*A7^51
    A4 -> 10804815+65413798*A7+154519460*A7^2+149501258*A7^3+109322419*A7^4+150779724*A7^5+138479541*A7^6+82257657*A7^7+79194319*A7^8+115512135*A7^9+58423138*A7^10+54209574*A7^11+59148973*A7^12+119974759*A7^13+177583600*A7^14+96761881*A7^15+119330080*A7^16+26608676*A7^17+22144459*A7^18+50013138*A7^19+12428734*A7^20+123323184*A7^21+86898650*A7^22+97670419*A7^23+1176729*A7^24+170344686*A7^25+29987221*A7^26+87055130*A7^27+132749754*A7^28+88022941*A7^29+158605605*A7^30+47754136*A7^31+129940356*A7^32+23814535*A7^33+178470041*A7^34+84371865*A7^35+178820140*A7^36+56282755*A7^37+84262691*A7^38+176768158*A7^39+92722722*A7^40+103011055*A7^41+112762774*A7^42+115006153*A7^43+96029218*A7^44+99556751*A7^45+28108340*A7^46+24473983*A7^47+9596327*A7^48+48139806*A7^49+20948546*A7^50+57524070*A7^51
    A5 -> 95148508+27806142*A7+118064958*A7^2+121602428*A7^3+44111474*A7^4+35736927*A7^5+25656973*A7^6+30581510*A7^7+84797554*A7^8+116380777*A7^9+48921248*A7^10+131773482*A7^11+71358048*A7^12+170154957*A7^13+91667764*A7^14+89778994*A7^15+127443226*A7^16+25538650*A7^17+162319220*A7^18+137873907*A7^19+145326702*A7^20+79544502*A7^21+66764710*A7^22+174471981*A7^23+178716758*A7^24+162522601*A7^25+135164220*A7^26+127570164*A7^27+18869845*A7^28+69862273*A7^29+120327635*A7^30+11805766*A7^31+43604931*A7^32+130303714*A7^33+86029250*A7^34+156675645*A7^35+57907789*A7^36+155898951*A7^37+56470844*A7^38+124187525*A7^39+13628181*A7^40+98367066*A7^41+22571407*A7^42+137488382*A7^43+139414943*A7^44+20895888*A7^45+152481903*A7^46+43881335*A7^47+169183605*A7^48+167320777*A7^49+8993760*A7^50+143098974*A7^51
    A6 -> 5784220+133623895*A7+36784161*A7^2+165941347*A7^3+162930937*A7^4+89793515*A7^5+106884749*A7^6+92502236*A7^7+103453694*A7^8+87453935*A7^9+146640026*A7^10+70161694*A7^11+158623193*A7^12+134542684*A7^13+157818653*A7^14+119910570*A7^15+43988385*A7^16+166545162*A7^17+40511545*A7^18+97709766*A7^19+16848750*A7^20+166822938*A7^21+91743697*A7^22+87678948*A7^23+162358402*A7^24+48397911*A7^25+171947460*A7^26+1026072*A7^27+52316061*A7^28+104802271*A7^29+123488908*A7^30+69937728*A7^31+146735723*A7^32+114601036*A7^33+98687389*A7^34+67232211*A7^35+157227984*A7^36+71679483*A7^37+155511511*A7^38+146162467*A7^39+75644183*A7^40+43650320*A7^41+76297803*A7^42+104829200*A7^43+105203445*A7^44+50113508*A7^45+162017847*A7^46+115456363*A7^47+126836071*A7^48+132130693*A7^49+10979788*A7^50+133760037*A7^51
    [2026-05-14 00:07:17] MBM reduction k=0/52 (52 products)...
    [2026-05-14 00:07:17] MBM reduction k=1/52 (52 products)...
    [2026-05-14 00:07:17] MBM reduction k=2/52 (52 products)...
    [2026-05-14 00:07:17] MBM reduction k=3/52 (52 products)...
    [2026-05-14 00:07:17] MBM reduction k=4/52 (52 products)...
    [2026-05-14 00:07:17] MBM reduction k=5/52 (52 products)...
    [2026-05-14 00:07:17] MBM reduction k=6/52 (52 products)...
    [2026-05-14 00:07:17] MBM reduction k=7/52 (52 products)...
    [2026-05-14 00:07:17] MBM reduction k=8/52 (52 products)...
    [2026-05-14 00:07:17] MBM reduction k=9/52 (52 products)...
    [2026-05-14 00:07:17] MBM reduction k=10/52 (52 products)...
    [2026-05-14 00:07:17] MBM reduction k=11/52 (52 products)...
    [2026-05-14 00:07:17] MBM reduction k=12/52 (52 products)...
    [2026-05-14 00:07:17] MBM reduction k=13/52 (52 products)...
    [2026-05-14 00:07:17] MBM reduction k=14/52 (52 products)...
    [2026-05-14 00:07:17] MBM reduction k=15/52 (52 products)...
    [2026-05-14 00:07:17] MBM reduction k=16/52 (52 products)...
    [2026-05-14 00:07:17] MBM reduction k=17/52 (52 products)...
    [2026-05-14 00:07:17] MBM reduction k=18/52 (52 products)...
    [2026-05-14 00:07:17] MBM reduction k=19/52 (52 products)...
    [2026-05-14 00:07:17] MBM reduction k=20/52 (52 products)...
    [2026-05-14 00:07:17] MBM reduction k=21/52 (52 products)...
    [2026-05-14 00:07:17] MBM reduction k=22/52 (52 products)...
    [2026-05-14 00:07:17] MBM reduction k=23/52 (52 products)...
    [2026-05-14 00:07:17] MBM reduction k=24/52 (52 products)...
    [2026-05-14 00:07:17] MBM reduction k=25/52 (52 products)...
    [2026-05-14 00:07:17] MBM reduction k=26/52 (52 products)...
    [2026-05-14 00:07:17] MBM reduction k=27/52 (52 products)...
    [2026-05-14 00:07:17] MBM reduction k=28/52 (52 products)...
    [2026-05-14 00:07:17] MBM reduction k=29/52 (52 products)...
    [2026-05-14 00:07:17] MBM reduction k=30/52 (52 products)...
    [2026-05-14 00:07:17] MBM reduction k=31/52 (52 products)...
    [2026-05-14 00:07:17] MBM reduction k=32/52 (52 products)...
    [2026-05-14 00:07:17] MBM reduction k=33/52 (52 products)...
    [2026-05-14 00:07:17] MBM reduction k=34/52 (52 products)...
    [2026-05-14 00:07:17] MBM reduction k=35/52 (52 products)...
    [2026-05-14 00:07:17] MBM reduction k=36/52 (52 products)...
    [2026-05-14 00:07:17] MBM reduction k=37/52 (52 products)...
    [2026-05-14 00:07:17] MBM reduction k=38/52 (52 products)...
    [2026-05-14 00:07:17] MBM reduction k=39/52 (52 products)...
    [2026-05-14 00:07:17] MBM reduction k=40/52 (52 products)...
    [2026-05-14 00:07:17] MBM reduction k=41/52 (52 products)...
    [2026-05-14 00:07:17] MBM reduction k=42/52 (52 products)...
    [2026-05-14 00:07:17] MBM reduction k=43/52 (52 products)...
    [2026-05-14 00:07:17] MBM reduction k=44/52 (52 products)...
    [2026-05-14 00:07:17] MBM reduction k=45/52 (52 products)...
    [2026-05-14 00:07:17] MBM reduction k=46/52 (52 products)...
    [2026-05-14 00:07:17] MBM reduction k=47/52 (52 products)...
    [2026-05-14 00:07:17] MBM reduction k=48/52 (52 products)...
    [2026-05-14 00:07:17] MBM reduction k=49/52 (52 products)...
    [2026-05-14 00:07:17] MBM reduction k=50/52 (52 products)...
    [2026-05-14 00:07:17] MBM reduction k=51/52 (52 products)...
  -> 6 region(s) in 6199.59 s
  Found 6 region(s) total
  [TIMING] Step 3: 6199.59 s

[Step 4] Building recursion + ring matrices...
  Region 0: nb=1
  Region 1: nb=1
  Region 2: nb=1
  Region 3: nb=2
  Region 4: nb=24
  Region 5: nb=52
  [TIMING] Step 4: 1.309 s

[Step 5] Writing .bin files...
Written 6 regime(s) to workspace/C019-TB123m-region-solve-cpp/SectorCache/IBPMat_TB123m_sector_1111110.bin
Written 6 ring cell(s) to workspace/C019-TB123m-region-solve-cpp/SectorCache/RingData_TB123m_sector_1111110.bin
  [TIMING] Step 5: 0.142 s

[TIMING] Total wall-clock: 6201.09 s

Done. Output:
  workspace/C019-TB123m-region-solve-cpp/SectorCache/IBPMat_TB123m_sector_1111110.bin
  workspace/C019-TB123m-region-solve-cpp/SectorCache/RingData_TB123m_sector_1111110.bin
