=== FamilyGenerate ===
Family: TB123m (L=2 E=2 N=7)
Modulus: 179424673

[Step 1] Generating IBP equations...
[IBPEqGenerator] Family TB123m: ne=7 nl=2 nE=2 nIBP=8 subsectors=57
[IBPEqGenerator] Step 1: Running SP2PD...
[IBPEqGenerator] SP2PD OK: 7 scalar products → z-basis
[IBPEqGenerator] Step 2: Computing derivatives...
[IBPEqGenerator] Derivatives OK: 56 polynomials computed
[IBPEqGenerator] Step 3: Assembling IBP equations (mon2F)...
[IBPEqGenerator] Generated 8 IBP equations with 114 total g-operator terms.
  ne=7 nibp=8 subsectors=57
  [TIMING] Step 1: 0.052 s

[Step 2] Extracting FTable...
  nibp=8 ne=7
  [TIMING] Step 2: 0 s

[Step 3] Solving sectors...
  Filtering: sector = 1010110
  Solving sector [1010110]
  [2026-05-13 21:12:48] Singular minAssGTZ starting...
  [Singular minAssGTZ] 0.300112 s, kept=3
  [2026-05-13 21:12:48] Singular minAssGTZ done
  [2026-05-13 21:12:48] Component 0/3 (14 polys)

[DEBUG solveVarRule] sector=[1,0,1,0,1,1,0] nb=4 VarIndep=[A7] VarDep=[A1,A2,A3,A4,A5,A6]
  compGb:
    [0] A7^4-76841335*A7^3+84607812*A7^2-52441368*A7+10993545
    [1] A6-79916024*A7^3-58200513*A7^2+62831202*A7+41115687
    [2] A5+79916024*A7^3+58200513*A7^2-62831202*A7-41115686
    [3] A4-6823762*A7^3+68996901*A7^2+27899929*A7+13532045
    [4] A3-25595951*A7^3-66733414*A7^2+63329778*A7-26452362
    [5] A2-9616443*A7^3+83719916*A7^2-16833004*A7-30133136
    [6] A1+5285188*A7^3-35779737*A7^2+25209388*A7+66130905
    [7] B7-36691563*A7^3-29607609*A7^2+88804061*A7+2361321
    [8] B6-32658421*A7^3+45047310*A7^2-18890553*A7-7
    [9] B5-36691563*A7^3-29607609*A7^2+88804061*A7+2361320
    [10] B4+79538022*A7^3-83940661*A7^2+12324303*A7-64962413
    [11] B3-65344296*A7^3+27705019*A7^2+64810903*A7+33754780
    [12] B2-69349984*A7^3+15439701*A7^2+69913508*A7+2361316
    [13] B1-69349984*A7^3+15439701*A7^2+69913508*A7+2361314
  VarRule result:
    A1 -> 113293768+154215285*A7+35779737*A7^2+174139485*A7^3
    A2 -> 30133136+16833004*A7+95704757*A7^2+9616443*A7^3
    A3 -> 26452362+116094895*A7+66733414*A7^2+25595951*A7^3
    A4 -> 165892628+151524744*A7+110427772*A7^2+6823762*A7^3
    A5 -> 41115686+62831202*A7+121224160*A7^2+99508649*A7^3
    A6 -> 138308986+116593471*A7+58200513*A7^2+79916024*A7^3
    [2026-05-13 21:12:48] MBM reduction k=0/4 (4 products)...
    [2026-05-13 21:12:48] MBM reduction k=1/4 (4 products)...
    [2026-05-13 21:12:48] MBM reduction k=2/4 (4 products)...
    [2026-05-13 21:12:48] MBM reduction k=3/4 (4 products)...
  [2026-05-13 21:12:48] Component 1/3 (14 polys)

[DEBUG solveVarRule] sector=[1,0,1,0,1,1,0] nb=4 VarIndep=[A7] VarDep=[A1,A2,A3,A4,A5,A6]
  compGb:
    [0] A7^4-54957*A7^3-12223215*A7^2-56102599*A7+80985614
    [1] A6-24967686*A7^3-65811916*A7^2+59865303*A7-78715144
    [2] A5+24967686*A7^3+65811916*A7^2-59865303*A7+78715145
    [3] A4+84246427*A7^3-28829525*A7^2-17811134*A7+48943194
    [4] A3-11726659*A7^3+36199244*A7^2+84053887*A7-18781612
    [5] A2-3866942*A7^3+19488399*A7^2-88475083*A7+56629024
    [6] A1-39962615*A7^3+34268554*A7^2+45656703*A7+46954030
    [7] B7+8550535*A7^3+1466592*A7^2+23777148*A7+57446913
    [8] B6-34202140*A7^3+11234702*A7^2+78698730*A7-7
    [9] B5+8550535*A7^3+1466592*A7^2+23777148*A7+57446912
    [10] B4+13689711*A7^3-7529942*A7^2-68639429*A7+56149585
    [11] B3-71859921*A7^3-62892392*A7^2+2056379*A7+78843501
    [12] B2-25651605*A7^3+12701294*A7^2-76948795*A7+57446908
    [13] B1-25651605*A7^3+12701294*A7^2-76948795*A7+57446906
  VarRule result:
    A1 -> 132470643+133767970*A7+145156119*A7^2+39962615*A7^3
    A2 -> 122795649+88475083*A7+159936274*A7^2+3866942*A7^3
    A3 -> 18781612+95370786*A7+143225429*A7^2+11726659*A7^3
    A4 -> 130481479+17811134*A7+28829525*A7^2+95178246*A7^3
    A5 -> 100709528+59865303*A7+113612757*A7^2+154456987*A7^3
    A6 -> 78715144+119559370*A7+65811916*A7^2+24967686*A7^3
    [2026-05-13 21:12:48] MBM reduction k=0/4 (4 products)...
    [2026-05-13 21:12:48] MBM reduction k=1/4 (4 products)...
    [2026-05-13 21:12:48] MBM reduction k=2/4 (4 products)...
    [2026-05-13 21:12:48] MBM reduction k=3/4 (4 products)...
  [2026-05-13 21:12:48] Component 2/3 (14 polys)

[DEBUG solveVarRule] sector=[1,0,1,0,1,1,0] nb=5 VarIndep=[A7] VarDep=[A1,A2,A3,A4,A5,A6]
  compGb:
    [0] A7^5+2337069*A7^4+3721157*A7^3+66330330*A7^2-33898806*A7-14309804
    [1] A6-84312928*A7^4+26996861*A7^3-44856103*A7^2+26581452*A7-86389655
    [2] A5-84312928*A7^4+26996861*A7^3-44856103*A7^2+26581452*A7-86389655
    [3] A4+71029169*A7^4+73806139*A7^3+38525249*A7^2-86262954*A7-30223158
    [4] A3-9941706*A7^4+85729029*A7^3-34889231*A7^2-12352041*A7+84078191
    [5] A2+41091769*A7^4-26471640*A7^3+9059331*A7^2+425778*A7-35970059
    [6] A1-4565993*A7^4-88875953*A7^3-80985811*A7^2-3321120*A7-6645155
    [7] B7+54142820*A7^4+23479463*A7^3-57997557*A7^2-27334192*A7+14017562
    [8] B6+54142820*A7^4+23479463*A7^3-57997557*A7^2-27334192*A7+14017561
    [9] B5+54142820*A7^4+23479463*A7^3-57997557*A7^2-27334192*A7+14017561
    [10] B4-37957175*A7^4+19842247*A7^3-70131218*A7^2+22890233*A7-55541368
    [11] B3+32371290*A7^4+86643420*A7^3-76832877*A7^2-8887918*A7-83047620
    [12] B2+37146607*A7^4-85506821*A7^3-52565555*A7^2+70087905*A7+56070243
    [13] B1+37146607*A7^4-85506821*A7^3-52565555*A7^2+70087905*A7+56070241
  VarRule result:
    A1 -> 6645155+3321120*A7+80985811*A7^2+88875953*A7^3+4565993*A7^4
    A2 -> 35970059+178998895*A7+170365342*A7^2+26471640*A7^3+138332904*A7^4
    A3 -> 95346482+12352041*A7+34889231*A7^2+93695644*A7^3+9941706*A7^4
    A4 -> 30223158+86262954*A7+140899424*A7^2+105618534*A7^3+108395504*A7^4
    A5 -> 86389655+152843221*A7+44856103*A7^2+152427812*A7^3+84312928*A7^4
    A6 -> 86389655+152843221*A7+44856103*A7^2+152427812*A7^3+84312928*A7^4
    [2026-05-13 21:12:48] MBM reduction k=0/5 (5 products)...
    [2026-05-13 21:12:48] MBM reduction k=1/5 (5 products)...
    [2026-05-13 21:12:48] MBM reduction k=2/5 (5 products)...
    [2026-05-13 21:12:48] MBM reduction k=3/5 (5 products)...
    [2026-05-13 21:12:48] MBM reduction k=4/5 (5 products)...
  -> 3 region(s) in 0.43 s
  Found 3 region(s) total
  [TIMING] Step 3: 0.431 s

[Step 4] Building recursion + ring matrices...
  Region 0: nb=4
  Region 1: nb=4
  Region 2: nb=5
  [TIMING] Step 4: 0.02 s

[Step 5] Writing .bin files...
Written 3 regime(s) to workspace/C019-TB123m-region-solve-cpp/SectorCache/IBPMat_TB123m_sector_1010110.bin
Written 3 ring cell(s) to workspace/C019-TB123m-region-solve-cpp/SectorCache/RingData_TB123m_sector_1010110.bin
  [TIMING] Step 5: 0.002 s

[TIMING] Total wall-clock: 0.51 s

Done. Output:
  workspace/C019-TB123m-region-solve-cpp/SectorCache/IBPMat_TB123m_sector_1010110.bin
  workspace/C019-TB123m-region-solve-cpp/SectorCache/RingData_TB123m_sector_1010110.bin
