=== FamilyGenerate ===
Family: TB123m (L=2 E=2 N=7)
Modulus: 179424673

[Step 1] Generating IBP equations...
[IBPEqGenerator] Family TB123m: ne=7 nl=2 nE=2 nIBP=8 subsectors=57
[IBPEqGenerator] Step 1: Running SP2PD...
[IBPEqGenerator] SP2PD OK: 7 scalar products → z-basis
[IBPEqGenerator] Step 2: Computing derivatives...
[IBPEqGenerator] Derivatives OK: 56 polynomials computed
[IBPEqGenerator] Step 3: Assembling IBP equations (mon2F)...
[IBPEqGenerator] Generated 8 IBP equations with 114 total g-operator terms.
  ne=7 nibp=8 subsectors=57
  [TIMING] Step 1: 0.05 s

[Step 2] Extracting FTable...
  nibp=8 ne=7
  [TIMING] Step 2: 0 s

[Step 3] Solving sectors...
  Filtering: sector = 1110100
  Solving sector [1110100]
  [2026-05-13 21:12:36] Singular minAssGTZ starting...
  [Singular minAssGTZ] 0.115697 s, kept=5
  [2026-05-13 21:12:36] Singular minAssGTZ done
  [2026-05-13 21:12:36] Component 0/5 (14 polys)
  [2026-05-13 21:12:36] Component 1/5 (14 polys)
  [2026-05-13 21:12:36] Component 2/5 (14 polys)
  [2026-05-13 21:12:36] Component 3/5 (14 polys)

[DEBUG solveVarRule] sector=[1,1,1,0,1,0,0] nb=2 VarIndep=[A6] VarDep=[A1,A2,A3,A4,A5,A7]
  compGb:
    [0] A7-89712336
    [1] A6^2+85161035*A6+18324131
    [2] A5+1
    [3] A4-44856168
    [4] A3-89234753*A6+45551380
    [5] A2-7782291*A6+66062729
    [6] A1-A6
    [7] B7+2
    [8] B6+71872316*A6-49204187
    [9] B5+1
    [10] B4+4
    [11] B3+79720777*A6+41158276
    [12] B2+50850754*A6-73680185
    [13] B1+71872316*A6-49204187
  VarRule result:
    A1 -> A6
    A2 -> 113361944+7782291*A6
    A3 -> 133873293+89234753*A6
    A4 -> 44856168
    A5 -> 179424672
    A7 -> 89712336
    [2026-05-13 21:12:36] MBM reduction k=0/2 (2 products)...
    [2026-05-13 21:12:36] MBM reduction k=1/2 (2 products)...
  [2026-05-13 21:12:36] Component 4/5 (14 polys)

[DEBUG solveVarRule] sector=[1,1,1,0,1,0,0] nb=2 VarIndep=[A6] VarDep=[A1,A2,A3,A4,A5,A7]
  compGb:
    [0] A7-89712336
    [1] A6^2-29528755*A6-27930317
    [2] A5+1
    [3] A4-44856168
    [4] A3+33931548*A6-56705672
    [5] A2-77968193*A6-87643489
    [6] A1-A6
    [7] B7+2
    [8] B6+46549581*A6+75039931
    [9] B5+1
    [10] B4+4
    [11] B3+15701952*A6-36304607
    [12] B2+46034502*A6+80058223
    [13] B1+46549581*A6+75039931
  VarRule result:
    A1 -> A6
    A2 -> 87643489+77968193*A6
    A3 -> 56705672+145493125*A6
    A4 -> 44856168
    A5 -> 179424672
    A7 -> 89712336
    [2026-05-13 21:12:36] MBM reduction k=0/2 (2 products)...
    [2026-05-13 21:12:36] MBM reduction k=1/2 (2 products)...
  -> 5 region(s) in 0.198 s
  Found 5 region(s) total
  [TIMING] Step 3: 0.198 s

[Step 4] Building recursion + ring matrices...
  Region 0: nb=1
  Region 1: nb=1
  Region 2: nb=1
  Region 3: nb=2
  Region 4: nb=2
  [TIMING] Step 4: 0.011 s

[Step 5] Writing .bin files...
Written 5 regime(s) to workspace/C019-TB123m-region-solve-cpp/SectorCache/IBPMat_TB123m_sector_1110100.bin
Written 5 ring cell(s) to workspace/C019-TB123m-region-solve-cpp/SectorCache/RingData_TB123m_sector_1110100.bin
  [TIMING] Step 5: 0 s

[TIMING] Total wall-clock: 0.264 s

Done. Output:
  workspace/C019-TB123m-region-solve-cpp/SectorCache/IBPMat_TB123m_sector_1110100.bin
  workspace/C019-TB123m-region-solve-cpp/SectorCache/RingData_TB123m_sector_1110100.bin
