=== FamilyGenerate ===
Family: TB123m (L=2 E=2 N=7)
Modulus: 179424673

[Step 1] Generating IBP equations...
[IBPEqGenerator] Family TB123m: ne=7 nl=2 nE=2 nIBP=8 subsectors=57
[IBPEqGenerator] Step 1: Running SP2PD...
[IBPEqGenerator] SP2PD OK: 7 scalar products → z-basis
[IBPEqGenerator] Step 2: Computing derivatives...
[IBPEqGenerator] Derivatives OK: 56 polynomials computed
[IBPEqGenerator] Step 3: Assembling IBP equations (mon2F)...
[IBPEqGenerator] Generated 8 IBP equations with 114 total g-operator terms.
  ne=7 nibp=8 subsectors=57
  [TIMING] Step 1: 0.06 s

[Step 2] Extracting FTable...
  nibp=8 ne=7
  [TIMING] Step 2: 0 s

[Step 3] Solving sectors...
  Filtering: sector = 0011110
  Solving sector [0011110]
  [2026-05-13 21:12:57] Singular minAssGTZ starting...
  [Singular minAssGTZ] 0.165239 s, kept=3
  [2026-05-13 21:12:57] Singular minAssGTZ done
  [2026-05-13 21:12:57] Component 0/3 (14 polys)

[DEBUG solveVarRule] sector=[0,0,1,1,1,1,0] nb=4 VarIndep=[A6,A7] VarDep=[A1,A2,A3,A4,A5]
  compGb:
    [0] A7^2+16092090*A7-3289044
    [1] A6^2+A6+52792358*A7-43857009
    [2] A5-22897601*A7+43212443
    [3] A4-57885354*A7+88345891
    [4] A3+A6+1
    [5] A2-5168297*A6*A7-72290154*A6+20659229*A7+3990810
    [6] A1-65131232*A6*A7+72925647*A6+67157563*A7-11092067
    [7] B7-591728*A7-72835410
    [8] B6-87147426*A6*A7-39403829*A6-87147426*A7-39403829
    [9] B5-591728*A7-72835411
    [10] B4-87147426*A7-39403828
    [11] B3+87147426*A6*A7+39403829*A6
    [12] B2+591728*A6*A7+72835415*A6+5
    [13] B1+591728*A6*A7+72835415*A6+3
  VarRule result:
    A1 -> 11092067+112267110*A7+106499026*A6+65131232*A6*A7
    A2 -> 175433863+158765444*A7+72290154*A6+5168297*A6*A7
    A3 -> 179424672+179424672*A6
    A4 -> 91078782+57885354*A7
    A5 -> 136212230+22897601*A7
    [2026-05-13 21:12:57] MBM reduction k=0/4 (4 products)...
    [2026-05-13 21:12:57] MBM reduction k=1/4 (4 products)...
    [2026-05-13 21:12:57] MBM reduction k=2/4 (4 products)...
    [2026-05-13 21:12:57] MBM reduction k=3/4 (4 products)...
  [2026-05-13 21:12:57] Component 1/3 (14 polys)

[DEBUG solveVarRule] sector=[0,0,1,1,1,1,0] nb=4 VarIndep=[A6,A7] VarDep=[A1,A2,A3,A4,A5]
  compGb:
    [0] A7^2-35993612*A7+13984029
    [1] A6^2+A6-24699070*A7+77094001
    [2] A5+45553597*A7-78228659
    [3] A4+74347144*A7+37356039
    [4] A3+A6+1
    [5] A2+34831363*A6*A7+54972778*A6+47874340*A7+59376208
    [6] A1+87388997*A6*A7-67678128*A6+16162417*A7-88689799
    [7] B7+28368632*A7-46781027
    [8] B6+86933128*A6*A7+34524343*A6+86933128*A7+34524343
    [9] B5+28368632*A7-46781028
    [10] B4+86933128*A7+34524344
    [11] B3-86933128*A6*A7-34524343*A6
    [12] B2-28368632*A6*A7+46781032*A6+5
    [13] B1-28368632*A6*A7+46781032*A6+3
  VarRule result:
    A1 -> 88689799+163262256*A7+67678128*A6+92035676*A6*A7
    A2 -> 120048465+131550333*A7+124451895*A6+144593310*A6*A7
    A3 -> 179424672+179424672*A6
    A4 -> 142068634+105077529*A7
    A5 -> 78228659+133871076*A7
    [2026-05-13 21:12:57] MBM reduction k=0/4 (4 products)...
    [2026-05-13 21:12:57] MBM reduction k=1/4 (4 products)...
    [2026-05-13 21:12:57] MBM reduction k=2/4 (4 products)...
    [2026-05-13 21:12:57] MBM reduction k=3/4 (4 products)...
  [2026-05-13 21:12:57] Component 2/3 (14 polys)

[DEBUG solveVarRule] sector=[0,0,1,1,1,1,0] nb=5 VarIndep=[A7] VarDep=[A1,A2,A3,A4,A5,A6]
  compGb:
    [0] A7^5-73626812*A7^4+18432400*A7^3+14869259*A7^2+40016807*A7-23400239
    [1] A6+36319653*A7^4-86035343*A7^3+34262179*A7^2-2743659*A7-84707120
    [2] A5+24742098*A7^4+16376064*A7^3-20292074*A7^2+27946104*A7-62656235
    [3] A4-5685660*A7^4-73621956*A7^3+63883117*A7^2-34230070*A7+24810064
    [4] A3+36319653*A7^4-86035343*A7^3+34262179*A7^2-2743659*A7-84707120
    [5] A2-79101120*A7^4+76256838*A7^3-14083808*A7^2-36303438*A7-38605047
    [6] A1-23090027*A7^4-89454802*A7^3+79414601*A7^2-26634805*A7+94357
    [7] B7-56069883*A7^4+78498784*A7^3-67283957*A7^2-56070129*A7-33642114
    [8] B6-51243375*A7^4-8021413*A7^3-54584489*A7^2-40840144*A7+32407648
    [9] B5-56069883*A7^4+78498784*A7^3-67283957*A7^2-56070129*A7-33642115
    [10] B4-25548827*A7^4-32085652*A7^3-38913283*A7^2+16064097*A7-49794084
    [11] B3-51243375*A7^4-8021413*A7^3-54584489*A7^2-40840144*A7+32407648
    [12] B2-66503903*A7^4+47270805*A7^3-68769826*A7^2-76907257*A7+40483636
    [13] B1-66503903*A7^4+47270805*A7^3-68769826*A7^2-76907257*A7+40483634
  VarRule result:
    A1 -> 179330316+26634805*A7+100010072*A7^2+89454802*A7^3+23090027*A7^4
    A2 -> 38605047+36303438*A7+14083808*A7^2+103167835*A7^3+79101120*A7^4
    A3 -> 84707120+2743659*A7+145162494*A7^2+86035343*A7^3+143105020*A7^4
    A4 -> 154614609+34230070*A7+115541556*A7^2+73621956*A7^3+5685660*A7^4
    A5 -> 62656235+151478569*A7+20292074*A7^2+163048609*A7^3+154682575*A7^4
    A6 -> 84707120+2743659*A7+145162494*A7^2+86035343*A7^3+143105020*A7^4
    [2026-05-13 21:12:57] MBM reduction k=0/5 (5 products)...
    [2026-05-13 21:12:57] MBM reduction k=1/5 (5 products)...
    [2026-05-13 21:12:57] MBM reduction k=2/5 (5 products)...
    [2026-05-13 21:12:57] MBM reduction k=3/5 (5 products)...
    [2026-05-13 21:12:57] MBM reduction k=4/5 (5 products)...
  -> 3 region(s) in 0.297 s
  Found 3 region(s) total
  [TIMING] Step 3: 0.297 s

[Step 4] Building recursion + ring matrices...
  Region 0: nb=4
  Region 1: nb=4
  Region 2: nb=5
  [TIMING] Step 4: 0.022 s

[Step 5] Writing .bin files...
Written 3 regime(s) to workspace/C019-TB123m-region-solve-cpp/SectorCache/IBPMat_TB123m_sector_0011110.bin
Written 3 ring cell(s) to workspace/C019-TB123m-region-solve-cpp/SectorCache/RingData_TB123m_sector_0011110.bin
  [TIMING] Step 5: 0.005 s

[TIMING] Total wall-clock: 0.39 s

Done. Output:
  workspace/C019-TB123m-region-solve-cpp/SectorCache/IBPMat_TB123m_sector_0011110.bin
  workspace/C019-TB123m-region-solve-cpp/SectorCache/RingData_TB123m_sector_0011110.bin
