=== FamilyGenerate ===
Family: TB123m (L=2 E=2 N=7)
Modulus: 179424673

[Step 1] Generating IBP equations...
[IBPEqGenerator] Family TB123m: ne=7 nl=2 nE=2 nIBP=8 subsectors=57
[IBPEqGenerator] Step 1: Running SP2PD...
[IBPEqGenerator] SP2PD OK: 7 scalar products → z-basis
[IBPEqGenerator] Step 2: Computing derivatives...
[IBPEqGenerator] Derivatives OK: 56 polynomials computed
[IBPEqGenerator] Step 3: Assembling IBP equations (mon2F)...
[IBPEqGenerator] Generated 8 IBP equations with 114 total g-operator terms.
  ne=7 nibp=8 subsectors=57
  [TIMING] Step 1: 0.047 s

[Step 2] Extracting FTable...
  nibp=8 ne=7
  [TIMING] Step 2: 0 s

[Step 3] Solving sectors...
  Filtering: sector = 0111000
  Solving sector [0111000]
  [2026-05-13 21:12:18] Singular minAssGTZ starting...
  [Singular minAssGTZ] 0.0640867 s, kept=2
  [2026-05-13 21:12:18] Singular minAssGTZ done
  [2026-05-13 21:12:18] Component 0/2 (14 polys)
  [2026-05-13 21:12:18] Component 1/2 (14 polys)

[DEBUG solveVarRule] sector=[0,1,1,1,0,0,0] nb=2 VarIndep=[A6] VarDep=[A1,A2,A3,A4,A5,A7]
  compGb:
    [0] A7-71769869
    [1] A6^2+A6-71769869
    [2] A5-44856168
    [3] A4+1
    [4] A3-A6
    [5] A2+A6+1
    [6] A1-86818390*A6-81030497
    [7] B7+5
    [8] B6+5*A6+5
    [9] B5+4
    [10] B4+1
    [11] B3+5*A6+5
    [12] B2-5*A6
    [13] B1-A6+2
  VarRule result:
    A1 -> 81030497+86818390*A6
    A2 -> 179424672+179424672*A6
    A3 -> A6
    A4 -> 179424672
    A5 -> 44856168
    A7 -> 71769869
    [2026-05-13 21:12:18] MBM reduction k=0/2 (2 products)...
    [2026-05-13 21:12:18] MBM reduction k=1/2 (2 products)...
  -> 2 region(s) in 0.099 s
  Found 2 region(s) total
  [TIMING] Step 3: 0.1 s

[Step 4] Building recursion + ring matrices...
  Region 0: nb=1
  Region 1: nb=2
  [TIMING] Step 4: 0.004 s

[Step 5] Writing .bin files...
Written 2 regime(s) to workspace/C019-TB123m-region-solve-cpp/SectorCache/IBPMat_TB123m_sector_0111000.bin
Written 2 ring cell(s) to workspace/C019-TB123m-region-solve-cpp/SectorCache/RingData_TB123m_sector_0111000.bin
  [TIMING] Step 5: 0 s

[TIMING] Total wall-clock: 0.155 s

Done. Output:
  workspace/C019-TB123m-region-solve-cpp/SectorCache/IBPMat_TB123m_sector_0111000.bin
  workspace/C019-TB123m-region-solve-cpp/SectorCache/RingData_TB123m_sector_0111000.bin
