=== FamilyGenerate ===
Family: TB123m (L=2 E=2 N=7)
Modulus: 179424673

[Step 1] Generating IBP equations...
[IBPEqGenerator] Family TB123m: ne=7 nl=2 nE=2 nIBP=8 subsectors=57
[IBPEqGenerator] Step 1: Running SP2PD...
[IBPEqGenerator] SP2PD OK: 7 scalar products → z-basis
[IBPEqGenerator] Step 2: Computing derivatives...
[IBPEqGenerator] Derivatives OK: 56 polynomials computed
[IBPEqGenerator] Step 3: Assembling IBP equations (mon2F)...
[IBPEqGenerator] Generated 8 IBP equations with 114 total g-operator terms.
  ne=7 nibp=8 subsectors=57
  [TIMING] Step 1: 0.062 s

[Step 2] Extracting FTable...
  nibp=8 ne=7
  [TIMING] Step 2: 0 s

[Step 3] Solving sectors...
  Filtering: sector = 0101110
  Solving sector [0101110]
  [2026-05-13 21:12:54] Singular minAssGTZ starting...
  [Singular minAssGTZ] 0.74578 s, kept=4
  [2026-05-13 21:12:54] Singular minAssGTZ done
  [2026-05-13 21:12:54] Component 0/4 (14 polys)

[DEBUG solveVarRule] sector=[0,1,0,1,1,1,0] nb=2 VarIndep=[A6] VarDep=[A1,A2,A3,A4,A5,A7]
  compGb:
    [0] A7+36152010
    [1] A6^2+A6+36152010
    [2] A5-67633262
    [3] A4+35403411
    [4] A3-44878996*A6+53485264
    [5] A2+A6+1
    [6] A1+12264297*A6-71357794
    [7] B7+38148890
    [8] B6+38148890*A6+38148890
    [9] B5+82818140
    [10] B4+59467477
    [11] B3-59467471*A6+5
    [12] B2-38148890*A6
    [13] B1-82818137*A6+2
  VarRule result:
    A1 -> 71357794+167160376*A6
    A2 -> 179424672+179424672*A6
    A3 -> 125939409+44878996*A6
    A4 -> 144021262
    A5 -> 67633262
    A7 -> 143272663
    [2026-05-13 21:12:54] MBM reduction k=0/2 (2 products)...
    [2026-05-13 21:12:54] MBM reduction k=1/2 (2 products)...
  [2026-05-13 21:12:55] Component 1/4 (14 polys)

[DEBUG solveVarRule] sector=[0,1,0,1,1,1,0] nb=2 VarIndep=[A6] VarDep=[A1,A2,A3,A4,A5,A7]
  compGb:
    [0] A7+76246110
    [1] A6^2+A6+76246110
    [2] A5+6826089
    [3] A4+8921372
    [4] A3-18783505*A6-20091006
    [5] A2+A6+1
    [6] A1-20954852*A6-28557845
    [7] B7+81841717
    [8] B6+81841717*A6+81841717
    [9] B5+22809925
    [10] B4-72731699
    [11] B3+72731705*A6+5
    [12] B2-81841717*A6
    [13] B1-22809922*A6+2
  VarRule result:
    A1 -> 28557845+20954852*A6
    A2 -> 179424672+179424672*A6
    A3 -> 20091006+18783505*A6
    A4 -> 170503301
    A5 -> 172598584
    A7 -> 103178563
    [2026-05-13 21:12:55] MBM reduction k=0/2 (2 products)...
    [2026-05-13 21:12:55] MBM reduction k=1/2 (2 products)...
  [2026-05-13 21:12:55] Component 2/4 (14 polys)

[DEBUG solveVarRule] sector=[0,1,0,1,1,1,0] nb=8 VarIndep=[A6,A7] VarDep=[A1,A2,A3,A4,A5]
  compGb:
    [0] A7^4+77991396*A7^3-88748539*A7^2-55281677*A7+2168740
    [1] A6^2+A6-A7
    [2] A5+71605271*A7^3+57986173*A7^2+22185108*A7-46646979
    [3] A4-10548217*A7^3-5577177*A7^2+77194323*A7-19226571
    [4] A3-67899534*A6*A7^3-9789194*A6*A7^2-32077160*A6*A7-51741352*A6+52994700*A7^3-89310889*A7^2-55918852*A7-77632815
    [5] A2+A6+1
    [6] A1+61387012*A6*A7^3-25982058*A6*A7^2+63042351*A6*A7+555479*A6+47500004*A7^3+56091596*A7^2+81420772*A7+86776020
    [7] B7+57710935*A7^3+6546471*A7^2-83466674*A7+19561925
    [8] B6+57710935*A6*A7^3+6546471*A6*A7^2-83466674*A6*A7+19561925*A6+57710935*A7^3+6546471*A7^2-83466674*A7+19561925
    [9] B5+47063047*A7^3-23904303*A7^2-59596087*A7-41885631
    [10] B4-15284237*A7^3-63526687*A7^2-39062375*A7+64011779
    [11] B3+15284237*A6*A7^3+63526687*A6*A7^2+39062375*A6*A7-64011773*A6+5
    [12] B2-57710935*A6*A7^3-6546471*A6*A7^2+83466674*A6*A7-19561925*A6
    [13] B1-47063047*A6*A7^3+23904303*A6*A7^2+59596087*A6*A7+41885634*A6+2
  VarRule result:
    A1 -> 92648653+98003901*A7+123333077*A7^2+131924669*A7^3+178869194*A6+116382322*A6*A7+25982058*A6*A7^2+118037661*A6*A7^3
    A2 -> 179424672+179424672*A6
    A3 -> 77632815+55918852*A7+89310889*A7^2+126429973*A7^3+51741352*A6+32077160*A6*A7+9789194*A6*A7^2+67899534*A6*A7^3
    A4 -> 19226571+102230350*A7+5577177*A7^2+10548217*A7^3
    A5 -> 46646979+157239565*A7+121438500*A7^2+107819402*A7^3
    [2026-05-13 21:12:55] MBM reduction k=0/8 (8 products)...
    [2026-05-13 21:12:55] MBM reduction k=1/8 (8 products)...
    [2026-05-13 21:12:55] MBM reduction k=2/8 (8 products)...
    [2026-05-13 21:12:55] MBM reduction k=3/8 (8 products)...
    [2026-05-13 21:12:55] MBM reduction k=4/8 (8 products)...
    [2026-05-13 21:12:55] MBM reduction k=5/8 (8 products)...
    [2026-05-13 21:12:55] MBM reduction k=6/8 (8 products)...
    [2026-05-13 21:12:55] MBM reduction k=7/8 (8 products)...
  [2026-05-13 21:12:55] Component 3/4 (14 polys)

[DEBUG solveVarRule] sector=[0,1,0,1,1,1,0] nb=7 VarIndep=[A7] VarDep=[A1,A2,A3,A4,A5,A6]
  compGb:
    [0] A7^7-79735359*A7^6+40682332*A7^5+35633499*A7^4-3590505*A7^3+7643652*A7^2-18626373*A7+59861864
    [1] A6-79113663*A7^6-57511245*A7^5-56190128*A7^4-46749878*A7^3-64136671*A7^2-61374963*A7+50859231
    [2] A5-22653735*A7^6-40174068*A7^5+26721251*A7^4+67976535*A7^3+8032082*A7^2-87844055*A7+69214679
    [3] A4+59064334*A7^6+23938079*A7^5-58422240*A7^4+18593091*A7^3-73582004*A7^2-73860838*A7+14194546
    [4] A3+81204112*A7^6-54425652*A7^5+33132295*A7^4-7224925*A7^3-44085941*A7^2-44795255*A7+82215993
    [5] A2-79113663*A7^6-57511245*A7^5-56190128*A7^4-46749878*A7^3-64136671*A7^2-61374963*A7+50859231
    [6] A1-79440508*A7^6+68271672*A7^5+323389*A7^4-18542666*A7^3+86994292*A7^2-49625966*A7+21895452
    [7] B7+44856447*A7^6+67284299*A7^5+36445646*A7^4+19624663*A7^3+30838601*A7^2-22428081*A7-33642125
    [8] B6+56070280*A7^6+61677243*A7^5-80600925*A7^4+49762334*A7^3-37146518*A7^2+39249148*A7+36445638
    [9] B5+3011922*A7^6+30816766*A7^5-53875843*A7^4-1081640*A7^3-9217248*A7^2+38155257*A7+50859378
    [10] B4-80119548*A7^6+79212527*A7^5-4723021*A7^4+13725952*A7^3-57294825*A7^2-74303967*A7-37949152
    [11] B3+83294619*A7^6+67641357*A7^5-11472922*A7^4-42899358*A7^3-81213231*A7^2+13311205*A7-55420210
    [12] B2+56070280*A7^6+61677243*A7^5-80600925*A7^4+49762334*A7^3-37146518*A7^2+39249148*A7+36445638
    [13] B1-54564319*A7^6-46268860*A7^5-36049333*A7^4-50303154*A7^3+32537894*A7^2+69540817*A7+78696390
  VarRule result:
    A1 -> 157529221+49625966*A7+92430381*A7^2+18542666*A7^3+179101284*A7^4+111153001*A7^5+79440508*A7^6
    A2 -> 128565442+61374963*A7+64136671*A7^2+46749878*A7^3+56190128*A7^4+57511245*A7^5+79113663*A7^6
    A3 -> 97208680+44795255*A7+44085941*A7^2+7224925*A7^3+146292378*A7^4+54425652*A7^5+98220561*A7^6
    A4 -> 165230127+73860838*A7+73582004*A7^2+160831582*A7^3+58422240*A7^4+155486594*A7^5+120360339*A7^6
    A5 -> 110209994+87844055*A7+171392591*A7^2+111448138*A7^3+152703422*A7^4+40174068*A7^5+22653735*A7^6
    A6 -> 128565442+61374963*A7+64136671*A7^2+46749878*A7^3+56190128*A7^4+57511245*A7^5+79113663*A7^6
    [2026-05-13 21:12:55] MBM reduction k=0/7 (7 products)...
    [2026-05-13 21:12:55] MBM reduction k=1/7 (7 products)...
    [2026-05-13 21:12:55] MBM reduction k=2/7 (7 products)...
    [2026-05-13 21:12:55] MBM reduction k=3/7 (7 products)...
    [2026-05-13 21:12:55] MBM reduction k=4/7 (7 products)...
    [2026-05-13 21:12:55] MBM reduction k=5/7 (7 products)...
    [2026-05-13 21:12:55] MBM reduction k=6/7 (7 products)...
  -> 4 region(s) in 0.975 s
  Found 4 region(s) total
  [TIMING] Step 3: 0.976 s

[Step 4] Building recursion + ring matrices...
  Region 0: nb=2
  Region 1: nb=2
  Region 2: nb=8
  Region 3: nb=7
  [TIMING] Step 4: 0.045 s

[Step 5] Writing .bin files...
Written 4 regime(s) to workspace/C019-TB123m-region-solve-cpp/SectorCache/IBPMat_TB123m_sector_0101110.bin
Written 4 ring cell(s) to workspace/C019-TB123m-region-solve-cpp/SectorCache/RingData_TB123m_sector_0101110.bin
  [TIMING] Step 5: 0.004 s

[TIMING] Total wall-clock: 1.093 s

Done. Output:
  workspace/C019-TB123m-region-solve-cpp/SectorCache/IBPMat_TB123m_sector_0101110.bin
  workspace/C019-TB123m-region-solve-cpp/SectorCache/RingData_TB123m_sector_0101110.bin
