=== FamilyGenerate ===
Family: TB123m (L=2 E=2 N=7)
Modulus: 179424673

[Step 1] Generating IBP equations...
[IBPEqGenerator] Family TB123m: ne=7 nl=2 nE=2 nIBP=8 subsectors=57
[IBPEqGenerator] Step 1: Running SP2PD...
[IBPEqGenerator] SP2PD OK: 7 scalar products → z-basis
[IBPEqGenerator] Step 2: Computing derivatives...
[IBPEqGenerator] Derivatives OK: 56 polynomials computed
[IBPEqGenerator] Step 3: Assembling IBP equations (mon2F)...
[IBPEqGenerator] Generated 8 IBP equations with 114 total g-operator terms.
  ne=7 nibp=8 subsectors=57
  [TIMING] Step 1: 0.045 s

[Step 2] Extracting FTable...
  nibp=8 ne=7
  [TIMING] Step 2: 0 s

[Step 3] Solving sectors...
  Filtering: sector = 1011010
  Solving sector [1011010]
  [2026-05-13 21:12:45] Singular minAssGTZ starting...
  [Singular minAssGTZ] 0.29066 s, kept=3
  [2026-05-13 21:12:45] Singular minAssGTZ done
  [2026-05-13 21:12:45] Component 0/3 (14 polys)

[DEBUG solveVarRule] sector=[1,0,1,1,0,1,0] nb=4 VarIndep=[A7] VarDep=[A1,A2,A3,A4,A5,A6]
  compGb:
    [0] A7^4+78144160*A7^3-1789619*A7^2+80157022*A7-8396842
    [1] A6+57172454*A7^3+56659400*A7^2-47905208*A7+66025168
    [2] A5-6890531*A7^3-50412718*A7^2-23315537*A7-15349862
    [3] A4-57172454*A7^3-56659400*A7^2+47905208*A7-66025167
    [4] A3-74932802*A7^3+55675966*A7^2-4544619*A7-78422938
    [5] A2+81822596*A7^3-67681070*A7^2-88141335*A7+74858697
    [6] A1-27301972*A7^3-10163647*A7^2+44504521*A7+35147474
    [7] B7-70734973*A7^3+87922940*A7^2+59226962*A7-72835404
    [8] B6+88783089*A7^3-84776331*A7^2-31024465*A7+63614970
    [9] B5-70734973*A7^3+87922940*A7^2+59226962*A7-72835405
    [10] B4+54584534*A7^3-48101616*A7^2-51561088*A7+5174086
    [11] B3-36057050*A7^3+46546726*A7^2-82585553*A7+68789057
    [12] B2+34566598*A7^3+61523347*A7^2-43287734*A7-58257387
    [13] B1+34566598*A7^3+61523347*A7^2-43287734*A7-58257389
  VarRule result:
    A1 -> 144277199+134920152*A7+10163647*A7^2+27301972*A7^3
    A2 -> 104565976+88141335*A7+67681070*A7^2+97602077*A7^3
    A3 -> 78422938+4544619*A7+123748707*A7^2+74932802*A7^3
    A4 -> 66025167+131519465*A7+56659400*A7^2+57172454*A7^3
    A5 -> 15349862+23315537*A7+50412718*A7^2+6890531*A7^3
    A6 -> 113399505+47905208*A7+122765273*A7^2+122252219*A7^3
    [2026-05-13 21:12:45] MBM reduction k=0/4 (4 products)...
    [2026-05-13 21:12:45] MBM reduction k=1/4 (4 products)...
    [2026-05-13 21:12:45] MBM reduction k=2/4 (4 products)...
    [2026-05-13 21:12:45] MBM reduction k=3/4 (4 products)...
  [2026-05-13 21:12:45] Component 1/3 (14 polys)

[DEBUG solveVarRule] sector=[1,0,1,1,0,1,0] nb=4 VarIndep=[A7] VarDep=[A1,A2,A3,A4,A5,A6]
  compGb:
    [0] A7^4-26033631*A7^3-80351674*A7^2-81616195*A7-23571778
    [1] A6-44950867*A7^3-79586171*A7^2+11281625*A7-36580374
    [2] A5+19668618*A7^3-22084389*A7^2+71565054*A7+86735546
    [3] A4+44950867*A7^3+79586171*A7^2-11281625*A7+36580375
    [4] A3-20917982*A7^3-26427190*A7^2+21429528*A7+77635782
    [5] A2-85473874*A7^3+15489598*A7^2+67590499*A7+54683169
    [6] A1-12155431*A7^3+54857583*A7^2+69589076*A7-27208783
    [7] B7+39359508*A7^3+74681962*A7^2+88166504*A7-46781021
    [8] B6-29968494*A7^3-43516890*A7^2-9198957*A7-43732022
    [9] B5+39359508*A7^3+74681962*A7^2+88166504*A7-46781022
    [10] B4+62033538*A7^3-74199932*A7^2-30221103*A7+86689036
    [11] B3+32065044*A7^3+61707851*A7^2-39420060*A7+42957015
    [12] B2+18256894*A7^3+39653268*A7^2+88890804*A7-5812167
    [13] B1+18256894*A7^3+39653268*A7^2+88890804*A7-5812169
  VarRule result:
    A1 -> 27208783+109835597*A7+124567090*A7^2+12155431*A7^3
    A2 -> 124741504+111834174*A7+163935075*A7^2+85473874*A7^3
    A3 -> 101788891+157995145*A7+26427190*A7^2+20917982*A7^3
    A4 -> 142844298+11281625*A7+99838502*A7^2+134473806*A7^3
    A5 -> 92689127+107859619*A7+22084389*A7^2+159756055*A7^3
    A6 -> 36580374+168143048*A7+79586171*A7^2+44950867*A7^3
    [2026-05-13 21:12:45] MBM reduction k=0/4 (4 products)...
    [2026-05-13 21:12:45] MBM reduction k=1/4 (4 products)...
    [2026-05-13 21:12:45] MBM reduction k=2/4 (4 products)...
    [2026-05-13 21:12:45] MBM reduction k=3/4 (4 products)...
  [2026-05-13 21:12:45] Component 2/3 (14 polys)

[DEBUG solveVarRule] sector=[1,0,1,1,0,1,0] nb=5 VarIndep=[A7] VarDep=[A1,A2,A3,A4,A5,A6]
  compGb:
    [0] A7^5+12622903*A7^4+35155945*A7^3+76807750*A7^2-9482227*A7+29921328
    [1] A6+43337176*A7^4+51678929*A7^3-19356917*A7^2-75740961*A7+17286635
    [2] A5-7426448*A7^4-34108478*A7^3-50847814*A7^2+87985441*A7+17492598
    [3] A4+43337176*A7^4+51678929*A7^3-19356917*A7^2-75740961*A7+17286635
    [4] A3-11283591*A7^4+83917746*A7^3-64984619*A7^2-62218928*A7-42907469
    [5] A2-23526615*A7^4-49501221*A7^3-81080034*A7^2+26910221*A7+47372276
    [6] A1+85327100*A7^4+4888569*A7^3-52060047*A7^2+35755027*A7-58245257
    [7] B7+24531823*A7^4+58875024*A7^3-79023327*A7^2+3504541*A7+58873740
    [8] B6-83677172*A7^4+60943046*A7^3+15447663*A7^2+3562824*A7+44323459
    [9] B5+24531823*A7^4+58875024*A7^3-79023327*A7^2+3504541*A7+58873739
    [10] B4-83677172*A7^4+60943046*A7^3+15447663*A7^2+3562824*A7+44323459
    [11] B3+24140658*A7^4+64347511*A7^3+61790652*A7^2+14251296*A7-2130840
    [12] B2+61133975*A7^4+60211467*A7^3+52273345*A7^2+14134730*A7+26969719
    [13] B1+61133975*A7^4+60211467*A7^3+52273345*A7^2+14134730*A7+26969717
  VarRule result:
    A1 -> 58245257+143669646*A7+52060047*A7^2+174536104*A7^3+94097573*A7^4
    A2 -> 132052397+152514452*A7+81080034*A7^2+49501221*A7^3+23526615*A7^4
    A3 -> 42907469+62218928*A7+64984619*A7^2+95506927*A7^3+11283591*A7^4
    A4 -> 162138038+75740961*A7+19356917*A7^2+127745744*A7^3+136087497*A7^4
    A5 -> 161932075+91439232*A7+50847814*A7^2+34108478*A7^3+7426448*A7^4
    A6 -> 162138038+75740961*A7+19356917*A7^2+127745744*A7^3+136087497*A7^4
    [2026-05-13 21:12:45] MBM reduction k=0/5 (5 products)...
    [2026-05-13 21:12:45] MBM reduction k=1/5 (5 products)...
    [2026-05-13 21:12:45] MBM reduction k=2/5 (5 products)...
    [2026-05-13 21:12:45] MBM reduction k=3/5 (5 products)...
    [2026-05-13 21:12:45] MBM reduction k=4/5 (5 products)...
  -> 3 region(s) in 0.413 s
  Found 3 region(s) total
  [TIMING] Step 3: 0.413 s

[Step 4] Building recursion + ring matrices...
  Region 0: nb=4
  Region 1: nb=4
  Region 2: nb=5
  [TIMING] Step 4: 0.019 s

[Step 5] Writing .bin files...
Written 3 regime(s) to workspace/C019-TB123m-region-solve-cpp/SectorCache/IBPMat_TB123m_sector_1011010.bin
Written 3 ring cell(s) to workspace/C019-TB123m-region-solve-cpp/SectorCache/RingData_TB123m_sector_1011010.bin
  [TIMING] Step 5: 0.002 s

[TIMING] Total wall-clock: 0.484 s

Done. Output:
  workspace/C019-TB123m-region-solve-cpp/SectorCache/IBPMat_TB123m_sector_1011010.bin
  workspace/C019-TB123m-region-solve-cpp/SectorCache/RingData_TB123m_sector_1011010.bin
