=== FamilyGenerate ===
Family: TB123m (L=2 E=2 N=7)
Modulus: 179424673

[Step 1] Generating IBP equations...
[IBPEqGenerator] Family TB123m: ne=7 nl=2 nE=2 nIBP=8 subsectors=57
[IBPEqGenerator] Step 1: Running SP2PD...
[IBPEqGenerator] SP2PD OK: 7 scalar products → z-basis
[IBPEqGenerator] Step 2: Computing derivatives...
[IBPEqGenerator] Derivatives OK: 56 polynomials computed
[IBPEqGenerator] Step 3: Assembling IBP equations (mon2F)...
[IBPEqGenerator] Generated 8 IBP equations with 114 total g-operator terms.
  ne=7 nibp=8 subsectors=57
  [TIMING] Step 1: 0.051 s

[Step 2] Extracting FTable...
  nibp=8 ne=7
  [TIMING] Step 2: 0 s

[Step 3] Solving sectors...
  Filtering: sector = 1101100
  Solving sector [1101100]
  [2026-05-13 21:12:39] Singular minAssGTZ starting...
  [Singular minAssGTZ] 0.229228 s, kept=9
  [2026-05-13 21:12:39] Singular minAssGTZ done
  [2026-05-13 21:12:39] Component 0/9 (14 polys)
  [2026-05-13 21:12:39] Component 1/9 (14 polys)
  [2026-05-13 21:12:39] Component 2/9 (14 polys)
  [2026-05-13 21:12:39] Component 3/9 (14 polys)
  [2026-05-13 21:12:39] Component 4/9 (14 polys)
  [2026-05-13 21:12:39] Component 5/9 (14 polys)
  [2026-05-13 21:12:39] Component 6/9 (14 polys)
  [2026-05-13 21:12:39] Component 7/9 (14 polys)
  [2026-05-13 21:12:39] Component 8/9 (14 polys)
  -> 9 region(s) in 0.341 s
  Found 9 region(s) total
  [TIMING] Step 3: 0.341 s

[Step 4] Building recursion + ring matrices...
  Region 0: nb=1
  Region 1: nb=1
  Region 2: nb=1
  Region 3: nb=1
  Region 4: nb=1
  Region 5: nb=1
  Region 6: nb=1
  Region 7: nb=1
  Region 8: nb=1
  [TIMING] Step 4: 0.02 s

[Step 5] Writing .bin files...
Written 9 regime(s) to workspace/C019-TB123m-region-solve-cpp/SectorCache/IBPMat_TB123m_sector_1101100.bin
Written 9 ring cell(s) to workspace/C019-TB123m-region-solve-cpp/SectorCache/RingData_TB123m_sector_1101100.bin
  [TIMING] Step 5: 0 s

[TIMING] Total wall-clock: 0.418 s

Done. Output:
  workspace/C019-TB123m-region-solve-cpp/SectorCache/IBPMat_TB123m_sector_1101100.bin
  workspace/C019-TB123m-region-solve-cpp/SectorCache/RingData_TB123m_sector_1101100.bin
