
      +++  sector:  {1, 1, 1, 1, 1, 0, 0}  (1/1)  +++ 
                     SINGULAR                                 /  Development
 A Computer Algebra System for Polynomial Computations       /   version 4.3.2
                                                           0<
 by: W. Decker, G.-M. Greuel, G. Pfister, H. Schoenemann     \   Feb 2023
FB Mathematik der Universitaet, D-67653 Kaiserslautern        \  Debian 1:4.3.2-p10+ds-1.1build1
compute hilbert series with std in ring (ZZ/179424673),(x14,x13,x12,x11,x10,x9,x8,x7,x6,x5,x4,x3,x2,x1,@),(dp(15),C)
weights used for hilbert series: 1,1,1,1,1,1,1,1,1,1,1,1,1,1,1
[65535:4]2(14)s(13)s(12)s(11)s(10)s(9)s(8)s(7)s(8)s(10)s(11)s(15)s(17)s(19)s(22)s3(25)s(30)s(36)s(40)s(43)s(48)s(54)s(61)s(65)s(72)s(78)s(84)s(92)s(100)s(107)-s(114)s(120)s(125)s(133)s(137)s(145)s(150)s(156)s(162)s(169)s4(172)s(180)s(186)s(193)s(201)s(208)s(217)s(224)s(234)s(240)-s(247)------s(249)s(257)s(266)s(275)----s(278)s(286)-s(294)s(303)s(313)-s(321)--s(328)s(337)s(346)s(355)----s(361)s(371)---s(379)s(390)-s(400)-s(411)s(422)s(434)s(446)s(455)s(463)s(471)s(480)-s(489)s(497)-s(509)--s(515)s(522)-s(533)s(541)s(550)s(559)---s(565)---s(570)--------s(571)s(583)-s(594)s(604)--s(611)----s(616)----------s----------------(600)--------------------5-s(589)s(600)s(611)---s(620)s(632)---s(642)------------------------------------------(600)---------------------------------------------------------------s(547)------------------------s(534)s(545)s(557)-----------------------------------------s(529)-----s(536)--s(547)-----------------------------------------------(500)-------------------s(492)s(504)----(500)----------------------------------------------------------------------------------------------------(400)----------------------------------------------------------------------------------------s(323)-----------------------(300)---------s(301)-(300)s(311)---------s(313)------------s(310)----------(300)------------------------------------------6-s(269)---------------------------------------------------------------------(200)-----------------------------------s(177)s(188)----------------------------------------------------------------------------------------(100)-------------------------------------------------------------7---------------------------------------
product criterion:2689 chain criterion:3172
std with hilb in (ZZ/179424673),(x14,x13,x12,x11,x10,x9,x8,x7,x6,x5,x4,x3,x2,x1,@),(lp(14),dp(1),C)
[65535:4]2(117)s(116)s(115)s(114)s(113)s(112)ss(111)ss(112)s(115)s(117)s(119)s(122)s(126)s3(129)s(133)s(137)s(142)s(147)s(151)s(156)s(163)s(169)s(175)s(182)s(185)s(191)s(199)s(202)s(207)s(212)s(216)s(221)s(228)s(240)-s(245)s(252)s(256)s(261)s(270)shhhhhhhhhhhhhhhhhhhhhhhhh4(251)s(259)s(266)s(274)s(282)s(290)s(298)s(305)s(313)s(322)s(329)s(335)s(343)s(351)s(360)s(367)-s(373)s(383)s(390)s(398)---s(404)-s(412)s(422)s(431)s(441)s(448)s(458)s(466)s(475)s(485)s(494)s(503)s(511)-s(521)-s(530)s(540)s(549)--s(558)s(567)s(575)---s(581)------------s(578)s(589)--s(597)---------s(598)-s(609)---------(600)--s(611)----s(617)s(627)-----------ss(638)s(651)--s(660)---------------------------s(646)shhhhhhhhhhhhhhhhhhhhhhhhhhhhhhhhhhhhhhhhhhhhhhhhhhhhhhhhhhhhhhhhh5(593)s(603)--s(612)s(622)--s(631)--s(641)s(653)s(664)--s(675)--s(684)---s(694)--s(703)---(700)-s(711)-----------(700)--------s(704)-s(716)--s(726)----------------s(719)s(728)-------s(730)-s(739)-s(749)--s(757)--------------------------------------s(728)---s(735)----s(742)-------------------------------------shhhhhhhhhhhhhhhhhhhhhhhhhhhhhhhhhhhhhhhhhhhhhhhhhhhhhhhhhhhhhhhhhhhhhhhhhhhhhhhhhhhhhhhhhhhhhhhhhhhhhhhhhhhhhhhhhhhhhhhhhhhhhhhhhhhhhhhhhhhhhhhhhhhhhhhhhhhhhhhhhhhhhhhhhhhhhhhhhhhhhhhhhhhhhhhhhhhhhhhhhhhhhhhhhhhhhhhhhhhhhhhhhhhhhhhhhhhhhhhhhhhhhhhhhhhhhhhhhhhhhhhhhhhhhhhhhhhhhhhhhhhhhhhhhhhhhhhhhhhhhhhhhhhhhhhhhhhhhhhhhhhhhhhhhhhhhhhhhhhhhhhhhhhhhhhhhhhhhhhhhhhhhhhhhhhhhhhhhhhhhhhhhhhhhhhhhhhhhhhhhhhhhhhhhhh6(303)s(315)---------------(300)--s(310)s(321)---------------------(300)--------------------------------------------------------------------------------------------s(217)--shhhhhhhhhhhhhhhhhhhhhhhhhhhhhhhhhhhhhhhhhhhhhhhhhhhhhhhhhhhhhhhhhhhhhhhhhhhhhhhhhhhhhhhhhhhhhhhhhhhhhhhhhhhhhhhhhhhhhhhhhhhhhhhhhhhhhhhhhhhhhhhhhhhhhhhhhhhhhhhhhhhhhhhhhhhhhhhhhhhhhhhhhhhhhhhhhhhhhhhhhhhhhhhhhhhhhhhhhhhhhhhhhh
product criterion:2904 chain criterion:3738
hilbert series criterion:727
dehomogenization
simplification
imap to ring (ZZ/179424673),(x14,x13,x12,x11,x10,x9,x8,x7,x6,x5,x4,x3,x2,x1),(lp(14),C)
Auf Wiedersehen.
                     SINGULAR                                 /  Development
 A Computer Algebra System for Polynomial Computations       /   version 4.3.2
                                                           0<
 by: W. Decker, G.-M. Greuel, G. Pfister, H. Schoenemann     \   Feb 2023
FB Mathematik der Universitaet, D-67653 Kaiserslautern        \  Debian 1:4.3.2-p10+ds-1.1build1
// ** loaded /usr/bin/../share/singular/LIB/primdec.lib (4.3.2.9,Oct_2023)
// ** loaded /usr/bin/../share/singular/LIB/ring.lib (4.3.1.3,Feb_2023)
// ** loaded /usr/bin/../share/singular/LIB/absfact.lib (4.1.2.0,Feb_2019)
// ** loaded /usr/bin/../share/singular/LIB/triang.lib (4.1.2.0,Feb_2019)
// ** loaded /usr/bin/../share/singular/LIB/matrix.lib (4.3.2.3,Aug_2023)
// ** loaded /usr/bin/../share/singular/LIB/nctools.lib (4.1.2.0,Feb_2019)
// ** loaded /usr/bin/../share/singular/LIB/inout.lib (4.1.2.0,Feb_2019)
// ** loaded /usr/bin/../share/singular/LIB/random.lib (4.1.2.0,Feb_2019)
// ** loaded /usr/bin/../share/singular/LIB/polylib.lib (4.2.0.0,Dec_2020)
// ** loaded /usr/bin/../share/singular/LIB/elim.lib (4.3.2.5,Jul_2023)
// ** loaded /usr/bin/../share/singular/LIB/general.lib (4.1.2.0,Feb_2019)
map with cache
map with cache
map with cache
map with cache
map with cache
map with cache
map with cache
map with cache
map with cache
map with cache
map with cache
map with cache
map with cache
std in (ZZ/179424673),(x14,x13,x12,x11,x10,x9,x8,x7,x6,x5,x4,x3,x2,x1),(dp(14),C)
[65535:5]1(13)s(12)s(11)s(10)s(9)s(8)s(7)s(6)s(5)s(4)s(3)s(2)ss2s
(S:13)-------------
product criterion:91 chain criterion:0
[65535:4]1(13)s(12)s(11)s(10)s(9)s(8)s(7)s(6)s(5)s(4)s(3)s(2)ss2s
(S:13)-------------
product criterion:91 chain criterion:0
map is a permutation
[65535:5]1(14)s(13)s(12)s(11)s(10)s(9)s(8)s(7)s(6)s(5)s(4)s(3)s(2)ss2s
(S:14)--------------
product criterion:105 chain criterion:0
[65535:4]1(13)s(12)s(11)s(10)s(9)s(8)s(7)s(6)s(5)s(4)s(3)s(2)ss2s
(S:13)-------------
product criterion:91 chain criterion:0
{1}[65535:6]1(13)s(12)s(11)s(10)s(9)s(8)s(7)s(6)s(5)s(4)s(3)s(2)ss2s3(12)------------
(S:14)---------------
product criterion:0 chain criterion:0
(S:14)rrrrrrrrrrrrrr
[65535:4]1(13)s(12)s(11)s(10)s(9)s(8)s(7)s(6)s(5)s(4)s(3)s(2)ss2s
(S:13)-------------
product criterion:91 chain criterion:0
map is a permutation
intersect by elimination method
[65535:6]1(14)s2(13)s(12)s(11)s(10)s(9)s(8)s(7)s(6)s(5)s(4)s(3)s(2)ss3s
(S:14)--------------
product criterion:105 chain criterion:0
map is a permutation
[65535:5]1(14)s(13)s(12)s(11)s(10)s(9)s(8)s(7)s(6)s(5)s(4)s(3)s(2)s2s.4
(S:0)
product criterion:91 chain criterion:0
map is a permutation
[65535:5]1(14)s(13)s(12)s(11)s(10)s(9)s(8)s(7)s(6)s(5)s(4)s(3)s(2)s2s.4
(S:0)
product criterion:91 chain criterion:0
map is a permutation
[65535:5]1(14)s(13)s(12)s(11)s(10)s(9)s(8)s(7)s(6)s(5)s(4)s(3)s(2)s2s.4
(S:0)
product criterion:91 chain criterion:0
map is a permutation
[65535:5]1(14)s(13)s(12)s(11)s(10)s(9)s(8)s(7)s(6)s(5)s(4)s(3)s(2)s2s.4
(S:0)
product criterion:91 chain criterion:0
map is a permutation
[65535:5]1(14)s(13)s(12)s(11)s(10)s(9)s(8)s(7)s(6)s(5)s(4)s(3)s(2)s2s.4
(S:0)
product criterion:91 chain criterion:0
map is a permutation
[65535:5]1(14)s(13)s(12)s(11)s(10)s(9)s(8)s(7)s(6)s(5)s(4)s(3)s(2)s2s.4
(S:0)
product criterion:91 chain criterion:0
map is a permutation
[65535:5]1(14)s(13)s(12)s(11)s(10)s(9)s(8)s(7)s(6)s(5)s(4)s(3)s(2)s2s.4
(S:0)
product criterion:91 chain criterion:0
map is a permutation
[65535:5]1(14)s(13)s(12)s(11)s(10)s(9)s(8)s(7)s(6)s(5)s(4)s(3)s(2)s2s.4
(S:0)
product criterion:91 chain criterion:0
map is a permutation
[65535:5]1(14)s(13)s(12)s(11)s(10)s(9)s(8)s(7)s(6)s(5)s(4)s(3)s(2)s2s.4
(S:0)
product criterion:91 chain criterion:0
map is a permutation
[65535:5]1(14)s(13)s(12)s(11)s(10)s(9)s(8)s(7)s(6)s(5)s(4)s(3)s(2)s2s.4
(S:0)
product criterion:91 chain criterion:0
map is a permutation
[65535:5]1(14)s(13)s(12)s(11)s(10)s(9)s(8)s(7)s(6)s(5)s(4)s(3)s(2)s2s.4
(S:0)
product criterion:91 chain criterion:0
map is a permutation
[65535:5]1(14)s(13)s(12)s(11)s(10)s(9)s(8)s(7)s(6)s(5)s(4)s(3)s(2)s2s.4
(S:0)
product criterion:91 chain criterion:0
map is a permutation
[65535:5]1(14)s(13)s(12)s(11)s(10)s(9)s(8)s(7)s(6)s(5)s(4)s(3)s(2)s2s.4
(S:0)
product criterion:91 chain criterion:0
map is a permutation
[65535:5]1(14)s(13)s(12)s(11)s(10)s(9)s(8)s(7)s(6)s(5)s(4)s(3)s(2)s2s3s
(S:0)
product criterion:105 chain criterion:0
[65535:4]1(13)s(12)s(11)s(10)s(9)s(8)s(7)s(6)s(5)s(4)s(3)s(2)ss2s
(S:13)-------------
product criterion:91 chain criterion:0
// ** _ is no standard basis
Auf Wiedersehen.
                     SINGULAR                                 /  Development
 A Computer Algebra System for Polynomial Computations       /   version 4.3.2
                                                           0<
 by: W. Decker, G.-M. Greuel, G. Pfister, H. Schoenemann     \   Feb 2023
FB Mathematik der Universitaet, D-67653 Kaiserslautern        \  Debian 1:4.3.2-p10+ds-1.1build1
compute hilbert series with std in ring (ZZ/179424673),(x14,x13,x12,x11,x10,x9,x8,x7,x6,x5,x4,x3,x2,x1,@),(dp(15),C)
weights used for hilbert series: 1,1,1,1,1,1,1,1,1,1,1,1,1,1,1
[65535:4]1(13)s(12)s(11)s(10)s(9)s2(8)s(7)s(6)s3ss(7)s(9)s(10)s(13)s4(15)s(16)--s(18)s(23)s(29)s(34)s(35)s(37)s(40)s(42)s(45)s(49)s(52)s5(58)--s(63)---ss(67)s(71)s(77)----------s(71)s(76)s(82)s(89)--------s(86)s(92)s(99)s(106)s(111)s(116)s(123)---s(124)s(128)s(131)s(136)s(142)s6(146)s(154)s(158)s(162)s(167)s(173)------s(172)s(178)-s(184)-s(190)--s(193)s(197)s(202)s(208)s(213)------------s(206)---s(209)s(215)--s(218)s(224)--s(229)----s(231)-s(237)s(244)s(250)-----s(251)s(257)s(261)s(268)s(274)s(281)s(288)---------s(287)-s(293)-----s(295)-s(300)--s(306)---s(309)--s(313)s(321)--------------s(313)-s(320)-s(325)--------s(322)s(327)s(332)s(337)s(343)s(348)-----7-s(349)-----------s(344)---------s(341)s(348)--s(353)---------------------------------s(328)----------------------------(300)--------------------------s(281)-s(288)--------s(287)---------------------------------------------------------------------------------s(214)s(221)------s(223)-----------------------(200)------------------------------------------------------------------------s(134)----s(137)------------------------8-------------(100)-------------------------------------------------------------s(47)--------------------------------------9---------
product criterion:997 chain criterion:4551
std with hilb in (ZZ/179424673),(x14,x13,x12,x11,x10,x9,x8,x7,x6,x5,x4,x3,x2,x1,@),(lp(14),dp(1),C)
[65535:4]1(111)s(110)s(109)s(108)s(107)s2(106)s(105)s(104)s3s-ss(106)s(109)s(113)s4(118)--s(117)s(119)s(120)s(123)s(126)s(127)s(131)s(133)s(137)s(140)s(145)s(148)s(151)s(154)s(156)s(162)s(166)s(170)s(174)-shhhhhhhhhhh5(168)---s(172)s(178)----s(177)--s(178)---s(181)-s(188)s(191)s(195)--s(198)-s(201)-(200)----s(203)-s(207)s(213)---s(216)--s(219)s(224)--s(228)s(233)---s(235)--s(236)--s(238)--s(243)s(249)---s(252)--s(254)--shhhhhhhhhhhhhhhhhhhhhhhhhhh6(231)-------s(233)----s(236)-s(243)s(251)s(257)--s(261)--s(266)-------s-s(269)s(274)s(279)-s(285)--s(290)--s(294)-s(300)---s(305)s(310)s(316)---s(321)-s(328)s(334)----s(338)-----s(341)s(346)s(352)s(358)-s(363)---s(366)s(371)----s(372)---s(376)-----s(379)s(387)--s(391)------s(392)------ss(399)--s(404)---s(407)s(414)s(421)--s(423)------s(425)------s(426)s(434)--s(440)----s(443)s(451)-----s(450)-s(455)shhhhhhhhhhhhhhhhhhhhhhhhhhhhhhhhhhhhhhhhhhhhhhhhhh7(409)---------(400)----------------------------------------------------------------------s(336)s(343)-----s(345)------------------s(335)-----------------------------------(300)-s(304)s(309)---------(300)-----------------------------------------s(264)-----s(265)-s(272)-------------------------s(252)-----s(253)s(261)----s(262)-s(268)-----ss(274)-----------------------s(258)s(265)-s(270)s(276)s(283)s(289)s(296)s(302)-s(308)--s(313)s(320)-s(326)----s(329)----s(332)s(339)s(346)-----ss(354)------------------------s(338)-s(344)s(351)s(355)s(362)s(370)s(377)----s(379)s(387)-s(392)----s(396)---------s(394)s(401)-(400)--------------s(392)s(397)-shhhhhhhhhhhhhhhhhhh8(383)-----------------------------------------------------------------------------------(300)-----------s(297)-------------------------------------------------------------------------------------------------(200)---------------------------------------------------------------------------------------------------s(106)------(100)--------s(98)s(104)----(100)----s(104)s(110)s(116)s(122)s(130)s(137)s(144)s(151)-----s(153)-------------------s(141)-s(147)---s(149)s(155)s(160)s(166)-s(171)---s(174)-------s----s(177)-shhhh9(178)------------------------------------------------------------------------------(100)--------------------------------------------s(63)s(70)--------------------------------------shhhhhhhhhhhhhhhhhhhhhhhhhhhhhhhhhhhhhhh
product criterion:2370 chain criterion:13976
hilbert series criterion:150
dehomogenization
simplification
imap to ring (ZZ/179424673),(x14,x13,x12,x11,x10,x9,x8,x7,x6,x5,x4,x3,x2,x1),(lp(14),C)
Auf Wiedersehen.
                     SINGULAR                                 /  Development
 A Computer Algebra System for Polynomial Computations       /   version 4.3.2
                                                           0<
 by: W. Decker, G.-M. Greuel, G. Pfister, H. Schoenemann     \   Feb 2023
FB Mathematik der Universitaet, D-67653 Kaiserslautern        \  Debian 1:4.3.2-p10+ds-1.1build1
// ** loaded /usr/bin/../share/singular/LIB/primdec.lib (4.3.2.9,Oct_2023)
// ** loaded /usr/bin/../share/singular/LIB/ring.lib (4.3.1.3,Feb_2023)
// ** loaded /usr/bin/../share/singular/LIB/absfact.lib (4.1.2.0,Feb_2019)
// ** loaded /usr/bin/../share/singular/LIB/triang.lib (4.1.2.0,Feb_2019)
// ** loaded /usr/bin/../share/singular/LIB/matrix.lib (4.3.2.3,Aug_2023)
// ** loaded /usr/bin/../share/singular/LIB/nctools.lib (4.1.2.0,Feb_2019)
// ** loaded /usr/bin/../share/singular/LIB/inout.lib (4.1.2.0,Feb_2019)
// ** loaded /usr/bin/../share/singular/LIB/random.lib (4.1.2.0,Feb_2019)
// ** loaded /usr/bin/../share/singular/LIB/polylib.lib (4.2.0.0,Dec_2020)
// ** loaded /usr/bin/../share/singular/LIB/elim.lib (4.3.2.5,Jul_2023)
// ** loaded /usr/bin/../share/singular/LIB/general.lib (4.1.2.0,Feb_2019)
[65535:4]1(13)s(12)s(11)s(10)s(9)s(8)s2(7)s(6)s(5)s3(4)s(3)s(2)sss
(S:13)-------------
product criterion:91 chain criterion:0
// ** redefining j (int j = 2;)
rt
// ** redefining p (    poly p = reduce(kb[a]*kb[b], gb);)
rt
// ** redefining b (int b = 1;)
// ** redefining p (    poly p = reduce(kb[a]*kb[b], gb);)
rt
// ** redefining p (    poly p = reduce(kb[a]*kb[b], gb);)
rt
Auf Wiedersehen.

Set::write: Tag String in A[7] is Protected.

Set::setraw: Cannot assign to raw object 1.

Set::write: Tag Plus in -125 + 25 A[7] is Protected.

Set::write: Tag String in A[7] is Protected.

General::stop: Further output of Set::write will be suppressed during this calculation.

Set::setraw: Cannot assign to raw object 1.
  >> 1 region(s): expReg=3.266s  build=0.035s
  [sector total: 3.305s]
#Non-triv Sectors = 1

