
      +++  sector:  {1, 1, 1, 0, 0, 0, 0}  (1/1)  +++ 
                     SINGULAR                                 /  Development
 A Computer Algebra System for Polynomial Computations       /   version 4.3.2
                                                           0<
 by: W. Decker, G.-M. Greuel, G. Pfister, H. Schoenemann     \   Feb 2023
FB Mathematik der Universitaet, D-67653 Kaiserslautern        \  Debian 1:4.3.2-p10+ds-1.1build1
compute hilbert series with std in ring (ZZ/179424673),(x14,x13,x12,x11,x10,x9,x8,x7,x6,x5,x4,x3,x2,x1,@),(dp(15),C)
weights used for hilbert series: 1,1,1,1,1,1,1,1,1,1,1,1,1,1,1
[65535:4]2(14)s(13)s(12)s(11)s(10)s(9)ss(8)ss(7)s(9)s(12)s(13)s(15)s(18)s3(21)--s----s(22)s(28)s(32)-s(35)-s(41)-----ss(45)4--------s(41)s(45)---------------s(36)-----------------5-------------------
product criterion:178 chain criterion:46
std with hilb in (ZZ/179424673),(x14,x13,x12,x11,x10,x9,x8,x7,x6,x5,x4,x3,x2,x1,@),(lp(14),dp(1),C)
[65535:4]2(25)s(24)s(23)s(22)s(21)s(20)s(21)s(20)s(19)s(18)s(19)s(21)s(22)s(25)s(29)s3(32)-s(35)--s(38)s(42)s(48)-s(54)-s(58)-s(61)shhhhhhhhhhhhhhhh4(50)------s(52)----s(56)------shhhhhhhhhhhhhhhhhhhhhhhhhhhhhhhhhhhhhhhhhhhhhhhhhhhhhhhhhh
product criterion:178 chain criterion:48
hilbert series criterion:74
dehomogenization
simplification
imap to ring (ZZ/179424673),(x14,x13,x12,x11,x10,x9,x8,x7,x6,x5,x4,x3,x2,x1),(lp(14),C)
Auf Wiedersehen.
  >> 0 regions (all trivial): expReg=0.397s
  [sector total: 0.401s]
#Non-triv Sectors = 0

