
      +++  sector:  {1, 0, 1, 1, 1, 1, 0}  (1/1)  +++ 
                     SINGULAR                                 /  Development
 A Computer Algebra System for Polynomial Computations       /   version 4.3.2
                                                           0<
 by: W. Decker, G.-M. Greuel, G. Pfister, H. Schoenemann     \   Feb 2023
FB Mathematik der Universitaet, D-67653 Kaiserslautern        \  Debian 1:4.3.2-p10+ds-1.1build1
compute hilbert series with std in ring (ZZ/179424673),(x14,x13,x12,x11,x10,x9,x8,x7,x6,x5,x4,x3,x2,x1,@),(dp(15),C)
weights used for hilbert series: 1,1,1,1,1,1,1,1,1,1,1,1,1,1,1
[65535:4]2(14)s(13)s(12)s(11)s(10)s(9)s(8)s(7)s(8)s(10)s(11)s(14)s(16)s(18)s(20)s3(23)s(26)s(30)s(35)s(40)s(46)s(49)s(53)s(58)s(65)s(73)-s(78)s(83)s(90)s(97)s(103)s(109)s(117)s(125)s(129)s(136)s(143)s(151)s4(153)s(160)s(167)s(176)s(184)--s(189)----s(194)s(200)s(209)s(218)-s(226)s(236)-s(242)s(248)s(255)--s(262)-s(269)s(279)-s(289)s(298)s(308)s(315)s(325)-s(334)-s(343)-s(352)--s(362)s(374)s(383)s(395)-s(406)s(416)s(427)s(438)---s(445)---s(453)-s(460)--------s(463)--------s(466)------s(472)s(485)s(498)s(510)----------(500)-s(506)------(500)------s(503)s(511)----------s(509)------5-s(513)-------------(500)-------------------------------s(481)-----------------------------------s(458)------------------------------------------s(427)---------------------------(400)------------------s(394)-----------------s(389)-----------------------s(379)-------------------------------------------------------------------------------(300)----------------------------------------------------------------------s(241)-----------------------------------------(200)-----------------------------------------------------------------------s(141)s(152)-s(164)-----s(168)----------------6----------------------------------------------------(100)----------------------------------------------------------------------------------------------------
product criterion:1769 chain criterion:1980
std with hilb in (ZZ/179424673),(x14,x13,x12,x11,x10,x9,x8,x7,x6,x5,x4,x3,x2,x1,@),(lp(14),dp(1),C)
[65535:4]2(95)s(94)s(93)s(92)s(91)s(90)s(89)s(88)s(89)s(91)s(93)s(94)s(98)s(99)s(102)s3(106)s(110)s(114)s(116)s(123)s(127)s(132)s(137)s(141)s(147)s(151)s(154)s(160)s(167)s(174)s(179)s(188)s(200)s(207)s(212)s(219)-s(226)s(233)s(239)s(244)shhhhhhhhhhhhhhhhhhhhhhh4(227)s(235)s(243)s(253)s(260)s(270)s(276)s(283)--s(289)s(297)s(306)s(314)-s(323)--s(330)--s(335)s(345)--s(352)s(361)-s(370)---s(377)s(387)--s(395)--s(401)s(411)-s(420)----s(426)--------s(428)s(439)s(449)--s(455)----s(462)------s(464)--s(474)---s(482)-s(492)s(500)-s(508)-s(513)-s(520)s(531)----s(539)----s(544)s(554)s(565)s(578)---s(584)s(597)s(609)---------(600)------------------------shhhhhhhhhhhhhhhhhhhhhhhhhhhhhhhhhhhhhhhhhhhhhhhh5(540)s(551)--s(560)------------------------s(548)-s(559)-----s(567)-s(574)-s(582)-----s(587)s(598)---------------------------s(583)s(595)s(604)----(600)----s(608)-s(616)s(629)-shhhhhhhhhhhhhhhhhhhhhhhhhhhhhhhhhhhhhhhhhhhhhhhhhhhhhhhhhhhhhhhhhhhhhhhhhhhhhhhhhhhhhhhhhhhhhhhhhhhhhhhhhhhhhhhhhhhhhhhhhhhhhhhhhhhhhhhhhhhhhhhhhhhhhhhhhhhhhhhhhhhhhhhhhhhhhhhhhhhhhhhhhhhhhhhhhhhhhhhhhhhhhhhhhhhhhhhhhhhhhhhhhhhhhhhhhhhhhhhhhhhhhhhhhhhhhhhhhhhhhhhhhhhhhhhhhhhhhhhhhhhhhhhhhhhhhhhhhhhhhhhhhhhhhhhhhhhhhhhhhhhhhhhhhhhhhhhhhhhhhhhhhhhhhhhhhhhhhhhhhhhhhhhhhhhhhhhhhhhhhhhhhhhhhhhhhhhhhhhhhhhhhhhhhhhhhhhhhhhhhhhhhhhhhhhhhhhhhhhhhhhhhhhhhhhhhhhhhhhhhhhhhhhhhhhhhhhhhhhhhhhhhhhhhhhhhhhhhhhhhhhhhhhhhhhhhhhhhhhhhhhhhhhhhhhhhhhhhhhhhhhhhhhhhhhhhhhhhhhhhhhhhhhhhhhhhhhhhhhhhhhhhhhhhhhhhhhhhhhhhhhhhhhhhhhhhhhhhhhhhhhhhhhhhhhhhhhhhhhh
product criterion:2022 chain criterion:2443
hilbert series criterion:711
dehomogenization
simplification
imap to ring (ZZ/179424673),(x14,x13,x12,x11,x10,x9,x8,x7,x6,x5,x4,x3,x2,x1),(lp(14),C)
Auf Wiedersehen.
                     SINGULAR                                 /  Development
 A Computer Algebra System for Polynomial Computations       /   version 4.3.2
                                                           0<
 by: W. Decker, G.-M. Greuel, G. Pfister, H. Schoenemann     \   Feb 2023
FB Mathematik der Universitaet, D-67653 Kaiserslautern        \  Debian 1:4.3.2-p10+ds-1.1build1
// ** loaded /usr/bin/../share/singular/LIB/primdec.lib (4.3.2.9,Oct_2023)
// ** loaded /usr/bin/../share/singular/LIB/ring.lib (4.3.1.3,Feb_2023)
// ** loaded /usr/bin/../share/singular/LIB/absfact.lib (4.1.2.0,Feb_2019)
// ** loaded /usr/bin/../share/singular/LIB/triang.lib (4.1.2.0,Feb_2019)
// ** loaded /usr/bin/../share/singular/LIB/matrix.lib (4.3.2.3,Aug_2023)
// ** loaded /usr/bin/../share/singular/LIB/nctools.lib (4.1.2.0,Feb_2019)
// ** loaded /usr/bin/../share/singular/LIB/inout.lib (4.1.2.0,Feb_2019)
// ** loaded /usr/bin/../share/singular/LIB/random.lib (4.1.2.0,Feb_2019)
// ** loaded /usr/bin/../share/singular/LIB/polylib.lib (4.2.0.0,Dec_2020)
// ** loaded /usr/bin/../share/singular/LIB/elim.lib (4.3.2.5,Jul_2023)
// ** loaded /usr/bin/../share/singular/LIB/general.lib (4.1.2.0,Feb_2019)
map with cache
map with cache
map with cache
map with cache
map with cache
map with cache
map with cache
map with cache
map with cache
map with cache
map with cache
map with cache
map with cache
std in (ZZ/179424673),(x14,x13,x12,x11,x10,x9,x8,x7,x6,x5,x4,x3,x2,x1),(dp(14),C)
[65535:5]1(13)s(12)s(11)s(10)s(9)s(8)s(7)s(6)s(5)s(4)s(3)s(2)ss2s
(S:13)-------------
product criterion:91 chain criterion:0
[65535:4]1(13)s(12)s(11)s(10)s(9)s(8)s(7)s(6)s(5)s(4)s(3)s(2)ss2s
(S:13)-------------
product criterion:91 chain criterion:0
map is a permutation
[65535:5]1(14)s(13)s(12)s(11)s(10)s(9)s(8)s(7)s(6)s(5)s(4)s(3)s(2)ss2s
(S:14)--------------
product criterion:105 chain criterion:0
[65535:4]1(13)s(12)s(11)s(10)s(9)s(8)s(7)s(6)s(5)s(4)s(3)s(2)ss2s
(S:13)-------------
product criterion:91 chain criterion:0
{1}[65535:6]1(13)s(12)s(11)s(10)s(9)s(8)s(7)s(6)s(5)s(4)s(3)s(2)ss2s3(12)------------
(S:14)---------------
product criterion:0 chain criterion:0
(S:14)rrrrrrrrrrrrrr
[65535:4]1(13)s(12)s(11)s(10)s(9)s(8)s(7)s(6)s(5)s(4)s(3)s(2)ss2s
(S:13)-------------
product criterion:91 chain criterion:0
map is a permutation
intersect by elimination method
[65535:6]1(14)s2(13)s(12)s(11)s(10)s(9)s(8)s(7)s(6)s(5)s(4)s(3)s(2)ss3s
(S:14)--------------
product criterion:105 chain criterion:0
map is a permutation
[65535:5]1(14)s(13)s(12)s(11)s(10)s(9)s(8)s(7)s(6)s(5)s(4)s(3)s(2)s2s.4
(S:0)
product criterion:91 chain criterion:0
map is a permutation
[65535:5]1(14)s(13)s(12)s(11)s(10)s(9)s(8)s(7)s(6)s(5)s(4)s(3)s(2)s2s.4
(S:0)
product criterion:91 chain criterion:0
map is a permutation
[65535:5]1(14)s(13)s(12)s(11)s(10)s(9)s(8)s(7)s(6)s(5)s(4)s(3)s(2)s2s.4
(S:0)
product criterion:91 chain criterion:0
map is a permutation
[65535:5]1(14)s(13)s(12)s(11)s(10)s(9)s(8)s(7)s(6)s(5)s(4)s(3)s(2)s2s.4
(S:0)
product criterion:91 chain criterion:0
map is a permutation
[65535:5]1(14)s(13)s(12)s(11)s(10)s(9)s(8)s(7)s(6)s(5)s(4)s(3)s(2)s2s.4
(S:0)
product criterion:91 chain criterion:0
map is a permutation
[65535:5]1(14)s(13)s(12)s(11)s(10)s(9)s(8)s(7)s(6)s(5)s(4)s(3)s(2)s2s.4
(S:0)
product criterion:91 chain criterion:0
map is a permutation
[65535:5]1(14)s(13)s(12)s(11)s(10)s(9)s(8)s(7)s(6)s(5)s(4)s(3)s(2)s2s.4
(S:0)
product criterion:91 chain criterion:0
map is a permutation
[65535:5]1(14)s(13)s(12)s(11)s(10)s(9)s(8)s(7)s(6)s(5)s(4)s(3)s(2)s2s.4
(S:0)
product criterion:91 chain criterion:0
map is a permutation
[65535:5]1(14)s(13)s(12)s(11)s(10)s(9)s(8)s(7)s(6)s(5)s(4)s(3)s(2)s2s.4
(S:0)
product criterion:91 chain criterion:0
map is a permutation
[65535:5]1(14)s(13)s(12)s(11)s(10)s(9)s(8)s(7)s(6)s(5)s(4)s(3)s(2)s2s.4
(S:0)
product criterion:91 chain criterion:0
map is a permutation
[65535:5]1(14)s(13)s(12)s(11)s(10)s(9)s(8)s(7)s(6)s(5)s(4)s(3)s(2)s2s.4
(S:0)
product criterion:91 chain criterion:0
map is a permutation
[65535:5]1(14)s(13)s(12)s(11)s(10)s(9)s(8)s(7)s(6)s(5)s(4)s(3)s(2)s2s.4
(S:0)
product criterion:91 chain criterion:0
map is a permutation
[65535:5]1(14)s(13)s(12)s(11)s(10)s(9)s(8)s(7)s(6)s(5)s(4)s(3)s(2)s2s.4
(S:0)
product criterion:91 chain criterion:0
map is a permutation
[65535:5]1(14)s(13)s(12)s(11)s(10)s(9)s(8)s(7)s(6)s(5)s(4)s(3)s(2)s2s3s
(S:0)
product criterion:105 chain criterion:0
[65535:4]1(13)s(12)s(11)s(10)s(9)s(8)s(7)s(6)s(5)s(4)s(3)s(2)ss2s
(S:13)-------------
product criterion:91 chain criterion:0
// ** _ is no standard basis
Auf Wiedersehen.
                     SINGULAR                                 /  Development
 A Computer Algebra System for Polynomial Computations       /   version 4.3.2
                                                           0<
 by: W. Decker, G.-M. Greuel, G. Pfister, H. Schoenemann     \   Feb 2023
FB Mathematik der Universitaet, D-67653 Kaiserslautern        \  Debian 1:4.3.2-p10+ds-1.1build1
compute hilbert series with std in ring (ZZ/179424673),(x14,x13,x12,x11,x10,x9,x8,x7,x6,x5,x4,x3,x2,x1,@),(dp(15),C)
weights used for hilbert series: 1,1,1,1,1,1,1,1,1,1,1,1,1,1,1
[65535:4]1(13)s(12)s(11)s(10)s(9)s(8)s2(7)s(6)s3(5)sss(7)s(9)s(13)s4(15)s(17)-s(21)-s(23)s(27)s(32)s(35)s(41)s(45)s5(49)----ss(53)-s(57)-s(60)---------s(56)-s(61)----s(62)s(67)-s(73)s(79)--s(83)s(88)s(93)-s(94)-s(97)s(100)s(104)s(107)s(111)s(116)s(119)s6(122)-------s(120)-------s--------------------(100)-------------------------------s(75)--s(79)-------------------------------------s(46)s(50)s(54)-s(58)-s(61)------7-----------------------------------------------s(12)-------8-----
product criterion:409 chain criterion:836
std with hilb in (ZZ/179424673),(x14,x13,x12,x11,x10,x9,x8,x7,x6,x5,x4,x3,x2,x1,@),(lp(14),dp(1),C)
[65535:4]1(54)s(53)s(52)s(51)s(50)s(49)s2(48)s(47)s3(46)ss(47)s(49)s(52)s(56)s4(61)--ss(62)s(65)s(69)s(71)s(74)s(79)s(82)s(85)s(89)s(95)s(99)s(104)s(107)s(111)s(118)s(123)s(129)shhhhhhhhh5(124)-------s(123)--------s(121)---s(125)-----s(122)s(129)-s(132)s(135)s(140)s(147)--s(150)---s(153)s(158)------s(157)--s(159)s(163)s(170)s(176)---s---s(178)s(184)----s(187)--shhhhhhhhhhhhhhhhhhhhhhhhh6(165)--------------------------------------s(131)----------s(125)-----s(124)s(130)s(135)-----------s(131)--s(135)s(141)--------s(140)--------------s(130)--------s(126)-----s(125)s(129)-----s(128)s(133)s(138)s(143)----s(145)--s(149)-----------s(144)s(151)--s(154)-s(159)s(166)-shhhhhhhhh7(162)--------------------------------------------------------------(100)------------------------------------------------------s(50)-s(54)-----------s(48)------------s(43)s(50)s(55)--------s(53)------sh8---------------------------------------------------s(9)s(15)s9(21)---------------------shhhhhhh
product criterion:769 chain criterion:2925
hilbert series criterion:51
dehomogenization
simplification
imap to ring (ZZ/179424673),(x14,x13,x12,x11,x10,x9,x8,x7,x6,x5,x4,x3,x2,x1),(lp(14),C)
Auf Wiedersehen.
                     SINGULAR                                 /  Development
 A Computer Algebra System for Polynomial Computations       /   version 4.3.2
                                                           0<
 by: W. Decker, G.-M. Greuel, G. Pfister, H. Schoenemann     \   Feb 2023
FB Mathematik der Universitaet, D-67653 Kaiserslautern        \  Debian 1:4.3.2-p10+ds-1.1build1
// ** loaded /usr/bin/../share/singular/LIB/primdec.lib (4.3.2.9,Oct_2023)
// ** loaded /usr/bin/../share/singular/LIB/ring.lib (4.3.1.3,Feb_2023)
// ** loaded /usr/bin/../share/singular/LIB/absfact.lib (4.1.2.0,Feb_2019)
// ** loaded /usr/bin/../share/singular/LIB/triang.lib (4.1.2.0,Feb_2019)
// ** loaded /usr/bin/../share/singular/LIB/matrix.lib (4.3.2.3,Aug_2023)
// ** loaded /usr/bin/../share/singular/LIB/nctools.lib (4.1.2.0,Feb_2019)
// ** loaded /usr/bin/../share/singular/LIB/inout.lib (4.1.2.0,Feb_2019)
// ** loaded /usr/bin/../share/singular/LIB/random.lib (4.1.2.0,Feb_2019)
// ** loaded /usr/bin/../share/singular/LIB/polylib.lib (4.2.0.0,Dec_2020)
// ** loaded /usr/bin/../share/singular/LIB/elim.lib (4.3.2.5,Jul_2023)
// ** loaded /usr/bin/../share/singular/LIB/general.lib (4.1.2.0,Feb_2019)
[65535:4]1(13)s(12)s(11)s(10)s(9)s(8)s(7)s(6)s2(5)s(4)s3(3)s(2)sss
(S:13)-------------
product criterion:91 chain criterion:0
// ** redefining j (int j = 2;)
rt
// ** redefining p (    poly p = reduce(kb[a]*kb[b], gb);)
rt
// ** redefining b (int b = 1;)
// ** redefining p (    poly p = reduce(kb[a]*kb[b], gb);)
rt
// ** redefining p (    poly p = reduce(kb[a]*kb[b], gb);)
rt
Auf Wiedersehen.

Set::write: Tag String in A[7] is Protected.

Set::setraw: Cannot assign to raw object 1.

Set::write: Tag Plus in -33642134 - 44856162 A[7] is Protected.

Set::write: Tag String in A[7] is Protected.

General::stop: Further output of Set::write will be suppressed during this calculation.

Set::setraw: Cannot assign to raw object 1.
  >> 1 region(s): expReg=1.715s  build=0.033s
  [sector total: 1.752s]
#Non-triv Sectors = 1

