
      +++  sector:  {1, 0, 1, 1, 1, 0, 0}  (1/1)  +++ 
                     SINGULAR                                 /  Development
 A Computer Algebra System for Polynomial Computations       /   version 4.3.2
                                                           0<
 by: W. Decker, G.-M. Greuel, G. Pfister, H. Schoenemann     \   Feb 2023
FB Mathematik der Universitaet, D-67653 Kaiserslautern        \  Debian 1:4.3.2-p10+ds-1.1build1
compute hilbert series with std in ring (ZZ/179424673),(x14,x13,x12,x11,x10,x9,x8,x7,x6,x5,x4,x3,x2,x1,@),(dp(15),C)
weights used for hilbert series: 1,1,1,1,1,1,1,1,1,1,1,1,1,1,1
[65535:4]2(14)s(13)s(12)s(11)sss(10)s(9)s(8)s(10)s(11)s(14)s(16)s(18)s(20)s3(23)s(26)s(27)s(32)s(35)s(39)s(43)s(46)s(52)s(59)s(67)-s(72)s(79)s(87)s(93)s(98)s(107)s(113)s(120)s(128)s(133)-s(138)4--------------s(131)-------------------------------(100)---------------------------------------s(68)---------s(67)s(75)-s(81)------------s(78)s(86)----------s(83)------5----------------------------------------------------------------------------6-
product criterion:509 chain criterion:194
std with hilb in (ZZ/179424673),(x14,x13,x12,x11,x10,x9,x8,x7,x6,x5,x4,x3,x2,x1,@),(lp(14),dp(1),C)
[65535:4]2(43)s(42)s(41)s(40)sss(41)s(40)s(39)s(40)s(39)s(41)s(42)s(45)s(48)s3(52)s(55)s(59)s(63)s(66)s(72)s(80)s(84)s(87)s(90)s(96)s(101)s(108)s(114)s(120)s(128)s(136)s(143)-s(150)s(157)s(161)--shhhhhhhhhhhhhhhhhhhhh4(143)------------s(138)----------------s(130)s(138)--------s(139)s(148)--------------s(140)----s(143)---------------------------------shhhhhhhhhhhhhhhhhhhhhhhhhhhhhhhhhhhhhhhhhhhhhhhhhhhhhhhhhhhhhhhhhhhhhhhhhhhhhhhhhhhhhhhhhhhhhhhhhhhhhhhhhhhhhhhhhhhhhhh
product criterion:498 chain criterion:208
hilbert series criterion:140
dehomogenization
simplification
imap to ring (ZZ/179424673),(x14,x13,x12,x11,x10,x9,x8,x7,x6,x5,x4,x3,x2,x1),(lp(14),C)
Auf Wiedersehen.
  >> 0 regions (all trivial): expReg=0.41000000000000003s
  [sector total: 0.41400000000000003s]
#Non-triv Sectors = 0

