
      +++  sector:  {1, 0, 1, 1, 0, 0, 0}  (1/1)  +++ 
                     SINGULAR                                 /  Development
 A Computer Algebra System for Polynomial Computations       /   version 4.3.2
                                                           0<
 by: W. Decker, G.-M. Greuel, G. Pfister, H. Schoenemann     \   Feb 2023
FB Mathematik der Universitaet, D-67653 Kaiserslautern        \  Debian 1:4.3.2-p10+ds-1.1build1
compute hilbert series with std in ring (ZZ/179424673),(x14,x13,x12,x11,x10,x9,x8,x7,x6,x5,x4,x3,x2,x1,@),(dp(15),C)
weights used for hilbert series: 1,1,1,1,1,1,1,1,1,1,1,1,1,1,1
[65535:4]2(14)s(13)s(12)s(11)sss(10)s(9)s(8)s(10)s(9)s(12)s(14)s(16)s(18)s3(21)--s(22)--s(24)s(30)s(37)-------s(33)s(39)-s(43)-s(47)4-----------s(42)--------------s(33)s(39)-----------s(35)------5-----------------------------
product criterion:193 chain criterion:52
std with hilb in (ZZ/179424673),(x14,x13,x12,x11,x10,x9,x8,x7,x6,x5,x4,x3,x2,x1,@),(lp(14),dp(1),C)
[65535:4]2(26)s(25)s(24)s(23)s(22)sss(21)s(20)s(21)s(20)s(22)s(23)s(26)s(29)s3(33)--s(35)-s(39)s(46)-s(49)--s(52)s(59)-s(63)shhhhhhhhhhhhhhh4(52)-----s(55)-s(62)----------shhhhhhhhhhhhhhhhhhhhhhhhhhhhhhhhhhhhhhhhhhhhhhhhhhhhhhhhhhhh
product criterion:180 chain criterion:47
hilbert series criterion:75
dehomogenization
simplification
imap to ring (ZZ/179424673),(x14,x13,x12,x11,x10,x9,x8,x7,x6,x5,x4,x3,x2,x1),(lp(14),C)
Auf Wiedersehen.
  >> 0 regions (all trivial): expReg=0.47400000000000003s
  [sector total: 0.47900000000000004s]
#Non-triv Sectors = 0

