
      +++  sector:  {0, 0, 0, 0, 1, 1, 0}  (1/1)  +++ 
                     SINGULAR                                 /  Development
 A Computer Algebra System for Polynomial Computations       /   version 4.3.2
                                                           0<
 by: W. Decker, G.-M. Greuel, G. Pfister, H. Schoenemann     \   Feb 2023
FB Mathematik der Universitaet, D-67653 Kaiserslautern        \  Debian 1:4.3.2-p10+ds-1.1build1
compute hilbert series with std in ring (ZZ/179424673),(x14,x13,x12,x11,x10,x9,x8,x7,x6,x5,x4,x3,x2,x1,@),(dp(15),C)
weights used for hilbert series: 1,1,1,1,1,1,1,1,1,1,1,1,1,1,1
[65535:4]2(14)s(13)s(12)s(11)s(10)s(9)s(8)s(7)s(8)s(9)s(11)s(10)-s(11)s(14)s3(17)----s(18)-s(21)-----s(20)----4----------------
product criterion:93 chain criterion:5
std with hilb in (ZZ/179424673),(x14,x13,x12,x11,x10,x9,x8,x7,x6,x5,x4,x3,x2,x1,@),(lp(14),dp(1),C)
[65535:4]2(16)s(15)s(14)s(13)ss(12)sss(14)s(15)sss(14)s(17)s3(20)--s(24)----s(25)----shhhhhhhhhhhhhhhhhhhhhhhhhhh
product criterion:93 chain criterion:6
hilbert series criterion:27
dehomogenization
simplification
imap to ring (ZZ/179424673),(x14,x13,x12,x11,x10,x9,x8,x7,x6,x5,x4,x3,x2,x1),(lp(14),C)
Auf Wiedersehen.
  >> 0 regions (all trivial): expReg=0.406s
  [sector total: 0.41100000000000003s]
#Non-triv Sectors = 0

