
      +++  sector:  {1, 0, 0, 1, 0, 0, 0}  (1/1)  +++ 
                     SINGULAR                                 /  Development
 A Computer Algebra System for Polynomial Computations       /   version 4.3.2
                                                           0<
 by: W. Decker, G.-M. Greuel, G. Pfister, H. Schoenemann     \   Feb 2023
FB Mathematik der Universitaet, D-67653 Kaiserslautern        \  Debian 1:4.3.2-p10+ds-1.1build1
compute hilbert series with std in ring (ZZ/179424673),(x14,x13,x12,x11,x10,x9,x8,x7,x6,x5,x4,x3,x2,x1,@),(dp(15),C)
weights used for hilbert series: 1,1,1,1,1,1,1,1,1,1,1,1,1,1,1
[65535:4]2(14)s(13)s(12)s(11)sss(10)s(9)s(8)s(10)s(9)s(12)s(14)s(16)-s3(18)----ss(25)------s(21)s(25)----4-----------s(15)---------5------
product criterion:105 chain criterion:12
std with hilb in (ZZ/179424673),(x14,x13,x12,x11,x10,x9,x8,x7,x6,x5,x4,x3,x2,x1,@),(lp(14),dp(1),C)
[65535:4]2(18)s(17)s(16)ss(15)s(14)sss(13)s(14)s(13)s(15)s(17)s(20)s3(23)---s(24)-s(28)s(35)shhhhhhhhhhhhhhh4(26)------shhhhhhhhhhhhhhhhhhhhhhhhhhhhh
product criterion:105 chain criterion:12
hilbert series criterion:44
dehomogenization
simplification
imap to ring (ZZ/179424673),(x14,x13,x12,x11,x10,x9,x8,x7,x6,x5,x4,x3,x2,x1),(lp(14),C)
Auf Wiedersehen.
  >> 0 regions (all trivial): expReg=0.41400000000000003s
  [sector total: 0.418s]
#Non-triv Sectors = 0

