
      +++  sector:  {1, 1, 0, 1, 0, 1, 0}  (1/1)  +++ 
                     SINGULAR                                 /  Development
 A Computer Algebra System for Polynomial Computations       /   version 4.3.2
                                                           0<
 by: W. Decker, G.-M. Greuel, G. Pfister, H. Schoenemann     \   Feb 2023
FB Mathematik der Universitaet, D-67653 Kaiserslautern        \  Debian 1:4.3.2-p10+ds-1.1build1
compute hilbert series with std in ring (ZZ/179424673),(x14,x13,x12,x11,x10,x9,x8,x7,x6,x5,x4,x3,x2,x1,@),(dp(15),C)
weights used for hilbert series: 1,1,1,1,1,1,1,1,1,1,1,1,1,1,1
[65535:4]2(14)s(13)s(12)s(11)s(10)s(9)s(8)s(7)s(8)s(9)s(11)s(15)s(17)s(19)s(21)s3(24)s(30)s(33)s(41)s(45)s(48)s(52)s(57)s(60)s(67)s(75)s(80)s(85)s(93)-s(99)s(105)s(111)s(118)s(122)s(128)s(135)s(140)s(147)s(155)4-s(162)s(170)s(179)s(188)s(198)-s(206)s(216)----------ss(227)s(238)s(249)-----------------------------s(232)--------s(237)------s(238)s(246)--s(250)-s(258)s(268)s(276)s(285)--s(295)----s(302)--(300)s(308)s(316)------s(319)s(325)------s(327)--------------s(322)s(331)------------------------5-s(318)------------------(300)-----------------------------------------------------------------------------s(233)-s(243)----s(250)-s(261)s(274)s(286)--------------------s(278)------------------------------------------------------------------------------(200)----------------------s(187)---s(193)-s(202)--(200)---------------------s(188)-----s(193)----s(200)-----------------------------6-----------------------------------------------------------------------(100)----------------------------------------------------------------------------------------------------
product criterion:1372 chain criterion:1225
std with hilb in (ZZ/179424673),(x14,x13,x12,x11,x10,x9,x8,x7,x6,x5,x4,x3,x2,x1,@),(lp(14),dp(1),C)
[65535:4]2(80)s(79)s(78)s(77)s(76)s(75)s(74)ss(76)s(77)s(78)s(80)s(83)s(85)s(88)s3(91)s(95)s(99)s(104)s(109)s(114)s(121)s(124)s(129)s(135)s(142)s(147)s(152)s(155)s(162)s(170)s(178)-s(181)s(187)s(193)s(203)s(213)s(219)s(227)shhhhhhhhhhhhhhhhhhhhhhhh4(209)s(216)-s(223)s(232)s(241)s(249)s(259)s(268)s(273)s(282)-s(289)s(299)s(308)s(315)-s(323)s(331)-s(338)s(347)s(355)s(364)s(374)s(384)--s(393)s(402)--(400)s(410)-s(419)s(431)-----s(434)---s(441)----s(449)---s(456)---------s(455)------s(460)---s(470)----------------------------------------------------------------------(400)shhhhhhhhhhhhhhhhhhhhhhhhhhhhhhhhhhhhhhh5(367)s(379)----s(384)-------s(388)-s(398)--------s(402)--(400)----s(409)------s(415)-s(423)-----------------------(400)----------------------s(386)s(398)s(406)-----s(410)s(420)s(429)---s(435)s(445)---------------------------------------shhhhhhhhhhhhhhhhhhhhhhhhhhhhhhhhhhhhhhhhhhhhhhhhhhhhhhhhhhhhhhhhhhhhhhhhhhhhhhhhhhhhhhhhhhhhhhhhhhhhhhhhhhhhhhhhhhhhhhhhhhhhhhhhhhhhhhhhhhhhhhhhhhhhhhhhhhhhhhhhhhhhhhhhhhhhhhhhhhhhhhhhhhhhhhhhhhhhhhhhhhhhhhhhhhhhhhhhhhhhhhhhhhhhhhhhhhhhhhhhhhhhhhhhhhhhhhhhhhhhhhhhhhhhhhhhhhhhhhhhhhhhhhhhhhhhhhhhhhhhhhhhhhhhhhhhhhhhhhhhhhhhhhhhhhhhhhhhhhhhhhhhhhhhhhhhhhhhhhhhhhhhhhhhhhhhhhhhhhhhhhhhhhhhhhhhhhhhhhhhhhhhhhhhhhhhhhhhh
product criterion:1523 chain criterion:1753
hilbert series criterion:480
dehomogenization
simplification
imap to ring (ZZ/179424673),(x14,x13,x12,x11,x10,x9,x8,x7,x6,x5,x4,x3,x2,x1),(lp(14),C)
Auf Wiedersehen.
                     SINGULAR                                 /  Development
 A Computer Algebra System for Polynomial Computations       /   version 4.3.2
                                                           0<
 by: W. Decker, G.-M. Greuel, G. Pfister, H. Schoenemann     \   Feb 2023
FB Mathematik der Universitaet, D-67653 Kaiserslautern        \  Debian 1:4.3.2-p10+ds-1.1build1
// ** loaded /usr/bin/../share/singular/LIB/primdec.lib (4.3.2.9,Oct_2023)
// ** loaded /usr/bin/../share/singular/LIB/ring.lib (4.3.1.3,Feb_2023)
// ** loaded /usr/bin/../share/singular/LIB/absfact.lib (4.1.2.0,Feb_2019)
// ** loaded /usr/bin/../share/singular/LIB/triang.lib (4.1.2.0,Feb_2019)
// ** loaded /usr/bin/../share/singular/LIB/matrix.lib (4.3.2.3,Aug_2023)
// ** loaded /usr/bin/../share/singular/LIB/nctools.lib (4.1.2.0,Feb_2019)
// ** loaded /usr/bin/../share/singular/LIB/inout.lib (4.1.2.0,Feb_2019)
// ** loaded /usr/bin/../share/singular/LIB/random.lib (4.1.2.0,Feb_2019)
// ** loaded /usr/bin/../share/singular/LIB/polylib.lib (4.2.0.0,Dec_2020)
// ** loaded /usr/bin/../share/singular/LIB/elim.lib (4.3.2.5,Jul_2023)
// ** loaded /usr/bin/../share/singular/LIB/general.lib (4.1.2.0,Feb_2019)
map with cache
map with cache
map with cache
map with cache
map with cache
map with cache
map with cache
map with cache
map with cache
map with cache
map with cache
map with cache
map with cache
map with cache
std in (ZZ/179424673),(x14,x13,x12,x11,x10,x9,x8,x7,x6,x5,x4,x3,x2,x1),(dp(14),C)
[65535:4]1(13)s(12)s(11)s(10)s(9)s(8)s(7)s(6)s(5)s(4)s(3)s(2)sss
(S:13)-------------
product criterion:91 chain criterion:0
[65535:4]1(13)s(12)s(11)s(10)s(9)s(8)s(7)s(6)s(5)s(4)s(3)s(2)sss
(S:13)-------------
product criterion:91 chain criterion:0
map is a permutation
[65535:5]1(14)s(13)s(12)s(11)s(10)s(9)s(8)s(7)s(6)s(5)s(4)s(3)s(2)sss
(S:14)--------------
product criterion:105 chain criterion:0
[65535:4]1(13)s(12)s(11)s(10)s(9)s(8)s(7)s(6)s(5)s(4)s(3)s(2)sss
(S:13)-------------
product criterion:91 chain criterion:0
{1}[65535:6]1(13)s(12)s(11)s(10)s(9)s(8)s(7)s(6)s(5)s(4)s(3)s(2)sss
(S:14)---------------
product criterion:0 chain criterion:0
(S:14)rrrrrrrrrrrrrr
[65535:4]1(13)s(12)s(11)s(10)s(9)s(8)s(7)s(6)s(5)s(4)s(3)s(2)sss
(S:13)-------------
product criterion:91 chain criterion:0
intersect by elimination method
[65535:6]1(14)s2(13)s(12)s(11)s(10)s(9)s(8)s(7)s(6)s(5)s(4)s(3)s(2)sss
(S:14)--------------
product criterion:105 chain criterion:0
map is a permutation
[65535:5]1(14)s(13)s(12)s(11)s(10)s(9)s(8)s(7)s(6)s(5)s(4)s(3)s(2)ss2s
(S:0)
product criterion:105 chain criterion:0
map is a permutation
[65535:5]1(14)s(13)s(12)s(11)s(10)s(9)s(8)s(7)s(6)s(5)s(4)s(3)s(2)ss2s
(S:0)
product criterion:105 chain criterion:0
map is a permutation
[65535:5]1(14)s(13)s(12)s(11)s(10)s(9)s(8)s(7)s(6)s(5)s(4)s(3)s(2)ss2s
(S:0)
product criterion:105 chain criterion:0
map is a permutation
[65535:5]1(14)s(13)s(12)s(11)s(10)s(9)s(8)s(7)s(6)s(5)s(4)s(3)s(2)ss2s
(S:0)
product criterion:105 chain criterion:0
map is a permutation
[65535:5]1(14)s(13)s(12)s(11)s(10)s(9)s(8)s(7)s(6)s(5)s(4)s(3)s(2)ss2s
(S:0)
product criterion:105 chain criterion:0
map is a permutation
[65535:5]1(14)s(13)s(12)s(11)s(10)s(9)s(8)s(7)s(6)s(5)s(4)s(3)s(2)ss2s
(S:0)
product criterion:105 chain criterion:0
map is a permutation
[65535:5]1(14)s(13)s(12)s(11)s(10)s(9)s(8)s(7)s(6)s(5)s(4)s(3)s(2)ss2s
(S:0)
product criterion:105 chain criterion:0
map is a permutation
[65535:5]1(14)s(13)s(12)s(11)s(10)s(9)s(8)s(7)s(6)s(5)s(4)s(3)s(2)ss2s
(S:0)
product criterion:105 chain criterion:0
map is a permutation
[65535:5]1(14)s(13)s(12)s(11)s(10)s(9)s(8)s(7)s(6)s(5)s(4)s(3)s(2)ss2s
(S:0)
product criterion:105 chain criterion:0
map is a permutation
[65535:5]1(14)s(13)s(12)s(11)s(10)s(9)s(8)s(7)s(6)s(5)s(4)s(3)s(2)ss2s
(S:0)
product criterion:105 chain criterion:0
map is a permutation
[65535:5]1(14)s(13)s(12)s(11)s(10)s(9)s(8)s(7)s(6)s(5)s(4)s(3)s(2)ss2s
(S:0)
product criterion:105 chain criterion:0
map is a permutation
[65535:5]1(14)s(13)s(12)s(11)s(10)s(9)s(8)s(7)s(6)s(5)s(4)s(3)s(2)ss2s
(S:0)
product criterion:105 chain criterion:0
map is a permutation
[65535:5]1(14)s(13)s(12)s(11)s(10)s(9)s(8)s(7)s(6)s(5)s(4)s(3)s(2)ss2s
(S:0)
product criterion:105 chain criterion:0
map is a permutation
[65535:5]1(14)s(13)s(12)s(11)s(10)s(9)s(8)s(7)s(6)s(5)s(4)s(3)s(2)ss2s
(S:0)
product criterion:105 chain criterion:0
[65535:4]1(13)s(12)s(11)s(10)s(9)s(8)s(7)s(6)s(5)s(4)s(3)s(2)sss
(S:13)-------------
product criterion:91 chain criterion:0
// ** _ is no standard basis
Auf Wiedersehen.
                     SINGULAR                                 /  Development
 A Computer Algebra System for Polynomial Computations       /   version 4.3.2
                                                           0<
 by: W. Decker, G.-M. Greuel, G. Pfister, H. Schoenemann     \   Feb 2023
FB Mathematik der Universitaet, D-67653 Kaiserslautern        \  Debian 1:4.3.2-p10+ds-1.1build1
compute hilbert series with std in ring (ZZ/179424673),(x14,x13,x12,x11,x10,x9,x8,x7,x6,x5,x4,x3,x2,x1,@),(dp(15),C)
weights used for hilbert series: 1,1,1,1,1,1,1,1,1,1,1,1,1,1,1
[65535:4]1(13)s(12)s(11)s(10)s(9)s(8)s(7)s(6)s(5)s3(4)s(3)sss(4)s4(5)s(6)s(8)-s(9)s(12)s5(15)----s(14)----------6----
product criterion:135 chain criterion:29
std with hilb in (ZZ/179424673),(x14,x13,x12,x11,x10,x9,x8,x7,x6,x5,x4,x3,x2,x1,@),(lp(14),dp(1),C)
[65535:4]1(19)s(18)s(17)s(16)s(15)s(14)s(13)s(12)s(11)s3(10)s(9)ss(10)s(12)s4(15)ss(16)s(18)-s(20)s(21)s(23)s(27)s(30)shhhhh5(26)------s(24)-------------s(13)--shhhhhhhhhhhhhhh
product criterion:189 chain criterion:88
hilbert series criterion:20
dehomogenization
simplification
imap to ring (ZZ/179424673),(x14,x13,x12,x11,x10,x9,x8,x7,x6,x5,x4,x3,x2,x1),(lp(14),C)
Auf Wiedersehen.
                     SINGULAR                                 /  Development
 A Computer Algebra System for Polynomial Computations       /   version 4.3.2
                                                           0<
 by: W. Decker, G.-M. Greuel, G. Pfister, H. Schoenemann     \   Feb 2023
FB Mathematik der Universitaet, D-67653 Kaiserslautern        \  Debian 1:4.3.2-p10+ds-1.1build1
// ** loaded /usr/bin/../share/singular/LIB/primdec.lib (4.3.2.9,Oct_2023)
// ** loaded /usr/bin/../share/singular/LIB/ring.lib (4.3.1.3,Feb_2023)
// ** loaded /usr/bin/../share/singular/LIB/absfact.lib (4.1.2.0,Feb_2019)
// ** loaded /usr/bin/../share/singular/LIB/triang.lib (4.1.2.0,Feb_2019)
// ** loaded /usr/bin/../share/singular/LIB/matrix.lib (4.3.2.3,Aug_2023)
// ** loaded /usr/bin/../share/singular/LIB/nctools.lib (4.1.2.0,Feb_2019)
// ** loaded /usr/bin/../share/singular/LIB/inout.lib (4.1.2.0,Feb_2019)
// ** loaded /usr/bin/../share/singular/LIB/random.lib (4.1.2.0,Feb_2019)
// ** loaded /usr/bin/../share/singular/LIB/polylib.lib (4.2.0.0,Dec_2020)
// ** loaded /usr/bin/../share/singular/LIB/elim.lib (4.3.2.5,Jul_2023)
// ** loaded /usr/bin/../share/singular/LIB/general.lib (4.1.2.0,Feb_2019)
[65535:4]1(13)s(12)s(11)s(10)s(9)s(8)s(7)s(6)s(5)s(4)s(3)s2(2)sss
(S:13)-------------
product criterion:91 chain criterion:0
// ** redefining j (int j = 2;)
rt
Auf Wiedersehen.

Set::setraw: Cannot assign to raw object 1.

Set::setraw: Cannot assign to raw object 1.
  >> 1 region(s): expReg=1.409s  build=0.027s
  [sector total: 1.44s]
#Non-triv Sectors = 1

