
      +++  sector:  {1, 1, 1, 1, 0, 1, 0}  (1/1)  +++ 
                     SINGULAR                                 /  Development
 A Computer Algebra System for Polynomial Computations       /   version 4.3.2
                                                           0<
 by: W. Decker, G.-M. Greuel, G. Pfister, H. Schoenemann     \   Feb 2023
FB Mathematik der Universitaet, D-67653 Kaiserslautern        \  Debian 1:4.3.2-p10+ds-1.1build1
compute hilbert series with std in ring (ZZ/179424673),(x14,x13,x12,x11,x10,x9,x8,x7,x6,x5,x4,x3,x2,x1,@),(dp(15),C)
weights used for hilbert series: 1,1,1,1,1,1,1,1,1,1,1,1,1,1,1
[65535:4]2(14)s(13)s(12)s(11)s(10)s(9)s(8)s(7)s(8)s(9)s(11)s(15)s(17)s(19)s(22)s3(25)s(30)s(36)s(40)s(43)s(48)s(54)s(61)s(64)s(71)s(77)s(83)s(91)s(99)s(106)-s(113)s(119)s(124)s(132)s(135)s(141)s(149)s(155)s(163)s(170)s4(175)s(183)s(190)--s(195)s(203)s(211)s(216)-s(224)--s(229)-----s(232)s(240)s(248)-s(255)s(263)--s(270)s(279)-s(287)s(296)s(305)s(316)-s(324)s(334)s(343)---s(350)-s(359)-s(370)s(380)s(392)-s(402)s(411)s(419)s(427)s(436)-s(445)s(458)-s(465)--s(474)s(481)s(489)s(497)s(507)s(516)s(525)--------s(527)-----s(530)----s(537)s(550)s(563)-s(574)s(583)-s(591)s(601)-(600)-s(608)----s(613)----------s-------------(600)-----------------------5--s(585)s(596)----s(604)--s(615)---------------(600)----------------s(595)s(607)-------(600)------------------------------------------------------------------s(544)----------------------s(533)s(544)-----s(551)------s(557)s(570)-------------------------------------------------------------s(520)---s(528)------s(534)---------------------------------s(513)-------------(500)----------------------------------------------------------------------------------------------------(400)----------------------------------------------------------------------------------------------------(300)-----------s(298)----s(304)-s(314)-----s(320)------------s(317)-----------------(300)--s(307)-------(300)-------------------------6---s(284)------------------------------------------------------------------------------------(200)----------s(201)-(200)----------------------------------------------------------------------------------------------------(100)--------------------------------------------------------------------------7--------------------------
product criterion:2670 chain criterion:3189
std with hilb in (ZZ/179424673),(x14,x13,x12,x11,x10,x9,x8,x7,x6,x5,x4,x3,x2,x1,@),(lp(14),dp(1),C)
[65535:4]2(117)s(116)s(115)s(114)s(113)s(112)ss(111)ss(113)s(114)s(117)s(119)s(122)s(126)s3(129)s(133)s(137)s(142)s(147)s(152)s(157)s(164)s(167)s(173)s(177)s(182)s(188)s(194)s(201)s(212)s(222)-s(224)s(229)s(234)s(240)s(247)s(252)s(257)s(261)s(270)shhhhhhhhhhhhhhhhhhhhhhhhh4(251)s(257)s(267)s(275)s(283)s(290)s(298)s(306)s(314)s(323)s(331)-s(338)s(347)s(355)s(360)s(368)s(377)s(386)s(394)s(403)s(412)---s(418)-s(427)s(436)s(445)s(455)s(464)s(474)s(482)s(492)s(502)s(513)s(522)-s(530)s(540)s(550)-s(558)---s(566)s(577)--s(585)-----------s(586)-----s(589)--------s(591)s(604)s(615)--s(623)-----s(629)s(635)---s(640)----s(644)--------s(649)s(662)s(673)------s(676)shhhhhhhhhhhhhhhhhhhhhhhhhhhhhhhhhhhhhhhhhhhhhhhhhhhhhhhhhhhhhhhhhhhhhhhhhhhhhhhhhhhhhhhhhhh5(597)s(607)--s(615)s(626)---s(634)----s(642)s(653)s(662)s(671)s(681)--s(691)s(704)s(715)--s(724)--s(734)--s(745)-----------------s(740)-----s(747)-s(757)s(769)-----------------s(761)s(770)------s(773)s(783)-------------------------------s(761)------s(765)--s(773)---s(781)---------------------------------------------------------------------------------(700)----------------------------------------------------------------------------------------shhhhhhhhhhhhhhhhhhhhhhhhhhhhhhhhhhhhhhhhhhhhhhhhhhhhhhhhhhhhhhhhhhhhhhhhhhhhhhhhhhhhhhhhhhhhhhhhhhhhhhhhhhhhhhhhhhhhhhhhhhhhhhhhhhhhhhhhhhhhhhhhhhhhhhhhhhhhhhhhhhhhhhhhhhhhhhhhhhhhhhhhhhhhhhhhhhhhhhhhhhhhhhhhhhhhhhhhhhhhhhhhhhhhhhhhhhhhhhhhhhhhhhhhhhhhhhhhhhhhhhhhhhhhhhhhhhhhhhhhhhhhhhhhh6(332)s(344)-----------------s(338)--------------------------------------(300)-------------------------------------------------------------------------------------s(224)--shhhhhhhhhhhhhhhhhhhhhhhhhhhhhhhhhhhhhhhhhhhhhhhhhhhhhhhhhhhhhhhhhhhhhhhhhhhhhhhhhhhhhhhhhhhhhhhhhhhhhhhhhhhhhhhhhhhhhhhhhhhhhhhhhhhhhhhhhhhhhhhhhhhhhhhhhhhhhhhhhhhhhhhhhhhhhhhhhhhhhhhhhhhhhhhhhhhhhhhhhhhhhhhhhhhhhhhhhhhhhhhhhhhhhhhhh
product criterion:2921 chain criterion:3952
hilbert series criterion:638
dehomogenization
simplification
imap to ring (ZZ/179424673),(x14,x13,x12,x11,x10,x9,x8,x7,x6,x5,x4,x3,x2,x1),(lp(14),C)
Auf Wiedersehen.
                     SINGULAR                                 /  Development
 A Computer Algebra System for Polynomial Computations       /   version 4.3.2
                                                           0<
 by: W. Decker, G.-M. Greuel, G. Pfister, H. Schoenemann     \   Feb 2023
FB Mathematik der Universitaet, D-67653 Kaiserslautern        \  Debian 1:4.3.2-p10+ds-1.1build1
// ** loaded /usr/bin/../share/singular/LIB/primdec.lib (4.3.2.9,Oct_2023)
// ** loaded /usr/bin/../share/singular/LIB/ring.lib (4.3.1.3,Feb_2023)
// ** loaded /usr/bin/../share/singular/LIB/absfact.lib (4.1.2.0,Feb_2019)
// ** loaded /usr/bin/../share/singular/LIB/triang.lib (4.1.2.0,Feb_2019)
// ** loaded /usr/bin/../share/singular/LIB/matrix.lib (4.3.2.3,Aug_2023)
// ** loaded /usr/bin/../share/singular/LIB/nctools.lib (4.1.2.0,Feb_2019)
// ** loaded /usr/bin/../share/singular/LIB/inout.lib (4.1.2.0,Feb_2019)
// ** loaded /usr/bin/../share/singular/LIB/random.lib (4.1.2.0,Feb_2019)
// ** loaded /usr/bin/../share/singular/LIB/polylib.lib (4.2.0.0,Dec_2020)
// ** loaded /usr/bin/../share/singular/LIB/elim.lib (4.3.2.5,Jul_2023)
// ** loaded /usr/bin/../share/singular/LIB/general.lib (4.1.2.0,Feb_2019)
map with cache
map with cache
map with cache
map with cache
map with cache
map with cache
map with cache
map with cache
map with cache
map with cache
map with cache
map with cache
map with cache
std in (ZZ/179424673),(x14,x13,x12,x11,x10,x9,x8,x7,x6,x5,x4,x3,x2,x1),(dp(14),C)
[65535:5]1(13)s(12)s(11)s(10)s(9)s(8)s(7)s(6)s(5)s(4)s(3)s(2)ss2s
(S:13)-------------
product criterion:91 chain criterion:0
[65535:4]1(13)s(12)s(11)s(10)s(9)s(8)s(7)s(6)s(5)s(4)s(3)s(2)ss2s
(S:13)-------------
product criterion:91 chain criterion:0
map is a permutation
[65535:5]1(14)s(13)s(12)s(11)s(10)s(9)s(8)s(7)s(6)s(5)s(4)s(3)s(2)ss2s
(S:14)--------------
product criterion:105 chain criterion:0
[65535:4]1(13)s(12)s(11)s(10)s(9)s(8)s(7)s(6)s(5)s(4)s(3)s(2)ss2s
(S:13)-------------
product criterion:91 chain criterion:0
{1}[65535:6]1(13)s(12)s(11)s(10)s(9)s(8)s(7)s(6)s(5)s(4)s(3)s(2)ss2s3(12)------------
(S:14)---------------
product criterion:0 chain criterion:0
(S:14)rrrrrrrrrrrrrr
[65535:4]1(13)s(12)s(11)s(10)s(9)s(8)s(7)s(6)s(5)s(4)s(3)s(2)ss2s
(S:13)-------------
product criterion:91 chain criterion:0
map is a permutation
intersect by elimination method
[65535:6]1(14)s2(13)s(12)s(11)s(10)s(9)s(8)s(7)s(6)s(5)s(4)s(3)s(2)ss3s
(S:14)--------------
product criterion:105 chain criterion:0
map is a permutation
[65535:5]1(14)s(13)s(12)s(11)s(10)s(9)s(8)s(7)s(6)s(5)s(4)s(3)s(2)s2s.4
(S:0)
product criterion:91 chain criterion:0
map is a permutation
[65535:5]1(14)s(13)s(12)s(11)s(10)s(9)s(8)s(7)s(6)s(5)s(4)s(3)s(2)s2s.4
(S:0)
product criterion:91 chain criterion:0
map is a permutation
[65535:5]1(14)s(13)s(12)s(11)s(10)s(9)s(8)s(7)s(6)s(5)s(4)s(3)s(2)s2s.4
(S:0)
product criterion:91 chain criterion:0
map is a permutation
[65535:5]1(14)s(13)s(12)s(11)s(10)s(9)s(8)s(7)s(6)s(5)s(4)s(3)s(2)s2s.4
(S:0)
product criterion:91 chain criterion:0
map is a permutation
[65535:5]1(14)s(13)s(12)s(11)s(10)s(9)s(8)s(7)s(6)s(5)s(4)s(3)s(2)s2s.4
(S:0)
product criterion:91 chain criterion:0
map is a permutation
[65535:5]1(14)s(13)s(12)s(11)s(10)s(9)s(8)s(7)s(6)s(5)s(4)s(3)s(2)s2s.4
(S:0)
product criterion:91 chain criterion:0
map is a permutation
[65535:5]1(14)s(13)s(12)s(11)s(10)s(9)s(8)s(7)s(6)s(5)s(4)s(3)s(2)s2s.4
(S:0)
product criterion:91 chain criterion:0
map is a permutation
[65535:5]1(14)s(13)s(12)s(11)s(10)s(9)s(8)s(7)s(6)s(5)s(4)s(3)s(2)s2s.4
(S:0)
product criterion:91 chain criterion:0
map is a permutation
[65535:5]1(14)s(13)s(12)s(11)s(10)s(9)s(8)s(7)s(6)s(5)s(4)s(3)s(2)s2s.4
(S:0)
product criterion:91 chain criterion:0
map is a permutation
[65535:5]1(14)s(13)s(12)s(11)s(10)s(9)s(8)s(7)s(6)s(5)s(4)s(3)s(2)s2s.4
(S:0)
product criterion:91 chain criterion:0
map is a permutation
[65535:5]1(14)s(13)s(12)s(11)s(10)s(9)s(8)s(7)s(6)s(5)s(4)s(3)s(2)s2s.4
(S:0)
product criterion:91 chain criterion:0
map is a permutation
[65535:5]1(14)s(13)s(12)s(11)s(10)s(9)s(8)s(7)s(6)s(5)s(4)s(3)s(2)s2s.4
(S:0)
product criterion:91 chain criterion:0
map is a permutation
[65535:5]1(14)s(13)s(12)s(11)s(10)s(9)s(8)s(7)s(6)s(5)s(4)s(3)s(2)s2s.4
(S:0)
product criterion:91 chain criterion:0
map is a permutation
[65535:5]1(14)s(13)s(12)s(11)s(10)s(9)s(8)s(7)s(6)s(5)s(4)s(3)s(2)s2s3s
(S:0)
product criterion:105 chain criterion:0
[65535:4]1(13)s(12)s(11)s(10)s(9)s(8)s(7)s(6)s(5)s(4)s(3)s(2)ss2s
(S:13)-------------
product criterion:91 chain criterion:0
// ** _ is no standard basis
Auf Wiedersehen.
                     SINGULAR                                 /  Development
 A Computer Algebra System for Polynomial Computations       /   version 4.3.2
                                                           0<
 by: W. Decker, G.-M. Greuel, G. Pfister, H. Schoenemann     \   Feb 2023
FB Mathematik der Universitaet, D-67653 Kaiserslautern        \  Debian 1:4.3.2-p10+ds-1.1build1
compute hilbert series with std in ring (ZZ/179424673),(x14,x13,x12,x11,x10,x9,x8,x7,x6,x5,x4,x3,x2,x1,@),(dp(15),C)
weights used for hilbert series: 1,1,1,1,1,1,1,1,1,1,1,1,1,1,1
[65535:4]1(13)s(12)s(11)s(10)s(9)s(8)s2(7)s(6)s3(5)ss(6)ss(7)s4(9)-s(13)s(15)s(19)s(24)s(27)s(31)s(34)s5(39)s(43)s(47)s(51)---------s(46)-s(49)s(53)s(58)s(63)s(68)s(73)s(79)s(83)s(89)s(96)-s(100)---ss(104)s(107)s(111)s(116)s6(119)----s(121)-s(126)-s(130)s(135)s(141)----------s(137)----s(139)--------s(137)-s(141)s(147)s(153)----------------------s(137)-----s(138)---------------------------------s(109)s(113)s(119)s(124)---s(125)---7----------------------(100)---s(103)--s(107)-------(100)----------------------------------------------------------------s(42)-------------------s(28)-8---------------------------s9(5)-----s10-----s11(4)----
product criterion:518 chain criterion:1370
std with hilb in (ZZ/179424673),(x14,x13,x12,x11,x10,x9,x8,x7,x6,x5,x4,x3,x2,x1,@),(lp(14),dp(1),C)
[65535:4]1(66)s(65)s(64)s(63)s(62)s(61)s2(60)s(59)s3(58)ss(59)s(61)s(64)s4(68)-ss(70)s(72)s(75)s(78)s(80)s(83)s(87)s(91)s(94)s(98)s(103)s(108)s(112)shhhhhhh5(110)-s(115)--s(117)-s(120)----s(119)s(121)s(125)-s(130)---s-s(133)s(137)s(143)s(149)--s(153)--s(156)---s(159)--s(160)s(167)s(174)--s(177)--s(181)-s(186)--shhhhhhhhhhhhhhhhhhhhhhh6(164)---------s(162)-------s(161)----s(164)--------------s(157)--s(160)-s(166)------s(164)s(167)---s(171)------ss(178)------s(179)-s(185)--s(189)s(194)----s--s(197)-----s(196)-s(199)s(203)---(200)---s(203)---(200)----s(201)-(200)s(204)--s(209)s(215)----s(216)------s(217)s(222)-s(228)---shhhhhhhhhhhhhhhhhhhhh7(210)----------(200)-----------------------------------s(169)------------------------------s(146)-----s(148)----------------s(139)--------------------------------------s(106)----s(109)---------(100)---s(104)----(100)-s(105)-----(100)------s(101)s(107)s(114)-------s------s(112)--s(116)-s(121)-s(125)-s(130)s(137)s(143)shhhh8(144)--------------------------------------------(100)------------------s(89)-------------s(82)-----------------s(72)-----s(73)------------------s(62)------------s(57)s(64)--s(69)s(75)--sh9(78)-------------------------------------------------s(34)----------s(29)--s(33)-s(38)------s(39)s(46)s(52)sh10(58)------------------------------------------------------s(10)s(16)s(22)sh11(28)----------------------------shhhhhhh
product criterion:1056 chain criterion:5728
hilbert series criterion:65
dehomogenization
simplification
imap to ring (ZZ/179424673),(x14,x13,x12,x11,x10,x9,x8,x7,x6,x5,x4,x3,x2,x1),(lp(14),C)
Auf Wiedersehen.
                     SINGULAR                                 /  Development
 A Computer Algebra System for Polynomial Computations       /   version 4.3.2
                                                           0<
 by: W. Decker, G.-M. Greuel, G. Pfister, H. Schoenemann     \   Feb 2023
FB Mathematik der Universitaet, D-67653 Kaiserslautern        \  Debian 1:4.3.2-p10+ds-1.1build1
// ** loaded /usr/bin/../share/singular/LIB/primdec.lib (4.3.2.9,Oct_2023)
// ** loaded /usr/bin/../share/singular/LIB/ring.lib (4.3.1.3,Feb_2023)
// ** loaded /usr/bin/../share/singular/LIB/absfact.lib (4.1.2.0,Feb_2019)
// ** loaded /usr/bin/../share/singular/LIB/triang.lib (4.1.2.0,Feb_2019)
// ** loaded /usr/bin/../share/singular/LIB/matrix.lib (4.3.2.3,Aug_2023)
// ** loaded /usr/bin/../share/singular/LIB/nctools.lib (4.1.2.0,Feb_2019)
// ** loaded /usr/bin/../share/singular/LIB/inout.lib (4.1.2.0,Feb_2019)
// ** loaded /usr/bin/../share/singular/LIB/random.lib (4.1.2.0,Feb_2019)
// ** loaded /usr/bin/../share/singular/LIB/polylib.lib (4.2.0.0,Dec_2020)
// ** loaded /usr/bin/../share/singular/LIB/elim.lib (4.3.2.5,Jul_2023)
// ** loaded /usr/bin/../share/singular/LIB/general.lib (4.1.2.0,Feb_2019)
[65535:4]1(13)s(12)s(11)s(10)s(9)s(8)s(7)s(6)s2(5)s3(4)s(3)s(2)sss
(S:13)-------------
product criterion:91 chain criterion:0
// ** redefining j (int j = 2;)
rt
// ** redefining p (    poly p = reduce(kb[a]*kb[b], gb);)
rt
// ** redefining b (int b = 1;)
// ** redefining p (    poly p = reduce(kb[a]*kb[b], gb);)
rt
// ** redefining p (    poly p = reduce(kb[a]*kb[b], gb);)
rt
Auf Wiedersehen.

Set::write: Tag String in A[7] is Protected.

Set::setraw: Cannot assign to raw object 1.

Set::write: Tag Plus in -125 + 25 A[7] is Protected.

Set::write: Tag String in A[7] is Protected.

General::stop: Further output of Set::write will be suppressed during this calculation.

Set::setraw: Cannot assign to raw object 1.
  >> 1 region(s): expReg=2.56s  build=0.035s
  [sector total: 2.599s]
#Non-triv Sectors = 1

