
      +++  sector:  {1, 1, 1, 0, 0, 1, 0}  (1/1)  +++ 
                     SINGULAR                                 /  Development
 A Computer Algebra System for Polynomial Computations       /   version 4.3.2
                                                           0<
 by: W. Decker, G.-M. Greuel, G. Pfister, H. Schoenemann     \   Feb 2023
FB Mathematik der Universitaet, D-67653 Kaiserslautern        \  Debian 1:4.3.2-p10+ds-1.1build1
compute hilbert series with std in ring (ZZ/179424673),(x14,x13,x12,x11,x10,x9,x8,x7,x6,x5,x4,x3,x2,x1,@),(dp(15),C)
weights used for hilbert series: 1,1,1,1,1,1,1,1,1,1,1,1,1,1,1
[65535:4]2(14)s(13)s(12)s(11)s(10)s(9)sss(10)s(9)s(11)s(14)s(15)s(17)s(20)s3(24)s(27)s(29)s(33)s(37)s(40)s(44)s(48)s(54)s(61)s(66)s(73)s(80)s(86)s(94)s(101)-(100)s(108)s(117)s(127)s(135)-s(139)s(145)s(149)4---------------------------------s(124)------------------------(100)------------------------------s(76)---------s(75)s(82)s(90)--s(97)------------------s(88)s(96)----------------5----------------------------------------------------------------------s(19)--------6-----------
product criterion:545 chain criterion:226
std with hilb in (ZZ/179424673),(x14,x13,x12,x11,x10,x9,x8,x7,x6,x5,x4,x3,x2,x1,@),(lp(14),dp(1),C)
[65535:4]2(45)s(44)s(43)s(42)s(41)s(40)s(39)s(40)s(41)s(42)s(43)s(45)s(46)s(48)s(52)s3(55)s(58)s(62)s(66)s(69)s(73)s(79)s(86)s(93)s(100)-s(107)s(110)s(115)s(120)s(125)s(129)s(136)s(141)s(149)s(159)s(165)s(176)--shhhhhhhhhhhhhhhhhhhhhh4(157)------------s(153)----------------------------------s(127)s(135)s(144)s(153)----------s(150)-s(156)------shhhhhhhhhhhhhhhhhhhhhhhhhhhhhhhhhhhhhhhhhhhhhhhhhhhhhhhhhhhhhhhhhhhhhhhhhhhhh5(81)--------------------------------------------shhhhhhhhhhhhhhhhhhhhhhhhhhhhhhhhhhhhhhhhhhhhhhh
product criterion:536 chain criterion:237
hilbert series criterion:146
dehomogenization
simplification
imap to ring (ZZ/179424673),(x14,x13,x12,x11,x10,x9,x8,x7,x6,x5,x4,x3,x2,x1),(lp(14),C)
Auf Wiedersehen.
  >> 0 regions (all trivial): expReg=0.41300000000000003s
  [sector total: 0.418s]
#Non-triv Sectors = 0

