
      +++  sector:  {0, 0, 1, 1, 0, 1, 0}  (1/1)  +++ 
                     SINGULAR                                 /  Development
 A Computer Algebra System for Polynomial Computations       /   version 4.3.2
                                                           0<
 by: W. Decker, G.-M. Greuel, G. Pfister, H. Schoenemann     \   Feb 2023
FB Mathematik der Universitaet, D-67653 Kaiserslautern        \  Debian 1:4.3.2-p10+ds-1.1build1
compute hilbert series with std in ring (ZZ/179424673),(x14,x13,x12,x11,x10,x9,x8,x7,x6,x5,x4,x3,x2,x1,@),(dp(15),C)
weights used for hilbert series: 1,1,1,1,1,1,1,1,1,1,1,1,1,1,1
[65535:4]2(14)s(13)s(12)s(11)s(10)s(9)s(8)s(7)s(8)s(10)s(12)s(15)s(16)s(18)s(17)s3(21)s(25)s(29)--s(32)-s(37)s(44)-s(48)s(53)-s(59)s(64)-------4---------------------s(42)---------------s(34)-s(37)-----------s(32)---5--------------s(20)s(25)s(31)-s(38)----------6-------------s(20)----s(21)---------7------------
product criterion:268 chain criterion:123
std with hilb in (ZZ/179424673),(x14,x13,x12,x11,x10,x9,x8,x7,x6,x5,x4,x3,x2,x1,@),(lp(14),dp(1),C)
[65535:4]2(33)s(32)s(31)s(30)sss(29)s(28)s(27)s(26)s(27)s(28)s(30)s(33)s(36)s3(40)s(44)s(49)-s(53)s(59)s(63)--------s(61)s(67)s(72)shhhhhhhhhhhhh4(66)-------------s(60)----------------s(50)-s(56)-s(61)-shhhhhhhhhhhhhhhhhhhhhh5(46)-s(52)-s(60)s(68)-----------------------shhhhhhhhhhhhhhhh6(38)-s(45)shhhhhhhhhhhhhhhhhhhhhhhhhhhhhhhhhhhhhhhhhhhhhhhhhhhhhhh
product criterion:267 chain criterion:154
hilbert series criterion:106
dehomogenization
simplification
imap to ring (ZZ/179424673),(x14,x13,x12,x11,x10,x9,x8,x7,x6,x5,x4,x3,x2,x1),(lp(14),C)
Auf Wiedersehen.
  >> 0 regions (all trivial): expReg=0.465s
  [sector total: 0.46900000000000003s]
#Non-triv Sectors = 0

