
      +++  sector:  {0, 0, 0, 1, 0, 1, 0}  (1/1)  +++ 
                     SINGULAR                                 /  Development
 A Computer Algebra System for Polynomial Computations       /   version 4.3.2
                                                           0<
 by: W. Decker, G.-M. Greuel, G. Pfister, H. Schoenemann     \   Feb 2023
FB Mathematik der Universitaet, D-67653 Kaiserslautern        \  Debian 1:4.3.2-p10+ds-1.1build1
compute hilbert series with std in ring (ZZ/179424673),(x14,x13,x12,x11,x10,x9,x8,x7,x6,x5,x4,x3,x2,x1,@),(dp(15),C)
weights used for hilbert series: 1,1,1,1,1,1,1,1,1,1,1,1,1,1,1
[65535:4]2(14)s(13)s(12)s(11)s(10)s(9)s(8)s(7)s(8)s(9)s(12)s(15)s(14)-s(16)s3(19)--s(20)-s(24)-s(26)------s(24)s(30)----4---------------s(15)-----s(16)---5-------s(13)-----6-s(12)------7------
product criterion:135 chain criterion:34
std with hilb in (ZZ/179424673),(x14,x13,x12,x11,x10,x9,x8,x7,x6,x5,x4,x3,x2,x1,@),(lp(14),dp(1),C)
[65535:4]2(22)s(21)s(20)s(19)ss(18)s(17)s(16)ss(15)s(17)s(18)s(22)s(25)s3(28)--s(30)s(37)s(41)---s(43)-----shhhhhhhhhh4(34)--------------------s(21)shhhhhhhhh5(18)---shhhhhhhhhhhhhh6(8)shhhhhhhhhhhhhhhhh
product criterion:135 chain criterion:35
hilbert series criterion:50
dehomogenization
simplification
imap to ring (ZZ/179424673),(x14,x13,x12,x11,x10,x9,x8,x7,x6,x5,x4,x3,x2,x1),(lp(14),C)
Auf Wiedersehen.
  >> 0 regions (all trivial): expReg=0.444s
  [sector total: 0.448s]
#Non-triv Sectors = 0

