
      +++  sector:  {0, 1, 0, 1, 1, 1, 0}  (1/1)  +++ 
                     SINGULAR                                 /  Development
 A Computer Algebra System for Polynomial Computations       /   version 4.3.2
                                                           0<
 by: W. Decker, G.-M. Greuel, G. Pfister, H. Schoenemann     \   Feb 2023
FB Mathematik der Universitaet, D-67653 Kaiserslautern        \  Debian 1:4.3.2-p10+ds-1.1build1
compute hilbert series with std in ring (ZZ/179424673),(x14,x13,x12,x11,x10,x9,x8,x7,x6,x5,x4,x3,x2,x1,@),(dp(15),C)
weights used for hilbert series: 1,1,1,1,1,1,1,1,1,1,1,1,1,1,1
[65535:4]2(14)s(13)s(12)s(11)sss(10)s(9)s(8)s(10)s(11)s(12)s(15)s(16)s(19)s3(23)s(26)s(30)s(32)s(35)s(39)s(43)s(46)s(52)s(59)-s(65)s(72)s(79)s(88)s(94)s(100)s(107)s(113)s(120)----s4(123)-----------------------(100)------------------------------------------------s(59)s(65)s(71)-s(78)-s(84)---s(89)---s(94)---s(99)s(105)----s(108)--s(112)------------(100)---5------------------------------------------------------s(48)s(53)-----------s(50)-------------s(45)---------6----------------------------------7--
product criterion:624 chain criterion:246
std with hilb in (ZZ/179424673),(x14,x13,x12,x11,x10,x9,x8,x7,x6,x5,x4,x3,x2,x1,@),(lp(14),dp(1),C)
[65535:4]2(48)s(47)s(46)s(45)sss(46)s(45)s(44)s(46)s(47)ss(48)s(50)s(54)s3(57)s(60)s(64)s(67)s(73)s(76)s(82)s(85)s(87)s(93)s(99)s(106)s(113)s(117)s(125)s(131)-s(141)--s(146)--s(150)shhhhhhhhhhhhhhhhhhh4(138)------------------s(127)------s(128)-s(135)---------s(134)s(142)-----------------------s(127)----------s(125)-----s(129)---------s(127)-----s(130)--------shhhhhhhhhhhhhhhhhhhhh5(108)--------(100)--------------------------------s(76)----s(79)---------------s(72)-------shhhhhhhhhhhhhhhhhhhhhhhhhhhhhhhhhhhhhhhhhhhhhhhhhhhhhhhhhhhhhhhhhhhhhhhhh
product criterion:624 chain criterion:264
hilbert series criterion:113
dehomogenization
simplification
imap to ring (ZZ/179424673),(x14,x13,x12,x11,x10,x9,x8,x7,x6,x5,x4,x3,x2,x1),(lp(14),C)
Auf Wiedersehen.
  >> 0 regions (all trivial): expReg=0.434s
  [sector total: 0.438s]
#Non-triv Sectors = 0

