
      +++  sector:  {1, 1, 0, 0, 0, 1, 0}  (1/1)  +++ 
                     SINGULAR                                 /  Development
 A Computer Algebra System for Polynomial Computations       /   version 4.3.2
                                                           0<
 by: W. Decker, G.-M. Greuel, G. Pfister, H. Schoenemann     \   Feb 2023
FB Mathematik der Universitaet, D-67653 Kaiserslautern        \  Debian 1:4.3.2-p10+ds-1.1build1
compute hilbert series with std in ring (ZZ/179424673),(x14,x13,x12,x11,x10,x9,x8,x7,x6,x5,x4,x3,x2,x1,@),(dp(15),C)
weights used for hilbert series: 1,1,1,1,1,1,1,1,1,1,1,1,1,1,1
[65535:4]2(14)s(13)s(12)s(11)s(10)s(9)sss(10)s(12)s(14)ss(13)s(14)s(17)s3(21)----s(19)---s(20)-s(24)s(29)-s(34)----s--4-------------s(23)s(28)-----------s(23)----5-------s(18)-----s(20)-----6-s------s(21)------7---------------
product criterion:194 chain criterion:67
std with hilb in (ZZ/179424673),(x14,x13,x12,x11,x10,x9,x8,x7,x6,x5,x4,x3,x2,x1,@),(lp(14),dp(1),C)
[65535:4]2(27)s(26)s(25)s(24)s(25)s(24)s(23)s(22)s(21)s(23)s(22)s(25)s(26)s(29)s(31)s3(34)--s(36)-s(41)s(48)--s(52)s(58)-----------shhhhhh4(45)----------s(41)s(49)-----------------shhhhhhhhh5(28)-----s(30)------------shhhhhhhh6(16)s(24)------shhhhhhhhhhhhhhhhhhhhhhhhhh
product criterion:194 chain criterion:69
hilbert series criterion:49
dehomogenization
simplification
imap to ring (ZZ/179424673),(x14,x13,x12,x11,x10,x9,x8,x7,x6,x5,x4,x3,x2,x1),(lp(14),C)
Auf Wiedersehen.
  >> 0 regions (all trivial): expReg=0.432s
  [sector total: 0.437s]
#Non-triv Sectors = 0

