
      +++  sector:  {0, 1, 0, 0, 1, 1, 0}  (1/1)  +++ 
                     SINGULAR                                 /  Development
 A Computer Algebra System for Polynomial Computations       /   version 4.3.2
                                                           0<
 by: W. Decker, G.-M. Greuel, G. Pfister, H. Schoenemann     \   Feb 2023
FB Mathematik der Universitaet, D-67653 Kaiserslautern        \  Debian 1:4.3.2-p10+ds-1.1build1
compute hilbert series with std in ring (ZZ/179424673),(x14,x13,x12,x11,x10,x9,x8,x7,x6,x5,x4,x3,x2,x1,@),(dp(15),C)
weights used for hilbert series: 1,1,1,1,1,1,1,1,1,1,1,1,1,1,1
[65535:4]2(14)s(13)s(12)s(11)sss(10)s(9)s(8)s(10)s(9)s(12)s(14)s(15)s(17)s3(21)-----s(20)-s(25)-s(28)-----ss(33)----s4(34)----------------s(24)----s(26)--s(29)---s(32)----5-------s(25)---s(28)-s(34)--------s(33)-----6------s(28)----------s(25)----------7---------------
product criterion:228 chain criterion:99
std with hilb in (ZZ/179424673),(x14,x13,x12,x11,x10,x9,x8,x7,x6,x5,x4,x3,x2,x1,@),(lp(14),dp(1),C)
[65535:4]2(30)s(29)s(28)s(27)ss(26)sss(25)ss(26)s(28)s(29)ss(33)s3(37)---s(39)s(46)-s(49)----s(51)---s(53)-----shhhhhh4(47)------------s(42)s(48)---s(51)------------shhhhhhhhhh5(35)--s(40)------s(41)--s(45)--------shhhhhhhhhhhh6(31)s(39)------shhhhhhhhhhhhhhhhhhhhhhhhhhhhhhhhhhhhhhhhh
product criterion:228 chain criterion:101
hilbert series criterion:69
dehomogenization
simplification
imap to ring (ZZ/179424673),(x14,x13,x12,x11,x10,x9,x8,x7,x6,x5,x4,x3,x2,x1),(lp(14),C)
Auf Wiedersehen.
  >> 0 regions (all trivial): expReg=0.41400000000000003s
  [sector total: 0.418s]
#Non-triv Sectors = 0

