
      +++  sector:  {0, 1, 1, 1, 0, 0, 0}  (1/1)  +++ 
                     SINGULAR                                 /  Development
 A Computer Algebra System for Polynomial Computations       /   version 4.3.2
                                                           0<
 by: W. Decker, G.-M. Greuel, G. Pfister, H. Schoenemann     \   Feb 2023
FB Mathematik der Universitaet, D-67653 Kaiserslautern        \  Debian 1:4.3.2-p10+ds-1.1build1
compute hilbert series with std in ring (ZZ/179424673),(x14,x13,x12,x11,x10,x9,x8,x7,x6,x5,x4,x3,x2,x1,@),(dp(15),C)
weights used for hilbert series: 1,1,1,1,1,1,1,1,1,1,1,1,1,1,1
[65535:4]2(14)s(13)s(12)s(11)s(10)s(9)s(8)s(7)s(8)s(10)s(11)s(12)s(14)s(17)s(21)s3(26)s(30)s(33)s(39)s(44)s(51)s(58)s(63)s(71)s(76)s(78)s(85)s(89)s(97)s(101)-(100)s(105)s(113)-s(119)s(127)-s(133)s(142)-s(149)-4--------------------s(138)--s(145)---------------------------------------------(100)----------------------s(86)s(94)s(105)s(113)s(119)-s(124)---s(129)--s(135)s(144)--------s(145)-----------------------5------------s(122)------------s(119)-------------------(100)------------------------------------------------------------------------6----------------------------
product criterion:604 chain criterion:301
std with hilb in (ZZ/179424673),(x14,x13,x12,x11,x10,x9,x8,x7,x6,x5,x4,x3,x2,x1,@),(lp(14),dp(1),C)
[65535:4]2(49)s(48)s(47)s(46)sss(47)ss(46)s(45)s(46)s(47)s(50)s(52)s(56)s3(61)s(64)s(68)s(74)s(79)s(86)s(93)s(100)s(108)s(113)s(115)s(118)s(123)s(130)s(136)s(142)s(150)-s(155)s(162)s(170)s(179)--shhhhhhhhhhhhhhhhhhhhhhhh4(162)------s(166)s(176)---s(180)s(188)---------s(187)s(195)s(204)----(200)----s(203)s(211)-----------(200)---s(206)--s(215)---------------(200)---------------------------------shhhhhhhhhhhhhhhhhhhhhhhhhhhhhhhhhhhhhhhhhhhhhhhhh5(125)-----s(132)-------shhhhhhhhhhhhhhhhhhhhhhhhhhhhhhhhhhhhhhhhhhhhhhhhhhhhhhhhhhhhhhhhhhhhhhhhhhhhhhhhhhhhhhhhhhhhhhhhhhhhhhhhhhhhhhhhhhhhhhhhhhhhhhhhhhhhhhhhhh
product criterion:596 chain criterion:312
hilbert series criterion:211
dehomogenization
simplification
imap to ring (ZZ/179424673),(x14,x13,x12,x11,x10,x9,x8,x7,x6,x5,x4,x3,x2,x1),(lp(14),C)
Auf Wiedersehen.
  >> 0 regions (all trivial): expReg=0.443s
  [sector total: 0.448s]
#Non-triv Sectors = 0

