
      +++  sector:  {0, 1, 1, 0, 0, 1, 0}  (1/1)  +++ 
                     SINGULAR                                 /  Development
 A Computer Algebra System for Polynomial Computations       /   version 4.3.2
                                                           0<
 by: W. Decker, G.-M. Greuel, G. Pfister, H. Schoenemann     \   Feb 2023
FB Mathematik der Universitaet, D-67653 Kaiserslautern        \  Debian 1:4.3.2-p10+ds-1.1build1
compute hilbert series with std in ring (ZZ/179424673),(x14,x13,x12,x11,x10,x9,x8,x7,x6,x5,x4,x3,x2,x1,@),(dp(15),C)
weights used for hilbert series: 1,1,1,1,1,1,1,1,1,1,1,1,1,1,1
[65535:4]2(14)s(13)s(12)s(11)s(10)ss(9)sssss(8)s(10)s(13)s(15)s3(19)---s(17)----ss(24)----s(25)----s4------s(23)s(26)------------s(20)---5-----------s(9)-----6----
product criterion:167 chain criterion:27
std with hilb in (ZZ/179424673),(x14,x13,x12,x11,x10,x9,x8,x7,x6,x5,x4,x3,x2,x1,@),(lp(14),dp(1),C)
[65535:4]2(23)s(22)s(21)s(20)s(19)s(18)s(17)s(18)ss(17)s(16)s(18)s(19)s(20)s(23)s3(27)--s(26)s(32)s(39)s(44)------------shhhhh4(31)------s(33)s(38)-------shhhhhhhhhhhhh5(24)--------------shhhhhhhhhhhhhhhhhh
product criterion:167 chain criterion:27
hilbert series criterion:36
dehomogenization
simplification
imap to ring (ZZ/179424673),(x14,x13,x12,x11,x10,x9,x8,x7,x6,x5,x4,x3,x2,x1),(lp(14),C)
Auf Wiedersehen.
  >> 0 regions (all trivial): expReg=0.41600000000000004s
  [sector total: 0.421s]
#Non-triv Sectors = 0

