
      +++  sector:  {0, 1, 0, 1, 0, 1, 0}  (1/1)  +++ 
                     SINGULAR                                 /  Development
 A Computer Algebra System for Polynomial Computations       /   version 4.3.2
                                                           0<
 by: W. Decker, G.-M. Greuel, G. Pfister, H. Schoenemann     \   Feb 2023
FB Mathematik der Universitaet, D-67653 Kaiserslautern        \  Debian 1:4.3.2-p10+ds-1.1build1
compute hilbert series with std in ring (ZZ/179424673),(x14,x13,x12,x11,x10,x9,x8,x7,x6,x5,x4,x3,x2,x1,@),(dp(15),C)
weights used for hilbert series: 1,1,1,1,1,1,1,1,1,1,1,1,1,1,1
[65535:4]2(14)s(13)s(12)s(11)sss(10)s(9)s(8)s(10)s(9)s(10)s(13)s(14)s(17)s3(21)-----ss(27)-s(32)------s(30)s(36)----s4(37)----s(39)s(43)s(50)s(55)----s(56)---s(60)------------------5-------------------------s(21)-------s--------6-------------
product criterion:215 chain criterion:69
std with hilb in (ZZ/179424673),(x14,x13,x12,x11,x10,x9,x8,x7,x6,x5,x4,x3,x2,x1,@),(lp(14),dp(1),C)
[65535:4]2(28)s(27)s(26)s(25)ss(24)sss(23)ss(22)s(24)s(25)s(28)s(32)s3(35)----s(36)s(41)----s(43)s(48)---s(51)-----shhhhhh4(45)--s(50)--s(53)s(60)--------s(59)-s(66)----------shhhhhhhhhhhhh5(48)-------------------s(36)---shhhhhhhhhhhhhhhhhhhhhhhhhhhhhhhhhhhhhhhhh
product criterion:215 chain criterion:70
hilbert series criterion:60
dehomogenization
simplification
imap to ring (ZZ/179424673),(x14,x13,x12,x11,x10,x9,x8,x7,x6,x5,x4,x3,x2,x1),(lp(14),C)
Auf Wiedersehen.
  >> 0 regions (all trivial): expReg=0.442s
  [sector total: 0.446s]
#Non-triv Sectors = 0

