
      +++  sector:  {0, 1, 0, 1, 0, 0, 0}  (1/1)  +++ 
                     SINGULAR                                 /  Development
 A Computer Algebra System for Polynomial Computations       /   version 4.3.2
                                                           0<
 by: W. Decker, G.-M. Greuel, G. Pfister, H. Schoenemann     \   Feb 2023
FB Mathematik der Universitaet, D-67653 Kaiserslautern        \  Debian 1:4.3.2-p10+ds-1.1build1
compute hilbert series with std in ring (ZZ/179424673),(x14,x13,x12,x11,x10,x9,x8,x7,x6,x5,x4,x3,x2,x1,@),(dp(15),C)
weights used for hilbert series: 1,1,1,1,1,1,1,1,1,1,1,1,1,1,1
[65535:4]2(14)s(13)s(12)s(11)sss(10)s(9)s(8)s(10)s(9)s(10)s(13)-s(15)s3(19)---s(21)s(27)-s(31)------s(29)s(35)----4---------s(28)-------------------5---------
product criterion:112 chain criterion:19
std with hilb in (ZZ/179424673),(x14,x13,x12,x11,x10,x9,x8,x7,x6,x5,x4,x3,x2,x1,@),(lp(14),dp(1),C)
[65535:4]2(19)s(18)s(17)s(16)s(15)sss(14)s(13)sss(15)s(18)s(22)s3(25)---s(27)s(32)--s(36)s(41)----shhhhhhhhhhh4(31)-shhhhhhhhhhhhhhhhhhhhhhhhhhhhhhhhhhhhhh
product criterion:112 chain criterion:19
hilbert series criterion:49
dehomogenization
simplification
imap to ring (ZZ/179424673),(x14,x13,x12,x11,x10,x9,x8,x7,x6,x5,x4,x3,x2,x1),(lp(14),C)
Auf Wiedersehen.
  >> 0 regions (all trivial): expReg=0.41600000000000004s
  [sector total: 0.42s]
#Non-triv Sectors = 0

