
      +++  sector:  {0, 0, 1, 1, 1, 0, 0}  (1/1)  +++ 
                     SINGULAR                                 /  Development
 A Computer Algebra System for Polynomial Computations       /   version 4.3.2
                                                           0<
 by: W. Decker, G.-M. Greuel, G. Pfister, H. Schoenemann     \   Feb 2023
FB Mathematik der Universitaet, D-67653 Kaiserslautern        \  Debian 1:4.3.2-p10+ds-1.1build1
compute hilbert series with std in ring (ZZ/179424673),(x14,x13,x12,x11,x10,x9,x8,x7,x6,x5,x4,x3,x2,x1,@),(dp(15),C)
weights used for hilbert series: 1,1,1,1,1,1,1,1,1,1,1,1,1,1,1
[65535:4]2(14)s(13)s(12)s(11)sss(10)s(9)s(8)s(10)s(11)s(14)s(15)s(14)s(17)s3(21)----s(20)---s(22)-s(26)-s(32)s(37)----s--4-----------------s(23)--------s(20)---s(23)---5--------s(19)--s(23)--------6-s(20)----s(23)--------7---------------
product criterion:194 chain criterion:67
std with hilb in (ZZ/179424673),(x14,x13,x12,x11,x10,x9,x8,x7,x6,x5,x4,x3,x2,x1,@),(lp(14),dp(1),C)
[65535:4]2(27)s(26)s(25)ss(24)s(23)sss(24)s(26)s(27)s(26)s(28)ss(30)s3(34)--s(36)s(42)s(49)-----------s(45)s(50)---shhhhhh4(45)----------------s(37)s(43)-------shhhhhhhhhhhhh5(28)-------s-----shhhhhhhhhhhhh6(16)s(24)----shhhhhhhhhhhhhhhhhhhhhhhhhhhh
product criterion:194 chain criterion:69
hilbert series criterion:60
dehomogenization
simplification
imap to ring (ZZ/179424673),(x14,x13,x12,x11,x10,x9,x8,x7,x6,x5,x4,x3,x2,x1),(lp(14),C)
Auf Wiedersehen.
  >> 0 regions (all trivial): expReg=0.445s
  [sector total: 0.449s]
#Non-triv Sectors = 0

