
      +++  sector:  {1, 0, 0, 0, 1, 1, 0}  (1/1)  +++ 
                     SINGULAR                                 /  Development
 A Computer Algebra System for Polynomial Computations       /   version 4.3.2
                                                           0<
 by: W. Decker, G.-M. Greuel, G. Pfister, H. Schoenemann     \   Feb 2023
FB Mathematik der Universitaet, D-67653 Kaiserslautern        \  Debian 1:4.3.2-p10+ds-1.1build1
compute hilbert series with std in ring (ZZ/179424673),(x14,x13,x12,x11,x10,x9,x8,x7,x6,x5,x4,x3,x2,x1,@),(dp(15),C)
weights used for hilbert series: 1,1,1,1,1,1,1,1,1,1,1,1,1,1,1
[65535:4]2(14)s(13)s(12)s(11)s(10)s(9)s(8)s(7)s(8)s(9)s(11)s(14)s(15)s(17)s(19)s3(23)ss(25)s(29)s(35)s(42)s(48)s(54)s(58)-s(64)s(69)-s(74)s(82)s(91)-s(98)s(104)s(110)s(120)-s(128)-4------------------------s(112)------------(100)---------------s(97)----------------------------------------s(63)s(71)-s(76)--s(82)----s(86)----------------5---------------------------------------------------------------------6-
product criterion:432 chain criterion:127
std with hilb in (ZZ/179424673),(x14,x13,x12,x11,x10,x9,x8,x7,x6,x5,x4,x3,x2,x1,@),(lp(14),dp(1),C)
[65535:4]2(39)s(38)s(37)s(36)s(35)s(34)sssss(35)s(38)s(41)s(44)s(47)s3(49)s(52)s(58)s(62)s(64)s(67)s(73)s(79)s(83)s(89)s(95)s(103)s(109)s(116)s(123)s(130)s(139)--s(146)s(154)shhhhhhhhhhhhhhhhhhhhhh4(142)-------s(144)--------------s(136)---------------------------------s(111)s(119)-s(130)-s(137)--shhhhhhhhhhhhhhhhhhhhhhhhhhhhhhhhhhhhhhhhhhhhhhhhhhhhhhhhhhhhhhhhhhhhhhhhhhhhhhhhhhhhhhhhhhhhhhhhhhhhhhhhhhhhhhhhhhhhhhhhhhhhhhhhhhhhhhhhhhhhhhh
product criterion:449 chain criterion:142
hilbert series criterion:165
dehomogenization
simplification
imap to ring (ZZ/179424673),(x14,x13,x12,x11,x10,x9,x8,x7,x6,x5,x4,x3,x2,x1),(lp(14),C)
Auf Wiedersehen.
  >> 0 regions (all trivial): expReg=0.443s
  [sector total: 0.447s]
#Non-triv Sectors = 0

