
      +++  sector:  {1, 1, 0, 1, 0, 0, 0}  (1/1)  +++ 
                     SINGULAR                                 /  Development
 A Computer Algebra System for Polynomial Computations       /   version 4.3.2
                                                           0<
 by: W. Decker, G.-M. Greuel, G. Pfister, H. Schoenemann     \   Feb 2023
FB Mathematik der Universitaet, D-67653 Kaiserslautern        \  Debian 1:4.3.2-p10+ds-1.1build1
compute hilbert series with std in ring (ZZ/179424673),(x14,x13,x12,x11,x10,x9,x8,x7,x6,x5,x4,x3,x2,x1,@),(dp(15),C)
weights used for hilbert series: 1,1,1,1,1,1,1,1,1,1,1,1,1,1,1
[65535:4]2(14)s(13)s(12)s(11)s(10)s(9)s(8)s(7)s(8)s(9)s(11)s(15)s(17)s(19)s(21)s3(24)s(26)ss(33)s(41)s(46)s(52)s(55)-s(62)s(71)s(76)s(82)s(90)-s(96)s(100)s(106)s(113)s(121)-s(129)-s(136)-4---------------------------------s(112)-s(120)--------------------(100)--------------------------s(81)s(88)s(94)-s(105)s(113)s(121)s(130)------s(132)s(141)---s(147)s(156)------------------------5-------------s(132)-s(140)-------------s(139)---------------------------------------(100)---------------------------------------------------------6--------s(44)----------------------------------7----------
product criterion:625 chain criterion:308
std with hilb in (ZZ/179424673),(x14,x13,x12,x11,x10,x9,x8,x7,x6,x5,x4,x3,x2,x1,@),(lp(14),dp(1),C)
[65535:4]2(50)s(49)s(48)s(47)sss(48)ss(47)s(49)s(48)s(50)s(51)s(55)s(59)s3(62)s(65)s(69)s(75)s(83)s(88)s(95)s(101)s(102)s(108)s(115)s(122)s(126)s(134)s(144)s(150)-s(153)s(159)s(166)s(173)--s(180)-shhhhhhhhhhhhhhhhhhhhh4(166)-----s(171)--s(176)s(184)------s(186)s(194)s(205)s(214)-s(218)s(227)s(237)--------------------------s(220)--------------------(200)--shhhhhhhhhhhhhhhhhhhhhhhhhhhhhhhhhhhhhhhhhhhhhhhhhhhhhhhhhhhhhhhhhhhhhhhhhhhhh5(130)--s(141)----s(148)shhhhhhhhhhhhhhhhhhhhhhhhhhhhhhhhhhhhhhhhhhhhhhhhhhhhhhhhhhhhhhhhhhhhhhhhhhhhhhhhhhhhhhhhhhhhhhhhhhhhhhhhhhhhhhhhhhhh6(44)-shhhhhhhhhhhhhhhhhhhhhhhhhhhhhhhhhhhhhhhhhhhhhhhhhhhhhh
product criterion:640 chain criterion:339
hilbert series criterion:268
dehomogenization
simplification
imap to ring (ZZ/179424673),(x14,x13,x12,x11,x10,x9,x8,x7,x6,x5,x4,x3,x2,x1),(lp(14),C)
Auf Wiedersehen.
  >> 0 regions (all trivial): expReg=0.403s
  [sector total: 0.40700000000000003s]
#Non-triv Sectors = 0

