
      +++  sector:  {0, 1, 0, 1, 1, 0, 0}  (1/1)  +++ 
                     SINGULAR                                 /  Development
 A Computer Algebra System for Polynomial Computations       /   version 4.3.2
                                                           0<
 by: W. Decker, G.-M. Greuel, G. Pfister, H. Schoenemann     \   Feb 2023
FB Mathematik der Universitaet, D-67653 Kaiserslautern        \  Debian 1:4.3.2-p10+ds-1.1build1
compute hilbert series with std in ring (ZZ/179424673),(x14,x13,x12,x11,x10,x9,x8,x7,x6,x5,x4,x3,x2,x1,@),(dp(15),C)
weights used for hilbert series: 1,1,1,1,1,1,1,1,1,1,1,1,1,1,1
[65535:4]2(14)s(13)s(12)s(11)sss(10)s(9)s(8)s(10)s(11)s(13)s(15)s(18)s(17)s3(21)-----ss(27)-s(31)----s(32)-s(36)s(42)----4----s(40)s(45)-s(51)---s(55)-----s--s(59)---------------5--------------------------s(23)-------s---------6--------------
product criterion:215 chain criterion:69
std with hilb in (ZZ/179424673),(x14,x13,x12,x11,x10,x9,x8,x7,x6,x5,x4,x3,x2,x1,@),(lp(14),dp(1),C)
[65535:4]2(28)s(27)s(26)s(25)s(24)sss(25)s(24)s(23)sss(25)s(28)s(32)s3(35)--s(38)-s(42)--s(46)s(52)--------s(49)---shhhhhh4(45)--s(50)s(55)s(62)-s(69)-----------------s(57)--shhhhhhhhhhhhhh5(48)----------------------------s(27)-----shhhhhhhhhhhhhhhhhhhhhhhhhhhhhh
product criterion:215 chain criterion:70
hilbert series criterion:50
dehomogenization
simplification
imap to ring (ZZ/179424673),(x14,x13,x12,x11,x10,x9,x8,x7,x6,x5,x4,x3,x2,x1),(lp(14),C)
Auf Wiedersehen.
  >> 0 regions (all trivial): expReg=0.48s
  [sector total: 0.486s]
#Non-triv Sectors = 0

