
      +++  sector:  {1, 1, 0, 1, 1, 0, 0}  (1/1)  +++ 
                     SINGULAR                                 /  Development
 A Computer Algebra System for Polynomial Computations       /   version 4.3.2
                                                           0<
 by: W. Decker, G.-M. Greuel, G. Pfister, H. Schoenemann     \   Feb 2023
FB Mathematik der Universitaet, D-67653 Kaiserslautern        \  Debian 1:4.3.2-p10+ds-1.1build1
compute hilbert series with std in ring (ZZ/179424673),(x14,x13,x12,x11,x10,x9,x8,x7,x6,x5,x4,x3,x2,x1,@),(dp(15),C)
weights used for hilbert series: 1,1,1,1,1,1,1,1,1,1,1,1,1,1,1
[65535:4]2(14)s(13)s(12)s(11)s(10)s(9)s(8)s(7)s(8)s(10)s(11)s(15)s(17)s(19)s(21)s3(24)s(26)ss(33)s(41)s(46)s(52)s(55)s(59)s(67)s(76)s(81)s(87)s(95)-s(101)s(105)s(111)s(117)s(122)s(129)s(137)s(146)s(154)-4----------------------------------s(127)---------------------------(100)---------------s(96)s(103)s(110)s(119)---s(124)--s(130)s(136)--s(141)s(150)s(158)------s(159)s(167)-s(174)--------s(175)---s(181)s(190)------------------------5--------s(170)----------------------s(161)-----------------------------------s(135)s(143)---s(146)------------------------------s(122)----------------------(100)--------------------------6-------------------s(64)-----------------------------------------------------s(20)7--------------------
product criterion:930 chain criterion:528
std with hilb in (ZZ/179424673),(x14,x13,x12,x11,x10,x9,x8,x7,x6,x5,x4,x3,x2,x1,@),(lp(14),dp(1),C)
[65535:4]2(61)s(60)s(59)s(58)sss(59)ss(58)s(60)s(59)s(61)s(62)s(66)s(70)s3(73)s(76)s(80)s(86)s(92)s(97)s(98)s(106)s(109)s(115)s(123)s(129)s(133)s(138)s(146)s(150)s(156)s(161)s(167)s(174)-s(181)s(190)s(199)s(206)--shhhhhhhhhhhhhhhhhhhhhh4(188)------s(192)--------s(191)s(199)s(208)---s(212)--s(219)s(227)s(237)---------------------------------s(211)s(220)------s(222)--s(229)-----------------------------(200)------------------------------shhhhhhhhhhhhhhhhhhhhhhhhhhhhhhhhhhhh5(142)---s(151)------s(158)s(169)--s(176)------------------------s(161)--------------------------------s(138)---------------------------------shhhhhhhhhhhhhhhhhhhhhhh6(89)-s(99)------------------------shhhhhhhhhhhhhhhhhhhhhhhhhhhhhhhhhhhhhhhhhhhhhhhhhhhhhhhhhhhhhhhhhhhhhhhhhhhhhhhhhhhhh
product criterion:882 chain criterion:534
hilbert series criterion:166
dehomogenization
simplification
imap to ring (ZZ/179424673),(x14,x13,x12,x11,x10,x9,x8,x7,x6,x5,x4,x3,x2,x1),(lp(14),C)
Auf Wiedersehen.
  >> 0 regions (all trivial): expReg=0.40900000000000003s
  [sector total: 0.41400000000000003s]
#Non-triv Sectors = 0

