
      +++  sector:  {0, 0, 1, 1, 1, 1, 0}  (1/1)  +++ 
                     SINGULAR                                 /  Development
 A Computer Algebra System for Polynomial Computations       /   version 4.3.2
                                                           0<
 by: W. Decker, G.-M. Greuel, G. Pfister, H. Schoenemann     \   Feb 2023
FB Mathematik der Universitaet, D-67653 Kaiserslautern        \  Debian 1:4.3.2-p10+ds-1.1build1
compute hilbert series with std in ring (ZZ/179424673),(x14,x13,x12,x11,x10,x9,x8,x7,x6,x5,x4,x3,x2,x1,@),(dp(15),C)
weights used for hilbert series: 1,1,1,1,1,1,1,1,1,1,1,1,1,1,1
[65535:4]2(14)s(13)s(12)s(11)s(10)s(9)s(8)s(7)s(8)s(10)s(11)s(14)s(15)s(17)s(20)s3(24)s(28)s(33)s(36)s(40)s(45)s(47)s(50)s(57)s(64)s(71)s(76)s(82)s(88)s(95)-s(102)s(108)s(114)s(121)s(129)s(136)s(142)--s4(149)----------s--------------s(143)-------------------------------------------(100)---------------------------s(80)--------s-s(86)-----------s(83)--------s(82)---s(86)---5---------------------------------------------------------s(35)s(42)s(50)--s(57)-------s--------6---------------------------s(29)----s(32)--------------7------------------
product criterion:670 chain criterion:331
std with hilb in (ZZ/179424673),(x14,x13,x12,x11,x10,x9,x8,x7,x6,x5,x4,x3,x2,x1,@),(lp(14),dp(1),C)
[65535:4]2(51)s(50)s(49)s(48)s(47)s(46)s(45)s(44)s(45)s(46)s(48)s(49)s(52)s(55)s(57)s3(61)s(65)s(70)s(75)s(77)s(83)s(88)s(93)s(99)s(102)s(106)-s(112)s(117)s(123)s(130)--s(133)s(141)s(149)s(155)s(163)s(173)s(181)shhhhhhhhhhhhhhhhhhhhhh4(165)----s(171)-------s(173)---------------------------s(154)--------------------------------------------s(117)s(124)s(132)-s(138)--s(145)--------------------shhhhhhhhhhhhhhhhhhhhhhhhhhhhhhhhh5(99)-----------s(96)-------s(101)s(110)----------(100)---------------------s(86)----------shhhhhhhhhhhhhhhhhhhhhhhhhhhhh6(56)---------s(55)shhhhhhhhhhhhhhhhhhhhhhhhhhhhhhhhhhhhhhhhhhhhhhhhhhhhhhhhhhhhhhhhh
product criterion:678 chain criterion:371
hilbert series criterion:149
dehomogenization
simplification
imap to ring (ZZ/179424673),(x14,x13,x12,x11,x10,x9,x8,x7,x6,x5,x4,x3,x2,x1),(lp(14),C)
Auf Wiedersehen.
  >> 0 regions (all trivial): expReg=0.421s
  [sector total: 0.425s]
#Non-triv Sectors = 0

