
      +++  sector:  {0, 1, 1, 1, 0, 1, 0}  (1/1)  +++ 
                     SINGULAR                                 /  Development
 A Computer Algebra System for Polynomial Computations       /   version 4.3.2
                                                           0<
 by: W. Decker, G.-M. Greuel, G. Pfister, H. Schoenemann     \   Feb 2023
FB Mathematik der Universitaet, D-67653 Kaiserslautern        \  Debian 1:4.3.2-p10+ds-1.1build1
compute hilbert series with std in ring (ZZ/179424673),(x14,x13,x12,x11,x10,x9,x8,x7,x6,x5,x4,x3,x2,x1,@),(dp(15),C)
weights used for hilbert series: 1,1,1,1,1,1,1,1,1,1,1,1,1,1,1
[65535:4]2(14)s(13)s(12)s(11)s(10)s(9)s(8)s(7)s(8)s(10)s(11)s(12)s(14)s(18)s(21)s3(26)s(30)s(33)s(39)s(44)s(51)s(58)s(63)s(71)s(76)s(78)s(85)s(89)s(97)s(101)s(105)s(110)s(118)-s(122)s(129)s(137)s(144)s(153)-s(160)-s4(165)-------------------s(156)--s(163)-----------------------------------------------------------s(111)s(119)-s(125)---s(130)s(136)s(144)-----------s(141)--s(145)s(154)-s(162)------s(165)-s(173)s(182)--------s(183)-----------------------5-------s(164)-----------------------------s(147)------------------------------s(126)--s(132)--s(137)---s(142)--------------------s(127)---------------------------(100)--s(106)s(115)---------------(100)-6-------------------------------------------------------------------------s(35)-----------------------7------------
product criterion:991 chain criterion:636
std with hilb in (ZZ/179424673),(x14,x13,x12,x11,x10,x9,x8,x7,x6,x5,x4,x3,x2,x1,@),(lp(14),dp(1),C)
[65535:4]2(64)s(63)s(62)s(61)sss(62)ss(61)s(60)s(61)s(62)s(65)s(67)s(71)s3(76)s(79)s(83)s(89)s(94)s(100)s(102)s(105)s(113)s(121)s(128)s(133)s(138)s(143)s(150)s(157)-s(160)s(166)s(171)s(179)s(185)s(192)-s(199)s(209)-shhhhhhhhhhhhhhhhhhhhhhhh4(190)------s(194)s(204)----(200)--------s(199)s(207)-------(200)-s(208)--------(200)-----s(203)-s(209)s(218)------------------(200)--------------s(194)-------s-s(202)--(200)-s(207)---shhhhhhhhhhhhhhhhhhhhhhhhhhhhhhhhhhhhhhhhhhhhhhhhhhhhhhhhhhhhhhhhhhhh5(145)-----s(151)-------s(156)s(164)s(176)--------s(177)--------------------------------s(154)-------------s(148)--------------------------shhhhhhhhhhhhhhhhhhhhhhhhhhhhhhhhhhhh6(95)-----------------------shhhhhhhhhhhhhhhhhhhhhhhhhhhhhhhhhhhhhhhhhhhhhhhhhhhhhhhhhhhhhhhhhhhhhhhhhhhhhhhhhh
product criterion:867 chain criterion:553
hilbert series criterion:210
dehomogenization
simplification
imap to ring (ZZ/179424673),(x14,x13,x12,x11,x10,x9,x8,x7,x6,x5,x4,x3,x2,x1),(lp(14),C)
Auf Wiedersehen.
  >> 0 regions (all trivial): expReg=0.41000000000000003s
  [sector total: 0.41500000000000004s]
#Non-triv Sectors = 0

