
      +++  sector:  {0, 0, 1, 0, 1, 1, 0}  (1/1)  +++ 
                     SINGULAR                                 /  Development
 A Computer Algebra System for Polynomial Computations       /   version 4.3.2
                                                           0<
 by: W. Decker, G.-M. Greuel, G. Pfister, H. Schoenemann     \   Feb 2023
FB Mathematik der Universitaet, D-67653 Kaiserslautern        \  Debian 1:4.3.2-p10+ds-1.1build1
compute hilbert series with std in ring (ZZ/179424673),(x14,x13,x12,x11,x10,x9,x8,x7,x6,x5,x4,x3,x2,x1,@),(dp(15),C)
weights used for hilbert series: 1,1,1,1,1,1,1,1,1,1,1,1,1,1,1
[65535:4]2(14)s(13)s(12)s(11)s(10)s(9)s(8)s(7)s(8)s(9)s(11)s(14)s(15)s(17)s(20)s3(24)s(27)s(33)s(38)s(40)s(45)s(51)s(54)s(58)-s(62)s(68)s(76)s(84)-s(91)s(97)s(105)-s(113)s(123)s(132)s(138)--4-----------------------s(122)----------------------(100)-------------------------------------------------s(58)s(65)s(77)-s(83)s(90)-----------s(87)----------------5----------------------------------------------------------------------6-
product criterion:449 chain criterion:140
std with hilb in (ZZ/179424673),(x14,x13,x12,x11,x10,x9,x8,x7,x6,x5,x4,x3,x2,x1,@),(lp(14),dp(1),C)
[65535:4]2(40)s(39)s(38)s(37)s(36)s(35)s(34)s(33)s(34)s(35)s(36)s(38)s(41)s(43)s(46)s3(50)s(53)s(59)s(64)s(66)s(71)s(77)s(80)s(84)s(89)s(96)--s(101)-(100)--s(105)s(112)s(118)s(127)s(135)s(143)s(153)shhhhhhhhhhhhhhhhhhhh4(142)-------s(144)-------s(143)-------------------------------------------(100)-------------------s(89)-s(95)s(103)-s(114)----------shhhhhhhhhhhhhhhhhhhhhhhhhhhhhhhhhhhhhhhhhhhhhhhhhhhhhhhhhhhhhhhhhhhhhhhhhhhhhhhhhhhhhhhhhhhhhhhhhhhhhhhhhhhhhhhhh
product criterion:449 chain criterion:142
hilbert series criterion:133
dehomogenization
simplification
imap to ring (ZZ/179424673),(x14,x13,x12,x11,x10,x9,x8,x7,x6,x5,x4,x3,x2,x1),(lp(14),C)
Auf Wiedersehen.
  >> 0 regions (all trivial): expReg=0.429s
  [sector total: 0.433s]
#Non-triv Sectors = 0

