
      +++  sector:  {1, 1, 1, 0, 0}  (1/1)  +++ 
                     SINGULAR                                 /  Development
 A Computer Algebra System for Polynomial Computations       /   version 4.3.2
                                                           0<
 by: W. Decker, G.-M. Greuel, G. Pfister, H. Schoenemann     \   Feb 2023
FB Mathematik der Universitaet, D-67653 Kaiserslautern        \  Debian 1:4.3.2-p10+ds-1.1build1
compute hilbert series with std in ring (ZZ/179424673),(x10,x9,x8,x7,x6,x5,x4,x3,x2,x1,@),(dp(11),C)
weights used for hilbert series: 1,1,1,1,1,1,1,1,1,1,1
[65535:3]2(9)s(8)s(7)s(6)s(5)s(4)s(5)s(7)s(10)s(14)s3(15)s(19)s(24)s(30)s(37)s(39)s(47)s(50)s(53)s(57)s(60)s(65)s(67)s(70)s(74)s(80)4-s(84)s(90)s(95)--s(100)s(109)---------(100)----s(104)-s(109)s(115)s(122)s(128)-----s(129)s(136)s(143)s(150)s(157)-----s(159)-s(166)s(175)-----------------s(167)----------------5-s(158)s(165)s(173)s(181)s(189)---s(194)---------------s(187)s(194)s(203)-s(211)-----------(200)----------------------------------------------------------------------------------------------------(100)----------6-s(97)---s(102)--(100)----------------------------------------------------------------------------------7------------------
product criterion:366 chain criterion:819
std with hilb in (ZZ/179424673),(x10,x9,x8,x7,x6,x5,x4,x3,x2,x1,@),(lp(10),dp(1),C)
[65535:3]2(55)s(54)s(53)s(52)s(53)s(52)s(54)ss(56)s(57)s3(61)s(65)s(70)s(73)s(79)s(83)s(85)s(92)s(94)s(97)s(101)s(109)s(113)s(117)s(123)shhhhhhhhhhhhhhhh4(110)s(115)s(121)s(126)s(133)s(139)s(145)s(154)s(161)s(169)s(176)s(183)s(192)s(200)-s(205)s(212)s(220)s(227)------------------------s(211)-----------(200)-----------------------shhhhhhhhhhhhhhhhhhhhh5(165)s(173)s(179)s(186)s(193)s(201)s(209)s(217)s(224)-s(231)s(239)s(248)s(255)-shhhhhhhhhhhhhhhhhhhhhhhhhhhhhhhhhhhhhhhhhhhhhhhhhhhhhhhhhhhhhhhhhhhhhhhhhhhhhhhhhhhhhhhhhhhhhhhhhhhhhhhhhhhhhhhhhhhhhhhhhhhhhhhhhhhhhhhhhhhhhhhhhhhhh6(114)s(122)shhhhhhhhhhhhhhhhhhhhhhhhhhhhhhhhhhhhhhhhhhhhhhhhhhhhhhhhhhhhhhhhhhhhhhhhhhhhhhhhhhhhhhhhhhhhhhhhhhhhhhhhhhhhhhhhh7(18)shhhhhhhhhhhhhhhhhhhhhhhhhhh
product criterion:399 chain criterion:980
hilbert series criterion:326
dehomogenization
simplification
imap to ring (ZZ/179424673),(x10,x9,x8,x7,x6,x5,x4,x3,x2,x1),(lp(10),C)
Auf Wiedersehen.
                     SINGULAR                                 /  Development
 A Computer Algebra System for Polynomial Computations       /   version 4.3.2
                                                           0<
 by: W. Decker, G.-M. Greuel, G. Pfister, H. Schoenemann     \   Feb 2023
FB Mathematik der Universitaet, D-67653 Kaiserslautern        \  Debian 1:4.3.2-p10+ds-1.1build1
// ** loaded /usr/bin/../share/singular/LIB/primdec.lib (4.3.2.9,Oct_2023)
// ** loaded /usr/bin/../share/singular/LIB/ring.lib (4.3.1.3,Feb_2023)
// ** loaded /usr/bin/../share/singular/LIB/absfact.lib (4.1.2.0,Feb_2019)
// ** loaded /usr/bin/../share/singular/LIB/triang.lib (4.1.2.0,Feb_2019)
// ** loaded /usr/bin/../share/singular/LIB/matrix.lib (4.3.2.3,Aug_2023)
// ** loaded /usr/bin/../share/singular/LIB/nctools.lib (4.1.2.0,Feb_2019)
// ** loaded /usr/bin/../share/singular/LIB/inout.lib (4.1.2.0,Feb_2019)
// ** loaded /usr/bin/../share/singular/LIB/random.lib (4.1.2.0,Feb_2019)
// ** loaded /usr/bin/../share/singular/LIB/polylib.lib (4.2.0.0,Dec_2020)
// ** loaded /usr/bin/../share/singular/LIB/elim.lib (4.3.2.5,Jul_2023)
// ** loaded /usr/bin/../share/singular/LIB/general.lib (4.1.2.0,Feb_2019)
map with cache
map with cache
map with cache
map with cache
map with cache
map with cache
map with cache
map with cache
map with cache
std in (ZZ/179424673),(x10,x9,x8,x7,x6,x5,x4,x3,x2,x1),(dp(10),C)
[65535:4]1(9)s(8)s(7)s(6)s(5)s(4)s(3)s(2)ss3s
(S:9)---------
product criterion:45 chain criterion:0
[65535:3]1(9)s(8)s(7)s(6)s(5)s(4)s(3)s(2)ss3s
(S:9)---------
product criterion:45 chain criterion:0
map is a permutation
[65535:4]1(10)s(9)s(8)s(7)s(6)s(5)s(4)s(3)s(2)sss
(S:10)----------
product criterion:55 chain criterion:0
[65535:3]1(9)s(8)s(7)s(6)s(5)s(4)s(3)s(2)sss
(S:9)---------
product criterion:45 chain criterion:0
{1}[65535:5]1(9)s(8)s(7)s(6)s(5)s(4)s(3)s(2)sss2(8)--------
(S:10)-----------
product criterion:0 chain criterion:0
(S:10)rrrrrrrrrr
[65535:3]1(9)s(8)s(7)s(6)s(5)s(4)s(3)s(2)sss
(S:9)---------
product criterion:45 chain criterion:0
intersect by elimination method
[65535:5]1(10)s2(9)s(8)s(7)s(6)s(5)s(4)s(3)s(2)sss
(S:10)----------
product criterion:55 chain criterion:0
map is a permutation
[65535:4]1(10)s(9)s(8)s(7)s(6)s(5)s(4)s(3)s(2)ss2s
(S:0)
product criterion:55 chain criterion:0
map is a permutation
[65535:4]1(10)s(9)s(8)s(7)s(6)s(5)s(4)s(3)s(2)ss2s
(S:0)
product criterion:55 chain criterion:0
map is a permutation
[65535:4]1(10)s(9)s(8)s(7)s(6)s(5)s(4)s(3)s(2)ss2s
(S:0)
product criterion:55 chain criterion:0
map is a permutation
[65535:4]1(10)s(9)s(8)s(7)s(6)s(5)s(4)s(3)s(2)ss2s
(S:0)
product criterion:55 chain criterion:0
map is a permutation
[65535:4]1(10)s(9)s(8)s(7)s(6)s(5)s(4)s(3)s(2)ss2s
(S:0)
product criterion:55 chain criterion:0
map is a permutation
[65535:4]1(10)s(9)s(8)s(7)s(6)s(5)s(4)s(3)s(2)ss2s
(S:0)
product criterion:55 chain criterion:0
map is a permutation
[65535:4]1(10)s(9)s(8)s(7)s(6)s(5)s(4)s(3)s(2)ss2s
(S:0)
product criterion:55 chain criterion:0
map is a permutation
[65535:4]1(10)s(9)s(8)s(7)s(6)s(5)s(4)s(3)s(2)ss2s
(S:0)
product criterion:55 chain criterion:0
map is a permutation
[65535:4]1(10)s(9)s(8)s(7)s(6)s(5)s(4)s(3)s(2)ss2s
(S:0)
product criterion:55 chain criterion:0
map is a permutation
[65535:4]1(10)s(9)s(8)s(7)s(6)s(5)s(4)s(3)s(2)ss2s
(S:0)
product criterion:55 chain criterion:0
[65535:3]1(9)s(8)s(7)s(6)s(5)s(4)s(3)s(2)sss
(S:9)---------
product criterion:45 chain criterion:0
map is a permutation
[65535:4]1(10)s(9)s(8)s(7)s(6)s(5)s(4)s(3)s(2)ss2s
(S:10)----------
product criterion:55 chain criterion:0
[65535:3]1(9)s(8)s(7)s(6)s(5)s(4)s(3)s(2)ss2s
(S:9)---------
product criterion:45 chain criterion:0
{1}[65535:5]1(9)s(8)s(7)s(6)s(5)s(4)s(3)s(2)ss2s3(8)--------
(S:10)-----------
product criterion:0 chain criterion:0
(S:10)rrrrrrrrrr
[65535:3]1(9)s(8)s(7)s(6)s(5)s(4)s(3)s(2)ss2s
(S:9)---------
product criterion:45 chain criterion:0
map is a permutation
intersect by elimination method
[65535:5]1(10)s2(9)s(8)s(7)s(6)s(5)s(4)s(3)s(2)ss3s
(S:10)----------
product criterion:55 chain criterion:0
map is a permutation
[65535:4]1(10)s(9)s(8)s(7)s(6)s(5)s(4)s(3)s(2)s2s.4
(S:0)
product criterion:45 chain criterion:0
map is a permutation
[65535:4]1(10)s(9)s(8)s(7)s(6)s(5)s(4)s(3)s(2)s2s.4
(S:0)
product criterion:45 chain criterion:0
map is a permutation
[65535:4]1(10)s(9)s(8)s(7)s(6)s(5)s(4)s(3)s(2)s2s.4
(S:0)
product criterion:45 chain criterion:0
map is a permutation
[65535:4]1(10)s(9)s(8)s(7)s(6)s(5)s(4)s(3)s(2)s2s.4
(S:0)
product criterion:45 chain criterion:0
map is a permutation
[65535:4]1(10)s(9)s(8)s(7)s(6)s(5)s(4)s(3)s(2)s2s.4
(S:0)
product criterion:45 chain criterion:0
map is a permutation
[65535:4]1(10)s(9)s(8)s(7)s(6)s(5)s(4)s(3)s(2)s2s.4
(S:0)
product criterion:45 chain criterion:0
map is a permutation
[65535:4]1(10)s(9)s(8)s(7)s(6)s(5)s(4)s(3)s(2)s2s.4
(S:0)
product criterion:45 chain criterion:0
map is a permutation
[65535:4]1(10)s(9)s(8)s(7)s(6)s(5)s(4)s(3)s(2)s2s.4
(S:0)
product criterion:45 chain criterion:0
map is a permutation
[65535:4]1(10)s(9)s(8)s(7)s(6)s(5)s(4)s(3)s(2)s2s.4
(S:0)
product criterion:45 chain criterion:0
map is a permutation
[65535:4]1(10)s(9)s(8)s(7)s(6)s(5)s(4)s(3)s(2)s2s3s
(S:0)
product criterion:55 chain criterion:0
[65535:3]1(9)s(8)s(7)s(6)s(5)s(4)s(3)s(2)ss2s
(S:9)---------
product criterion:45 chain criterion:0
// ** _ is no standard basis
// ** _ is no standard basis
Auf Wiedersehen.
                     SINGULAR                                 /  Development
 A Computer Algebra System for Polynomial Computations       /   version 4.3.2
                                                           0<
 by: W. Decker, G.-M. Greuel, G. Pfister, H. Schoenemann     \   Feb 2023
FB Mathematik der Universitaet, D-67653 Kaiserslautern        \  Debian 1:4.3.2-p10+ds-1.1build1
compute hilbert series with std in ring (ZZ/179424673),(x10,x9,x8,x7,x6,x5,x4,x3,x2,x1,@),(dp(11),C)
weights used for hilbert series: 1,1,1,1,1,1,1,1,1,1,1
[65535:3]1(9)s2(8)s(7)ss3(6)-sss(7)s(12)s4(16)------s(13)s(17)s(21)s(26)s(29)s(34)s(35)s(37)s5(46)--s(49)----------s(45)---s(49)s(54)s(60)s(68)s(74)s(81)s(89)-----------6----s(80)s(87)s(93)s(101)-(100)-----s(102)s(109)---------(100)s(106)------(100)---------------------s(86)s(93)s(100)-s(106)s(114)-----s(115)---------s(113)7-------------(100)------s(102)--(100)--------------------------------------------------s(57)--------s------------------------------8---------------------------
product criterion:136 chain criterion:545
std with hilb in (ZZ/179424673),(x10,x9,x8,x7,x6,x5,x4,x3,x2,x1,@),(lp(10),dp(1),C)
[65535:3]1(43)s2(42)s(41)ss3(42)-s(41)s(42)s(44)s(47)s(51)s(56)s4(62)-----s(60)s(61)s(63)s(67)s(71)s(73)s(76)s(81)s(86)s(88)--s(92)s(98)s(101)s(104)--s(109)s(116)s(120)s(124)s(129)shhhhhhhh5(128)--s(134)---s(139)s(146)---s(144)s(146)s(154)s(157)-----s(155)------s(156)s(158)s(161)s(164)s(168)-----s(167)-s(171)s(175)----s(176)------s(175)-s(181)s(184)----s--s(187)---s(190)------s(191)-s(198)s(202)--(200)-----ss(205)shhhhhhhhhhhhhhhhhhh6(192)---s(197)---------s(196)-----s(198)-----------s(195)s(198)-----s(201)-(200)----s(203)-s(209)---------(200)-----s(199)-----s(201)-(200)---------s(195)-s(201)-(200)-------------------s(189)------s-s(193)------s--------------------------------------------shhhhhhhhhhhhhhhhhhhhhhhh7(132)--------------------------------(100)---------------------------------------s(69)------s(71)----------s(69)s(77)---------------s(70)shhhhhhhhhhhhhhhhhhhhhhh8(54)---------------------------------------s(23)s(31)s(39)s(46)-----shhhhhh9(42)------------------------------s(20)s(27)s(35)----shhhhh10(32)------------------s(21)shhhhhhhhhhhhhhhhhhhhhhhhhhhhh
product criterion:794 chain criterion:3000
hilbert series criterion:114
dehomogenization
simplification
imap to ring (ZZ/179424673),(x10,x9,x8,x7,x6,x5,x4,x3,x2,x1),(lp(10),C)
Auf Wiedersehen.
                     SINGULAR                                 /  Development
 A Computer Algebra System for Polynomial Computations       /   version 4.3.2
                                                           0<
 by: W. Decker, G.-M. Greuel, G. Pfister, H. Schoenemann     \   Feb 2023
FB Mathematik der Universitaet, D-67653 Kaiserslautern        \  Debian 1:4.3.2-p10+ds-1.1build1
compute hilbert series with std in ring (ZZ/179424673),(x10,x9,x8,x7,x6,x5,x4,x3,x2,x1,@),(dp(11),C)
weights used for hilbert series: 1,1,1,1,1,1,1,1,1,1,1
[65535:3]2(9)s(8)s(7)s(8)s3(7)ss(9)s(11)ss(12)s(17)s4(21)------s(18)s(22)s(27)s(30)s(33)s(37)s(41)s(45)s(50)s(52)s5(61)s(67)s(75)------s(73)--s(78)s(82)-s(85)s(91)--s(95)--s(99)s(106)s(113)------ss(120)-s(124)s(129)s(136)s(151)--------6-----s(145)--s(150)s(157)s(164)---------s(162)s(167)-s(174)----s(178)--------------------s(166)s(174)s(182)s(191)-s(198)--s(205)s(210)----s(215)-s(222)--s(228)--s(235)--------s(236)-----------s(232)----s(236)-s(243)s(250)-------------------s(237)s7(244)-------s(245)-s(253)s(260)------s-------s(261)--s(268)s(275)s(283)s(291)s(299)s(307)s(314)s(321)---------------------(300)------s(302)--(300)----------------------------s(280)--s(286)s(294)-------------------------------------s(266)--s(272)---s(276)-s(284)-s(292)---------s------s(295)------s(297)--s(304)----(300)---------------------------------------------s(264)------------8----------------------------------------------------(200)--------------------------------------------------------------------------------s(129)----s(134)----------------------------------(100)-----------------------------------s(74)------------------s(64)-------------s(59)----------s(57)9---------------------------------------------------------
product criterion:377 chain criterion:3644
std with hilb in (ZZ/179424673),(x10,x9,x8,x7,x6,x5,x4,x3,x2,x1,@),(lp(10),dp(1),C)
[65535:3]2(97)s(96)s(95)ss3(96)s(97)s(98)s(101)-(100)-s(101)s(104)s(108)s(113)s4(119)--s(121)s(123)--s(124)-s(126)s(128)s(131)s(135)s(139)s(142)s(146)s(151)s(156)s(159)-s(163)s(169)s(175)s(179)s(183)-s(187)s(194)s(201)s(206)s(211)s(216)shhhhhhhhhh5(213)-s(218)------s----s-s(225)s(230)--s(234)s(239)---s(238)---s(243)s(251)-----s(250)--s(251)--s(254)s(260)s(264)-----s(267)s(270)s(277)s(285)------s(284)s(289)----s(293)s(298)------s(299)s(301)-(300)---s(301)s(305)-----(300)s(309)s(318)------s(320)s(323)-------s(320)s(325)s(330)shhhhhhhhhhhhhhhhhhhhhhhhhh6(310)---s(316)---s(322)s(332)------------s(329)----s(333)--------------s(327)--s(332)----------s(326)----------------s(316)---------------s(307)----s(311)----s(312)--s(313)s(317)---s(321)s(329)------s(328)------s(329)s(336)-----s(338)------s------s(340)s(348)---------s(347)------s(349)s(357)--s(360)-s(363)----s(368)------s(370)------s(373)s(382)-----s(383)-----------s(378)---shhhhhhhhhhhhhhhhhhhhhhhhhhhhhhhhhhh7(345)-----s(349)-----------------------s(334)-----s(339)--------s(340)------------s(332)s(337)s(342)s(350)---s(356)--s(363)---------------------s(351)--s(357)---------------------s(343)s(349)-s(356)-s(363)----------------s(356)s(365)---s(371)-------s(372)-s(378)---s(383)s(389)s(398)-----s(402)s(410)-------s--s(415)--s(422)--s(428)-----------s(427)------------------s(418)s(425)--s(431)---------s(429)--------s--s(433)s(440)s(447)-----------------------------s(426)-s(433)-----s(437)---s(443)------------------shhhhhhhhhhhhhhhhhhhhhhhhhhhhhh8(402)--(400)----------------------------------------------------------------------------------------------------(300)--------------------------------------------------------------------------s(234)----------------------------------(200)-------------------------------s(177)-s(185)--s(192)--------------s(187)-s(195)-s(203)s(212)s(221)s(229)s(237)s(245)s(253)-----------------------------------s(227)--s(233)s(242)---------------s(236)--------------------------s(217)-----------------(200)-----------------shhhhhhhhh9(181)---------------------------------------------------------------------------------(100)------------------------------------------s(67)s(76)s(85)-----s(88)--s(95)s(104)s(112)s(121)s(129)-----------s(126)s(134)----s(139)------------------------s10(121)---------------------(100)--------------------------------------------------------s(53)s(62)s(71)-----s(73)--s(79)s(87)s(95)-------s(97)s(105)--shhhhhhhhhhhhhhhhhhh11(91)--------------------------------------------------------s(44)s(52)s(61)s(69)---------------------shhhhhhhhhh12(45)----------------------------s(25)shhhhhhhhhhhhhhhhhhhhhhhhhhhhhhhhhh
product criterion:2841 chain criterion:15532
hilbert series criterion:173
dehomogenization
simplification
imap to ring (ZZ/179424673),(x10,x9,x8,x7,x6,x5,x4,x3,x2,x1),(lp(10),C)
Auf Wiedersehen.
                     SINGULAR                                 /  Development
 A Computer Algebra System for Polynomial Computations       /   version 4.3.2
                                                           0<
 by: W. Decker, G.-M. Greuel, G. Pfister, H. Schoenemann     \   Feb 2023
FB Mathematik der Universitaet, D-67653 Kaiserslautern        \  Debian 1:4.3.2-p10+ds-1.1build1
// ** loaded /usr/bin/../share/singular/LIB/primdec.lib (4.3.2.9,Oct_2023)
// ** loaded /usr/bin/../share/singular/LIB/ring.lib (4.3.1.3,Feb_2023)
// ** loaded /usr/bin/../share/singular/LIB/absfact.lib (4.1.2.0,Feb_2019)
// ** loaded /usr/bin/../share/singular/LIB/triang.lib (4.1.2.0,Feb_2019)
// ** loaded /usr/bin/../share/singular/LIB/matrix.lib (4.3.2.3,Aug_2023)
// ** loaded /usr/bin/../share/singular/LIB/nctools.lib (4.1.2.0,Feb_2019)
// ** loaded /usr/bin/../share/singular/LIB/inout.lib (4.1.2.0,Feb_2019)
// ** loaded /usr/bin/../share/singular/LIB/random.lib (4.1.2.0,Feb_2019)
// ** loaded /usr/bin/../share/singular/LIB/polylib.lib (4.2.0.0,Dec_2020)
// ** loaded /usr/bin/../share/singular/LIB/elim.lib (4.3.2.5,Jul_2023)
// ** loaded /usr/bin/../share/singular/LIB/general.lib (4.1.2.0,Feb_2019)
[65535:3]1(9)s(8)s(7)s(6)s2(5)s(4)s3(3)s(2)sss
(S:9)---------
product criterion:45 chain criterion:0
// ** redefining j (int j = 2;)
rt
Auf Wiedersehen.

Set::setraw: Cannot assign to raw object 1.

Set::setraw: Cannot assign to raw object 1.
                     SINGULAR                                 /  Development
 A Computer Algebra System for Polynomial Computations       /   version 4.3.2
                                                           0<
 by: W. Decker, G.-M. Greuel, G. Pfister, H. Schoenemann     \   Feb 2023
FB Mathematik der Universitaet, D-67653 Kaiserslautern        \  Debian 1:4.3.2-p10+ds-1.1build1
// ** loaded /usr/bin/../share/singular/LIB/primdec.lib (4.3.2.9,Oct_2023)
// ** loaded /usr/bin/../share/singular/LIB/ring.lib (4.3.1.3,Feb_2023)
// ** loaded /usr/bin/../share/singular/LIB/absfact.lib (4.1.2.0,Feb_2019)
// ** loaded /usr/bin/../share/singular/LIB/triang.lib (4.1.2.0,Feb_2019)
// ** loaded /usr/bin/../share/singular/LIB/matrix.lib (4.3.2.3,Aug_2023)
// ** loaded /usr/bin/../share/singular/LIB/nctools.lib (4.1.2.0,Feb_2019)
// ** loaded /usr/bin/../share/singular/LIB/inout.lib (4.1.2.0,Feb_2019)
// ** loaded /usr/bin/../share/singular/LIB/random.lib (4.1.2.0,Feb_2019)
// ** loaded /usr/bin/../share/singular/LIB/polylib.lib (4.2.0.0,Dec_2020)
// ** loaded /usr/bin/../share/singular/LIB/elim.lib (4.3.2.5,Jul_2023)
// ** loaded /usr/bin/../share/singular/LIB/general.lib (4.1.2.0,Feb_2019)
[65535:3]2(9)s(8)s(7)s(6)s3(5)s(4)s(3)s(2)sss
(S:9)---------
product criterion:45 chain criterion:0
// ** redefining j (int j = 2;)
rt
// ** redefining p (    poly p = reduce(kb[a]*kb[b], gb);)
rt
// ** redefining b (int b = 1;)
// ** redefining p (    poly p = reduce(kb[a]*kb[b], gb);)
rt
// ** redefining p (    poly p = reduce(kb[a]*kb[b], gb);)
rt
Auf Wiedersehen.

Set::write: Tag String in A[5] is Protected.

Set::setraw: Cannot assign to raw object 1.

General::stop: Further output of Set::setraw will be suppressed during this calculation.

Set::write: Tag Plus in 26739195 + 48331797 A[5] is Protected.

Set::write: Tag String in A[5] is Protected.

General::stop: Further output of Set::write will be suppressed during this calculation.
  >> 2 region(s): expReg=8.492s  build=0.034s
  [sector total: 8.529s]
#Non-triv Sectors = 1

[SECTOR_RESULT] key=11100 tier=Quick state=done time=8.529881 regions=2
