
      +++  sector:  {0, 1, 0, 1, 1}  (1/1)  +++ 
                     SINGULAR                                 /  Development
 A Computer Algebra System for Polynomial Computations       /   version 4.3.2
                                                           0<
 by: W. Decker, G.-M. Greuel, G. Pfister, H. Schoenemann     \   Feb 2023
FB Mathematik der Universitaet, D-67653 Kaiserslautern        \  Debian 1:4.3.2-p10+ds-1.1build1
compute hilbert series with std in ring (ZZ/179424673),(x10,x9,x8,x7,x6,x5,x4,x3,x2,x1,@),(dp(11),C)
weights used for hilbert series: 1,1,1,1,1,1,1,1,1,1,1
[65535:3]2(9)s(8)s(7)s(6)s(5)s(4)s(5)s(7)s(10)s(14)s3(15)s(19)s(24)s(26)s(32)s(39)s(42)s(46)s(50)s(58)s(61)s(66)s(69)s(72)s(75)s(80)4-s(84)--s(88)s(94)------ss(101)-(100)-s(107)s(116)----s(118)s(125)s(133)s(142)-------s(141)-----s(143)s(150)s(158)----------s(155)s(163)s(172)-------s(171)s(178)----s(181)-----------5-s(177)----s(181)-s(188)------------s(183)-s(191)s(199)s(206)------(200)--------------------------s(182)s(190)------------------------------------------------------------------------------------------(100)--------------------6-------s(81)------------------------------------------------------------------------7---------
product criterion:372 chain criterion:813
std with hilb in (ZZ/179424673),(x10,x9,x8,x7,x6,x5,x4,x3,x2,x1,@),(lp(10),dp(1),C)
[65535:3]2(55)s(54)s(53)ss(52)ss(51)s(53)s(54)s(57)s3(61)s(65)s(70)s(72)s(78)s(81)s(84)s(91)s(94)s(97)s(99)s(103)s(111)s(115)s(121)shhhhhhhhhhhhhhhh4(110)s(115)s(121)s(126)s(135)s(141)s(147)s(154)s(161)s(167)s(174)s(181)s(189)-s(196)s(204)s(213)----s(215)----s(218)s(227)---------s(225)--s(231)-------------shhhhhhhhhhhhhhhhhhhhhhhhhhhhhhhhhhhhhhhhhhhhhhh5(180)s(188)s(197)-s(204)s(211)s(218)---------------s(210)s(218)s(226)s(234)---s(239)shhhhhhhhhhhhhhhhhhhhhhhhhhhhhhhhhhhhhhhhhhhhhhhhhhhhhhhhhhhhhhhhhhhhhhhhhhhhhhhhhhhhhhhhhhhhhhhhhhhhhhhhhhhhhhhhhhhhhhhhhhhhhhhhhhhhhhhhhhhhhhhhhhhhhh6(97)shhhhhhhhhhhhhhhhhhhhhhhhhhhhhhhhhhhhhhhhhhhhhhhhhhhhhhhhhhhhhhhhhhhhhhhhhhhhhhhhhhhhhhhhhhhhhhhhh7(9)shhhhhhhhh8shhhhhhhhhhhhhhhhhh
product criterion:397 chain criterion:980
hilbert series criterion:337
dehomogenization
simplification
imap to ring (ZZ/179424673),(x10,x9,x8,x7,x6,x5,x4,x3,x2,x1),(lp(10),C)
Auf Wiedersehen.
                     SINGULAR                                 /  Development
 A Computer Algebra System for Polynomial Computations       /   version 4.3.2
                                                           0<
 by: W. Decker, G.-M. Greuel, G. Pfister, H. Schoenemann     \   Feb 2023
FB Mathematik der Universitaet, D-67653 Kaiserslautern        \  Debian 1:4.3.2-p10+ds-1.1build1
// ** loaded /usr/bin/../share/singular/LIB/primdec.lib (4.3.2.9,Oct_2023)
// ** loaded /usr/bin/../share/singular/LIB/ring.lib (4.3.1.3,Feb_2023)
// ** loaded /usr/bin/../share/singular/LIB/absfact.lib (4.1.2.0,Feb_2019)
// ** loaded /usr/bin/../share/singular/LIB/triang.lib (4.1.2.0,Feb_2019)
// ** loaded /usr/bin/../share/singular/LIB/matrix.lib (4.3.2.3,Aug_2023)
// ** loaded /usr/bin/../share/singular/LIB/nctools.lib (4.1.2.0,Feb_2019)
// ** loaded /usr/bin/../share/singular/LIB/inout.lib (4.1.2.0,Feb_2019)
// ** loaded /usr/bin/../share/singular/LIB/random.lib (4.1.2.0,Feb_2019)
// ** loaded /usr/bin/../share/singular/LIB/polylib.lib (4.2.0.0,Dec_2020)
// ** loaded /usr/bin/../share/singular/LIB/elim.lib (4.3.2.5,Jul_2023)
// ** loaded /usr/bin/../share/singular/LIB/general.lib (4.1.2.0,Feb_2019)
map with cache
map with cache
map with cache
map with cache
map with cache
map with cache
map with cache
map with cache
map with cache
std in (ZZ/179424673),(x10,x9,x8,x7,x6,x5,x4,x3,x2,x1),(dp(10),C)
[65535:4]1(9)s(8)s(7)s(6)s(5)s(4)s(3)s(2)ss5s
(S:9)---------
product criterion:45 chain criterion:0
[65535:3]1(9)s(8)s(7)s(6)s(5)s(4)s(3)s(2)ss5s
(S:9)---------
product criterion:45 chain criterion:0
map is a permutation
[65535:4]1(10)s(9)s(8)s(7)s(6)s(5)s(4)s(3)s(2)sss
(S:10)----------
product criterion:55 chain criterion:0
[65535:3]1(9)s(8)s(7)s(6)s(5)s(4)s(3)s(2)sss
(S:9)---------
product criterion:45 chain criterion:0
{1}[65535:5]1(9)s(8)s(7)s(6)s(5)s(4)s(3)s(2)sss2(8)--------
(S:10)-----------
product criterion:0 chain criterion:0
(S:10)rrrrrrrrrr
[65535:3]1(9)s(8)s(7)s(6)s(5)s(4)s(3)s(2)sss
(S:9)---------
product criterion:45 chain criterion:0
intersect by elimination method
[65535:5]1(10)s2(9)s(8)s(7)s(6)s(5)s(4)s(3)s(2)sss
(S:10)----------
product criterion:55 chain criterion:0
map is a permutation
[65535:4]1(10)s(9)s(8)s(7)s(6)s(5)s(4)s(3)s(2)ss2s
(S:0)
product criterion:55 chain criterion:0
map is a permutation
[65535:4]1(10)s(9)s(8)s(7)s(6)s(5)s(4)s(3)s(2)ss2s
(S:0)
product criterion:55 chain criterion:0
map is a permutation
[65535:4]1(10)s(9)s(8)s(7)s(6)s(5)s(4)s(3)s(2)ss2s
(S:0)
product criterion:55 chain criterion:0
map is a permutation
[65535:4]1(10)s(9)s(8)s(7)s(6)s(5)s(4)s(3)s(2)ss2s
(S:0)
product criterion:55 chain criterion:0
map is a permutation
[65535:4]1(10)s(9)s(8)s(7)s(6)s(5)s(4)s(3)s(2)ss2s
(S:0)
product criterion:55 chain criterion:0
map is a permutation
[65535:4]1(10)s(9)s(8)s(7)s(6)s(5)s(4)s(3)s(2)ss2s
(S:0)
product criterion:55 chain criterion:0
map is a permutation
[65535:4]1(10)s(9)s(8)s(7)s(6)s(5)s(4)s(3)s(2)ss2s
(S:0)
product criterion:55 chain criterion:0
map is a permutation
[65535:4]1(10)s(9)s(8)s(7)s(6)s(5)s(4)s(3)s(2)ss2s
(S:0)
product criterion:55 chain criterion:0
map is a permutation
[65535:4]1(10)s(9)s(8)s(7)s(6)s(5)s(4)s(3)s(2)ss2s
(S:0)
product criterion:55 chain criterion:0
map is a permutation
[65535:4]1(10)s(9)s(8)s(7)s(6)s(5)s(4)s(3)s(2)ss2s
(S:0)
product criterion:55 chain criterion:0
[65535:3]1(9)s(8)s(7)s(6)s(5)s(4)s(3)s(2)sss
(S:9)---------
product criterion:45 chain criterion:0
map is a permutation
[65535:4]1(10)s(9)s(8)s(7)s(6)s(5)s(4)s(3)s(2)sss
(S:10)----------
product criterion:55 chain criterion:0
[65535:3]1(9)s(8)s(7)s(6)s(5)s(4)s(3)s(2)sss
(S:9)---------
product criterion:45 chain criterion:0
{1}[65535:5]1(9)s(8)s(7)s(6)s(5)s(4)s(3)s(2)sss2(8)--------
(S:10)-----------
product criterion:0 chain criterion:0
(S:10)rrrrrrrrrr
[65535:3]1(9)s(8)s(7)s(6)s(5)s(4)s(3)s(2)sss
(S:9)---------
product criterion:45 chain criterion:0
intersect by elimination method
[65535:5]1(10)s2(9)s(8)s(7)s(6)s(5)s(4)s(3)s(2)sss
(S:10)----------
product criterion:55 chain criterion:0
map is a permutation
[65535:4]1(10)s(9)s(8)s(7)s(6)s(5)s(4)s(3)s(2)ss2s
(S:0)
product criterion:55 chain criterion:0
map is a permutation
[65535:4]1(10)s(9)s(8)s(7)s(6)s(5)s(4)s(3)s(2)ss2s
(S:0)
product criterion:55 chain criterion:0
map is a permutation
[65535:4]1(10)s(9)s(8)s(7)s(6)s(5)s(4)s(3)s(2)ss2s
(S:0)
product criterion:55 chain criterion:0
map is a permutation
[65535:4]1(10)s(9)s(8)s(7)s(6)s(5)s(4)s(3)s(2)ss2s
(S:0)
product criterion:55 chain criterion:0
map is a permutation
[65535:4]1(10)s(9)s(8)s(7)s(6)s(5)s(4)s(3)s(2)ss2s
(S:0)
product criterion:55 chain criterion:0
map is a permutation
[65535:4]1(10)s(9)s(8)s(7)s(6)s(5)s(4)s(3)s(2)ss2s
(S:0)
product criterion:55 chain criterion:0
map is a permutation
[65535:4]1(10)s(9)s(8)s(7)s(6)s(5)s(4)s(3)s(2)ss2s
(S:0)
product criterion:55 chain criterion:0
map is a permutation
[65535:4]1(10)s(9)s(8)s(7)s(6)s(5)s(4)s(3)s(2)ss2s
(S:0)
product criterion:55 chain criterion:0
map is a permutation
[65535:4]1(10)s(9)s(8)s(7)s(6)s(5)s(4)s(3)s(2)ss2s
(S:0)
product criterion:55 chain criterion:0
map is a permutation
[65535:4]1(10)s(9)s(8)s(7)s(6)s(5)s(4)s(3)s(2)ss2s
(S:0)
product criterion:55 chain criterion:0
[65535:3]1(9)s(8)s(7)s(6)s(5)s(4)s(3)s(2)sss
(S:9)---------
product criterion:45 chain criterion:0
map is a permutation
[65535:4]1(10)s(9)s(8)s(7)s(6)s(5)s(4)s(3)s(2)sss
(S:10)----------
product criterion:55 chain criterion:0
[65535:3]1(9)s(8)s(7)s(6)s(5)s(4)s(3)s(2)sss
(S:9)---------
product criterion:45 chain criterion:0
{1}[65535:5]1(9)s(8)s(7)s(6)s(5)s(4)s(3)s(2)sss2(8)--------
(S:10)-----------
product criterion:0 chain criterion:0
(S:10)rrrrrrrrrr
[65535:3]1(9)s(8)s(7)s(6)s(5)s(4)s(3)s(2)sss
(S:9)---------
product criterion:45 chain criterion:0
intersect by elimination method
[65535:5]1(10)s2(9)s(8)s(7)s(6)s(5)s(4)s(3)s(2)sss
(S:10)----------
product criterion:55 chain criterion:0
map is a permutation
[65535:4]1(10)s(9)s(8)s(7)s(6)s(5)s(4)s(3)s(2)ss2s
(S:0)
product criterion:55 chain criterion:0
map is a permutation
[65535:4]1(10)s(9)s(8)s(7)s(6)s(5)s(4)s(3)s(2)ss2s
(S:0)
product criterion:55 chain criterion:0
map is a permutation
[65535:4]1(10)s(9)s(8)s(7)s(6)s(5)s(4)s(3)s(2)ss2s
(S:0)
product criterion:55 chain criterion:0
map is a permutation
[65535:4]1(10)s(9)s(8)s(7)s(6)s(5)s(4)s(3)s(2)ss2s
(S:0)
product criterion:55 chain criterion:0
map is a permutation
[65535:4]1(10)s(9)s(8)s(7)s(6)s(5)s(4)s(3)s(2)ss2s
(S:0)
product criterion:55 chain criterion:0
map is a permutation
[65535:4]1(10)s(9)s(8)s(7)s(6)s(5)s(4)s(3)s(2)ss2s
(S:0)
product criterion:55 chain criterion:0
map is a permutation
[65535:4]1(10)s(9)s(8)s(7)s(6)s(5)s(4)s(3)s(2)ss2s
(S:0)
product criterion:55 chain criterion:0
map is a permutation
[65535:4]1(10)s(9)s(8)s(7)s(6)s(5)s(4)s(3)s(2)ss2s
(S:0)
product criterion:55 chain criterion:0
map is a permutation
[65535:4]1(10)s(9)s(8)s(7)s(6)s(5)s(4)s(3)s(2)ss2s
(S:0)
product criterion:55 chain criterion:0
map is a permutation
[65535:4]1(10)s(9)s(8)s(7)s(6)s(5)s(4)s(3)s(2)ss2s
(S:0)
product criterion:55 chain criterion:0
[65535:3]1(9)s(8)s(7)s(6)s(5)s(4)s(3)s(2)sss
(S:9)---------
product criterion:45 chain criterion:0
map is a permutation
[65535:4]1(10)s(9)s(8)s(7)s(6)s(5)s(4)s(3)s(2)ss2s
(S:10)----------
product criterion:55 chain criterion:0
[65535:3]1(9)s(8)s(7)s(6)s(5)s(4)s(3)s(2)ss2s
(S:9)---------
product criterion:45 chain criterion:0
{1}[65535:5]1(9)s(8)s(7)s(6)s(5)s(4)s(3)s(2)ss2s3(8)--------
(S:10)-----------
product criterion:0 chain criterion:0
(S:10)rrrrrrrrrr
[65535:3]1(9)s(8)s(7)s(6)s(5)s(4)s(3)s(2)ss2s
(S:9)---------
product criterion:45 chain criterion:0
map is a permutation
intersect by elimination method
[65535:5]1(10)s2(9)s(8)s(7)s(6)s(5)s(4)s(3)s(2)ss3s
(S:10)----------
product criterion:55 chain criterion:0
map is a permutation
[65535:4]1(10)s(9)s(8)s(7)s(6)s(5)s(4)s(3)s(2)s2s.4
(S:0)
product criterion:45 chain criterion:0
map is a permutation
[65535:4]1(10)s(9)s(8)s(7)s(6)s(5)s(4)s(3)s(2)s2s.4
(S:0)
product criterion:45 chain criterion:0
map is a permutation
[65535:4]1(10)s(9)s(8)s(7)s(6)s(5)s(4)s(3)s(2)s2s.4
(S:0)
product criterion:45 chain criterion:0
map is a permutation
[65535:4]1(10)s(9)s(8)s(7)s(6)s(5)s(4)s(3)s(2)s2s.4
(S:0)
product criterion:45 chain criterion:0
map is a permutation
[65535:4]1(10)s(9)s(8)s(7)s(6)s(5)s(4)s(3)s(2)s2s.4
(S:0)
product criterion:45 chain criterion:0
map is a permutation
[65535:4]1(10)s(9)s(8)s(7)s(6)s(5)s(4)s(3)s(2)s2s.4
(S:0)
product criterion:45 chain criterion:0
map is a permutation
[65535:4]1(10)s(9)s(8)s(7)s(6)s(5)s(4)s(3)s(2)s2s.4
(S:0)
product criterion:45 chain criterion:0
map is a permutation
[65535:4]1(10)s(9)s(8)s(7)s(6)s(5)s(4)s(3)s(2)s2s.4
(S:0)
product criterion:45 chain criterion:0
map is a permutation
[65535:4]1(10)s(9)s(8)s(7)s(6)s(5)s(4)s(3)s(2)s2s.4
(S:0)
product criterion:45 chain criterion:0
map is a permutation
[65535:4]1(10)s(9)s(8)s(7)s(6)s(5)s(4)s(3)s(2)s2s3s
(S:0)
product criterion:55 chain criterion:0
[65535:3]1(9)s(8)s(7)s(6)s(5)s(4)s(3)s(2)ss2s
(S:9)---------
product criterion:45 chain criterion:0
// ** _ is no standard basis
// ** _ is no standard basis
// ** _ is no standard basis
// ** _ is no standard basis
Auf Wiedersehen.
                     SINGULAR                                 /  Development
 A Computer Algebra System for Polynomial Computations       /   version 4.3.2
                                                           0<
 by: W. Decker, G.-M. Greuel, G. Pfister, H. Schoenemann     \   Feb 2023
FB Mathematik der Universitaet, D-67653 Kaiserslautern        \  Debian 1:4.3.2-p10+ds-1.1build1
compute hilbert series with std in ring (ZZ/179424673),(x10,x9,x8,x7,x6,x5,x4,x3,x2,x1,@),(dp(11),C)
weights used for hilbert series: 1,1,1,1,1,1,1,1,1,1,1
[65535:3]1(9)s2(8)s3(7)s(6)sss(8)s(11)s4(15)s(17)s(18)s(21)s(23)s(27)s(29)s(32)s(35)s(38)s5(43)s(46)s(49)s(52)s(56)s(60)s(65)s(70)s(74)-s(78)s(81)s(87)-s(89)s(96)s(101)s(105)----s(107)-s(110)--s(112)-s(115)s(119)s(121)s6(125)----------------------s(109)-----s(110)s(117)---s(121)-------------s(115)-s(119)--------s(116)-s(122)s(130)-s(135)s(141)-s(146)------------s(141)----------------------s(124)-----s(123)s(131)s(136)---7---------------------------------(100)------------------------------------------------------------------s(41)-----s(43)-------------------------s(23)-8----------------------
product criterion:296 chain criterion:1164
std with hilb in (ZZ/179424673),(x10,x9,x8,x7,x6,x5,x4,x3,x2,x1,@),(lp(10),dp(1),C)
[65535:3]1(59)s2(58)s3(57)ss(58)s(60)s(63)s(67)s4(72)s(73)s(75)ss(78)s(80)s(81)s(85)s(88)s(90)s(91)s(96)s(100)s(103)s(105)s(107)s(113)s(118)s(122)s(125)s(128)s(131)s(137)shhhhhhhh5(136)s(144)s(150)s(157)-s(162)s(172)s(178)s(186)s(187)-s(188)-ss(190)s(195)-s(199)s(202)--(200)-s(202)s(204)s(207)s(212)-s(217)s(221)---s(222)s(226)---s(231)-s(236)-s(242)s(247)---s(249)s(252)---s(253)s(257)----s(259)s(262)s(265)-s(266)s(269)s(275)s(278)---ss(283)---s(284)shhhhhhhhhhhhhhhhhhhhhhhhhhhhhhh6(255)--------------s(245)----------s(243)s(250)--s(256)------s------s(257)--s(261)-s(268)--s(273)--s(279)----s(282)----s(286)--s(290)-s(296)s(303)-s(309)s(314)--s(320)-----s(321)--s(326)s(334)---------s(330)---s(335)-s(340)--------s(335)------s(332)s(339)s(347)---------s(344)---------s(339)s(344)------s----s(343)--s(345)s(350)-s(353)--s(355)----s(359)---s(361)s(366)s(371)---s(374)s(380)s(385)-s(390)---------------s(381)----s(384)s(391)s(397)-----s(395)--s(397)s(404)-s(409)-----s(408)-------shhhhhhhhhhhhhhhhhh7(391)-------------------------------------------------------------------------------------------(300)------------------------------------------------------s(253)------s(255)-----------------------s(238)s(245)----s(246)--s(251)-s(256)----s(257)-s(264)s(272)-s(279)------------------------------------------------------------s(222)s(226)--s(228)s(233)s(238)----s(240)s(246)--s(249)s(256)--s(258)-------------s(250)----s(254)s(260)s(267)--s(272)-----------------s(262)s(269)--s(273)s(279)s(286)-------------------------s(268)---------------s(257)------s(256)-s(258)s(262)-s(269)s(277)s(285)shhh8(287)--------s(286)------------------------------------------------------------------------------s(215)s(222)s(227)---s(230)-s(235)s(243)-------------------------------------------(200)--------------------------------------s(166)s(171)s(177)s(184)--s(189)----------------------------------s(161)s(165)s(172)--------------s(164)--------s(161)--------s(159)-s(166)s(174)s(179)s(184)-----s(185)--------------s(179)s(185)-s(192)shh9(197)--------------------------------------s(165)s(172)-----------------------------------------------------s(124)-s(129)-----------------------------(100)---s(103)-s(107)-------(100)----------------------------------------s(67)s(74)-------------s(68)-shh10(73)------------------------------------------------------------------------shhhhhhhhh
product criterion:2963 chain criterion:16661
hilbert series criterion:73
dehomogenization
simplification
imap to ring (ZZ/179424673),(x10,x9,x8,x7,x6,x5,x4,x3,x2,x1),(lp(10),C)
Auf Wiedersehen.
                     SINGULAR                                 /  Development
 A Computer Algebra System for Polynomial Computations       /   version 4.3.2
                                                           0<
 by: W. Decker, G.-M. Greuel, G. Pfister, H. Schoenemann     \   Feb 2023
FB Mathematik der Universitaet, D-67653 Kaiserslautern        \  Debian 1:4.3.2-p10+ds-1.1build1
compute hilbert series with std in ring (ZZ/179424673),(x10,x9,x8,x7,x6,x5,x4,x3,x2,x1,@),(dp(11),C)
weights used for hilbert series: 1,1,1,1,1,1,1,1,1,1,1
[65535:3]1(9)s2(8)s3(7)s(6)sss(8)s(11)s4(15)s(17)s(18)s(21)s(23)s(27)s(29)s(32)s(35)s(38)s5(43)s(46)s(49)s(52)s(56)s(60)s(65)s(70)s(74)-s(78)s(81)s(87)-s(89)s(96)s(101)s(105)----s(107)-s(110)--s(112)-s(115)s(119)s(121)s6(125)----------------------s(109)-----s(110)s(117)---s(121)-------------s(115)-s(119)--------s(116)-s(122)s(130)-s(135)s(141)-s(146)------------s(141)----------------------s(124)-----s(123)s(131)s(136)---7---------------------------------(100)------------------------------------------------------------------s(41)-----s(43)-------------------------s(23)-8----------------------
product criterion:296 chain criterion:1164
std with hilb in (ZZ/179424673),(x10,x9,x8,x7,x6,x5,x4,x3,x2,x1,@),(lp(10),dp(1),C)
[65535:3]1(59)s2(58)s3(57)ss(58)s(60)s(63)s(67)s4(72)s(73)s(75)ss(78)s(80)s(81)s(85)s(88)s(90)s(91)s(96)s(100)s(103)s(105)s(107)s(113)s(118)s(122)s(125)s(128)s(131)s(137)shhhhhhhh5(136)s(144)s(150)s(157)-s(162)s(172)s(178)s(186)s(187)-s(188)-ss(190)s(195)-s(199)s(202)--(200)-s(202)s(204)s(207)s(212)-s(217)s(221)---s(222)s(226)---s(231)-s(236)-s(242)s(247)---s(249)s(252)---s(253)s(257)----s(259)s(262)s(265)-s(266)s(269)s(275)s(278)---ss(283)---s(284)shhhhhhhhhhhhhhhhhhhhhhhhhhhhhhh6(255)--------------s(245)----------s(243)s(250)--s(256)------s------s(257)--s(261)-s(268)--s(273)--s(279)----s(282)----s(286)--s(290)-s(296)s(303)-s(309)s(314)--s(320)-----s(321)--s(326)s(334)---------s(330)---s(335)-s(340)--------s(335)------s(332)s(339)s(347)---------s(344)---------s(339)s(344)------s----s(343)--s(345)s(350)-s(353)--s(355)----s(359)---s(361)s(366)s(371)---s(374)s(380)s(385)-s(390)---------------s(381)----s(384)s(391)s(397)-----s(395)--s(397)s(404)-s(409)-----s(408)-------shhhhhhhhhhhhhhhhhh7(391)-------------------------------------------------------------------------------------------(300)------------------------------------------------------s(253)------s(255)-----------------------s(238)s(245)----s(246)--s(251)-s(256)----s(257)-s(264)s(272)-s(279)------------------------------------------------------------s(222)s(226)--s(228)s(233)s(238)----s(240)s(246)--s(249)s(256)--s(258)-------------s(250)----s(254)s(260)s(267)--s(272)-----------------s(262)s(269)--s(273)s(279)s(286)-------------------------s(268)---------------s(257)------s(256)-s(258)s(262)-s(269)s(277)s(285)shhh8(287)--------s(286)------------------------------------------------------------------------------s(215)s(222)s(227)---s(230)-s(235)s(243)-------------------------------------------(200)--------------------------------------s(166)s(171)s(177)s(184)--s(189)----------------------------------s(161)s(165)s(172)--------------s(164)--------s(161)--------s(159)-s(166)s(174)s(179)s(184)-----s(185)--------------s(179)s(185)-s(192)shh9(197)--------------------------------------s(165)s(172)-----------------------------------------------------s(124)-s(129)-----------------------------(100)---s(103)-s(107)-------(100)----------------------------------------s(67)s(74)-------------s(68)-shh10(73)------------------------------------------------------------------------shhhhhhhhh
product criterion:2963 chain criterion:16661
hilbert series criterion:73
dehomogenization
simplification
imap to ring (ZZ/179424673),(x10,x9,x8,x7,x6,x5,x4,x3,x2,x1),(lp(10),C)
Auf Wiedersehen.
                     SINGULAR                                 /  Development
 A Computer Algebra System for Polynomial Computations       /   version 4.3.2
                                                           0<
 by: W. Decker, G.-M. Greuel, G. Pfister, H. Schoenemann     \   Feb 2023
FB Mathematik der Universitaet, D-67653 Kaiserslautern        \  Debian 1:4.3.2-p10+ds-1.1build1
compute hilbert series with std in ring (ZZ/179424673),(x10,x9,x8,x7,x6,x5,x4,x3,x2,x1,@),(dp(11),C)
weights used for hilbert series: 1,1,1,1,1,1,1,1,1,1,1
[65535:3]1(9)s2(8)s3(7)s(6)sss(8)s(11)s4(15)s(17)s(18)s(21)s(23)s(27)s(29)s(32)s(35)s(38)s5(43)s(46)s(49)s(52)s(56)s(60)s(65)s(70)s(74)-s(78)s(81)s(87)-s(89)s(96)s(101)s(105)----s(107)-s(110)--s(112)-s(115)s(119)s(121)s6(125)----------------------s(109)-----s(110)s(117)---s(121)-------------s(115)-s(119)--------s(116)-s(122)s(130)-s(135)s(141)-s(146)------------s(141)----------------------s(124)-----s(123)s(131)s(136)---7---------------------------------(100)------------------------------------------------------------------s(41)-----s(43)-------------------------s(23)-8----------------------
product criterion:296 chain criterion:1164
std with hilb in (ZZ/179424673),(x10,x9,x8,x7,x6,x5,x4,x3,x2,x1,@),(lp(10),dp(1),C)
[65535:3]1(59)s2(58)s3(57)ss(58)s(60)s(63)s(67)s4(72)s(73)s(75)ss(78)s(80)s(81)s(85)s(88)s(90)s(91)s(96)s(100)s(103)s(105)s(107)s(113)s(118)s(122)s(125)s(128)s(131)s(137)shhhhhhhh5(136)s(144)s(150)s(157)-s(162)s(172)s(178)s(186)s(187)-s(188)-ss(190)s(195)-s(199)s(202)--(200)-s(202)s(204)s(207)s(212)-s(217)s(221)---s(222)s(226)---s(231)-s(236)-s(242)s(247)---s(249)s(252)---s(253)s(257)----s(259)s(262)s(265)-s(266)s(269)s(275)s(278)---ss(283)---s(284)shhhhhhhhhhhhhhhhhhhhhhhhhhhhhhh6(255)--------------s(245)----------s(243)s(250)--s(256)------s------s(257)--s(261)-s(268)--s(273)--s(279)----s(282)----s(286)--s(290)-s(296)s(303)-s(309)s(314)--s(320)-----s(321)--s(326)s(334)---------s(330)---s(335)-s(340)--------s(335)------s(332)s(339)s(347)---------s(344)---------s(339)s(344)------s----s(343)--s(345)s(350)-s(353)--s(355)----s(359)---s(361)s(366)s(371)---s(374)s(380)s(385)-s(390)---------------s(381)----s(384)s(391)s(397)-----s(395)--s(397)s(404)-s(409)-----s(408)-------shhhhhhhhhhhhhhhhhh7(391)-------------------------------------------------------------------------------------------(300)------------------------------------------------------s(253)------s(255)-----------------------s(238)s(245)----s(246)--s(251)-s(256)----s(257)-s(264)s(272)-s(279)------------------------------------------------------------s(222)s(226)--s(228)s(233)s(238)----s(240)s(246)--s(249)s(256)--s(258)-------------s(250)----s(254)s(260)s(267)--s(272)-----------------s(262)s(269)--s(273)s(279)s(286)-------------------------s(268)---------------s(257)------s(256)-s(258)s(262)-s(269)s(277)s(285)shhh8(287)--------s(286)------------------------------------------------------------------------------s(215)s(222)s(227)---s(230)-s(235)s(243)-------------------------------------------(200)--------------------------------------s(166)s(171)s(177)s(184)--s(189)----------------------------------s(161)s(165)s(172)--------------s(164)--------s(161)--------s(159)-s(166)s(174)s(179)s(184)-----s(185)--------------s(179)s(185)-s(192)shh9(197)--------------------------------------s(165)s(172)-----------------------------------------------------s(124)-s(129)-----------------------------(100)---s(103)-s(107)-------(100)----------------------------------------s(67)s(74)-------------s(68)-shh10(73)------------------------------------------------------------------------shhhhhhhhh
product criterion:2963 chain criterion:16661
hilbert series criterion:73
dehomogenization
simplification
imap to ring (ZZ/179424673),(x10,x9,x8,x7,x6,x5,x4,x3,x2,x1),(lp(10),C)
Auf Wiedersehen.
                     SINGULAR                                 /  Development
 A Computer Algebra System for Polynomial Computations       /   version 4.3.2
                                                           0<
 by: W. Decker, G.-M. Greuel, G. Pfister, H. Schoenemann     \   Feb 2023
FB Mathematik der Universitaet, D-67653 Kaiserslautern        \  Debian 1:4.3.2-p10+ds-1.1build1
compute hilbert series with std in ring (ZZ/179424673),(x10,x9,x8,x7,x6,x5,x4,x3,x2,x1,@),(dp(11),C)
weights used for hilbert series: 1,1,1,1,1,1,1,1,1,1,1
[65535:3]2(9)s(8)s3(7)ssss(8)s(11)s4(16)s(18)s(21)s(23)s(24)s(26)s(30)s(34)s(38)s(42)s(47)s5(50)s(53)s(56)-s(58)s(60)s(63)s(67)s(70)--s(72)s(79)s(85)s(90)s(95)s(100)s(103)s(104)s(109)s(113)s(120)s(125)-s(128)----s(130)s(134)s(139)s(145)--s(148)-s(152)s(156)s(159)s6(164)s(170)s(174)s(180)-s(184)--s(188)s(194)-s(198)-s(200)s(207)-------(200)----s(203)--s(210)s(216)-s(215)s(222)s(227)----s(231)s(239)s(245)s(252)-s(257)s(263)s(269)-s(275)-s(279)-----s(281)s(288)--s(294)s(302)--(300)-s(306)-s(310)-s(317)s(323)---s(327)s(333)s(340)-s(347)--s(350)s(358)-s(364)s(371)--s(376)-s(380)s(386)-s(391)s(399)s(405)-s(411)s(418)----s(421)--s(428)---s(433)s(439)s(446)---s(451)----------s(446)-s(453)--------s(454)-s(459)-------7--------------------------------------------s(415)s(423)--s(428)---s(433)---------------------------------(400)----------------------------------------------------------------------s(338)-----------------------------s(318)--s(324)------------------------(300)-s(307)---s(313)-s(320)--------------------(300)------------------------------------------------------------------s(242)-----s(243)s(249)-----s(251)---------s(249)-----------s(245)----s(250)-s(257)------------s(253)-s(261)---s(265)--------s(264)------s--s(271)-----s(274)---------------------------------s(249)---s(253)---------------s8(244)--------------------------------------------(200)----------------------------------------------------------------------------------------------------(100)--------------------------------------s(69)----------------------s(55)-s(63)------------------------------------9--------------------s(14)----s(18)-10-----------------
product criterion:795 chain criterion:7862
std with hilb in (ZZ/179424673),(x10,x9,x8,x7,x6,x5,x4,x3,x2,x1,@),(lp(10),dp(1),C)
[65535:3]2(138)s(137)s3(136)ss(137)s(139)s(142)s(146)s4(151)s(152)s(154)s(155)s(158)s(160)s(161)s(165)s(168)s(170)s(172)s(177)s(181)s(184)s(187)s(190)s(196)s(201)s(205)s(209)s(213)s(216)s(222)-shhhhhhhh5(220)s(227)s(235)s(243)s(250)s(259)s(264)s(270)-s(275)s(282)--s(286)s(290)s(295)-s(297)---s(299)s(303)s(308)s(313)-s(316)---s(317)s(321)---s(325)s(331)s(338)-s(342)---s(345)s(350)---s(351)s(355)----s(354)s(357)s(360)-s(365)s(369)-s(373)--s(376)s(381)---s(383)shhhhhhhhhhhhhhhhhhhhhhhhhhhhhhhhhhhhhh6(347)--s(353)s(362)------s(365)-s(373)-s(379)----s--s(385)s(392)---s(395)s(404)s(409)---s(414)-s(422)-----s(426)s(433)s(435)--s(441)s(445)--s(446)s(455)s(461)s(467)s(475)-s(483)s(490)s(497)----s(499)--s(501)-(500)s(507)s(515)--s(519)s(522)s(527)---s(528)s(534)s(540)s(547)s(554)s(560)-s(565)s(572)--s(578)s(584)s(591)s(598)----s(602)--(600)s(606)-s(611)s(618)-----s(619)s(624)s(633)--s(639)-s(642)s(649)------------s(644)-s(651)s(659)-----s(661)s(667)s(676)--s(683)-s(687)s(690)-----s(691)s(698)s(705)-s(712)s(717)s(721)-s(725)s(732)s(738)-s(742)-s(749)-s(753)s(761)-s(764)s(768)s(776)s(781)-------ss(786)---s(791)s(795)-s(801)s(807)---s(810)s(813)--s(819)--------s(818)--s(819)s(823)s(829)-s(835)s(841)----s(845)s(851)s(855)-s(858)s(862)s(866)s(872)---s(874)s(880)s(883)---------shhhhhhhhhhhhhhhhhhhhhhhhhhhhhhhhhhhhhhhhhhhhhhhhhhhhhhhhhhhh7(823)-----------------------(800)--------------------------------------------------------------s(746)----s(750)------------------------------------------s(717)-s(725)------s(727)s(736)------------s(732)-------s(734)--s(740)----------------------------------------(700)---s(706)------(700)---------------------------------s(673)-s(681)-----s(685)---------------------s(671)--s(677)s(684)--------------s(677)----------s(674)------------s(670)---s(675)--s(681)-s(688)s(696)-----------------s(687)--s(694)-s(702)--(700)----s(704)s(711)-----------(700)------------------------------------s(670)----------s(669)-s(676)s(683)-s(691)--s(698)----s(703)-s(709)s(716)s(724)s(732)s(741)s(750)s(758)s(767)s(776)----------------------s(763)------------------------s(746)----------------------------------------------(700)--s(703)---(700)-------s(701)-(700)-----s(703)---(700)--s(707)-------(700)--s(703)s(709)--s(712)-s(717)s(721)---------s(719)s(725)-s(731)s(736)s(745)s(750)s(756)s(763)--s(768)---s(772)----s(773)-s(780)----------s(776)----s(780)----------s(776)-----s(778)-s(784)-s(791)-s(797)-----s(798)----------------------------------------------------------s(747)---------------s(741)s(748)-----s(749)-----s(752)s(757)s(762)s(770)s(776)-s(780)-s(783)-s(790)s(796)-----------------s(784)-s(791)s(795)-s(803)s(812)s(818)shhhhhhhhhhhhhhhhhhhhhhhhhhhh8(799)---------------------------------------------------------------------------------------------------(700)---------------s(694)----------------------------------------------------------------------------------------------(600)-----------------------------------------------------------------------s(535)------s(536)s(543)-------------------------------s(518)s(525)------------s(520)--s(527)-------ss(535)s(543)--s(548)-----s(550)s(558)--s(564)s(573)s(580)s(588)-s(596)s(605)-s(613)s(622)s(630)------s(632)--------------------------------(600)--------------------------s(581)-----------------------------------------------------------s(528)----------------------------(500)---------s(497)--------------s(491)s(498)----s(501)-(500)s(508)--------(500)--------------------------s(482)-----------------s(473)-s(479)------s(480)s(486)s(494)------s(496)-s(503)s(510)s(518)s(527)s(535)-s(540)-------s--------------------------------------s(508)--------(500)s(505)s(511)-----------(500)-----------------------------s(479)----s(482)------s(483)------------s(476)----s(477)------s(480)-s(485)--s(489)------s(490)--s(497)s(505)--s(512)shhhhh9(513)---s(518)------------------(500)----------------------------------------------------------------------------------------------------(400)----------------------------------------------s(362)--------s(360)s(367)s(375)---s(381)s(389)--------------------s(376)----------------------------------------------------------------------------(300)---------------------------------------------------------s(251)--------------------s(237)s(244)--s(250)----s(253)-----------------------------------------------------(200)----------------------------------------s(169)s(178)s(187)---------------s(179)--------s(178)---------s(177)---s(181)-s(189)s(197)shhhhh10(200)---------------------------------------------s(164)s(171)----------------------------------------------------------------s(114)--------------(100)--s(104)----(100)--------------s(93)------------------------------s(72)s(80)s(88)---------shhhhhhhhhh11(77)-------------s(72)--------------------------------------------------------------shhhhhhhhhhhhhhhhhhh
product criterion:6551 chain criterion:57505
hilbert series criterion:173
dehomogenization
simplification
imap to ring (ZZ/179424673),(x10,x9,x8,x7,x6,x5,x4,x3,x2,x1),(lp(10),C)
Auf Wiedersehen.
                     SINGULAR                                 /  Development
 A Computer Algebra System for Polynomial Computations       /   version 4.3.2
                                                           0<
 by: W. Decker, G.-M. Greuel, G. Pfister, H. Schoenemann     \   Feb 2023
FB Mathematik der Universitaet, D-67653 Kaiserslautern        \  Debian 1:4.3.2-p10+ds-1.1build1
// ** loaded /usr/bin/../share/singular/LIB/primdec.lib (4.3.2.9,Oct_2023)
// ** loaded /usr/bin/../share/singular/LIB/ring.lib (4.3.1.3,Feb_2023)
// ** loaded /usr/bin/../share/singular/LIB/absfact.lib (4.1.2.0,Feb_2019)
// ** loaded /usr/bin/../share/singular/LIB/triang.lib (4.1.2.0,Feb_2019)
// ** loaded /usr/bin/../share/singular/LIB/matrix.lib (4.3.2.3,Aug_2023)
// ** loaded /usr/bin/../share/singular/LIB/nctools.lib (4.1.2.0,Feb_2019)
// ** loaded /usr/bin/../share/singular/LIB/inout.lib (4.1.2.0,Feb_2019)
// ** loaded /usr/bin/../share/singular/LIB/random.lib (4.1.2.0,Feb_2019)
// ** loaded /usr/bin/../share/singular/LIB/polylib.lib (4.2.0.0,Dec_2020)
// ** loaded /usr/bin/../share/singular/LIB/elim.lib (4.3.2.5,Jul_2023)
// ** loaded /usr/bin/../share/singular/LIB/general.lib (4.1.2.0,Feb_2019)
[65535:3]1(9)s(8)s2(7)s(6)s3(5)s(4)s(3)s(2)sss
(S:9)---------
product criterion:45 chain criterion:0
// ** redefining j (int j = 2;)
rt
Auf Wiedersehen.

Set::setraw: Cannot assign to raw object 1.

Set::setraw: Cannot assign to raw object 1.
                     SINGULAR                                 /  Development
 A Computer Algebra System for Polynomial Computations       /   version 4.3.2
                                                           0<
 by: W. Decker, G.-M. Greuel, G. Pfister, H. Schoenemann     \   Feb 2023
FB Mathematik der Universitaet, D-67653 Kaiserslautern        \  Debian 1:4.3.2-p10+ds-1.1build1
// ** loaded /usr/bin/../share/singular/LIB/primdec.lib (4.3.2.9,Oct_2023)
// ** loaded /usr/bin/../share/singular/LIB/ring.lib (4.3.1.3,Feb_2023)
// ** loaded /usr/bin/../share/singular/LIB/absfact.lib (4.1.2.0,Feb_2019)
// ** loaded /usr/bin/../share/singular/LIB/triang.lib (4.1.2.0,Feb_2019)
// ** loaded /usr/bin/../share/singular/LIB/matrix.lib (4.3.2.3,Aug_2023)
// ** loaded /usr/bin/../share/singular/LIB/nctools.lib (4.1.2.0,Feb_2019)
// ** loaded /usr/bin/../share/singular/LIB/inout.lib (4.1.2.0,Feb_2019)
// ** loaded /usr/bin/../share/singular/LIB/random.lib (4.1.2.0,Feb_2019)
// ** loaded /usr/bin/../share/singular/LIB/polylib.lib (4.2.0.0,Dec_2020)
// ** loaded /usr/bin/../share/singular/LIB/elim.lib (4.3.2.5,Jul_2023)
// ** loaded /usr/bin/../share/singular/LIB/general.lib (4.1.2.0,Feb_2019)
[65535:3]1(9)s(8)s2(7)s(6)s3(5)s(4)s(3)s(2)sss
(S:9)---------
product criterion:45 chain criterion:0
// ** redefining j (int j = 2;)
rt
Auf Wiedersehen.

Set::setraw: Cannot assign to raw object 1.

General::stop: Further output of Set::setraw will be suppressed during this calculation.
                     SINGULAR                                 /  Development
 A Computer Algebra System for Polynomial Computations       /   version 4.3.2
                                                           0<
 by: W. Decker, G.-M. Greuel, G. Pfister, H. Schoenemann     \   Feb 2023
FB Mathematik der Universitaet, D-67653 Kaiserslautern        \  Debian 1:4.3.2-p10+ds-1.1build1
// ** loaded /usr/bin/../share/singular/LIB/primdec.lib (4.3.2.9,Oct_2023)
// ** loaded /usr/bin/../share/singular/LIB/ring.lib (4.3.1.3,Feb_2023)
// ** loaded /usr/bin/../share/singular/LIB/absfact.lib (4.1.2.0,Feb_2019)
// ** loaded /usr/bin/../share/singular/LIB/triang.lib (4.1.2.0,Feb_2019)
// ** loaded /usr/bin/../share/singular/LIB/matrix.lib (4.3.2.3,Aug_2023)
// ** loaded /usr/bin/../share/singular/LIB/nctools.lib (4.1.2.0,Feb_2019)
// ** loaded /usr/bin/../share/singular/LIB/inout.lib (4.1.2.0,Feb_2019)
// ** loaded /usr/bin/../share/singular/LIB/random.lib (4.1.2.0,Feb_2019)
// ** loaded /usr/bin/../share/singular/LIB/polylib.lib (4.2.0.0,Dec_2020)
// ** loaded /usr/bin/../share/singular/LIB/elim.lib (4.3.2.5,Jul_2023)
// ** loaded /usr/bin/../share/singular/LIB/general.lib (4.1.2.0,Feb_2019)
[65535:3]1(9)s(8)s2(7)s(6)s3(5)s(4)s(3)s(2)sss
(S:9)---------
product criterion:45 chain criterion:0
// ** redefining j (int j = 2;)
rt
Auf Wiedersehen.
                     SINGULAR                                 /  Development
 A Computer Algebra System for Polynomial Computations       /   version 4.3.2
                                                           0<
 by: W. Decker, G.-M. Greuel, G. Pfister, H. Schoenemann     \   Feb 2023
FB Mathematik der Universitaet, D-67653 Kaiserslautern        \  Debian 1:4.3.2-p10+ds-1.1build1
// ** loaded /usr/bin/../share/singular/LIB/primdec.lib (4.3.2.9,Oct_2023)
// ** loaded /usr/bin/../share/singular/LIB/ring.lib (4.3.1.3,Feb_2023)
// ** loaded /usr/bin/../share/singular/LIB/absfact.lib (4.1.2.0,Feb_2019)
// ** loaded /usr/bin/../share/singular/LIB/triang.lib (4.1.2.0,Feb_2019)
// ** loaded /usr/bin/../share/singular/LIB/matrix.lib (4.3.2.3,Aug_2023)
// ** loaded /usr/bin/../share/singular/LIB/nctools.lib (4.1.2.0,Feb_2019)
// ** loaded /usr/bin/../share/singular/LIB/inout.lib (4.1.2.0,Feb_2019)
// ** loaded /usr/bin/../share/singular/LIB/random.lib (4.1.2.0,Feb_2019)
// ** loaded /usr/bin/../share/singular/LIB/polylib.lib (4.2.0.0,Dec_2020)
// ** loaded /usr/bin/../share/singular/LIB/elim.lib (4.3.2.5,Jul_2023)
// ** loaded /usr/bin/../share/singular/LIB/general.lib (4.1.2.0,Feb_2019)
[65535:3]1(9)s2(8)s(7)s3(6)s(5)s(4)s(3)s(2)ss4s
(S:9)---------
product criterion:45 chain criterion:0
// ** redefining j (int j = 2;)
rt
// ** redefining p (    poly p = reduce(kb[a]*kb[b], gb);)
rt
// ** redefining b (int b = 1;)
// ** redefining p (    poly p = reduce(kb[a]*kb[b], gb);)
rt
// ** redefining p (    poly p = reduce(kb[a]*kb[b], gb);)
rt
Auf Wiedersehen.

Set::write: Tag String in A[5] is Protected.

Set::write: Tag Plus in 29698675 + 35986074 A[5] is Protected.

Set::write: Tag String in A[5] is Protected.

General::stop: Further output of Set::write will be suppressed during this calculation.
  >> 4 region(s): expReg=113.72500000000001s  build=0.059000000000000004s
  [sector total: 113.788s]
#Non-triv Sectors = 1

[SECTOR_RESULT] key=01011 tier=Quick state=done time=113.788674 regions=4
