
      +++  sector:  {0, 1, 1, 0, 1}  (1/1)  +++ 
                     SINGULAR                                 /  Development
 A Computer Algebra System for Polynomial Computations       /   version 4.3.2
                                                           0<
 by: W. Decker, G.-M. Greuel, G. Pfister, H. Schoenemann     \   Feb 2023
FB Mathematik der Universitaet, D-67653 Kaiserslautern        \  Debian 1:4.3.2-p10+ds-1.1build1
compute hilbert series with std in ring (ZZ/179424673),(x10,x9,x8,x7,x6,x5,x4,x3,x2,x1,@),(dp(11),C)
weights used for hilbert series: 1,1,1,1,1,1,1,1,1,1,1
[65535:3]2(9)s(8)s(7)s(6)s(5)s(4)s(5)s(7)s(10)s(14)s3(15)s(19)s(24)s(26)s(32)s(39)s(47)s(50)s(53)s(57)s(61)s(65)s(71)s(73)s(76)s(81)4-s(85)--s(88)s(94)--s(98)----s(100)s(107)s(114)s(122)----s(127)--------s(125)s(132)s(140)s(147)s(156)------------s(152)s(158)s(166)s(173)s(180)-----s(182)----s(187)------s-----------5---s(181)s(188)s(196)---s(201)s(209)---------(200)------------------s(191)-----s(193)-----------s(190)s(198)--------------------------------------------------------------------------------------------------(100)--------------------6----s(84)---------------------------------------------------------------------------7---------
product criterion:378 chain criterion:856
std with hilb in (ZZ/179424673),(x10,x9,x8,x7,x6,x5,x4,x3,x2,x1,@),(lp(10),dp(1),C)
[65535:3]2(56)s(55)s(54)ss(53)ss(52)s(54)s(55)s(58)s3(62)s(66)s(71)s(74)s(80)s(82)s(84)s(91)s(94)s(97)s(100)s(105)s(113)s(117)s(123)shhhhhhhhhhhhhhhh4(112)s(117)s(123)s(128)s(137)s(143)s(150)s(158)s(165)s(171)s(178)s(185)s(193)-s(201)s(209)s(215)---s(218)----s(221)s(229)----------s(226)s(234)s(243)----------------shhhhhhhhhhhhhhhhhhhhhhhhhhhhhhhhhhhhhhhhhhhhhhh5(189)s(197)s(203)s(210)s(217)s(224)s(233)----------------s(224)s(232)s(240)s(248)s(256)-s(263)shhhhhhhhhhhhhhhhhhhhhhhhhhhhhhhhhhhhhhhhhhhhhhhhhhhhhhhhhhhhhhhhhhhhhhhhhhhhhhhhhhhhhhhhhhhhhhhhhhhhhhhhhhhhhhhhhhhhhhhhhhhhhhhhhhhhhhhhhhhhhhhhhhhhhhhhhhhhhhh6(112)shhhhhhhhhhhhhhhhhhhhhhhhhhhhhhhhhhhhhhhhhhhhhhhhhhhhhhhhhhhhhhhhhhhhhhhhhhhhhhhhhhhhhhhhhhhhhhhhhhhhhhhhhhhhhhhhhhhhhhhhh
product criterion:407 chain criterion:1025
hilbert series criterion:343
dehomogenization
simplification
imap to ring (ZZ/179424673),(x10,x9,x8,x7,x6,x5,x4,x3,x2,x1),(lp(10),C)
Auf Wiedersehen.
                     SINGULAR                                 /  Development
 A Computer Algebra System for Polynomial Computations       /   version 4.3.2
                                                           0<
 by: W. Decker, G.-M. Greuel, G. Pfister, H. Schoenemann     \   Feb 2023
FB Mathematik der Universitaet, D-67653 Kaiserslautern        \  Debian 1:4.3.2-p10+ds-1.1build1
// ** loaded /usr/bin/../share/singular/LIB/primdec.lib (4.3.2.9,Oct_2023)
// ** loaded /usr/bin/../share/singular/LIB/ring.lib (4.3.1.3,Feb_2023)
// ** loaded /usr/bin/../share/singular/LIB/absfact.lib (4.1.2.0,Feb_2019)
// ** loaded /usr/bin/../share/singular/LIB/triang.lib (4.1.2.0,Feb_2019)
// ** loaded /usr/bin/../share/singular/LIB/matrix.lib (4.3.2.3,Aug_2023)
// ** loaded /usr/bin/../share/singular/LIB/nctools.lib (4.1.2.0,Feb_2019)
// ** loaded /usr/bin/../share/singular/LIB/inout.lib (4.1.2.0,Feb_2019)
// ** loaded /usr/bin/../share/singular/LIB/random.lib (4.1.2.0,Feb_2019)
// ** loaded /usr/bin/../share/singular/LIB/polylib.lib (4.2.0.0,Dec_2020)
// ** loaded /usr/bin/../share/singular/LIB/elim.lib (4.3.2.5,Jul_2023)
// ** loaded /usr/bin/../share/singular/LIB/general.lib (4.1.2.0,Feb_2019)
map with cache
map with cache
map with cache
map with cache
map with cache
map with cache
map with cache
map with cache
map with cache
std in (ZZ/179424673),(x10,x9,x8,x7,x6,x5,x4,x3,x2,x1),(dp(10),C)
[65535:4]1(9)s(8)s(7)s(6)s(5)s(4)s(3)s(2)ss5s
(S:9)---------
product criterion:45 chain criterion:0
[65535:3]1(9)s(8)s(7)s(6)s(5)s(4)s(3)s(2)ss5s
(S:9)---------
product criterion:45 chain criterion:0
map is a permutation
[65535:4]1(10)s(9)s(8)s(7)s(6)s(5)s(4)s(3)s(2)ss2s
(S:10)----------
product criterion:55 chain criterion:0
[65535:3]1(9)s(8)s(7)s(6)s(5)s(4)s(3)s(2)ss2s
(S:9)---------
product criterion:45 chain criterion:0
{1}[65535:5]1(9)s(8)s(7)s(6)s(5)s(4)s(3)s(2)ss2s3(8)--------
(S:10)-----------
product criterion:0 chain criterion:0
(S:10)rrrrrrrrrr
[65535:3]1(9)s(8)s(7)s(6)s(5)s(4)s(3)s(2)ss2s
(S:9)---------
product criterion:45 chain criterion:0
map is a permutation
intersect by elimination method
[65535:5]1(10)s2(9)s(8)s(7)s(6)s(5)s(4)s(3)s(2)ss3s
(S:10)----------
product criterion:55 chain criterion:0
map is a permutation
[65535:4]1(10)s(9)s(8)s(7)s(6)s(5)s(4)s(3)s(2)s2s.4
(S:0)
product criterion:45 chain criterion:0
map is a permutation
[65535:4]1(10)s(9)s(8)s(7)s(6)s(5)s(4)s(3)s(2)s2s.4
(S:0)
product criterion:45 chain criterion:0
map is a permutation
[65535:4]1(10)s(9)s(8)s(7)s(6)s(5)s(4)s(3)s(2)s2s.4
(S:0)
product criterion:45 chain criterion:0
map is a permutation
[65535:4]1(10)s(9)s(8)s(7)s(6)s(5)s(4)s(3)s(2)s2s.4
(S:0)
product criterion:45 chain criterion:0
map is a permutation
[65535:4]1(10)s(9)s(8)s(7)s(6)s(5)s(4)s(3)s(2)s2s.4
(S:0)
product criterion:45 chain criterion:0
map is a permutation
[65535:4]1(10)s(9)s(8)s(7)s(6)s(5)s(4)s(3)s(2)s2s.4
(S:0)
product criterion:45 chain criterion:0
map is a permutation
[65535:4]1(10)s(9)s(8)s(7)s(6)s(5)s(4)s(3)s(2)s2s.4
(S:0)
product criterion:45 chain criterion:0
map is a permutation
[65535:4]1(10)s(9)s(8)s(7)s(6)s(5)s(4)s(3)s(2)s2s.4
(S:0)
product criterion:45 chain criterion:0
map is a permutation
[65535:4]1(10)s(9)s(8)s(7)s(6)s(5)s(4)s(3)s(2)s2s.4
(S:0)
product criterion:45 chain criterion:0
map is a permutation
[65535:4]1(10)s(9)s(8)s(7)s(6)s(5)s(4)s(3)s(2)s2s3s
(S:0)
product criterion:55 chain criterion:0
[65535:3]1(9)s(8)s(7)s(6)s(5)s(4)s(3)s(2)ss2s
(S:9)---------
product criterion:45 chain criterion:0
map is a permutation
[65535:4]1(10)s(9)s(8)s(7)s(6)s(5)s(4)s(3)s(2)ss3s
(S:10)----------
product criterion:55 chain criterion:0
[65535:3]1(9)s(8)s(7)s(6)s(5)s(4)s(3)s(2)ss3s
(S:9)---------
product criterion:45 chain criterion:0
{1}[65535:5]1(9)s(8)s(7)s(6)s(5)s(4)s(3)s(2)ss3s4(8)--------
(S:10)-----------
product criterion:0 chain criterion:0
(S:10)rrrrrrrrrr
[65535:3]1(9)s(8)s(7)s(6)s(5)s(4)s(3)s(2)ss3s
(S:9)---------
product criterion:45 chain criterion:0
map is a permutation
intersect by elimination method
[65535:5]1(10)s2(9)s(8)s(7)s(6)s(5)s(4)s(3)s(2)ss4s
(S:10)----------
product criterion:55 chain criterion:0
map is a permutation
[65535:4]1(10)s(9)s(8)s(7)s(6)s(5)s(4)s(3)s(2)s2s3.5
(S:0)
product criterion:45 chain criterion:0
map is a permutation
[65535:4]1(10)s(9)s(8)s(7)s(6)s(5)s(4)s(3)s(2)s2s3.5
(S:0)
product criterion:45 chain criterion:0
map is a permutation
[65535:4]1(10)s(9)s(8)s(7)s(6)s(5)s(4)s(3)s(2)s2s3.5
(S:0)
product criterion:45 chain criterion:0
map is a permutation
[65535:4]1(10)s(9)s(8)s(7)s(6)s(5)s(4)s(3)s(2)s2s3.5
(S:0)
product criterion:45 chain criterion:0
map is a permutation
[65535:4]1(10)s(9)s(8)s(7)s(6)s(5)s(4)s(3)s(2)s2s3.5
(S:0)
product criterion:45 chain criterion:0
map is a permutation
[65535:4]1(10)s(9)s(8)s(7)s(6)s(5)s(4)s(3)s(2)s2s3.5
(S:0)
product criterion:45 chain criterion:0
map is a permutation
[65535:4]1(10)s(9)s(8)s(7)s(6)s(5)s(4)s(3)s(2)s2s3.5
(S:0)
product criterion:45 chain criterion:0
map is a permutation
[65535:4]1(10)s(9)s(8)s(7)s(6)s(5)s(4)s(3)s(2)s2s3.5
(S:0)
product criterion:45 chain criterion:0
map is a permutation
[65535:4]1(10)s(9)s(8)s(7)s(6)s(5)s(4)s(3)s(2)s2s3.5
(S:0)
product criterion:45 chain criterion:0
map is a permutation
[65535:4]1(10)s(9)s(8)s(7)s(6)s(5)s(4)s(3)s(2)s3s4s
(S:0)
product criterion:55 chain criterion:0
[65535:3]1(9)s(8)s(7)s(6)s(5)s(4)s(3)s(2)ss3s
(S:9)---------
product criterion:45 chain criterion:0
// ** _ is no standard basis
// ** _ is no standard basis
Auf Wiedersehen.
                     SINGULAR                                 /  Development
 A Computer Algebra System for Polynomial Computations       /   version 4.3.2
                                                           0<
 by: W. Decker, G.-M. Greuel, G. Pfister, H. Schoenemann     \   Feb 2023
FB Mathematik der Universitaet, D-67653 Kaiserslautern        \  Debian 1:4.3.2-p10+ds-1.1build1
compute hilbert series with std in ring (ZZ/179424673),(x10,x9,x8,x7,x6,x5,x4,x3,x2,x1,@),(dp(11),C)
weights used for hilbert series: 1,1,1,1,1,1,1,1,1,1,1
[65535:3]2(9)s(8)s3sss(9)s(11)s4(14)s(16)s(17)s(19)s(22)s(24)-s(26)s(30)s(33)s(34)s(38)s(40)s(43)s5(49)s(52)s(58)s(61)s(66)s(71)s(76)s(80)-s(81)s(85)s(88)s(92)--s(94)-----s(96)-s(100)s(106)s(110)--s(113)------s6(115)s(128)s(131)s(136)s(141)s(144)s(148)s(155)s(161)-s(167)s(174)-s(178)s(184)s(188)s(193)-----------s(186)s(191)s(197)s(203)s(206)s(211)s(217)s(223)s(228)s(233)------s(230)--s(234)-s(238)-s(242)s(245)-----s--ss(251)s(255)s(262)-s(266)-s(270)s(277)s(283)----s(286)-----7-s(288)s(294)s(305)s(311)-s(316)s(325)s(331)s(337)s(344)-s(351)--s(356)-s(362)s(365)s(370)-s(376)-s(387)ss(391)s(397)s(404)s(410)s(417)s(424)s(430)s(435)s(443)s(448)s(456)s(467)s(474)-s(480)s(483)s(487)s(493)s(500)s(508)s(512)s(518)----s(519)s(524)----s(525)s(531)s(536)--s(539)--s(546)-s(552)s(556)s(561)s(567)-s(572)s(580)-s(586)s(593)s(599)-s(607)s(613)-s(619)s(626)s(635)s(642)s(647)s(653)s(657)s(665)s(673)----s(675)s(683)--s(688)s(695)s(702)s(710)s(718)s(724)s(732)s(741)s(748)-----s(751)s(757)---s(758)-s(763)s(768)s(774)---s(776)-s(784)------s(785)s(792)s(797)--s(802)--(800)-----------s(795)---s(798)--s(802)s(808)s(814)s(821)-------s(820)s(828)s(834)------s(833)s(838)-s(842)-----s(846)s(853)-----s(856)--s(861)-s(866)----s(871)-s(877)s(884)s(889)-s(894)-s(899)--s(901)-(900)--s(906)---s(909)----s(910)s(917)--s(921)s(926)-s(932)-s(937)------s(938)s(945)s(951)-s(956)-8-s(965)-s(973)-s(979)s(985)s(992)s(1004)s(1012)s(1017)-s(1026)s(1034)s(1041)s(1047)--s(1053)-s(1059)s(1063)s(1074)s(1080)s(1087)-s(1090)s(1096)s(1104)s(1111)-s(1118)s(1125)s(1130)s(1134)s(1142)-------s(1144)-------s(1145)--s(1150)s(1155)s(1162)s(1170)s(1175)s(1181)s(1187)-s(1193)-s(1200)-s(1206)----s(1209)---------(1200)-s(1207)s(1215)s(1221)----ss(1228)-s(1235)s(1239)s(1245)s(1251)---s(1254)s(1260)-s(1266)-------ss(1273)----s(1274)s(1283)s(1290)-s(1295)----s(1298)-s(1305)s(1314)s(1322)s(1329)s(1337)s(1345)s(1352)-s(1358)--s(1364)s(1370)s(1377)s(1385)s(1393)s(1399)s(1408)s(1417)s(1426)---s(1429)s(1437)s(1445)-s(1452)s(1460)s(1466)s(1473)-----s(1476)s(1484)------s(1487)s(1493)s(1499)------s(1500)----s(1504)----(1500)s(1507)s(1515)--s(1520)s(1528)-s(1534)s(1541)-s(1548)-s(1556)s(1565)s(1573)--s(1577)s(1586)--------ss(1595)----s(1598)-s(1605)---s(1610)s(1617)-s(1624)s(1632)s(1641)s(1648)s(1656)s(1664)-s(1671)---s(1675)-s(1682)--s(1686)------s(1687)s(1695)-s(1703)s(1710)s(1717)s(1725)s(1732)s(1739)---------s(1738)s(1747)--s(1754)s(1762)-----s(1765)s(1774)--s(1781)s(1788)s(1796)--s(1802)s(1810)----------(1800)------------s(1795)-----------------------s(1780)-------------s(1776)-s(1782)-s(1788)----------s(1786)s(1793)------------------s(1783)--s(1790)-------s-----------------------s(1775)------------s(1770)--s(1775)--s(1780)s(1788)s(1796)----------s(1795)s(1804)----(1800)-------s(1801)-(1800)--s(1807)-------(1800)-----s(1803)s(1811)-s(1818)s(1826)-s(1833)-----s(1835)----------------------------s(1815)-s(1822)s(1830)--------------s(1825)s(1833)--------------------s(1821)---s(1825)-----s(1827)s(1834)s(1842)-----------s(1840)-------s(1842)-----s(1846)s(1854)-s(1861)------s(1863)s(1872)-s(1879)s(1888)s(1896)-s(1903)s(1909)---------(1900)-s(1907)-------(1900)----------------------------s(1880)s(1888)s(1895)---s(1900)s(1906)---s(1910)-----s(1913)-s(1921)-s(1929)s(1937)---------s(1935)--------------------s(1923)s(1931)---s(1937)----s(1940)-----s(1944)-s(1951)------------s(1947)s(1956)s(1964)------------s(1961)s(1968)--s(1975)----s(1978)s(1986)--------s(1987)s(1995)----------s(1993)----s(1998)----------s(1996)------------------------s(1980)---------s(1979)-s(1985)----------------s(1978)------s(1979)-s(1985)s(1993)-s(1999)---s(2003)---(2000)-----s(2001)-(2000)------------s(1996)-------s--------s9(1995)-----------------------------------------------------------------------------------------------(1900)----------------------------------------------------------------------------------------------------(1800)----------------------------------------------------------------------------------------------------(1700)----------------------------------------------------------------------------------------------------(1600)----------------------------------------------------------------------------------------------------(1500)----------------------------------------------------------------------------------------------------(1400)--------------------------------------------s(1364)----------------------------------------------------------------(1300)-------------------------------------------------------------------------------s(1229)-----------------------------(1200)--------------------------------------------------------------------s(1140)------------------------s(1125)-------------------------(1100)-------------------------------------------------------------------------------------s(1023)-------s(1024)----s(1028)----------------------------(1000)------------s(996)------------s(992)---------s--------------------------------------------------------------------------------------------(900)------------s(896)------------------------------------------------s(856)---s(862)s(870)----------------------------------------------s(832)-s(840)---------------s(833)-------s(835)------s(837)-------------------------------s(815)---------------(800)-----------------------------------------------------------s(749)-------------------------------------------s(713)s(722)-------------------s(711)-----------(700)-------s(702)-s(710)----------(700)-------------s(696)--------------------------------------------------------------------------------s(624)------------------------(600)---------------------------------------------------------------------------s(533)-------s(534)s(543)---s(548)---s(553)-----------------------------------------------------(500)-----------------------s(485)----------------------s(472)-------------s(467)----------------s(458)----------------s(450)s(459)-----------s(456)---s(460)s(469)-s(476)s(483)s(490)s(499)--------------------s(486)------------------------------s(463)-----s(467)--------------s10(459)-----------------------------------------------------------(400)----------------------------------------------------------------------------------------------------(300)----------------------------------------------------------------------------------------s(220)--------------------(200)----------------------------------------------------------------------------------------------------(100)-----------s(96)---------------------s(83)----------------------s(68)---------s(67)s(75)-----------------------11----------------------------------------------------
product criterion:3367 chain criterion:110676
std with hilb in (ZZ/179424673),(x10,x9,x8,x7,x6,x5,x4,x3,x2,x1,@),(lp(10),dp(1),C)
[65535:3]2(485)s(484)s3ss(485)s(487)s(490)-s4(493)ss(494)s(497)s(499)s(503)s(505)s(508)s(513)s(516)s(519)s(524)-s(525)s(529)s(532)s(537)s(543)-shhhhhhhhh5(540)s(545)s(546)s(552)s(564)s(581)s(588)s(591)s(593)-s(600)s(604)s(607)s(613)--s(617)s(622)s(626)s(632)--s(636)s(642)---ss(649)s(655)s(660)s(667)-s(674)-s(675)s(680)-----s(682)s(688)-s(691)--s(690)------ss(692)--s(696)--shhhhhhhhhhhhhhhhh6(684)s(691)s(697)s(704)-s(716)s(724)-----s(720)-s(726)------s(727)s(728)s(735)-s(737)-s(743)-----s(745)---s(743)s(748)--ss(754)s(761)---s(765)-------s(766)---s(767)------s(766)-s(770)-s(773)-s(779)-s(783)-s(789)s(792)s(799)-s(801)-(800)s(808)--------(800)s(805)s(810)---s(814)-----s(812)----s(814)s(821)-s(825)--s(827)s(834)-s(837)-s(842)-----------s(835)------s--s(838)s(841)---s(843)-------s(840)----shhhhhhhhhhhhhhhhhhhhhhhhhhhhhhhhhhhhhhh7(801)s(810)s(818)s(825)s(834)s(842)s(850)s(858)s(866)-----s(869)---s(874)-s(880)s(889)-s(895)-s(902)s(916)s(923)-s(930)-s(934)---s(940)s(947)-s(952)s(959)s(965)s(974)s(980)s(988)s(996)s(1002)-s(1006)s(1011)s(1016)----s(1019)s(1025)s(1030)s(1035)s(1041)-s(1046)----s(1049)-s(1054)s(1061)s(1067)-s(1074)s(1081)-s(1087)s(1094)s(1099)s(1107)s(1112)-----s(1114)-s(1117)s(1124)-s(1130)s(1137)--s(1142)s(1148)--s(1150)----s(1154)s(1161)s(1165)s(1173)s(1181)-s(1187)--------ss(1189)s(1197)-s(1202)s(1208)s(1214)s(1223)s(1232)s(1240)-s(1245)s(1252)s(1260)-s(1267)--s(1272)-----s(1271)--s(1277)s(1284)s(1291)s(1299)s(1306)----s(1307)s(1314)---s(1318)---s(1320)-s(1325)--s(1328)-s(1335)---s(1339)----ss(1345)-----s(1349)s(1354)s(1363)s(1369)s(1376)-s(1383)--------s(1381)s(1389)s(1397)--------s(1394)s(1400)--s(1403)---(1400)--s(1405)-----(1400)s(1406)s(1411)-------s(1409)s(1414)-s(1417)-----s(1419)s(1428)--s(1431)--s(1437)-s(1444)-----------s(1440)-----s(1443)s(1450)--s(1454)s(1460)----ss(1465)s(1471)--s(1474)s(1481)s(1488)----s(1492)-----------s(1486)s(1493)s(1500)s(1509)shhhhhhhhhhhhhhhhhhhhhhhhhhhhhhhhhhhhhhhhhhhhhhhhhhhhhhhhhhhhhhhhhhhhhhhhhhhhhhhhhhhhhhhhhhhhhhhhhhhhhhhhhhhhhhhhhhhhhhhhhhhhhhhhhhhhhhhhhhh8(1377)----s(1382)-s(1390)---s(1396)s(1405)--s(1412)----s(1417)----s(1420)s(1427)--s(1433)s(1441)s(1448)s(1456)s(1464)s(1472)s(1480)s(1488)---s(1493)s(1502)--(1500)------------s(1496)--s(1503)s(1512)s(1521)--s(1528)-s(1535)s(1543)s(1550)--s(1557)--s(1564)s(1572)--s(1578)s(1586)s(1594)-s(1601)-(1600)---s(1605)-s(1613)s(1622)-s(1630)-----------s(1627)s(1635)---s(1640)s(1648)-----s(1652)s(1660)s(1669)-s(1676)-s(1683)s(1691)s(1700)s(1708)--------(1700)--------s(1701)-(1700)s(1709)----s(1714)-s(1722)--s(1729)------s(1732)-s(1740)-s(1746)s(1755)-s(1761)s(1770)s(1778)s(1785)s(1794)-s(1801)s(1809)s(1818)s(1826)s(1835)s(1842)s(1851)s(1858)s(1865)s(1874)-s(1882)s(1891)-s(1899)-s(1907)-----s(1911)--s(1918)s(1927)s(1936)--s(1942)-s(1949)s(1958)s(1967)--s(1974)----s(1979)s(1987)---------s(1985)----s(1986)s(1993)--s(1999)s(2008)s(2014)s(2021)--s(2028)---s(2031)-----s(2034)-----s(2038)--s(2042)s(2050)s(2059)s(2067)s(2074)-------s(2076)--s(2082)--s(2089)--s(2095)-s(2103)s(2109)----s(2113)-s(2121)--s(2126)--s(2133)---------------------------------(2100)---s(2105)-----(2100)s(2107)--s(2113)----s(2117)-s(2123)-s(2131)--s(2137)------s(2140)-s(2146)s(2153)s(2161)--s(2167)---s(2173)s(2181)s(2189)s(2196)s(2202)-s(2210)s(2217)s(2225)s(2232)s(2239)-----s(2242)s(2248)s(2257)-s(2262)s(2270)s(2277)--s(2284)s(2292)s(2300)-s(2308)s(2314)s(2321)-s(2326)s(2332)s(2335)s(2342)s(2350)s(2358)s(2364)-----------------s(2356)--------s(2357)-s(2365)s(2373)---------s--s(2380)-s(2388)s(2396)-----s(2400)-s(2406)s(2413)s(2421)-s(2428)--s(2435)s(2443)s(2450)-----s(2454)----s(2458)s(2467)-s(2475)-------s(2474)----------------s(2465)-s(2472)s(2479)-s(2483)--------s(2482)------------------------s(2466)s(2475)-----s(2476)-s(2484)s(2491)------s(2490)-------s(2491)s(2498)--s(2503)-s(2509)s(2518)-s(2524)s(2533)s(2542)--s(2549)-------s(2551)s(2558)s(2562)s(2568)----s(2570)---s(2574)s(2580)--s(2586)s(2591)-s(2598)-s(2603)s(2609)s(2617)-s(2623)------------s(2619)s(2627)----s(2631)-s(2637)-s(2643)s(2651)s(2658)s(2666)s(2674)--s(2677)--------s(2678)s(2686)---------s(2685)-----s(2688)------s(2689)-s(2695)s(2699)---s(2704)-s(2712)------------(2700)--s(2706)------(2700)-s(2707)-s(2712)------------(2700)-------------s(2694)---------s(2693)---s(2697)----s(2702)s(2711)s(2719)s(2726)----------s(2721)s(2729)s(2737)---s(2742)s(2749)s(2755)s(2764)s(2773)s(2782)s(2789)s(2795)s(2803)s(2811)s(2818)s(2826)-s(2833)s(2841)s(2850)------s(2853)s(2862)-s(2869)s(2875)s(2883)--s(2889)---s(2895)---s(2899)-s(2903)-s(2907)s(2914)s(2923)s(2930)s(2936)s(2942)s(2949)s(2954)-s(2960)---s(2963)--s(2968)-s(2974)-------ss(2982)--s(2987)s(2994)s(3000)s(3008)s(3015)s(3021)s(3029)s(3035)s(3041)--s(3044)---s(3048)s(3052)s(3058)--s(3063)s(3070)-s(3076)-s(3082)--s(3088)s(3095)-s(3099)-----s(3101)-(3100)-----------------------------------------------------s(3056)s(3065)-s(3072)--s(3079)--s(3086)-----s(3089)-----s(3091)---s(3096)s(3104)----(3100)--s(3106)------(3100)----s(3102)--(3100)s(3105)---s(3110)s(3118)s(3125)s(3131)---------------------s(3114)-s(3118)-----s(3119)s(3124)---------------s(3115)--s(3118)s(3123)s(3130)s(3136)shhhhhhhhhhhhhhhhhhhhhhhhhhhhhhhhhhhhhhhhhhhhhhhhhhhhhhhhhhhhhhhhhhhhhhhhhhhhhhhhhhhhhhhhhhhhhhhhhhhhhhhhhhhhhhhhhhhhhhhhhhhhhhhhhhhhhhhhhhhhhhhhhhhhhhhhhhhhhhhhhhhhhhhhhhhhhhhhhhhhhhhhhhhhhhhhhhhhhhhhhhhhhhhhhhhhhhhhhhhhhhhhhhhhhhh9(2909)---------(2900)----------------------------------------------------------------------------------------------------(2800)----------------------------------------------------------------------------------------------------(2700)-----------------s(2691)-------------------------------------------------------------------------------------------(2600)----------------------------------------------------------------------------------------------------(2500)----------------------------------------------------------------------------------------------------(2400)----------------------------------------------------------------------------------------------------(2300)----s(2304)----(2300)----------------------------------------------------------------------------------------------------(2200)-s(2208)--------(2200)-------------------------------s(2178)-s(2186)----------------------------------s(2161)--s(2168)--------------s(2163)--------------------------------s(2140)-s(2147)s(2156)----------------s(2149)-----s(2152)----s(2155)-------------------------s(2139)-s(2147)-----s(2150)-s(2157)-s(2164)----------------------------------------------------------------(2100)-----------------------------s(2079)------------s(2075)-----s(2079)s(2086)s(2094)----s(2099)----s(2104)----(2100)----------------------------------------------------s(2055)---s(2060)-s(2067)s(2076)----------------------------s(2055)s(2064)-----------s(2061)----------s(2060)------------s(2057)s(2066)s(2074)----s(2078)s(2086)-----------------------------------------s(2053)-s(2061)s(2068)s(2076)-------------s(2071)s(2080)----s(2083)s(2092)-------------s(2087)----s(2091)s(2099)---s(2103)---(2100)--s(2107)-------(2100)--------s(2095)---------s(2091)------------------------------------s(2064)-------s-------------s(2060)----s(2063)----s(2068)s(2075)-------s(2076)-s(2083)s(2090)------s(2093)---s(2098)---s(2104)--s(2110)---s(2114)s(2123)-----s(2126)--s(2132)----s(2136)s(2144)s(2153)s(2161)----------s(2159)---s(2164)s(2172)--s(2177)--------s(2176)s(2185)s(2191)-s(2198)s(2204)-s(2211)-s(2219)s(2227)s(2236)---s(2242)s(2251)s(2260)s(2268)-s(2275)s(2280)-s(2283)s(2292)-s(2298)--------------------------------------------------------------------------------------s(2221)---------------------(2200)-------------------------------------------------------------------------------s(2129)-s(2135)--------s-------------s(2129)-----------------------------(2100)---------------------------------s(2075)----s(2079)--s(2086)-----------------------------------------------s(2048)-----s(2052)--s(2055)--s(2058)-----s(2062)s(2071)-------------s(2067)--s(2074)s(2083)s(2091)-----s(2093)------s(2095)s(2102)--(2100)s(2106)------(2100)------------s(2097)---s(2100)-s(2107)--s(2113)s(2122)---s(2127)s(2134)s(2140)-s(2147)--------------s(2141)-------s(2142)----------------------s(2127)----------------s(2117)-------s(2118)--s(2125)s(2130)-s(2137)s(2145)--s(2149)---s(2154)-----------s(2150)s(2158)---------s--------------s(2153)--s(2160)------------s(2157)s(2164)s(2170)s(2179)s(2188)s(2197)-s(2204)--s(2208)--s(2211)s(2218)------s(2220)----s(2225)-----s(2228)s(2236)---s(2240)-s(2246)--s(2252)---s(2258)------s(2261)-----s(2265)---------------------------------------------------------s(2217)-----------------(2200)------------s(2197)---------------------------------------------s(2159)-------s(2161)------------------------s(2146)-----s(2150)-----------------s(2140)--------ss(2149)s(2157)s(2166)--s(2173)s(2181)-s(2189)-s(2197)----s(2200)s(2209)s(2218)---s(2220)--s(2222)------s------s(2223)s(2229)---s(2234)-s(2240)---s(2245)s(2253)----------------------s(2240)s(2246)s(2251)s(2260)----s(2265)s(2272)s(2278)s(2285)s(2292)s(2300)--s(2306)s(2314)--s(2320)s(2328)s(2336)s(2343)s(2349)--------------s(2341)-s(2346)-----s(2348)--s(2354)-s(2360)--s(2366)----s(2369)--s(2374)--s(2381)-s(2387)------------s(2383)-------s(2384)--s(2389)s(2396)-s(2402)s(2411)s(2419)-s(2425)s(2432)s(2438)s(2445)---------------------------------------------(2400)----------------------------------------------------------------------------------------------------(2300)----------------s(2292)--------------------------s(2275)----s(2279)s(2283)---s(2285)--s(2291)--------s--s(2296)--s(2302)--(2300)-----------s(2298)----------s(2292)---s(2298)s(2304)s(2312)-s(2320)s(2326)s(2334)s(2340)s(2345)--s(2348)---------------------------s(2328)--s(2335)-s(2340)--------s(2339)-s(2345)--s(2347)s(2353)-s(2358)s(2364)---s(2368)-------------s(2362)-------------s(2355)----s(2356)-------s(2355)s(2361)shhhhhhhhhhhhhhhhhhhhhhhhhhhhhhhhhhhhhhhhhhhhhhhhhhhhhhhhhh10(2309)---------(2300)----------------------------------------------------------------------------------------------------(2200)----------------------------------------------------------------------------------------------------(2100)----------------------------------------------------------------------------------------------------(2000)----------------------------------------------------------------------------------------------------(1900)----------------------------------------------------------------------------------------------------(1800)----------------------------------------------------------------------------------------------------(1700)------------------------------------------------------------------s(1642)--------------------s(1630)----------------------------s(1610)----------(1600)------s(1602)--(1600)-----------------------s(1585)-------------------------------------------------------------------------------------(1500)---------------------s(1487)---------------------s(1474)-s(1480)s(1488)---------------------s(1476)--------------------s(1464)----------------------------------------------------------------(1400)--------------s(1395)s(1404)----(1400)----------------------s(1387)s(1396)---------s------------------s(1386)----s(1389)----s(1393)s(1402)--(1400)-------------s(1395)-s(1403)-s(1409)---------(1400)--------s----------------------------------s(1375)------s(1377)-----------------------------------------------------------------------------(1300)--------------------s(1289)---------------s(1283)--------s(1281)---------s(1278)---------s--s(1285)--------s(1286)--------s(1287)--s(1294)--s(1298)s(1306)------(1300)-------s(1301)-(1300)---------s-------------s(1296)------s---------s(1294)--s(1299)s(1306)------(1300)---s(1306)-s(1313)-----s(1316)s(1325)--------------------s(1314)--------------(1300)-------s(1302)--(1300)-------------------s(1290)----s(1293)s(1299)-------s---s(1303)-s(1309)--s(1315)-----s(1317)----s(1322)---s(1328)---------------------s(1313)-------------(1300)----------------s(1292)-s(1296)------s(1299)-s(1306)------(1300)--s(1307)-------(1300)s(1306)------(1300)s(1308)s(1317)--s(1324)-------------------s(1311)-----------(1300)---------s(1299)-----s(1303)---(1300)--------------------s(1288)------s(1291)-s(1299)--------------s(1293)----s(1297)---s(1302)-s(1310)--s(1317)s(1325)--s(1332)---------------------s(1319)s(1327)----s(1332)----s(1337)--s(1343)-s(1351)s(1360)-s(1368)--s(1375)s(1384)s(1393)s(1400)s(1407)-------(1400)-----s(1404)s(1413)s(1420)s(1429)---s(1435)s(1441)s(1448)--s(1452)s(1459)-s(1464)-s(1470)s(1479)s(1487)s(1495)--s(1500)----s(1503)s(1510)s(1517)--s(1524)s(1533)s(1542)s(1551)---s(1557)s(1563)s(1572)s(1581)s(1589)s(1597)---s(1602)-s(1609)s(1617)s(1624)s(1632)-s(1639)s(1646)s(1655)-s(1662)------s(1663)-------ss(1670)--s(1675)---s(1679)s(1687)s(1695)s(1702)-s(1709)s(1718)s(1726)s(1735)s(1744)s(1753)s(1761)----s(1765)----s(1769)--s(1774)-----s(1777)-----s(1778)s(1785)s(1794)--s(1798)--s(1803)-s(1808)-s(1815)s(1824)----s(1826)--s(1832)------s(1833)s(1840)----------------------------------------(1800)--------s(1799)------s(1800)------------------------------------------------------------------------s(1736)----------s(1735)------s(1738)s(1747)-----------------s(1739)---------------s(1733)--------s(1734)------------s(1730)-----------------s(1721)---------------------(1700)-s(1704)---s(1709)---------(1700)----------------s(1691)s(1697)----s(1699)s(1705)-s(1710)-s(1715)-s(1721)--------------s(1714)---------s(1712)--s(1717)-----s(1718)------------------(1700)---------shhhhhhhhhhhhhhhh11(1680)--------------------------------------------------------------------------------(1600)----------------------------------------------------------------------------------------------------(1500)----------------------------------------------------------------------------------------------------(1400)----------------------------------------------------------------------------------------------------(1300)------------s(1296)------------s(1292)---------------------s(1279)------s(1281)----------------------------------------s(1249)-------------------------s(1230)-------------------s(1219)-------------------(1200)----------------------------------------------s(1163)----------------------------s(1144)----------------------------s(1125)s(1134)s(1143)---------------s(1137)---s(1143)-s(1149)-------------------------------------------------(1100)----------------------------------------------------------------------------------------------------(1000)-----------------------------------------------------s(956)-------s(957)---------s(956)--------------s(951)-s(958)--------s(956)------s(957)---s(963)s(972)-------------s(967)---s(973)-------------s(969)s(977)s(985)s(994)s(1002)--(1000)-----s(1004)----(1000)--------------s(994)--------------------------s(977)-----------------------s(961)----------s(958)----------s(957)------s(959)------------------s(950)----------------------s(937)-------s--s(943)-s(949)-----------------s(937)---------s(934)------s(937)-s(944)----s(948)---------ss(957)s(966)----------s(964)--s(970)s(979)s(988)-s(995)s(1004)-s(1012)s(1020)---s(1026)s(1035)----s(1038)-----s(1040)--------s(1039)--s(1046)s(1053)-s(1059)s(1067)-s(1075)s(1080)s(1089)s(1096)s(1103)s(1112)s(1121)s(1129)s(1138)s(1147)-s(1153)s(1162)----s(1165)s(1173)-s(1180)s(1187)s(1194)s(1200)s(1209)s(1216)s(1223)s(1232)s(1240)--s(1246)s(1254)s(1262)s(1271)s(1279)s(1288)-s(1295)s(1304)s(1311)s(1319)s(1327)s(1335)s(1344)-------------------s(1333)--s(1337)---s(1342)---------s(1339)--------s(1338)----s(1341)-----s(1344)s(1352)s(1360)s(1369)s(1378)s(1387)----------s(1382)s(1388)---s(1393)-------s(1392)------------------s(1380)--------------s(1374)---s(1377)s(1384)--s(1390)s(1398)s(1406)-s(1412)-s(1419)s(1428)s(1437)s(1444)-----s(1447)-s(1455)------------------------------------s(1427)-------s(1428)s(1436)----------s(1432)s(1441)-s(1449)--------s(1450)----s(1455)----s(1460)------------s(1453)-s(1458)--------------------------------s(1433)--------------------s(1419)--s(1423)-----------------------(1400)-------------------s(1386)-----------s(1382)-s(1389)--------s(1388)s(1396)----s(1401)-(1400)--shhhhhhhhhhhhhhhhhhhhhhhhhhh12(1378)------------------------------------------------------------------------------(1300)----------------------------------------------------------------------------------------------------(1200)----------------------------------------------------------------------------------------------------(1100)--------------------------------------------------------------------------------s(1027)------------s(1023)-----------------------(1000)--s(1006)------(1000)----------------------------------------s(968)-------------------------s(950)------------------------s(935)-----------------------------------(900)---------------------s(888)----------------------------------------------------------------------------------------(800)---------s(799)-------------------------------------------s(763)------s(766)-----s(770)-------------------------------------------s(735)s(743)----s(748)-------------------------------------------s(712)--------s(713)-----------s(711)-----------(700)-----s(703)---(700)---------ss(707)--s(713)---s(718)---------s(716)s(725)-------------------s(714)--------------(700)---------s(699)s(708)s(717)s(725)-s(733)s(742)s(751)----------------------s(737)-------s-s(745)--s(750)-s(756)s(765)s(774)s(783)s(790)s(799)s(808)-s(816)s(824)s(833)-s(841)-s(849)s(858)--------s(859)------------s(853)---s(856)s(865)----s(869)s(878)s(886)s(893)--s(899)s(907)---s(912)s(921)s(930)----s(935)--s(941)-s(949)s(958)s(966)-s(972)s(981)s(989)------s---------s--------s(988)-----s(990)-----------------------s(973)-----s(977)s(985)s(992)s(999)s(1007)s(1016)-s(1024)s(1032)------s(1031)-------s--------s(1030)-s(1037)-s(1044)s(1052)s(1060)s(1069)----s(1073)-s(1080)---s(1086)----------s(1083)----s(1087)---------s(1085)s(1093)s(1102)--(1100)----------------------------s(1081)-----------------------------------s(1055)s(1064)-----------------------------------------s(1030)--s(1037)------------------s(1025)----s(1028)-----------s(1023)-------------s(1017)-----------------(1000)----s(1005)-s(1010)------s(1013)s(1017)-shhhh13(1018)------------------(1000)----------------------------------------------------------------------------------------------------(900)----------------------------------------------------------------------------------------------------(800)-----------------------------------------------------------------------