
      +++  sector:  {1, 1, 1, 0, 1}  (1/1)  +++ 
                     SINGULAR                                 /  Development
 A Computer Algebra System for Polynomial Computations       /   version 4.3.2
                                                           0<
 by: W. Decker, G.-M. Greuel, G. Pfister, H. Schoenemann     \   Feb 2023
FB Mathematik der Universitaet, D-67653 Kaiserslautern        \  Debian 1:4.3.2-p10+ds-1.1build1
compute hilbert series with std in ring (ZZ/179424673),(x10,x9,x8,x7,x6,x5,x4,x3,x2,x1,@),(dp(11),C)
weights used for hilbert series: 1,1,1,1,1,1,1,1,1,1,1
[65535:3]2(9)s(8)s(7)s(6)s(5)s(4)s(5)s(6)s(8)s(11)s3(15)s(19)s(24)s(30)s(37)s(39)s(47)s(50)s(53)s(57)s(60)s(65)s(68)s(72)s(77)s(80)s4(84)s(89)-s(93)-s(98)-s(103)--s(108)s(113)s(119)-s(124)s(131)----s(135)s(141)----------s(138)-s(145)---s(148)s(155)s(162)s(169)s(176)-----s(178)s(187)s(195)s(204)----(200)-------s(201)-(200)--------------------s5(184)s(191)s(199)s(206)s(214)-s(222)-----s(226)s(235)-------------------s(223)---s(228)s(236)s(244)---------------------------------------s(213)-------------(200)--s(207)-s(214)s(222)s(231)--------------s(225)-------------------------(200)---------------------------------------------6-s(162)--s(169)--s(175)--s(182)----------------------------------------------------------------------------------(100)--------------------------------------------------------------7----s(42)-----s(45)---------------------------8------------------
product criterion:525 chain criterion:1606
std with hilb in (ZZ/179424673),(x10,x9,x8,x7,x6,x5,x4,x3,x2,x1,@),(lp(10),dp(1),C)
[65535:3]2(72)s(71)ss(70)ss(71)s(73)s(77)sss3(78)s(82)s(87)s(90)s(96)s(100)s(103)s(110)s(112)s(116)s(119)s(127)s(130)s(135)s(139)s(142)shhhhhhhhhhhhhhhh4(131)s(136)s(142)s(147)s(154)s(160)s(166)s(175)s(182)s(190)s(197)s(204)s(213)s(221)-s(225)-s(230)s(237)--s(242)-s(248)------s(249)-------s(250)---------------s(243)-s(251)s(260)---------------------------shhhhhhhhhhhhhhhhhhhhhhhh5(213)s(221)s(230)s(236)s(243)s(250)-s(256)s(264)s(273)s(280)s(288)-s(296)-----s(299)---------------s(291)-s(298)-s(305)-----(300)----------s(299)--s(306)------(300)-------------------s(289)-s(296)--------s--------s-----------s(294)-------------------------------------------------------------------------shhhhhhhhhhhhhhhhhh6(212)s(219)s(227)s(235)s(244)s(253)-s(260)-----------------------shhhhhhhhhhhhhhhhhhhhhhhhhhhhhhhhhhhhhhhhhhhhhhhhhhhhhhhhhhhhhhhhhhhhhhhhhhhhhhhhhhhhhhhhhhhhhhhhhhhhhhhhhhhhhhhhhhhhhhhhhhhhhhhhhhhhhhhhhhhhhhhhhhhhhhhhhhhhhhhhhhhhhhhhhhhhhhhhhhhh7(65)s(74)-shhhhhhhhhhhhhhhhhhhhhhhhhhhhhhhhhhhhhhhhhhhhhhhhhhhhhhhhhhhhhhh8(18)shhhhhhhhhhhhhhhhhh9(9)shhhhhhhhhhhhhhhhhh
product criterion:616 chain criterion:2269
hilbert series criterion:337
dehomogenization
simplification
imap to ring (ZZ/179424673),(x10,x9,x8,x7,x6,x5,x4,x3,x2,x1),(lp(10),C)
Auf Wiedersehen.
                     SINGULAR                                 /  Development
 A Computer Algebra System for Polynomial Computations       /   version 4.3.2
                                                           0<
 by: W. Decker, G.-M. Greuel, G. Pfister, H. Schoenemann     \   Feb 2023
FB Mathematik der Universitaet, D-67653 Kaiserslautern        \  Debian 1:4.3.2-p10+ds-1.1build1
// ** loaded /usr/bin/../share/singular/LIB/primdec.lib (4.3.2.9,Oct_2023)
// ** loaded /usr/bin/../share/singular/LIB/ring.lib (4.3.1.3,Feb_2023)
// ** loaded /usr/bin/../share/singular/LIB/absfact.lib (4.1.2.0,Feb_2019)
// ** loaded /usr/bin/../share/singular/LIB/triang.lib (4.1.2.0,Feb_2019)
// ** loaded /usr/bin/../share/singular/LIB/matrix.lib (4.3.2.3,Aug_2023)
// ** loaded /usr/bin/../share/singular/LIB/nctools.lib (4.1.2.0,Feb_2019)
// ** loaded /usr/bin/../share/singular/LIB/inout.lib (4.1.2.0,Feb_2019)
// ** loaded /usr/bin/../share/singular/LIB/random.lib (4.1.2.0,Feb_2019)
// ** loaded /usr/bin/../share/singular/LIB/polylib.lib (4.2.0.0,Dec_2020)
// ** loaded /usr/bin/../share/singular/LIB/elim.lib (4.3.2.5,Jul_2023)
// ** loaded /usr/bin/../share/singular/LIB/general.lib (4.1.2.0,Feb_2019)
map with cache
map with cache
map with cache
map with cache
map with cache
map with cache
map with cache
map with cache
map with cache
std in (ZZ/179424673),(x10,x9,x8,x7,x6,x5,x4,x3,x2,x1),(dp(10),C)
[65535:4]1(9)s(8)s(7)s(6)s(5)s(4)s(3)s(2)ss5s
(S:9)---------
product criterion:45 chain criterion:0
[65535:3]1(9)s(8)s(7)s(6)s(5)s(4)s(3)s(2)ss5s
(S:9)---------
product criterion:45 chain criterion:0
map is a permutation
[65535:4]1(10)s(9)s(8)s(7)s(6)s(5)s(4)s(3)s(2)ss5s
(S:10)----------
product criterion:55 chain criterion:0
[65535:3]1(9)s(8)s(7)s(6)s(5)s(4)s(3)s(2)ss5s
(S:9)---------
product criterion:45 chain criterion:0
{1}[65535:5]1(9)s(8)s(7)s(6)s(5)s(4)s(3)s(2)ss5s6(8)--------
(S:10)-----------
product criterion:0 chain criterion:0
(S:10)rrrrrrrrrr
[65535:3]1(9)s(8)s(7)s(6)s(5)s(4)s(3)s(2)ss5s
(S:9)---------
product criterion:45 chain criterion:0
map is a permutation
intersect by elimination method
[65535:5]1(10)s2(9)s(8)s(7)s(6)s(5)s(4)s(3)s(2)ss6s
(S:10)----------
product criterion:55 chain criterion:0
map is a permutation
[65535:4]1(10)s(9)s(8)s(7)s(6)s(5)s(4)s(3)s(2)s2s5.7
(S:0)
product criterion:45 chain criterion:0
map is a permutation
[65535:4]1(10)s(9)s(8)s(7)s(6)s(5)s(4)s(3)s(2)s2s5.7
(S:0)
product criterion:45 chain criterion:0
map is a permutation
[65535:4]1(10)s(9)s(8)s(7)s(6)s(5)s(4)s(3)s(2)s2s5.7
(S:0)
product criterion:45 chain criterion:0
map is a permutation
[65535:4]1(10)s(9)s(8)s(7)s(6)s(5)s(4)s(3)s(2)s2s5.7
(S:0)
product criterion:45 chain criterion:0
map is a permutation
[65535:4]1(10)s(9)s(8)s(7)s(6)s(5)s(4)s(3)s(2)s2s5.7
(S:0)
product criterion:45 chain criterion:0
map is a permutation
[65535:4]1(10)s(9)s(8)s(7)s(6)s(5)s(4)s(3)s(2)s2s5.7
(S:0)
product criterion:45 chain criterion:0
map is a permutation
[65535:4]1(10)s(9)s(8)s(7)s(6)s(5)s(4)s(3)s(2)s2s5.7
(S:0)
product criterion:45 chain criterion:0
map is a permutation
[65535:4]1(10)s(9)s(8)s(7)s(6)s(5)s(4)s(3)s(2)s2s5.7
(S:0)
product criterion:45 chain criterion:0
map is a permutation
[65535:4]1(10)s(9)s(8)s(7)s(6)s(5)s(4)s(3)s(2)s2s5.7
(S:0)
product criterion:45 chain criterion:0
map is a permutation
[65535:4]1(10)s(9)s(8)s(7)s(6)s(5)s(4)s(3)s(2)s5s6s
(S:0)
product criterion:55 chain criterion:0
[65535:3]1(9)s(8)s(7)s(6)s(5)s(4)s(3)s(2)ss5s
(S:9)---------
product criterion:45 chain criterion:0
// ** _ is no standard basis
Auf Wiedersehen.
                     SINGULAR                                 /  Development
 A Computer Algebra System for Polynomial Computations       /   version 4.3.2
                                                           0<
 by: W. Decker, G.-M. Greuel, G. Pfister, H. Schoenemann     \   Feb 2023
FB Mathematik der Universitaet, D-67653 Kaiserslautern        \  Debian 1:4.3.2-p10+ds-1.1build1
compute hilbert series with std in ring (ZZ/179424673),(x10,x9,x8,x7,x6,x5,x4,x3,x2,x1,@),(dp(11),C)
weights used for hilbert series: 1,1,1,1,1,1,1,1,1,1,1
[65535:3]2(9)s3(8)s(7)ss(8)s4(10)s(11)s(12)s(14)s(16)ss(17)s5(20)s(22)s(25)s(29)s(35)s(39)s(42)s(47)-s(49)s(51)---s(57)s6(61)s(67)s(75)s(86)s(94)s(101)s(104)s(109)s(116)s(125)s(129)s(134)s(143)-s(150)------s(152)s(158)s(164)s(169)s(176)-s(179)s(185)-s---s-s7(188)s(204)s(213)-s(230)ss(236)s(243)s(252)s(259)s(266)s(273)s(278)-s(283)-s(289)s(296)----s(299)s(303)s(309)s(314)s(317)s(324)s(329)s(334)s(339)s(343)s(350)s(357)s(364)-s(369)s(374)s(388)s(394)--s(400)-s(410)-s(413)-s(419)-s(425)-----------s(421)-----s-s(426)-s(433)s(439)--s(444)------s(443)s(450)s(453)s(459)----ss(464)---s(466)s(472)---8-s(489)--s(504)-s(509)-s(512)-s(516)-s(520)---s(525)----ss(529)s(536)---s(551)-s(556)s(560)s(567)s(571)-s(577)s(584)-s(593)--s(598)s(604)s(611)s(617)s(624)s(640)s(649)s(659)s(668)s(677)s(685)-s(692)-s(697)-s(698)s(704)s(715)s(721)s(726)s(732)s(740)s(748)----s(747)-s(754)s(762)--s(766)-------ss(773)--s(776)----s(779)s(790)s(799)s(808)s(815)s(821)s(826)s(830)s(837)s(843)s(849)s(851)s(857)s(864)s(871)s(876)s(884)s(889)s(891)--ss(898)s(904)--s(909)s(916)s(924)----s(927)s(929)s(938)----s(941)-s(946)s(954)s(956)s(964)s(970)s(974)-s(980)s(985)s(991)--s(996)-s(1002)--(1000)----------------------s(986)s(992)-s(997)-----s(998)---s(1002)--(1000)---s(1003)s(1008)--s(1013)--s(1019)s(1027)----s(1030)s(1036)s(1043)--------s(1041)-s(1048)-------------s(1042)s(1049)s(1056)-s(1062)----------s(1060)----s(1063)--s(1066)s(1071)-----9-----s(1072)--------s-s(1078)s(1095)s(1099)---s(1106)s(1113)s(1118)s(1126)------s--s(1133)--s(1137)-s(1145)s(1150)-s(1157)s(1165)s(1173)s(1177)s(1182)s(1190)s(1195)s(1201)s(1209)s(1218)-s(1224)-s(1230)s(1240)s(1246)s(1253)s(1261)----s(1266)s(1272)s(1278)s(1286)-s(1292)s(1300)s(1305)s(1311)s(1318)---s(1321)s(1329)s(1335)s(1343)--s(1348)-s(1356)----------s(1351)s(1359)----s(1367)s(1378)s(1385)-s(1389)s(1396)-s(1403)--s(1406)--s(1412)s(1418)-s(1424)s(1430)s(1435)s(1442)----s(1444)--s(1448)-s(1455)s(1463)---s(1469)s(1477)-s(1484)-s(1490)s(1499)s(1506)s(1513)-s(1517)--s(1521)s(1526)s(1534)s(1541)s(1548)s(1555)-s(1562)s(1570)s(1575)--s(1581)s(1588)s(1594)s(1604)-s(1610)s(1615)s(1623)s(1629)s(1637)s(1644)s(1653)-s(1659)s(1665)s(1676)---s(1680)--------s-s(1683)-s(1688)-s(1693)s(1700)-s(1707)---s(1712)-s(1717)s(1724)--s(1730)-s(1737)--s(1745)s(1753)s(1761)s(1769)-s(1776)s(1785)-s(1793)s(1801)s(1808)-s(1815)s(1822)---s(1827)s(1836)-s(1843)---s(1847)-s(1855)s(1861)s(1868)-----s(1872)s(1877)s(1885)s(1892)s(1896)--s(1902)s(1908)s(1917)-s(1923)-s(1928)----s(1929)--s(1934)-s(1939)s(1946)s(1953)s(1961)-s(1968)s(1976)s(1984)s(1990)s(1997)s(2006)s(2013)s(2021)-s(2027)s(2035)-----s(2038)s(2045)s(2054)--s(2061)s(2068)-s(2076)-s(2083)--s(2089)-s(2095)s(2103)s(2111)--s(2116)s(2122)s(2128)s(2135)-s(2142)s(2150)s(2157)s(2166)s(2174)s(2179)s(2188)--s(2196)s(2203)s(2210)s(2219)-s(2226)s(2235)----s(2239)s(2246)s(2254)s(2262)s(2267)s(2275)s(2282)s(2290)---s(2295)-s(2300)s(2305)s(2314)----s(2318)s(2324)s(2330)s(2339)s(2348)s(2357)s(2363)-s(2370)s(2377)s(2385)s(2392)-s(2399)--------s(2398)-s(2404)s(2412)-s(2420)----s(2425)s(2432)s(2441)------s(2443)-s(2449)s(2457)s(2464)----s(2470)-s(2478)--s(2485)------s(2486)-s(2493)s(2502)s(2510)---s(2514)s(2522)----------------s(2515)-s(2522)-s(2530)----s(2534)----s(2537)s(2544)s(2552)--------s(2551)s(2558)--------ss(2567)s(2576)--------s(2573)s(2579)s(2585)s(2592)s(2599)---s(2605)--s(2611)-s(2617)s(2625)-s(2631)--s(2637)s(2645)s(2653)s(2661)s(2667)-s(2673)s(2681)s(2690)s(2700)-s(2702)s(2711)-s(2719)s(2728)-s(2731)s(2739)--s(2745)-s(2752)-s(2758)---------------s(2748)----s(2751)---s(2756)-s(2762)s(2768)-------s(2769)-------------s(2764)---s(2768)s(2776)--------s(2775)----s(2780)-s(2788)-----s(2791)s(2797)-------s(2796)----s(2800)----s(2804)----(2800)s(2807)s(2813)-s(2819)s(2827)s(2834)s(2843)s(2850)-s(2857)s(2865)s(2873)---------s(2871)s(2878)------s(2880)--s(2887)--s(2893)s(2900)s(2909)-----s(2908)s(2914)--s(2918)-------s(2920)s(2926)--s(2930)---s(2935)-s(2942)s(2951)----s(2956)s(2961)--------------------------s(2941)-s(2948)-------s--s(2953)s(2962)-s(2966)--s(2970)------s--s(2975)s(2981)s(2987)s(2993)---s(2997)s(3001)s(3008)s(3016)-------s-s(3022)s(3029)s(3038)s(3046)s(3055)s(3063)---s(3066)s(3073)----s(3076)---------------s(3068)s(3077)---s(3079)--s(3083)-s(3088)---10--s(3091)s(3109)--s(3110)--s(3115)-----s(3116)-s(3124)s(3133)s(3141)--s(3147)s(3154)--------s(3151)s(3156)----------s(3151)-s(3155)s(3161)---s(3167)s(3177)s(3176)-s(3180)s(3185)s(3191)s(3195)-s(3203)s(3209)s(3215)------------s(3209)s(3214)s(3219)s(3226)-s(3231)s(3239)--s(3242)s(3249)s(3255)s(3263)s(3268)s(3275)-s(3280)s(3287)-----s(3289)s(3297)s(3306)--s(3309)s(3315)s(3322)s(3330)--s(3332)s(3338)----s(3341)s(3348)s(3357)s(3365)s(3374)s(3380)-s(3386)s(3392)s(3399)s(3406)s(3414)-s(3422)s(3430)s(3437)-s(3443)------s(3445)-s(3449)-s(3455)--s(3461)s(3469)-s(3474)--s(3477)s(3483)--s(3490)s(3498)-s(3505)s(3512)-s(3519)s(3527)---s(3532)s(3541)s(3551)s(3559)s(3567)--s(3572)-s(3579)s(3586)---------s(3583)s(3590)s(3598)----s(3601)s(3609)s(3616)------s(3617)s(3621)-----s(3625)--s(3632)---s(3636)-s(3641)s(3647)--s(3652)s(3659)s(3664)---s(3665)s(3670)s(3675)s(3681)-------s(3682)s(3687)s(3694)s(3703)s(3710)s(3716)-s(3722)s(3730)s(3735)s(3740)s(3748)s(3756)s(3764)-s(3767)s(3776)s(3784)-s(3791)--s(3796)--------s(3795)s(3803)s(3812)---s(3818)s(3824)s(3830)s(3838)s(3845)s(3853)s(3860)-s(3867)---s(3872)s(3878)s(3886)s(3894)-s(3899)s(3906)s(3914)-s(3921)s(3928)s(3936)s(3945)s(3953)s(3960)s(3968)s(3976)s(3982)s(3989)s(3997)s(4004)s(4010)--s(4017)s(4024)s(4031)-s(4037)s(4045)--s(4051)-----------s(4048)-----s(4049)-s(4056)s(4064)s(4073)s(4081)-s(4085)------s(4087)-s(4095)-s(4102)s(4109)s(4118)s(4126)s(4133)s(4141)--s(4146)s(4153)s(4162)s(4168)s(4177)----s(4180)-s(4187)-s(4195)--s(4201)s(4207)s(4214)s(4221)--s(4226)s(4235)-s(4240)----s(4243)s(4247)s(4257)s(4264)-s(4272)----s(4274)s(4282)s(4289)s(4296)-------------s(4292)-------s(4294)-s(4302)s(4307)s(4316)s(4325)s(4334)s(4342)s(4349)s(4357)s(4363)s(4370)s(4376)s(4384)-s(4389)---s(4392)s(4400)s(4405)s(4412)s(4419)s(4426)s(4435)s(4443)s(4452)s(4459)--s(4465)s(4473)s(4481)s(4488)s(4495)--s(4502)s(4510)s(4516)-s(4522)s(4531)s(4539)s(4546)s(4554)-s(4561)s(4568)s(4574)-s(4581)s(4590)s(4602)--(4600)--ss(4609)--s(4615)---s(4620)s(4628)-s(4635)s(4642)s(4647)s(4654)s(4662)s(4670)s(4677)s(4687)s(4696)s(4705)s(4714)s(4722)s(4731)s(4738)s(4745)s(4752)s(4759)-s(4767)s(4773)s(4782)s(4790)s(4799)s(4807)s(4816)s(4824)s(4833)s(4839)s(4848)s(4855)s(4864)s(4871)s(4879)s(4888)s(4895)s(4901)s(4908)s(4918)-s(4926)s(4934)s(4943)-s(4947)s(4954)s(4963)s(4971)s(4980)s(4987)s(4994)s(5003)s(5010)s(5019)s(5026)s(5034)s(5042)s(5048)s(5056)s(5065)s(5070)--s(5075)-s(5083)s(5092)s(5101)s(5109)s(5118)s(5126)s(5134)-s(5139)s(5147)---s(5153)s(5160)s(5168)--------s(5165)-s(5173)s(5181)-s(5188)---s(5192)s(5201)s(5208)s(5217)s(5226)s(5234)--s(5238)--s(5245)s(5251)---------ss(5258)s(5263)s(5272)-s(5280)------s(5283)-s(5289)-s(5295)s(5302)--(5300)s(5309)---s(5314)s(5321)s(5328)s(5336)-s(5343)s(5352)s(5359)s(5366)-s(5374)s(5377)--s(5382)s(5391)s(5399)s(5407)s(5416)s(5425)s(5431)-s(5437)s(5443)s(5452)s(5458)s(5467)------s(5469)--s(5474)----s(5479)--s(5485)s(5493)s(5501)s(5508)-s(5515)-s(5522)s(5531)s(5538)s(5545)s(5552)s(5559)s(5567)s(5575)s(5581)s(5587)s(5594)s(5603)s(5610)s(5619)-s(5625)---s(5630)s(5637)s(5644)s(5652)-s(5660)s(5669)s(5678)s(5687)-s(5695)s(5701)-(5700)s(5707)-s(5714)----s(5717)-s(5724)-s(5728)-s(5733)s(5739)s(5746)----------------------s(5731)--s(5738)------s(5741)-s(5747)-s(5755)--s(5760)-------------------------s(5743)s(5751)s(5758)s(5765)s(5773)s(5781)s(5788)s(5797)s(5806)s(5813)s(5822)-s(5830)s(5839)s(5846)s(5855)--s(5861)--s(5866)s(5873)s(5880)s(5887)s(5894)s(5902)--(5900)--s(5907)s(5916)s(5925)-s(5933)s(5942)s(5949)--s(5954)s(5960)s(5966)s(5974)-s(5981)s(5990)--s(5997)s(6005)s(6013)s(6022)s(6029)s(6037)s(6045)-----------s(6042)s(6051)s(6059)------s(6061)s(6069)-------s(6071)s(6079)-s(6085)---------------s(6078)s(6086)-----------------s(6078)--s(6083)s(6091)--s(6098)----------s(6096)s(6104)----(6100)----s(6104)----(6100)s(6108)s(6117)-----------s(6115)s(6124)s(6132)s(6141)----s(6146)s(6154)s(6162)--s(6169)s(6177)----------s(6176)----s(6177)s(6183)--s(6189)--s(6195)s(6204)----(6200)--s(6206)s(6214)--s(6220)----------------s(6213)----s(6216)---s(6220)-s(6227)-s(6233)s(6242)-----s(6243)s(6251)--s(6258)---s(6263)s(6271)-------ss(6279)----s(6283)s(6291)-s(6299)s(6304)----(6300)-------s-------------s(6294)--------s----------s(6290)-s(6295)-s(6302)--(6300)s(6308)s(6314)s(6321)s(6328)s(6335)s(6344)s(6352)-s(6358)s(6365)s(6372)s(6380)s(6389)s(6397)s(6404)----(6400)-s(6406)-s(6413)s(6422)s(6430)s(6438)s(6446)s(6454)--s(6461)s(6470)-----s(6472)-s(6477)---s(6479)---s(6483)-s(6488)s(6495)s(6504)s(6512)---s(6518)s(6527)s(6534)--------------s(6526)s(6534)s(6542)---s(6546)---s(6551)-----------------------s(6535)--s(6540)---------s(6539)-----------s(6537)---------ss(6544)s(6553)-----s(6555)s(6564)--s(6571)s(6580)--s(6586)-----s(6590)-----s(6591)-s(6599)s(6608)s(6616)--------ss(6625)s(6632)-s(6637)-s(6643)---------------------------s(6623)s(6631)-s(6635)---s(6639)s(6648)s(6652)-----s(6656)s(6664)---s(6669)s(6677)s(6686)s(6695)-s(6701)-(6700)s(6707)----s(6712)-s(6718)s(6727)s(6735)s(6744)-s(6751)-s(6757)s(6765)s(6773)-------s(6774)----s(6777)s(6785)---s(6789)-s(6795)--------------s(6788)s(6795)--------s----s(6798)-----s(6801)s(6810)---s(6814)---------s---s(6819)-----s(6822)s(6831)s(6837)-----s(6841)s(6850)-----------s(6847)-s(6855)---------s(6854)--s(6861)s(6868)s(6877)s(6885)s(6892)--s(6898)s(6906)---s(6911)------s(6912)------s(6913)s(6920)--s(6927)-------------s(6923)s(6930)s(6937)-s(6945)s(6950)s(6959)s(6968)---------------s(6959)-s(6967)-s(6973)s(6981)--s(6987)s(6995)s(7004)s(7010)s(7019)s(7024)s(7032)-s(7039)-s(7044)s(7052)s(7059)---s(7063)s(7070)s(7077)s(7083)s(7091)s(7099)s(7108)s(7113)s(7120)s(7128)s(7137)s(7144)s(7152)s(7160)s(7169)s(7176)s(7185)s(7193)s(7202)--(7200)--s(7204)--s(7211)s(7220)-s(7226)--s(7232)s(7240)-s(7248)s(7257)s(7266)--------s----s(7268)---s(7273)------------s(7269)s(7277)s(7286)s(7295)s(7303)s(7311)s(7320)s(7327)s(7336)s(7343)s(7350)-s(7356)s(7364)s(7372)s(7379)--s(7385)-s(7392)s(7401)-(7400)s(7408)-s(7416)--s(7423)s(7429)s(7437)------s(7440)----s(7443)s(7452)s(7460)s(7468)--s(7474)s(7482)s(7491)s(7499)s(7506)------(7500)-s(7507)s(7513)-----------s(7510)----s(7513)-----------s(7511)s(7519)--s(7526)-----s(7529)-------------s(7524)--s(7531)s(7540)-s(7547)--s(7554)s(7563)s(7571)s(7577)s(7585)--s(7590)s(7599)s(7608)s(7617)s(7624)-s(7631)s(7640)s(7648)s(7657)-----s(7660)s(7668)s(7676)-----s(7680)s(7688)--s(7694)s(7702)s(7708)----s(7712)---------s-------s(7714)s(7722)s(7731)----s(7736)s(7743)s(7752)--s(7757)--s(7762)-----s(7766)------s(7769)---s(7774)s(7783)-s(7791)---s(7796)s(7805)---s(7811)s(7819)---------s--s(7824)---s(7829)s(7838)s(7845)s(7853)s(7861)-s(7868)s(7875)s(7882)s(7891)-s(7897)---------s-s(7905)s(7912)---------s(7910)----------(7900)------s(7903)---(7900)s(7907)---s(7913)-----------s(7910)s(7919)--s(7925)-------s(7924)s(7933)---s(7938)---s(7944)--------------s(7939)---s(7942)----s(7945)s(7953)s(7962)-s(7970)s(7979)s(7988)s(7996)s(8004)s(8012)s(8019)---s(8025)-s(8031)--s(8038)---s(8044)s(8053)s(8062)s(8071)s(8078)-s(8085)-------s--s(8091)-s(8097)------------s(8093)s(8101)-(8100)------s(8102)s(8111)--------s(8112)----------s(8109)----s(8112)s(8121)s(8130)-----------s(8125)-----------s(8123)s(8132)-s(8138)s(8145)-s(8149)-s(8156)s(8165)--s(8172)-----s(8173)s(8179)-------s(8181)--s(8187)----s(8191)s(8198)s(8205)s(8214)----s(8216)----s(8218)s(8226)-----------s(8221)-------ss(8228)---s(8234)----s(8239)s(8248)s(8255)-------s(8256)--s(8262)------s(8265)s(8273)s(8281)s(8290)s(8298)s(8306)-s(8314)--------------(8300)--------------------s(8289)s(8297)-s(8304)----(8300)---------s(8297)s(8305)--s(8310)-----s(8313)s(8321)-----------s(8319)s(8327)s(8336)-------------s(8330)-----s(8334)--------s(8335)s(8342)-s(8350)--s(8356)--s(8362)s(8371)----s(8373)-s(8380)--s(8387)------s(8390)s(8399)--------------s(8394)------------s(8390)---------------------------s(8372)--s(8377)s(8385)-s(8391)---------s-s(8397)-s(8403)--s(8406)s(8415)-s(8422)-s(8429)---s(8434)s(8441)---s(8447)s(8454)s(8460)s(8466)s(8474)s(8481)s(8490)s(8497)-s(8503)s(8510)s(8519)-----------------s(8511)----s(8515)--s(8520)---------s(8519)---s(8522)-s(8528)-s(8535)-------------------------s(8517)------------s(8513)-------------(8500)-----s(8504)s(8510)s(8517)--s(8523)-s(8528)s(8534)-s(8540)s(8546)---------------s(8537)s(8544)-------------------------s(8527)----------------s(8520)--------------s(8513)----------s(8511)-s(8517)s(8524)s(8532)s(8539)s(8544)s(8550)s(8558)------s(8561)-----s(8563)--s(8568)s(8576)------------s(8572)-s(8578)-----s(8581)---s(8586)-s(8593)--s(8600)-s(8606)------(8600)s(8606)-s(8610)s(8616)-s(8621)s(8627)s(8634)------s(8635)--------s(8634)---------s(8633)s(8639)s(8644)s(8651)s(8659)---s(8663)s(8671)s(8678)-------------s(8672)s(8680)--s(8685)----------------------------s(8664)s(8671)------s(8672)------------------s(8661)-------s(8660)--s(8663)--s(8667)------11-------------------s(8651)s(8657)----s(8660)---s(8665)s(8671)-s(8676)----------s(8673)s(8681)--s(8685)----------------------------------------------------------------------------------s(8610)----------(8600)--s(8605)---s(8610)-s(8617)s(8626)s(8636)s(8644)------------------------------s(8621)------s(8623)-s(8631)s(8639)s(8647)-s(8656)s(8666)s(8672)------------------------s(8656)---------s(8655)--s(8662)--------------------------------------------------------------(8600)----------------------------------------------------------------------------------------------------(8500)----------------------------------------------------------------------------------------------------(8400)--------------------------------------------------------------------------------------------s(8315)---------s(8313)s(8321)--s(8327)-s(8333)---------------------------------(8300)---------------------------------------s(8268)-------------------------s(8251)---------------------------------------------------(8200)------------------------------------------------------s(8154)-----------------------------s(8132)s(8140)-----s(8143)------s(8144)--------------------------------------------(8100)----------------------------------------------------------------------------------------------------(8000)----------------------------------------------------------------------------------------------------(7900)----------------------------------------------------------------------------------------------------(7800)-------------------------------------------------------------------------------------s(7723)-----------------------(7700)----------------------------------------s(7668)s(7677)----------------s(7670)----------------s(7661)-------------------------------------------------------------(7600)----------------------------------------------------------------------------------------------------(7500)----------------------------------------------------------------------------------------------------(7400)------------s(7397)------------------------s(7381)-----------s(7378)-s(7384)------------------------------------------------------------------------------------(7300)------------------------------------------------------------------------------s(7230)---------------s(7223)----s(7227)s(7236)-s(7243)---------------------------------------s(7213)s(7222)s(7230)-------------------------s(7211)----s(7213)------s(7214)------s(7217)s(7225)--s(7230)s(7238)s(7247)s(7254)s(7261)s(7270)s(7279)s(7288)s(7294)----------------------------------------------------------------------------------------------(7200)----s(7203)---(7200)----s(7203)-s(7210)s(7218)s(7227)--s(7234)s(7243)-------------------------------------------(7200)s(7209)--s(7216)s(7224)s(7233)s(7241)--------------s(7235)---------------s(7227)-s(7234)s(7243)s(7251)s(7260)---s(7265)s(7273)s(7282)s(7291)s(7298)s(7306)s(7314)s(7323)s(7332)s(7340)s(7349)s(7357)s(7364)-s(7370)-----------------------s(7355)----s(7360)s(7369)------s(7371)---------s(7370)s(7379)s(7387)s(7396)s(7405)s(7414)s(7423)s(7430)s(7439)s(7448)s(7456)s(7465)--s(7470)s(7479)s(7487)s(7494)s(7503)s(7510)s(7518)s(7526)s(7533)s(7541)s(7550)--------------------------------------------------(7500)----------------------------------------------------------------------------------------------------(7400)------------------------------------------------------------------------------------s(7325)---------------------s(7313)--------s(7314)--------s(7315)--s(7321)s(7330)s(7338)s(7347)s(7356)--------------------------------------------------------(7300)----------s(7298)----s(7303)---(7300)---------------------------------------s(7270)s(7279)---------s(7278)--------ss(7287)---s(7292)s(7301)s(7309)s(7318)--s(7325)s(7334)s(7343)s(7352)-s(7360)s(7368)s(7377)-s(7384)s(7393)-s(7401)-(7400)----------------------------------------------------------------------------------------------------(7300)-------------s(7296)------------------------------------------------------------------------------------------------(7200)----------------------------------------------------------------------------------------------------(7100)-s(7108)s(7117)-----------------(7100)-------------------s(7090)-------------------s(7079)s(7088)s(7097)s(7105)s(7113)s(7121)s(7130)-------s(7132)s(7140)---s(7145)s(7153)-s(7160)s(7168)--------------------------------------------------------------------(7100)--------------------------------s(7077)---------------------------------------------s(7041)-------------------s(7031)-----s(7035)------s(7037)-------------------------------------(7000)------------------------------s(6979)s(6988)--s(6995)-----------------------------------------------------------------------------------------------(6900)----------------------------------------------------------------------------------------------------(6800)------------------------------------s(6773)-------------------------------------------------------------------------(6700)--------------------------------------------------------------------------------------------------s(6610)--s(6617)--s(6624)------------------------(6600)-------------------------------------------------------------------------------s(6530)s(6539)s(6547)-----------------------------------------------(6500)----------------s(6493)-s(6499)--------------------------------------------------------------------s(6439)s(6447)s(6455)s(6464)----------------------------------------------------------------(6400)----------------s(6390)s(6398)---------------------------------s(6372)------------------------------------------------------------------------(6300)--------------------------------------------------------------------------------s(6227)----------s(6224)-----------------s(6216)---s(6220)---s(6225)---s(6229)-----------------------------(6200)----------------------------------------------------------------------------------------------------(6100)----------------------------------------------------------------------------------------------------(6000)------------------------------------------------------------s(5949)--------------s(5942)-----------s(5937)s(5944)------s(5946)-------------------s(5933)---------------------s(5921)---------------------(5900)----------s(5899)-----------------------s(5885)---s(5887)s(5895)-----------------------------------------------------------------------------------------------(5800)------------------------------------------------------------------------s(5736)------------------------------------(5700)-----------------------------------------------s(5661)--------s(5662)----------------------------------s(5634)----------------------------------(5600)----------s(5599)--s(5604)----(5600)-----------s(5595)-----s(5596)-s(5602)s(5610)----------(5600)-----------------------------------------s(5566)s(5573)--s(5580)----------------------------s(5559)-s(5565)s(5573)-----------s(5569)--s(5574)-------------------------------------s(5545)---s(5551)---------------------------------------------s(5513)----s(5517)---------s(5516)s(5524)s(5532)-----------------------s(5517)----s(5522)-------s(5524)-s(5532)-s(5540)s(5548)s(5555)s(5564)--s(5569)s(5576)s(5584)------------------------------------------------------s(5539)-----------s(5535)s(5544)----s(5548)------------------s(5538)s(5546)s(5554)--s(5560)---s(5564)-------------s(5559)--------s(5560)s(5569)s(5576)------s(5577)s(5584)----s(5588)s(5595)s(5603)s(5610)s(5618)s(5627)---------------------------(5600)--------------------------------------------------------------------s(5540)-s(5547)-------------------------------------------s(5513)-------------(5500)------s(5502)--(5500)-----s(5504)----(5500)----------s(5498)----s(5502)s(5509)s(5517)-s(5524)s(5532)------------s(5528)----------------------------(5500)------------------------s(5484)--s(5490)------------------s(5480)s(5489)-----------------------s(5475)--------------------------s(5457)s(5465)s(5474)--s(5480)-s(5488)s(5497)s(5505)s(5514)-s(5519)-s(5527)s(5534)s(5542)-s(5549)s(5558)-s(5565)s(5572)s(5581)-s(5586)s(5594)--------------------------------------------s(5559)----------------------------------s(5534)s(5541)------ss(5548)s(5557)s(5564)---s(5570)-s(5576)s(5584)-s(5592)--s(5599)--s(5606)--s(5613)-s(5619)---s(5624)--s(5630)s(5638)--s(5645)s(5652)s(5661)-s(5669)s(5678)-s(5686)--s(5692)s(5699)s(5708)s(5716)s(5724)s(5732)-s(5739)s(5748)s(5757)s(5766)s(5775)-s(5782)s(5790)-s(5796)s(5805)-----(5800)------s(5802)s(5811)s(5820)-s(5828)---------ss(5836)-s(5842)----s(5846)s(5855)----s(5860)s(5868)s(5875)-------------------------------------s(5847)s(5855)---------s-------------------------------------------------------(5800)------------------s(5791)-------s(5792)-s(5799)-s(5807)------s(5809)--------s(5810)--s(5816)-s(5824)-s(5832)s(5840)-s(5848)-------------------------s(5832)--------s(5831)---------s-----------s(5827)-s(5835)-s(5843)-s(5850)--------------------------------------------s(5815)s(5824)s(5831)-----s(5833)-----s(5837)s(5845)s(5853)s(5861)s(5869)s(5877)-----s(5881)s(5889)-s(5897)-s(5904)----(5900)-------------------------------------------s(5866)s(5874)s(5882)s(5890)--s(5895)-s(5903)---(5900)---------s-s(5908)-s(5915)---s(5920)-s(5928)-s(5936)s(5943)-s(5950)------s(5952)-----s(5955)s(5963)------s(5966)-----s(5970)s(5979)-------------------------------------------------------------------------------(5900)----------------------------------------------------------------------------------------------------(5800)-----------------------------------------------------s(5756)-----------s(5754)s(5763)--s(5770)-s(5776)-----------------------------------------s(5742)--------------------------------s(5718)------------s(5713)---s(5718)s(5726)s(5734)-s(5740)----s(5744)----------s(5743)--s(5749)s(5756)-----------------------------s(5734)-s(5739)s(5745)s(5752)s(5761)s(5770)s(5779)---s(5785)---s(5790)--s(5795)s(5802)s(5811)-s(5818)-s(5825)s(5833)--s(5838)-----s(5840)--s(5847)----s(5851)s(5859)-s(5867)-s(5873)---s(5877)-s(5885)-------------------------------------------------------------------------------------(5800)-------------------------------s(5777)----------------------------------------s(5746)---------s(5745)--------s(5746)s(5754)-s(5761)-------s(5762)--------------------------------------------------------------(5700)---s(5706)s(5715)--------s-s(5723)-----------------s(5715)s(5723)---s(5729)----------s(5728)s(5737)s(5746)-----------s(5744)s(5753)s(5761)--------------------------------------s(5731)-------------------------------(5700)--------------------------------------------s(5664)--------s(5665)-----------------------------------------------------------------(5600)--------------------------s(5583)s(5590)---------------------s(5577)------------------------------------------s(5544)s(5553)-----------s(5549)s(5558)---s(5563)---------ss(5572)--------s(5573)---s(5578)-----------s(5576)----------s(5574)s(5581)s(5589)-s(5596)-s(5602)s(5609)-s(5616)s(5625)s(5633)-----------------------s(5617)---s(5620)-s(5626)----------s(5625)-----s(5626)--s(5631)-------------------------------(5600)--------------------------------s(5576)--------------------s(5563)-------------------------s(5544)-------------------s(5532)-s(5538)-------------------------s(5522)-----s(5524)s(5531)s(5540)----s(5545)--s(5551)--------s(5550)s(5556)s(5562)s(5569)s(5575)-s(5581)-s(5587)-----------------------------------------Killed
