
      +++  sector:  {1, 0, 0, 1, 0}  (1/1)  +++ 
                     SINGULAR                                 /  Development
 A Computer Algebra System for Polynomial Computations       /   version 4.3.2
                                                           0<
 by: W. Decker, G.-M. Greuel, G. Pfister, H. Schoenemann     \   Feb 2023
FB Mathematik der Universitaet, D-67653 Kaiserslautern        \  Debian 1:4.3.2-p10+ds-1.1build1
compute hilbert series with std in ring (ZZ/179424673),(x10,x9,x8,x7,x6,x5,x4,x3,x2,x1,@),(dp(11),C)
weights used for hilbert series: 1,1,1,1,1,1,1,1,1,1,1
[65535:3]2(9)s(8)s(7)s(6)s(5)s(4)s(5)s(6)s(8)s(11)s3(15)s(19)s(20)s(25)s(31)s(34)s(41)s(49)s(51)s(55)s(60)s(64)s(69)-s(74)-4-s(81)s(86)s(92)----s(95)s(101)s(109)s(116)----------------(100)---------s(97)s(104)s(112)-----s(114)s(122)s(131)------s(133)------------------5-------------s(110)----------(100)---------------------------------------------------------s(50)---------------------------------6-----------------
product criterion:223 chain criterion:297
std with hilb in (ZZ/179424673),(x10,x9,x8,x7,x6,x5,x4,x3,x2,x1,@),(lp(10),dp(1),C)
[65535:3]2(38)s(37)ss(36)s(37)s(36)s(38)s(37)s(39)s(43)s3(44)s(48)s(53)s(59)s(60)s(67)s(69)s(73)s(81)s(84)s(89)-s(92)s(97)shhhhhhhhhhhhhhh4(88)s(97)s(102)s(108)s(114)s(121)s(128)s(135)s(143)s(151)s(159)s(168)s(176)---s(179)shhhhhhhhhhhhhhhhhhhhhhhhhhhhhhhhhhhhhhhhhhhhhhhhhhhhhhhhhhhhhhhhhhhhhh5(116)-s(123)---------------------shhhhhhhhhhhhhhhhhhhhhhhhhhhhhhhhhhhhhhhhhhhhhhhhhhhhhhhhhhhhhhhhhhhhhhhhhhhhhhhhhhhhhhhhhhhhhhhhhhhhhhhhhhhhhh
product criterion:223 chain criterion:297
hilbert series criterion:195
dehomogenization
simplification
imap to ring (ZZ/179424673),(x10,x9,x8,x7,x6,x5,x4,x3,x2,x1),(lp(10),C)
Auf Wiedersehen.
                     SINGULAR                                 /  Development
 A Computer Algebra System for Polynomial Computations       /   version 4.3.2
                                                           0<
 by: W. Decker, G.-M. Greuel, G. Pfister, H. Schoenemann     \   Feb 2023
FB Mathematik der Universitaet, D-67653 Kaiserslautern        \  Debian 1:4.3.2-p10+ds-1.1build1
// ** loaded /usr/bin/../share/singular/LIB/primdec.lib (4.3.2.9,Oct_2023)
// ** loaded /usr/bin/../share/singular/LIB/ring.lib (4.3.1.3,Feb_2023)
// ** loaded /usr/bin/../share/singular/LIB/absfact.lib (4.1.2.0,Feb_2019)
// ** loaded /usr/bin/../share/singular/LIB/triang.lib (4.1.2.0,Feb_2019)
// ** loaded /usr/bin/../share/singular/LIB/matrix.lib (4.3.2.3,Aug_2023)
// ** loaded /usr/bin/../share/singular/LIB/nctools.lib (4.1.2.0,Feb_2019)
// ** loaded /usr/bin/../share/singular/LIB/inout.lib (4.1.2.0,Feb_2019)
// ** loaded /usr/bin/../share/singular/LIB/random.lib (4.1.2.0,Feb_2019)
// ** loaded /usr/bin/../share/singular/LIB/polylib.lib (4.2.0.0,Dec_2020)
// ** loaded /usr/bin/../share/singular/LIB/elim.lib (4.3.2.5,Jul_2023)
// ** loaded /usr/bin/../share/singular/LIB/general.lib (4.1.2.0,Feb_2019)
map with cache
map with cache
map with cache
map with cache
map with cache
map with cache
map with cache
map with cache
map with cache
map with cache
std in (ZZ/179424673),(x10,x9,x8,x7,x6,x5,x4,x3,x2,x1),(dp(10),C)
[65535:3]1(9)s(8)s(7)s(6)s(5)s(4)s(3)s(2)sss
(S:9)---------
product criterion:45 chain criterion:0
[65535:3]1(9)s(8)s(7)s(6)s(5)s(4)s(3)s(2)sss
(S:9)---------
product criterion:45 chain criterion:0
map is a permutation
[65535:4]1(10)s(9)s(8)s(7)s(6)s(5)s(4)s(3)s(2)sss
(S:10)----------
product criterion:55 chain criterion:0
[65535:3]1(9)s(8)s(7)s(6)s(5)s(4)s(3)s(2)sss
(S:9)---------
product criterion:45 chain criterion:0
{1}[65535:5]1(9)s(8)s(7)s(6)s(5)s(4)s(3)s(2)sss
(S:10)-----------
product criterion:0 chain criterion:0
(S:10)rrrrrrrrrr
[65535:3]1(9)s(8)s(7)s(6)s(5)s(4)s(3)s(2)sss
(S:9)---------
product criterion:45 chain criterion:0
intersect by elimination method
[65535:5]1(10)s2(9)s(8)s(7)s(6)s(5)s(4)s(3)s(2)sss
(S:10)----------
product criterion:55 chain criterion:0
map is a permutation
[65535:4]1(10)s(9)s(8)s(7)s(6)s(5)s(4)s(3)s(2)ss2s
(S:0)
product criterion:55 chain criterion:0
map is a permutation
[65535:4]1(10)s(9)s(8)s(7)s(6)s(5)s(4)s(3)s(2)ss2s
(S:0)
product criterion:55 chain criterion:0
map is a permutation
[65535:4]1(10)s(9)s(8)s(7)s(6)s(5)s(4)s(3)s(2)ss2s
(S:0)
product criterion:55 chain criterion:0
map is a permutation
[65535:4]1(10)s(9)s(8)s(7)s(6)s(5)s(4)s(3)s(2)ss2s
(S:0)
product criterion:55 chain criterion:0
map is a permutation
[65535:4]1(10)s(9)s(8)s(7)s(6)s(5)s(4)s(3)s(2)ss2s
(S:0)
product criterion:55 chain criterion:0
map is a permutation
[65535:4]1(10)s(9)s(8)s(7)s(6)s(5)s(4)s(3)s(2)ss2s
(S:0)
product criterion:55 chain criterion:0
map is a permutation
[65535:4]1(10)s(9)s(8)s(7)s(6)s(5)s(4)s(3)s(2)ss2s
(S:0)
product criterion:55 chain criterion:0
map is a permutation
[65535:4]1(10)s(9)s(8)s(7)s(6)s(5)s(4)s(3)s(2)ss2s
(S:0)
product criterion:55 chain criterion:0
map is a permutation
[65535:4]1(10)s(9)s(8)s(7)s(6)s(5)s(4)s(3)s(2)ss2s
(S:0)
product criterion:55 chain criterion:0
map is a permutation
[65535:4]1(10)s(9)s(8)s(7)s(6)s(5)s(4)s(3)s(2)ss2s
(S:0)
product criterion:55 chain criterion:0
[65535:3]1(9)s(8)s(7)s(6)s(5)s(4)s(3)s(2)sss
(S:9)---------
product criterion:45 chain criterion:0
// ** _ is no standard basis
Auf Wiedersehen.
                     SINGULAR                                 /  Development
 A Computer Algebra System for Polynomial Computations       /   version 4.3.2
                                                           0<
 by: W. Decker, G.-M. Greuel, G. Pfister, H. Schoenemann     \   Feb 2023
FB Mathematik der Universitaet, D-67653 Kaiserslautern        \  Debian 1:4.3.2-p10+ds-1.1build1
compute hilbert series with std in ring (ZZ/179424673),(x10,x9,x8,x7,x6,x5,x4,x3,x2,x1,@),(dp(11),C)
weights used for hilbert series: 1,1,1,1,1,1,1,1,1,1,1
[65535:3]1(9)s(8)s(7)s(6)s(5)s(4)s2(3)s3(2)ss(3)s4(5)-----
product criterion:39 chain criterion:0
std with hilb in (ZZ/179424673),(x10,x9,x8,x7,x6,x5,x4,x3,x2,x1,@),(lp(10),dp(1),C)
[65535:3]1(9)s(8)s(7)s(6)s(5)s(4)s2(3)s3(2)ss(3)shhhhhh
product criterion:39 chain criterion:0
hilbert series criterion:6
dehomogenization
simplification
imap to ring (ZZ/179424673),(x10,x9,x8,x7,x6,x5,x4,x3,x2,x1),(lp(10),C)
Auf Wiedersehen.
                     SINGULAR                                 /  Development
 A Computer Algebra System for Polynomial Computations       /   version 4.3.2
                                                           0<
 by: W. Decker, G.-M. Greuel, G. Pfister, H. Schoenemann     \   Feb 2023
FB Mathematik der Universitaet, D-67653 Kaiserslautern        \  Debian 1:4.3.2-p10+ds-1.1build1
// ** loaded /usr/bin/../share/singular/LIB/primdec.lib (4.3.2.9,Oct_2023)
// ** loaded /usr/bin/../share/singular/LIB/ring.lib (4.3.1.3,Feb_2023)
// ** loaded /usr/bin/../share/singular/LIB/absfact.lib (4.1.2.0,Feb_2019)
// ** loaded /usr/bin/../share/singular/LIB/triang.lib (4.1.2.0,Feb_2019)
// ** loaded /usr/bin/../share/singular/LIB/matrix.lib (4.3.2.3,Aug_2023)
// ** loaded /usr/bin/../share/singular/LIB/nctools.lib (4.1.2.0,Feb_2019)
// ** loaded /usr/bin/../share/singular/LIB/inout.lib (4.1.2.0,Feb_2019)
// ** loaded /usr/bin/../share/singular/LIB/random.lib (4.1.2.0,Feb_2019)
// ** loaded /usr/bin/../share/singular/LIB/polylib.lib (4.2.0.0,Dec_2020)
// ** loaded /usr/bin/../share/singular/LIB/elim.lib (4.3.2.5,Jul_2023)
// ** loaded /usr/bin/../share/singular/LIB/general.lib (4.1.2.0,Feb_2019)
[65535:3]1(9)s(8)s(7)s(6)s(5)s(4)s(3)s(2)sss
(S:9)---------
product criterion:45 chain criterion:0
// ** redefining j (int j = 2;)
rt
Auf Wiedersehen.

Set::setraw: Cannot assign to raw object 1.

Set::setraw: Cannot assign to raw object 1.
  >> 1 region(s): expReg=2.418s  build=0.012s
  [sector total: 2.435s]
#Non-triv Sectors = 1

[SECTOR_RESULT] key=10010 tier=Quick state=done time=2.435867 regions=1
