
      +++  sector:  {1, 1, 1, 1, 1}  (1/1)  +++ 
                     SINGULAR                                 /  Development
 A Computer Algebra System for Polynomial Computations       /   version 4.3.2
                                                           0<
 by: W. Decker, G.-M. Greuel, G. Pfister, H. Schoenemann     \   Feb 2023
FB Mathematik der Universitaet, D-67653 Kaiserslautern        \  Debian 1:4.3.2-p10+ds-1.1build1
compute hilbert series with std in ring (ZZ/179424673),(x10,x9,x8,x7,x6,x5,x4,x3,x2,x1,@),(dp(11),C)
weights used for hilbert series: 1,1,1,1,1,1,1,1,1,1,1
[65535:3]2(9)s(8)s(7)s(6)s(5)s(4)s(5)s(6)s(8)s(11)s3(15)s(19)s(24)s(30)s(37)s(39)s(47)s(50)s(53)s(57)s(60)s(65)s(68)s(72)s(77)s(81)s4(86)s(91)s(96)-s(101)s(107)-s(112)s(119)s(125)-s(131)-------s(128)s(133)s(139)s(144)s(150)s(157)--s(162)s(169)s(177)s(184)------------s(178)s(184)s(191)s(198)s(206)--s(211)s(220)s(228)s(237)-----------s(234)s(240)--------------------s5(224)s(231)s(238)s(246)-s(252)---s(256)-s(263)-s(269)--s(275)s(283)--s(289)---s(294)s(302)--(300)---------------------------------------------------------------------s(239)s(247)s(256)-s(264)---s(270)--s(277)----------s(275)s(283)-s(291)-------------s(287)---------------------------s(269)s(278)----------------------------------------------------------s6(225)s(233)--s(239)-s(246)----s(250)------s(252)-------------------------------s(230)------------------------------(200)--------------------------------------------------------s(152)-----------------------------------s(126)s(135)-----------------------------------(100)----------------7------------------------------------------------------------------------------------
product criterion:655 chain criterion:2713
std with hilb in (ZZ/179424673),(x10,x9,x8,x7,x6,x5,x4,x3,x2,x1,@),(lp(10),dp(1),C)
[65535:3]2(89)s(88)ss(87)s(88)s(87)s(89)s(88)s(90)s(94)s3(95)s(99)s(104)s(107)s(113)s(117)s(120)s(127)s(129)s(133)s(137)s(145)s(148)s(153)s(158)s(161)shhhhhhhhhhhhhhhh4(149)s(154)s(160)s(165)s(172)s(178)s(184)s(193)s(200)s(208)s(215)s(223)s(232)s(239)-s(243)-s(248)s(255)--s(260)----s(262)----s(263)-s(269)--------------s(261)-s(266)s(273)-s(280)--------------------s(267)s(275)-s(283)--s(290)-----shhhhhhhhhhhhhhhhhhhhhhhhhhhhhh5(259)s(268)s(276)s(285)s(291)-s(299)s(307)s(314)s(321)s(329)s(336)--s(343)----s(347)----------------s(340)s(348)--s(353)s(361)--------------s(354)-s(360)-s(367)----------------s(359)----------------------s(346)--s(353)--------s(354)-s(362)-----------s(359)-s(366)------s(369)s(378)---------------------------------------------s(342)s(351)------------------------------------------shhhhhhhhhhhhhhhhhhhhhhhhh6(289)s(298)s(306)s(313)s(321)s(330)s(339)s(347)s(356)s(365)s(373)s(382)---------------------------------------s(352)----------------------------s(332)--------------------------------(300)-----------------s(292)---------------------------------------s(262)--------------------------------------------------------------(200)-----------------------------------------------shhhhhhhhhh7(152)s(161)s(169)s(178)s(187)s(196)s(205)s(214)shhhhhhhhhhhhhhhhhhhhhhhhhhhhhhhhhhhhhhhhhhhhhhhhhhhhhhhhhhhhhhhhhhhhhhhhhhhhhhhhhhhhhhhhhhhhhhhhhhhhhhhhhhhhhhhhhhhhhhhhhhhhhhhhhhhhhhhhhhhhhhhhh8(76)s(84)s(93)s(102)s(110)s(118)shhhhhhhhhhhhhhhhhhhhhhhhhhhhhhhhhhhhhhhhhhhhhhhhhhhhhhhhhhhhhhhhhhhhhhh9(56)s(65)s(74)shhhhhhhhhhhhhhhhhhhhhhhhhhhhhhhhhhhhhhhhhhhhhhhhhhhhhh10(29)s(38)s(46)shhhhhhhhhhhhhhhhhhhhhhhhhhh11(28)s(37)shhhhhhhhhhhhhhhhhhhhhhhhhhh12(19)s(28)shhhhhhhhhhhhhhhhhh13(19)s(28)shhhhhhhhhhhhhhhhhh14(19)s(27)shhhhhhhhhhhhhhhhhh15(18)shhhhhhhhhhhhhhhhhh16(9)shhhhhhhhh17shhhhhhhhh18shhhhhhhhh19shhhhhhhhh20shhhhhhhhh21shhhhhhhhh22shhhhhhhhh23shhhhhhhhh24shhhhhhhhhhhhhhhhhh
product criterion:1120 chain criterion:7477
hilbert series criterion:567
dehomogenization
simplification
imap to ring (ZZ/179424673),(x10,x9,x8,x7,x6,x5,x4,x3,x2,x1),(lp(10),C)
Auf Wiedersehen.
                     SINGULAR                                 /  Development
 A Computer Algebra System for Polynomial Computations       /   version 4.3.2
                                                           0<
 by: W. Decker, G.-M. Greuel, G. Pfister, H. Schoenemann     \   Feb 2023
FB Mathematik der Universitaet, D-67653 Kaiserslautern        \  Debian 1:4.3.2-p10+ds-1.1build1
// ** loaded /usr/bin/../share/singular/LIB/primdec.lib (4.3.2.9,Oct_2023)
// ** loaded /usr/bin/../share/singular/LIB/ring.lib (4.3.1.3,Feb_2023)
// ** loaded /usr/bin/../share/singular/LIB/absfact.lib (4.1.2.0,Feb_2019)
// ** loaded /usr/bin/../share/singular/LIB/triang.lib (4.1.2.0,Feb_2019)
// ** loaded /usr/bin/../share/singular/LIB/matrix.lib (4.3.2.3,Aug_2023)
// ** loaded /usr/bin/../share/singular/LIB/nctools.lib (4.1.2.0,Feb_2019)
// ** loaded /usr/bin/../share/singular/LIB/inout.lib (4.1.2.0,Feb_2019)
// ** loaded /usr/bin/../share/singular/LIB/random.lib (4.1.2.0,Feb_2019)
// ** loaded /usr/bin/../share/singular/LIB/polylib.lib (4.2.0.0,Dec_2020)
// ** loaded /usr/bin/../share/singular/LIB/elim.lib (4.3.2.5,Jul_2023)
// ** loaded /usr/bin/../share/singular/LIB/general.lib (4.1.2.0,Feb_2019)
map with cache
map with cache
map with cache
map with cache
map with cache
map with cache
map with cache
map with cache
map with cache
std in (ZZ/179424673),(x10,x9,x8,x7,x6,x5,x4,x3,x2,x1),(dp(10),C)
[65535:4]1(9)s(8)s(7)s(6)s(5)s(4)s(3)s(2)ss21s
(S:9)---------
product criterion:45 chain criterion:0
[65535:3]1(9)s(8)s(7)s(6)s(5)s(4)s(3)s(2)ss21s
(S:9)---------
product criterion:45 chain criterion:0
map is a permutation
[65535:4]1(10)s(9)s(8)s(7)s(6)s(5)s(4)s(3)s(2)sss
(S:10)----------
product criterion:55 chain criterion:0
[65535:3]1(9)s(8)s(7)s(6)s(5)s(4)s(3)s(2)sss
(S:9)---------
product criterion:45 chain criterion:0
{1}[65535:5]1(9)s(8)s(7)s(6)s(5)s(4)s(3)s(2)sss2(8)--------
(S:10)-----------
product criterion:0 chain criterion:0
(S:10)rrrrrrrrrr
[65535:3]1(9)s(8)s(7)s(6)s(5)s(4)s(3)s(2)sss
(S:9)---------
product criterion:45 chain criterion:0
intersect by elimination method
[65535:5]1(10)s2(9)s(8)s(7)s(6)s(5)s(4)s(3)s(2)sss
(S:10)----------
product criterion:55 chain criterion:0
map is a permutation
[65535:4]1(10)s(9)s(8)s(7)s(6)s(5)s(4)s(3)s(2)ss2s
(S:0)
product criterion:55 chain criterion:0
map is a permutation
[65535:4]1(10)s(9)s(8)s(7)s(6)s(5)s(4)s(3)s(2)ss2s
(S:0)
product criterion:55 chain criterion:0
map is a permutation
[65535:4]1(10)s(9)s(8)s(7)s(6)s(5)s(4)s(3)s(2)ss2s
(S:0)
product criterion:55 chain criterion:0
map is a permutation
[65535:4]1(10)s(9)s(8)s(7)s(6)s(5)s(4)s(3)s(2)ss2s
(S:0)
product criterion:55 chain criterion:0
map is a permutation
[65535:4]1(10)s(9)s(8)s(7)s(6)s(5)s(4)s(3)s(2)ss2s
(S:0)
product criterion:55 chain criterion:0
map is a permutation
[65535:4]1(10)s(9)s(8)s(7)s(6)s(5)s(4)s(3)s(2)ss2s
(S:0)
product criterion:55 chain criterion:0
map is a permutation
[65535:4]1(10)s(9)s(8)s(7)s(6)s(5)s(4)s(3)s(2)ss2s
(S:0)
product criterion:55 chain criterion:0
map is a permutation
[65535:4]1(10)s(9)s(8)s(7)s(6)s(5)s(4)s(3)s(2)ss2s
(S:0)
product criterion:55 chain criterion:0
map is a permutation
[65535:4]1(10)s(9)s(8)s(7)s(6)s(5)s(4)s(3)s(2)ss2s
(S:0)
product criterion:55 chain criterion:0
map is a permutation
[65535:4]1(10)s(9)s(8)s(7)s(6)s(5)s(4)s(3)s(2)ss2s
(S:0)
product criterion:55 chain criterion:0
[65535:3]1(9)s(8)s(7)s(6)s(5)s(4)s(3)s(2)sss
(S:9)---------
product criterion:45 chain criterion:0
map is a permutation
[65535:4]1(10)s(9)s(8)s(7)s(6)s(5)s(4)s(3)s(2)ss2s
(S:10)----------
product criterion:55 chain criterion:0
[65535:3]1(9)s(8)s(7)s(6)s(5)s(4)s(3)s(2)ss2s
(S:9)---------
product criterion:45 chain criterion:0
{1}[65535:5]1(9)s(8)s(7)s(6)s(5)s(4)s(3)s(2)ss2s3(8)--------
(S:10)-----------
product criterion:0 chain criterion:0
(S:10)rrrrrrrrrr
[65535:3]1(9)s(8)s(7)s(6)s(5)s(4)s(3)s(2)ss2s
(S:9)---------
product criterion:45 chain criterion:0
map is a permutation
intersect by elimination method
[65535:5]1(10)s2(9)s(8)s(7)s(6)s(5)s(4)s(3)s(2)ss3s
(S:10)----------
product criterion:55 chain criterion:0
map is a permutation
[65535:4]1(10)s(9)s(8)s(7)s(6)s(5)s(4)s(3)s(2)s2s.4
(S:0)
product criterion:45 chain criterion:0
map is a permutation
[65535:4]1(10)s(9)s(8)s(7)s(6)s(5)s(4)s(3)s(2)s2s.4
(S:0)
product criterion:45 chain criterion:0
map is a permutation
[65535:4]1(10)s(9)s(8)s(7)s(6)s(5)s(4)s(3)s(2)s2s.4
(S:0)
product criterion:45 chain criterion:0
map is a permutation
[65535:4]1(10)s(9)s(8)s(7)s(6)s(5)s(4)s(3)s(2)s2s.4
(S:0)
product criterion:45 chain criterion:0
map is a permutation
[65535:4]1(10)s(9)s(8)s(7)s(6)s(5)s(4)s(3)s(2)s2s.4
(S:0)
product criterion:45 chain criterion:0
map is a permutation
[65535:4]1(10)s(9)s(8)s(7)s(6)s(5)s(4)s(3)s(2)s2s.4
(S:0)
product criterion:45 chain criterion:0
map is a permutation
[65535:4]1(10)s(9)s(8)s(7)s(6)s(5)s(4)s(3)s(2)s2s.4
(S:0)
product criterion:45 chain criterion:0
map is a permutation
[65535:4]1(10)s(9)s(8)s(7)s(6)s(5)s(4)s(3)s(2)s2s.4
(S:0)
product criterion:45 chain criterion:0
map is a permutation
[65535:4]1(10)s(9)s(8)s(7)s(6)s(5)s(4)s(3)s(2)s2s.4
(S:0)
product criterion:45 chain criterion:0
map is a permutation
[65535:4]1(10)s(9)s(8)s(7)s(6)s(5)s(4)s(3)s(2)s2s3s
(S:0)
product criterion:55 chain criterion:0
[65535:3]1(9)s(8)s(7)s(6)s(5)s(4)s(3)s(2)ss2s
(S:9)---------
product criterion:45 chain criterion:0
map is a permutation
[65535:4]1(10)s(9)s(8)s(7)s(6)s(5)s(4)s(3)s(2)ss2s
(S:10)----------
product criterion:55 chain criterion:0
[65535:3]1(9)s(8)s(7)s(6)s(5)s(4)s(3)s(2)ss2s
(S:9)---------
product criterion:45 chain criterion:0
{1}[65535:5]1(9)s(8)s(7)s(6)s(5)s(4)s(3)s(2)ss2s3(8)--------
(S:10)-----------
product criterion:0 chain criterion:0
(S:10)rrrrrrrrrr
[65535:3]1(9)s(8)s(7)s(6)s(5)s(4)s(3)s(2)ss2s
(S:9)---------
product criterion:45 chain criterion:0
map is a permutation
intersect by elimination method
[65535:5]1(10)s2(9)s(8)s(7)s(6)s(5)s(4)s(3)s(2)ss3s
(S:10)----------
product criterion:55 chain criterion:0
map is a permutation
[65535:4]1(10)s(9)s(8)s(7)s(6)s(5)s(4)s(3)s(2)s2s.4
(S:0)
product criterion:45 chain criterion:0
map is a permutation
[65535:4]1(10)s(9)s(8)s(7)s(6)s(5)s(4)s(3)s(2)s2s.4
(S:0)
product criterion:45 chain criterion:0
map is a permutation
[65535:4]1(10)s(9)s(8)s(7)s(6)s(5)s(4)s(3)s(2)s2s.4
(S:0)
product criterion:45 chain criterion:0
map is a permutation
[65535:4]1(10)s(9)s(8)s(7)s(6)s(5)s(4)s(3)s(2)s2s.4
(S:0)
product criterion:45 chain criterion:0
map is a permutation
[65535:4]1(10)s(9)s(8)s(7)s(6)s(5)s(4)s(3)s(2)s2s.4
(S:0)
product criterion:45 chain criterion:0
map is a permutation
[65535:4]1(10)s(9)s(8)s(7)s(6)s(5)s(4)s(3)s(2)s2s.4
(S:0)
product criterion:45 chain criterion:0
map is a permutation
[65535:4]1(10)s(9)s(8)s(7)s(6)s(5)s(4)s(3)s(2)s2s.4
(S:0)
product criterion:45 chain criterion:0
map is a permutation
[65535:4]1(10)s(9)s(8)s(7)s(6)s(5)s(4)s(3)s(2)s2s.4
(S:0)
product criterion:45 chain criterion:0
map is a permutation
[65535:4]1(10)s(9)s(8)s(7)s(6)s(5)s(4)s(3)s(2)s2s.4
(S:0)
product criterion:45 chain criterion:0
map is a permutation
[65535:4]1(10)s(9)s(8)s(7)s(6)s(5)s(4)s(3)s(2)s2s3s
(S:0)
product criterion:55 chain criterion:0
[65535:3]1(9)s(8)s(7)s(6)s(5)s(4)s(3)s(2)ss2s
(S:9)---------
product criterion:45 chain criterion:0
map is a permutation
[65535:4]1(10)s(9)s(8)s(7)s(6)s(5)s(4)s(3)s(2)ss16s
(S:10)----------
product criterion:55 chain criterion:0
[65535:3]1(9)s(8)s(7)s(6)s(5)s(4)s(3)s(2)ss16s
(S:9)---------
product criterion:45 chain criterion:0
{1}[65535:5]1(9)s(8)s(7)s(6)s(5)s(4)s(3)s(2)ss16s17(8)--------
(S:10)-----------
product criterion:0 chain criterion:0
(S:10)rrrrrrrrrr
[65535:3]1(9)s(8)s(7)s(6)s(5)s(4)s(3)s(2)ss16s
(S:9)---------
product criterion:45 chain criterion:0
map is a permutation
intersect by elimination method
[65535:5]1(10)s2(9)s(8)s(7)s(6)s(5)s(4)s(3)s(2)ss17s
(S:10)----------
product criterion:55 chain criterion:0
map is a permutation
[65535:4]1(10)s(9)s(8)s(7)s(6)s(5)s(4)s(3)s(2)s2s16.18
(S:0)
product criterion:45 chain criterion:0
map is a permutation
[65535:4]1(10)s(9)s(8)s(7)s(6)s(5)s(4)s(3)s(2)s2s16.18
(S:0)
product criterion:45 chain criterion:0
map is a permutation
[65535:4]1(10)s(9)s(8)s(7)s(6)s(5)s(4)s(3)s(2)s2s16.18
(S:0)
product criterion:45 chain criterion:0
map is a permutation
[65535:4]1(10)s(9)s(8)s(7)s(6)s(5)s(4)s(3)s(2)s2s16.18
(S:0)
product criterion:45 chain criterion:0
map is a permutation
[65535:4]1(10)s(9)s(8)s(7)s(6)s(5)s(4)s(3)s(2)s2s16.18
(S:0)
product criterion:45 chain criterion:0
map is a permutation
[65535:4]1(10)s(9)s(8)s(7)s(6)s(5)s(4)s(3)s(2)s2s16.18
(S:0)
product criterion:45 chain criterion:0
map is a permutation
[65535:4]1(10)s(9)s(8)s(7)s(6)s(5)s(4)s(3)s(2)s2s16.18
(S:0)
product criterion:45 chain criterion:0
map is a permutation
[65535:4]1(10)s(9)s(8)s(7)s(6)s(5)s(4)s(3)s(2)s2s16.18
(S:0)
product criterion:45 chain criterion:0
map is a permutation
[65535:4]1(10)s(9)s(8)s(7)s(6)s(5)s(4)s(3)s(2)s2s16.18
(S:0)
product criterion:45 chain criterion:0
map is a permutation
[65535:4]1(10)s(9)s(8)s(7)s(6)s(5)s(4)s(3)s(2)s16s17s
(S:0)
product criterion:55 chain criterion:0
[65535:3]1(9)s(8)s(7)s(6)s(5)s(4)s(3)s(2)ss16s
(S:9)---------
product criterion:45 chain criterion:0
// ** _ is no standard basis
// ** _ is no standard basis
// ** _ is no standard basis
// ** _ is no standard basis
Auf Wiedersehen.
                     SINGULAR                                 /  Development
 A Computer Algebra System for Polynomial Computations       /   version 4.3.2
                                                           0<
 by: W. Decker, G.-M. Greuel, G. Pfister, H. Schoenemann     \   Feb 2023
FB Mathematik der Universitaet, D-67653 Kaiserslautern        \  Debian 1:4.3.2-p10+ds-1.1build1
compute hilbert series with std in ring (ZZ/179424673),(x10,x9,x8,x7,x6,x5,x4,x3,x2,x1,@),(dp(11),C)
weights used for hilbert series: 1,1,1,1,1,1,1,1,1,1,1
[65535:3]1(9)s2(8)s3(7)s4(6)s(5)s(6)s(9)s5(12)s(14)s(16)s(19)s6(24)s(28)s(30)s(34)s(36)s(39)--s(40)-s7(48)s(50)s(53)s(58)s(63)--s(67)s(72)s(77)-s(82)s(86)s(91)s(96)s(101)s(104)s(108)-s(110)---ss(112)s(118)s(122)s(126)s(129)s(132)s(136)s(140)8-s(145)s(149)s(153)s(157)-s(159)s(163)s(168)-s(170)-s(172)s(175)s(178)------s(177)s(180)-s(182)s(186)s(190)-s(195)-s(196)s(201)-(200)s(205)s(207)---s(209)s(214)-s(219)-s(222)s(227)--------s(224)--s(226)--s(230)s(235)-s(240)s(247)--s(250)-----s(251)-s(254)-s(258)s(262)-s(266)s(271)s(276)s(280)s(285)--------s(281)-s(285)-s(288)-9-s(292)s(298)s(303)s(309)s(314)s(319)s(323)s(329)s(334)s(338)-s(341)s(347)s(352)s(356)s(361)s(365)-s(369)s(373)s(378)s(383)s(388)-s(391)--s(392)s(398)s(404)s(409)s(415)s(420)-s(425)-s(432)s(437)----s(440)--s(442)-s(445)s(449)-s(453)s(458)-s(464)s(470)---s(471)---s(474)s(479)s(484)s(489)s(494)-s(499)s(505)s(510)---s(513)s(525)---s(528)s(534)-s(539)s(545)s(551)s(557)-s(561)s(567)s(573)s(579)s(586)s(592)-------ss(598)---s(601)-(600)---s(602)--(600)--s(605)--s(610)-s(614)s(620)-s(623)--s(627)s(634)-s(637)-s(642)-s(647)s(652)---s(656)--s(661)s(665)----s(668)-s(672)--s(675)----s(677)-s(680)s(686)---s(688)-s(692)s(696)-s(702)--(700)-----s(701)-(700)---s(703)---(700)s(706)--s(709)-s(714)-s(719)s(724)------s(723)s(729)--------------s(720)----s--s(724)-----s(723)---s(724)s(730)s(736)--s(738)-s(742)--s(746)s(751)s(757)-s(760)-------s(759)--s(765)-------10--s(764)s(770)s(775)s(781)s(787)s(794)s(799)s(805)s(810)s(815)s(821)-s(824)s(831)s(836)--s(839)s(844)s(849)s(854)s(859)--s(862)-s(867)s(871)---s(873)s(879)s(886)s(891)s(897)s(904)s(910)s(916)s(922)s(927)--s(930)-s(936)s(943)s(950)s(956)s(962)s(968)s(974)s(979)s(986)s(990)s(994)s(1000)s(1007)s(1014)s(1021)s(1028)s(1033)---s(1036)s(1041)-s(1045)s(1052)s(1057)-s(1062)-s(1067)s(1072)s(1077)s(1082)-s(1087)--s(1091)s(1098)s(1104)----(1100)s(1107)s(1113)s(1119)s(1126)s(1133)s(1140)-----s(1142)s(1147)s(1152)s(1157)-s(1163)s(1170)s(1176)s(1184)s(1190)-s(1197)s(1203)-s(1206)-s(1211)-s(1216)s(1222)s(1230)s(1235)s(1242)s(1249)--s(1253)s(1261)--s(1266)------s(1265)--s(1269)s(1276)s(1283)-s(1289)--s(1292)--s(1296)s(1303)--s(1309)-s(1313)-s(1318)--s(1324)s(1331)--s(1335)-s(1342)s(1350)--s(1356)s(1364)-s(1370)-s(1375)s(1380)---------s(1375)--s(1378)--------s(1376)s(1382)-s(1387)s(1393)s(1400)----s(1404)s(1411)s(1416)-s(1422)--s(1426)--s(1431)s(1435)-s(1441)-s(1446)s(1452)s(1458)-s(1462)--s(1466)s(1471)s(1477)s(1482)--s(1486)----s(1488)----s(1490)--s(1493)-s(1498)s(1504)s(1511)s(1518)-s(1521)-----s--s(1526)s(1530)--s(1534)--s(1538)----s(1539)s(1546)s(1552)s(1559)------------s(1552)s(1557)-s(1562)---s(1565)---s(1567)s(1573)--s(1576)--s(1581)--s(1585)s(1592)--s(1595)s(1603)s(1610)s(1615)s(1619)-s(1624)s(1629)s(1636)---s(1641)-------s-s(1645)---s(1650)s(1655)---s(1658)-----s---s(1662)s(1668)s(1674)--s(1677)-----s(1678)s(1685)-s(1691)--s(1696)s(1702)-s(1708)---s(1710)---s(1712)-s(1715)-s(1722)-s(1729)------s(1730)-s(1735)-s(1742)---s(1745)s(1752)s(1759)---s(1764)s(1770)s(1777)s(1783)s(1788)-s(1792)-----s(1794)s(1800)s(1805)s(1811)-s(1816)s(1823)--s(1826)-----s(1828)-s(1834)s(1841)s(1848)---s(1851)-s(1856)s(1861)----s(1863)-------s(1864)--------s(1861)---s(1865)s(1871)s(1876)-----------s(1871)s(1876)---s(1889)s(1897)s(1903)---(1900)-s(1905)---s(1906)---s(1909)-----s(1910)--s(1911)s(1918)-s(1923)--s(1928)---s(1930)s(1938)-s(1941)----s(1945)--s(1948)s(1956)----s(1958)s(1962)s(1968)s(1974)--s(1979)-s(1985)s(1992)--------s(1991)--s(1995)-----s-s(1999)s(2005)-----(2000)----s(2002)s(2008)-s(2015)s(2022)------s---s(2027)---s(2028)-s(2035)s(2043)-s(2048)---s(2051)------------------s(2040)------s-----s(2043)---------s(2039)------------------s(2029)---------------s(2020)--s(2023)--s(2028)---s(2033)----s(2034)---------s(2031)-------------11--s(2024)s(2032)s(2036)s(2041)s(2049)s(2056)-s(2063)-s(2068)s(2076)s(2082)s(2088)s(2095)s(2101)-(2100)s(2105)s(2112)s(2118)s(2124)s(2131)s(2139)s(2147)s(2154)s(2160)s(2167)s(2174)s(2181)s(2187)s(2193)s(2200)s(2206)-s(2212)s(2219)s(2225)s(2231)s(2237)s(2243)s(2249)s(2256)s(2261)s(2267)-s(2274)s(2280)s(2287)s(2294)s(2300)s(2306)s(2312)s(2320)s(2326)s(2331)s(2337)s(2344)s(2351)s(2359)s(2364)s(2371)s(2377)s(2383)s(2388)s(2395)s(2403)s(2410)s(2416)s(2422)s(2430)s(2436)s(2443)s(2449)s(2454)s(2460)s(2466)s(2473)s(2480)s(2486)s(2492)s(2500)s(2507)s(2514)s(2521)s(2529)s(2534)s(2541)s(2549)s(2557)s(2563)s(2570)s(2576)s(2581)s(2589)s(2594)s(2600)s(2604)s(2610)s(2617)s(2625)s(2633)s(2638)s(2644)s(2649)s(2653)s(2659)s(2666)s(2670)s(2676)s(2684)s(2689)s(2697)s(2702)s(2709)s(2715)s(2721)s(2728)s(2736)s(2744)s(2751)s(2756)s(2763)s(2771)-----s(2773)s(2779)--s(2783)s(2790)s(2795)s(2803)s(2809)s(2816)s(2821)s(2827)s(2834)s(2839)s(2847)s(2854)s(2861)s(2867)s(2874)s(2881)--s(2887)s(2894)s(2901)s(2908)s(2915)---s(2917)---s(2920)-s(2926)s(2933)--s(2938)-s(2943)s(2949)s(2954)s(2960)s(2967)s(2973)s(2980)----s(2983)s(2989)s(2995)------ss(3002)-s(3008)s(3015)s(3023)-s(3027)---s(3031)s(3037)s(3042)s(3048)--s(3051)-----s(3053)----s(3056)s(3063)--------s(3062)s(3069)-s(3075)----s(3077)s(3083)s(3091)s(3097)-s(3102)s(3108)----s(3111)--------s(3109)s(3115)s(3122)-s(3129)s(3135)s(3140)s(3146)--s(3149)--s(3153)s(3160)s(3166)s(3173)s(3180)-------ss(3187)-s(3192)s(3199)---s(3202)-s(3208)-s(3214)s(3220)--s(3226)s(3234)s(3242)s(3246)s(3252)s(3257)s(3263)-----s------ss(3267)s(3275)--s(3280)s(3287)s(3292)-s(3299)-s(3305)--s(3310)-s(3315)s(3322)s(3330)s(3338)s(3344)s(3350)s(3357)s(3363)-------s--s(3368)-s(3374)s(3380)s(3388)----s(3392)--s(3396)s(3403)s(3411)s(3418)s(3424)s(3430)s(3437)s(3445)s(3452)s(3458)s(3463)s(3467)s(3473)s(3480)s(3486)s(3493)--s(3498)-------------s(3491)--------s(3490)s(3497)--------s-s(3503)---(3500)-s(3507)----s(3510)--s(3515)s(3522)s(3527)s(3534)-------s----------s(3531)s(3537)-----s(3540)-s(3546)--s(3550)-s(3554)-----s(3555)s(3562)s(3569)s(3575)--s(3579)s(3586)---s(3591)-----s(3593)s(3600)s(3604)s(3611)-s(3617)s(3623)-s(3628)-----s(3630)s(3637)-s(3644)s(3651)-s(3658)------s(3659)s(3666)----s(3668)-s(3673)-s(3678)-----s(3680)s(3688)s(3695)s(3703)s(3710)s(3717)-s(3723)s(3730)s(3738)---s(3742)s(3749)-s(3755)s(3762)s(3766)s(3774)s(3782)--s(3788)s(3793)------s-s(3800)-s(3806)s(3814)s(3822)s(3828)s(3831)s(3838)s(3844)-s(3851)s(3859)s(3865)--s(3871)s(3879)s(3883)-s(3887)s(3895)s(3902)s(3910)s(3915)------------s(3911)-----s(3913)----s(3915)s(3922)----s(3924)-s(3930)s(3937)s(3944)----s(3947)s(3955)s(3963)-s(3969)s(3976)s(3979)s(3987)s(3994)s(4001)-(4000)-s(4006)s(4014)--s(4020)--s(4024)s(4032)-s(4038)s(4045)s(4050)------ss(4055)-s(4059)s(4067)-s(4073)---------------s(4064)----s(4066)s(4072)s(4079)s(4087)s(4095)------s(4096)s(4100)--s(4104)s(4110)--s(4114)s(4122)s(4130)-----------s(4125)------s(4127)s(4133)s(4138)s(4144)s(4152)--s(4158)s(4165)s(4172)s(4180)-s(4187)--------s(4185)---s(4189)----s(4191)s(4196)s(4202)s(4210)-s(4214)s(4221)s(4227)-s(4231)----s(4234)-s(4238)-s(4244)s(4251)s(4258)----s(4261)-s(4267)s(4275)s(4281)s(4286)-s(4292)-s(4296)s(4300)s(4304)-s(4310)s(4315)s(4322)s(4329)s(4335)-s(4339)-------------------s(4327)--s(4331)----s(4335)---------s(4331)-s(4335)------s(4336)------s-------s(4337)--s(4342)s(4350)-s(4356)--------s(4355)--s(4361)s(4370)s(4374)-s(4378)s(4385)-s(4389)s(4396)--s(4400)s(4407)s(4414)s(4422)----------s(4418)s(4424)s(4432)-s(4437)s(4443)------s(4444)s(4451)--s(4455)-s(4461)--s(4464)s(4470)------ss(4478)--s(4484)----------s(4481)----------s(4477)s(4485)s(4491)s(4495)---s(4499)---s(4504)-s(4508)s(4516)s(4523)s(4531)--s(4537)----s(4539)-------ss(4547)s(4554)--s(4560)---s(4562)-s(4567)-s(4574)s(4582)----------s(4578)s(4586)--s(4591)-s(4597)s(4605)-s(4610)s(4618)--s(4623)s(4631)-------s(4630)-s(4636)--s(4641)--s(4645)--s(4649)-------s---s(4654)s(4659)s(4666)-s(4671)----s(4675)------s(4676)--------s-----s(4678)s(4685)-----------s(4680)---------s(4677)-s(4684)----s(4686)-------------------------------s(4662)s(4670)----s(4673)---s(4675)----------------------s(4661)-s(4668)s(4675)----ss(4680)---s(4684)--s(4689)-s(4694)--s(4697)s(4705)-s(4710)s(4717)-s(4723)s(4731)-------------------------------(4700)-s(4704)-s(4711)s(4717)s(4723)----s--------s(4722)----s(4723)s(4729)-s(4736)s(4743)-------------s(4738)-------------s(4732)s(4739)-----s(4741)s(4748)s(4754)-s(4760)--s(4765)---s(4769)s(4777)--s(4783)----s(4787)-----------------------------------s(4760)s(4767)--s(4770)--s(4775)------------------s(4765)---s(4766)---s(4767)----s(4770)----s(4774)s(4779)--s(4782)s(4788)s(4794)s(4800)--s(4805)s(4812)-s(4816)s(4822)s(4830)-----------------s(4821)------s--s(4827)---s(4830)s(4836)-----s(4837)--s(4842)s(4848)s(4855)------------------------s(4837)-----s(4838)s(4846)--------s(4845)s(4852)-----s(4855)s(4860)-s(4865)s(4872)-s(4875)------------s(4871)-----------s(4867)----s(4869)s(4877)s(4882)-----s(4884)s(4891)--s(4897)----s(4901)-(4900)--s(4905)s(4909)---------(4900)---s(4903)---(4900)-----------------------------s(4877)-------------------------s(4859)-----------------------------------------------------------(4800)--s(4803)s(4810)-------s(4809)s(4816)----------------(4800)----------------s(4791)s(4798)s(4805)-s(4810)s(4818)--------------s(4812)--s(4818)-s(4824)s(4832)s(4839)---s(4844)---s(4847)-----s(4849)----s(4852)-------------------------s(4834)----------s(4832)----------------s(4822)---------s(4818)--s(4822)----------s(4819)--s(4824)------------s(4819)----s(4820)--s(4824)s(4830)--------------s(4822)-s(4827)-------s(4826)------------------s(4815)--------s(4814)--------------(4800)----s(4803)---(4800)--------------s(4793)--------s(4790)-s(4795)---------12-----s(4789)s(4797)s(4804)s(4811)s(4818)s(4823)s(4829)s(4835)s(4841)s(4848)s(4856)s(4863)s(4870)s(4878)s(4882)s(4888)s(4895)s(4901)-(4900)----s(4904)s(4911)s(4919)-s(4924)s(4932)s(4939)s(4947)s(4953)s(4959)s(4966)s(4974)s(4981)--s(4986)-s(4993)s(5001)s(5008)s(5016)s(5024)s(5032)s(5039)s(5045)----s(5047)-s(5053)s(5061)s(5069)s(5077)s(5085)s(5091)s(5098)s(5105)s(5112)-s(5119)-s(5124)s(5132)s(5139)s(5146)--s(5151)s(5159)s(5167)s(5175)s(5183)s(5191)s(5199)s(5207)s(5215)-s(5221)s(5227)s(5234)s(5241)s(5249)s(5257)s(5265)s(5273)s(5279)s(5285)s(5292)s(5298)s(5304)s(5310)s(5318)-s(5324)s(5329)-s(5334)s(5341)s(5346)s(5353)s(5361)s(5369)s(5376)s(5382)s(5386)s(5393)s(5400)s(5408)s(5415)s(5423)s(5431)s(5438)s(5446)s(5451)s(5456)s(5463)-s(5468)-s(5473)s(5479)s(5487)s(5494)s(5501)-(5500)s(5508)s(5516)s(5523)s(5530)s(5537)s(5543)s(5551)s(5557)s(5564)s(5570)-s(5577)s(5584)s(5590)s(5596)s(5602)s(5609)s(5615)s(5622)s(5630)s(5637)s(5644)s(5652)s(5658)s(5664)s(5669)s(5676)s(5683)s(5690)s(5695)s(5702)s(5710)s(5718)s(5724)s(5731)s(5738)s(5744)-s(5751)s(5758)s(5765)s(5770)s(5777)s(5785)s(5791)s(5796)s(5803)s(5810)s(5817)s(5824)----s(5827)-----s(5828)s(5836)s(5844)---s(5849)-s(5856)s(5864)s(5871)-s(5878)s(5886)-----s(5888)s(5896)s(5901)s(5907)s(5913)--------ss(5921)s(5929)------s(5930)-s(5937)s(5943)s(5950)s(5956)---s(5958)--s(5962)-s(5968)s(5975)s(5982)-s(5988)s(5994)s(6000)s(6007)s(6013)s(6021)--s(6025)--s(6030)-----s(6029)----s(6031)-s(6036)s(6043)s(6050)s(6056)s(6062)s(6069)s(6076)s(6083)s(6090)s(6095)s(6100)s(6107)--s(6113)-s(6120)s(6126)s(6132)s(6138)s(6144)s(6150)s(6158)s(6163)s(6170)s(6176)s(6182)s(6189)s(6197)s(6205)---s(6209)s(6215)---------s(6211)--s(6214)----s(6215)s(6222)s(6229)--s(6234)s(6239)-s(6246)-s(6252)s(6259)s(6267)------s(6268)-s(6274)s(6281)s(6288)-s(6293)s(6300)s(6307)-------(6300)-s(6305)--s(6308)------s(6309)s(6317)s(6322)s(6327)s(6334)--s(6340)--s(6344)s(6351)s(6357)s(6363)---s(6366)----s(6369)----------------s(6361)------s(6362)--s(6367)--s(6371)s(6378)s(6385)------ss(6392)s(6398)s(6406)s(6414)s(6421)s(6428)s(6435)---s(6440)------s(6439)-------s-s(6445)s(6452)s(6458)-----s------s(6459)-------s(6458)s(6464)s(6471)s(6479)-s(6485)s(6491)s(6496)s(6502)s(6509)-s(6515)---------------(6500)--------------s(6493)----s(6496)-------s(6495)s(6498)s(6506)s(6513)-----s-----------s(6510)-------s(6508)--------(6500)-------s(6498)s(6505)-s(6510)s(6517)s(6524)--------------s(6517)------s(6516)-s(6521)s(6528)---s(6533)--s(6536)-s(6541)s(6548)s(6555)----------------s(6545)-s(6551)----s(6552)------s(6549)-s(6555)s(6562)-s(6568)s(6572)-------s(6570)----s(6573)--s(6575)----s(6578)-s(6582)s(6588)-s(6594)s(6598)-s(6602)s(6607)s(6613)-s(6619)s(6624)-s(6631)s(6638)-----------s(6634)---------s(6632)---s(6636)----s(6637)--s(6642)-s(6647)s(6654)s(6662)s(6670)s(6676)s(6682)s(6689)s(6695)s(6702)s(6706)-s(6712)--s(6717)s(6722)s(6729)s(6736)s(6743)--s(6749)---------s(6746)--s(6750)-------------s(6745)s(6751)s(6759)s(6767)s(6775)s(6783)--s(6788)s(6796)-s(6800)s(6806)-----s(6807)--s(6813)------ss(6821)s(6827)--s(6833)--s(6839)s(6847)s(6855)s(6862)s(6866)s(6873)s(6880)-s(6885)-s(6891)s(6899)s(6904)s(6912)s(6918)s(6925)s(6932)s(6939)s(6947)s(6954)s(6960)s(6967)s(6975)s(6983)s(6991)s(6996)s(7001)s(7009)s(7014)s(7021)s(7027)s(7035)s(7043)--------s(7041)---s(7042)-s(7047)s(7051)s(7057)-s(7061)s(7069)-s(7075)s(7083)s(7088)s(7093)--s(7097)s(7105)-s(7111)s(7119)s(7126)s(7131)---------------------s(7116)--s(7120)-s(7124)---------s(7120)s(7126)--s(7131)---s(7135)--s(7140)-s(7144)-------ss(7150)--------s(7147)--s(7151)----s(7153)-s(7159)s(7165)-s(7172)---s(7176)---s(7180)---s(7185)--s(7190)s(7195)-s(7202)s(7209)-s(7215)s(7223)s(7231)s(7239)s(7246)s(7252)s(7259)s(7264)s(7269)s(7275)s(7282)--s(7288)-s(7295)--s(7299)--s(7305)--s(7311)--s(7316)--s(7321)s(7328)-------s-s(7332)s(7337)s(7344)s(7352)s(7359)s(7367)s(7373)s(7380)s(7386)s(7394)s(7399)s(7407)s(7414)s(7419)s(7425)------------s(7417)-------s------------s(7412)-------s--s(7416)----------------(7400)---------s(7397)---------------s(7388)------------------------------s(7365)-----s(7368)----------s(7364)------s(7365)s(7373)---s(7376)s(7383)s(7391)s(7398)s(7406)------(7400)---------------------------------s(7372)--s(7376)s(7383)--s(7389)s(7396)s(7404)----(7400)----------s(7396)----s(7398)s(7405)s(7411)s(7418)s(7426)---s(7429)-s(7434)s(7442)s(7448)s(7456)s(7464)s(7469)s(7477)s(7481)s(7489)---------------s(7481)-----s(7482)-s(7489)------s(7491)-s(7498)--s(7504)s(7510)s(7516)-------s--------s-----s(7518)---------s(7516)--s(7522)-----s(7524)-s(7528)s(7534)s(7539)---s(7544)s(7549)-s(7554)s(7562)-s(7569)s(7575)-s(7579)-s(7585)s(7592)-s(7599)-s(7605)s(7611)s(7616)s(7622)s(7629)s(7637)s(7645)s(7652)s(7660)-----------s(7657)---------------------------s(7636)s(7641)---s(7646)--------s(7645)s(7651)---------s(7649)s(7657)-s(7662)s(7669)--s(7673)-s(7679)s(7686)s(7694)s(7701)s(7709)s(7715)---------------(7700)---------------s(7693)----------------------s(7678)---s(7681)s(7688)--s(7691)s(7698)s(7706)s(7714)--s(7720)-------s-s(7725)--s(7730)----s(7731)--s(7736)----s(7737)s(7744)s(7752)s(7760)s(7767)---------------------s(7754)s(7761)s(7769)-------s------s(7771)------s(7769)s(7775)s(7781)---s(7786)s(7793)---s(7797)s(7805)-----(7800)----------------------------s(7779)s(7787)s(7795)-------------------s(7783)-----------s(7780)s(7787)-------ss(7792)s(7798)s(7806)s(7814)-s(7820)-s(7825)s(7832)-s(7838)s(7844)s(7851)s(7856)s(7864)s(7872)s(7880)-----------s(7876)--s(7882)-------------------s(7869)----------s(7866)s(7873)s(7881)s(7888)s(7896)--s(7901)-(7900)---s(7903)---(7900)-s(7903)s(7908)s(7916)s(7923)s(7929)-s(7935)s(7941)s(7946)s(7954)s(7961)s(7969)-------------------------------------------s(7934)-----s(7935)------------------s(7924)------s(7925)-s(7931)---------------------------s(7912)----------s(7908)s(7915)-s(7922)--s(7927)---s(7932)---s(7935)s(7942)----------------s(7933)---s(7938)----s(7941)---------------------------s(7922)s(7929)-----------s(7924)-s(7929)--s(7934)s(7940)-s(7944)----s(7946)s(7954)s(7961)s(7969)s(7976)s(7984)-------------s(7979)--s(7984)s(7992)--s(7996)------------------s(7983)Killed
