
      +++  sector:  {0, 1, 1, 1, 0}  (1/1)  +++ 
                     SINGULAR                                 /  Development
 A Computer Algebra System for Polynomial Computations       /   version 4.3.2
                                                           0<
 by: W. Decker, G.-M. Greuel, G. Pfister, H. Schoenemann     \   Feb 2023
FB Mathematik der Universitaet, D-67653 Kaiserslautern        \  Debian 1:4.3.2-p10+ds-1.1build1
compute hilbert series with std in ring (ZZ/179424673),(x10,x9,x8,x7,x6,x5,x4,x3,x2,x1,@),(dp(11),C)
weights used for hilbert series: 1,1,1,1,1,1,1,1,1,1,1
[65535:3]2(9)s(8)s(7)s(6)s(5)s(4)s(5)s(7)s(10)s(14)s3(15)s(19)s(24)s(30)s(32)s(39)s(47)s(50)s(53)s(57)s(61)s(65)s(67)s(70)s(74)-s4(79)s(84)s(89)--s(93)s(102)--(100)-----s(102)--(100)-s(107)----s(109)s(115)s(121)s(128)-----s(129)-s(135)s(143)s(152)------------s(147)-----s(151)s(158)----s(161)------s(162)-----------5-s(158)s(165)s(173)---s(178)----s(182)s(190)-----------s(188)---s(193)s(200)s(208)--------(200)----------------------------------------------------------------------------------------------------(100)-----------6-s(96)---------------------------------------------------------------------------------------7---------
product criterion:357 chain criterion:783
std with hilb in (ZZ/179424673),(x10,x9,x8,x7,x6,x5,x4,x3,x2,x1,@),(lp(10),dp(1),C)
[65535:3]2(54)s(53)s(52)ss(51)ss(50)s(52)s(55)s(56)s3(60)s(64)s(69)s(72)s(78)s(80)s(82)s(89)s(92)s(95)s(98)s(102)s(106)s(114)s(119)shhhhhhhhhhhhhhhh4(109)s(114)s(120)s(125)s(134)s(140)s(147)s(154)s(162)s(168)s(175)s(182)s(191)-s(196)s(204)s(212)--------s(211)----------s(208)-s(215)---------------(200)-shhhhhhhhhhhhhhhhhhhhhhhhhhhhhhhhhhhhhhhhhhhh5(164)s(172)s(178)s(185)s(192)s(199)s(208)--------(200)-----------s(197)s(205)s(213)s(221)s(229)-s(235)shhhhhhhhhhhhhhhhhhhhhhhhhhhhhhhhhhhhhhhhhhhhhhhhhhhhhhhhhhhhhhhhhhhhhhhhhhhhhhhhhhhhhhhhhhhhhhhhhhhhhhhhhhhhhhhhhhhhhhhhhhhhhhhhhhh6(112)-shhhhhhhhhhhhhhhhhhhhhhhhhhhhhhhhhhhhhhhhhhhhhhhhhhhhhhhhhhhhhhhhhhhhhhhhhhhhhhhhhhhhhhhhhhhhhhhhhhhhhhhhhhhhhhh7(9)shhhhhhhhhhhhhhhhhh
product criterion:389 chain criterion:941
hilbert series criterion:320
dehomogenization
simplification
imap to ring (ZZ/179424673),(x10,x9,x8,x7,x6,x5,x4,x3,x2,x1),(lp(10),C)
Auf Wiedersehen.
                     SINGULAR                                 /  Development
 A Computer Algebra System for Polynomial Computations       /   version 4.3.2
                                                           0<
 by: W. Decker, G.-M. Greuel, G. Pfister, H. Schoenemann     \   Feb 2023
FB Mathematik der Universitaet, D-67653 Kaiserslautern        \  Debian 1:4.3.2-p10+ds-1.1build1
// ** loaded /usr/bin/../share/singular/LIB/primdec.lib (4.3.2.9,Oct_2023)
// ** loaded /usr/bin/../share/singular/LIB/ring.lib (4.3.1.3,Feb_2023)
// ** loaded /usr/bin/../share/singular/LIB/absfact.lib (4.1.2.0,Feb_2019)
// ** loaded /usr/bin/../share/singular/LIB/triang.lib (4.1.2.0,Feb_2019)
// ** loaded /usr/bin/../share/singular/LIB/matrix.lib (4.3.2.3,Aug_2023)
// ** loaded /usr/bin/../share/singular/LIB/nctools.lib (4.1.2.0,Feb_2019)
// ** loaded /usr/bin/../share/singular/LIB/inout.lib (4.1.2.0,Feb_2019)
// ** loaded /usr/bin/../share/singular/LIB/random.lib (4.1.2.0,Feb_2019)
// ** loaded /usr/bin/../share/singular/LIB/polylib.lib (4.2.0.0,Dec_2020)
// ** loaded /usr/bin/../share/singular/LIB/elim.lib (4.3.2.5,Jul_2023)
// ** loaded /usr/bin/../share/singular/LIB/general.lib (4.1.2.0,Feb_2019)
map with cache
map with cache
map with cache
map with cache
map with cache
map with cache
map with cache
map with cache
map with cache
std in (ZZ/179424673),(x10,x9,x8,x7,x6,x5,x4,x3,x2,x1),(dp(10),C)
[65535:4]1(9)s(8)s(7)s(6)s(5)s(4)s(3)s(2)ss3s
(S:9)---------
product criterion:45 chain criterion:0
[65535:3]1(9)s(8)s(7)s(6)s(5)s(4)s(3)s(2)ss3s
(S:9)---------
product criterion:45 chain criterion:0
map is a permutation
[65535:4]1(10)s(9)s(8)s(7)s(6)s(5)s(4)s(3)s(2)sss
(S:10)----------
product criterion:55 chain criterion:0
[65535:3]1(9)s(8)s(7)s(6)s(5)s(4)s(3)s(2)sss
(S:9)---------
product criterion:45 chain criterion:0
{1}[65535:5]1(9)s(8)s(7)s(6)s(5)s(4)s(3)s(2)sss2(8)--------
(S:10)-----------
product criterion:0 chain criterion:0
(S:10)rrrrrrrrrr
[65535:3]1(9)s(8)s(7)s(6)s(5)s(4)s(3)s(2)sss
(S:9)---------
product criterion:45 chain criterion:0
intersect by elimination method
[65535:5]1(10)s2(9)s(8)s(7)s(6)s(5)s(4)s(3)s(2)sss
(S:10)----------
product criterion:55 chain criterion:0
map is a permutation
[65535:4]1(10)s(9)s(8)s(7)s(6)s(5)s(4)s(3)s(2)ss2s
(S:0)
product criterion:55 chain criterion:0
map is a permutation
[65535:4]1(10)s(9)s(8)s(7)s(6)s(5)s(4)s(3)s(2)ss2s
(S:0)
product criterion:55 chain criterion:0
map is a permutation
[65535:4]1(10)s(9)s(8)s(7)s(6)s(5)s(4)s(3)s(2)ss2s
(S:0)
product criterion:55 chain criterion:0
map is a permutation
[65535:4]1(10)s(9)s(8)s(7)s(6)s(5)s(4)s(3)s(2)ss2s
(S:0)
product criterion:55 chain criterion:0
map is a permutation
[65535:4]1(10)s(9)s(8)s(7)s(6)s(5)s(4)s(3)s(2)ss2s
(S:0)
product criterion:55 chain criterion:0
map is a permutation
[65535:4]1(10)s(9)s(8)s(7)s(6)s(5)s(4)s(3)s(2)ss2s
(S:0)
product criterion:55 chain criterion:0
map is a permutation
[65535:4]1(10)s(9)s(8)s(7)s(6)s(5)s(4)s(3)s(2)ss2s
(S:0)
product criterion:55 chain criterion:0
map is a permutation
[65535:4]1(10)s(9)s(8)s(7)s(6)s(5)s(4)s(3)s(2)ss2s
(S:0)
product criterion:55 chain criterion:0
map is a permutation
[65535:4]1(10)s(9)s(8)s(7)s(6)s(5)s(4)s(3)s(2)ss2s
(S:0)
product criterion:55 chain criterion:0
map is a permutation
[65535:4]1(10)s(9)s(8)s(7)s(6)s(5)s(4)s(3)s(2)ss2s
(S:0)
product criterion:55 chain criterion:0
[65535:3]1(9)s(8)s(7)s(6)s(5)s(4)s(3)s(2)sss
(S:9)---------
product criterion:45 chain criterion:0
map is a permutation
[65535:4]1(10)s(9)s(8)s(7)s(6)s(5)s(4)s(3)s(2)ss2s
(S:10)----------
product criterion:55 chain criterion:0
[65535:3]1(9)s(8)s(7)s(6)s(5)s(4)s(3)s(2)ss2s
(S:9)---------
product criterion:45 chain criterion:0
{1}[65535:5]1(9)s(8)s(7)s(6)s(5)s(4)s(3)s(2)ss2s3(8)--------
(S:10)-----------
product criterion:0 chain criterion:0
(S:10)rrrrrrrrrr
[65535:3]1(9)s(8)s(7)s(6)s(5)s(4)s(3)s(2)ss2s
(S:9)---------
product criterion:45 chain criterion:0
map is a permutation
intersect by elimination method
[65535:5]1(10)s2(9)s(8)s(7)s(6)s(5)s(4)s(3)s(2)ss3s
(S:10)----------
product criterion:55 chain criterion:0
map is a permutation
[65535:4]1(10)s(9)s(8)s(7)s(6)s(5)s(4)s(3)s(2)s2s.4
(S:0)
product criterion:45 chain criterion:0
map is a permutation
[65535:4]1(10)s(9)s(8)s(7)s(6)s(5)s(4)s(3)s(2)s2s.4
(S:0)
product criterion:45 chain criterion:0
map is a permutation
[65535:4]1(10)s(9)s(8)s(7)s(6)s(5)s(4)s(3)s(2)s2s.4
(S:0)
product criterion:45 chain criterion:0
map is a permutation
[65535:4]1(10)s(9)s(8)s(7)s(6)s(5)s(4)s(3)s(2)s2s.4
(S:0)
product criterion:45 chain criterion:0
map is a permutation
[65535:4]1(10)s(9)s(8)s(7)s(6)s(5)s(4)s(3)s(2)s2s.4
(S:0)
product criterion:45 chain criterion:0
map is a permutation
[65535:4]1(10)s(9)s(8)s(7)s(6)s(5)s(4)s(3)s(2)s2s.4
(S:0)
product criterion:45 chain criterion:0
map is a permutation
[65535:4]1(10)s(9)s(8)s(7)s(6)s(5)s(4)s(3)s(2)s2s.4
(S:0)
product criterion:45 chain criterion:0
map is a permutation
[65535:4]1(10)s(9)s(8)s(7)s(6)s(5)s(4)s(3)s(2)s2s.4
(S:0)
product criterion:45 chain criterion:0
map is a permutation
[65535:4]1(10)s(9)s(8)s(7)s(6)s(5)s(4)s(3)s(2)s2s.4
(S:0)
product criterion:45 chain criterion:0
map is a permutation
[65535:4]1(10)s(9)s(8)s(7)s(6)s(5)s(4)s(3)s(2)s2s3s
(S:0)
product criterion:55 chain criterion:0
[65535:3]1(9)s(8)s(7)s(6)s(5)s(4)s(3)s(2)ss2s
(S:9)---------
product criterion:45 chain criterion:0
// ** _ is no standard basis
// ** _ is no standard basis
Auf Wiedersehen.
                     SINGULAR                                 /  Development
 A Computer Algebra System for Polynomial Computations       /   version 4.3.2
                                                           0<
 by: W. Decker, G.-M. Greuel, G. Pfister, H. Schoenemann     \   Feb 2023
FB Mathematik der Universitaet, D-67653 Kaiserslautern        \  Debian 1:4.3.2-p10+ds-1.1build1
compute hilbert series with std in ring (ZZ/179424673),(x10,x9,x8,x7,x6,x5,x4,x3,x2,x1,@),(dp(11),C)
weights used for hilbert series: 1,1,1,1,1,1,1,1,1,1,1
[65535:3]1(9)s2(8)s(7)s3(6)ssss(7)s(11)s4(15)-s(18)-s(20)s(24)s(27)s(32)s(36)s(38)s(41)s5(48)-s(52)s(57)-s(61)----s(63)s(69)--s(73)s(78)----s(81)--s(83)-s(87)s(92)--s6(95)-----s(96)----------s(92)--s(97)----------------s(88)----------s(84)--s(89)---s(93)s(100)s(105)s(111)---s(114)---s(117)-s(123)----s(122)s(126)-----7--------s(119)-------s-------------------(100)----s(103)s(110)----------(100)--------s----s(102)--(100)s(107)s(114)--------------(100)---------------------------------8------s(68)--------------------s(56)---------------------------------------9-----------------
product criterion:317 chain criterion:848
std with hilb in (ZZ/179424673),(x10,x9,x8,x7,x6,x5,x4,x3,x2,x1,@),(lp(10),dp(1),C)
[65535:3]1(54)s2(53)s(52)s3ss(53)s(55)s(58)s(62)s(67)s4(73)--s(72)s(74)s(77)s(79)s(81)s(85)s(88)s(91)s(94)s(99)s(103)s(107)s(108)-s(113)s(118)s(123)s(125)s(127)s(128)s(135)s(141)s(147)s(150)s(153)s(156)shhhhhhhh5(155)-s(162)--s(164)-s(171)s(178)-s(185)--s(186)s(193)--ss(199)s(204)s(206)-s(207)---s(208)s(211)----s(210)s(214)s(217)-s(222)s(225)-s(228)---s(230)s(234)--s(237)-s(242)----s(243)--s(247)---s(250)s(257)--s(261)-s(267)----s(268)-------s(265)s(271)s(276)-s(279)---s(283)s(288)s(292)---s(297)-s(298)----s(297)-shhhhhhhhhhhhhhhhhhhhh6(281)-----s(280)--------s(277)------s(279)----s(277)----s(280)---s(284)-s(291)--------s(286)s(294)--s(299)-----s---------s(297)-s(303)---(300)-------s(297)-s(303)--s(309)-------s(304)----(300)--s(306)--s(312)------------(300)s(308)-s(315)-s(320)s(327)s(336)----s(338)-------------------------------------s(307)--s(313)s(321)s(324)----s(326)s(327)s(331)-s(334)s(339)---s(341)-s(344)-s(348)---s(351)--s(356)-----s(358)------------s(351)-----s(352)-----------shhhhhhhhhhhhhhhhhh7(328)----------------------------(300)---------s(299)------------------------------------------s(265)----s(269)-----s(272)-s(279)-----s(282)------------------------------------------s(246)s(254)------------------------------------------------------(200)------s----s(203)---(200)----s(203)---(200)-s(206)---s(209)---------(200)s(206)s(211)--s(215)--s(220)---s(224)s(231)---------------s(223)--s(226)---s(229)-s(234)-s(239)-----------------------s(221)--shhhhhhhhh8(216)----------------(200)-------------------------------------------------s(158)----------------------------------------------------------(100)s(107)------s--s(110)----------(100)-s(107)---s(111)--------s(109)--s(114)s(122)-s(129)s(136)-------------s(129)-shhhhhhhhhhhhhhhhhhhhhhhhhhhhhh9(104)----(100)--------------------------------------------------------------------------------------------------s(9)s(16)shhhhhhhhhhhhhhhhhhhhhhhh
product criterion:2008 chain criterion:10175
hilbert series criterion:110
dehomogenization
simplification
imap to ring (ZZ/179424673),(x10,x9,x8,x7,x6,x5,x4,x3,x2,x1),(lp(10),C)
Auf Wiedersehen.
                     SINGULAR                                 /  Development
 A Computer Algebra System for Polynomial Computations       /   version 4.3.2
                                                           0<
 by: W. Decker, G.-M. Greuel, G. Pfister, H. Schoenemann     \   Feb 2023
FB Mathematik der Universitaet, D-67653 Kaiserslautern        \  Debian 1:4.3.2-p10+ds-1.1build1
compute hilbert series with std in ring (ZZ/179424673),(x10,x9,x8,x7,x6,x5,x4,x3,x2,x1,@),(dp(11),C)
weights used for hilbert series: 1,1,1,1,1,1,1,1,1,1,1
[65535:3]2(9)s(8)s(7)s3(6)ssss(7)s(10)s4(15)s(20)-s(22)s(26)s(30)s(32)s(36)s(40)s(43)s(47)s5(52)--s(55)s(61)s(66)-s(71)-s(78)-s(84)--s(83)-s(87)s(93)s(99)-s(104)s(109)s(112)s(117)----s(118)s(125)s(131)s(136)-s(139)s(145)--s6(148)--s(153)s(160)-s(165)s(172)s(177)s(191)-s(198)-------s(196)-s(203)s(211)s(214)--s(218)s(225)s(232)s(237)s(246)s(252)s(259)s(263)--------s(259)----------s(257)s(265)-s(269)---ss(274)s(283)s(289)---s(293)----s(296)s(303)---(300)s(308)-s(315)s(323)-------------s(317)-s(323)s(331)--s(336)-s(342)----s(344)----s(348)--s(350)s(354)--s(359)s(367)---s(370)-7---------------s(362)--------s(361)------------------s(350)--s(355)---s(359)-s(365)----s(369)-------------s(363)--s(368)--s(373)-s(381)-s(388)s(395)s(403)---(400)--------------s(394)-------s(395)------------------------------s(373)-s(380)----------------------------------------------------------s(330)----s(334)--s(340)--------------s(334)--s(340)-------s(341)--s(346)-----s(349)--s(355)s(363)s(372)---s(376)-s(384)--s(389)s(397)-------------------------------s(374)-s(380)s(388)----------------s(379)------s(380)-s(387)--s(393)-s(399)-----s(402)--(400)s(407)-------(400)-------8--------------s(387)--------------------------s(369)-------------------------------------------------s(328)----------------------------(300)------------------------------------------s(266)-------------s(261)-------------------------------------------------------------(200)-------------------------------------------------------s(154)-----------------s(146)---------------------s(132)--------------------------------(100)--------------------9----------------------------------------------------------------------s(18)s(26)--------10------------------
product criterion:918 chain criterion:7529
std with hilb in (ZZ/179424673),(x10,x9,x8,x7,x6,x5,x4,x3,x2,x1,@),(lp(10),dp(1),C)
[65535:3]2(137)s(136)s(135)s3ss(136)s(138)s(141)s(145)s(150)s4(156)s(158)-s(159)s(161)s(164)s(167)s(170)s(174)s(177)s(180)s(184)s(189)s(193)s(197)s(200)-s(205)s(210)s(215)s(219)s(223)s(228)s(235)s(241)s(247)s(252)s(257)s(262)shhhhhhhhh5(260)s(267)--s-s(271)s(276)s(284)-s(289)-s(296)--s(299)---s(300)s(307)s(312)--s(316)s(322)-------s(321)s(326)s(330)s(335)--s(339)s(344)-----s(342)s(348)----s(352)s(360)--s(365)s(372)-----ss(376)----s(375)s(379)------s(382)s(388)--s(394)s(402)--(400)---s(403)s(408)----s(410)s(417)-s(420)s(424)shhhhhhhhhhhhhhhhhhhhhhhhhhhhhhh6(399)--s(406)----s(411)s(416)-s(424)--------s(422)---s(428)s(437)----------s(435)s(441)-s(447)--s(451)-s(453)-----s(456)s(464)----s(468)----s(471)s(479)s(485)-s(490)-s(497)---s(499)s(505)----s(508)-------ss(516)----s(519)----s(524)s(531)s(536)-s(541)-s(548)---s(550)s(553)----s(557)-s(563)----------s(559)s(567)s(576)s(585)----s(590)----s(593)s(600)s(606)-s(613)-s(620)---s(624)s(631)----s(636)-s(643)-s(647)------s(649)-s(655)--s(662)--------s(659)s(665)-s(670)s(675)-s(680)s(686)s(693)---s(700)s(705)s(712)----s(715)----s(717)s(720)s(727)s(730)---s(735)---s(736)--s(740)s(748)----s(749)-s(757)-s(760)------s(761)---s(766)--s(769)s(771)-s(775)---s(778)shhhhhhhhhhhhhhhhhhhhhhhhhhhhhhhhhhhhhhhhhhhhhhhhhhhhhhhhh7(729)-----------------------------(700)----s(705)----s(709)---------(700)-s(709)----s(714)--s(721)--------s---------------------(700)--------------------s(688)--s(695)s(704)----(700)------------------------s(685)s(694)---s(700)-s(708)----s(711)-----------(700)---------------s(694)-----s(698)--s(704)s(712)-s(718)------------s(714)-s(721)s(728)----------------------s(714)---s(719)-s(725)-------------------------(700)-s(708)s(717)-s(725)--------------s(720)---------ss(728)s(737)--------s(738)s(746)s(755)-s(762)s(769)s(776)---s(782)-s(790)--s(796)-s(803)--s(810)s(817)s(825)s(833)-s(840)s(846)----------------------------------------------(800)s(807)-------(800)------------------s(790)---------s----s(793)--------------s(784)------------------s(773)-s(778)----s(781)----s(785)-s(792)--s(797)s(803)--s(809)---s(814)s(820)s(827)--s(834)---s(838)s(844)s(852)s(861)--s(868)s(875)s(883)-s(889)s(894)s(900)-s(908)s(915)s(922)-s(929)--s(935)-s(941)s(949)-s(955)-----s(958)----s(961)-----------s(958)--s(964)s(972)s(980)--s(986)-s(993)--s(998)-s(1005)s(1013)----------s(1010)----s(1012)s(1017)s(1022)----------------------(1000)---------------s(991)----------------------s(976)----------------s(968)s(976)-------s(978)shhhhhhhhhhhhhhhhhhhhhhhhhhhhhhhhhhhhhhhhhhh8(944)--------------------------------------------(900)----------------------------------------------------------------------------------------------------(800)--s(807)s(815)-s(823)s(832)s(841)s(850)---------s-s(858)-----------------------------------s(832)s(841)-s(848)s(857)---------------s(851)s(860)------------------------------------------------------------(800)-------------------------------------------------s(759)-------------s(754)-s(761)------------------s(752)------------------------------------------------s(713)-------------(700)-----------s(697)-----s(700)-s(707)s(714)s(723)s(732)s(741)s(750)------------------s(740)----------------------------------------(700)-----------------------------------s(674)--------------------------------------------------------------------------(600)---------------------------------------------------------------s(544)-------s---------------------------s(525)-s(531)--------------s(523)----s(525)---s(530)-s(537)----s(540)-s(547)-s(553)-s(558)-s(565)s(571)s(579)s(586)s(593)s(602)s(611)---s(614)-s(622)s(631)s(640)s(647)s(655)s(664)s(673)s(682)----------------------------------------------------s(635)s(643)s(651)-------------------------------------------------s(609)--s(615)s(623)-s(630)s(637)s(644)s(650)s(656)s(664)s(671)s(678)s(684)s(690)--s(695)------s-------ss(702)-s(710)s(717)s(724)s(732)s(739)shhhhhhhh9(738)--------------------------------------(700)----------------------------------------------------------------------------------------------------(600)-------------------------------------------------------------------------s(536)-s(544)s(553)s(561)s(570)-----------------s(562)s(571)-----------------------------------------------------------------------(500)----------------------------------------------------------------------------------------------------(400)--------s(401)-(400)------s(402)--(400)-----------------------------s(377)----s(382)--s(389)----s(392)s(399)--------s(398)s(405)----s(408)s(416)-s(423)-----------------------(400)-----------s(397)-s(403)---(400)---------------------------------------------------------------------s(339)---------------------------------------(300)-----------s(295)----------------------------------------------------------s(245)s(252)s(260)s(268)s(276)s(284)s(292)----------s(290)s(299)shhh10(304)----(300)-----------------------------------------------------------s(249)-------------------------------------------------(200)-------------------------------------------------------------s(146)-------s(148)s(156)---------------------s(143)s(152)--------------s(146)----------s(144)--------------s(138)s(146)s(155)-----------s(153)---------------------s(140)shhhhhhhhhhhhhhhhhh11(131)-------------------------------(100)-----------------------------------------------------------------------------------------------s(13)s(21)s(29)s(37)s(45)shhhhhhhhhhhhhhhhhhhhhhhhhhhhhhhhhhhhhhhhhhhhhhhhhhhhhh
product criterion:8354 chain criterion:67845
hilbert series criterion:223
dehomogenization
simplification
imap to ring (ZZ/179424673),(x10,x9,x8,x7,x6,x5,x4,x3,x2,x1),(lp(10),C)
Auf Wiedersehen.
                     SINGULAR                                 /  Development
 A Computer Algebra System for Polynomial Computations       /   version 4.3.2
                                                           0<
 by: W. Decker, G.-M. Greuel, G. Pfister, H. Schoenemann     \   Feb 2023
FB Mathematik der Universitaet, D-67653 Kaiserslautern        \  Debian 1:4.3.2-p10+ds-1.1build1
// ** loaded /usr/bin/../share/singular/LIB/primdec.lib (4.3.2.9,Oct_2023)
// ** loaded /usr/bin/../share/singular/LIB/ring.lib (4.3.1.3,Feb_2023)
// ** loaded /usr/bin/../share/singular/LIB/absfact.lib (4.1.2.0,Feb_2019)
// ** loaded /usr/bin/../share/singular/LIB/triang.lib (4.1.2.0,Feb_2019)
// ** loaded /usr/bin/../share/singular/LIB/matrix.lib (4.3.2.3,Aug_2023)
// ** loaded /usr/bin/../share/singular/LIB/nctools.lib (4.1.2.0,Feb_2019)
// ** loaded /usr/bin/../share/singular/LIB/inout.lib (4.1.2.0,Feb_2019)
// ** loaded /usr/bin/../share/singular/LIB/random.lib (4.1.2.0,Feb_2019)
// ** loaded /usr/bin/../share/singular/LIB/polylib.lib (4.2.0.0,Dec_2020)
// ** loaded /usr/bin/../share/singular/LIB/elim.lib (4.3.2.5,Jul_2023)
// ** loaded /usr/bin/../share/singular/LIB/general.lib (4.1.2.0,Feb_2019)
[65535:3]1(9)s(8)s(7)s2(6)s(5)s3(4)s(3)s(2)sss
(S:9)---------
product criterion:45 chain criterion:0
// ** redefining j (int j = 2;)
rt
Auf Wiedersehen.

Set::setraw: Cannot assign to raw object 1.

Set::setraw: Cannot assign to raw object 1.
                     SINGULAR                                 /  Development
 A Computer Algebra System for Polynomial Computations       /   version 4.3.2
                                                           0<
 by: W. Decker, G.-M. Greuel, G. Pfister, H. Schoenemann     \   Feb 2023
FB Mathematik der Universitaet, D-67653 Kaiserslautern        \  Debian 1:4.3.2-p10+ds-1.1build1
// ** loaded /usr/bin/../share/singular/LIB/primdec.lib (4.3.2.9,Oct_2023)
// ** loaded /usr/bin/../share/singular/LIB/ring.lib (4.3.1.3,Feb_2023)
// ** loaded /usr/bin/../share/singular/LIB/absfact.lib (4.1.2.0,Feb_2019)
// ** loaded /usr/bin/../share/singular/LIB/triang.lib (4.1.2.0,Feb_2019)
// ** loaded /usr/bin/../share/singular/LIB/matrix.lib (4.3.2.3,Aug_2023)
// ** loaded /usr/bin/../share/singular/LIB/nctools.lib (4.1.2.0,Feb_2019)
// ** loaded /usr/bin/../share/singular/LIB/inout.lib (4.1.2.0,Feb_2019)
// ** loaded /usr/bin/../share/singular/LIB/random.lib (4.1.2.0,Feb_2019)
// ** loaded /usr/bin/../share/singular/LIB/polylib.lib (4.2.0.0,Dec_2020)
// ** loaded /usr/bin/../share/singular/LIB/elim.lib (4.3.2.5,Jul_2023)
// ** loaded /usr/bin/../share/singular/LIB/general.lib (4.1.2.0,Feb_2019)
[65535:3]2(9)s(8)s(7)s3(6)s(5)s(4)s(3)s(2)ss4s
(S:9)---------
product criterion:45 chain criterion:0
// ** redefining j (int j = 2;)
rt
// ** redefining p (    poly p = reduce(kb[a]*kb[b], gb);)
rt
// ** redefining b (int b = 1;)
// ** redefining p (    poly p = reduce(kb[a]*kb[b], gb);)
rt
// ** redefining p (    poly p = reduce(kb[a]*kb[b], gb);)
rt
Auf Wiedersehen.

Set::write: Tag String in A[5] is Protected.

Set::setraw: Cannot assign to raw object 1.

General::stop: Further output of Set::setraw will be suppressed during this calculation.

Set::write: Tag Plus in -74392142 - 71876111 A[5] is Protected.

Set::write: Tag String in A[5] is Protected.

General::stop: Further output of Set::write will be suppressed during this calculation.
  >> 2 region(s): expReg=96.07300000000001s  build=0.038s
  [sector total: 96.11500000000001s]
#Non-triv Sectors = 1

[SECTOR_RESULT] key=01110 tier=Quick state=done time=96.117036 regions=2
