
      +++  sector:  {1, 1, 0, 1, 0}  (1/1)  +++ 
                     SINGULAR                                 /  Development
 A Computer Algebra System for Polynomial Computations       /   version 4.3.2
                                                           0<
 by: W. Decker, G.-M. Greuel, G. Pfister, H. Schoenemann     \   Feb 2023
FB Mathematik der Universitaet, D-67653 Kaiserslautern        \  Debian 1:4.3.2-p10+ds-1.1build1
compute hilbert series with std in ring (ZZ/179424673),(x10,x9,x8,x7,x6,x5,x4,x3,x2,x1,@),(dp(11),C)
weights used for hilbert series: 1,1,1,1,1,1,1,1,1,1,1
[65535:3]2(9)s(8)s(7)s(6)s(5)s(4)s(5)s(7)s(10)s(14)s3(15)s(19)s(24)s(30)s(32)s(39)s(47)s(50)s(53)s(57)s(61)s(65)s(70)s(72)s(75)s(80)4-s(85)s(90)--s(94)s(100)s(106)--s(111)---s(115)s(123)---s(129)----s(131)s(137)s(144)s(151)-----s(153)s(161)s(170)s(178)------------------s(168)s(175)s(184)s(191)---------------------5-s(177)s(184)--s(190)s(198)s(206)------(200)----------s(199)-s(206)s(213)s(222)----------------------(200)----------------------------------------------------------------------------------------------------(100)-------------------6-s(88)------s(90)------------------------------------------------------------------------7------------------
product criterion:378 chain criterion:853
std with hilb in (ZZ/179424673),(x10,x9,x8,x7,x6,x5,x4,x3,x2,x1,@),(lp(10),dp(1),C)
[65535:3]2(56)s(55)s(54)s(53)s(54)s(53)s(55)s(54)s(57)s(58)s3(62)s(66)s(71)s(74)s(80)s(84)s(87)s(94)s(96)s(99)s(103)s(111)s(115)s(119)s(124)shhhhhhhhhhhhhhhh4(111)s(116)s(122)s(127)s(134)s(140)s(146)s(155)s(162)s(169)s(177)s(186)s(194)s(201)-(200)s(206)s(213)----s(217)s(225)----s(228)--------------s(223)s(231)-------------------------------(200)---shhhhhhhhhhhhhhhhhhhhhhh5(183)s(191)s(197)s(204)s(212)s(219)s(228)s(236)s(244)s(251)s(259)-s(265)s(273)-shhhhhhhhhhhhhhhhhhhhhhhhhhhhhhhhhhhhhhhhhhhhhhhhhhhhhhhhhhhhhhhhhhhhhhhhhhhhhhhhhhhhhhhhhhhhhhhhhhhhhhhhhhhhhhhhhhhhhhhhhhhhhhhhhhhhhhhhhhhhhhhhhhhhhhhhhhhhhhhhhhhhhhh6(114)-s(122)-shhhhhhhhhhhhhhhhhhhhhhhhhhhhhhhhhhhhhhhhhhhhhhhhhhhhhhhhhhhhhhhhhhhhhhhhhhhhhhhhhhhhhhhhhhhhhhhhhhhhhhhhhhhhhhh7(18)shhhhhhhhhhhhhhhhhh8(9)shhhhhhhhh9shhhhhhhhhhhhhhhhhh
product criterion:429 chain criterion:1157
hilbert series criterion:362
dehomogenization
simplification
imap to ring (ZZ/179424673),(x10,x9,x8,x7,x6,x5,x4,x3,x2,x1),(lp(10),C)
Auf Wiedersehen.
                     SINGULAR                                 /  Development
 A Computer Algebra System for Polynomial Computations       /   version 4.3.2
                                                           0<
 by: W. Decker, G.-M. Greuel, G. Pfister, H. Schoenemann     \   Feb 2023
FB Mathematik der Universitaet, D-67653 Kaiserslautern        \  Debian 1:4.3.2-p10+ds-1.1build1
// ** loaded /usr/bin/../share/singular/LIB/primdec.lib (4.3.2.9,Oct_2023)
// ** loaded /usr/bin/../share/singular/LIB/ring.lib (4.3.1.3,Feb_2023)
// ** loaded /usr/bin/../share/singular/LIB/absfact.lib (4.1.2.0,Feb_2019)
// ** loaded /usr/bin/../share/singular/LIB/triang.lib (4.1.2.0,Feb_2019)
// ** loaded /usr/bin/../share/singular/LIB/matrix.lib (4.3.2.3,Aug_2023)
// ** loaded /usr/bin/../share/singular/LIB/nctools.lib (4.1.2.0,Feb_2019)
// ** loaded /usr/bin/../share/singular/LIB/inout.lib (4.1.2.0,Feb_2019)
// ** loaded /usr/bin/../share/singular/LIB/random.lib (4.1.2.0,Feb_2019)
// ** loaded /usr/bin/../share/singular/LIB/polylib.lib (4.2.0.0,Dec_2020)
// ** loaded /usr/bin/../share/singular/LIB/elim.lib (4.3.2.5,Jul_2023)
// ** loaded /usr/bin/../share/singular/LIB/general.lib (4.1.2.0,Feb_2019)
map with cache
map with cache
map with cache
map with cache
map with cache
map with cache
map with cache
map with cache
map with cache
std in (ZZ/179424673),(x10,x9,x8,x7,x6,x5,x4,x3,x2,x1),(dp(10),C)
[65535:4]1(9)s(8)s(7)s(6)s(5)s(4)s(3)s(2)ss5s
(S:9)---------
product criterion:45 chain criterion:0
[65535:3]1(9)s(8)s(7)s(6)s(5)s(4)s(3)s(2)ss5s
(S:9)---------
product criterion:45 chain criterion:0
map is a permutation
[65535:4]1(10)s(9)s(8)s(7)s(6)s(5)s(4)s(3)s(2)ss2s
(S:10)----------
product criterion:55 chain criterion:0
[65535:3]1(9)s(8)s(7)s(6)s(5)s(4)s(3)s(2)ss2s
(S:9)---------
product criterion:45 chain criterion:0
{1}[65535:5]1(9)s(8)s(7)s(6)s(5)s(4)s(3)s(2)ss2s3(8)--------
(S:10)-----------
product criterion:0 chain criterion:0
(S:10)rrrrrrrrrr
[65535:3]1(9)s(8)s(7)s(6)s(5)s(4)s(3)s(2)ss2s
(S:9)---------
product criterion:45 chain criterion:0
map is a permutation
intersect by elimination method
[65535:5]1(10)s2(9)s(8)s(7)s(6)s(5)s(4)s(3)s(2)ss3s
(S:10)----------
product criterion:55 chain criterion:0
map is a permutation
[65535:4]1(10)s(9)s(8)s(7)s(6)s(5)s(4)s(3)s(2)s2s.4
(S:0)
product criterion:45 chain criterion:0
map is a permutation
[65535:4]1(10)s(9)s(8)s(7)s(6)s(5)s(4)s(3)s(2)s2s.4
(S:0)
product criterion:45 chain criterion:0
map is a permutation
[65535:4]1(10)s(9)s(8)s(7)s(6)s(5)s(4)s(3)s(2)s2s.4
(S:0)
product criterion:45 chain criterion:0
map is a permutation
[65535:4]1(10)s(9)s(8)s(7)s(6)s(5)s(4)s(3)s(2)s2s.4
(S:0)
product criterion:45 chain criterion:0
map is a permutation
[65535:4]1(10)s(9)s(8)s(7)s(6)s(5)s(4)s(3)s(2)s2s.4
(S:0)
product criterion:45 chain criterion:0
map is a permutation
[65535:4]1(10)s(9)s(8)s(7)s(6)s(5)s(4)s(3)s(2)s2s.4
(S:0)
product criterion:45 chain criterion:0
map is a permutation
[65535:4]1(10)s(9)s(8)s(7)s(6)s(5)s(4)s(3)s(2)s2s.4
(S:0)
product criterion:45 chain criterion:0
map is a permutation
[65535:4]1(10)s(9)s(8)s(7)s(6)s(5)s(4)s(3)s(2)s2s.4
(S:0)
product criterion:45 chain criterion:0
map is a permutation
[65535:4]1(10)s(9)s(8)s(7)s(6)s(5)s(4)s(3)s(2)s2s.4
(S:0)
product criterion:45 chain criterion:0
map is a permutation
[65535:4]1(10)s(9)s(8)s(7)s(6)s(5)s(4)s(3)s(2)s2s3s
(S:0)
product criterion:55 chain criterion:0
[65535:3]1(9)s(8)s(7)s(6)s(5)s(4)s(3)s(2)ss2s
(S:9)---------
product criterion:45 chain criterion:0
map is a permutation
[65535:4]1(10)s(9)s(8)s(7)s(6)s(5)s(4)s(3)s(2)ss3s
(S:10)----------
product criterion:55 chain criterion:0
[65535:3]1(9)s(8)s(7)s(6)s(5)s(4)s(3)s(2)ss3s
(S:9)---------
product criterion:45 chain criterion:0
{1}[65535:5]1(9)s(8)s(7)s(6)s(5)s(4)s(3)s(2)ss3s4(8)--------
(S:10)-----------
product criterion:0 chain criterion:0
(S:10)rrrrrrrrrr
[65535:3]1(9)s(8)s(7)s(6)s(5)s(4)s(3)s(2)ss3s
(S:9)---------
product criterion:45 chain criterion:0
map is a permutation
intersect by elimination method
[65535:5]1(10)s2(9)s(8)s(7)s(6)s(5)s(4)s(3)s(2)ss4s
(S:10)----------
product criterion:55 chain criterion:0
map is a permutation
[65535:4]1(10)s(9)s(8)s(7)s(6)s(5)s(4)s(3)s(2)s2s3.5
(S:0)
product criterion:45 chain criterion:0
map is a permutation
[65535:4]1(10)s(9)s(8)s(7)s(6)s(5)s(4)s(3)s(2)s2s3.5
(S:0)
product criterion:45 chain criterion:0
map is a permutation
[65535:4]1(10)s(9)s(8)s(7)s(6)s(5)s(4)s(3)s(2)s2s3.5
(S:0)
product criterion:45 chain criterion:0
map is a permutation
[65535:4]1(10)s(9)s(8)s(7)s(6)s(5)s(4)s(3)s(2)s2s3.5
(S:0)
product criterion:45 chain criterion:0
map is a permutation
[65535:4]1(10)s(9)s(8)s(7)s(6)s(5)s(4)s(3)s(2)s2s3.5
(S:0)
product criterion:45 chain criterion:0
map is a permutation
[65535:4]1(10)s(9)s(8)s(7)s(6)s(5)s(4)s(3)s(2)s2s3.5
(S:0)
product criterion:45 chain criterion:0
map is a permutation
[65535:4]1(10)s(9)s(8)s(7)s(6)s(5)s(4)s(3)s(2)s2s3.5
(S:0)
product criterion:45 chain criterion:0
map is a permutation
[65535:4]1(10)s(9)s(8)s(7)s(6)s(5)s(4)s(3)s(2)s2s3.5
(S:0)
product criterion:45 chain criterion:0
map is a permutation
[65535:4]1(10)s(9)s(8)s(7)s(6)s(5)s(4)s(3)s(2)s2s3.5
(S:0)
product criterion:45 chain criterion:0
map is a permutation
[65535:4]1(10)s(9)s(8)s(7)s(6)s(5)s(4)s(3)s(2)s3s4s
(S:0)
product criterion:55 chain criterion:0
[65535:3]1(9)s(8)s(7)s(6)s(5)s(4)s(3)s(2)ss3s
(S:9)---------
product criterion:45 chain criterion:0
// ** _ is no standard basis
// ** _ is no standard basis
Auf Wiedersehen.
                     SINGULAR                                 /  Development
 A Computer Algebra System for Polynomial Computations       /   version 4.3.2
                                                           0<
 by: W. Decker, G.-M. Greuel, G. Pfister, H. Schoenemann     \   Feb 2023
FB Mathematik der Universitaet, D-67653 Kaiserslautern        \  Debian 1:4.3.2-p10+ds-1.1build1
compute hilbert series with std in ring (ZZ/179424673),(x10,x9,x8,x7,x6,x5,x4,x3,x2,x1,@),(dp(11),C)
weights used for hilbert series: 1,1,1,1,1,1,1,1,1,1,1
[65535:3]2(9)s(8)s3(7)ss(8)ss(10)s4(11)ss(12)s(15)s(17)s(18)s(21)s(24)s(26)s(29)s(36)s(42)s5(49)-s(51)s(55)s(57)-s(63)s(70)s(74)s(80)s(86)s(92)-s(98)------s(95)-6-s(102)s(109)s(119)s(124)s(129)s(135)s(142)s(150)s(149)--s(154)-s(157)s(164)-s(171)------s(173)s(178)s(184)s(190)s(201)-(200)s(208)s(214)s(222)---s(231)s(238)s(243)s(250)-s(255)------------s(247)s(254)s(259)---s(260)s(265)s7(271)------s(274)s(283)-------s(278)-s(281)-s(284)s(290)s(296)---s(301)s(307)-------(300)-s(307)--s(312)------s(311)--s(316)s(325)s(331)---s(336)-----s(337)-------s(338)s(344)s(352)s(359)s(367)s(376)s(385)-s(390)------s(393)--------s--s(396)s(404)---s(407)-------(400)s(407)-s(412)-s(418)---s(421)-----s(423)s(428)-s(433)s(440)s(447)s(456)s(463)---s(468)-s(474)-s(480)s(487)s(494)-s(501)-(500)----------s(497)s(503)s(510)s(518)s(526)s(533)----------s(531)--s(536)s(544)s(550)s(558)s(566)s(573)-s(580)s(586)s(593)--------s(592)-------ss(600)----s(603)---(600)--s(606)-s(614)--s(620)s(626)s(633)--s(640)s8(648)------s(650)---s(655)--s(661)s(669)s(677)s(684)---------s(682)----------s(680)------------------------------------------s(647)----------------------------------------s(615)---s(620)s(629)-s(637)-s(645)---s(650)---------------------------------s(626)--------------------------(600)-----------------------s(585)-----------------------------------------------------s(540)------------s(536)--------------s(529)-----------------------------(500)--------------------------s(482)--------------s(477)------------------s(467)s(476)--s(481)s(489)---------------------------------------s(459)---s(464)------------------------s(449)------------------s(439)------------------------s(423)-------s(424)-----------------------s(410)-s(417)-s(424)-s(431)-------------------------------(400)-------------------s(389)--------------s(383)----------------------------9-------------------------------------------------------(300)----------------------------------------------------------------------------------------------------(200)----------------------------------------------------------------------------------------------------(100)------s(101)-(100)---------------------s(87)-------------------------------------------s(52)------------s(48)-------------s10(43)-------------------------------------------
product criterion:835 chain criterion:13740
std with hilb in (ZZ/179424673),(x10,x9,x8,x7,x6,x5,x4,x3,x2,x1,@),(lp(10),dp(1),C)
[65535:3]2(178)s(177)s3(176)ss(177)s(179)s(182)s4(186)s(187)s(189)s(191)s(194)s(197)s(198)s(202)s(206)s(208)s(210)s(215)s(220)s(223)s(226)s(229)s(234)s(240)shhhhhhhhh5(238)ss(245)s(247)s(255)s(268)s(286)s(287)s(291)s(294)-s(301)s(308)s(313)s(317)s(322)--s(327)s(330)s(336)s(341)s(347)--s(351)s(354)--s(359)s(366)s(372)s(379)--s(385)s(387)--s(389)s(393)---s(397)s(405)s(412)s(420)---s(424)s(428)----s(429)shhhhhhhhhhhhhhhh6(417)s(424)s(433)s(440)-s(448)s(456)-s(464)---s(470)---s(475)-s(473)--s(478)-----s(481)s(489)s(494)s(501)-(500)s(506)s(504)-s(510)--s(514)---s(518)---s(522)--s(526)s(532)-s(537)--s(538)-s(545)--s(548)---s(552)-----s(554)s(562)----s(565)--s(572)---s(567)-s(573)------s(577)-----s(580)s(584)----s(586)--s(584)-------s(582)----s(581)---s(582)-s(586)------s(584)------s(581)-----------s(575)--s(578)---s(580)s(585)s(588)-s(593)----s(594)-shhhhhhhhhhhhhhhhhhhhhhhhhhhhhhhhhhhhhhh7(556)---------------s(549)s(558)-s(566)---s(571)-----s(574)s(582)s(590)--s(596)s(601)s(609)s(617)-s(625)-s(633)---s(638)-s(646)--s(652)--s(658)s(667)s(676)s(684)----s(688)s(696)s(703)---(700)-----s(701)-(700)--s(707)-s(715)s(724)s(732)----s(743)-s(751)s(758)s(766)--s(773)s(781)s(785)s(789)----s(794)--s(798)s(807)s(815)s(821)--s(826)s(833)s(842)-s(847)-s(853)s(859)-s(867)---------s(865)-s(868)---s(872)-s(878)---s(882)--s(888)s(896)---s(900)s(908)-------s(909)-s(913)--s(918)s(926)-s(933)-s(939)-s(945)s(954)s(962)s(968)-s(975)------s(977)s(982)s(988)-s(994)s(1001)-(1000)--s(1005)-s(1010)s(1016)-s(1023)s(1032)---s(1038)s(1044)s(1051)-s(1057)------s-s(1061)-------------s(1054)---s(1058)------s(1057)-s(1064)---s(1067)s(1075)-s(1081)-----s(1082)-s(1087)-------------s(1081)---s(1086)------s(1085)-----s(1088)-s(1092)-s(1097)--s(1101)-(1100)----s-----s---s(1103)---(1100)-----------s(1094)-s(1100)-------s(1101)-(1100)--s(1107)-------(1100)---------------s(1093)---s(1096)--s(1100)-------------shhhhhhhhhhhhhhhhhhhhhhhhhhhhhhhhhhhhhhhhhhhhhhhhhhhhhhhhhhhhhhhhhhhhhhhhhhhhhh8(1015)---------------(1000)-------s(1001)-(1000)-s(1008)-s(1016)----------------(1000)---------------------------------------------------------s(951)s(960)-----s(964)--------------------------------s(940)-s(948)----------------------s(935)-----------------------------------(900)-----s(904)----(900)-----------------------------------------------------------s(849)----------s(848)--s(853)---s(855)------------------------------s(834)----------------------------s(813)-----------s(809)---------(800)--------------------------------s(773)---------------------------------s(749)----s(753)s(760)-s(766)s(774)---------------s(767)s(774)-s(779)--------s(778)---s(782)--s(788)s(797)----s(801)-(800)s(808)s(816)---------s(814)--s(820)-s(826)s(833)--s(839)--------s(837)--s(844)s(852)----------s(851)s(860)s(869)s(877)s(884)s(893)-s(899)-s(906)-----s(910)-s(917)---s(923)s(932)------s(934)---s(939)s(948)------------------------------------------------(900)-s(908)s(917)----s(921)--s(926)s(934)-s(940)---s(946)---s(952)--s(956)-s(962)-----s(965)s(974)-s(981)s(989)s(997)s(1005)s(1014)---s(1020)-----s(1021)----s(1025)--s(1030)-s(1035)-s(1043)--s(1050)--s(1057)s(1064)s(1070)s(1078)s(1085)-----------------------------------------------------s(1039)---------------------------------------(1000)------------s(995)---------s(994)---s(997)----------s(995)-s(1003)---(1000)-----s(1003)s(1010)--s(1016)----------------(1000)---------s(997)------------------------------------------------------s(951)--s(958)--------------s(953)------s(954)-----s(956)------shhhhhhhhhhhhhhhhhhhhhhhhhhhhhhhhhhhhhhh9(918)------------------(900)----------------------------------------------------------------------------------------------------(800)----------------------------------------------------------------------------------------------------(700)----------------------------------------------------------------------------------------------------(600)----------------s(592)------------s(588)-----------------------s(574)--------------------------------------------------------------------------(500)---s(505)-----(500)----------------------------------s(474)------s(476)--------------------------s(458)-----s(460)-----s(463)---s(469)--------s---------s(467)---------s(465)-------s(467)--s(473)---------------------s(459)s(467)----------s(465)-s(473)s(482)---s(488)-s(494)---------------s(486)---s(492)s(500)s(509)s(518)s(527)s(536)s(545)-s(553)s(562)s(571)s(580)s(587)---s(591)---s(596)s(604)s(611)s(618)-s(626)s(634)s(643)s(651)s(660)s(668)s(677)s(685)s(693)s(702)--(700)------------------------------------------------------------------s(640)------------------------------------s(611)-----s-----------(600)-------------------------------------------------------------------s(542)----------------s(532)-----s(536)--s(539)--s(545)---s(549)--s(553)-------shhhhhh10(546)----------------------------------------------(500)---------------------------------------------------------------------s(437)-------------------------s(420)--------------------(400)---------------------------s(381)-----------------------------------------------------------------s(324)------------------------(300)----------------s(292)--------s----s(295)-----------s(293)s(301)-(300)-------s(299)s(306)-s(311)---s(317)-----------s(315)s(324)----s(327)----------------s(318)---------s(316)--s(322)--s(327)s(336)s(345)s(354)s(363)s(372)s(381)s(390)s(399)s(408)s(415)s(422)s(429)s(437)s(445)s(453)s(462)s(469)-------s(470)-------------s(464)----------------------------------------------------------------(400)----------------------------------------s(366)--s(372)---s(376)-s(381)--s11(386)--------------------------------------------------------------------------------------(300)----------------------------------------------------s(256)--------------------------------------------------------(200)-----------------------------------s(174)s(183)---------s(181)------s(182)s(191)s(200)s(208)s(216)s(224)s(233)s(241)s(248)s(256)s(264)s(273)s(282)----------------------------------------------------------------------------------(200)------------------------------------------s(164)s12(170)----------------------------------------------------------------------(100)----------------------------------------------s(63)s(71)s(79)s(88)s(97)s(106)s(114)--------------(100)--------------------------------sh13(73)-------------------------------------------------s(33)s(41)s(49)s(57)--------------------s14(42)----------------------------shhhhhhhhhhhhhhhhhhhhhhh
product criterion:8781 chain criterion:94896
hilbert series criterion:211
dehomogenization
simplification
imap to ring (ZZ/179424673),(x10,x9,x8,x7,x6,x5,x4,x3,x2,x1),(lp(10),C)
Auf Wiedersehen.
                     SINGULAR                                 /  Development
 A Computer Algebra System for Polynomial Computations       /   version 4.3.2
                                                           0<
 by: W. Decker, G.-M. Greuel, G. Pfister, H. Schoenemann     \   Feb 2023
FB Mathematik der Universitaet, D-67653 Kaiserslautern        \  Debian 1:4.3.2-p10+ds-1.1build1
compute hilbert series with std in ring (ZZ/179424673),(x10,x9,x8,x7,x6,x5,x4,x3,x2,x1,@),(dp(11),C)
weights used for hilbert series: 1,1,1,1,1,1,1,1,1,1,1
[65535:3]2(9)s3(8)s(7)ss(8)ss(10)s4(11)ss(12)s(15)s(17)s(18)s(21)s(23)s(26)s(34)s(38)s5(46)s(54)-s(57)s(62)s(65)s(72)s(79)s(84)-s(91)------s(87)s(92)-6-s(101)s(112)s(113)s(115)---s(118)s(128)--s(131)s(136)s(146)-s(157)s(167)s(178)---s(187)--------------s(180)s(192)s(197)s(194)s(193)s(200)s(203)s(209)-s(212)s(217)s7(222)-s(234)s(243)s(256)s(271)s(281)------s(289)s(303)s(302)s(316)-s(328)s(333)s(338)s(348)s(359)----s(352)s(357)s(360)s(364)s(372)--s(376)-s(383)--s(384)--s(383)-s(385)s(390)s(397)--s(402)s(410)---s(415)-------s(417)---------s(414)s(421)--s(426)---s(431)s(438)s(442)s(444)-s(451)s(456)s(460)-s(465)s(472)s(479)s(485)s(492)s(500)s(503)-s(510)s(516)-s(519)------ss(526)s(534)s(541)s(547)s(554)s(562)s(568)s(574)s(581)s(589)s(597)---s(602)-s(606)----s(609)--s(613)--s(618)----s(620)s(630)-------ss(638)s(642)--s(646)s(651)s(658)--s(665)s8(673)-------s(675)s(684)s(693)-----------s(686)----------s(684)s(691)s(698)--s(704)s(710)-s(718)------s-s(724)-------------------s(712)-s(716)-s(721)-s(728)s(735)-s(742)s(750)s(759)---s(763)--s(765)----s(769)s(776)s(783)--s(788)s(796)s(803)s(811)s(819)s(828)-s(835)----------s(834)-s(841)---s(844)---------s(842)----------s(838)s(846)--s(850)-s(856)--s(862)s(870)---s(874)--s(880)-----s(882)s(891)s(899)-----s(903)s(910)----s(914)-s(921)-s(927)-----s(930)--s(937)-s(944)-s(951)------s(952)--s(958)s(967)s(976)s(983)s(991)-----s(994)-s(1001)-(1000)--s(1005)--s(1011)s(1019)s(1027)s(1034)--s(1040)s(1048)------------------s(1038)-----s(1041)--------s(1042)---------ss(1049)-s(1057)--s(1063)s(1072)-s(1078)s(1085)s(1093)s(1101)s(1107)-------(1100)-----------------s(1091)s(1098)-s(1106)------(1100)-------s(1102)--(1100)----------------s(1093)s(1102)--(1100)----------s(1097)-s(1105)----s(1107)-s(1113)s(1121)-s(1128)--s(1132)s(1138)s(1147)-------s(1149)s(1158)----------------s(1150)----------s(1147)--s(1153)-s(1161)--s(1167)-s(1172)s(1179)s(1186)-s(1194)-s(1200)s(1208)s(1217)s(1226)--s(1232)s(1239)---------s(1238)s(1246)s(1253)s(1262)--s(1268)----------s(1265)-s(1272)-----------------------------------s(1246)-s(1252)s(1259)------s(1261)--s(1267)---------s(1265)-----s(1267)--s(1273)s(1281)---------s(1280)----------------s(1272)----------------------s(1258)s(1265)---9--------------------------------------------------------------(1200)----------------------------------------------------------------------------------------------------(1100)----------------------------------------------------------------------------------------------------(1000)-----------------------------------------------------------------------------------------s(919)-------------------(900)-------------------------------------------------------------s(848)--s(854)------------------------------------------------------(800)------------------------------------------------------------------s(742)------------------------------------------(700)s(709)---------(700)----------s(698)------------s(694)---------------------------------------------------------s(645)--------------s(639)---------------------------------------(600)----------s(598)---------s(597)----------------------------------------------------------------s(541)------------s(537)-------s(538)--s(544)-------------s(539)s(548)------------------------------------------------(500)---------------s(493)s(502)--(500)--s(506)------(500)------------------s(491)----------s(489)-------------s(485)s(493)--------------------------------------------------------------------s(431)s(438)--s(444)------------------------s(428)-s(434)-s(441)--------------s(436)s(444)---s(448)----------s(446)------------------------------------s(419)-------s(420)---s(425)------s(428)----------s(427)-----------s(425)-------------------------(400)----------------------s(387)--------s10---------------------------------------------------------------------------------------(300)----------------------------------------------------------------------------------------------------(200)----------------------------------------s(168)----------------------------------------------s(131)s(140)----------------------------------------(100)-----------------------------------------s(67)s(76)-s(84)--s(89)------------s(85)---s(91)------s11(93)--------------------------------------------s(56)-s(63)s(71)---------------s(65)----------s(64)-s(71)----------------s12(64)-------------------------s(47)---s(53)s(61)------------------------s(46)--s(53)-----s13(56)----------------------s(41)-s(48)-------s--s(54)--------s-----s(58)-----14----------------------------s(33)------------------------s15(17)-----------------
product criterion:1520 chain criterion:52668
std with hilb in (ZZ/179424673),(x10,x9,x8,x7,x6,x5,x4,x3,x2,x1,@),(lp(10),dp(1),C)
[65535:3]2(337)s3(336)s(335)ss(336)s(338)s(341)s4(345)s(346)s(348)s(350)s(353)s(356)s(357)s(361)s(365)s(367)s(369)s(374)s(379)s(382)s(385)s(388)s(393)s(399)shhhhhhhh5(398)s(405)s(413)s(419)s(428)s(439)s(457)s(465)s(467)s(469)-s(474)s(477)s(480)--s(485)s(491)s(495)s(499)--s(502)s(509)--s(516)s(521)s(526)--s(531)s(537)--s(540)s(544)---s(546)s(552)s(558)---s(562)s(566)----s(567)shhhhhhhhhhhhhhh6(556)s(564)s(572)s(581)s(588)-s(592)----s(595)---s(590)---s(594)---s(600)s(607)s(613)s(620)s(624)----s----s(627)s(633)---s(636)-s(641)s(645)s(650)-s(655)----s(656)------s(657)--s(663)-----s(665)----s(667)------s(669)--s(675)--------s(670)----s(669)---s(674)----s(677)-----------------s(665)---s(668)s(672)s(675)s(683)-----sshhhhhhhhhhhhhhhhhhhhhhhhhhhhhhh7(654)-s(662)----s(666)s(675)--s(681)s(690)s(698)s(706)-s(714)-s(722)----s(726)-s(733)s(741)-s(749)s(757)--s(763)-s(770)s(776)-s(780)----s(783)---s(788)s(797)--s(803)-s(809)-s(815)s(820)s(826)s(832)s(839)-s(844)-s(848)s(855)--s(860)-s(866)------ss(872)s(876)-s(882)s(888)---s(892)-s(898)-s(904)----(900)s(907)---s(912)--s(918)---s(921)-s(927)s(933)--s(937)s(944)-s(949)-s(956)----s(959)-s(966)s(973)s(978)--s(981)-s(987)s(995)-s(1002)--(1000)--------s-s(1008)s(1013)--s(1019)--s(1025)-s(1032)-s(1040)------s(1042)s(1049)s(1055)--s(1059)-s(1066)s(1073)-s(1079)----------s(1073)-s(1079)s(1084)----s(1085)----s(1086)----s---s(1088)------------s(1082)-s(1088)-s(1094)------s(1093)s(1099)s(1106)--s(1112)--s(1115)s(1122)-----------s(1116)--s(1120)--s(1124)----s(1126)---------shhhhhhhhhhhhhhhhhhhhhhhhhhhhhhhhhhhhhhhhhhhhhhhhhhhhhhhhhhhhhhhhhhhhhhhhhhhhhhhhh8(1044)--------------------s(1033)s(1042)s(1051)-------------s(1047)s(1056)----------s(1054)s(1063)-s(1071)s(1079)s(1087)s(1096)------------s(1093)s(1101)s(1109)s(1118)-s(1126)---s(1132)-s(1140)-s(1147)s(1155)s(1164)-s(1172)s(1181)--------s(1179)s(1188)------s(1189)-s(1197)---s(1202)s(1208)s(1217)s(1225)-s(1233)----s(1238)-s(1246)-----s(1249)--s(1255)s(1263)s(1270)s(1278)s(1287)-s(1294)--------------------s(1283)s(1292)s(1300)s(1308)--------(1300)-s(1308)s(1317)---s(1323)--s(1329)s(1338)--s(1344)s(1353)--s(1358)s(1366)-s(1371)s(1378)s(1386)-s(1394)-s(1402)--(1400)-----s(1403)s(1410)s(1418)-s(1425)s(1434)--s(1441)------s(1443)----------s(1441)--s(1447)-s(1455)--s(1462)-------s(1460)s(1468)--s(1474)---s(1480)-s(1487)-------s(1489)s(1497)s(1505)s(1514)s(1521)s(1530)s(1539)--s(1544)s(1551)--s(1557)s(1564)s(1570)s(1577)--s(1583)-------------------s(1572)-s(1580)s(1586)s(1595)-------s------s(1597)---s(1602)--(1600)--------s(1601)-(1600)----s(1605)--s(1610)-----s(1612)-s(1618)------------------(1600)----s(1605)-s(1613)s(1620)-s(1626)s(1634)s(1641)----s(1645)s(1654)s(1662)s(1670)--s(1676)-s(1683)--s(1689)-s(1696)-----s(1700)s(1709)-s(1716)s(1724)-s(1728)s(1737)-s(1742)s(1750)-s(1758)--------s----------------------s(1744)s(1753)s(1762)---s(1767)-s(1773)-s(1780)s(1787)s(1795)----------s(1794)-------s(1795)s(1803)--s(1807)-----s(1809)-s(1815)s(1824)s(1832)s(1841)--s(1848)s(1858)s(1866)s(1874)s(1882)---s(1887)s(1894)s(1900)-s(1908)s(1914)s(1922)---s(1925)s(1931)-s(1936)-s(1943)-s(1949)s(1956)----------------------------s(1937)-------s(1938)-s(1946)s(1954)s(1963)--------s-----s(1964)------------s(1958)-----s(1961)--s(1968)------s(1971)--------------s(1965)s(1972)---------s(1969)---------------------s(1957)--s(1960)----s(1963)----------------------------s(1940)---------------------------s(1921)s(1930)--s(1935)s(1944)-----s(1948)--s(1953)s(1959)------s----s(1962)s(1969)s(1974)---s(1978)---------s------------s(1972)---shhhhhhhhhhhhhhhhhhhhhhhhhhhhhhhhhhhhhhhhhhhhhhhhhhhhhhhhhhhhhhhhhhhhhhhhhhhhhhhhhhhhhhhhhhhhhhhhhhhhhhhhhhhhhhhhhhhhhhhhhhhhhhhhhhhhhhhhhhhhhhh9(1832)--------------------------------(1800)----------------------------------------------------------------------------------------------------(1700)----------------------------------------------------------------------------------------------------(1600)----------------------------------------------------------------------------------------------------(1500)----------------------------------------------------------------------------------------------------(1400)----------------------------------------------------------------------------------------------s(1314)-s(1321)---------------------(1300)--------------------------------------------s(1263)--------------s(1258)--------------------s(1247)s(1256)------------s(1251)-----------------------s(1235)-----------------------------------(1200)--------------------------------------s(1169)-s(1176)-s(1184)--s(1191)s(1200)s(1209)---------(1200)--------------------------------s(1175)--s(1181)---s(1186)s(1194)-----------------------s(1179)s(1187)---s(1191)-----------s(1188)s(1197)---------s(1196)--s(1201)-(1200)---s(1204)----(1200)-s(1207)s(1215)s(1223)s(1231)s(1239)-------------s(1235)------------s(1230)-s(1237)-------s(1239)---s(1244)s(1253)--------------s(1247)--------s(1245)------------s(1238)---s(1243)s(1251)-------------------------s(1233)s(1241)-----s(1243)s(1252)s(1261)s(1270)---s(1275)----s(1279)---s(1285)-------s(1286)s(1292)-------s(1294)s(1303)-s(1307)-------(1300)s(1309)--s(1315)-s(1323)s(1332)---s(1337)--s(1343)s(1351)s(1359)s(1368)------------------------------------------s(1335)--------------s(1330)s(1339)-s(1346)-s(1354)------------------------------------------------------(1300)---------------------------s(1282)------------------s(1273)-------------s(1267)--s(1273)------s(1275)--s(1282)s(1291)s(1299)---s(1304)s(1312)-s(1320)---s(1325)--s(1332)s(1341)--s(1348)-------------s(1341)------s--s(1347)----s(1352)-----s(1356)s(1363)s(1370)s(1377)--s(1383)s(1392)s(1401)s(1410)s(1419)-s(1427)s(1435)s(1444)s(1453)s(1459)s(1466)s(1473)s(1480)s(1487)s(1496)s(1505)s(1513)s(1521)s(1530)s(1538)s(1546)s(1554)s(1562)s(1569)s(1578)s(1586)--------------------------------------------------------------------------------------(1500)----------------------s(1486)----------------------------s(1466)--------------------s(1455)----------------s(1447)s(1453)--------------s(1446)-s(1452)----s(1456)-------------------------s(1438)--------------------------------------(1400)-----------------------------------------------------------------------------s(1332)--s(1339)--------------s(1334)--s(1340)s(1349)s(1358)s(1367)-----s(1370)s(1379)-s(1387)-s(1394)---s(1398)s(1404)---s(1410)s(1418)--------------s(1410)--s(1415)--------------s(1408)----s(1410)shhhhhhhhhhhhhhhhhhhhhhhhhhhhhhhhhhhhhhhhhhhh10(1373)-------------------------------------------------------------------------(1300)----------------------------------------------------------------------------------------------------(1200)------------------------------------s(1173)-------------------------------------------------------------------------(1100)----------------------------------------------------------------------------------------------------(1000)----------------------------------------------------------------------------------------------------(900)----------------------------------------s(868)-------------------------------------s(838)----------------------------s(818)------------------(800)s(808)------s(810)----------(800)--------------------------------------------------------s(752)-------------s(747)s(754)------------s(749)--------------s(744)-----------------------------s(720)--------------------(700)-------------------s(690)s(696)------s(698)---s(703)---(700)s(708)-----s(712)-------s(714)s(723)--------s(724)s(732)--s(739)--s(746)-s(753)s(762)s(769)s(778)--------------------------s(760)----------------s(751)--------s-s(759)----------s(757)s(765)-s(773)--------s(774)s(783)--s(790)s(799)s(808)s(817)------------s(812)-------s(813)----s(817)s(824)-s(831)--s(837)-s(843)s(850)---s(854)s(863)s(872)-s(880)s(889)s(897)s(906)s(915)s(924)s(933)s(942)s(951)s(959)---s(964)s(971)-s(977)s(983)--s(990)s(999)s(1008)s(1017)s(1024)s(1033)s(1041)s(1049)s(1056)s(1065)s(1073)s(1080)s(1088)s(1097)s(1104)----(1100)----------s(1097)-----------------s(1089)----------------------------------------------------------------------------------------s(1007)s(1013)----s(1018)---------s------------------(1000)-----------------------------------------------------------------------------------------------s(912)--------s(911)-----------(900)----s(905)s(914)----s(917)---------ss(923)s(930)--------s------s(932)------------s(928)-----s(932)s(939)shhhhhhhhhh11(934)----------------------------------(900)----------------------------------------------------------------------------------------------------(800)----------------------------------------------------------------------------------------------------(700)----------------------------------------------------------------------------------------------------(600)-----------------------------------------------------------------s(543)-------------------------s(526)--------------------------(500)--------------------s(487)----------------------------------------------------------s(438)-------s(440)----s(443)s(451)--s(457)-------------s(451)------------s(447)--s(453)s(462)s(471)s(480)s(488)---s(492)------------------s(482)-s(488)-s(495)s(503)s(512)s(521)s(530)s(538)-s(546)s(555)s(564)-s(572)s(581)s(590)s(599)s(608)---s(612)-----------s(610)--s(616)s(624)-s(631)-----s(635)----s(639)---s(644)--s(651)s(659)s(667)-s(675)s(683)-s(690)s(699)s(708)s(717)s(726)s(734)-s(741)s(750)s(759)s(767)s(776)-s(781)s(788)----------------------------------------------------------------------------------------(700)------s(703)---(700)--------------------------------------------------------s(651)--------s(649)-------s--------------s(641)----s(643)-------s(644)--------------s(637)---s(641)s(650)-s(655)--shhhhhhhhhh12(651)---------------------------------------------------(600)----------------------------------------------------------------------------------------------------(500)----------------------------------------------------------------------------------------------------(400)---------------------------------------------------------s(350)--------------------------------------------------(300)----------------------s(286)s(293)---------s(292)s(301)s(310)s(318)s(325)------------s(320)s(328)--------s(327)----------s(325)---s(329)-s(336)s(345)s(354)s(362)s(371)s(380)s(389)s(398)s(407)s(416)s(425)s(434)s(443)s(452)s(459)s(467)s(475)s(483)s(492)-s(499)s(508)s(516)s(524)s(532)---------------------------s(513)-------------(500)----------------------------------------------------s(456)--------------------------------------------------------(400)-------------s(395)s(401)-(400)-----s(403)--s(408)s(415)shhhhhh13(417)-----------------(400)----------------------------------------------------------------------------------------------------(300)--------------------------------------------------------------------------------------s(221)---------------------(200)----------------------------------------s(167)-s(175)s(184)s(192)s(200)s(208)s(217)s(224)s(232)s(240)s(248)s(256)s(264)s(272)s(280)s(289)s(298)s(306)------(300)------------------------------------------------s(261)-----------s(258)-----------------------------------------------------s(211)--s(215)s(222)shhhhhh14(223)-----------------------(200)----------------------------------------------------------------------------------------------s(114)--------------(100)------s(103)s(112)s(120)s(128)s(136)----------------------------s(116)----------------(100)---s(103)---(100)------------------------s(83)shhh15(88)-------------------------------------------------s(47)s(55)---------------------------------Killed
