
      +++  sector:  {1, 1, 0, 1, 1}  (1/1)  +++ 
                     SINGULAR                                 /  Development
 A Computer Algebra System for Polynomial Computations       /   version 4.3.2
                                                           0<
 by: W. Decker, G.-M. Greuel, G. Pfister, H. Schoenemann     \   Feb 2023
FB Mathematik der Universitaet, D-67653 Kaiserslautern        \  Debian 1:4.3.2-p10+ds-1.1build1
compute hilbert series with std in ring (ZZ/179424673),(x10,x9,x8,x7,x6,x5,x4,x3,x2,x1,@),(dp(11),C)
weights used for hilbert series: 1,1,1,1,1,1,1,1,1,1,1
[65535:3]2(9)s(8)s(7)s(6)s(5)s(4)s(5)s(6)s(8)s(11)s3(15)s(19)s(24)s(30)s(32)s(39)s(47)s(50)s(53)s(57)s(61)s(65)s(70)s(73)s(77)s(80)s4(84)s(89)-s(95)s(100)-s(105)---s(108)-s(113)--s(117)s(124)s(131)s(138)---s(141)------s(142)-s(149)s(155)s(162)s(169)---s(173)s(181)s(190)s(198)------------------s(187)s(196)s(203)---(200)-------------------s5(185)s(193)--s(200)-s(206)s(213)s(221)-s(229)-s(237)------------------------------s(214)----------s(212)s(220)s(228)---------------------s(215)-------------s(211)--s(218)s(226)------------s(222)s(230)------------------------------(200)---------------------------------------------6-s(162)s(171)---s(177)--s(183)-----------------------------------------------------------------------------------(100)--------------------------------------------------------------7-s(45)------s(47)-----------------------------8------------------
product criterion:527 chain criterion:1603
std with hilb in (ZZ/179424673),(x10,x9,x8,x7,x6,x5,x4,x3,x2,x1,@),(lp(10),dp(1),C)
[65535:3]2(72)s(71)ss(70)s(71)s(70)s(72)s(71)s(73)s(77)s3(78)s(82)s(87)s(90)s(96)s(100)s(103)s(110)s(112)s(115)s(119)s(127)s(131)s(134)s(139)s(142)shhhhhhhhhhhhhhhh4(131)s(136)s(142)s(147)s(154)s(160)s(166)s(175)s(182)s(189)s(197)s(206)s(214)s(221)-s(226)--s(230)s(237)--s(241)--s(246)------s(247)------s(248)--------------s(242)s(251)-s(258)---------------------------shhhhhhhhhhhhhhhhhhhhhhhh5(211)s(219)s(228)s(237)s(243)s(250)s(257)s(265)s(272)-s(279)s(287)-s(294)-----s(297)------------------s(286)s(295)-----s(297)-------------s(292)-----s(295)--------------------------s(277)------s(279)---s(285)------------------------------------------------------------------------------------shhhhhhhhhhhhhhhhhh6(192)s(200)s(209)s(218)-shhhhhhhhhhhhhhhhhhhhhhhhhhhhhhhhhhhhhhhhhhhhhhhhhhhhhhhhhhhhhhhhhhhhhhhhhhhhhhhhhhhhhhhhhhhhhhhhhhhhhhhhhhhhhhhhhhhhhhhhhhhhhhhhhhhhhhhhhhhhhhhhhhhhhhhhhhhhhhhhhhhhhhhhhhhhhhhhhhhhhhhhhh7(39)s(48)shhhhhhhhhhhhhhhhhhhhhhhhhhhhhhhhhhhhhh8(18)shhhhhhhhhhhhhhhhhh9(9)shhhhhhhhh10shhhhhhhhhhhhhhhhhh
product criterion:584 chain criterion:2013
hilbert series criterion:327
dehomogenization
simplification
imap to ring (ZZ/179424673),(x10,x9,x8,x7,x6,x5,x4,x3,x2,x1),(lp(10),C)
Auf Wiedersehen.
                     SINGULAR                                 /  Development
 A Computer Algebra System for Polynomial Computations       /   version 4.3.2
                                                           0<
 by: W. Decker, G.-M. Greuel, G. Pfister, H. Schoenemann     \   Feb 2023
FB Mathematik der Universitaet, D-67653 Kaiserslautern        \  Debian 1:4.3.2-p10+ds-1.1build1
// ** loaded /usr/bin/../share/singular/LIB/primdec.lib (4.3.2.9,Oct_2023)
// ** loaded /usr/bin/../share/singular/LIB/ring.lib (4.3.1.3,Feb_2023)
// ** loaded /usr/bin/../share/singular/LIB/absfact.lib (4.1.2.0,Feb_2019)
// ** loaded /usr/bin/../share/singular/LIB/triang.lib (4.1.2.0,Feb_2019)
// ** loaded /usr/bin/../share/singular/LIB/matrix.lib (4.3.2.3,Aug_2023)
// ** loaded /usr/bin/../share/singular/LIB/nctools.lib (4.1.2.0,Feb_2019)
// ** loaded /usr/bin/../share/singular/LIB/inout.lib (4.1.2.0,Feb_2019)
// ** loaded /usr/bin/../share/singular/LIB/random.lib (4.1.2.0,Feb_2019)
// ** loaded /usr/bin/../share/singular/LIB/polylib.lib (4.2.0.0,Dec_2020)
// ** loaded /usr/bin/../share/singular/LIB/elim.lib (4.3.2.5,Jul_2023)
// ** loaded /usr/bin/../share/singular/LIB/general.lib (4.1.2.0,Feb_2019)
map with cache
map with cache
map with cache
map with cache
map with cache
map with cache
map with cache
map with cache
map with cache
std in (ZZ/179424673),(x10,x9,x8,x7,x6,x5,x4,x3,x2,x1),(dp(10),C)
[65535:4]1(9)s(8)s(7)s(6)s(5)s(4)s(3)s(2)ss5s
(S:9)---------
product criterion:45 chain criterion:0
[65535:3]1(9)s(8)s(7)s(6)s(5)s(4)s(3)s(2)ss5s
(S:9)---------
product criterion:45 chain criterion:0
map is a permutation
[65535:4]1(10)s(9)s(8)s(7)s(6)s(5)s(4)s(3)s(2)ss2s
(S:10)----------
product criterion:55 chain criterion:0
[65535:3]1(9)s(8)s(7)s(6)s(5)s(4)s(3)s(2)ss2s
(S:9)---------
product criterion:45 chain criterion:0
{1}[65535:5]1(9)s(8)s(7)s(6)s(5)s(4)s(3)s(2)ss2s3(8)--------
(S:10)-----------
product criterion:0 chain criterion:0
(S:10)rrrrrrrrrr
[65535:3]1(9)s(8)s(7)s(6)s(5)s(4)s(3)s(2)ss2s
(S:9)---------
product criterion:45 chain criterion:0
map is a permutation
intersect by elimination method
[65535:5]1(10)s2(9)s(8)s(7)s(6)s(5)s(4)s(3)s(2)ss3s
(S:10)----------
product criterion:55 chain criterion:0
map is a permutation
[65535:4]1(10)s(9)s(8)s(7)s(6)s(5)s(4)s(3)s(2)s2s.4
(S:0)
product criterion:45 chain criterion:0
map is a permutation
[65535:4]1(10)s(9)s(8)s(7)s(6)s(5)s(4)s(3)s(2)s2s.4
(S:0)
product criterion:45 chain criterion:0
map is a permutation
[65535:4]1(10)s(9)s(8)s(7)s(6)s(5)s(4)s(3)s(2)s2s.4
(S:0)
product criterion:45 chain criterion:0
map is a permutation
[65535:4]1(10)s(9)s(8)s(7)s(6)s(5)s(4)s(3)s(2)s2s.4
(S:0)
product criterion:45 chain criterion:0
map is a permutation
[65535:4]1(10)s(9)s(8)s(7)s(6)s(5)s(4)s(3)s(2)s2s.4
(S:0)
product criterion:45 chain criterion:0
map is a permutation
[65535:4]1(10)s(9)s(8)s(7)s(6)s(5)s(4)s(3)s(2)s2s.4
(S:0)
product criterion:45 chain criterion:0
map is a permutation
[65535:4]1(10)s(9)s(8)s(7)s(6)s(5)s(4)s(3)s(2)s2s.4
(S:0)
product criterion:45 chain criterion:0
map is a permutation
[65535:4]1(10)s(9)s(8)s(7)s(6)s(5)s(4)s(3)s(2)s2s.4
(S:0)
product criterion:45 chain criterion:0
map is a permutation
[65535:4]1(10)s(9)s(8)s(7)s(6)s(5)s(4)s(3)s(2)s2s.4
(S:0)
product criterion:45 chain criterion:0
map is a permutation
[65535:4]1(10)s(9)s(8)s(7)s(6)s(5)s(4)s(3)s(2)s2s3s
(S:0)
product criterion:55 chain criterion:0
[65535:3]1(9)s(8)s(7)s(6)s(5)s(4)s(3)s(2)ss2s
(S:9)---------
product criterion:45 chain criterion:0
map is a permutation
[65535:4]1(10)s(9)s(8)s(7)s(6)s(5)s(4)s(3)s(2)ss3s
(S:10)----------
product criterion:55 chain criterion:0
[65535:3]1(9)s(8)s(7)s(6)s(5)s(4)s(3)s(2)ss3s
(S:9)---------
product criterion:45 chain criterion:0
{1}[65535:5]1(9)s(8)s(7)s(6)s(5)s(4)s(3)s(2)ss3s4(8)--------
(S:10)-----------
product criterion:0 chain criterion:0
(S:10)rrrrrrrrrr
[65535:3]1(9)s(8)s(7)s(6)s(5)s(4)s(3)s(2)ss3s
(S:9)---------
product criterion:45 chain criterion:0
map is a permutation
intersect by elimination method
[65535:5]1(10)s2(9)s(8)s(7)s(6)s(5)s(4)s(3)s(2)ss4s
(S:10)----------
product criterion:55 chain criterion:0
map is a permutation
[65535:4]1(10)s(9)s(8)s(7)s(6)s(5)s(4)s(3)s(2)s2s3.5
(S:0)
product criterion:45 chain criterion:0
map is a permutation
[65535:4]1(10)s(9)s(8)s(7)s(6)s(5)s(4)s(3)s(2)s2s3.5
(S:0)
product criterion:45 chain criterion:0
map is a permutation
[65535:4]1(10)s(9)s(8)s(7)s(6)s(5)s(4)s(3)s(2)s2s3.5
(S:0)
product criterion:45 chain criterion:0
map is a permutation
[65535:4]1(10)s(9)s(8)s(7)s(6)s(5)s(4)s(3)s(2)s2s3.5
(S:0)
product criterion:45 chain criterion:0
map is a permutation
[65535:4]1(10)s(9)s(8)s(7)s(6)s(5)s(4)s(3)s(2)s2s3.5
(S:0)
product criterion:45 chain criterion:0
map is a permutation
[65535:4]1(10)s(9)s(8)s(7)s(6)s(5)s(4)s(3)s(2)s2s3.5
(S:0)
product criterion:45 chain criterion:0
map is a permutation
[65535:4]1(10)s(9)s(8)s(7)s(6)s(5)s(4)s(3)s(2)s2s3.5
(S:0)
product criterion:45 chain criterion:0
map is a permutation
[65535:4]1(10)s(9)s(8)s(7)s(6)s(5)s(4)s(3)s(2)s2s3.5
(S:0)
product criterion:45 chain criterion:0
map is a permutation
[65535:4]1(10)s(9)s(8)s(7)s(6)s(5)s(4)s(3)s(2)s2s3.5
(S:0)
product criterion:45 chain criterion:0
map is a permutation
[65535:4]1(10)s(9)s(8)s(7)s(6)s(5)s(4)s(3)s(2)s3s4s
(S:0)
product criterion:55 chain criterion:0
[65535:3]1(9)s(8)s(7)s(6)s(5)s(4)s(3)s(2)ss3s
(S:9)---------
product criterion:45 chain criterion:0
// ** _ is no standard basis
// ** _ is no standard basis
Auf Wiedersehen.
                     SINGULAR                                 /  Development
 A Computer Algebra System for Polynomial Computations       /   version 4.3.2
                                                           0<
 by: W. Decker, G.-M. Greuel, G. Pfister, H. Schoenemann     \   Feb 2023
FB Mathematik der Universitaet, D-67653 Kaiserslautern        \  Debian 1:4.3.2-p10+ds-1.1build1
compute hilbert series with std in ring (ZZ/179424673),(x10,x9,x8,x7,x6,x5,x4,x3,x2,x1,@),(dp(11),C)
weights used for hilbert series: 1,1,1,1,1,1,1,1,1,1,1
[65535:3]2(9)s(8)s3(7)ssss4(8)s(11)s(14)s(17)s(19)s(23)s(25)s5(29)-s(33)s(38)s(42)s(46)s(52)s(57)s(62)--s(66)-s(68)s6(75)s(81)s(85)s(88)s(95)-s(100)s(102)-s(107)s(114)s(120)s(127)s(132)s(135)s(140)s(145)s(150)s(155)s(160)s(168)s(174)s(182)s(187)s(194)s(198)-s(203)-s(206)--s(209)s(213)s(217)--s(220)----s(221)s(227)s(233)s(239)s(244)-7-s(249)-s(254)--s(260)s(267)---s(265)s(269)s(274)--s(278)-s(282)s(289)-s(294)s(303)s(308)s(313)-s(319)s(327)-s(332)s(335)--s(339)s(345)--s(348)--s(353)s(359)-s(367)s(376)s(382)------s(381)----s(383)s(389)s(396)-s(402)s(410)s(416)s(424)-s(429)-s(434)-s(439)s(446)-s(451)s(459)-s(464)s(472)s(477)s(483)s(490)s(496)-s(502)s(509)s(517)s(521)s(528)s(535)s(541)-s(547)-s(554)s(560)s(564)---s(568)s(574)s(582)-s(587)-s(591)s(596)--s(600)s(606)-s(610)s(614)-s(620)---s(622)----s(624)-s(631)-s(637)s(641)s(648)--s(652)--s(655)--s(656)s(663)----s(664)s(671)-s(678)--s(684)s(690)s(696)-------s---s(699)--s(703)---(700)--s(703)--s(708)--s(712)-s(717)s(724)-s(730)s(737)s(744)s(749)---s(752)---s(755)--s(759)-s(765)s(770)-----s(769)---s(774)s8(782)-------------s(776)-s(782)s(787)-----s(789)-s(794)-------s(795)-s(800)-s(806)s(813)s(822)-s(829)-s(833)s(840)---s(845)s(851)------s(852)-------s(853)s(861)--s(865)-s(871)-s(878)-s(886)---s(890)-s(898)-s(903)--s(907)s(915)--s(922)-----s(925)----------s(924)s(931)--s(935)s(942)-s(949)s(957)s(965)s(973)s(982)-----s(984)s(991)s(998)s(1006)------(1000)------------s(997)s(1004)----(1000)s(1007)-s(1014)-----s(1017)-s(1024)s(1033)--s(1039)-s(1046)s(1052)s(1059)-----s(1063)---s(1067)-s(1075)--s(1081)s(1088)s(1097)---s(1100)s(1109)--s(1114)------s(1116)----s(1120)--s(1126)--s(1132)s(1140)---s(1145)s(1154)s(1161)--s(1167)-s(1174)s(1182)s(1189)s(1196)------------------s(1185)--------s(1186)----------------------------------------------s(1147)----------s(1145)s(1153)--------------------------------s(1127)-s(1134)s(1143)---s(1148)s(1156)---s(1160)----------s(1157)s(1165)---s(1170)--s(1176)--s(1182)--------------------------------------s(1152)-------s(1153)s(1162)s(1170)--s(1175)---s(1181)---s(1184)--s(1191)s(1197)s(1204)s(1213)s(1220)s(1226)s(1235)-s(1242)s(1251)s(1259)--s(1264)---s(1267)s(1273)s(1280)------s(1282)s(1291)------------s(1288)--------------------------------------------------s(1245)---------------s(1238)s(1246)----------------------------s(1224)------------------s(1214)s(1221)----s(1222)----s(1226)--------------------------(1200)--s(1206)s(1213)s(1221)s(1229)s(1238)---------------s(1228)-------s(1229)---------s(1227)---s(1230)-s(1238)-s(1244)s(1251)----------------s(1243)s(1252)--------s(1251)-s(1256)s(1263)s(1271)--s(1276)--------s(1275)--s(1282)-------------9---------------------------------------------------------------------(1200)----------------------------------------------------------------------------------------------------(1100)----------------------------------------------------------------------------------------------------(1000)----------------------------------------------------------------------------------------------------(900)----------------------------------------------------------------------------------------------------(800)----------------------------------------------------------------------------------------------------(700)----------------------------------------------------------------------------------------------------(600)----------------------------------------------------------------------------------------------------(500)----------------------------------------------------------------------------------------------------(400)----------------------------------------------------------------------------------------------s(314)--------------(300)----------------------------------------------------------------------s(238)s(246)----s(251)s(259)s(268)s(277)-----------------------------------------------------------------------------(200)----------------s(193)----------------s(184)-s(191)s(199)s(206)---s(209)---------(200)-----s(203)---(200)----s(204)----(200)s(205)---s(208)--------(200)-----------------------------s(179)s(186)s(194)s(202)s(210)-s(215)----s(219)--------s(220)10--------------------(200)------------------------------s(178)--------------s(171)--s(177)--------------s(171)-----------------------------------------------------------------------(100)-----s(104)--s(109)s(117)s(125)s(133)s(142)s(150)-------------------------------s(125)s(132)s(139)s(145)--------s(144)------s(145)11---------------------------------------------(100)----------------------------------------s(69)------------------------s(52)s(59)---------------------------------12--------------------------
product criterion:1496 chain criterion:56896
std with hilb in (ZZ/179424673),(x10,x9,x8,x7,x6,x5,x4,x3,x2,x1,@),(lp(10),dp(1),C)
[65535:3]2(349)s(348)s3(347)ss(348)s(350)s4(353)s(354)s(356)s(357)s(360)s(362)s(364)s(368)s(371)s(374)s(377)s(381)s(386)-shhh5(388)s(391)s(398)s(403)s(408)s(411)s(419)s(428)s(432)s(439)s(446)s(449)s(454)s(459)-s(463)s(467)s(473)s(479)-s(482)--s(485)s(492)-s(496)---s(499)---s(501)-(500)---shhhhhhhh6(496)s(503)s(511)s(519)s(529)-s(535)s(538)-s(546)---s(552)-s(557)s(563)s(569)s(580)--s(586)-s(592)--s(598)-s(603)---(600)s(607)s(613)s(619)s(623)s(626)-s(629)---s(634)-----s----s(638)s(642)-s(648)---s(649)-----s(651)-----s(652)s(659)s(663)s(668)-s(674)--s(677)-s(681)-s(686)--s(691)----------s(685)--s(689)s(694)--s(696)----s(695)shhhhhhhhhhhhhhhhhhhhhhhhhhhhhhhhhh7(664)-----s(667)s(676)--s(682)s(691)--s(697)s(705)-s(712)-s(719)s(727)s(733)--s(739)s(747)-s(755)----s(760)-s(768)--s(774)--s(780)s(788)-s(794)s(802)s(809)s(816)s(825)--s(829)s(835)s(843)s(852)s(860)s(864)s(870)-s(877)-------s(878)--s(881)s(887)-s(894)s(902)s(911)s(918)--s(923)--s(928)-s(933)s(940)-s(944)-s(951)s(956)s(960)---s(963)---s(968)s(976)-s(982)s(988)s(995)s(999)--s(1005)s(1012)s(1016)s(1025)--s(1030)--s(1036)s(1044)-s(1050)s(1056)s(1065)-s(1070)s(1076)----s(1080)-s(1085)---s(1088)s(1096)----s(1098)s(1106)-s(1112)s(1118)---s(1122)s(1127)s(1136)s(1143)-s(1148)s(1153)--s(1158)s(1164)---s(1167)s(1172)s(1180)s(1186)s(1190)s(1197)s(1203)s(1209)----s(1211)-s(1217)---s(1221)s(1227)----s(1230)s(1233)-s(1240)s(1250)---s(1255)s(1263)s(1270)s(1276)-s(1281)s(1287)-s(1293)--s(1299)-s(1304)-s(1311)----s(1315)s(1321)s(1328)s(1335)----------s(1330)s(1335)s(1341)s(1347)s(1354)----s(1355)-----s(1358)-------------------s(1343)-s(1347)---s(1351)-s(1354)s(1358)s(1363)s(1367)--------s(1366)-s(1369)s(1373)shhhhhhhhhhhhhhhhhhhhhhhhhhhhhhhhhhhhhhhhhhhhhhhhhhhhhhhhhhhhhhhhhhhhhhhhhhhhhhhhhhhhhhhhhhhhhhhhhhhhhhhhhhhhhhhhhhh8(1261)-----------------------s(1247)-----s(1250)s(1259)s(1268)-------s(1270)----------s(1269)-s(1277)-s(1283)---s(1289)------s(1291)--s(1297)-s(1305)s(1313)----s(1317)-s(1324)s(1332)s(1341)-----------------s(1331)s(1339)-s(1347)--s(1354)s(1363)--s(1370)-----s(1374)---s(1379)---s(1385)--s(1389)-s(1396)-s(1403)-s(1409)--s(1416)--s(1423)s(1432)s(1441)---------------s(1435)-s(1443)-s(1451)----------s(1449)s(1457)s(1466)-s(1474)-------------------s(1461)--s(1468)-s(1476)----ss(1481)s(1486)s(1491)-s(1497)s(1506)-s(1514)s(1524)-------ss(1535)s(1542)------s(1544)s(1553)-s(1560)-s(1566)-s(1574)-s(1581)-s(1589)s(1595)-s(1603)---(1600)----------------------------------s(1572)----------s(1568)--------s(1563)---------s(1561)-s(1568)--s(1571)----s(1574)s(1581)---------s(1577)------s(1578)------------s(1573)--s(1579)-s(1586)-----s(1589)s(1595)s(1600)s(1609)--s(1612)--s(1617)---s(1622)s(1629)--s(1634)-------s(1636)--s(1642)s(1650)s(1657)s(1664)s(1671)-s(1680)s(1686)-----s(1690)----s(1695)s(1700)s(1705)-----(1700)-s(1707)----s--s(1714)s(1720)s(1728)----s(1733)----s(1736)----s(1739)--s(1743)--s(1747)-s(1752)s(1759)-s(1765)s(1771)------s(1772)---s(1776)---s(1781)s(1788)s(1797)-s(1800)-s(1806)s(1813)--s(1820)-----s(1823)s(1828)----s(1830)s(1838)s(1845)s(1853)s(1860)s(1868)s(1874)--s(1878)-------ss(1885)-s(1892)-s(1898)----s(1900)s(1908)--s(1915)s(1920)s(1928)s(1935)---------s-------s(1936)----s(1941)s(1949)s(1958)----s(1961)s(1969)------s(1968)-s(1975)s(1979)s(1987)----s(1991)---s(1994)-s(1999)-s(2006)--s(2011)-------s(2013)s(2022)---s(2027)--s(2032)s(2039)s(2046)s(2054)s(2063)s(2072)s(2080)-------s(2081)s(2087)s(2095)s(2103)s(2111)---s(2114)----s(2119)---s(2124)s(2133)s(2138)s(2145)s(2152)s(2159)--s(2165)----s(2170)---s(2176)---s(2181)s(2187)s(2195)s(2202)s(2207)s(2213)s(2220)-s(2227)---s(2232)s(2238)s(2246)-s(2252)--s(2258)s(2265)s(2272)s(2277)s(2284)-s(2289)s(2296)-----------------s(2285)-----s(2289)-----s(2291)---------ss(2300)-----s(2304)---s(2310)-s(2318)----s(2322)------------s(2319)--s(2324)s(2333)s(2339)----s(2344)-s(2350)s(2356)s(2362)-s(2367)-------s-------s(2369)--s(2372)-s(2378)s(2385)s(2393)-----s(2396)------------s(2390)s(2397)s(2403)-s(2410)s(2418)s(2423)s(2429)---s(2433)---s(2436)----s(2440)s(2444)s(2451)-s(2456)--s(2461)s(2466)s(2473)-----s(2472)-s(2479)-----s(2480)s(2486)s(2492)s(2499)------s(2501)-(2500)-----ss(2508)s(2513)---s(2516)s(2522)----------------------(2500)-----------------------s(2485)s(2491)--s(2500)---s(2506)s(2515)--------s(2510)-----s(2511)s(2520)--s(2526)------s(2527)---s(2530)----------------------------s(2509)-s(2516)-s(2522)s(2526)-----s(2528)---------shhhhhhhhhhhhhhhhhhhhhhhhhhhhhhhhhhhhhhhhhhhhhhhhhhhhhhhhhhhhhhhhhhhhhhhhhhhhhhhhhhhhhhhhhhhhhhhhhhhhhhhhhhhhhhhhhhhhhhhhhhhhhhhhhhhhhhhhhhhhhhhhhhhhhhhhhhhhhhhhhhhhh9(2361)-------------------------------------------------------------(2300)----------------------------------------------------------------------------------------------------(2200)----------------------------------------------------------------------------------------------------(2100)----------------------------------------------------------------------------------------------------(2000)----------------------------------------------------------------------------------------------------(1900)----------------------------------------------------------------------------------------------------(1800)----------------------------------------------------------------------------------------------------(1700)----------------------------------------------------------------------------------------------------(1600)-------------------------------------------------------------------------------------s(1522)----------------------(1500)-----------------------------------------s(1467)-s(1471)-----------s(1465)s(1473)-------------s(1468)------s---------s(1466)s(1474)s(1481)s(1489)-s(1496)s(1505)s(1513)-------------(1500)------s(1498)--------s(1499)---------s(1494)s(1499)------------------------------------------------------------------------------s(1429)----------s(1426)s(1434)----------------------------------(1400)------------------s(1390)-------s(1391)-------------------------s(1373)s(1379)--------s(1377)s(1383)--------s(1380)-s(1387)-------s--s(1394)--s(1398)-s(1403)---(1400)-s(1407)s(1414)-s(1419)-s(1426)--s(1430)--s(1436)--------------------s(1423)------------s(1420)s(1427)s(1434)----s(1439)-s(1446)-----------------------------------s(1419)--s(1425)s(1431)--------s(1430)--------------s(1423)s(1432)-------s(1434)-------------s(1428)---s(1432)----s(1436)s(1444)-----------s(1440)-s(1446)s(1453)--------ss(1462)-s(1470)---s(1475)s(1484)s(1491)---------s(1489)-s(1495)s(1502)--(1500)---s(1504)s(1512)------------(1500)----------s(1499)---------------------s(1486)-----s(1489)------s(1491)--s(1497)-----------s(1492)--s(1497)s(1504)----(1500)---------s(1499)s(1508)--s(1515)---s(1521)--s(1528)-s(1536)--s(1543)---s(1548)s(1557)---s(1563)-s(1568)-s(1575)-s(1582)s(1591)s(1599)--------------s(1593)------s(1595)----------s(1594)s(1601)-(1600)s(1608)s(1616)-s(1622)s(1629)-s(1635)s(1641)s(1648)--s(1655)----s(1659)s(1667)--s(1673)s(1681)-s(1687)s(1695)s(1703)s(1711)s(1720)s(1728)s(1737)---s(1743)s(1751)---s(1755)s(1764)-s(1771)s(1779)--s(1784)-----------------------------------s(1756)--------------------------------------------------s(1713)-s(1718)------s------------------(1700)--------------s(1693)--------s(1691)----------------------------------------------------------------------s(1628)------s(1630)--------------s(1623)-----------s(1619)--s(1624)s(1631)-----------s(1628)s(1636)s(1644)--s(1647)---------------s(1639)---------s(1638)-s(1642)-----------------------------s(1619)-s(1625)s(1633)-------s(1631)------------s(1625)s(1632)---s(1635)-s(1640)------s-----s(1642)----------s(1638)--s(1645)---------------------------------------------(1600)----------------------s(1587)----------------------------------------------------------------s(1532)--------------------------------(1500)----ss(1508)s(1515)-s(1523)---s(1527)--s(1530)-s(1534)------------s(1530)-------s(1529)-s(1536)s(1543)s(1549)s(1555)------s-s(1561)-s(1567)s(1574)-------------s(1568)-----------------s(1558)--s(1561)-s(1565)------s-------------shhhhhhhhhhhhhhhhhhhhhhhhhhhhhhh10(1526)--------------------------(1500)----------------------------------------------------------------------------------------------------(1400)----------------------------------------------------------------------------------------------------(1300)----------------------------------------------------------------------------------------------------(1200)----------------------------------------------------------------------------------------------------(1100)-------------------------------------s(1070)-----s(1073)-s(1079)-----------------------------s(1057)---------------------------------------------------------(1000)------------------------------s(978)------------------------------------s(949)---------s(948)---------------------------------s(922)-------ss(927)---------------------------(900)-----------s(896)--s(900)--------s(898)--s(904)---s(908)s(915)--------s(916)----------------(900)--------------s(893)s(901)-(900)--s(906)----s(911)s(918)----------------s(910)----------(900)--s(905)-----(900)-----s(904)-s(912)-----------s(909)--------s(907)-------(900)--------s(899)----------s(897)s(905)-----(900)---s(904)----(900)----------s(897)--s(902)--(900)-s(907)-------(900)----s(905)s(914)-------s(916)s(924)-s(932)s(937)--------------s(932)s(941)--------s--s(947)-s(954)s(963)-s(970)--s(975)-s(980)s(987)s(996)s(1004)s(1013)s(1022)s(1030)----s(1035)s(1043)s(1052)--s(1059)s(1064)s(1073)s(1081)s(1089)-s(1096)s(1104)s(1111)s(1119)s(1128)s(1136)s(1144)--------------------------------------------(1100)-------------------------------------------------------------------s(1040)------s---s(1044)s(1051)-------------------------------------s(1020)--------------------(1000)---------------------s(986)--------s(984)-s(990)-----s(991)------s---s(995)--s(1000)--s(1005)-----(1000)-----------------s(989)s(996)-----------------------------------s(967)----------------------------------s(942)------------------------------------------(900)-----------s(896)---------s(894)s(899)-------s----------------s(888)--------s(887)s(895)--s(900)--s(904)--s(909)--s(914)--------------(900)--------------------------------s(874)shhhhhhhhhhhhhhhhhhhhhh11(857)---------------------------------------------------------(800)-----------------------------s(777)-----------------------------------------------------------------------------(700)--------------------------------------------------------s(650)s(657)---------------------------------------------------------(600)-----------------------------------------------------------------------------------s(524)--------s(523)-----------------------(500)-------------------s(488)-----------------------------------------------------------------s(431)------------s(426)-------------s(420)-------------s(416)--------Killed
