
      +++  sector:  {1, 0, 0, 0, 0}  (1/1)  +++ 
                     SINGULAR                                 /  Development
 A Computer Algebra System for Polynomial Computations       /   version 4.3.2
                                                           0<
 by: W. Decker, G.-M. Greuel, G. Pfister, H. Schoenemann     \   Feb 2023
FB Mathematik der Universitaet, D-67653 Kaiserslautern        \  Debian 1:4.3.2-p10+ds-1.1build1
compute hilbert series with std in ring (ZZ/179424673),(x10,x9,x8,x7,x6,x5,x4,x3,x2,x1,@),(dp(11),C)
weights used for hilbert series: 1,1,1,1,1,1,1,1,1,1,1
[65535:3]2(9)s(8)s(7)s(6)s(5)s(4)s(5)s(7)s(10)s(14)s3(18)s(19)s(21)s(23)s(26)-s(29)s(35)s(42)--s(47)s(55)------4-------------------------------------------------
product criterion:94 chain criterion:9
std with hilb in (ZZ/179424673),(x10,x9,x8,x7,x6,x5,x4,x3,x2,x1,@),(lp(10),dp(1),C)
[65535:3]2(18)s(17)s(16)ss(18)s(17)s(20)s(19)s(22)ss3(27)s(28)s(30)s(32)s(36)s(41)s(46)-s(51)--s(56)---shhhhhhhhhhhhhhhhhhhhhhhhhhhhhhhhhhhhhhhhhhhhhhhhhhhhhhhhhhhhhh
product criterion:94 chain criterion:9
hilbert series criterion:62
dehomogenization
simplification
imap to ring (ZZ/179424673),(x10,x9,x8,x7,x6,x5,x4,x3,x2,x1),(lp(10),C)
Auf Wiedersehen.
                     SINGULAR                                 /  Development
 A Computer Algebra System for Polynomial Computations       /   version 4.3.2
                                                           0<
 by: W. Decker, G.-M. Greuel, G. Pfister, H. Schoenemann     \   Feb 2023
FB Mathematik der Universitaet, D-67653 Kaiserslautern        \  Debian 1:4.3.2-p10+ds-1.1build1
// ** loaded /usr/bin/../share/singular/LIB/primdec.lib (4.3.2.9,Oct_2023)
// ** loaded /usr/bin/../share/singular/LIB/ring.lib (4.3.1.3,Feb_2023)
// ** loaded /usr/bin/../share/singular/LIB/absfact.lib (4.1.2.0,Feb_2019)
// ** loaded /usr/bin/../share/singular/LIB/triang.lib (4.1.2.0,Feb_2019)
// ** loaded /usr/bin/../share/singular/LIB/matrix.lib (4.3.2.3,Aug_2023)
// ** loaded /usr/bin/../share/singular/LIB/nctools.lib (4.1.2.0,Feb_2019)
// ** loaded /usr/bin/../share/singular/LIB/inout.lib (4.1.2.0,Feb_2019)
// ** loaded /usr/bin/../share/singular/LIB/random.lib (4.1.2.0,Feb_2019)
// ** loaded /usr/bin/../share/singular/LIB/polylib.lib (4.2.0.0,Dec_2020)
// ** loaded /usr/bin/../share/singular/LIB/elim.lib (4.3.2.5,Jul_2023)
// ** loaded /usr/bin/../share/singular/LIB/general.lib (4.1.2.0,Feb_2019)
map with cache
map with cache
map with cache
map with cache
map with cache
map with cache
map with cache
map with cache
map with cache
map with cache
std in (ZZ/179424673),(x10,x9,x8,x7,x6,x5,x4,x3,x2,x1),(dp(10),C)
[65535:3]s
(S:0)
product criterion:0 chain criterion:0
// ** _ is no standard basis
Auf Wiedersehen.

StringJoin::string: String expected at position 2 in {<>1<>1<>}.

StringJoin::string: String expected at position 3 in {<>1<>1<>}.

StringReplace::strse: String or list of strings expected at position 1 in StringReplace[{<>1<>1<>}, {gen(1) -> "e1", x10 -> "B"[1], x9 -> "B"[2], x8 -> "B"[3], x7 -> "B"[4], x6 -> "B"[5], x5 -> "A"[1], x4 -> "A"[2], x3 -> "A"[3], x2 -> "A"[4], x1 -> "A"[5]}].

ToExpression::notstrbox: StringReplace[{<>1<>1<>}, {gen(1) -> "e1", x10 -> "B"[1], x9 -> "B"[2], x8 -> "B"[3], x7 -> "B"[4], x6 -> "B"[5], x5 -> "A"[1], x4 -> "A"[2], x3 -> "A"[3], x2 -> "A"[4], x1 -> "A"[5]}] is not a string or a box. ToExpression can only interpret strings or boxes as Wolfram Language input.

StringJoin::string: String expected at position 2 in {<>1<>1<>}.

General::stop: Further output of StringJoin::string will be suppressed during this calculation.

StringReplace::strse: String or list of strings expected at position 1 in StringReplace[{<>1<>1<>}, {gen(1) -> "e1", x10 -> "B"[1], x9 -> "B"[2], x8 -> "B"[3], x7 -> "B"[4], x6 -> "B"[5], x5 -> "A"[1], x4 -> "A"[2], x3 -> "A"[3], x2 -> "A"[4], x1 -> "A"[5]}].

ToExpression::notstrbox: StringReplace[{<>1<>1<>}, {gen(1) -> "e1", x10 -> "B"[1], x9 -> "B"[2], x8 -> "B"[3], x7 -> "B"[4], x6 -> "B"[5], x5 -> "A"[1], x4 -> "A"[2], x3 -> "A"[3], x2 -> "A"[4], x1 -> "A"[5]}] is not a string or a box. ToExpression can only interpret strings or boxes as Wolfram Language input.

StringReplace::strse: String or list of strings expected at position 1 in StringReplace[{<>(-1)<>(-1)<>}, {gen(1) -> "e1", x10 -> "B"[1], x9 -> "B"[2], x8 -> "B"[3], x7 -> "B"[4], x6 -> "B"[5], x5 -> "A"[1], x4 -> "A"[2], x3 -> "A"[3], x2 -> "A"[4], x1 -> "A"[5]}].

General::stop: Further output of StringReplace::strse will be suppressed during this calculation.

ToExpression::notstrbox: StringReplace[{<>(-1)<>(-1)<>}, {gen(1) -> "e1", x10 -> "B"[1], x9 -> "B"[2], x8 -> "B"[3], x7 -> "B"[4], x6 -> "B"[5], x5 -> "A"[1], x4 -> "A"[2], x3 -> "A"[3], x2 -> "A"[4], x1 -> "A"[5]}] is not a string or a box. ToExpression can only interpret strings or boxes as Wolfram Language input.

General::stop: Further output of ToExpression::notstrbox will be suppressed during this calculation.
  >> 0 regions (all trivial): expReg=2.232s
  [sector total: 2.236s]
#Non-triv Sectors = 0

[SECTOR_RESULT] key=10000 tier=Quick state=trivial time=2.236233 regions=0
