
      +++  sector:  {1, 0, 1, 1, 1}  (1/1)  +++ 
                     SINGULAR                                 /  Development
 A Computer Algebra System for Polynomial Computations       /   version 4.3.2
                                                           0<
 by: W. Decker, G.-M. Greuel, G. Pfister, H. Schoenemann     \   Feb 2023
FB Mathematik der Universitaet, D-67653 Kaiserslautern        \  Debian 1:4.3.2-p10+ds-1.1build1
compute hilbert series with std in ring (ZZ/179424673),(x10,x9,x8,x7,x6,x5,x4,x3,x2,x1,@),(dp(11),C)
weights used for hilbert series: 1,1,1,1,1,1,1,1,1,1,1
[65535:3]2(9)s(8)s(7)s(6)s(5)s(4)s(5)s(6)s(8)s(11)s3(15)s(19)s(24)s(30)s(32)s(39)s(42)s(50)s(54)s(57)s(62)s(65)s(70)s(74)s(78)s(81)s4(86)s(91)-s(95)-s(100)-s(104)---s(107)--s(111)s(118)s(125)s(131)---s(134)-s(139)-----s(140)-s(146)s(153)--s(158)s(166)s(175)------s(176)s(183)-----s(186)--s(190)--s(195)-------s(196)s(205)-----(200)-s(206)------(200)-------s5(197)s(205)s(214)-s(221)----s(224)-s(232)---s(236)---------------s(230)s(237)-----------------------------------s(210)s(218)s(226)---------s(225)-------------s(221)--s(228)s(236)----------s(234)----------------------------------(200)----------------s(192)-------------------------------------6-s(162)s(171)-s(178)---s(184)------------------------------------------------------------------------------------(100)--------------------------------------------------------------7-s(45)---------s(44)--------------------------8------------------
product criterion:534 chain criterion:1729
std with hilb in (ZZ/179424673),(x10,x9,x8,x7,x6,x5,x4,x3,x2,x1,@),(lp(10),dp(1),C)
[65535:3]2(74)s(73)ss(72)s(73)s(72)s(74)s(73)s(75)s(79)s3(80)s(84)s(89)s(92)s(98)s(99)s(102)s(109)s(113)s(117)s(122)s(130)s(134)s(138)s(141)s(145)shhhhhhhhhhhhhhhh4(134)s(139)s(145)s(150)s(157)s(163)s(169)s(178)s(185)s(193)s(198)s(205)s(214)s(221)-s(227)--s(231)s(237)---s(240)----s(243)----s(246)s(253)s(260)-------------------s(249)s(257)s(266)-------------------------shhhhhhhhhhhhhhhhhhhhhhhhhhhhh5(216)s(224)s(233)s(242)-s(249)s(258)-s(264)-s(271)s(279)s(287)----s(292)---------------s(286)-----------s(282)-s(288)---------s(287)-----s(290)--------------------------s(272)--------s-s(280)--------------------------------------------------------------------------------(200)----------shhhhhhhhhhhhhhhhhhh6(180)s(187)s(195)s(203)s(212)s(221)s(230)-------------shhhhhhhhhhhhhhhhhhhhhhhhhhhhhhhhhhhhhhhhhhhhhhhhhhhhhhhhhhhhhhhhhhhhhhhhhhhhhhhhhhhhhhhhhhhhhhhhhhhhhhhhhhhhhhhhhhhhhhhhhhhhhhhhhhhhhhhhhhhhhhhhhhhhhhhhhhhhhhh7(66)s(74)s(82)shhhhhhhhhhhhhhhhhhhhhhhhhhhhhhhhhhhhhhhhhhhhhhhhhhhhhhhhhhhhhhhh8(27)shhhhhhhhhhhhhhhhhhhhhhhhhhh9(9)shhhhhhhhh10shhhhhhhhhhhhhhhhhh
product criterion:608 chain criterion:2202
hilbert series criterion:341
dehomogenization
simplification
imap to ring (ZZ/179424673),(x10,x9,x8,x7,x6,x5,x4,x3,x2,x1),(lp(10),C)
Auf Wiedersehen.
                     SINGULAR                                 /  Development
 A Computer Algebra System for Polynomial Computations       /   version 4.3.2
                                                           0<
 by: W. Decker, G.-M. Greuel, G. Pfister, H. Schoenemann     \   Feb 2023
FB Mathematik der Universitaet, D-67653 Kaiserslautern        \  Debian 1:4.3.2-p10+ds-1.1build1
// ** loaded /usr/bin/../share/singular/LIB/primdec.lib (4.3.2.9,Oct_2023)
// ** loaded /usr/bin/../share/singular/LIB/ring.lib (4.3.1.3,Feb_2023)
// ** loaded /usr/bin/../share/singular/LIB/absfact.lib (4.1.2.0,Feb_2019)
// ** loaded /usr/bin/../share/singular/LIB/triang.lib (4.1.2.0,Feb_2019)
// ** loaded /usr/bin/../share/singular/LIB/matrix.lib (4.3.2.3,Aug_2023)
// ** loaded /usr/bin/../share/singular/LIB/nctools.lib (4.1.2.0,Feb_2019)
// ** loaded /usr/bin/../share/singular/LIB/inout.lib (4.1.2.0,Feb_2019)
// ** loaded /usr/bin/../share/singular/LIB/random.lib (4.1.2.0,Feb_2019)
// ** loaded /usr/bin/../share/singular/LIB/polylib.lib (4.2.0.0,Dec_2020)
// ** loaded /usr/bin/../share/singular/LIB/elim.lib (4.3.2.5,Jul_2023)
// ** loaded /usr/bin/../share/singular/LIB/general.lib (4.1.2.0,Feb_2019)
map with cache
map with cache
map with cache
map with cache
map with cache
map with cache
map with cache
map with cache
map with cache
std in (ZZ/179424673),(x10,x9,x8,x7,x6,x5,x4,x3,x2,x1),(dp(10),C)
[65535:4]1(9)s(8)s(7)s(6)s(5)s(4)s(3)s(2)ss5s
(S:9)---------
product criterion:45 chain criterion:0
[65535:3]1(9)s(8)s(7)s(6)s(5)s(4)s(3)s(2)ss5s
(S:9)---------
product criterion:45 chain criterion:0
map is a permutation
[65535:4]1(10)s(9)s(8)s(7)s(6)s(5)s(4)s(3)s(2)sss
(S:10)----------
product criterion:55 chain criterion:0
[65535:3]1(9)s(8)s(7)s(6)s(5)s(4)s(3)s(2)sss
(S:9)---------
product criterion:45 chain criterion:0
{1}[65535:5]1(9)s(8)s(7)s(6)s(5)s(4)s(3)s(2)sss2(8)--------
(S:10)-----------
product criterion:0 chain criterion:0
(S:10)rrrrrrrrrr
[65535:3]1(9)s(8)s(7)s(6)s(5)s(4)s(3)s(2)sss
(S:9)---------
product criterion:45 chain criterion:0
intersect by elimination method
[65535:5]1(10)s2(9)s(8)s(7)s(6)s(5)s(4)s(3)s(2)sss
(S:10)----------
product criterion:55 chain criterion:0
map is a permutation
[65535:4]1(10)s(9)s(8)s(7)s(6)s(5)s(4)s(3)s(2)ss2s
(S:0)
product criterion:55 chain criterion:0
map is a permutation
[65535:4]1(10)s(9)s(8)s(7)s(6)s(5)s(4)s(3)s(2)ss2s
(S:0)
product criterion:55 chain criterion:0
map is a permutation
[65535:4]1(10)s(9)s(8)s(7)s(6)s(5)s(4)s(3)s(2)ss2s
(S:0)
product criterion:55 chain criterion:0
map is a permutation
[65535:4]1(10)s(9)s(8)s(7)s(6)s(5)s(4)s(3)s(2)ss2s
(S:0)
product criterion:55 chain criterion:0
map is a permutation
[65535:4]1(10)s(9)s(8)s(7)s(6)s(5)s(4)s(3)s(2)ss2s
(S:0)
product criterion:55 chain criterion:0
map is a permutation
[65535:4]1(10)s(9)s(8)s(7)s(6)s(5)s(4)s(3)s(2)ss2s
(S:0)
product criterion:55 chain criterion:0
map is a permutation
[65535:4]1(10)s(9)s(8)s(7)s(6)s(5)s(4)s(3)s(2)ss2s
(S:0)
product criterion:55 chain criterion:0
map is a permutation
[65535:4]1(10)s(9)s(8)s(7)s(6)s(5)s(4)s(3)s(2)ss2s
(S:0)
product criterion:55 chain criterion:0
map is a permutation
[65535:4]1(10)s(9)s(8)s(7)s(6)s(5)s(4)s(3)s(2)ss2s
(S:0)
product criterion:55 chain criterion:0
map is a permutation
[65535:4]1(10)s(9)s(8)s(7)s(6)s(5)s(4)s(3)s(2)ss2s
(S:0)
product criterion:55 chain criterion:0
[65535:3]1(9)s(8)s(7)s(6)s(5)s(4)s(3)s(2)sss
(S:9)---------
product criterion:45 chain criterion:0
map is a permutation
[65535:4]1(10)s(9)s(8)s(7)s(6)s(5)s(4)s(3)s(2)sss
(S:10)----------
product criterion:55 chain criterion:0
[65535:3]1(9)s(8)s(7)s(6)s(5)s(4)s(3)s(2)sss
(S:9)---------
product criterion:45 chain criterion:0
{1}[65535:5]1(9)s(8)s(7)s(6)s(5)s(4)s(3)s(2)sss2(8)--------
(S:10)-----------
product criterion:0 chain criterion:0
(S:10)rrrrrrrrrr
[65535:3]1(9)s(8)s(7)s(6)s(5)s(4)s(3)s(2)sss
(S:9)---------
product criterion:45 chain criterion:0
intersect by elimination method
[65535:5]1(10)s2(9)s(8)s(7)s(6)s(5)s(4)s(3)s(2)sss
(S:10)----------
product criterion:55 chain criterion:0
map is a permutation
[65535:4]1(10)s(9)s(8)s(7)s(6)s(5)s(4)s(3)s(2)ss2s
(S:0)
product criterion:55 chain criterion:0
map is a permutation
[65535:4]1(10)s(9)s(8)s(7)s(6)s(5)s(4)s(3)s(2)ss2s
(S:0)
product criterion:55 chain criterion:0
map is a permutation
[65535:4]1(10)s(9)s(8)s(7)s(6)s(5)s(4)s(3)s(2)ss2s
(S:0)
product criterion:55 chain criterion:0
map is a permutation
[65535:4]1(10)s(9)s(8)s(7)s(6)s(5)s(4)s(3)s(2)ss2s
(S:0)
product criterion:55 chain criterion:0
map is a permutation
[65535:4]1(10)s(9)s(8)s(7)s(6)s(5)s(4)s(3)s(2)ss2s
(S:0)
product criterion:55 chain criterion:0
map is a permutation
[65535:4]1(10)s(9)s(8)s(7)s(6)s(5)s(4)s(3)s(2)ss2s
(S:0)
product criterion:55 chain criterion:0
map is a permutation
[65535:4]1(10)s(9)s(8)s(7)s(6)s(5)s(4)s(3)s(2)ss2s
(S:0)
product criterion:55 chain criterion:0
map is a permutation
[65535:4]1(10)s(9)s(8)s(7)s(6)s(5)s(4)s(3)s(2)ss2s
(S:0)
product criterion:55 chain criterion:0
map is a permutation
[65535:4]1(10)s(9)s(8)s(7)s(6)s(5)s(4)s(3)s(2)ss2s
(S:0)
product criterion:55 chain criterion:0
map is a permutation
[65535:4]1(10)s(9)s(8)s(7)s(6)s(5)s(4)s(3)s(2)ss2s
(S:0)
product criterion:55 chain criterion:0
[65535:3]1(9)s(8)s(7)s(6)s(5)s(4)s(3)s(2)sss
(S:9)---------
product criterion:45 chain criterion:0
map is a permutation
[65535:4]1(10)s(9)s(8)s(7)s(6)s(5)s(4)s(3)s(2)ss3s
(S:10)----------
product criterion:55 chain criterion:0
[65535:3]1(9)s(8)s(7)s(6)s(5)s(4)s(3)s(2)ss3s
(S:9)---------
product criterion:45 chain criterion:0
{1}[65535:5]1(9)s(8)s(7)s(6)s(5)s(4)s(3)s(2)ss3s4(8)--------
(S:10)-----------
product criterion:0 chain criterion:0
(S:10)rrrrrrrrrr
[65535:3]1(9)s(8)s(7)s(6)s(5)s(4)s(3)s(2)ss3s
(S:9)---------
product criterion:45 chain criterion:0
map is a permutation
intersect by elimination method
[65535:5]1(10)s2(9)s(8)s(7)s(6)s(5)s(4)s(3)s(2)ss4s
(S:10)----------
product criterion:55 chain criterion:0
map is a permutation
[65535:4]1(10)s(9)s(8)s(7)s(6)s(5)s(4)s(3)s(2)s2s3.5
(S:0)
product criterion:45 chain criterion:0
map is a permutation
[65535:4]1(10)s(9)s(8)s(7)s(6)s(5)s(4)s(3)s(2)s2s3.5
(S:0)
product criterion:45 chain criterion:0
map is a permutation
[65535:4]1(10)s(9)s(8)s(7)s(6)s(5)s(4)s(3)s(2)s2s3.5
(S:0)
product criterion:45 chain criterion:0
map is a permutation
[65535:4]1(10)s(9)s(8)s(7)s(6)s(5)s(4)s(3)s(2)s2s3.5
(S:0)
product criterion:45 chain criterion:0
map is a permutation
[65535:4]1(10)s(9)s(8)s(7)s(6)s(5)s(4)s(3)s(2)s2s3.5
(S:0)
product criterion:45 chain criterion:0
map is a permutation
[65535:4]1(10)s(9)s(8)s(7)s(6)s(5)s(4)s(3)s(2)s2s3.5
(S:0)
product criterion:45 chain criterion:0
map is a permutation
[65535:4]1(10)s(9)s(8)s(7)s(6)s(5)s(4)s(3)s(2)s2s3.5
(S:0)
product criterion:45 chain criterion:0
map is a permutation
[65535:4]1(10)s(9)s(8)s(7)s(6)s(5)s(4)s(3)s(2)s2s3.5
(S:0)
product criterion:45 chain criterion:0
map is a permutation
[65535:4]1(10)s(9)s(8)s(7)s(6)s(5)s(4)s(3)s(2)s2s3.5
(S:0)
product criterion:45 chain criterion:0
map is a permutation
[65535:4]1(10)s(9)s(8)s(7)s(6)s(5)s(4)s(3)s(2)s3s4s
(S:0)
product criterion:55 chain criterion:0
[65535:3]1(9)s(8)s(7)s(6)s(5)s(4)s(3)s(2)ss3s
(S:9)---------
product criterion:45 chain criterion:0
// ** _ is no standard basis
// ** _ is no standard basis
// ** _ is no standard basis
Auf Wiedersehen.
                     SINGULAR                                 /  Development
 A Computer Algebra System for Polynomial Computations       /   version 4.3.2
                                                           0<
 by: W. Decker, G.-M. Greuel, G. Pfister, H. Schoenemann     \   Feb 2023
FB Mathematik der Universitaet, D-67653 Kaiserslautern        \  Debian 1:4.3.2-p10+ds-1.1build1
compute hilbert series with std in ring (ZZ/179424673),(x10,x9,x8,x7,x6,x5,x4,x3,x2,x1,@),(dp(11),C)
weights used for hilbert series: 1,1,1,1,1,1,1,1,1,1,1
[65535:3]1(9)s2(8)s3(7)ss(6)s(7)s4(9)s(10)s(12)s(14)s(16)s(18)s(21)s5(25)s(30)s(36)s(41)s(45)s(48)s(53)s(56)s(59)-s(60)s(63)---s6(67)s(73)s(78)-s(84)s(85)s(90)s(96)s(103)s(107)s(112)s(116)s(121)s(125)s(129)s(133)-s(138)-s(142)-s(146)s(152)s(156)-s(162)s(167)s(174)s(177)-s(180)--s(182)s(186)-----s(185)---s(184)--s(185)--7---s(183)-s(185)----s---s(186)s(191)--s(195)-s(197)--s(200)-s(206)--s(211)-s(216)s(221)-s(224)s(228)s(233)-s(239)-s(243)-s(247)s(252)s(258)s(265)--s(269)s(273)s(279)-s(284)s(289)s(295)-s(300)-s(306)s(313)s(318)s(326)-s(331)s(337)s(342)-s(346)-----s(348)s(354)-s(359)s(366)------ss(373)s(381)s(388)s(395)s(401)-(400)s(407)---s(412)------ss(415)s(420)-s(423)-s(428)-s(431)s(435)---s(437)--s(442)--------s(439)s(444)s(450)s(457)-s(462)-----s----s(465)s(470)-----s(471)-----------------8------------------------------------------------------(400)----------------------------------------------------------------------------------------------------(300)----------------------------------------------------------------------------------------------------(200)------------s(195)-------s----s(198)-----------------------------s(176)------------------------s(159)--s(164)-----------s(161)------------s(157)---------------------------------------------------------(100)--------------s(90)s(95)---s(97)s(102)-s(106)s(112)----------9--(100)--------------------------------------------------------------------------------------------s(13)--s(17)---10-----------s(9)-s(13)11------------s(6)12------
product criterion:557 chain criterion:8072
std with hilb in (ZZ/179424673),(x10,x9,x8,x7,x6,x5,x4,x3,x2,x1,@),(lp(10),dp(1),C)
[65535:3]1(137)s2(136)s3(135)ss(136)s(138)s4(141)s(142)s(144)s(145)s(148)s(150)s(152)s(159)s(161)s(163)s(165)s(169)s(174)shhhh5(176)s(187)s(193)s(198)s(201)s(202)s(208)s(215)s(224)s(230)-s(240)s(242)s(243)s(247)-s(251)s(256)s(258)s(263)-s(268)--s(266)s(273)---s(276)-s--s(280)---shhhhhhhhhh6(274)-s(280)s(288)--s(295)s(303)s(309)s(318)-s(321)s(326)--s(331)-s(336)s(343)s(348)s(355)-s(360)s(363)-----s(365)-s(369)s(374)--s(377)-s(381)s(387)s(393)-s(399)s(405)s(411)--s(412)-----s-s(418)-s(421)s(425)s(433)s(439)--s(441)-s(445)-s(450)s(454)s(457)--s(459)-----ss(466)---s(467)----s(464)s(467)--s(470)s(474)s(478)s(482)s(487)---s(486)-------s(482)--s(485)--s(487)----s(486)--shhhhhhhhhhhhhhhhhhhhhhhhhhhhh7(457)-----s(459)---------s(458)---------s(457)-s(464)s(472)---------s(473)---s(475)s(483)-s(488)-s(495)s(503)s(505)s(511)--s(513)----s(517)s(525)--s(531)--s(536)---s(539)s(542)---s(547)s(553)s(560)-s(566)-s(573)--s(577)-s(582)-s(589)-s(595)---s(594)-s(600)s(607)s(614)s(617)s(623)-s(627)s(631)---s(630)-s(634)s(640)-s(642)--s(648)s(654)s(660)--s(662)s(666)s(671)s(677)s(681)--s(686)s(693)-------------s(687)-s(692)s(700)-s(707)--s(712)-s(719)s(722)s(726)s(730)-s(737)-----s(739)----s(741)s(747)s(752)---s(754)s(759)s(767)s(772)--s(773)-s(776)-s(778)-s(782)-s(785)--s(790)-s(793)-s(798)s(805)-s(809)-----s---------(800)s(806)s(812)----s(814)-------s--s(818)s(824)s(830)s(836)---s(838)--s(841)s(847)---s(849)---s(850)-s(854)---s(856)----s(858)--s(861)s(869)s(874)s(880)-s(885)------------------------s(868)s(872)------s--s(876)--s(881)s(885)------------s(876)s(878)s(883)--shhhhhhhhhhhhhhhhhhhhhhhhhhhhhhhhhhhhhhhhhhhhhhhhhhhhhhhhhhhhhhhhhhhhhhhhhh8(812)------------(800)----------------------------------------------------------------------------------------------------(700)-----------------------------------s(673)--------------------------s(654)s(662)---s(664)---------------------------------------s(631)--------------s(624)-s(629)s(635)--s(640)-s(645)------s(642)------------------s(629)------ss(636)--s(641)---------s(639)s(643)s(649)s(656)s(663)-----s(665)-------------s(660)-s(667)----------s(664)--s(669)-s(672)s(679)s(686)---------------------------s(666)--s(670)--s(675)----------------------s(660)-------ss(666)-----------------s(657)-s(662)---s----s(666)-------------------s(651)---s(656)-------s--s(661)s(669)s(674)s(682)----s(686)-s(689)--s(695)-s(701)s(707)-s(712)s(718)-s(725)s(733)-----s(735)-------s(736)---s(740)s(745)-------s-s(749)-s(753)-s(757)s(762)-s(768)-s(773)-----------------s(763)-------s(764)---s(769)---s(773)s(779)s(787)---------s(784)---s(789)-s(795)------s(794)-----------s(789)-----s(790)s(796)-s(802)s(809)s(816)---s(820)s(826)s(834)--s(837)---s(842)-s(847)-------s(845)s(850)----s(852)s(857)------s(859)s(866)-----s(867)-----s(866)s(873)s(880)s(886)s(893)s(899)s(905)s(911)-----------(900)---------------------------------------------s(862)------------s(857)---s(859)s(864)s(870)-s(873)--------------s(864)s(871)------------s(863)s(869)--------------shhhhhhhhhhhhhhhhhhh9(839)---------------------------------------(800)----------------------------------------------------------------------------------------------------(700)-----------------------------------------------------------s(647)-------------------------------------s(617)---------s(615)---------s(613)s(620)--------------------(600)---------------s(591)--------------------------------------------------s(547)------------------------------------------s(512)s(520)s(526)s(534)s(541)----------------------------------s(514)---------s(511)---s(516)s(524)----------------s(514)----s(517)----ss(524)s(528)s(536)---s(540)------ss(548)----s(550)--------s(549)--s(554)-----------------s(545)----s(548)s(555)--------s(554)-s(561)s(569)--s(575)-s(581)-----ss(586)---s(589)-----------------s(579)s(587)---------s(584)-----s-s(591)-s(596)s(604)---s(606)s(613)-------s(612)-s(616)s(623)s(628)---s(629)s(637)s(643)s(648)---s(652)---------s(650)s(655)--s(658)-s(662)s(666)-s(669)s(675)------ss(681)--s(685)----------s(683)---s(685)--s(691)s(699)s(705)s(709)s(715)-s(719)s(726)s(734)s(742)-s(748)s(755)-s(761)-s(766)s(772)s(780)s(786)-s(793)--------------------------------s(768)--------------s(758)---------------------s(744)s(749)---s(750)s(757)-s(763)---------------------s(746)-------------s(740)-s(745)s(751)-----------------shhhhhhh10(731)-------------------------------(700)----------------------------------------------------------------------------------------------------(600)-------------------------------------------s(564)-----------------s(552)----s(553)--------------------------s(535)s(542)--s(546)-s(552)----------------------------------------------------(500)-s(505)-----(500)-----s(502)--(500)------------s(496)s(503)---(500)----s(504)----(500)-------s-------------------s(486)-----------------------------s(464)---------s(462)-s(468)s(474)s(482)------------------------------------s(453)------s(454)----s(458)---s(461)-----s(464)----s(465)-----s(468)--s(474)-s(479)--s(485)s(493)-s(498)s(504)----(500)--------s(499)s(507)s(515)s(523)s(529)-s(536)s(542)-----s(543)--------s(541)-------s-s(546)--------s(545)-----s----------------s(537)-------s(536)s(542)s(549)s(555)------s(556)-s(561)----------s(558)s(565)---s(567)-s(572)s(577)s(583)s(590)---s(593)--s(598)s(604)-s(609)s(617)s(625)s(630)-s(636)------s(638)---------------s(629)-s(635)-----------s(631)s(638)s(645)-s(651)---------------------------s(629)--------shhhhhhhhhhhhhhhhhhhhhhhhhhhhhhhhhhhhhh11(588)-------------------------------s(564)----------s(561)-------------------------------------------------------------(500)--------------------------------------------------------------------------------s(427)----------------s(418)--------------s(410)-------s(409)---------(400)-----------------s(391)---s(396)-----------------------s(380)-----s(381)--------------------------------------------s(345)s(351)s(356)--------------------------s(336)---s(338)--s(341)-----s----s(343)---s(347)--s(352)--s(356)-s(362)s(369)s(375)s(383)s(391)----------s(388)s(395)--s(400)--------s(399)s(407)--s(412)---s(417)s(425)s(432)-----s(434)--s(439)--s(444)---s(446)s(453)s(459)-s(466)s(473)-----------s(470)s(477)-----s-s(483)--s(487)---s(490)-----------s(486)----s(489)s(496)s(502)--(500)----s(504)---s(508)--------(500)-------------s(493)-----------------s(481)s(486)----------s(482)shhhhhhhhhhhhhhhhhhhhhhhhhh12(461)------------------s(450)-------------------------s(432)----------------------------s(411)-----------(400)--------------------------s(381)-------s(382)--------------------------------------------s(344)-s(349)-------------------------------------------------(300)---s(302)--(300)-------------s(294)-s(299)-----------s(294)------------------------------------------------------------------------s(229)----s(232)s(238)-s(245)s(252)s(259)s(265)-------------------s(253)---s(256)s(262)-s(269)s(276)s(282)s(289)s(296)s(302)--(300)---s(304)s(310)-s(315)---------------(300)---s(303)---(300)--s(303)---(300)--s(305)-s(311)--s(315)-s(321)---s(325)s(332)-------shhhhhhhhhhhhhhhhhhhhhhhhhhhhhhhhhhhh13(295)--------------s(287)---------------s(279)--------------------------------s(254)-----------s(250)-----------s(245)-------------------s(232)---s(235)-----------------------------------(200)---------------s(191)----s(193)-------------------Killed
