
      +++  sector:  {1, 0, 1, 1, 0}  (1/1)  +++ 
                     SINGULAR                                 /  Development
 A Computer Algebra System for Polynomial Computations       /   version 4.3.2
                                                           0<
 by: W. Decker, G.-M. Greuel, G. Pfister, H. Schoenemann     \   Feb 2023
FB Mathematik der Universitaet, D-67653 Kaiserslautern        \  Debian 1:4.3.2-p10+ds-1.1build1
compute hilbert series with std in ring (ZZ/179424673),(x10,x9,x8,x7,x6,x5,x4,x3,x2,x1,@),(dp(11),C)
weights used for hilbert series: 1,1,1,1,1,1,1,1,1,1,1
[65535:3]2(9)s(8)s(7)s(6)s(5)s(4)s(5)s(7)s(8)s(11)s3(15)s(19)s(24)s(30)s(32)s(39)s(42)s(50)s(54)s(57)s(62)s(65)s(70)s(73)s(76)s(80)4-s(84)--s(88)--s(92)s(97)---s(100)---s(105)s(111)s(119)s(126)s(133)s(139)------s(140)s(148)s(157)-------ss(164)------------s(160)s(169)-------s(170)s(179)------s(180)----------5-s(177)s(185)---s(190)-------ss(199)----s(203)s(211)------s(212)--------s(213)-------------(200)----------------------------------------------------------------------------------------------------(100)-------------------6-s(88)--------s----------------------------------------------------------------------7------------------
product criterion:378 chain criterion:853
std with hilb in (ZZ/179424673),(x10,x9,x8,x7,x6,x5,x4,x3,x2,x1,@),(lp(10),dp(1),C)
[65535:3]2(56)s(55)ss(54)s(55)s(54)s(56)s(55)s(57)s(61)s3(62)s(66)s(71)s(74)s(80)s(81)s(84)s(91)s(95)s(99)s(103)s(111)s(115)s(119)s(122)shhhhhhhhhhhhhhhh4(111)s(116)s(122)s(127)s(134)s(140)s(146)s(155)s(162)s(170)s(175)s(182)s(191)s(198)-s(204)s(211)----s(215)s(223)--------s(222)------s(225)s(233)---------------------------------(200)--shhhhhhhhhhhhhhhhhhhhhhhhhh5(181)s(190)s(198)s(207)s(215)-s(221)s(229)--s(234)s(243)-s(250)s(257)shhhhhhhhhhhhhhhhhhhhhhhhhhhhhhhhhhhhhhhhhhhhhhhhhhhhhhhhhhhhhhhhhhhhhhhhhhhhhhhhhhhhhhhhhhhhhhhhhhhhhhhhhhhhhhhhhhhhhhhhhhhhhhhhhhhhhhhhhhhhhhhhhhhhhhhhhhhhhhhhhhhhh6(100)s(108)s(117)shhhhhhhhhhhhhhhhhhhhhhhhhhhhhhhhhhhhhhhhhhhhhhhhhhhhhhhhhhhhhhhhhhhhhhhhhhhhhhhhhhhhhhhhhhhhhhhhhh7(27)shhhhhhhhhhhhhhhhhhhhhhhhhhh8(9)shhhhhhhhh9shhhhhhhhhhhhhhhhhh
product criterion:422 chain criterion:1108
hilbert series criterion:359
dehomogenization
simplification
imap to ring (ZZ/179424673),(x10,x9,x8,x7,x6,x5,x4,x3,x2,x1),(lp(10),C)
Auf Wiedersehen.
                     SINGULAR                                 /  Development
 A Computer Algebra System for Polynomial Computations       /   version 4.3.2
                                                           0<
 by: W. Decker, G.-M. Greuel, G. Pfister, H. Schoenemann     \   Feb 2023
FB Mathematik der Universitaet, D-67653 Kaiserslautern        \  Debian 1:4.3.2-p10+ds-1.1build1
// ** loaded /usr/bin/../share/singular/LIB/primdec.lib (4.3.2.9,Oct_2023)
// ** loaded /usr/bin/../share/singular/LIB/ring.lib (4.3.1.3,Feb_2023)
// ** loaded /usr/bin/../share/singular/LIB/absfact.lib (4.1.2.0,Feb_2019)
// ** loaded /usr/bin/../share/singular/LIB/triang.lib (4.1.2.0,Feb_2019)
// ** loaded /usr/bin/../share/singular/LIB/matrix.lib (4.3.2.3,Aug_2023)
// ** loaded /usr/bin/../share/singular/LIB/nctools.lib (4.1.2.0,Feb_2019)
// ** loaded /usr/bin/../share/singular/LIB/inout.lib (4.1.2.0,Feb_2019)
// ** loaded /usr/bin/../share/singular/LIB/random.lib (4.1.2.0,Feb_2019)
// ** loaded /usr/bin/../share/singular/LIB/polylib.lib (4.2.0.0,Dec_2020)
// ** loaded /usr/bin/../share/singular/LIB/elim.lib (4.3.2.5,Jul_2023)
// ** loaded /usr/bin/../share/singular/LIB/general.lib (4.1.2.0,Feb_2019)
map with cache
map with cache
map with cache
map with cache
map with cache
map with cache
map with cache
map with cache
map with cache
std in (ZZ/179424673),(x10,x9,x8,x7,x6,x5,x4,x3,x2,x1),(dp(10),C)
[65535:4]1(9)s(8)s(7)s(6)s(5)s(4)s(3)s(2)ss5s
(S:9)---------
product criterion:45 chain criterion:0
[65535:3]1(9)s(8)s(7)s(6)s(5)s(4)s(3)s(2)ss5s
(S:9)---------
product criterion:45 chain criterion:0
map is a permutation
[65535:4]1(10)s(9)s(8)s(7)s(6)s(5)s(4)s(3)s(2)sss
(S:10)----------
product criterion:55 chain criterion:0
[65535:3]1(9)s(8)s(7)s(6)s(5)s(4)s(3)s(2)sss
(S:9)---------
product criterion:45 chain criterion:0
{1}[65535:5]1(9)s(8)s(7)s(6)s(5)s(4)s(3)s(2)sss2(8)--------
(S:10)-----------
product criterion:0 chain criterion:0
(S:10)rrrrrrrrrr
[65535:3]1(9)s(8)s(7)s(6)s(5)s(4)s(3)s(2)sss
(S:9)---------
product criterion:45 chain criterion:0
intersect by elimination method
[65535:5]1(10)s2(9)s(8)s(7)s(6)s(5)s(4)s(3)s(2)sss
(S:10)----------
product criterion:55 chain criterion:0
map is a permutation
[65535:4]1(10)s(9)s(8)s(7)s(6)s(5)s(4)s(3)s(2)ss2s
(S:0)
product criterion:55 chain criterion:0
map is a permutation
[65535:4]1(10)s(9)s(8)s(7)s(6)s(5)s(4)s(3)s(2)ss2s
(S:0)
product criterion:55 chain criterion:0
map is a permutation
[65535:4]1(10)s(9)s(8)s(7)s(6)s(5)s(4)s(3)s(2)ss2s
(S:0)
product criterion:55 chain criterion:0
map is a permutation
[65535:4]1(10)s(9)s(8)s(7)s(6)s(5)s(4)s(3)s(2)ss2s
(S:0)
product criterion:55 chain criterion:0
map is a permutation
[65535:4]1(10)s(9)s(8)s(7)s(6)s(5)s(4)s(3)s(2)ss2s
(S:0)
product criterion:55 chain criterion:0
map is a permutation
[65535:4]1(10)s(9)s(8)s(7)s(6)s(5)s(4)s(3)s(2)ss2s
(S:0)
product criterion:55 chain criterion:0
map is a permutation
[65535:4]1(10)s(9)s(8)s(7)s(6)s(5)s(4)s(3)s(2)ss2s
(S:0)
product criterion:55 chain criterion:0
map is a permutation
[65535:4]1(10)s(9)s(8)s(7)s(6)s(5)s(4)s(3)s(2)ss2s
(S:0)
product criterion:55 chain criterion:0
map is a permutation
[65535:4]1(10)s(9)s(8)s(7)s(6)s(5)s(4)s(3)s(2)ss2s
(S:0)
product criterion:55 chain criterion:0
map is a permutation
[65535:4]1(10)s(9)s(8)s(7)s(6)s(5)s(4)s(3)s(2)ss2s
(S:0)
product criterion:55 chain criterion:0
[65535:3]1(9)s(8)s(7)s(6)s(5)s(4)s(3)s(2)sss
(S:9)---------
product criterion:45 chain criterion:0
map is a permutation
[65535:4]1(10)s(9)s(8)s(7)s(6)s(5)s(4)s(3)s(2)sss
(S:10)----------
product criterion:55 chain criterion:0
[65535:3]1(9)s(8)s(7)s(6)s(5)s(4)s(3)s(2)sss
(S:9)---------
product criterion:45 chain criterion:0
{1}[65535:5]1(9)s(8)s(7)s(6)s(5)s(4)s(3)s(2)sss2(8)--------
(S:10)-----------
product criterion:0 chain criterion:0
(S:10)rrrrrrrrrr
[65535:3]1(9)s(8)s(7)s(6)s(5)s(4)s(3)s(2)sss
(S:9)---------
product criterion:45 chain criterion:0
intersect by elimination method
[65535:5]1(10)s2(9)s(8)s(7)s(6)s(5)s(4)s(3)s(2)sss
(S:10)----------
product criterion:55 chain criterion:0
map is a permutation
[65535:4]1(10)s(9)s(8)s(7)s(6)s(5)s(4)s(3)s(2)ss2s
(S:0)
product criterion:55 chain criterion:0
map is a permutation
[65535:4]1(10)s(9)s(8)s(7)s(6)s(5)s(4)s(3)s(2)ss2s
(S:0)
product criterion:55 chain criterion:0
map is a permutation
[65535:4]1(10)s(9)s(8)s(7)s(6)s(5)s(4)s(3)s(2)ss2s
(S:0)
product criterion:55 chain criterion:0
map is a permutation
[65535:4]1(10)s(9)s(8)s(7)s(6)s(5)s(4)s(3)s(2)ss2s
(S:0)
product criterion:55 chain criterion:0
map is a permutation
[65535:4]1(10)s(9)s(8)s(7)s(6)s(5)s(4)s(3)s(2)ss2s
(S:0)
product criterion:55 chain criterion:0
map is a permutation
[65535:4]1(10)s(9)s(8)s(7)s(6)s(5)s(4)s(3)s(2)ss2s
(S:0)
product criterion:55 chain criterion:0
map is a permutation
[65535:4]1(10)s(9)s(8)s(7)s(6)s(5)s(4)s(3)s(2)ss2s
(S:0)
product criterion:55 chain criterion:0
map is a permutation
[65535:4]1(10)s(9)s(8)s(7)s(6)s(5)s(4)s(3)s(2)ss2s
(S:0)
product criterion:55 chain criterion:0
map is a permutation
[65535:4]1(10)s(9)s(8)s(7)s(6)s(5)s(4)s(3)s(2)ss2s
(S:0)
product criterion:55 chain criterion:0
map is a permutation
[65535:4]1(10)s(9)s(8)s(7)s(6)s(5)s(4)s(3)s(2)ss2s
(S:0)
product criterion:55 chain criterion:0
[65535:3]1(9)s(8)s(7)s(6)s(5)s(4)s(3)s(2)sss
(S:9)---------
product criterion:45 chain criterion:0
map is a permutation
[65535:4]1(10)s(9)s(8)s(7)s(6)s(5)s(4)s(3)s(2)ss3s
(S:10)----------
product criterion:55 chain criterion:0
[65535:3]1(9)s(8)s(7)s(6)s(5)s(4)s(3)s(2)ss3s
(S:9)---------
product criterion:45 chain criterion:0
{1}[65535:5]1(9)s(8)s(7)s(6)s(5)s(4)s(3)s(2)ss3s4(8)--------
(S:10)-----------
product criterion:0 chain criterion:0
(S:10)rrrrrrrrrr
[65535:3]1(9)s(8)s(7)s(6)s(5)s(4)s(3)s(2)ss3s
(S:9)---------
product criterion:45 chain criterion:0
map is a permutation
intersect by elimination method
[65535:5]1(10)s2(9)s(8)s(7)s(6)s(5)s(4)s(3)s(2)ss4s
(S:10)----------
product criterion:55 chain criterion:0
map is a permutation
[65535:4]1(10)s(9)s(8)s(7)s(6)s(5)s(4)s(3)s(2)s2s3.5
(S:0)
product criterion:45 chain criterion:0
map is a permutation
[65535:4]1(10)s(9)s(8)s(7)s(6)s(5)s(4)s(3)s(2)s2s3.5
(S:0)
product criterion:45 chain criterion:0
map is a permutation
[65535:4]1(10)s(9)s(8)s(7)s(6)s(5)s(4)s(3)s(2)s2s3.5
(S:0)
product criterion:45 chain criterion:0
map is a permutation
[65535:4]1(10)s(9)s(8)s(7)s(6)s(5)s(4)s(3)s(2)s2s3.5
(S:0)
product criterion:45 chain criterion:0
map is a permutation
[65535:4]1(10)s(9)s(8)s(7)s(6)s(5)s(4)s(3)s(2)s2s3.5
(S:0)
product criterion:45 chain criterion:0
map is a permutation
[65535:4]1(10)s(9)s(8)s(7)s(6)s(5)s(4)s(3)s(2)s2s3.5
(S:0)
product criterion:45 chain criterion:0
map is a permutation
[65535:4]1(10)s(9)s(8)s(7)s(6)s(5)s(4)s(3)s(2)s2s3.5
(S:0)
product criterion:45 chain criterion:0
map is a permutation
[65535:4]1(10)s(9)s(8)s(7)s(6)s(5)s(4)s(3)s(2)s2s3.5
(S:0)
product criterion:45 chain criterion:0
map is a permutation
[65535:4]1(10)s(9)s(8)s(7)s(6)s(5)s(4)s(3)s(2)s2s3.5
(S:0)
product criterion:45 chain criterion:0
map is a permutation
[65535:4]1(10)s(9)s(8)s(7)s(6)s(5)s(4)s(3)s(2)s3s4s
(S:0)
product criterion:55 chain criterion:0
[65535:3]1(9)s(8)s(7)s(6)s(5)s(4)s(3)s(2)ss3s
(S:9)---------
product criterion:45 chain criterion:0
// ** _ is no standard basis
// ** _ is no standard basis
// ** _ is no standard basis
Auf Wiedersehen.
                     SINGULAR                                 /  Development
 A Computer Algebra System for Polynomial Computations       /   version 4.3.2
                                                           0<
 by: W. Decker, G.-M. Greuel, G. Pfister, H. Schoenemann     \   Feb 2023
FB Mathematik der Universitaet, D-67653 Kaiserslautern        \  Debian 1:4.3.2-p10+ds-1.1build1
compute hilbert series with std in ring (ZZ/179424673),(x10,x9,x8,x7,x6,x5,x4,x3,x2,x1,@),(dp(11),C)
weights used for hilbert series: 1,1,1,1,1,1,1,1,1,1,1
[65535:3]1(9)s2(8)s(7)s3ss(8)s(10)s(11)s4(14)s(15)s(17)s(19)s(22)s(24)-s(25)s(28)s(30)s(31)s(34)s(39)s(45)s5(47)s(53)s(57)s(61)--s(65)s(70)s(76)s(80)s(85)s(87)s(90)s(93)----s(92)-s(94)--s(96)-s(97)--s(98)-----6-s(101)s(106)s(115)s(119)-s(123)s(127)s(131)s(139)-s(141)s(145)---s(148)s(155)-s(160)s(168)--s(173)-s(175)s(179)s(185)s(189)s(194)s(200)--s(205)--s(208)---s(210)s(216)s(221)s(228)s(233)s(239)-s(244)-s(250)----s(253)-s(260)--s(263)--------s(262)-s(266)---------------7------------s(245)s(251)---------------s(243)--s(247)---s(251)---------------------------s(232)-------------s(226)----s(228)--s(233)s(241)s(247)-----------s(243)--s(248)---------s(246)---------------s(238)---s(243)-------s-----------------------------------s(215)-----------s(211)---s(216)-s(222)------s(223)-s(228)------s(229)s(237)s(243)s(250)------------------s(240)--s(244)----8----------------------------------------(200)------------------------------------------------------------------------------s(130)------------------------------(100)--------------------------------------------------------------------------s(33)----------s(31)-----9--------------------------
product criterion:530 chain criterion:4291
std with hilb in (ZZ/179424673),(x10,x9,x8,x7,x6,x5,x4,x3,x2,x1,@),(lp(10),dp(1),C)
[65535:3]1(104)s2(103)s(102)s3ss(103)s(105)s(108)-s4(111)s(113)s(116)s(119)s(123)s(127)s(128)s(133)s(138)s(140)s(142)s(146)-s(147)s(151)s(154)s(159)s(165)shhhhhhhhhh5(162)s(176)s(184)s(200)s(207)s(208)s(214)-s(217)s(222)s(228)s(233)s(238)s(240)ss(245)--s(247)-s(252)s(255)s(258)-s(262)-s(267)-s(272)s(275)---s(277)s(283)s(288)s(292)s(295)s(301)-(300)s(307)s(309)-s(313)s(318)-----s(317)s(323)s(335)--s(334)------ss(336)-shhhhhhhhhhhhhhhhhhh6(319)-s(325)-----s(327)-s(333)----s(337)-----s(340)--s(345)s(351)---s(350)s(354)s(357)-s(362)s(369)--s(373)----s(372)-s(377)s(381)s(385)-s(390)---s(394)s(398)---s(396)-s(398)---s(402)-s(408)--------(400)s(405)--s(409)--s(413)--s(414)---s(418)--s(421)----s(420)s(423)s(427)----s(430)s(435)-s(438)s(445)--s(449)s(456)---s(458)s(462)-s(466)s(471)-s(474)--------s(471)-s(475)---------s(472)-----s(473)-s(477)s(482)-s(488)--s(491)s(499)---------------s(490)--s(493)---s(495)s(500)s(506)------(500)------s------shhhhhhhhhhhhhhhhhhhhhhhhhhhhhhhhhhhh7(460)-----------s(456)-------s(457)--------------s(451)s(459)---------s(458)s(466)---s(471)------s(473)-----s---s(474)--------------------s(462)------------------s(451)------s---------------s(442)s(450)-s(452)s(454)---s(457)----s(460)--s(464)s(471)-s(477)---------------------s(463)----s(466)s(471)--s(477)------s(478)-----------s(475)---------s(474)-----------s(466)s(469)s(476)------s(477)s(484)-s(491)---s(496)--s(502)s(506)--s(510)s(516)s(521)s(525)------s(524)s(531)-------s(530)s(538)------s--s(540)-s(542)-s(548)s(554)-----ss(559)-s(563)-s(570)s(577)s(583)s(589)--------------------s(575)s(583)s(590)----s(594)-----s-s(597)s(604)s(608)------s--------(600)---------s(597)s(605)-----(600)------s(598)s(602)--(600)----s---s(604)----(600)-------s(597)s(603)--s(606)--s(607)-------(600)---shhhhhhhhhhhhhhhhhhhhhhhhhhhhh8(572)------------------------------------------------------------------------(500)---------------------------------------------------------------------------s(433)-----------------s(423)----------s(420)--------------------(400)-----s(402)--(400)----s(404)----(400)----------s(397)------------s(393)-----------------------------------------------------------------------------s(321)--s(325)---------s(323)-----s----------s(320)--------------------(300)--------s(298)s(306)-s(313)---s(318)---------s(313)-----------s(309)s(313)s(320)s(325)-------------------------(300)----s(304)-s(311)--s(315)---s(319)--s(324)s(331)-s(338)s(346)---s(348)--s(352)--s(355)s(363)--s(369)----s(373)s(381)s(386)-s(392)s(398)s(404)----(400)----------------------------------s(373)----s(376)--------s-------------s(368)s(376)s(382)------------s(377)----s(378)---shhhh9(376)----------------------------------------------------------------------------(300)---------------------------------------------------------s(250)----------------------s(235)-----------------------------------(200)----------------------------------s(172)-----------------------------------------------s(130)s(138)s(146)s(154)s(162)---s(164)-s(169)s(175)-s(180)s(186)s(194)s(201)s(207)s(213)s(221)s(229)s(235)s(241)s(248)s(255)s(262)s(269)-s(274)s(282)-------s(279)--s(285)-----s(286)-s(291)---------s(287)s(294)s(300)-----s(302)--(300)-----s(299)-------------s(291)shhhhhhhhhhhhh10(283)-----------------------------------------------------------------------------------(200)----------------------------------------------------------------------------------------------------(100)--------s(99)s(107)s(115)s(122)s(128)s(136)s(143)s(150)s(158)s(165)---------s(164)----------------------------s(143)s(149)-s(155)---------shhhhhhhhhhhhhhhhhhhhhhhhhhhhhhh11(123)-----------------------(100)-----------------------------------------------------------------------s(35)s(41)s(48)s(55)s(62)s(69)s(76)------s(77)-s(81)s(86)-s(91)----shhhhhhhhhhhhhhhhhhhhhhhhhhhhhhhhhhhhhhhhhhhhhhhhhhhhhhhhhhhhhhhhhhhhhhhhhhhhhhhhhhhhhhhhhhhhhh
product criterion:4392 chain criterion:43238
hilbert series criterion:236
dehomogenization
simplification
imap to ring (ZZ/179424673),(x10,x9,x8,x7,x6,x5,x4,x3,x2,x1),(lp(10),C)
Auf Wiedersehen.
                     SINGULAR                                 /  Development
 A Computer Algebra System for Polynomial Computations       /   version 4.3.2
                                                           0<
 by: W. Decker, G.-M. Greuel, G. Pfister, H. Schoenemann     \   Feb 2023
FB Mathematik der Universitaet, D-67653 Kaiserslautern        \  Debian 1:4.3.2-p10+ds-1.1build1
compute hilbert series with std in ring (ZZ/179424673),(x10,x9,x8,x7,x6,x5,x4,x3,x2,x1,@),(dp(11),C)
weights used for hilbert series: 1,1,1,1,1,1,1,1,1,1,1
[65535:3]1(9)s2(8)s(7)s3ss(8)s(10)s(11)s4(14)s(15)s(17)s(19)s(22)s(24)-s(25)s(28)s(30)s(31)s(34)s(39)s(45)s5(47)s(53)s(57)s(61)--s(65)s(70)s(76)s(80)s(85)s(87)s(90)s(93)----s(92)-s(94)--s(96)-s(97)--s(98)-----6-s(101)s(106)s(115)s(119)-s(123)s(127)s(131)s(139)-s(141)s(145)---s(148)s(155)-s(160)s(168)--s(173)-s(175)s(179)s(185)s(189)s(194)s(200)--s(205)--s(208)---s(210)s(216)s(221)s(228)s(233)s(239)-s(244)-s(250)----s(253)-s(260)--s(263)--------s(262)-s(266)---------------7------------s(245)s(251)---------------s(243)--s(247)---s(251)---------------------------s(232)-------------s(226)----s(228)--s(233)s(241)s(247)-----------s(243)--s(248)---------s(246)---------------s(238)---s(243)-------s-----------------------------------s(215)-----------s(211)---s(216)-s(222)------s(223)-s(228)------s(229)s(237)s(243)s(250)------------------s(240)--s(244)----8----------------------------------------(200)------------------------------------------------------------------------------s(130)------------------------------(100)--------------------------------------------------------------------------s(33)----------s(31)-----9--------------------------
product criterion:530 chain criterion:4291
std with hilb in (ZZ/179424673),(x10,x9,x8,x7,x6,x5,x4,x3,x2,x1,@),(lp(10),dp(1),C)
[65535:3]1(104)s2(103)s(102)s3ss(103)s(105)s(108)-s4(111)s(113)s(116)s(119)s(123)s(127)s(128)s(133)s(138)s(140)s(142)s(146)-s(147)s(151)s(154)s(159)s(165)shhhhhhhhhh5(162)s(176)s(184)s(200)s(207)s(208)s(214)-s(217)s(222)s(228)s(233)s(238)s(240)ss(245)--s(247)-s(252)s(255)s(258)-s(262)-s(267)-s(272)s(275)---s(277)s(283)s(288)s(292)s(295)s(301)-(300)s(307)s(309)-s(313)s(318)-----s(317)s(323)s(335)--s(334)------ss(336)-shhhhhhhhhhhhhhhhhhh6(319)-s(325)-----s(327)-s(333)----s(337)-----s(340)--s(345)s(351)---s(350)s(354)s(357)-s(362)s(369)--s(373)----s(372)-s(377)s(381)s(385)-s(390)---s(394)s(398)---s(396)-s(398)---s(402)-s(408)--------(400)s(405)--s(409)--s(413)--s(414)---s(418)--s(421)----s(420)s(423)s(427)----s(430)s(435)-s(438)s(445)--s(449)s(456)---s(458)s(462)-s(466)s(471)-s(474)--------s(471)-s(475)---------s(472)-----s(473)-s(477)s(482)-s(488)--s(491)s(499)---------------s(490)--s(493)---s(495)s(500)s(506)------(500)------s------shhhhhhhhhhhhhhhhhhhhhhhhhhhhhhhhhhhh7(460)-----------s(456)-------s(457)--------------s(451)s(459)---------s(458)s(466)---s(471)------s(473)-----s---s(474)--------------------s(462)------------------s(451)------s---------------s(442)s(450)-s(452)s(454)---s(457)----s(460)--s(464)s(471)-s(477)---------------------s(463)----s(466)s(471)--s(477)------s(478)-----------s(475)---------s(474)-----------s(466)s(469)s(476)------s(477)s(484)-s(491)---s(496)--s(502)s(506)--s(510)s(516)s(521)s(525)------s(524)s(531)-------s(530)s(538)------s--s(540)-s(542)-s(548)s(554)-----ss(559)-s(563)-s(570)s(577)s(583)s(589)--------------------s(575)s(583)s(590)----s(594)-----s-s(597)s(604)s(608)------s--------(600)---------s(597)s(605)-----(600)------s(598)s(602)--(600)----s---s(604)----(600)-------s(597)s(603)--s(606)--s(607)-------(600)---shhhhhhhhhhhhhhhhhhhhhhhhhhhhh8(572)------------------------------------------------------------------------(500)---------------------------------------------------------------------------s(433)-----------------s(423)----------s(420)--------------------(400)-----s(402)--(400)----s(404)----(400)----------s(397)------------s(393)-----------------------------------------------------------------------------s(321)--s(325)---------s(323)-----s----------s(320)--------------------(300)--------s(298)s(306)-s(313)---s(318)---------s(313)-----------s(309)s(313)s(320)s(325)-------------------------(300)----s(304)-s(311)--s(315)---s(319)--s(324)s(331)-s(338)s(346)---s(348)--s(352)--s(355)s(363)--s(369)----s(373)s(381)s(386)-s(392)s(398)s(404)----(400)----------------------------------s(373)----s(376)--------s-------------s(368)s(376)s(382)------------s(377)----s(378)---shhhh9(376)----------------------------------------------------------------------------(300)---------------------------------------------------------s(250)----------------------s(235)-----------------------------------(200)----------------------------------s(172)-----------------------------------------------s(130)s(138)s(146)s(154)s(162)---s(164)-s(169)s(175)-s(180)s(186)s(194)s(201)s(207)s(213)s(221)s(229)s(235)s(241)s(248)s(255)s(262)s(269)-s(274)s(282)-------s(279)--s(285)-----s(286)-s(291)---------s(287)s(294)s(300)-----s(302)--(300)-----s(299)-------------s(291)shhhhhhhhhhhhh10(283)-----------------------------------------------------------------------------------(200)----------------------------------------------------------------------------------------------------(100)--------s(99)s(107)s(115)s(122)s(128)s(136)s(143)s(150)s(158)s(165)---------s(164)----------------------------s(143)s(149)-s(155)---------shhhhhhhhhhhhhhhhhhhhhhhhhhhhhhh11(123)-----------------------(100)-----------------------------------------------------------------------s(35)s(41)s(48)s(55)s(62)s(69)s(76)------s(77)-s(81)s(86)-s(91)----shhhhhhhhhhhhhhhhhhhhhhhhhhhhhhhhhhhhhhhhhhhhhhhhhhhhhhhhhhhhhhhhhhhhhhhhhhhhhhhhhhhhhhhhhhhhhh
product criterion:4392 chain criterion:43238
hilbert series criterion:236
dehomogenization
simplification
imap to ring (ZZ/179424673),(x10,x9,x8,x7,x6,x5,x4,x3,x2,x1),(lp(10),C)
Auf Wiedersehen.
                     SINGULAR                                 /  Development
 A Computer Algebra System for Polynomial Computations       /   version 4.3.2
                                                           0<
 by: W. Decker, G.-M. Greuel, G. Pfister, H. Schoenemann     \   Feb 2023
FB Mathematik der Universitaet, D-67653 Kaiserslautern        \  Debian 1:4.3.2-p10+ds-1.1build1
compute hilbert series with std in ring (ZZ/179424673),(x10,x9,x8,x7,x6,x5,x4,x3,x2,x1,@),(dp(11),C)
weights used for hilbert series: 1,1,1,1,1,1,1,1,1,1,1
[65535:3]2(9)s(8)s3ss(7)s(8)s(10)s(11)s4(14)ss(17)s(19)ss(22)-s(24)s(28)s(31)s(32)s(36)s(42)s(45)s5(48)s(54)s(59)s(64)---s(69)s(74)s(78)s(83)s(85)--s(87)s(90)--s(92)-s(91)s(95)-s(99)s(105)s(108)--s(110)-----6-s(113)s(119)-s(126)-s(127)s(135)---s(138)-s(143)s(147)----s-s(151)--s(154)--ss(160)s(165)s(170)s(176)s(181)s(187)s(194)-s(201)-(200)s(205)s(209)--s(212)-s(216)s(222)s(227)-s(234)s(239)--s(243)---------s(238)-s(243)s(248)s(252)--s(255)-------7--s(256)s(268)s(271)--s(276)s(280)s(285)s(291)s(298)----s(305)-s(309)-s(313)-s(317)s(322)-----s(324)s(329)s(338)-s(343)s(352)-s(361)s(367)s(373)-s(380)s(387)s(395)s(403)s(407)s(414)s(419)s(420)s(427)s(433)s(441)s(448)-s(452)--s(457)s(469)-----------------s(459)-s(464)--s(468)s(471)-s(479)s(488)-s(493)--s(500)s(505)s(510)s(517)s(524)--s(530)s(535)s(541)s(547)s(555)-s(561)s(567)s(573)s(579)s(586)s(592)-s(599)-------s------s(601)-(600)s(606)-----s(608)s(614)s(620)s(627)s(634)s(642)--------s(640)-s(645)--s(650)-s(657)-------------s(651)--s(656)-s(662)---s(665)-s(669)-s(674)s(681)---s(684)-s(690)s(696)-s(701)-(700)-s(706)---s(710)----------(700)s(706)---s(709)s(716)8-------s(717)---s(721)-s(726)---s(729)s(735)s(742)s(748)------------------s(736)--s(741)s(748)s(755)s(761)----------------s(752)--s(756)------s(757)s(765)----s(769)s(777)s(785)-s(792)--------s(791)-s(799)---s(804)s(813)-------------(800)---------s(799)s(806)--s(812)------------(800)---s(803)---(800)--s(806)-s(813)--s(818)--s(824)s(833)-----s(837)---s(841)s(849)s(858)----------------------------------------------------------(800)------------s(796)s(804)--s(809)--s(814)s(823)s(830)s(837)-----s(840)-s(847)-------s(848)s(855)s(863)-------------s(859)-s(866)--s(871)s(879)---------------s(870)---------s(868)s(875)s(883)----------------------s(869)---s(874)-------s(876)--------s---s(881)--s(887)s(896)----------------s(889)-s(896)---------s--------------------------------------------s(861)s(869)s(877)-------s(878)----s(882)s(890)-s(897)---s(902)--(900)-s(906)--s(910)s(917)s(926)s(932)-s(939)--s(945)-s(953)-s(961)------------s(956)-----s(957)-------------s(952)--s(958)----s(962)s(969)-s(977)------------s(974)-----------s(972)--------------------s(959)-s(965)s(974)--------s--s(979)s(987)-s(995)--s(1000)s(1008)s(1014)-s(1020)------s(1022)--s(1028)-----------------------s(1014)--------------(1000)---s(1004)----(1000)s(1006)------(1000)---s(1005)-----(1000)-------s9----s(1005)-----(1000)----------------------------------------------------------------------------------------------------(900)----------------------------------------------------------------------------------------------------(800)----------------------------------------------------------------------------------------------------(700)-------s(701)s(709)---------(700)------------------------------------------------------------------------------------------------s(612)s(620)--------------------(600)--------s(599)----------------------------s(579)s(587)--s(593)--------------------------------------------------------------s(539)-------------------------------------s(510)----------(500)----s(505)-----(500)----------------s(493)-----------------------s(479)---------------------------------------------------s(436)------------------------------------(400)--s(406)s(414)------------s(410)-s(417)----------s(415)---------------(400)----------------------------------------------------s(357)--------------------------------s(334)--------------------s(322)--------s(323)----------s(320)------s(323)------------------s(313)s(321)----s(326)-----------s(324)------------------------(300)---------s(299)s(308)--------(300)-10---------------------------------------------------------------------------------------------------(200)-----------------------------------------------------------s(149)----------------------------s(129)-----------------------s(114)--------------(100)----------s(99)--------------------s(86)s(94)s(101)s(109)---------(100)-s(107)s(116)---------------s(108)-s(114)--------s11--------------(100)-----------------------------------------------------------------------------s(31)-----s(34)----------------s12(27)-----------------s(17)s(25)--------s13-----------------s(16)-------14---------s15(8)--------s16--------
product criterion:1920 chain criterion:48547
std with hilb in (ZZ/179424673),(x10,x9,x8,x7,x6,x5,x4,x3,x2,x1,@),(lp(10),dp(1),C)
[65535:3]2(325)s(324)s3ss(323)s(324)s(326)s(329)-s4(332)s(333)s(335)s(338)s(341)s(345)s(347)s(351)s(356)s(359)s(362)s(368)-s(369)s(373)s(376)s(381)s(387)shhhhhhhhhh5(384)s(391)s(399)s(406)s(415)s(433)s(441)s(450)s(452)-s(460)s(466)s(469)s(474)--s(478)s(485)s(489)s(494)--s(497)s(502)--(500)-s(502)s(508)s(514)s(519)s(525)-s(531)-s(532)s(538)-----s(540)s(546)-s(555)--s(554)------s(555)s(557)--shhhhhhhhhhhhhhhhhhh6(540)s(550)s(557)s(564)s(573)-----s(576)--s(589)--s(595)-----s(596)s(601)s(608)-s(613)--s(614)s(620)-s(625)----s(628)-s(641)s(646)---s(648)s(654)--s(658)---s(662)-s(667)------s(668)s(673)---s(674)s(678)-s(682)------s(681)s(686)s(692)--s(695)-s(702)--(700)-s(704)-s(709)--s(712)s(720)-s(726)-------s(728)-s(734)---------s(732)s(736)---s(740)s(751)--s(752)-----------s(745)-----s(748)--s(751)s(759)---s(761)-------s(763)----shhhhhhhhhhhhhhhhhhhhhhhhhhhhhhhhhh7(728)-s(736)-s(743)-s(751)s(761)-s(770)s(778)---s(784)---s(789)s(798)s(807)s(815)-s(822)-----s(826)s(834)s(842)-s(850)s(857)-s(863)---s(868)---s(873)s(881)s(888)-s(895)-s(900)--s(904)s(910)-s(914)-s(920)s(923)s(933)--s(937)s(943)-----s(944)s(951)s(958)s(964)-s(970)s(976)-s(981)s(986)---s(990)s(996)--s(1002)-s(1008)s(1015)s(1021)-s(1027)-s(1030)-s(1036)s(1044)s(1050)---------s(1045)-s(1050)s(1057)--s(1062)s(1066)--s(1072)s(1079)s(1086)s(1093)-s(1099)-----s(1102)s(1110)s(1117)-s(1124)s(1130)---s(1134)-s(1139)-s(1146)--s(1151)---s(1155)---s(1159)----s(1163)s(1171)s(1176)----s(1177)s(1186)-s(1193)--------s(1189)----s(1191)--s(1194)--s(1195)-s(1200)s(1207)-s(1213)-s(1220)---s(1221)--s(1224)--s(1227)-s(1232)s(1239)s(1243)------s(1245)--s(1248)-------s(1246)s(1253)--s(1256)s(1261)-s(1267)---s(1272)--s(1277)--s(1283)s(1291)s(1299)-s(1306)s(1313)----s(1317)-s(1324)-s(1331)s(1337)------------s(1333)--s(1336)-s(1340)-s(1345)s(1350)---s(1353)-s(1359)---s(1361)---s(1365)--s(1369)---s(1375)----------s(1372)------s(1370)----s(1371)s(1376)s(1381)---s(1383)-------s--------s(1379)s(1382)-s(1387)-s(1390)----------shhhhhhhhhhhhhhhhhhhhhhhhhhhhhhhhhhhhhhhhhhhhhhhhhhhhhhhhhhhhhhhhhhhhhhhhhhhhhhhhhhhhhhhhh8(1298)----------------------s(1284)--------s(1283)-s(1290)s(1298)--s(1304)----(1300)-----s(1304)s(1312)s(1320)----------------s(1313)----s(1317)-s(1325)--s(1331)s(1339)----------s(1338)---s(1343)------s(1346)---s(1352)---s(1358)--s(1363)-s(1370)---s(1376)-s(1383)---s(1389)----s(1393)s(1401)-(1400)-s(1407)s(1416)s(1424)---------------s(1417)----------s(1415)s(1424)-s(1432)-----s(1435)--s(1442)--s(1449)-s(1456)s(1463)s(1470)s(1479)----s(1484)s(1492)--------------s(1486)s(1493)s(1502)-s(1510)-s(1518)s(1526)-s(1534)---------------------s(1522)---s(1528)---s(1533)s(1542)s(1551)--s(1558)-----------s(1556)s(1565)--s(1572)---s(1578)----------------s(1570)-s(1578)--s(1583)s(1591)s(1599)s(1607)-------(1600)--------------------s(1585)----s(1587)------------s(1581)s(1590)----s(1594)--s(1601)s(1610)-s(1617)-s(1625)----------------s(1616)----------s(1614)-s(1621)s(1628)s(1635)s(1642)s(1648)-s(1654)s(1660)----s(1665)-s(1671)--s(1677)-s(1683)--s(1689)s(1697)-s(1703)-s(1708)-s(1716)s(1722)s(1729)-s(1736)-s(1743)s(1750)-s(1755)s(1761)-s(1768)-s(1775)---s(1780)s(1788)-s(1792)-s(1799)---s(1803)---(1800)-----s(1803)---(1800)-----------------------s(1784)----------s(1783)-----s(1786)-s(1794)------s(1796)-----s(1799)---------s--s(1805)----s(1810)---------s(1807)----s(1812)------------(1800)-----s(1802)--(1800)---s(1804)--s(1811)----s(1816)s(1823)s(1832)s(1841)----------s(1835)----s(1839)----------s(1838)------s(1839)-s(1845)--s(1851)---s(1856)-s(1863)--s(1870)s(1878)s(1886)---s(1889)----------s(1887)s(1895)s(1903)---(1900)s(1908)-----s(1912)--s(1916)s(1921)s(1926)-s(1933)---s(1936)s(1941)s(1950)s(1955)s(1962)-s(1966)-s(1971)s(1978)s(1984)-s(1990)s(1997)---s(2000)s(2006)------(2000)-s(2006)-s(2013)-s(2019)-----s(2022)-----s(2023)s(2028)----------s(2027)-s(2030)------s(2032)------------s(2029)---s(2033)s(2038)s(2044)------s-----s---s(2049)s(2056)s(2065)s(2072)-s(2078)s(2083)s(2088)-s(2095)s(2101)-(2100)s(2106)------(2100)---s(2104)----(2100)------------------s(2088)---------------------s(2075)s(2084)-s(2090)s(2096)-s(2102)--(2100)s(2107)-s(2112)-s(2119)---s(2124)s(2132)s(2139)s(2148)-----s(2151)s(2158)-s(2163)s(2170)-------s(2169)--s(2175)s(2182)s(2186)-s(2192)---s(2197)s(2203)-s(2206)s(2210)s(2216)s(2224)s(2229)s(2236)s(2242)---s(2246)s(2252)s(2259)----s(2262)s(2268)s(2276)s(2283)---s(2285)---------------------------------------------------s(2239)-----s(2241)s(2250)-s(2256)s(2264)s(2273)s(2281)----------s(2276)-----s(2278)--s(2281)s(2289)s(2296)----s(2297)---------s(2294)----s(2296)s(2303)-s(2310)-s(2317)s(2323)--s(2328)----------s(2324)----------------s(2315)s(2322)----s(2324)--------s(2322)s(2328)s(2333)s(2339)-------------s(2331)---s(2333)---shhhhhhhhhhhhhhhhhhhhhhhhhhhhhhhhhhhhhhhhhhhhhhhhhhhhhhhhhhhhhhhhhhhhhhhhhhhhhhhhhhhhhhhhhhhhhhhhhhhhhhhhhhhhhhhhhh9(2222)----------------------(2200)----------------------------------------------------------------------------------------------------(2100)-s(2108)--------(2100)----------------------------------------------------------------------------------------------------(2000)----------------------------------------------------------------------------------------------------(1900)------------s(1896)----------------------------------------------------------s(1845)---------------------------------------------(1800)---s(1805)-----(1800)------s(1803)---(1800)------s(1803)---(1800)-----------------------------------s(1774)--s(1780)s(1789)-----------s(1786)--s(1792)--------------s(1787)----------s(1785)s(1792)s(1801)-(1800)-----------------------------------------------------------------------------------s(1725)--------s(1724)s(1733)---------------------------------(1700)--------s(1701)s(1710)----s(1714)s(1723)-----------------------(1700)------s(1702)--(1700)-------ss(1708)s(1715)---------------(1700)----------------s(1691)----------------------s(1678)-s(1685)s(1694)----s(1698)----------------------s(1684)---------s(1683)-s(1691)s(1700)------------------------------------------------------------------------------s(1630)-------s(1631)------s(1634)--------s--s(1640)----s(1644)s(1653)----------------------s(1638)-----s(1641)----s(1644)--s(1650)----------s(1648)----s(1652)------s(1654)----------------s(1647)--------s---s(1650)s(1659)s(1665)s(1674)-s(1680)--------------------------------------------------------------------------------(1600)--------------------s(1586)------------------------s(1569)---------------------------------------------------------------------(1500)-------------------------------------------s(1464)s(1471)------s(1474)s(1482)-------------------------s(1462)---s(1466)s(1470)-s(1478)--s(1485)--------s(1486)-----s(1488)-s(1495)--s(1501)-(1500)s(1509)s(1517)---s(1523)---s(1528)-s(1535)s(1544)--------s(1542)s(1550)-------------s(1543)----s(1547)-s(1551)------------s(1546)----------------------s(1531)-----s(1533)----------------------------s(1514)s(1523)-s(1530)------s(1533)-----s(1535)-----------------s(1526)s(1533)s(1538)--------------------------s(1519)----------s(1517)s(1525)-s(1532)s(1540)-s(1548)s(1557)---s(1558)--s(1561)----s(1563)-------s(1565)---s(1569)-----s(1570)-----s(1571)-----------------------------------------------------------------------(1500)---------------------------s(1482)--------------s(1477)s(1485)-s(1492)-----s(1493)-------s(1494)-----s(1496)---s(1500)--s(1505)s(1514)-s(1522)s(1530)s(1538)-s(1546)s(1555)-s(1563)s(1571)-s(1578)----s(1579)s(1584)s(1592)-----s(1594)s(1601)-(1600)s(1605)-----(1600)----s(1605)-s(1612)---s(1617)----s(1622)-s(1629)------s(1630)-------s(1629)--------s-s(1633)---s(1639)-s(1647)s(1656)s(1665)s(1673)s(1679)s(1685)s(1693)----s(1695)s(1702)s(1710)s(1719)s(1727)s(1733)s(1740)s(1746)------------s(1741)-----------------------------------------(1700)------------------------------------------------------------------s(1640)------s---s(1646)--s(1652)--s(1654)------s(1657)--s(1662)---s(1667)--s(1674)---------------s(1665)-s(1669)------------------s(1657)-s(1664)--s(1667)----s(1669)s(1678)---------s(1676)s(1685)-s(1691)--s(1695)s(1703)---(1700)s(1704)s(1710)----s(1711)s(1716)s(1722)------s(1721)--------s-------------s(1715)------------s(1710)s(1716)s(1722)--s(1724)-------------s(1718)-s(1724)-----s(1725)---------------------s(1710)s(1716)shhhhhhhhhhhhhhhhhhhhhhhhhhhhhhhhhhh10(1687)-----------------------------------------s(1653)-----------------------------------------------------(1600)----------------------------------------------------------------------------------------------------(1500)----------------------------------------------------------------------------------------------------(1400)----------------------------------------------------------------------------------------------------(1300)------------s(1296)------------------------------------------------s(1256)-----------------------------s(1236)------------------------------------(1200)--------------------------s(1182)-----------------------------------------------s(1143)--------------------s(1131)---------s(1128)------------------------s(1112)------------(1100)---------s---------------------------------s(1076)--s(1082)---------------------------------------------------------s(1033)----------s(1030)s(1039)------------------s(1026)--s(1033)-------ss(1042)------------------------------------------(1000)------------------------------------------------------------------------------------------------s(913)------s(915)---------------(900)---s(906)------(900)----------------s(893)-------------s(889)----------------------s(875)-----------s(872)----s(877)-------s(876)-----------s(874)-s(879)s(887)--s(892)--s(898)---------------------------s(879)---------------------------s(861)----------s(860)---------s(858)-----------s(854)--s(861)--------------------s(849)---s(855)------------s(849)---s(852)---------------s(844)---s(847)-------s(849)-------------------------------------------------(800)----s(805)s(814)-s(821)-----s(825)-s(833)----------s(832)s(841)--s(847)s(856)s(863)------s-s(870)s(878)s(887)s(896)s(905)s(910)--s(917)----s(920)-s(926)s(935)s(942)s(950)s(958)s(966)--s(971)s(977)s(986)s(995)s(1002)s(1010)s(1019)-s(1025)---s(1031)-s(1038)-s(1043)s(1050)s(1058)-s(1066)s(1075)s(1080)-s(1088)s(1095)s(1102)s(1109)s(1118)s(1126)s(1133)s(1141)s(1150)s(1158)s(1166)s(1174)s(1181)s(1188)s(1196)s(1204)-s(1211)-s(1216)-s(1222)-s(1230)s(1239)---------------------------------------(1200)-----------------------s(1184)s(1192)---s(1198)----s(1203)s(1211)----s(1212)--s(1218)--s(1225)------------------------s(1208)------s(1209)---------(1200)--s(1206)s(1212)s(1218)----------s(1217)s(1226)-s(1233)--------------------s(1219)-------------------(1200)-----------------s(1189)s(1195)s(1202)s(1209)s(1215)-s(1221)s(1227)---------------------------(1200)-------------s(1194)-shhhhhhhhhhhhh11(1186)--------------------------------------------------------------------------------------(1100)----------------------------------------------------------------------------------------------------(1000)---------------------------------------------------------------------------------------------------s(909)---------(900)----------------------------------------------------------------------------------------------------(800)----s(804)----(800)-------------------------------------------------s(757)------------------------------s(736)-----------------s(727)-----------s(724)----------------s(717)-----------------(700)--------s(699)---------------------------------------------------------------------------------------------------(600)---------------------------------------------------------------------------------------------------s(510)--s(515)---------------(500)-----------s(498)--------------------------------s(474)s(483)-------------s(479)-----s(481)--s(487)-----s(489)s(498)-s(505)-s(513)-s(520)s(529)s(538)s(546)s(554)-s(562)s(571)s(580)s(589)--------s(588)s(596)--------s(595)-----------s(591)s(600)s(609)s(617)s(625)s(634)s(643)s(651)s(660)s(669)s(678)s(687)-s(695)s(704)s(712)s(719)s(726)s(734)s(742)s(749)s(756)s(764)s(772)s(780)s(789)s(798)s(806)s(814)s(821)s(829)s(838)s(846)s(854)s(862)-------s-------------s(857)--s(862)--s(869)s(878)s(887)----------------------s(874)-s(882)s(891)--------s--------s----s(896)--------s(895)s(903)---(900)---s(906)------(900)-s(907)-------(900)-----s(903)s(910)---------s----------(900)--------------------------s(881)------------------------s(863)-s(868)-----------shhhhhhhhhhhhhhhhhhhhhhhhhhhhhhhhhhhhhhhhhhhhhh12(816)----------------(800)----------------------------------------------------------------------------------------------------(700)----------------------------------------------------------------------------------------------------(600)--------------------------s(582)----------------------------------------------------------------------------------(500)----------------------------------------------------------------------------------------------------(400)-----------------s(391)----------------s(382)----------s(379)---------------------------------------------------------s(331)-------------------------------(300)-----s(304)----(300)------s(301)s(309)---------(300)---s(306)--s(313)s(321)-s(329)s(337)--------------------------s(318)s(325)---s(329)s(337)s(346)s(353)-s(359)s(368)s(377)s(386)s(395)s(404)s(413)s(422)s(431)s(440)s(448)-----s(450)-s(457)s(465)s(474)s(481)s(487)s(496)-s(504)s(513)s(522)s(531)s(539)s(547)s(555)s(563)s(572)s(580)s(588)s(596)-------------------s(586)--s(591)s(599)-s(606)-----s(610)-s(618)s(627)-------s(629)---------s(628)--s(634)--s(639)------------------------s(623)-----s(627)-----s(630)s(637)----------------s(629)--------shhhhhhhhhhhhhhhhhhhh13(609)---------(600)----------------------------------------------------------------------------------------------------(500)----------------------------------------------------------------------------------------------------(400)----------------------------------------------------------------------------------------------------(300)-------------------------------------------------------------------------------------------s(217)s(223)s(230)-----------------s(221)s(229)-------------------s(217)-s(224)-s(232)s(241)s(250)-----s(251)--------------s(244)-s(252)----s(257)-s(265)s(272)-------ss(280)-s(288)s(297)s(305)-s(313)s(321)s(329)s(337)s(346)s(354)s(363)s(371)s(379)s(386)s(394)s(402)s(410)s(418)----s(421)--s(427)--------------------s(415)-------s(416)s(425)--s(430)-s(437)--s(442)------------------s(433)s(441)-------s(442)s(450)-----------------s(439)----shhh14(438)--------------------------------------(400)----------------------------------------------------------------------------------------------------(300)----------------------------------------------------------------------------------------------------(200)---------------------------------------------------------------------------s(132)-----------------s(122)-Killed
