
      +++  sector:  {1, 1, 1, 1, 0}  (1/1)  +++ 
                     SINGULAR                                 /  Development
 A Computer Algebra System for Polynomial Computations       /   version 4.3.2
                                                           0<
 by: W. Decker, G.-M. Greuel, G. Pfister, H. Schoenemann     \   Feb 2023
FB Mathematik der Universitaet, D-67653 Kaiserslautern        \  Debian 1:4.3.2-p10+ds-1.1build1
compute hilbert series with std in ring (ZZ/179424673),(x10,x9,x8,x7,x6,x5,x4,x3,x2,x1,@),(dp(11),C)
weights used for hilbert series: 1,1,1,1,1,1,1,1,1,1,1
[65535:3]2(9)s(8)s(7)s(6)s(5)s(4)s(5)s(6)s(8)s(11)s3(15)s(19)s(24)s(30)s(37)s(39)s(47)s(50)s(53)s(57)s(60)s(65)s(68)s(72)s(77)s(80)s4(84)s(88)-s(93)-s(97)s(104)---s(106)-s(111)s(118)s(125)s(131)-----s(132)s(139)--s(144)s(151)s(159)s(166)------------s(160)-s(165)-s(172)--s(177)s(186)s(194)s(203)---(200)--------s---------------------s5(183)s(190)s(197)s(205)-s(212)-s(219)s(227)s(236)s(245)--s(252)---s(257)-------------------------------------s(228)----------------------------(200)------s(203)-s(210)s(218)-s(225)-------------------------(200)-------s(202)--(200)-----------------------------------------------------6-s(155)-s(162)--s(169)-s(176)----------------------------------------------------------------------------(100)--------------------------------------------------------------7--s(44)---s(49)-------------------------------8------------------
product criterion:514 chain criterion:1554
std with hilb in (ZZ/179424673),(x10,x9,x8,x7,x6,x5,x4,x3,x2,x1,@),(lp(10),dp(1),C)
[65535:3]2(71)s(70)ss(69)s(70)s(69)s(71)s(70)s(72)s(76)s3(77)s(81)s(86)s(89)s(95)s(99)s(102)s(109)s(111)s(115)s(118)s(126)s(129)s(134)s(138)s(141)shhhhhhhhhhhhhhhh4(130)s(135)s(141)s(146)s(153)s(159)s(165)s(174)s(181)s(189)s(196)s(204)s(213)s(220)-s(224)-s(229)s(235)--s(239)-s(245)------s(246)--------s(245)--------------s(238)-s(246)s(255)---------------------------shhhhhhhhhhhhhhhhhhhhhhhh5(208)s(217)s(225)s(234)s(240)-s(246)s(254)s(261)s(270)s(278)s(285)--s(291)----s(295)-------------s(291)--s(297)s(306)------(300)--------------------------------------s(270)s(278)---------------------------s(260)------------------------------------------------------------(200)--------------shhhhhhhhhhhhhhhhh6(178)s(185)s(193)s(202)s(210)s(219)-s(226)shhhhhhhhhhhhhhhhhhhhhhhhhhhhhhhhhhhhhhhhhhhhhhhhhhhhhhhhhhhhhhhhhhhhhhhhhhhhhhhhhhhhhhhhhhhhhhhhhhhhhhhhhhhhhhhhhhhhhhhhhhhhhhhhhhhhhhhhhhhhhhhhhhhhhhhhhhhhhhhhhhhhhhhhh7(65)s(73)shhhhhhhhhhhhhhhhhhhhhhhhhhhhhhhhhhhhhhhhhhhhhhhhhhhhhhhhhhhhhhhh8(18)shhhhhhhhhhhhhhhhhh9(9)shhhhhhhhh10shhhhhhhhhhhhhhhhhh
product criterion:592 chain criterion:2075
hilbert series criterion:335
dehomogenization
simplification
imap to ring (ZZ/179424673),(x10,x9,x8,x7,x6,x5,x4,x3,x2,x1),(lp(10),C)
Auf Wiedersehen.
                     SINGULAR                                 /  Development
 A Computer Algebra System for Polynomial Computations       /   version 4.3.2
                                                           0<
 by: W. Decker, G.-M. Greuel, G. Pfister, H. Schoenemann     \   Feb 2023
FB Mathematik der Universitaet, D-67653 Kaiserslautern        \  Debian 1:4.3.2-p10+ds-1.1build1
// ** loaded /usr/bin/../share/singular/LIB/primdec.lib (4.3.2.9,Oct_2023)
// ** loaded /usr/bin/../share/singular/LIB/ring.lib (4.3.1.3,Feb_2023)
// ** loaded /usr/bin/../share/singular/LIB/absfact.lib (4.1.2.0,Feb_2019)
// ** loaded /usr/bin/../share/singular/LIB/triang.lib (4.1.2.0,Feb_2019)
// ** loaded /usr/bin/../share/singular/LIB/matrix.lib (4.3.2.3,Aug_2023)
// ** loaded /usr/bin/../share/singular/LIB/nctools.lib (4.1.2.0,Feb_2019)
// ** loaded /usr/bin/../share/singular/LIB/inout.lib (4.1.2.0,Feb_2019)
// ** loaded /usr/bin/../share/singular/LIB/random.lib (4.1.2.0,Feb_2019)
// ** loaded /usr/bin/../share/singular/LIB/polylib.lib (4.2.0.0,Dec_2020)
// ** loaded /usr/bin/../share/singular/LIB/elim.lib (4.3.2.5,Jul_2023)
// ** loaded /usr/bin/../share/singular/LIB/general.lib (4.1.2.0,Feb_2019)
map with cache
map with cache
map with cache
map with cache
map with cache
map with cache
map with cache
map with cache
map with cache
std in (ZZ/179424673),(x10,x9,x8,x7,x6,x5,x4,x3,x2,x1),(dp(10),C)
[65535:4]1(9)s(8)s(7)s(6)s(5)s(4)s(3)s(2)ss5s
(S:9)---------
product criterion:45 chain criterion:0
[65535:3]1(9)s(8)s(7)s(6)s(5)s(4)s(3)s(2)ss5s
(S:9)---------
product criterion:45 chain criterion:0
map is a permutation
[65535:4]1(10)s(9)s(8)s(7)s(6)s(5)s(4)s(3)s(2)ss2s
(S:10)----------
product criterion:55 chain criterion:0
[65535:3]1(9)s(8)s(7)s(6)s(5)s(4)s(3)s(2)ss2s
(S:9)---------
product criterion:45 chain criterion:0
{1}[65535:5]1(9)s(8)s(7)s(6)s(5)s(4)s(3)s(2)ss2s3(8)--------
(S:10)-----------
product criterion:0 chain criterion:0
(S:10)rrrrrrrrrr
[65535:3]1(9)s(8)s(7)s(6)s(5)s(4)s(3)s(2)ss2s
(S:9)---------
product criterion:45 chain criterion:0
map is a permutation
intersect by elimination method
[65535:5]1(10)s2(9)s(8)s(7)s(6)s(5)s(4)s(3)s(2)ss3s
(S:10)----------
product criterion:55 chain criterion:0
map is a permutation
[65535:4]1(10)s(9)s(8)s(7)s(6)s(5)s(4)s(3)s(2)s2s.4
(S:0)
product criterion:45 chain criterion:0
map is a permutation
[65535:4]1(10)s(9)s(8)s(7)s(6)s(5)s(4)s(3)s(2)s2s.4
(S:0)
product criterion:45 chain criterion:0
map is a permutation
[65535:4]1(10)s(9)s(8)s(7)s(6)s(5)s(4)s(3)s(2)s2s.4
(S:0)
product criterion:45 chain criterion:0
map is a permutation
[65535:4]1(10)s(9)s(8)s(7)s(6)s(5)s(4)s(3)s(2)s2s.4
(S:0)
product criterion:45 chain criterion:0
map is a permutation
[65535:4]1(10)s(9)s(8)s(7)s(6)s(5)s(4)s(3)s(2)s2s.4
(S:0)
product criterion:45 chain criterion:0
map is a permutation
[65535:4]1(10)s(9)s(8)s(7)s(6)s(5)s(4)s(3)s(2)s2s.4
(S:0)
product criterion:45 chain criterion:0
map is a permutation
[65535:4]1(10)s(9)s(8)s(7)s(6)s(5)s(4)s(3)s(2)s2s.4
(S:0)
product criterion:45 chain criterion:0
map is a permutation
[65535:4]1(10)s(9)s(8)s(7)s(6)s(5)s(4)s(3)s(2)s2s.4
(S:0)
product criterion:45 chain criterion:0
map is a permutation
[65535:4]1(10)s(9)s(8)s(7)s(6)s(5)s(4)s(3)s(2)s2s.4
(S:0)
product criterion:45 chain criterion:0
map is a permutation
[65535:4]1(10)s(9)s(8)s(7)s(6)s(5)s(4)s(3)s(2)s2s3s
(S:0)
product criterion:55 chain criterion:0
[65535:3]1(9)s(8)s(7)s(6)s(5)s(4)s(3)s(2)ss2s
(S:9)---------
product criterion:45 chain criterion:0
map is a permutation
[65535:4]1(10)s(9)s(8)s(7)s(6)s(5)s(4)s(3)s(2)ss3s
(S:10)----------
product criterion:55 chain criterion:0
[65535:3]1(9)s(8)s(7)s(6)s(5)s(4)s(3)s(2)ss3s
(S:9)---------
product criterion:45 chain criterion:0
{1}[65535:5]1(9)s(8)s(7)s(6)s(5)s(4)s(3)s(2)ss3s4(8)--------
(S:10)-----------
product criterion:0 chain criterion:0
(S:10)rrrrrrrrrr
[65535:3]1(9)s(8)s(7)s(6)s(5)s(4)s(3)s(2)ss3s
(S:9)---------
product criterion:45 chain criterion:0
map is a permutation
intersect by elimination method
[65535:5]1(10)s2(9)s(8)s(7)s(6)s(5)s(4)s(3)s(2)ss4s
(S:10)----------
product criterion:55 chain criterion:0
map is a permutation
[65535:4]1(10)s(9)s(8)s(7)s(6)s(5)s(4)s(3)s(2)s2s3.5
(S:0)
product criterion:45 chain criterion:0
map is a permutation
[65535:4]1(10)s(9)s(8)s(7)s(6)s(5)s(4)s(3)s(2)s2s3.5
(S:0)
product criterion:45 chain criterion:0
map is a permutation
[65535:4]1(10)s(9)s(8)s(7)s(6)s(5)s(4)s(3)s(2)s2s3.5
(S:0)
product criterion:45 chain criterion:0
map is a permutation
[65535:4]1(10)s(9)s(8)s(7)s(6)s(5)s(4)s(3)s(2)s2s3.5
(S:0)
product criterion:45 chain criterion:0
map is a permutation
[65535:4]1(10)s(9)s(8)s(7)s(6)s(5)s(4)s(3)s(2)s2s3.5
(S:0)
product criterion:45 chain criterion:0
map is a permutation
[65535:4]1(10)s(9)s(8)s(7)s(6)s(5)s(4)s(3)s(2)s2s3.5
(S:0)
product criterion:45 chain criterion:0
map is a permutation
[65535:4]1(10)s(9)s(8)s(7)s(6)s(5)s(4)s(3)s(2)s2s3.5
(S:0)
product criterion:45 chain criterion:0
map is a permutation
[65535:4]1(10)s(9)s(8)s(7)s(6)s(5)s(4)s(3)s(2)s2s3.5
(S:0)
product criterion:45 chain criterion:0
map is a permutation
[65535:4]1(10)s(9)s(8)s(7)s(6)s(5)s(4)s(3)s(2)s2s3.5
(S:0)
product criterion:45 chain criterion:0
map is a permutation
[65535:4]1(10)s(9)s(8)s(7)s(6)s(5)s(4)s(3)s(2)s3s4s
(S:0)
product criterion:55 chain criterion:0
[65535:3]1(9)s(8)s(7)s(6)s(5)s(4)s(3)s(2)ss3s
(S:9)---------
product criterion:45 chain criterion:0
// ** _ is no standard basis
// ** _ is no standard basis
Auf Wiedersehen.
                     SINGULAR                                 /  Development
 A Computer Algebra System for Polynomial Computations       /   version 4.3.2
                                                           0<
 by: W. Decker, G.-M. Greuel, G. Pfister, H. Schoenemann     \   Feb 2023
FB Mathematik der Universitaet, D-67653 Kaiserslautern        \  Debian 1:4.3.2-p10+ds-1.1build1
compute hilbert series with std in ring (ZZ/179424673),(x10,x9,x8,x7,x6,x5,x4,x3,x2,x1,@),(dp(11),C)
weights used for hilbert series: 1,1,1,1,1,1,1,1,1,1,1
[65535:3]2(9)s(8)s3(7)sss(8)s(10)s4(11)s(12)s(17)s(19)s(21)s(24)s(27)s(31)s(34)s(37)s(42)s5(49)-s(55)s(60)s(62)s(66)s(71)s(75)-s(79)-s(84)s(88)-s(91)------s6(96)s(102)-s(112)s(120)s(130)s(135)s(138)s(142)s(149)s(155)s(163)s(169)s(177)s(185)-s(189)-s(193)s(198)s(203)s(208)--s(212)-s(215)--------ss(220)s(228)s(229)s(236)s(240)s(245)-s(250)-------7-ss(261)s(271)--s(275)s(279)s(286)s(293)-------------s(285)s(295)s(302)s(310)s(313)s(320)--s(325)s(329)s(334)s(342)s(348)s(355)s(360)s(368)s(373)s(380)s(387)--s(392)s(399)-s(405)s(412)s(419)--s(423)-s(429)s(435)s(440)s(445)s(451)-s(456)s(462)s(469)s(476)--s(480)--s(483)-s(488)s(495)s(502)s(509)s(516)s(523)s(530)s(537)s(544)s(551)s(557)s(564)-----s(566)----------s(561)-------s(559)s(566)-----------------s(557)s(563)s(570)s(578)s(583)--s(589)-s(596)s(604)s(611)--s(615)s(622)-----s(624)s(631)-----------s(625)s(630)s(636)-s(640)s(645)s8(651)s(671)-s(676)--s(695)s(704)-s(710)s(715)s(720)s(723)---s(726)--------s(723)s(728)s(734)-s(740)s(746)s(750)s(757)s(765)s(772)s(776)s(782)s(788)s(796)-s(803)-s(809)-s(811)s(815)s(818)---------------s(806)----s(810)--s(816)--s(822)s(830)s(834)s(839)-s(846)-s(853)s(861)------s(862)s(870)s(877)s(885)----s(889)s(895)s(902)s(908)s(916)-s(922)s(930)s(937)s(944)s(950)s(957)---------------------------------s(932)s(938)s(945)--s(950)s(956)s(963)s(971)s(979)s(984)s(989)s(997)s(1003)s(1010)s(1017)s(1023)-s(1030)s(1037)s(1044)-s(1051)s(1059)s(1067)s(1075)s(1082)s(1091)s(1098)-s(1103)-s(1110)-s(1115)-s(1120)s(1126)-----s(1130)--s(1135)---s(1139)--s(1143)s(1150)s(1157)-s(1163)-s(1169)s(1175)-s(1180)-----s(1181)s(1189)----------s(1186)----------------------------s(1164)----s(1166)s(1171)---------------------s(1157)s(1164)s(1170)s(1176)-----------------------------s(1154)s(1161)s(1168)-s(1176)s(1184)-s(1191)s(1197)s(1204)s(1211)s(1218)s(1226)-s(1232)--s(1237)------------------s(1226)s(1233)s(1240)s(1247)--s(1250)s(1256)s(1263)s(1270)s(1275)s(1281)s(1287)------s(1288)-s(1293)--s(1297)s(1304)s(1309)--s(1312)--s(1316)s(1322)s(1328)------ss(1335)-----------------------------------(1300)-------ss(1307)s(1314)-s(1320)-s(1326)s(1334)s(1342)s(1350)s(1357)s(1364)-s(1370)s(1377)s(1384)s(1390)----s(1394)s(1402)-s(1409)---------(1400)----------------s(1391)s(1399)s(1405)-s(1411)s(1416)-s(1420)s(1426)s(1433)s(1440)------s(1439)---s(1444)-s(1450)s(1458)--------------9--------s(1444)-s(1452)--s(1458)s(1467)s(1471)----s(1475)---s(1479)-------ss(1487)s(1495)-s(1500)s(1508)s(1510)s(1517)---s(1522)s(1529)s(1536)--s(1540)s(1548)s(1555)s(1562)-s(1569)--------------s(1560)-s(1564)--s(1570)----------s(1565)----------------s(1557)-s(1564)s(1572)--s(1578)s(1587)--s(1591)--s(1596)s(1604)--s(1609)s(1615)s(1623)s(1632)s(1640)s(1649)-s(1655)s(1662)s(1670)s(1678)s(1685)s(1694)-s(1701)s(1708)s(1715)s(1723)--s(1728)s(1736)--s(1741)-s(1749)s(1755)s(1762)s(1769)s(1776)s(1784)s(1791)s(1799)s(1805)---s(1811)-s(1819)--s(1821)s(1828)s(1833)s(1842)--s(1849)------s(1848)-----------------------s(1834)------s(1837)s(1845)-s(1851)s(1858)s(1863)s(1870)s(1878)s(1885)---s(1890)s(1899)--------------------s(1885)-s(1890)s(1897)s(1904)s(1910)-s(1914)s(1922)s(1931)s(1937)s(1944)s(1950)s(1956)s(1962)s(1967)s(1975)s(1982)s(1990)s(1996)-s(2001)s(2007)s(2015)s(2022)s(2030)s(2035)s(2042)-s(2048)s(2056)-------s(2055)--s(2060)--s(2065)--s(2070)----s(2073)---s(2077)s(2082)-s(2087)s(2092)s(2099)s(2106)s(2114)-------------s(2109)s(2113)s(2122)-----s(2123)-------------s(2118)s(2126)s(2135)-----------s(2132)-----s(2136)s(2145)s(2152)-------------s(2147)s(2156)s(2165)s(2173)s(2182)s(2191)-s(2198)s(2207)-s(2215)s(2224)s(2232)s(2241)s(2249)s(2257)s(2266)-s(2272)--s(2278)s(2286)s(2292)-s(2299)s(2306)s(2313)s(2319)s(2326)s(2333)s(2342)s(2351)s(2358)s(2365)s(2374)s(2382)s(2388)s(2396)s(2403)s(2410)s(2418)s(2425)s(2433)s(2442)-s(2450)s(2457)s(2464)----s(2467)s(2473)------------s(2468)s(2475)-s(2481)-s(2487)s(2496)-s(2502)s(2509)s(2516)s(2524)s(2532)s(2540)---s(2544)------s(2547)s(2555)s(2563)s(2571)s(2578)s(2587)s(2595)s(2604)-s(2612)---s(2616)---s(2620)s(2627)---s(2631)s(2640)s(2648)s(2655)s(2663)s(2671)s(2680)s(2686)s(2692)---s(2696)s(2703)s(2711)s(2720)s(2727)s(2734)s(2741)s(2749)s(2758)s(2764)s(2773)s(2780)s(2788)s(2794)---s(2799)-s(2805)s(2812)-s(2820)s(2828)----s(2831)--s(2838)s(2846)s(2855)-s(2863)s(2870)s(2878)s(2886)s(2892)---s(2897)-s(2904)s(2911)s(2920)--s(2926)s(2933)s(2942)--s(2949)s(2955)-s(2963)-s(2970)s(2979)-s(2987)-------s(2989)--s(2993)-s(3000)s(3007)-------(3000)--------------s(2993)------s(2996)---s(3001)-(3000)----s(3005)-----(3000)--s(3006)----s(3011)----s(3015)s(3023)-----------------------(3000)--s(3006)-s(3012)s(3019)-------------------(3000)----s(3003)s(3010)---------s(3009)s(3017)---------s(3015)---------------(3000)--s(3005)s(3014)------s(3015)---------s(3014)-----s(3016)---s(3021)----s(3026)---------s(3025)-----s(3028)---s(3031)--------s-----s(3035)---s(3040)--s(3047)-s(3054)s(3063)s(3072)-s(3080)-s(3088)-s(3096)s(3104)-s(3111)s(3119)--s(3124)--s(3131)-s(3138)s(3147)-s(3154)--s(3160)-s(3167)----s(3171)-----s(3173)----s(3177)s(3185)-s(3193)--s(3197)s(3205)-----(3200)----------s(3197)---s(3202)-s(3209)-s(3217)-----s(3219)s(3226)-s(3233)-s(3239)s(3246)s(3253)s(3260)s(3267)-s(3275)----s(3280)s(3288)--s(3294)--s(3301)-(3300)-----------------------s(3286)-s(3292)-----s(3295)------ss(3302)s(3310)----------(3300)--------s(3301)-(3300)s(3308)-----s(3312)--s(3318)s(3326)s(3334)s(3342)s(3348)s(3354)-------s------s(3355)s(3364)s(3371)s(3379)-----------s(3375)---------------------------------------------------------------s(3319)s(3326)--s(3333)-s(3338)----------s(3337)-s(3345)---s(3351)s(3359)--s(3366)s(3375)s(3383)----s(3388)s(3396)s(3404)s(3412)s(3420)-s(3425)-s(3433)s(3442)s(3449)s(3456)-s(3462)--s(3466)s(3473)-----s(3477)s(3485)---s(3489)---s(3495)-s(3503)-s(3510)--s(3514)-----s(3515)-------ss(3521)----s(3523)s(3530)-s(3538)----------------------------------s(3511)--s(3516)s(3523)-s(3531)---------s--------------s(3524)------------------------(3500)-------------s(3495)--------------s(3487)----s(3489)s(3495)s(3501)-(3500)----------------s(3491)-s(3497)-s(3503)s(3509)---------(3500)--------10--------------s(3488)--s(3492)-------------s(3486)----s(3489)s(3494)----------------------s(3479)s(3486)-----------s(3484)--s(3488)-----------------------------------s(3460)s(3466)--------s------s(3467)-s(3473)-s(3479)---------------------------------------------s(3442)------------s(3437)-s(3443)s(3451)--------s--------------s(3444)--s(3450)--------s(3451)------s(3454)---s(3459)s(3464)----s(3467)--s(3471)s(3480)-s(3486)s(3493)s(3502)s(3510)-s(3516)s(3524)s(3533)s(3542)---s(3545)----------s(3543)--s(3550)-s(3556)s(3563)----s(3568)---s(3574)s(3582)--s(3588)s(3595)--s(3600)s(3607)s(3615)s(3623)s(3630)-s(3636)s(3645)s(3653)s(3660)--s(3666)---------------s(3660)----s(3664)s(3673)s(3682)--------------------------------------------------------------------s(3622)----------------------(3600)--------------------------------------------------------------------------------s(3529)--s(3535)s(3541)s(3547)--------s(3546)s(3553)s(3560)-s(3566)s(3574)s(3583)s(3592)---------------s(3585)s(3594)s(3602)s(3611)s(3619)s(3628)-s(3636)s(3643)s(3649)s(3657)s(3666)----------s(3665)-----------------------s(3649)s(3656)--------------------------------------------------------(3600)----------------------------------------------------------------------------------------------------(3500)-----------------------------------------s(3467)--s(3472)--s(3477)s(3484)--------------------------------------------------------------------s(3424)---s(3429)---s(3434)-s(3441)-------------s(3437)--------------------s(3425)-------------------------(3400)--------s(3401)-(3400)--s(3405)s(3413)s(3421)s(3428)s(3437)s(3446)s(3455)s(3463)s(3472)---------------s(3465)s(3474)-s(3481)--------s(3480)s(3488)-s(3494)s(3502)s(3510)s(3519)s(3527)s(3536)s(3545)-----s(3549)--------------s(3544)s(3552)-----s(3555)-------------------------------------------------------(3500)----------------------------------------------------------------------------------------------------(3400)--------------s(3395)-----s(3399)---------------------------------------------s(3363)-----------------------------------------------------------s(3313)----------s(3311)---------s(3308)--------(3300)---------------------------------------------s(3264)s(3272)s(3280)s(3288)-----s(3289)s(3296)--s(3301)s(3308)--s(3313)s(3321)s(3330)s(3337)s(3346)s(3353)s(3360)s(3369)-s(3377)s(3386)s(3395)s(3403)s(3411)-----------(3400)---------ss(3409)s(3418)s(3427)s(3435)-----s(3438)----s(3443)s(3451)--s(3458)-s(3466)-s(3474)---s(3480)s(3488)s(3496)s(3504)s(3512)s(3521)s(3530)s(3539)s(3547)s(3556)--------------------------------------------------------(3500)------------------------------------------------------------------------------------------s(3419)-------------------(3400)-----------s(3397)s(3406)------(3400)s(3408)--------(3400)------------------------------------------------s(3361)-------------------------s(3345)s(3353)------------------------------------s(3326)s(3334)--------------------------s(3316)---------s-s(3323)-----------------------(3300)--------------s(3295)-----------s(3292)s(3300)------------------------------------------------------------s(3249)--s(3255)-----s(3257)s(3264)-------------------------------------------------------------s(3211)-----------(3200)---------s--------------------s(3187)----------s(3184)------------------s(3174)-------s(3176)--s(3182)-------------------------------s(3159)----s(3164)----------------------------------------------------------------(3100)-------------------------------------s(3072)---s(3078)-------------------s(3066)-s(3073)--s(3080)----------------s(3070)s(3079)s(3088)--s(3093)s(3100)---s(3104)s(3112)--s(3119)s(3128)---s(3134)-s(3140)-----------s(3136)s(3144)s(3151)s(3159)-s(3167)---------s-s(3173)s(3181)-s(3188)----s(3192)s(3201)-(3200)s(3207)-s(3213)s(3222)s(3230)------s-s(3236)s(3244)s(3252)s(3260)--s(3265)--s(3270)s(3277)-s(3284)---s(3290)---------------s(3281)-s(3289)----s(3293)s(3301)s(3309)s(3316)s(3322)-------s--s(3329)s(3338)---------------------------------s(3313)-s(3320)-----s(3324)----------s(3323)s(3332)s(3341)s(3349)s(3356)--s(3363)s(3371)---s(3377)s(3385)-------------------s(3376)s(3383)------s(3386)---s(3392)--s(3398)-s(3405)-----(3400)---s(3404)s(3413)s(3422)-----s(3424)s(3432)s(3441)s(3450)-s(3457)s(3466)s(3475)-s(3480)s(3487)s(3496)--------s(3494)s(3502)--(3500)---------------------------------------------------------------------------------------s(3422)----------------------(3400)-------------------------------s(3377)------------------------s(3361)s(3370)---------s---------------------------------------s(3339)------s(3340)----------s(3339)s(3347)-----------s(3345)-s(3353)-----------------------------s(3332)s(3341)--------------s(3335)s(3344)s(3352)------------------------------------------s(3317)-s(3324)-s(3331)s(3338)s(3345)-s(3351)s(3359)s(3367)s(3374)s(3382)---s(3387)---s(3393)s(3401)s(3408)--------(3400)s(3408)s(3416)----s(3421)-s(3429)-s(3437)-s(3444)-s(3449)s(3458)----s(3463)s(3470)----------------------------s(3450)-----s(3454)------------------s(3444)-----------s(3439)-s(3445)s(3453)--s(3457)s(3465)--s(3470)s(3477)s(3486)s(3495)s(3502)s(3510)s(3517)-s(3523)s(3530)s(3537)s(3545)s(3553)----------------s(3546)-s(3554)------------s(3551)s(3559)-----------------------------------------------------------(3500)s(3508)s(3517)-----------------(3500)-s(3507)-------(3500)----s(3502)--(3500)----s(3503)s(3511)-s(3517)---s(3522)s(3530)------------s(3525)s(3534)----------------------------------(3500)----------------s(3491)s(3499)-----------------------------------------------s(3461)s(3470)------s(3472)---s(3476)----------------s(3467)----s(3471)---s(3475)--------------------------s(3456)--s(3460)---s(3464)--------s(3463)-----s(3466)------------------------------------------------------s(3418)---------------s(3409)-s(3414)-s(3420)s(3426)-s(3431)s(3438)s(3444)-----s(3446)----s(3449)----s(3451)-----11----------------------------------------------(3400)----------------------------------------------------------------------------------------------------(3300)----------------------------------------------------------------------------------------------------(3200)----------------------------------------------------------------------------------------------------(3100)----------------------------------------------------------------------------------------------------(3000)----------------------------------------------------------------------------------------------------(2900)----------------------------------------------------------------------------------------------------(2800)----------------------------------------------------------------------------------------------------(2700)----------------------------------------------------------------------------------------------------(2600)----------------------------------------------------------------------------------------------------(2500)----------------------------------------------------------------------------------------------------(2400)------------------------------------------------------------------------------------s(2324)-----------s(2322)----------------------(2300)----------------s(2293)--------------------s(2281)-------------------------------------------------------------s(2228)--s(2234)-------------------s(2224)s(2232)-s(2239)---------------------------------------(2200)----------------------------------------------------------------------------------------------------(2100)--------------------------s(2083)--------------------s(2071)------s(2074)s(2083)------------------------s(2068)----------------------------------------------------------s(2019)--s(2026)-------------------s(2016)s(2025)-------------------------(2000)-------------------------------------------------------------------------------------s(1924)------------------------(1900)----------------------------------------------------------------------------------------------------(1800)----------------------------------------------------------------------------------------------------(1700)------------s(1696)s(1705)---s(1710)---s(1716)--s(1723)-s(1731)-------------s(1726)----------------------s(1713)s(1722)----------------------(1700)-----s(1703)---(1700)-------------s(1696)---s(1701)-(1700)----------------------------------------------------------------------------------------------------(1600)----------------------------------------------------------------------------------------------------(1500)-----------------------------------------------------------s(1448)-----s(1451)---------------------------------------------------(1400)-------------------------------------------------------------s(1345)-s(1351)--s(1356)-s(1363)-s(1371)-----------------------------------------------------------------------(1300)----------------------------------------------------------------------------------------------------(1200)---s(1205)-----(1200)-----s(1202)s(1209)s(1216)-s(1224)------------------------(1200)-----------s(1197)-------------s(1192)s(1200)s(1207)-------(1200)s(1209)---s(1213)s(1222)s(1230)-s(1235)s(1242)s(1250)s(1258)s(1265)s(1273)-s(1281)s(1290)---------------------------------------------------------------------------s(1222)s(1229)s(1237)-----------------------s(1222)----------------------(1200)------s(1202)--(1200)s(1209)s(1218)------s(1220)--------------------(1200)-----s(1203)--s(1210)--s(1217)-----------------(1200)--s(1206)-----s(1210)----------(1200)----------s(1199)s(1208)--------(1200)-----s(1204)----(1200)---s(1206)------(1200)-----------s(1198)---------------s(1191)s(1200)----------------------s(1186)s(1194)s(1202)--(1200)--------s(1201)-(1200)-----s(1204)-s(1212)---------s(1210)---s(1216)------s(1219)s(1228)----------s(1226)--------s(1225)---s(1229)-----s(1232)--------------------------------(1200)--------------s(1194)--------s-------------------------------------------s(1158)s(1167)---s(1172)s(1180)------s(1181)-s(1186)s(1194)s(1201)-(1200)----------------------s(1185)s(1194)----s(1199)--s(1205)----s(1208)--------(1200)---s(1205)-----(1200)-----s(1204)s(1213)-------------(1200)------------s(1195)-----s(1197)------------------------s(1178)--------------s(1170)s(1179)-s(1185)s(1192)----------s(1191)-s(1198)----------s(1195)s(1203)---(1200)s(1208)--------(1200)--------------------s(1187)----------------s(1178)s(1185)-------s(1184)s(1190)--s(1194)-------------------------s(1176)---12-------------------------------------------------------------------------(1100)----------------------------------------------------------------s(1044)--------s--------------------------------------------(1000)----------------------------------------------------------------------------------------------------(900)-------------------------------------s(871)------------------s(862)-----------s(859)-----------------------------------------------------------(800)--------------------------------------------------s(759)-----------------------------------------------------------(700)-----------------------------------------------------------------------------s(630)s(637)---------s(636)-s(642)----s(646)---s(650)--s(657)-s(664)----------------------------------------------------------------(600)----------------------------------------------------------------s(544)---------------------------s(526)s(534)-------------------s(524)s(533)-s(541)s(549)--s(555)--------s(556)--------------------------s(538)s(545)------s(547)------------------s(537)--s(542)---s(546)---------s(545)----s(550)----s(555)---------s(554)s(562)s(571)--s(578)---------s(577)---------------------------------------------s(540)-------s(541)------------------s(532)-s(540)--------------s(532)---------s(530)s(538)------------------------s(522)s(531)------------------------------s(508)--s(513)----s(517)----------s(514)----s(518)s(525)----s(529)---s(534)----------------------------------(500)------s----13--------------------------------------------s(460)------------------------------------------------------------(400)---------------------------------------------------------------------------s(333)----------s(331)--s(338)-------s--------s---------s(337)-------------------------------------(300)---------------------Killed
