
      +++  sector:  {0, 1, 1, 1, 1}  (1/1)  +++ 
                     SINGULAR                                 /  Development
 A Computer Algebra System for Polynomial Computations       /   version 4.3.2
                                                           0<
 by: W. Decker, G.-M. Greuel, G. Pfister, H. Schoenemann     \   Feb 2023
FB Mathematik der Universitaet, D-67653 Kaiserslautern        \  Debian 1:4.3.2-p10+ds-1.1build1
compute hilbert series with std in ring (ZZ/179424673),(x10,x9,x8,x7,x6,x5,x4,x3,x2,x1,@),(dp(11),C)
weights used for hilbert series: 1,1,1,1,1,1,1,1,1,1,1
[65535:3]2(9)s(8)s(7)s(6)s(5)s(4)s(5)s(7)s(10)s(14)s3(15)s(19)s(24)s(30)s(32)s(39)s(47)s(50)s(53)s(57)s(61)s(65)s(68)s(72)s(75)s(81)s4(86)s(91)-s(95)-s(100)s(106)---s(108)s(114)s(121)-s(126)--s(131)s(137)s(145)s(151)-----------s(147)s(153)-s(160)---s(163)s(172)s(179)s(187)s(196)----------s(193)s(200)----s(203)---(200)-s(206)------(200)s(207)-------(200)-------s5(197)s(204)-s(212)--s(218)-s(225)s(232)--s(239)---------s-----------s(235)-----------------------------------(200)------s(202)-s(209)s(217)--------s-------------s(213)---s(218)--s(225)------s(227)-----------s(224)------------------------(200)---------------------------------------------6-s(162)--s(169)-s(176)----s(181)---------------------------------------------------------------------------------(100)--------------------------------------------------------------7---s(43)-----------s(40)----------------------8------------------
product criterion:533 chain criterion:1730
std with hilb in (ZZ/179424673),(x10,x9,x8,x7,x6,x5,x4,x3,x2,x1,@),(lp(10),dp(1),C)
[65535:3]2(74)s(73)s(72)ss(71)ss(70)s(72)s(73)s(76)s3(80)s(84)s(89)s(92)s(98)s(100)s(102)s(109)s(112)s(115)s(118)s(122)s(130)s(134)s(139)s(145)shhhhhhhhhhhhhhhh4(134)s(139)s(145)s(150)s(159)s(165)s(172)s(179)s(187)s(193)s(200)s(207)s(216)-s(221)s(229)-s(234)--s(238)-s(244)---------s(241)s(248)s(256)-------------s(250)s(258)s(267)-s(275)----shhhhhhhhhhhhhhhhhhhhhhhhhhhhhhhhhhhhhhhhhhhhhhhhhhhhhhh5(220)s(228)s(237)s(246)s(252)s(260)--s(265)--------ss(272)s(279)s(286)-s(293)s(301)-(300)----------s(299)-----------s(295)-s(302)--(300)------s(302)--(300)------------s(295)-s(302)--(300)------------------s(290)s(298)----------s(296)s(305)-----(300)---------------------------------------------------------shhhhhhhhhhhhhhhhhhhhhhhhhhhhhhhhhhhhhhhhhhh6(209)s(217)s(226)s(235)---------------------shhhhhhhhhhhhhhhhhhhhhhhhhhhhhhhhhhhhhhhhhhhhhhhhhhhhhhhhhhhhhhhhhhhhhhhhhhhhhhhhhhhhhhhhhhhhhhhhhhhhhhhhhhhhhhhhhhhhhhhhhhhhhhhhhhhhhhhhhhhhhhhhhhhhhhhhhhhhhhhhhhhhhhhhhhhhhhhhhhhhhhh7(39)s(48)-shhhhhhhhhhhhhhhhhhhhhhhhhhhhhhhhhhhhh8(18)shhhhhhhhhhhhhhhhhh9(9)shhhhhhhhhhhhhhhhhh
product criterion:592 chain criterion:2149
hilbert series criterion:370
dehomogenization
simplification
imap to ring (ZZ/179424673),(x10,x9,x8,x7,x6,x5,x4,x3,x2,x1),(lp(10),C)
Auf Wiedersehen.
                     SINGULAR                                 /  Development
 A Computer Algebra System for Polynomial Computations       /   version 4.3.2
                                                           0<
 by: W. Decker, G.-M. Greuel, G. Pfister, H. Schoenemann     \   Feb 2023
FB Mathematik der Universitaet, D-67653 Kaiserslautern        \  Debian 1:4.3.2-p10+ds-1.1build1
// ** loaded /usr/bin/../share/singular/LIB/primdec.lib (4.3.2.9,Oct_2023)
// ** loaded /usr/bin/../share/singular/LIB/ring.lib (4.3.1.3,Feb_2023)
// ** loaded /usr/bin/../share/singular/LIB/absfact.lib (4.1.2.0,Feb_2019)
// ** loaded /usr/bin/../share/singular/LIB/triang.lib (4.1.2.0,Feb_2019)
// ** loaded /usr/bin/../share/singular/LIB/matrix.lib (4.3.2.3,Aug_2023)
// ** loaded /usr/bin/../share/singular/LIB/nctools.lib (4.1.2.0,Feb_2019)
// ** loaded /usr/bin/../share/singular/LIB/inout.lib (4.1.2.0,Feb_2019)
// ** loaded /usr/bin/../share/singular/LIB/random.lib (4.1.2.0,Feb_2019)
// ** loaded /usr/bin/../share/singular/LIB/polylib.lib (4.2.0.0,Dec_2020)
// ** loaded /usr/bin/../share/singular/LIB/elim.lib (4.3.2.5,Jul_2023)
// ** loaded /usr/bin/../share/singular/LIB/general.lib (4.1.2.0,Feb_2019)
map with cache
map with cache
map with cache
map with cache
map with cache
map with cache
map with cache
map with cache
map with cache
std in (ZZ/179424673),(x10,x9,x8,x7,x6,x5,x4,x3,x2,x1),(dp(10),C)
[65535:4]1(9)s(8)s(7)s(6)s(5)s(4)s(3)s(2)ss5s
(S:9)---------
product criterion:45 chain criterion:0
[65535:3]1(9)s(8)s(7)s(6)s(5)s(4)s(3)s(2)ss5s
(S:9)---------
product criterion:45 chain criterion:0
map is a permutation
[65535:4]1(10)s(9)s(8)s(7)s(6)s(5)s(4)s(3)s(2)sss
(S:10)----------
product criterion:55 chain criterion:0
[65535:3]1(9)s(8)s(7)s(6)s(5)s(4)s(3)s(2)sss
(S:9)---------
product criterion:45 chain criterion:0
{1}[65535:5]1(9)s(8)s(7)s(6)s(5)s(4)s(3)s(2)sss2(8)--------
(S:10)-----------
product criterion:0 chain criterion:0
(S:10)rrrrrrrrrr
[65535:3]1(9)s(8)s(7)s(6)s(5)s(4)s(3)s(2)sss
(S:9)---------
product criterion:45 chain criterion:0
intersect by elimination method
[65535:5]1(10)s2(9)s(8)s(7)s(6)s(5)s(4)s(3)s(2)sss
(S:10)----------
product criterion:55 chain criterion:0
map is a permutation
[65535:4]1(10)s(9)s(8)s(7)s(6)s(5)s(4)s(3)s(2)ss2s
(S:0)
product criterion:55 chain criterion:0
map is a permutation
[65535:4]1(10)s(9)s(8)s(7)s(6)s(5)s(4)s(3)s(2)ss2s
(S:0)
product criterion:55 chain criterion:0
map is a permutation
[65535:4]1(10)s(9)s(8)s(7)s(6)s(5)s(4)s(3)s(2)ss2s
(S:0)
product criterion:55 chain criterion:0
map is a permutation
[65535:4]1(10)s(9)s(8)s(7)s(6)s(5)s(4)s(3)s(2)ss2s
(S:0)
product criterion:55 chain criterion:0
map is a permutation
[65535:4]1(10)s(9)s(8)s(7)s(6)s(5)s(4)s(3)s(2)ss2s
(S:0)
product criterion:55 chain criterion:0
map is a permutation
[65535:4]1(10)s(9)s(8)s(7)s(6)s(5)s(4)s(3)s(2)ss2s
(S:0)
product criterion:55 chain criterion:0
map is a permutation
[65535:4]1(10)s(9)s(8)s(7)s(6)s(5)s(4)s(3)s(2)ss2s
(S:0)
product criterion:55 chain criterion:0
map is a permutation
[65535:4]1(10)s(9)s(8)s(7)s(6)s(5)s(4)s(3)s(2)ss2s
(S:0)
product criterion:55 chain criterion:0
map is a permutation
[65535:4]1(10)s(9)s(8)s(7)s(6)s(5)s(4)s(3)s(2)ss2s
(S:0)
product criterion:55 chain criterion:0
map is a permutation
[65535:4]1(10)s(9)s(8)s(7)s(6)s(5)s(4)s(3)s(2)ss2s
(S:0)
product criterion:55 chain criterion:0
[65535:3]1(9)s(8)s(7)s(6)s(5)s(4)s(3)s(2)sss
(S:9)---------
product criterion:45 chain criterion:0
map is a permutation
[65535:4]1(10)s(9)s(8)s(7)s(6)s(5)s(4)s(3)s(2)sss
(S:10)----------
product criterion:55 chain criterion:0
[65535:3]1(9)s(8)s(7)s(6)s(5)s(4)s(3)s(2)sss
(S:9)---------
product criterion:45 chain criterion:0
{1}[65535:5]1(9)s(8)s(7)s(6)s(5)s(4)s(3)s(2)sss2(8)--------
(S:10)-----------
product criterion:0 chain criterion:0
(S:10)rrrrrrrrrr
[65535:3]1(9)s(8)s(7)s(6)s(5)s(4)s(3)s(2)sss
(S:9)---------
product criterion:45 chain criterion:0
intersect by elimination method
[65535:5]1(10)s2(9)s(8)s(7)s(6)s(5)s(4)s(3)s(2)sss
(S:10)----------
product criterion:55 chain criterion:0
map is a permutation
[65535:4]1(10)s(9)s(8)s(7)s(6)s(5)s(4)s(3)s(2)ss2s
(S:0)
product criterion:55 chain criterion:0
map is a permutation
[65535:4]1(10)s(9)s(8)s(7)s(6)s(5)s(4)s(3)s(2)ss2s
(S:0)
product criterion:55 chain criterion:0
map is a permutation
[65535:4]1(10)s(9)s(8)s(7)s(6)s(5)s(4)s(3)s(2)ss2s
(S:0)
product criterion:55 chain criterion:0
map is a permutation
[65535:4]1(10)s(9)s(8)s(7)s(6)s(5)s(4)s(3)s(2)ss2s
(S:0)
product criterion:55 chain criterion:0
map is a permutation
[65535:4]1(10)s(9)s(8)s(7)s(6)s(5)s(4)s(3)s(2)ss2s
(S:0)
product criterion:55 chain criterion:0
map is a permutation
[65535:4]1(10)s(9)s(8)s(7)s(6)s(5)s(4)s(3)s(2)ss2s
(S:0)
product criterion:55 chain criterion:0
map is a permutation
[65535:4]1(10)s(9)s(8)s(7)s(6)s(5)s(4)s(3)s(2)ss2s
(S:0)
product criterion:55 chain criterion:0
map is a permutation
[65535:4]1(10)s(9)s(8)s(7)s(6)s(5)s(4)s(3)s(2)ss2s
(S:0)
product criterion:55 chain criterion:0
map is a permutation
[65535:4]1(10)s(9)s(8)s(7)s(6)s(5)s(4)s(3)s(2)ss2s
(S:0)
product criterion:55 chain criterion:0
map is a permutation
[65535:4]1(10)s(9)s(8)s(7)s(6)s(5)s(4)s(3)s(2)ss2s
(S:0)
product criterion:55 chain criterion:0
[65535:3]1(9)s(8)s(7)s(6)s(5)s(4)s(3)s(2)sss
(S:9)---------
product criterion:45 chain criterion:0
map is a permutation
[65535:4]1(10)s(9)s(8)s(7)s(6)s(5)s(4)s(3)s(2)sss
(S:10)----------
product criterion:55 chain criterion:0
[65535:3]1(9)s(8)s(7)s(6)s(5)s(4)s(3)s(2)sss
(S:9)---------
product criterion:45 chain criterion:0
{1}[65535:5]1(9)s(8)s(7)s(6)s(5)s(4)s(3)s(2)sss2(8)--------
(S:10)-----------
product criterion:0 chain criterion:0
(S:10)rrrrrrrrrr
[65535:3]1(9)s(8)s(7)s(6)s(5)s(4)s(3)s(2)sss
(S:9)---------
product criterion:45 chain criterion:0
intersect by elimination method
[65535:5]1(10)s2(9)s(8)s(7)s(6)s(5)s(4)s(3)s(2)sss
(S:10)----------
product criterion:55 chain criterion:0
map is a permutation
[65535:4]1(10)s(9)s(8)s(7)s(6)s(5)s(4)s(3)s(2)ss2s
(S:0)
product criterion:55 chain criterion:0
map is a permutation
[65535:4]1(10)s(9)s(8)s(7)s(6)s(5)s(4)s(3)s(2)ss2s
(S:0)
product criterion:55 chain criterion:0
map is a permutation
[65535:4]1(10)s(9)s(8)s(7)s(6)s(5)s(4)s(3)s(2)ss2s
(S:0)
product criterion:55 chain criterion:0
map is a permutation
[65535:4]1(10)s(9)s(8)s(7)s(6)s(5)s(4)s(3)s(2)ss2s
(S:0)
product criterion:55 chain criterion:0
map is a permutation
[65535:4]1(10)s(9)s(8)s(7)s(6)s(5)s(4)s(3)s(2)ss2s
(S:0)
product criterion:55 chain criterion:0
map is a permutation
[65535:4]1(10)s(9)s(8)s(7)s(6)s(5)s(4)s(3)s(2)ss2s
(S:0)
product criterion:55 chain criterion:0
map is a permutation
[65535:4]1(10)s(9)s(8)s(7)s(6)s(5)s(4)s(3)s(2)ss2s
(S:0)
product criterion:55 chain criterion:0
map is a permutation
[65535:4]1(10)s(9)s(8)s(7)s(6)s(5)s(4)s(3)s(2)ss2s
(S:0)
product criterion:55 chain criterion:0
map is a permutation
[65535:4]1(10)s(9)s(8)s(7)s(6)s(5)s(4)s(3)s(2)ss2s
(S:0)
product criterion:55 chain criterion:0
map is a permutation
[65535:4]1(10)s(9)s(8)s(7)s(6)s(5)s(4)s(3)s(2)ss2s
(S:0)
product criterion:55 chain criterion:0
[65535:3]1(9)s(8)s(7)s(6)s(5)s(4)s(3)s(2)sss
(S:9)---------
product criterion:45 chain criterion:0
map is a permutation
[65535:4]1(10)s(9)s(8)s(7)s(6)s(5)s(4)s(3)s(2)ss2s
(S:10)----------
product criterion:55 chain criterion:0
[65535:3]1(9)s(8)s(7)s(6)s(5)s(4)s(3)s(2)ss2s
(S:9)---------
product criterion:45 chain criterion:0
{1}[65535:5]1(9)s(8)s(7)s(6)s(5)s(4)s(3)s(2)ss2s3(8)--------
(S:10)-----------
product criterion:0 chain criterion:0
(S:10)rrrrrrrrrr
[65535:3]1(9)s(8)s(7)s(6)s(5)s(4)s(3)s(2)ss2s
(S:9)---------
product criterion:45 chain criterion:0
map is a permutation
intersect by elimination method
[65535:5]1(10)s2(9)s(8)s(7)s(6)s(5)s(4)s(3)s(2)ss3s
(S:10)----------
product criterion:55 chain criterion:0
map is a permutation
[65535:4]1(10)s(9)s(8)s(7)s(6)s(5)s(4)s(3)s(2)s2s.4
(S:0)
product criterion:45 chain criterion:0
map is a permutation
[65535:4]1(10)s(9)s(8)s(7)s(6)s(5)s(4)s(3)s(2)s2s.4
(S:0)
product criterion:45 chain criterion:0
map is a permutation
[65535:4]1(10)s(9)s(8)s(7)s(6)s(5)s(4)s(3)s(2)s2s.4
(S:0)
product criterion:45 chain criterion:0
map is a permutation
[65535:4]1(10)s(9)s(8)s(7)s(6)s(5)s(4)s(3)s(2)s2s.4
(S:0)
product criterion:45 chain criterion:0
map is a permutation
[65535:4]1(10)s(9)s(8)s(7)s(6)s(5)s(4)s(3)s(2)s2s.4
(S:0)
product criterion:45 chain criterion:0
map is a permutation
[65535:4]1(10)s(9)s(8)s(7)s(6)s(5)s(4)s(3)s(2)s2s.4
(S:0)
product criterion:45 chain criterion:0
map is a permutation
[65535:4]1(10)s(9)s(8)s(7)s(6)s(5)s(4)s(3)s(2)s2s.4
(S:0)
product criterion:45 chain criterion:0
map is a permutation
[65535:4]1(10)s(9)s(8)s(7)s(6)s(5)s(4)s(3)s(2)s2s.4
(S:0)
product criterion:45 chain criterion:0
map is a permutation
[65535:4]1(10)s(9)s(8)s(7)s(6)s(5)s(4)s(3)s(2)s2s.4
(S:0)
product criterion:45 chain criterion:0
map is a permutation
[65535:4]1(10)s(9)s(8)s(7)s(6)s(5)s(4)s(3)s(2)s2s3s
(S:0)
product criterion:55 chain criterion:0
[65535:3]1(9)s(8)s(7)s(6)s(5)s(4)s(3)s(2)ss2s
(S:9)---------
product criterion:45 chain criterion:0
// ** _ is no standard basis
// ** _ is no standard basis
// ** _ is no standard basis
// ** _ is no standard basis
Auf Wiedersehen.
                     SINGULAR                                 /  Development
 A Computer Algebra System for Polynomial Computations       /   version 4.3.2
                                                           0<
 by: W. Decker, G.-M. Greuel, G. Pfister, H. Schoenemann     \   Feb 2023
FB Mathematik der Universitaet, D-67653 Kaiserslautern        \  Debian 1:4.3.2-p10+ds-1.1build1
compute hilbert series with std in ring (ZZ/179424673),(x10,x9,x8,x7,x6,x5,x4,x3,x2,x1,@),(dp(11),C)
weights used for hilbert series: 1,1,1,1,1,1,1,1,1,1,1
[65535:3]1(9)s2(8)s3(7)s(6)sss4(7)s(8)s(11)s(14)s(17)s(21)s(27)s5(31)s(35)s(40)s(44)s(49)-s(53)s(57)s(60)s(66)-6-s(68)-s(71)s(75)s(79)s(85)s(88)s(94)-s(98)s(103)s(106)-s(111)s(116)s(120)s(124)s(130)s(136)--s(140)s(146)s(151)s(155)s(161)s(166)-s(170)-----ss(175)--s(177)s(181)s(187)----s(189)s(195)s(198)-s(202)s(208)s7(213)-s(217)s(221)s(226)---s(227)s(232)-s(235)----------s(227)s(233)s(238)s(246)s(251)s(256)-s(260)s(265)-s(270)s(276)s(282)s(288)-s(292)-s(298)--s(302)--(300)--s(304)----(300)-s(306)-----ss(312)-s(317)s(322)--s(326)--------s(324)s(330)s(335)-s(341)s(346)s(352)------s----s(353)-s(357)s(364)-s(370)s(377)-s(382)s(389)s(394)s(400)----s(401)-(400)---------------s(391)-s(397)s(403)--s(408)s(414)s(420)-s(426)-----s(428)-s(434)s(440)-----s---s(443)s(449)-s(453)-----s(455)-s(460)--s(463)--s(465)s(471)s(475)--------8----------------------------------------------------------s(416)----------------(400)-------------------------------------------------------------------------------------------s(316)-s(322)----------------------(300)-----------------------------------s(272)-s(278)--------------------s(265)-----------s(261)--s(266)-----s(267)-------------s(260)------s(261)-s(267)s(274)---------------------------------------------------s(230)----------------s(221)--s(226)--------s(224)-s(229)----------------------------s(207)-------(200)----------------s(190)-s(194)-----s(195)s(202)s(207)-------(200)---s(203)---(200)--------9--------------------------------------------------------------------------------------------(100)------------------------------------------------------------------------------------------------s(10)--10--------
product criterion:472 chain criterion:9196
std with hilb in (ZZ/179424673),(x10,x9,x8,x7,x6,x5,x4,x3,x2,x1,@),(lp(10),dp(1),C)
[65535:3]1(145)s2(144)s3(143)ss(144)s(146)s4(149)s(150)s(152)s(154)s(157)s(160)ss(164)s(168)s(169)s(172)s(176)s(181)s(187)shhh5(191)s(204)s(210)s(215)-s(216)s(227)s(233)s(237)s(239)s(245)s(248)s(252)s(259)s(266)s(273)s(280)s(285)ss(287)-s(291)s(294)-s(299)s(305)s(309)s(311)s-s(316)s(320)-s(324)s(326)s--s(329)s(333)s(337)-s(341)s(346)-s(351)s(354)s(357)s(358)shhhhhhhhhhhhh6(349)-----s(352)s(358)s(369)s(371)-----ss(375)---s----s(377)s(380)-ss(387)s(392)----s(394)-s(399)-s(405)--s(410)s(416)-s(420)s(428)--s(432)---s(431)s(435)---s(440)s(444)---s(445)----s(446)---s(447)---s(451)--s(455)---s(457)s(464)---s(468)----s(470)---s(473)---s(476)----s(477)---s(483)----s(485)s(490)-s(492)s(497)s(501)s(502)s(507)s(510)s(514)---s(516)s(519)---s(517)----s(520)----s(522)s(528)----s-s(531)-----s(530)-s(533)s(537)---s-shhhhhhhhhhhhhhhhhhhhhhhhhhhhhhhhhhhhhhhhhhh7(497)-------------s(491)-s(497)-s(503)s(511)------s(513)--------s(512)----s(516)s(524)----s---s(529)s(537)s(542)-s(549)-------s(550)-s(555)------s(557)-----s(558)-s(564)---s(568)----s(571)---s(576)--------s(572)--s(576)-s(582)-s(589)-s(596)s(602)s(609)s(615)s(623)-s(626)s(630)---s(635)s(643)--s(649)--s(654)s(661)s(669)s(676)-------------s(668)----s(671)s(678)---s(682)s(690)-----s(691)-s(695)s(703)s(711)--s(715)s(721)s(728)s(734)s(741)-------------s(736)----s(740)s(747)---s(748)--s(752)s(758)----s(759)s(765)s(770)-s(774)-s(780)-s(786)----s(789)s(795)s(801)s(808)-s(812)--s(815)---------s(814)------s---s(817)--s(822)--s(827)-----s(826)--s(829)s(836)-s(841)s(848)s(855)s(859)s(867)s(872)s(877)--s(881)s(886)s(890)--------s(887)s(892)--s(895)-------s(891)s(897)--s(901)-(900)----s(901)s(907)-----s-s(910)-s(915)-s(919)---------s(915)-------------s(906)s(910)-------s(907)s(911)-shhhhhhhhhhhhhhhhhhhhhhhhhhhhhhhhhhhhhhhhhhhhhhhhhhhhhhhhhhhhhhhhh8(851)---------------------------------------------------(800)--------------------------------------------------------------------------------------------s(716)----------------(700)------------------------------s(677)--s(683)s(691)s(699)s(707)-------(700)------s(702)s(709)s(717)---s(722)-s(729)------s-------s(730)-----s(732)-------------s(726)---------s(725)-s(730)---s(734)---s(739)------------------------------------s(709)s(717)-----s(718)------------------(700)----s(703)---(700)----------s(697)---s(701)-(700)------s-----s(702)--(700)--------s(699)s(707)s(713)--s(717)-s(724)-s(731)s(738)s(746)s(752)s(759)s(766)s(772)s(780)s(787)s(794)s(801)s(809)---------(800)------------------s(789)-----------------------------------s(761)-------s(762)s(770)s(778)----------s(774)s(782)s(788)-s(793)s(800)--s(804)----(800)--s(805)----s(808)s(813)--s(818)s(824)------s(825)s(832)-s(838)----s(840)--s(845)--s(851)s(858)---s(862)s(870)--------s(868)------------s(862)----------s(857)------s(858)--s(864)-s(868)s(873)-------------s(868)-s(875)-s(881)-----s(883)--s(889)s(896)------ss(903)s(907)-------(900)---s(903)s(909)-s(914)s(922)s(928)---------------------s(914)s(921)---s(925)s(931)s(938)--------------------s(922)s(929)s(934)--------s(931)s(939)s(945)s(951)s(956)-s(963)s(969)-s(974)s(979)s(984)s(991)s(997)s(1003)---(1000)------------------------------------------------s(958)-----------s(952)-------s(950)-----s(951)-s(955)s(961)-s(966)s(972)s(978)s(985)s(991)-----s(994)s(1002)s(1010)s(1015)s(1019)s(1025)shhhhhhhhhhhhhhhhhhhhhhhhh9(1007)-------(1000)----------------------------------------------------------------------------------------------------(900)---------------------------------------------------------------------------------------------------s(806)---s(809)---------(800)------s(799)---s(802)--(800)----------------------s(785)-------------------------------------------s(749)-------------------------------------------------(700)---s(704)--s(709)--s(713)-s(719)s(727)---------------------------(700)---------------------------------------------------------------s(644)------------------s(633)s(641)s(647)s(654)-------------------s(642)-------------------------s(625)-------------------------(600)---s(605)-----(600)-------------------------------------------------s(558)----------------------s(543)s(551)---s(556)--------s(555)s(562)----------------s(554)--s(560)s(567)-----s-----------------s(558)---------------------s(545)s(553)s(558)s(564)-----------s(561)s(569)--------------------------------s(545)------s(547)----s(546)s(552)s(560)s(568)--s(572)------s(573)s(577)---------------------s(561)------s(563)-s(570)s(576)s(581)----s(582)--s(585)s(589)s(594)s(600)------s(598)s(602)s(607)s(614)s(619)s(625)------------s(621)----------s(617)-----------------(600)-------------------------s(583)--------------------------s(562)-s(567)s(572)s(578)s(584)s(590)---s(594)----s(597)---s(601)s(608)--s(614)-s(618)--s(622)-s(628)------s(629)--s(632)--s(634)s(639)s(645)-s(650)s(656)s(662)----s(665)s(672)s(679)---s(683)--s(688)s(694)-s(700)-sh10(704)----(700)----------------------------------------------------------------------------s(632)-------s(633)s(639)s(645)------------------------------s(622)----------------------(600)----------------------------------------------------------------------------------------------------(500)--------------------------------------------------------------s(445)-----s(446)----------------------------------------s(411)-----ss(418)--s(422)----------------------(400)------------------------------------s(370)-------s(369)s(374)-------------s(367)------------------------s(350)------------s(346)----------------------------------------------(300)------s(299)---s(303)---(300)--------s(298)s(304)-s(309)--------s(308)--s(313)-s(316)-----------s(312)------------(300)-s(306)------(300)--------------s(294)s(300)--s(305)s(312)s(319)s(326)--------------------s(313)s(320)---s(324)----s(325)-----s(327)s(334)-----------------------s(318)s(326)-------s(325)--------ss11(332)-----------------------s(317)-----s(320)----------------s(310)----------(300)--------------s(294)-------------------------------------------s(257)---------------------------------------------------------(200)----------------------------------------------------------------------------------------------------(100)-------------------------------s(76)-----------------------s(60)s(67)s(74)sh12(79)------------s(74)s(81)--------------s(73)-----------------------Killed
