
      +++  sector:  {1, 1, 0, 1}  (1/1)  +++ 
                     SINGULAR                                 /  Development
 A Computer Algebra System for Polynomial Computations       /   version 4.3.2
                                                           0<
 by: W. Decker, G.-M. Greuel, G. Pfister, H. Schoenemann     \   Feb 2023
FB Mathematik der Universitaet, D-67653 Kaiserslautern        \  Debian 1:4.3.2-p10+ds-1.1build1
compute hilbert series with std in ring (ZZ/179424673),(x8,x7,x6,x5,x4,x3,x2,x1,@),(dp(9),C)
weights used for hilbert series: 1,1,1,1,1,1,1,1,1
[1048575:3]2(7)s(6)s(5)s(4)s(3)s(4)s(5)s(7)s3(10)s(13)s(17)s(19)s(22)s(27)s(31)s(35)s(38)s(40)s(43)s4(46)s(51)s(55)-s(60)s(66)s(71)s(78)--------------s(70)-s(74)s(81)-s(86)s(92)-------------s(86)----5----s(84)-----------------------------------------------------------------------------6-------
product criterion:153 chain criterion:196
std with hilb in (ZZ/179424673),(x8,x7,x6,x5,x4,x3,x2,x1,@),(lp(8),dp(1),C)
[1048575:3]2(31)s(30)ss(29)ss(30)s(33)ss3(34)s(37)s(41)s(44)s(49)s(51)s(53)s(56)s(58)s(62)s(65)shhhhhhhhhhh4(58)s(62)s(68)s(74)s(79)s(86)s(92)--s(95)---s(98)---------------s(90)s(96)--------------shhhhhhhhhhhhh5(76)shhhhhhhhhhhhhhhhhhhhhhhhhhhhhhhhhhhhhhhhhhhhhhhhhhhhhhhhhhhhhhhhhhhhhhhhhhhhhhhhhhh
product criterion:146 chain criterion:179
hilbert series criterion:107
dehomogenization
simplification
imap to ring (ZZ/179424673),(x8,x7,x6,x5,x4,x3,x2,x1),(lp(8),C)
Auf Wiedersehen.
                     SINGULAR                                 /  Development
 A Computer Algebra System for Polynomial Computations       /   version 4.3.2
                                                           0<
 by: W. Decker, G.-M. Greuel, G. Pfister, H. Schoenemann     \   Feb 2023
FB Mathematik der Universitaet, D-67653 Kaiserslautern        \  Debian 1:4.3.2-p10+ds-1.1build1
// ** loaded /usr/bin/../share/singular/LIB/primdec.lib (4.3.2.9,Oct_2023)
// ** loaded /usr/bin/../share/singular/LIB/ring.lib (4.3.1.3,Feb_2023)
// ** loaded /usr/bin/../share/singular/LIB/absfact.lib (4.1.2.0,Feb_2019)
// ** loaded /usr/bin/../share/singular/LIB/triang.lib (4.1.2.0,Feb_2019)
// ** loaded /usr/bin/../share/singular/LIB/matrix.lib (4.3.2.3,Aug_2023)
// ** loaded /usr/bin/../share/singular/LIB/nctools.lib (4.1.2.0,Feb_2019)
// ** loaded /usr/bin/../share/singular/LIB/inout.lib (4.1.2.0,Feb_2019)
// ** loaded /usr/bin/../share/singular/LIB/random.lib (4.1.2.0,Feb_2019)
// ** loaded /usr/bin/../share/singular/LIB/polylib.lib (4.2.0.0,Dec_2020)
// ** loaded /usr/bin/../share/singular/LIB/elim.lib (4.3.2.5,Jul_2023)
// ** loaded /usr/bin/../share/singular/LIB/general.lib (4.1.2.0,Feb_2019)
map with cache
map with cache
map with cache
map with cache
map with cache
map with cache
map with cache
std in (ZZ/179424673),(x8,x7,x6,x5,x4,x3,x2,x1),(dp(8),C)
[65535:3]1(7)s(6)s(5)s(4)s(3)s(2)ss2s
(S:7)-------
product criterion:28 chain criterion:0
[65535:2]1(7)s(6)s(5)s(4)s(3)s(2)ss2s
(S:7)-------
product criterion:28 chain criterion:0
map is a permutation
[1048575:4]1(8)s(7)s(6)s(5)s(4)s(3)s(2)sss
(S:8)--------
product criterion:36 chain criterion:0
[65535:2]1(7)s(6)s(5)s(4)s(3)s(2)sss
(S:7)-------
product criterion:28 chain criterion:0
{1}[65535:4]1(7)s(6)s(5)s(4)s(3)s(2)sss2(6)------
(S:8)---------
product criterion:0 chain criterion:0
(S:8)rrrrrrrr
[65535:2]1(7)s(6)s(5)s(4)s(3)s(2)sss
(S:7)-------
product criterion:28 chain criterion:0
intersect by elimination method
[1048575:5]1(8)s2(7)s(6)s(5)s(4)s(3)s(2)sss
(S:8)--------
product criterion:36 chain criterion:0
map is a permutation
[1048575:4]1(8)s(7)s(6)s(5)s(4)s(3)s(2)ss2s
(S:0)
product criterion:36 chain criterion:0
map is a permutation
[1048575:4]1(8)s(7)s(6)s(5)s(4)s(3)s(2)ss2s
(S:0)
product criterion:36 chain criterion:0
map is a permutation
[1048575:4]1(8)s(7)s(6)s(5)s(4)s(3)s(2)ss2s
(S:0)
product criterion:36 chain criterion:0
map is a permutation
[1048575:4]1(8)s(7)s(6)s(5)s(4)s(3)s(2)ss2s
(S:0)
product criterion:36 chain criterion:0
map is a permutation
[1048575:4]1(8)s(7)s(6)s(5)s(4)s(3)s(2)ss2s
(S:0)
product criterion:36 chain criterion:0
map is a permutation
[1048575:4]1(8)s(7)s(6)s(5)s(4)s(3)s(2)ss2s
(S:0)
product criterion:36 chain criterion:0
map is a permutation
[1048575:4]1(8)s(7)s(6)s(5)s(4)s(3)s(2)ss2s
(S:0)
product criterion:36 chain criterion:0
map is a permutation
[1048575:4]1(8)s(7)s(6)s(5)s(4)s(3)s(2)ss2s
(S:0)
product criterion:36 chain criterion:0
[65535:2]1(7)s(6)s(5)s(4)s(3)s(2)sss
(S:7)-------
product criterion:28 chain criterion:0
map is a permutation
[1048575:4]1(8)s(7)s(6)s(5)s(4)s(3)s(2)sss
(S:8)--------
product criterion:36 chain criterion:0
[65535:2]1(7)s(6)s(5)s(4)s(3)s(2)sss
(S:7)-------
product criterion:28 chain criterion:0
{1}[65535:4]1(7)s(6)s(5)s(4)s(3)s(2)sss2(6)------
(S:8)---------
product criterion:0 chain criterion:0
(S:8)rrrrrrrr
[65535:2]1(7)s(6)s(5)s(4)s(3)s(2)sss
(S:7)-------
product criterion:28 chain criterion:0
intersect by elimination method
[1048575:5]1(8)s2(7)s(6)s(5)s(4)s(3)s(2)sss
(S:8)--------
product criterion:36 chain criterion:0
map is a permutation
[1048575:4]1(8)s(7)s(6)s(5)s(4)s(3)s(2)ss2s
(S:0)
product criterion:36 chain criterion:0
map is a permutation
[1048575:4]1(8)s(7)s(6)s(5)s(4)s(3)s(2)ss2s
(S:0)
product criterion:36 chain criterion:0
map is a permutation
[1048575:4]1(8)s(7)s(6)s(5)s(4)s(3)s(2)ss2s
(S:0)
product criterion:36 chain criterion:0
map is a permutation
[1048575:4]1(8)s(7)s(6)s(5)s(4)s(3)s(2)ss2s
(S:0)
product criterion:36 chain criterion:0
map is a permutation
[1048575:4]1(8)s(7)s(6)s(5)s(4)s(3)s(2)ss2s
(S:0)
product criterion:36 chain criterion:0
map is a permutation
[1048575:4]1(8)s(7)s(6)s(5)s(4)s(3)s(2)ss2s
(S:0)
product criterion:36 chain criterion:0
map is a permutation
[1048575:4]1(8)s(7)s(6)s(5)s(4)s(3)s(2)ss2s
(S:0)
product criterion:36 chain criterion:0
map is a permutation
[1048575:4]1(8)s(7)s(6)s(5)s(4)s(3)s(2)ss2s
(S:0)
product criterion:36 chain criterion:0
[65535:2]1(7)s(6)s(5)s(4)s(3)s(2)sss
(S:7)-------
product criterion:28 chain criterion:0
// ** _ is no standard basis
// ** _ is no standard basis
Auf Wiedersehen.
                     SINGULAR                                 /  Development
 A Computer Algebra System for Polynomial Computations       /   version 4.3.2
                                                           0<
 by: W. Decker, G.-M. Greuel, G. Pfister, H. Schoenemann     \   Feb 2023
FB Mathematik der Universitaet, D-67653 Kaiserslautern        \  Debian 1:4.3.2-p10+ds-1.1build1
compute hilbert series with std in ring (ZZ/179424673),(x8,x7,x6,x5,x4,x3,x2,x1,@),(dp(9),C)
weights used for hilbert series: 1,1,1,1,1,1,1,1,1
[1048575:3]1(7)s2(6)s(5)ss(6)s3(8)ss(9)s(11)s(12)s(14)s(16)s(19)s(20)s4(22)s(25)-s(27)s(30)------------s(23)s(27)--s(30)s(35)s5(38)------------s(30)s(35)s(40)-----s-----s--s(43)----6---------------------------------------
product criterion:94 chain criterion:181
std with hilb in (ZZ/179424673),(x8,x7,x6,x5,x4,x3,x2,x1,@),(lp(8),dp(1),C)
[1048575:3]1(27)s2(26)s(25)ss(26)s3(28)ss(29)s(30)s(32)s(34)s(36)s(39)------s(37)s4(42)--s(44)--s(45)-----s(41)s(44)s(49)s(53)s(55)s(59)s(65)s(70)s(72)s(78)------s(75)shhhhhhhh5(70)----------s(64)s(69)-s(72)--------s(68)s(73)-s(77)s(82)-s(86)----------s(80)s(86)-s(91)s(97)---------s(91)-----s(90)-shhhhhhhhh6(86)------------------------------------------------------------------s(26)----s(27)s(32)shhhhhhhhhhhhh7(24)--------------------shhhh8(6)-----shhhhhhh
product criterion:313 chain criterion:638
hilbert series criterion:41
dehomogenization
simplification
imap to ring (ZZ/179424673),(x8,x7,x6,x5,x4,x3,x2,x1),(lp(8),C)
Auf Wiedersehen.
                     SINGULAR                                 /  Development
 A Computer Algebra System for Polynomial Computations       /   version 4.3.2
                                                           0<
 by: W. Decker, G.-M. Greuel, G. Pfister, H. Schoenemann     \   Feb 2023
FB Mathematik der Universitaet, D-67653 Kaiserslautern        \  Debian 1:4.3.2-p10+ds-1.1build1
compute hilbert series with std in ring (ZZ/179424673),(x8,x7,x6,x5,x4,x3,x2,x1,@),(dp(9),C)
weights used for hilbert series: 1,1,1,1,1,1,1,1,1
[1048575:3]1(7)s2(6)s(5)ss(6)s3(8)ss(9)s(11)s(12)s(14)s(16)s(19)s(20)s4(22)s(25)-s(27)s(30)------------s(23)s(27)--s(30)s(35)s5(38)------------s(30)s(35)s(40)-----s-----s--s(43)----6---------------------------------------
product criterion:94 chain criterion:181
std with hilb in (ZZ/179424673),(x8,x7,x6,x5,x4,x3,x2,x1,@),(lp(8),dp(1),C)
[1048575:3]1(27)s2(26)s(25)ss(26)s3(28)ss(29)s(30)s(32)s(34)s(36)s(39)------s(37)s4(42)--s(44)--s(45)-----s(41)s(44)s(49)s(53)s(55)s(59)s(65)s(70)s(72)s(78)------s(75)shhhhhhhh5(70)----------s(64)s(69)-s(72)--------s(68)s(73)-s(77)s(82)-s(86)----------s(80)s(86)-s(91)s(97)---------s(91)-----s(90)-shhhhhhhhh6(86)------------------------------------------------------------------s(26)----s(27)s(32)shhhhhhhhhhhhh7(24)--------------------shhhh8(6)-----shhhhhhh
product criterion:313 chain criterion:638
hilbert series criterion:41
dehomogenization
simplification
imap to ring (ZZ/179424673),(x8,x7,x6,x5,x4,x3,x2,x1),(lp(8),C)
Auf Wiedersehen.
                     SINGULAR                                 /  Development
 A Computer Algebra System for Polynomial Computations       /   version 4.3.2
                                                           0<
 by: W. Decker, G.-M. Greuel, G. Pfister, H. Schoenemann     \   Feb 2023
FB Mathematik der Universitaet, D-67653 Kaiserslautern        \  Debian 1:4.3.2-p10+ds-1.1build1
// ** loaded /usr/bin/../share/singular/LIB/primdec.lib (4.3.2.9,Oct_2023)
// ** loaded /usr/bin/../share/singular/LIB/ring.lib (4.3.1.3,Feb_2023)
// ** loaded /usr/bin/../share/singular/LIB/absfact.lib (4.1.2.0,Feb_2019)
// ** loaded /usr/bin/../share/singular/LIB/triang.lib (4.1.2.0,Feb_2019)
// ** loaded /usr/bin/../share/singular/LIB/matrix.lib (4.3.2.3,Aug_2023)
// ** loaded /usr/bin/../share/singular/LIB/nctools.lib (4.1.2.0,Feb_2019)
// ** loaded /usr/bin/../share/singular/LIB/inout.lib (4.1.2.0,Feb_2019)
// ** loaded /usr/bin/../share/singular/LIB/random.lib (4.1.2.0,Feb_2019)
// ** loaded /usr/bin/../share/singular/LIB/polylib.lib (4.2.0.0,Dec_2020)
// ** loaded /usr/bin/../share/singular/LIB/elim.lib (4.3.2.5,Jul_2023)
// ** loaded /usr/bin/../share/singular/LIB/general.lib (4.1.2.0,Feb_2019)
[65535:2]1(7)s(6)s(5)s2(4)s(3)s(2)s3ss
(S:7)-------
product criterion:28 chain criterion:0
// ** redefining j (int j = 2;)
rt
Auf Wiedersehen.

Set::setraw: Cannot assign to raw object 1.

Set::setraw: Cannot assign to raw object 1.
                     SINGULAR                                 /  Development
 A Computer Algebra System for Polynomial Computations       /   version 4.3.2
                                                           0<
 by: W. Decker, G.-M. Greuel, G. Pfister, H. Schoenemann     \   Feb 2023
FB Mathematik der Universitaet, D-67653 Kaiserslautern        \  Debian 1:4.3.2-p10+ds-1.1build1
// ** loaded /usr/bin/../share/singular/LIB/primdec.lib (4.3.2.9,Oct_2023)
// ** loaded /usr/bin/../share/singular/LIB/ring.lib (4.3.1.3,Feb_2023)
// ** loaded /usr/bin/../share/singular/LIB/absfact.lib (4.1.2.0,Feb_2019)
// ** loaded /usr/bin/../share/singular/LIB/triang.lib (4.1.2.0,Feb_2019)
// ** loaded /usr/bin/../share/singular/LIB/matrix.lib (4.3.2.3,Aug_2023)
// ** loaded /usr/bin/../share/singular/LIB/nctools.lib (4.1.2.0,Feb_2019)
// ** loaded /usr/bin/../share/singular/LIB/inout.lib (4.1.2.0,Feb_2019)
// ** loaded /usr/bin/../share/singular/LIB/random.lib (4.1.2.0,Feb_2019)
// ** loaded /usr/bin/../share/singular/LIB/polylib.lib (4.2.0.0,Dec_2020)
// ** loaded /usr/bin/../share/singular/LIB/elim.lib (4.3.2.5,Jul_2023)
// ** loaded /usr/bin/../share/singular/LIB/general.lib (4.1.2.0,Feb_2019)
[65535:2]1(7)s(6)s(5)s2(4)s(3)s(2)s3ss
(S:7)-------
product criterion:28 chain criterion:0
// ** redefining j (int j = 2;)
rt
Auf Wiedersehen.

Set::setraw: Cannot assign to raw object 1.

General::stop: Further output of Set::setraw will be suppressed during this calculation.
  >> 2 region(s): expReg=2.063s  build=0.012s
  [sector total: 2.077s]
#Non-triv Sectors = 1

[SECTOR_RESULT] key=1101 tier=Quick state=done time=2.077425 regions=2
