
      +++  sector:  {1, 1, 1, 1}  (1/1)  +++ 
                     SINGULAR                                 /  Development
 A Computer Algebra System for Polynomial Computations       /   version 4.3.2
                                                           0<
 by: W. Decker, G.-M. Greuel, G. Pfister, H. Schoenemann     \   Feb 2023
FB Mathematik der Universitaet, D-67653 Kaiserslautern        \  Debian 1:4.3.2-p10+ds-1.1build1
compute hilbert series with std in ring (ZZ/179424673),(x8,x7,x6,x5,x4,x3,x2,x1,@),(dp(9),C)
weights used for hilbert series: 1,1,1,1,1,1,1,1,1
[1048575:3]2(7)s(6)s(5)s(4)s(3)s(4)s(5)s(7)s3(10)s(13)s(16)s(20)s(22)s(27)s(31)s(35)s(38)s(41)s(43)s4(47)s(52)s(56)s(60)s(66)s(70)-----ss(76)---s(78)-s(82)------s(81)---------s(78)s(85)s(91)s(96)-s(102)--(100)-----s5(99)s(106)-s(111)----s(113)-----------s(109)---------(100)-------------------------------------------s(64)s(70)--------s(69)--s(74)------s(75)------6---------------------------------------------------------------------
product criterion:222 chain criterion:496
std with hilb in (ZZ/179424673),(x8,x7,x6,x5,x4,x3,x2,x1,@),(lp(8),dp(1),C)
[1048575:3]2(43)s(42)ss(41)ss(42)s(45)ss3(46)s(49)s(53)s(56)s(61)s(63)s(66)s(69)s(72)s(76)s(79)shhhhhhhhhhh4(71)s(75)s(81)s(87)s(92)s(99)s(105)--s(107)-s(111)---s(113)--------s(110)s(116)-------------s(109)s(116)-s(122)----shhhhhhhhhhhhhhhh5(106)s(112)s(117)-s(123)---s(126)----s(129)s(135)s(142)------------------s(130)-s(136)-----------s(132)----------------------s(117)-----------------(100)-------shhhhhhhhhhh6(89)shhhhhhhhhhhhhhhhhhhhhhhhhhhhhhhhhhhhhhhhhhhhhhhhhhhhhhhhhhhhhhhhhhhhhhhhhhhhhhhhhhhhhhhhh7(7)shhhhhhhhhhhhhh
product criterion:255 chain criterion:612
hilbert series criterion:141
dehomogenization
simplification
imap to ring (ZZ/179424673),(x8,x7,x6,x5,x4,x3,x2,x1),(lp(8),C)
Auf Wiedersehen.
                     SINGULAR                                 /  Development
 A Computer Algebra System for Polynomial Computations       /   version 4.3.2
                                                           0<
 by: W. Decker, G.-M. Greuel, G. Pfister, H. Schoenemann     \   Feb 2023
FB Mathematik der Universitaet, D-67653 Kaiserslautern        \  Debian 1:4.3.2-p10+ds-1.1build1
// ** loaded /usr/bin/../share/singular/LIB/primdec.lib (4.3.2.9,Oct_2023)
// ** loaded /usr/bin/../share/singular/LIB/ring.lib (4.3.1.3,Feb_2023)
// ** loaded /usr/bin/../share/singular/LIB/absfact.lib (4.1.2.0,Feb_2019)
// ** loaded /usr/bin/../share/singular/LIB/triang.lib (4.1.2.0,Feb_2019)
// ** loaded /usr/bin/../share/singular/LIB/matrix.lib (4.3.2.3,Aug_2023)
// ** loaded /usr/bin/../share/singular/LIB/nctools.lib (4.1.2.0,Feb_2019)
// ** loaded /usr/bin/../share/singular/LIB/inout.lib (4.1.2.0,Feb_2019)
// ** loaded /usr/bin/../share/singular/LIB/random.lib (4.1.2.0,Feb_2019)
// ** loaded /usr/bin/../share/singular/LIB/polylib.lib (4.2.0.0,Dec_2020)
// ** loaded /usr/bin/../share/singular/LIB/elim.lib (4.3.2.5,Jul_2023)
// ** loaded /usr/bin/../share/singular/LIB/general.lib (4.1.2.0,Feb_2019)
map with cache
map with cache
map with cache
map with cache
map with cache
map with cache
map with cache
std in (ZZ/179424673),(x8,x7,x6,x5,x4,x3,x2,x1),(dp(8),C)
[65535:3]1(7)s(6)s(5)s(4)s(3)s(2)ss5s
(S:7)-------
product criterion:28 chain criterion:0
[65535:2]1(7)s(6)s(5)s(4)s(3)s(2)ss5s
(S:7)-------
product criterion:28 chain criterion:0
map is a permutation
[1048575:4]1(8)s(7)s(6)s(5)s(4)s(3)s(2)sss
(S:8)--------
product criterion:36 chain criterion:0
[65535:2]1(7)s(6)s(5)s(4)s(3)s(2)sss
(S:7)-------
product criterion:28 chain criterion:0
{1}[65535:4]1(7)s(6)s(5)s(4)s(3)s(2)sss2(6)------
(S:8)---------
product criterion:0 chain criterion:0
(S:8)rrrrrrrr
[65535:2]1(7)s(6)s(5)s(4)s(3)s(2)sss
(S:7)-------
product criterion:28 chain criterion:0
intersect by elimination method
[1048575:5]1(8)s2(7)s(6)s(5)s(4)s(3)s(2)sss
(S:8)--------
product criterion:36 chain criterion:0
map is a permutation
[1048575:4]1(8)s(7)s(6)s(5)s(4)s(3)s(2)ss2s
(S:0)
product criterion:36 chain criterion:0
map is a permutation
[1048575:4]1(8)s(7)s(6)s(5)s(4)s(3)s(2)ss2s
(S:0)
product criterion:36 chain criterion:0
map is a permutation
[1048575:4]1(8)s(7)s(6)s(5)s(4)s(3)s(2)ss2s
(S:0)
product criterion:36 chain criterion:0
map is a permutation
[1048575:4]1(8)s(7)s(6)s(5)s(4)s(3)s(2)ss2s
(S:0)
product criterion:36 chain criterion:0
map is a permutation
[1048575:4]1(8)s(7)s(6)s(5)s(4)s(3)s(2)ss2s
(S:0)
product criterion:36 chain criterion:0
map is a permutation
[1048575:4]1(8)s(7)s(6)s(5)s(4)s(3)s(2)ss2s
(S:0)
product criterion:36 chain criterion:0
map is a permutation
[1048575:4]1(8)s(7)s(6)s(5)s(4)s(3)s(2)ss2s
(S:0)
product criterion:36 chain criterion:0
map is a permutation
[1048575:4]1(8)s(7)s(6)s(5)s(4)s(3)s(2)ss2s
(S:0)
product criterion:36 chain criterion:0
[65535:2]1(7)s(6)s(5)s(4)s(3)s(2)sss
(S:7)-------
product criterion:28 chain criterion:0
map is a permutation
[1048575:4]1(8)s(7)s(6)s(5)s(4)s(3)s(2)ss2s
(S:8)--------
product criterion:36 chain criterion:0
[65535:2]1(7)s(6)s(5)s(4)s(3)s(2)ss2s
(S:7)-------
product criterion:28 chain criterion:0
{1}[65535:4]1(7)s(6)s(5)s(4)s(3)s(2)ss2s3(6)------
(S:8)---------
product criterion:0 chain criterion:0
(S:8)rrrrrrrr
[65535:2]1(7)s(6)s(5)s(4)s(3)s(2)ss2s
(S:7)-------
product criterion:28 chain criterion:0
map is a permutation
intersect by elimination method
[1048575:5]1(8)s2(7)s(6)s(5)s(4)s(3)s(2)ss3s
(S:8)--------
product criterion:36 chain criterion:0
map is a permutation
[1048575:4]1(8)s(7)s(6)s(5)s(4)s(3)s(2)s2s.4
(S:0)
product criterion:28 chain criterion:0
map is a permutation
[1048575:4]1(8)s(7)s(6)s(5)s(4)s(3)s(2)s2s.4
(S:0)
product criterion:28 chain criterion:0
map is a permutation
[1048575:4]1(8)s(7)s(6)s(5)s(4)s(3)s(2)s2s.4
(S:0)
product criterion:28 chain criterion:0
map is a permutation
[1048575:4]1(8)s(7)s(6)s(5)s(4)s(3)s(2)s2s.4
(S:0)
product criterion:28 chain criterion:0
map is a permutation
[1048575:4]1(8)s(7)s(6)s(5)s(4)s(3)s(2)s2s.4
(S:0)
product criterion:28 chain criterion:0
map is a permutation
[1048575:4]1(8)s(7)s(6)s(5)s(4)s(3)s(2)s2s.4
(S:0)
product criterion:28 chain criterion:0
map is a permutation
[1048575:4]1(8)s(7)s(6)s(5)s(4)s(3)s(2)s2s.4
(S:0)
product criterion:28 chain criterion:0
map is a permutation
[1048575:4]1(8)s(7)s(6)s(5)s(4)s(3)s(2)s2s3s
(S:0)
product criterion:36 chain criterion:0
[65535:2]1(7)s(6)s(5)s(4)s(3)s(2)ss2s
(S:7)-------
product criterion:28 chain criterion:0
map is a permutation
[1048575:4]1(8)s(7)s(6)s(5)s(4)s(3)s(2)ss2s
(S:8)--------
product criterion:36 chain criterion:0
[65535:2]1(7)s(6)s(5)s(4)s(3)s(2)ss2s
(S:7)-------
product criterion:28 chain criterion:0
{1}[65535:4]1(7)s(6)s(5)s(4)s(3)s(2)ss2s3(6)------
(S:8)---------
product criterion:0 chain criterion:0
(S:8)rrrrrrrr
[65535:2]1(7)s(6)s(5)s(4)s(3)s(2)ss2s
(S:7)-------
product criterion:28 chain criterion:0
map is a permutation
intersect by elimination method
[1048575:5]1(8)s2(7)s(6)s(5)s(4)s(3)s(2)ss3s
(S:8)--------
product criterion:36 chain criterion:0
map is a permutation
[1048575:4]1(8)s(7)s(6)s(5)s(4)s(3)s(2)s2s.4
(S:0)
product criterion:28 chain criterion:0
map is a permutation
[1048575:4]1(8)s(7)s(6)s(5)s(4)s(3)s(2)s2s.4
(S:0)
product criterion:28 chain criterion:0
map is a permutation
[1048575:4]1(8)s(7)s(6)s(5)s(4)s(3)s(2)s2s.4
(S:0)
product criterion:28 chain criterion:0
map is a permutation
[1048575:4]1(8)s(7)s(6)s(5)s(4)s(3)s(2)s2s.4
(S:0)
product criterion:28 chain criterion:0
map is a permutation
[1048575:4]1(8)s(7)s(6)s(5)s(4)s(3)s(2)s2s.4
(S:0)
product criterion:28 chain criterion:0
map is a permutation
[1048575:4]1(8)s(7)s(6)s(5)s(4)s(3)s(2)s2s.4
(S:0)
product criterion:28 chain criterion:0
map is a permutation
[1048575:4]1(8)s(7)s(6)s(5)s(4)s(3)s(2)s2s.4
(S:0)
product criterion:28 chain criterion:0
map is a permutation
[1048575:4]1(8)s(7)s(6)s(5)s(4)s(3)s(2)s2s3s
(S:0)
product criterion:36 chain criterion:0
[65535:2]1(7)s(6)s(5)s(4)s(3)s(2)ss2s
(S:7)-------
product criterion:28 chain criterion:0
// ** _ is no standard basis
// ** _ is no standard basis
// ** _ is no standard basis
Auf Wiedersehen.
                     SINGULAR                                 /  Development
 A Computer Algebra System for Polynomial Computations       /   version 4.3.2
                                                           0<
 by: W. Decker, G.-M. Greuel, G. Pfister, H. Schoenemann     \   Feb 2023
FB Mathematik der Universitaet, D-67653 Kaiserslautern        \  Debian 1:4.3.2-p10+ds-1.1build1
compute hilbert series with std in ring (ZZ/179424673),(x8,x7,x6,x5,x4,x3,x2,x1,@),(dp(9),C)
weights used for hilbert series: 1,1,1,1,1,1,1,1,1
[1048575:3]1(7)s2(6)s(5)s(4)s3s(5)s4(7)s(9)---ss(10)s5(12)s(15)s(18)-----s(17)s(22)s(26)s(31)s6(35)-----s(33)---s(35)s(38)----s(39)---s(42)s(47)s(52)-s(56)----7-----s(51)-s(55)-s(59)----s--s(62)--s(66)-s(71)s(77)----s(79)---------------s(70)--s(74)-s8(78)----------------------------------------------------------------------s(13)-s(17)-s(21)---s9(22)----------------------
product criterion:106 chain criterion:517
std with hilb in (ZZ/179424673),(x8,x7,x6,x5,x4,x3,x2,x1,@),(lp(8),dp(1),C)
[1048575:3]1(40)s2(39)s(38)ss3(39)ss(40)s(41)sh4(42)s(45)----s--s(46)-s(49)s5(54)s(58)-s(61)s(63)--s(62)s(67)s(72)s(74)s(76)s(82)-s(87)-s(89)s(92)-s(95)s(98)-s(102)s(106)shhhhhhh6(102)--(100)--s(101)-(100)---s(101)s(106)---s(108)---s(109)-s(112)--s(114)s(120)--s(124)s(129)-----s(128)---s(130)-s(134)-----s(135)-s(138)---s(140)--------s(137)-----s(138)s(143)s(148)-----shhhhhhhh7(137)--s(141)s(147)s(152)-----------------s(141)--s(145)---------------s(135)----------s(131)s(137)s(141)------------s(132)s(135)s(140)s(146)--s(150)----s--s(154)-----s(153)-s(158)s(163)s(165)--s(168)s(173)---------------s(164)-s(167)s(171)shhhhhhhhhhhhhhh8(162)--------------------------------------------------------------(100)-------------s(92)------------s(86)s(92)---------------------s(76)----s(78)----------------------s(61)-----------shhhh9(52)-----------------------------------s(22)-----s(23)-s(28)-----s-s10(34)-------------------------s(15)--shh11(16)--------------s(8)s(13)s12(19)-----------------s(7)s(13)s13(19)-----------------s(6)s(12)s14(17)-----------------s15(6)------s16------shhhhhh
product criterion:527 chain criterion:4166
hilbert series criterion:43
dehomogenization
simplification
imap to ring (ZZ/179424673),(x8,x7,x6,x5,x4,x3,x2,x1),(lp(8),C)
Auf Wiedersehen.
                     SINGULAR                                 /  Development
 A Computer Algebra System for Polynomial Computations       /   version 4.3.2
                                                           0<
 by: W. Decker, G.-M. Greuel, G. Pfister, H. Schoenemann     \   Feb 2023
FB Mathematik der Universitaet, D-67653 Kaiserslautern        \  Debian 1:4.3.2-p10+ds-1.1build1
compute hilbert series with std in ring (ZZ/179424673),(x8,x7,x6,x5,x4,x3,x2,x1,@),(dp(9),C)
weights used for hilbert series: 1,1,1,1,1,1,1,1,1
[1048575:3]2(7)s(6)s(5)s(6)s3s(7)s(9)s(10)s4(12)--ss(15)s(18)s(22)-s(24)--s(26)s(28)s5(31)s(36)s(39)s(42)s(45)-s(48)-----s(47)--s(49)-------s(47)s(53)-s(56)s(61)s(66)s(72)s6(78)-----------s(71)---s(73)---------------s(62)s(68)s(72)-s(77)---s(79)s(84)---s(87)--s(90)s(95)---s(98)s(104)-s(108)s(113)s(119)-s(122)---s(123)s(128)--7-------s(123)-------s(122)s(127)s(133)s(140)s(147)s(153)--s(157)-s(162)s(168)s(173)------------s(166)----s(169)-----s(171)s(178)s(184)-------s--s(189)--s(194)-----------s(189)---------------------------s(168)s(174)---------8---------s(162)s(168)-------------------s(156)-s(162)--------------------------------------------------------------(100)--s(103)-s(109)---------(100)------------s(94)--s(99)s(106)------(100)----s(103)-s(109)----s(112)------s(113)------s-----s9-------------(100)---------------------------------------------------------------------------------------------s(13)----10---------s11(5)-----
product criterion:254 chain criterion:3055
std with hilb in (ZZ/179424673),(x8,x7,x6,x5,x4,x3,x2,x1,@),(lp(8),dp(1),C)
[1048575:3]2(87)s(86)s(85)ss3(86)ss(87)s(89)-shh4(88)s(91)s(94)--ss(98)-s(99)-s(101)-(100)--s(102)shh5(105)s(110)s(114)-s(118)s(122)----s(120)s(126)s(131)s(137)s(140)s(147)s(153)s(160)---s(162)----s-s(164)s(169)--s(171)s(175)shhhhhhhhhhhhhh6(164)-----s(165)-----s(164)s(171)----s(170)s(174)s(179)-s(183)-s(186)-s(190)-s(196)---s(198)s(203)-s(208)-s(212)s(216)s(222)s(227)-s(232)s(238)-s(243)s(249)------s(247)----s(249)s(254)s(260)----s(261)s(268)s(273)---s(277)s(282)-s(286)---ss(290)-------s(287)-s(292)----s(293)-s(299)s(304)--shhhhhhhhhhhhhhhhhhhhhhh7(285)---s(288)-----ss(294)s(302)s(308)---s(311)-----------(300)-------------s(294)---------s(292)---s(296)s(301)-(300)--s(304)s(311)s(318)-s(322)s(328)----------------------------(300)-----------------------s(282)------------s(276)s(283)s(290)s(295)s(302)--(300)------s------s--s(302)--(300)--------s(298)s(304)s(309)s(315)s(321)-s(326)s(332)---s(334)s(339)s(342)s(347)--s(352)------s(350)----s(353)s(360)----s(362)s(366)--s(369)s(373)s(378)-------------------------------s(354)s(360)s(364)shhhhhhhhhhhhhhhhhhhhhh8(350)----s(353)-----------------------------------------------------(300)-------------------------------s(275)s(282)s(289)--s(294)---------------------------s(274)-------------------------s(256)-----------------------------------------------------s(208)--------(200)-----------s(195)----s(198)-s(204)----(200)-----s(201)-(200)s(205)---s(206)s(212)------s(211)-s(216)s(223)-s(229)s(234)s(238)----s(240)s(247)--s(251)-s(257)---------------------------------------s(225)---s(228)---------s(224)shhhhhhhhhhhhhhh9(217)-----------------(200)----------------------------------------------------------------------------------------------------(100)--------------------------------------s(68)--s(72)--------------s(65)-s(71)--s(75)-s(79)----------------s(69)--------s(66)-sh10(71)--------------------------------------------------------------s(15)-----s(17)s(22)sh11(28)------------------s(16)--------s(14)s12(20)--------------------s13(7)------ss14(14)------------s(7)-shhhhhhhhhhhhh
product criterion:1024 chain criterion:12598
hilbert series criterion:93
dehomogenization
simplification
imap to ring (ZZ/179424673),(x8,x7,x6,x5,x4,x3,x2,x1),(lp(8),C)
Auf Wiedersehen.
                     SINGULAR                                 /  Development
 A Computer Algebra System for Polynomial Computations       /   version 4.3.2
                                                           0<
 by: W. Decker, G.-M. Greuel, G. Pfister, H. Schoenemann     \   Feb 2023
FB Mathematik der Universitaet, D-67653 Kaiserslautern        \  Debian 1:4.3.2-p10+ds-1.1build1
compute hilbert series with std in ring (ZZ/179424673),(x8,x7,x6,x5,x4,x3,x2,x1,@),(dp(9),C)
weights used for hilbert series: 1,1,1,1,1,1,1,1,1
[1048575:3]2(7)s(6)s(5)s(6)s3s(7)s(9)s(10)s4(12)--ss(15)s(18)s(22)-s(24)--s(26)s(28)s5(31)s(36)s(39)s(42)s(45)-s(48)-----s(47)--s(49)-------s(47)s(53)-s(56)s(61)s(66)s(72)s6(78)-----------s(71)---s(73)---------------s(62)s(68)s(72)-s(77)---s(79)s(84)---s(87)--s(90)s(95)---s(98)s(104)-s(108)s(113)s(119)-s(122)---s(123)s(128)--7-------s(123)-------s(122)s(127)s(133)s(140)s(147)s(153)--s(157)-s(162)s(168)s(173)------------s(166)----s(169)-----s(171)s(178)s(184)-------s--s(189)--s(194)-----------s(189)---------------------------s(168)s(174)---------8---------s(162)s(168)-------------------s(156)-s(162)--------------------------------------------------------------(100)--s(103)-s(109)---------(100)------------s(94)--s(99)s(106)------(100)----s(103)-s(109)----s(112)------s(113)------s-----s9-------------(100)---------------------------------------------------------------------------------------------s(13)----10---------s11(5)-----
product criterion:254 chain criterion:3055
std with hilb in (ZZ/179424673),(x8,x7,x6,x5,x4,x3,x2,x1,@),(lp(8),dp(1),C)
[1048575:3]2(87)s(86)s(85)ss3(86)ss(87)s(89)-shh4(88)s(91)s(94)--ss(98)-s(99)-s(101)-(100)--s(102)shh5(105)s(110)s(114)-s(118)s(122)----s(120)s(126)s(131)s(137)s(140)s(147)s(153)s(160)---s(162)----s-s(164)s(169)--s(171)s(175)shhhhhhhhhhhhhh6(164)-----s(165)-----s(164)s(171)----s(170)s(174)s(179)-s(183)-s(186)-s(190)-s(196)---s(198)s(203)-s(208)-s(212)s(216)s(222)s(227)-s(232)s(238)-s(243)s(249)------s(247)----s(249)s(254)s(260)----s(261)s(268)s(273)---s(277)s(282)-s(286)---ss(290)-------s(287)-s(292)----s(293)-s(299)s(304)--shhhhhhhhhhhhhhhhhhhhhhh7(285)---s(288)-----ss(294)s(302)s(308)---s(311)-----------(300)-------------s(294)---------s(292)---s(296)s(301)-(300)--s(304)s(311)s(318)-s(322)s(328)----------------------------(300)-----------------------s(282)------------s(276)s(283)s(290)s(295)s(302)--(300)------s------s--s(302)--(300)--------s(298)s(304)s(309)s(315)s(321)-s(326)s(332)---s(334)s(339)s(342)s(347)--s(352)------s(350)----s(353)s(360)----s(362)s(366)--s(369)s(373)s(378)-------------------------------s(354)s(360)s(364)shhhhhhhhhhhhhhhhhhhhhh8(350)----s(353)-----------------------------------------------------(300)-------------------------------s(275)s(282)s(289)--s(294)---------------------------s(274)-------------------------s(256)-----------------------------------------------------s(208)--------(200)-----------s(195)----s(198)-s(204)----(200)-----s(201)-(200)s(205)---s(206)s(212)------s(211)-s(216)s(223)-s(229)s(234)s(238)----s(240)s(247)--s(251)-s(257)---------------------------------------s(225)---s(228)---------s(224)shhhhhhhhhhhhhhh9(217)-----------------(200)----------------------------------------------------------------------------------------------------(100)--------------------------------------s(68)--s(72)--------------s(65)-s(71)--s(75)-s(79)----------------s(69)--------s(66)-sh10(71)--------------------------------------------------------------s(15)-----s(17)s(22)sh11(28)------------------s(16)--------s(14)s12(20)--------------------s13(7)------ss14(14)------------s(7)-shhhhhhhhhhhhh
product criterion:1024 chain criterion:12598
hilbert series criterion:93
dehomogenization
simplification
imap to ring (ZZ/179424673),(x8,x7,x6,x5,x4,x3,x2,x1),(lp(8),C)
Auf Wiedersehen.
                     SINGULAR                                 /  Development
 A Computer Algebra System for Polynomial Computations       /   version 4.3.2
                                                           0<
 by: W. Decker, G.-M. Greuel, G. Pfister, H. Schoenemann     \   Feb 2023
FB Mathematik der Universitaet, D-67653 Kaiserslautern        \  Debian 1:4.3.2-p10+ds-1.1build1
// ** loaded /usr/bin/../share/singular/LIB/primdec.lib (4.3.2.9,Oct_2023)
// ** loaded /usr/bin/../share/singular/LIB/ring.lib (4.3.1.3,Feb_2023)
// ** loaded /usr/bin/../share/singular/LIB/absfact.lib (4.1.2.0,Feb_2019)
// ** loaded /usr/bin/../share/singular/LIB/triang.lib (4.1.2.0,Feb_2019)
// ** loaded /usr/bin/../share/singular/LIB/matrix.lib (4.3.2.3,Aug_2023)
// ** loaded /usr/bin/../share/singular/LIB/nctools.lib (4.1.2.0,Feb_2019)
// ** loaded /usr/bin/../share/singular/LIB/inout.lib (4.1.2.0,Feb_2019)
// ** loaded /usr/bin/../share/singular/LIB/random.lib (4.1.2.0,Feb_2019)
// ** loaded /usr/bin/../share/singular/LIB/polylib.lib (4.2.0.0,Dec_2020)
// ** loaded /usr/bin/../share/singular/LIB/elim.lib (4.3.2.5,Jul_2023)
// ** loaded /usr/bin/../share/singular/LIB/general.lib (4.1.2.0,Feb_2019)
[65535:2]1(7)s(6)s2(5)s(4)s(3)s(2)s4ss
(S:7)-------
product criterion:28 chain criterion:0
// ** redefining j (int j = 2;)
rt
Auf Wiedersehen.

Set::setraw: Cannot assign to raw object 1.

Set::setraw: Cannot assign to raw object 1.
                     SINGULAR                                 /  Development
 A Computer Algebra System for Polynomial Computations       /   version 4.3.2
                                                           0<
 by: W. Decker, G.-M. Greuel, G. Pfister, H. Schoenemann     \   Feb 2023
FB Mathematik der Universitaet, D-67653 Kaiserslautern        \  Debian 1:4.3.2-p10+ds-1.1build1
// ** loaded /usr/bin/../share/singular/LIB/primdec.lib (4.3.2.9,Oct_2023)
// ** loaded /usr/bin/../share/singular/LIB/ring.lib (4.3.1.3,Feb_2023)
// ** loaded /usr/bin/../share/singular/LIB/absfact.lib (4.1.2.0,Feb_2019)
// ** loaded /usr/bin/../share/singular/LIB/triang.lib (4.1.2.0,Feb_2019)
// ** loaded /usr/bin/../share/singular/LIB/matrix.lib (4.3.2.3,Aug_2023)
// ** loaded /usr/bin/../share/singular/LIB/nctools.lib (4.1.2.0,Feb_2019)
// ** loaded /usr/bin/../share/singular/LIB/inout.lib (4.1.2.0,Feb_2019)
// ** loaded /usr/bin/../share/singular/LIB/random.lib (4.1.2.0,Feb_2019)
// ** loaded /usr/bin/../share/singular/LIB/polylib.lib (4.2.0.0,Dec_2020)
// ** loaded /usr/bin/../share/singular/LIB/elim.lib (4.3.2.5,Jul_2023)
// ** loaded /usr/bin/../share/singular/LIB/general.lib (4.1.2.0,Feb_2019)
[65535:2]1(7)s2(6)s(5)s(4)s(3)s3(2)s4ss
(S:7)-------
product criterion:28 chain criterion:0
// ** redefining j (int j = 2;)
rt
// ** redefining p (    poly p = reduce(kb[a]*kb[b], gb);)
rt
// ** redefining b (int b = 1;)
// ** redefining p (    poly p = reduce(kb[a]*kb[b], gb);)
rt
// ** redefining p (    poly p = reduce(kb[a]*kb[b], gb);)
rt
Auf Wiedersehen.

Set::write: Tag String in A[4] is Protected.

Set::setraw: Cannot assign to raw object 1.

General::stop: Further output of Set::setraw will be suppressed during this calculation.

Set::write: Tag Plus in 24868493 - 54965790 A[4] is Protected.

Set::write: Tag String in A[4] is Protected.

General::stop: Further output of Set::write will be suppressed during this calculation.
                     SINGULAR                                 /  Development
 A Computer Algebra System for Polynomial Computations       /   version 4.3.2
                                                           0<
 by: W. Decker, G.-M. Greuel, G. Pfister, H. Schoenemann     \   Feb 2023
FB Mathematik der Universitaet, D-67653 Kaiserslautern        \  Debian 1:4.3.2-p10+ds-1.1build1
// ** loaded /usr/bin/../share/singular/LIB/primdec.lib (4.3.2.9,Oct_2023)
// ** loaded /usr/bin/../share/singular/LIB/ring.lib (4.3.1.3,Feb_2023)
// ** loaded /usr/bin/../share/singular/LIB/absfact.lib (4.1.2.0,Feb_2019)
// ** loaded /usr/bin/../share/singular/LIB/triang.lib (4.1.2.0,Feb_2019)
// ** loaded /usr/bin/../share/singular/LIB/matrix.lib (4.3.2.3,Aug_2023)
// ** loaded /usr/bin/../share/singular/LIB/nctools.lib (4.1.2.0,Feb_2019)
// ** loaded /usr/bin/../share/singular/LIB/inout.lib (4.1.2.0,Feb_2019)
// ** loaded /usr/bin/../share/singular/LIB/random.lib (4.1.2.0,Feb_2019)
// ** loaded /usr/bin/../share/singular/LIB/polylib.lib (4.2.0.0,Dec_2020)
// ** loaded /usr/bin/../share/singular/LIB/elim.lib (4.3.2.5,Jul_2023)
// ** loaded /usr/bin/../share/singular/LIB/general.lib (4.1.2.0,Feb_2019)
[65535:2]1(7)s2(6)s(5)s(4)s(3)s3(2)s4ss
(S:7)-------
product criterion:28 chain criterion:0
// ** redefining j (int j = 2;)
rt
// ** redefining p (    poly p = reduce(kb[a]*kb[b], gb);)
rt
// ** redefining b (int b = 1;)
// ** redefining p (    poly p = reduce(kb[a]*kb[b], gb);)
rt
// ** redefining p (    poly p = reduce(kb[a]*kb[b], gb);)
rt
Auf Wiedersehen.
  >> 3 region(s): expReg=9.295s  build=0.029s
  [sector total: 9.325000000000001s]
#Non-triv Sectors = 1

[SECTOR_RESULT] key=1111 tier=Quick state=done time=9.32571 regions=3
