
      +++  sector:  {1, 1, 1, 0}  (1/1)  +++ 
                     SINGULAR                                 /  Development
 A Computer Algebra System for Polynomial Computations       /   version 4.3.2
                                                           0<
 by: W. Decker, G.-M. Greuel, G. Pfister, H. Schoenemann     \   Feb 2023
FB Mathematik der Universitaet, D-67653 Kaiserslautern        \  Debian 1:4.3.2-p10+ds-1.1build1
compute hilbert series with std in ring (ZZ/179424673),(x8,x7,x6,x5,x4,x3,x2,x1,@),(dp(9),C)
weights used for hilbert series: 1,1,1,1,1,1,1,1,1
[1048575:3]2(7)s(6)s(5)s(4)s(3)s(4)s(5)s(7)s3(10)s(13)s(16)s(20)s(22)s(27)s(31)s(35)s(38)s(41)s(43)s4(46)s(51)s(55)-s(60)s(67)----s-----s(68)----s(69)s(75)-s(81)------------s(76)s(82)-s(88)------5-s--------------------------------------------------------------------------------6-s(13)------7-------
product criterion:161 chain criterion:212
std with hilb in (ZZ/179424673),(x8,x7,x6,x5,x4,x3,x2,x1,@),(lp(8),dp(1),C)
[1048575:3]2(32)s(31)ss(30)ss(31)s(34)ss3(35)s(38)s(42)s(45)s(50)s(52)s(54)s(57)s(60)s(63)s(66)shhhhhhhhhhh4(59)s(63)s(69)s(75)s(79)s(86)s(92)-s(97)---s(100)--------------s(93)s(99)---------------shhhhhhhhhhhhhh5(77)shhhhhhhhhhhhhhhhhhhhhhhhhhhhhhhhhhhhhhhhhhhhhhhhhhhhhhhhhhhhhhhhhhhhhhhhhhhh6(8)shhhhhhhhhhhhhhh
product criterion:153 chain criterion:195
hilbert series criterion:116
dehomogenization
simplification
imap to ring (ZZ/179424673),(x8,x7,x6,x5,x4,x3,x2,x1),(lp(8),C)
Auf Wiedersehen.
                     SINGULAR                                 /  Development
 A Computer Algebra System for Polynomial Computations       /   version 4.3.2
                                                           0<
 by: W. Decker, G.-M. Greuel, G. Pfister, H. Schoenemann     \   Feb 2023
FB Mathematik der Universitaet, D-67653 Kaiserslautern        \  Debian 1:4.3.2-p10+ds-1.1build1
// ** loaded /usr/bin/../share/singular/LIB/primdec.lib (4.3.2.9,Oct_2023)
// ** loaded /usr/bin/../share/singular/LIB/ring.lib (4.3.1.3,Feb_2023)
// ** loaded /usr/bin/../share/singular/LIB/absfact.lib (4.1.2.0,Feb_2019)
// ** loaded /usr/bin/../share/singular/LIB/triang.lib (4.1.2.0,Feb_2019)
// ** loaded /usr/bin/../share/singular/LIB/matrix.lib (4.3.2.3,Aug_2023)
// ** loaded /usr/bin/../share/singular/LIB/nctools.lib (4.1.2.0,Feb_2019)
// ** loaded /usr/bin/../share/singular/LIB/inout.lib (4.1.2.0,Feb_2019)
// ** loaded /usr/bin/../share/singular/LIB/random.lib (4.1.2.0,Feb_2019)
// ** loaded /usr/bin/../share/singular/LIB/polylib.lib (4.2.0.0,Dec_2020)
// ** loaded /usr/bin/../share/singular/LIB/elim.lib (4.3.2.5,Jul_2023)
// ** loaded /usr/bin/../share/singular/LIB/general.lib (4.1.2.0,Feb_2019)
map with cache
map with cache
map with cache
map with cache
map with cache
map with cache
map with cache
std in (ZZ/179424673),(x8,x7,x6,x5,x4,x3,x2,x1),(dp(8),C)
[65535:3]1(7)s(6)s(5)s(4)s(3)s(2)ss2s
(S:7)-------
product criterion:28 chain criterion:0
[65535:2]1(7)s(6)s(5)s(4)s(3)s(2)ss2s
(S:7)-------
product criterion:28 chain criterion:0
map is a permutation
[1048575:4]1(8)s(7)s(6)s(5)s(4)s(3)s(2)sss
(S:8)--------
product criterion:36 chain criterion:0
[65535:2]1(7)s(6)s(5)s(4)s(3)s(2)sss
(S:7)-------
product criterion:28 chain criterion:0
{1}[65535:4]1(7)s(6)s(5)s(4)s(3)s(2)sss2(6)------
(S:8)---------
product criterion:0 chain criterion:0
(S:8)rrrrrrrr
[65535:2]1(7)s(6)s(5)s(4)s(3)s(2)sss
(S:7)-------
product criterion:28 chain criterion:0
intersect by elimination method
[1048575:5]1(8)s2(7)s(6)s(5)s(4)s(3)s(2)sss
(S:8)--------
product criterion:36 chain criterion:0
map is a permutation
[1048575:4]1(8)s(7)s(6)s(5)s(4)s(3)s(2)ss2s
(S:0)
product criterion:36 chain criterion:0
map is a permutation
[1048575:4]1(8)s(7)s(6)s(5)s(4)s(3)s(2)ss2s
(S:0)
product criterion:36 chain criterion:0
map is a permutation
[1048575:4]1(8)s(7)s(6)s(5)s(4)s(3)s(2)ss2s
(S:0)
product criterion:36 chain criterion:0
map is a permutation
[1048575:4]1(8)s(7)s(6)s(5)s(4)s(3)s(2)ss2s
(S:0)
product criterion:36 chain criterion:0
map is a permutation
[1048575:4]1(8)s(7)s(6)s(5)s(4)s(3)s(2)ss2s
(S:0)
product criterion:36 chain criterion:0
map is a permutation
[1048575:4]1(8)s(7)s(6)s(5)s(4)s(3)s(2)ss2s
(S:0)
product criterion:36 chain criterion:0
map is a permutation
[1048575:4]1(8)s(7)s(6)s(5)s(4)s(3)s(2)ss2s
(S:0)
product criterion:36 chain criterion:0
map is a permutation
[1048575:4]1(8)s(7)s(6)s(5)s(4)s(3)s(2)ss2s
(S:0)
product criterion:36 chain criterion:0
[65535:2]1(7)s(6)s(5)s(4)s(3)s(2)sss
(S:7)-------
product criterion:28 chain criterion:0
map is a permutation
[1048575:4]1(8)s(7)s(6)s(5)s(4)s(3)s(2)sss
(S:8)--------
product criterion:36 chain criterion:0
[65535:2]1(7)s(6)s(5)s(4)s(3)s(2)sss
(S:7)-------
product criterion:28 chain criterion:0
{1}[65535:4]1(7)s(6)s(5)s(4)s(3)s(2)sss2(6)------
(S:8)---------
product criterion:0 chain criterion:0
(S:8)rrrrrrrr
[65535:2]1(7)s(6)s(5)s(4)s(3)s(2)sss
(S:7)-------
product criterion:28 chain criterion:0
intersect by elimination method
[1048575:5]1(8)s2(7)s(6)s(5)s(4)s(3)s(2)sss
(S:8)--------
product criterion:36 chain criterion:0
map is a permutation
[1048575:4]1(8)s(7)s(6)s(5)s(4)s(3)s(2)ss2s
(S:0)
product criterion:36 chain criterion:0
map is a permutation
[1048575:4]1(8)s(7)s(6)s(5)s(4)s(3)s(2)ss2s
(S:0)
product criterion:36 chain criterion:0
map is a permutation
[1048575:4]1(8)s(7)s(6)s(5)s(4)s(3)s(2)ss2s
(S:0)
product criterion:36 chain criterion:0
map is a permutation
[1048575:4]1(8)s(7)s(6)s(5)s(4)s(3)s(2)ss2s
(S:0)
product criterion:36 chain criterion:0
map is a permutation
[1048575:4]1(8)s(7)s(6)s(5)s(4)s(3)s(2)ss2s
(S:0)
product criterion:36 chain criterion:0
map is a permutation
[1048575:4]1(8)s(7)s(6)s(5)s(4)s(3)s(2)ss2s
(S:0)
product criterion:36 chain criterion:0
map is a permutation
[1048575:4]1(8)s(7)s(6)s(5)s(4)s(3)s(2)ss2s
(S:0)
product criterion:36 chain criterion:0
map is a permutation
[1048575:4]1(8)s(7)s(6)s(5)s(4)s(3)s(2)ss2s
(S:0)
product criterion:36 chain criterion:0
[65535:2]1(7)s(6)s(5)s(4)s(3)s(2)sss
(S:7)-------
product criterion:28 chain criterion:0
// ** _ is no standard basis
// ** _ is no standard basis
Auf Wiedersehen.
                     SINGULAR                                 /  Development
 A Computer Algebra System for Polynomial Computations       /   version 4.3.2
                                                           0<
 by: W. Decker, G.-M. Greuel, G. Pfister, H. Schoenemann     \   Feb 2023
FB Mathematik der Universitaet, D-67653 Kaiserslautern        \  Debian 1:4.3.2-p10+ds-1.1build1
compute hilbert series with std in ring (ZZ/179424673),(x8,x7,x6,x5,x4,x3,x2,x1,@),(dp(9),C)
weights used for hilbert series: 1,1,1,1,1,1,1,1,1
[1048575:3]1(7)s(6)s2(5)s(4)sss3(5)-ss(7)s(9)s(10)s4(12)-------s(8)s(12)-s(13)-s5(16)----------------
product criterion:51 chain criterion:20
std with hilb in (ZZ/179424673),(x8,x7,x6,x5,x4,x3,x2,x1,@),(lp(8),dp(1),C)
[1048575:3]1(14)s(13)s2(12)s(11)ss(12)s3(14)-s(13)s(14)s(15)s(17)s(20)-s(22)--s4(24)---s(25)s(26)--s----s(24)s(27)s(31)---s(33)s(35)shhhh5(34)-s(35)---------------------s(18)-shhhhhhhhhhhhhhhhhhhhh
product criterion:107 chain criterion:119
hilbert series criterion:25
dehomogenization
simplification
imap to ring (ZZ/179424673),(x8,x7,x6,x5,x4,x3,x2,x1),(lp(8),C)
Auf Wiedersehen.
                     SINGULAR                                 /  Development
 A Computer Algebra System for Polynomial Computations       /   version 4.3.2
                                                           0<
 by: W. Decker, G.-M. Greuel, G. Pfister, H. Schoenemann     \   Feb 2023
FB Mathematik der Universitaet, D-67653 Kaiserslautern        \  Debian 1:4.3.2-p10+ds-1.1build1
compute hilbert series with std in ring (ZZ/179424673),(x8,x7,x6,x5,x4,x3,x2,x1,@),(dp(9),C)
weights used for hilbert series: 1,1,1,1,1,1,1,1,1
[1048575:3]1(7)s(6)s2(5)s(4)sss3(5)-ss(7)s(9)s(10)s4(12)-------s(8)s(12)-s(13)-s5(16)----------------
product criterion:51 chain criterion:20
std with hilb in (ZZ/179424673),(x8,x7,x6,x5,x4,x3,x2,x1,@),(lp(8),dp(1),C)
[1048575:3]1(14)s(13)s2(12)s(11)ss(12)s3(14)-s(13)s(14)s(15)s(17)s(20)-s(22)--s4(24)---s(25)s(26)--s----s(24)s(27)s(31)---s(33)s(35)shhhh5(34)-s(35)---------------------s(18)-shhhhhhhhhhhhhhhhhhhhh
product criterion:107 chain criterion:119
hilbert series criterion:25
dehomogenization
simplification
imap to ring (ZZ/179424673),(x8,x7,x6,x5,x4,x3,x2,x1),(lp(8),C)
Auf Wiedersehen.
                     SINGULAR                                 /  Development
 A Computer Algebra System for Polynomial Computations       /   version 4.3.2
                                                           0<
 by: W. Decker, G.-M. Greuel, G. Pfister, H. Schoenemann     \   Feb 2023
FB Mathematik der Universitaet, D-67653 Kaiserslautern        \  Debian 1:4.3.2-p10+ds-1.1build1
// ** loaded /usr/bin/../share/singular/LIB/primdec.lib (4.3.2.9,Oct_2023)
// ** loaded /usr/bin/../share/singular/LIB/ring.lib (4.3.1.3,Feb_2023)
// ** loaded /usr/bin/../share/singular/LIB/absfact.lib (4.1.2.0,Feb_2019)
// ** loaded /usr/bin/../share/singular/LIB/triang.lib (4.1.2.0,Feb_2019)
// ** loaded /usr/bin/../share/singular/LIB/matrix.lib (4.3.2.3,Aug_2023)
// ** loaded /usr/bin/../share/singular/LIB/nctools.lib (4.1.2.0,Feb_2019)
// ** loaded /usr/bin/../share/singular/LIB/inout.lib (4.1.2.0,Feb_2019)
// ** loaded /usr/bin/../share/singular/LIB/random.lib (4.1.2.0,Feb_2019)
// ** loaded /usr/bin/../share/singular/LIB/polylib.lib (4.2.0.0,Dec_2020)
// ** loaded /usr/bin/../share/singular/LIB/elim.lib (4.3.2.5,Jul_2023)
// ** loaded /usr/bin/../share/singular/LIB/general.lib (4.1.2.0,Feb_2019)
[65535:2]1(7)s(6)s(5)s(4)s2(3)s(2)s3ss
(S:7)-------
product criterion:28 chain criterion:0
// ** redefining j (int j = 2;)
rt
Auf Wiedersehen.

Set::setraw: Cannot assign to raw object 1.

Set::setraw: Cannot assign to raw object 1.
                     SINGULAR                                 /  Development
 A Computer Algebra System for Polynomial Computations       /   version 4.3.2
                                                           0<
 by: W. Decker, G.-M. Greuel, G. Pfister, H. Schoenemann     \   Feb 2023
FB Mathematik der Universitaet, D-67653 Kaiserslautern        \  Debian 1:4.3.2-p10+ds-1.1build1
// ** loaded /usr/bin/../share/singular/LIB/primdec.lib (4.3.2.9,Oct_2023)
// ** loaded /usr/bin/../share/singular/LIB/ring.lib (4.3.1.3,Feb_2023)
// ** loaded /usr/bin/../share/singular/LIB/absfact.lib (4.1.2.0,Feb_2019)
// ** loaded /usr/bin/../share/singular/LIB/triang.lib (4.1.2.0,Feb_2019)
// ** loaded /usr/bin/../share/singular/LIB/matrix.lib (4.3.2.3,Aug_2023)
// ** loaded /usr/bin/../share/singular/LIB/nctools.lib (4.1.2.0,Feb_2019)
// ** loaded /usr/bin/../share/singular/LIB/inout.lib (4.1.2.0,Feb_2019)
// ** loaded /usr/bin/../share/singular/LIB/random.lib (4.1.2.0,Feb_2019)
// ** loaded /usr/bin/../share/singular/LIB/polylib.lib (4.2.0.0,Dec_2020)
// ** loaded /usr/bin/../share/singular/LIB/elim.lib (4.3.2.5,Jul_2023)
// ** loaded /usr/bin/../share/singular/LIB/general.lib (4.1.2.0,Feb_2019)
[65535:2]1(7)s(6)s(5)s(4)s2(3)s(2)s3ss
(S:7)-------
product criterion:28 chain criterion:0
// ** redefining j (int j = 2;)
rt
Auf Wiedersehen.

Set::setraw: Cannot assign to raw object 1.

General::stop: Further output of Set::setraw will be suppressed during this calculation.
  >> 2 region(s): expReg=2.055s  build=0.012s
  [sector total: 2.069s]
#Non-triv Sectors = 1

[SECTOR_RESULT] key=1110 tier=Quick state=done time=2.068934 regions=2
