
      +++  sector:  {0, 1, 1, 0}  (1/1)  +++ 
                     SINGULAR                                 /  Development
 A Computer Algebra System for Polynomial Computations       /   version 4.3.2
                                                           0<
 by: W. Decker, G.-M. Greuel, G. Pfister, H. Schoenemann     \   Feb 2023
FB Mathematik der Universitaet, D-67653 Kaiserslautern        \  Debian 1:4.3.2-p10+ds-1.1build1
compute hilbert series with std in ring (ZZ/179424673),(x8,x7,x6,x5,x4,x3,x2,x1,@),(dp(9),C)
weights used for hilbert series: 1,1,1,1,1,1,1,1,1
[1048575:3]2(7)s(6)s(5)s(4)s(3)s(4)s(6)s(9)s3(10)s(13)s(14)s(17)s(21)s(26)s(29)s(34)s(37)s(40)s(45)4-s(49)s(54)-s(59)s(66)--------s(64)------------------------------5----------------------------------
product criterion:94 chain criterion:69
std with hilb in (ZZ/179424673),(x8,x7,x6,x5,x4,x3,x2,x1,@),(lp(8),dp(1),C)
[1048575:3]2(22)s(21)s(20)s(19)s(18)s(19)s(20)s(22)s3(25)s(28)s(32)s(35)s(36)s(38)s(41)s(45)s(50)s(55)shhhhhhhhhhh4(49)s(54)s(59)s(65)s(72)shhhhhhhhhhhhhhhhhhhhhhhhhhhhhhhhhhhhhhhhhhhhhhhhhhhhhhhhhhhhhhhhhhhhhhhhhhhhhhh
product criterion:94 chain criterion:69
hilbert series criterion:90
dehomogenization
simplification
imap to ring (ZZ/179424673),(x8,x7,x6,x5,x4,x3,x2,x1),(lp(8),C)
Auf Wiedersehen.
                     SINGULAR                                 /  Development
 A Computer Algebra System for Polynomial Computations       /   version 4.3.2
                                                           0<
 by: W. Decker, G.-M. Greuel, G. Pfister, H. Schoenemann     \   Feb 2023
FB Mathematik der Universitaet, D-67653 Kaiserslautern        \  Debian 1:4.3.2-p10+ds-1.1build1
// ** loaded /usr/bin/../share/singular/LIB/primdec.lib (4.3.2.9,Oct_2023)
// ** loaded /usr/bin/../share/singular/LIB/ring.lib (4.3.1.3,Feb_2023)
// ** loaded /usr/bin/../share/singular/LIB/absfact.lib (4.1.2.0,Feb_2019)
// ** loaded /usr/bin/../share/singular/LIB/triang.lib (4.1.2.0,Feb_2019)
// ** loaded /usr/bin/../share/singular/LIB/matrix.lib (4.3.2.3,Aug_2023)
// ** loaded /usr/bin/../share/singular/LIB/nctools.lib (4.1.2.0,Feb_2019)
// ** loaded /usr/bin/../share/singular/LIB/inout.lib (4.1.2.0,Feb_2019)
// ** loaded /usr/bin/../share/singular/LIB/random.lib (4.1.2.0,Feb_2019)
// ** loaded /usr/bin/../share/singular/LIB/polylib.lib (4.2.0.0,Dec_2020)
// ** loaded /usr/bin/../share/singular/LIB/elim.lib (4.3.2.5,Jul_2023)
// ** loaded /usr/bin/../share/singular/LIB/general.lib (4.1.2.0,Feb_2019)
map with cache
map with cache
map with cache
map with cache
map with cache
map with cache
map with cache
map with cache
std in (ZZ/179424673),(x8,x7,x6,x5,x4,x3,x2,x1),(dp(8),C)
[65535:2]1(7)s(6)s(5)s(4)s(3)s(2)sss
(S:7)-------
product criterion:28 chain criterion:0
[65535:2]1(7)s(6)s(5)s(4)s(3)s(2)sss
(S:7)-------
product criterion:28 chain criterion:0
map is a permutation
[1048575:4]1(8)s(7)s(6)s(5)s(4)s(3)s(2)sss
(S:8)--------
product criterion:36 chain criterion:0
[65535:2]1(7)s(6)s(5)s(4)s(3)s(2)sss
(S:7)-------
product criterion:28 chain criterion:0
{1}[65535:4]1(7)s(6)s(5)s(4)s(3)s(2)sss
(S:8)---------
product criterion:0 chain criterion:0
(S:8)rrrrrrrr
[65535:2]1(7)s(6)s(5)s(4)s(3)s(2)sss
(S:7)-------
product criterion:28 chain criterion:0
intersect by elimination method
[1048575:5]1(8)s2(7)s(6)s(5)s(4)s(3)s(2)sss
(S:8)--------
product criterion:36 chain criterion:0
map is a permutation
[1048575:4]1(8)s(7)s(6)s(5)s(4)s(3)s(2)ss2s
(S:0)
product criterion:36 chain criterion:0
map is a permutation
[1048575:4]1(8)s(7)s(6)s(5)s(4)s(3)s(2)ss2s
(S:0)
product criterion:36 chain criterion:0
map is a permutation
[1048575:4]1(8)s(7)s(6)s(5)s(4)s(3)s(2)ss2s
(S:0)
product criterion:36 chain criterion:0
map is a permutation
[1048575:4]1(8)s(7)s(6)s(5)s(4)s(3)s(2)ss2s
(S:0)
product criterion:36 chain criterion:0
map is a permutation
[1048575:4]1(8)s(7)s(6)s(5)s(4)s(3)s(2)ss2s
(S:0)
product criterion:36 chain criterion:0
map is a permutation
[1048575:4]1(8)s(7)s(6)s(5)s(4)s(3)s(2)ss2s
(S:0)
product criterion:36 chain criterion:0
map is a permutation
[1048575:4]1(8)s(7)s(6)s(5)s(4)s(3)s(2)ss2s
(S:0)
product criterion:36 chain criterion:0
map is a permutation
[1048575:4]1(8)s(7)s(6)s(5)s(4)s(3)s(2)ss2s
(S:0)
product criterion:36 chain criterion:0
[65535:2]1(7)s(6)s(5)s(4)s(3)s(2)sss
(S:7)-------
product criterion:28 chain criterion:0
// ** _ is no standard basis
Auf Wiedersehen.
                     SINGULAR                                 /  Development
 A Computer Algebra System for Polynomial Computations       /   version 4.3.2
                                                           0<
 by: W. Decker, G.-M. Greuel, G. Pfister, H. Schoenemann     \   Feb 2023
FB Mathematik der Universitaet, D-67653 Kaiserslautern        \  Debian 1:4.3.2-p10+ds-1.1build1
compute hilbert series with std in ring (ZZ/179424673),(x8,x7,x6,x5,x4,x3,x2,x1,@),(dp(9),C)
weights used for hilbert series: 1,1,1,1,1,1,1,1,1
[1048575:3]1(7)s(6)s(5)s(4)s(3)s(2)s2ss3
product criterion:27 chain criterion:0
std with hilb in (ZZ/179424673),(x8,x7,x6,x5,x4,x3,x2,x1,@),(lp(8),dp(1),C)
[1048575:3]1(7)s(6)s(5)s(4)s(3)s(2)s2ssh
product criterion:27 chain criterion:0
hilbert series criterion:1
dehomogenization
simplification
imap to ring (ZZ/179424673),(x8,x7,x6,x5,x4,x3,x2,x1),(lp(8),C)
Auf Wiedersehen.
                     SINGULAR                                 /  Development
 A Computer Algebra System for Polynomial Computations       /   version 4.3.2
                                                           0<
 by: W. Decker, G.-M. Greuel, G. Pfister, H. Schoenemann     \   Feb 2023
FB Mathematik der Universitaet, D-67653 Kaiserslautern        \  Debian 1:4.3.2-p10+ds-1.1build1
// ** loaded /usr/bin/../share/singular/LIB/primdec.lib (4.3.2.9,Oct_2023)
// ** loaded /usr/bin/../share/singular/LIB/ring.lib (4.3.1.3,Feb_2023)
// ** loaded /usr/bin/../share/singular/LIB/absfact.lib (4.1.2.0,Feb_2019)
// ** loaded /usr/bin/../share/singular/LIB/triang.lib (4.1.2.0,Feb_2019)
// ** loaded /usr/bin/../share/singular/LIB/matrix.lib (4.3.2.3,Aug_2023)
// ** loaded /usr/bin/../share/singular/LIB/nctools.lib (4.1.2.0,Feb_2019)
// ** loaded /usr/bin/../share/singular/LIB/inout.lib (4.1.2.0,Feb_2019)
// ** loaded /usr/bin/../share/singular/LIB/random.lib (4.1.2.0,Feb_2019)
// ** loaded /usr/bin/../share/singular/LIB/polylib.lib (4.2.0.0,Dec_2020)
// ** loaded /usr/bin/../share/singular/LIB/elim.lib (4.3.2.5,Jul_2023)
// ** loaded /usr/bin/../share/singular/LIB/general.lib (4.1.2.0,Feb_2019)
[65535:2]1(7)s(6)s(5)s(4)s(3)s(2)sss
(S:7)-------
product criterion:28 chain criterion:0
// ** redefining j (int j = 2;)
rt
Auf Wiedersehen.

Set::setraw: Cannot assign to raw object 1.

Set::setraw: Cannot assign to raw object 1.
  >> 1 region(s): expReg=1.372s  build=0.005s
  [sector total: 1.3800000000000001s]
#Non-triv Sectors = 1

[SECTOR_RESULT] key=0110 tier=Quick state=done time=1.379998 regions=1
