
      +++  sector:  {1, 0, 1, 0}  (1/1)  +++ 
                     SINGULAR                                 /  Development
 A Computer Algebra System for Polynomial Computations       /   version 4.3.2
                                                           0<
 by: W. Decker, G.-M. Greuel, G. Pfister, H. Schoenemann     \   Feb 2023
FB Mathematik der Universitaet, D-67653 Kaiserslautern        \  Debian 1:4.3.2-p10+ds-1.1build1
compute hilbert series with std in ring (ZZ/179424673),(x8,x7,x6,x5,x4,x3,x2,x1,@),(dp(9),C)
weights used for hilbert series: 1,1,1,1,1,1,1,1,1
[1048575:3]2(7)s(6)s(5)ss(4)ss(5)s(7)s3(10)s(13)s(14)s(18)s(20)s(22)s(27)s(31)s(35)s(40)s(44)4--------------------------------s(17)----s------5-----------
product criterion:76 chain criterion:45
std with hilb in (ZZ/179424673),(x8,x7,x6,x5,x4,x3,x2,x1,@),(lp(8),dp(1),C)
[1048575:3]2(19)s(18)ss(17)ss(19)s(18)s(21)s3(22)s(25)s(29)s(31)s(32)s(37)s(41)s(44)s(47)s(52)shhhhhhhhhhh4(45)---------s(41)--shhhhhhhhhhhhhhhhhhhhhhhhhhhhhhhhhhhhhhhhhhhhh
product criterion:76 chain criterion:46
hilbert series criterion:56
dehomogenization
simplification
imap to ring (ZZ/179424673),(x8,x7,x6,x5,x4,x3,x2,x1),(lp(8),C)
Auf Wiedersehen.
  >> 0 regions (all trivial): expReg=0.41100000000000003s
  [sector total: 0.41300000000000003s]
#Non-triv Sectors = 0

[SECTOR_RESULT] key=1010 tier=Quick state=trivial time=0.413788 regions=0
