=== FamilyGenerate ===
Family: Penta1L-5m (L=1 E=4 N=5)
Modulus: 179424673

[Step 1] Generating IBP equations...
[IBPEqGenerator] Family Penta1L-5m: ne=5 nl=1 nE=4 nIBP=5 subsectors=31
[IBPEqGenerator] Step 1: Running SP2PD...
[IBPEqGenerator] SP2PD OK: 5 scalar products → z-basis
[IBPEqGenerator] Step 2: Computing derivatives...
[IBPEqGenerator] Derivatives OK: 25 polynomials computed
[IBPEqGenerator] Step 3: Assembling IBP equations (mon2F)...
[IBPEqGenerator] Generated 5 IBP equations with 67 total g-operator terms.
  ne=5 nibp=5 subsectors=31
  [TIMING] Step 1: 0.055 s

[Step 2] Extracting FTable...
  nibp=5 ne=5
  [TIMING] Step 2: 0 s

[Step 3] Solving sectors...
  Filtering: sector = 10111
  Solving sector [10111]
  [2026-05-14 02:39:53] Singular minAssGTZ starting...
  [Singular minAssGTZ] 0.0866436 s, kept=3
  [2026-05-14 02:39:53] Singular minAssGTZ done
  [2026-05-14 02:39:53] Component 0/3 (10 polys)
  [2026-05-14 02:39:53] Component 1/3 (10 polys)
  [2026-05-14 02:39:53] Component 2/3 (10 polys)

[DEBUG solveVarRule] sector=[1,0,1,1,1] nb=3 VarIndep=[A5] VarDep=[A1,A2,A3,A4]
  compGb:
    [0] A5^3-88250500*A5^2+8615356*A5+60524274
    [1] A4-79694722*A5^2-68325590*A5+29239975
    [2] A3-87993641*A5^2-50132824*A5-6810761
    [3] A2-19270642*A5^2-46527893*A5-10462063
    [4] A1+11736310*A5^2+60966260*A5+22429214
    [5] B5+80087096*A5^2-171350*A5+7051965
    [6] B4-55206474*A5^2+79538929*A5-84161406
    [7] B3-60409570*A5^2+88560239*A5-35487303
    [8] B2-37926296*A5^2-85504059*A5+58314925
    [9] B1-5036830*A5^2+81238369*A5+54768944
  VarRule result:
    A1 -> 156995459+118458413*A5+167688363*A5^2
    A2 -> 10462063+46527893*A5+19270642*A5^2
    A3 -> 6810761+50132824*A5+87993641*A5^2
    A4 -> 150184698+68325590*A5+79694722*A5^2
    [2026-05-14 02:39:53] MBM reduction k=0/3 (3 products)...
    [2026-05-14 02:39:53] MBM reduction k=1/3 (3 products)...
    [2026-05-14 02:39:53] MBM reduction k=2/3 (3 products)...
  -> 3 region(s) in 0.139 s
  Found 3 region(s) total
  [TIMING] Step 3: 0.139 s

[Step 4] Building recursion + ring matrices...
  Region 0: nb=1
  Region 1: nb=1
  Region 2: nb=3
  [TIMING] Step 4: 0.004 s

[Step 5] Writing .bin files...
Written 3 regime(s) to workspace/C022-Penta1L-5m-region-solve-cpp/SectorCache/IBPMat_Penta1L-5m_sector_10111.bin
Written 3 ring cell(s) to workspace/C022-Penta1L-5m-region-solve-cpp/SectorCache/RingData_Penta1L-5m_sector_10111.bin
  [TIMING] Step 5: 0 s

[TIMING] Total wall-clock: 0.207 s

Done. Output:
  workspace/C022-Penta1L-5m-region-solve-cpp/SectorCache/IBPMat_Penta1L-5m_sector_10111.bin
  workspace/C022-Penta1L-5m-region-solve-cpp/SectorCache/RingData_Penta1L-5m_sector_10111.bin
