=== FamilyGenerate ===
Family: Penta1L-5m (L=1 E=4 N=5)
Modulus: 179424673

[Step 1] Generating IBP equations...
[IBPEqGenerator] Family Penta1L-5m: ne=5 nl=1 nE=4 nIBP=5 subsectors=31
[IBPEqGenerator] Step 1: Running SP2PD...
[IBPEqGenerator] SP2PD OK: 5 scalar products → z-basis
[IBPEqGenerator] Step 2: Computing derivatives...
[IBPEqGenerator] Derivatives OK: 25 polynomials computed
[IBPEqGenerator] Step 3: Assembling IBP equations (mon2F)...
[IBPEqGenerator] Generated 5 IBP equations with 67 total g-operator terms.
  ne=5 nibp=5 subsectors=31
  [TIMING] Step 1: 0.049 s

[Step 2] Extracting FTable...
  nibp=5 ne=5
  [TIMING] Step 2: 0 s

[Step 3] Solving sectors...
  Filtering: sector = 11111
  Solving sector [11111]
  [2026-05-14 02:39:56] Singular minAssGTZ starting...
  [Singular minAssGTZ] 0.186973 s, kept=4
  [2026-05-14 02:39:56] Singular minAssGTZ done
  [2026-05-14 02:39:56] Component 0/4 (10 polys)
  [2026-05-14 02:39:56] Component 1/4 (10 polys)

[DEBUG solveVarRule] sector=[1,1,1,1,1] nb=2 VarIndep=[A5] VarDep=[A1,A2,A3,A4]
  compGb:
    [0] A5^2+19557091*A5+22460685
    [1] A4+53820642*A5+6430119
    [2] A3+71018168*A5+52053270
    [3] A2-81221966*A5+10350404
    [4] A1+12022807*A5+67550963
    [5] B5-62746729*A5-16764287
    [6] B4-34703662*A5-78896559
    [7] B3-20271419*A5+11863227
    [8] B2-59775004*A5-66754180
    [9] B1-27699092*A5+31889008
  VarRule result:
    A1 -> 111873710+167401866*A5
    A2 -> 169074269+81221966*A5
    A3 -> 127371403+108406505*A5
    A4 -> 172994554+125604031*A5
    [2026-05-14 02:39:56] MBM reduction k=0/2 (2 products)...
    [2026-05-14 02:39:56] MBM reduction k=1/2 (2 products)...
  [2026-05-14 02:39:56] Component 2/4 (10 polys)

[DEBUG solveVarRule] sector=[1,1,1,1,1] nb=2 VarIndep=[A5] VarDep=[A1,A2,A3,A4]
  compGb:
    [0] A5^2+20752095*A5+34466535
    [1] A4+20280585*A5-59428257
    [2] A3-20790852*A5-830173
    [3] A2+3750690*A5-53485923
    [4] A1+4726465*A5+73609159
    [5] B5+11858097*A5-45282266
    [6] B4+74904618*A5+3975019
    [7] B3-82831846*A5+86645028
    [8] B2-48911549*A5-48069395
    [9] B1+84051110*A5-53219102
  VarRule result:
    A1 -> 105815514+174698208*A5
    A2 -> 53485923+175673983*A5
    A3 -> 830173+20790852*A5
    A4 -> 59428257+159144088*A5
    [2026-05-14 02:39:56] MBM reduction k=0/2 (2 products)...
    [2026-05-14 02:39:56] MBM reduction k=1/2 (2 products)...
  [2026-05-14 02:39:56] Component 3/4 (10 polys)

[DEBUG solveVarRule] sector=[1,1,1,1,1] nb=16 VarIndep=[A5] VarDep=[A1,A2,A3,A4]
  compGb:
    [0] A5^16-65362757*A5^15+17387431*A5^14+16391368*A5^13-70904329*A5^12+22111224*A5^11+12173949*A5^10-76899555*A5^9+66918573*A5^8-46895598*A5^7+44316885*A5^6+39529494*A5^5+57700037*A5^4+17678869*A5^3-61881186*A5^2+45009998*A5+75389993
    [1] A4+42832243*A5^15+75383846*A5^14+77831143*A5^13+11377453*A5^12-16298624*A5^11+74068195*A5^10-86452457*A5^9+11772396*A5^8+2649197*A5^7+46462118*A5^6-12385865*A5^5+17924851*A5^4+76492056*A5^3-79630676*A5^2+2249326*A5+45381522
    [2] A3-45955101*A5^15-32056142*A5^14-46477532*A5^13+40724690*A5^12+54336474*A5^11-84005115*A5^10-13118776*A5^9-45591011*A5^8-52164309*A5^7-25222182*A5^6+78526590*A5^5-85915058*A5^4+65282609*A5^3+45273674*A5^2-64417090*A5+14555042
    [3] A2+11422917*A5^15-43127176*A5^14+25211935*A5^13+77577093*A5^12-76086283*A5^11-53322329*A5^10+34036133*A5^9+37468546*A5^8+63683529*A5^7-87102036*A5^6+55555156*A5^5+29506202*A5^4+849826*A5^3+72869666*A5^2+27046095*A5-47168896
    [4] A1-59447946*A5^15+8935408*A5^14+63734190*A5^13-65974869*A5^12-81689039*A5^11-62380287*A5^10+71235932*A5^9-70123123*A5^8+78647052*A5^7+32971527*A5^6+20135481*A5^5-76544188*A5^4+31914016*A5^3-16458313*A5^2+51153977*A5-56367249
    [5] B5-64974064*A5^15-87504094*A5^14-31566962*A5^13-70583357*A5^12+56837840*A5^11-35213241*A5^10+38091669*A5^9+59929190*A5^8+80491397*A5^7+73623333*A5^6-61141196*A5^5+12808165*A5^4-21497933*A5^3-1116593*A5^2+84526861*A5+86812534
    [6] B4+33721713*A5^15+41135470*A5^14-13408599*A5^13-1988090*A5^12+83275298*A5^11-63884041*A5^10+30521048*A5^9+52847040*A5^8-16873744*A5^7+58683465*A5^6-18807303*A5^5+24334109*A5^4-84022984*A5^3-37798920*A5^2-41367084*A5+52094610
    [7] B3+63130309*A5^15+62278397*A5^14-20880085*A5^13+20587829*A5^12-44522214*A5^11+12662666*A5^10-36072217*A5^9-57379664*A5^8-35493414*A5^7-49432805*A5^6-53403086*A5^5-89473131*A5^4-5684549*A5^3+50952545*A5^2+4042073*A5+59613872
    [8] B2-19915588*A5^15+12872368*A5^14+40617019*A5^13-69955640*A5^12-20868955*A5^11-5382870*A5^10-71672542*A5^9+82135064*A5^8-14723569*A5^7+43761910*A5^6-19658200*A5^5-21396427*A5^4-73301946*A5^3+61435008*A5^2-2623260*A5+29476477
    [9] B1+36770977*A5^15+39851459*A5^14-56764490*A5^13-49269017*A5^12-38228599*A5^11-12149919*A5^10-123465*A5^9-968722*A5^8+75671775*A5^7-75489960*A5^6-13572993*A5^5+26638774*A5^4+22228697*A5^3-78109947*A5^2-13627254*A5-34307575
  VarRule result:
    A1 -> 56367249+128270696*A5+16458313*A5^2+147510657*A5^3+76544188*A5^4+159289192*A5^5+146453146*A5^6+100777621*A5^7+70123123*A5^8+108188741*A5^9+62380287*A5^10+81689039*A5^11+65974869*A5^12+115690483*A5^13+170489265*A5^14+59447946*A5^15
    A2 -> 47168896+152378578*A5+106555007*A5^2+178574847*A5^3+149918471*A5^4+123869517*A5^5+87102036*A5^6+115741144*A5^7+141956127*A5^8+145388540*A5^9+53322329*A5^10+76086283*A5^11+101847580*A5^12+154212738*A5^13+43127176*A5^14+168001756*A5^15
    A3 -> 164869631+64417090*A5+134150999*A5^2+114142064*A5^3+85915058*A5^4+100898083*A5^5+25222182*A5^6+52164309*A5^7+45591011*A5^8+13118776*A5^9+84005115*A5^10+125088199*A5^11+138699983*A5^12+46477532*A5^13+32056142*A5^14+45955101*A5^15
    A4 -> 134043151+177175347*A5+79630676*A5^2+102932617*A5^3+161499822*A5^4+12385865*A5^5+132962555*A5^6+176775476*A5^7+167652277*A5^8+86452457*A5^9+105356478*A5^10+16298624*A5^11+168047220*A5^12+101593530*A5^13+104040827*A5^14+136592430*A5^15
    [2026-05-14 02:39:56] MBM reduction k=0/16 (16 products)...
    [2026-05-14 02:39:56] MBM reduction k=1/16 (16 products)...
    [2026-05-14 02:39:56] MBM reduction k=2/16 (16 products)...
    [2026-05-14 02:39:56] MBM reduction k=3/16 (16 products)...
    [2026-05-14 02:39:56] MBM reduction k=4/16 (16 products)...
    [2026-05-14 02:39:56] MBM reduction k=5/16 (16 products)...
    [2026-05-14 02:39:56] MBM reduction k=6/16 (16 products)...
    [2026-05-14 02:39:56] MBM reduction k=7/16 (16 products)...
    [2026-05-14 02:39:56] MBM reduction k=8/16 (16 products)...
    [2026-05-14 02:39:56] MBM reduction k=9/16 (16 products)...
    [2026-05-14 02:39:56] MBM reduction k=10/16 (16 products)...
    [2026-05-14 02:39:56] MBM reduction k=11/16 (16 products)...
    [2026-05-14 02:39:56] MBM reduction k=12/16 (16 products)...
    [2026-05-14 02:39:56] MBM reduction k=13/16 (16 products)...
    [2026-05-14 02:39:56] MBM reduction k=14/16 (16 products)...
    [2026-05-14 02:39:56] MBM reduction k=15/16 (16 products)...
  -> 4 region(s) in 0.41 s
  Found 4 region(s) total
  [TIMING] Step 3: 0.41 s

[Step 4] Building recursion + ring matrices...
  Region 0: nb=1
  Region 1: nb=2
  Region 2: nb=2
  Region 3: nb=16
  [TIMING] Step 4: 0.042 s

[Step 5] Writing .bin files...
Written 4 regime(s) to workspace/C022-Penta1L-5m-region-solve-cpp/SectorCache/IBPMat_Penta1L-5m_sector_11111.bin
Written 4 ring cell(s) to workspace/C022-Penta1L-5m-region-solve-cpp/SectorCache/RingData_Penta1L-5m_sector_11111.bin
  [TIMING] Step 5: 0.008 s

[TIMING] Total wall-clock: 0.515 s

Done. Output:
  workspace/C022-Penta1L-5m-region-solve-cpp/SectorCache/IBPMat_Penta1L-5m_sector_11111.bin
  workspace/C022-Penta1L-5m-region-solve-cpp/SectorCache/RingData_Penta1L-5m_sector_11111.bin
