=== FamilyGenerate ===
Family: Penta1L-5m (L=1 E=4 N=5)
Modulus: 179424673

[Step 1] Generating IBP equations...
[IBPEqGenerator] Family Penta1L-5m: ne=5 nl=1 nE=4 nIBP=5 subsectors=31
[IBPEqGenerator] Step 1: Running SP2PD...
[IBPEqGenerator] SP2PD OK: 5 scalar products → z-basis
[IBPEqGenerator] Step 2: Computing derivatives...
[IBPEqGenerator] Derivatives OK: 25 polynomials computed
[IBPEqGenerator] Step 3: Assembling IBP equations (mon2F)...
[IBPEqGenerator] Generated 5 IBP equations with 67 total g-operator terms.
  ne=5 nibp=5 subsectors=31
  [TIMING] Step 1: 0.048 s

[Step 2] Extracting FTable...
  nibp=5 ne=5
  [TIMING] Step 2: 0 s

[Step 3] Solving sectors...
  Filtering: sector = 10110
  Solving sector [10110]
  [2026-05-14 02:39:38] Singular minAssGTZ starting...
  [Singular minAssGTZ] 0.0972583 s, kept=3
  [2026-05-14 02:39:38] Singular minAssGTZ done
  [2026-05-14 02:39:38] Component 0/3 (10 polys)
  [2026-05-14 02:39:38] Component 1/3 (10 polys)
  [2026-05-14 02:39:38] Component 2/3 (10 polys)

[DEBUG solveVarRule] sector=[1,0,1,1,0] nb=3 VarIndep=[A5] VarDep=[A1,A2,A3,A4]
  compGb:
    [0] A5^3+30303777*A5^2-52022764*A5+72190245
    [1] A4+58862619*A5^2-55315010*A5+46645738
    [2] A3+75265338*A5^2-21326467*A5-61293466
    [3] A2+86697349*A5^2+81109238*A5-55707480
    [4] A1-44974256*A5^2-19342847*A5+10719827
    [5] B5+69322007*A5^2+36437926*A5-58685357
    [6] B4-37650879*A5^2-20624903*A5+9686876
    [7] B3+86694983*A5^2-17560137*A5+82703225
    [8] B2+62740113*A5^2-80653589*A5+79421318
    [9] B1+38785243*A5^2+35677632*A5+76139412
  VarRule result:
    A1 -> 168704846+19342847*A5+44974256*A5^2
    A2 -> 55707480+98315435*A5+92727324*A5^2
    A3 -> 61293466+21326467*A5+104159335*A5^2
    A4 -> 132778935+55315010*A5+120562054*A5^2
    [2026-05-14 02:39:38] MBM reduction k=0/3 (3 products)...
    [2026-05-14 02:39:38] MBM reduction k=1/3 (3 products)...
    [2026-05-14 02:39:38] MBM reduction k=2/3 (3 products)...
  -> 3 region(s) in 0.162 s
  Found 3 region(s) total
  [TIMING] Step 3: 0.162 s

[Step 4] Building recursion + ring matrices...
  Region 0: nb=1
  Region 1: nb=1
  Region 2: nb=3
  [TIMING] Step 4: 0.004 s

[Step 5] Writing .bin files...
Written 3 regime(s) to workspace/C022-Penta1L-5m-region-solve-cpp/SectorCache/IBPMat_Penta1L-5m_sector_10110.bin
Written 3 ring cell(s) to workspace/C022-Penta1L-5m-region-solve-cpp/SectorCache/RingData_Penta1L-5m_sector_10110.bin
  [TIMING] Step 5: 0 s

[TIMING] Total wall-clock: 0.218 s

Done. Output:
  workspace/C022-Penta1L-5m-region-solve-cpp/SectorCache/IBPMat_Penta1L-5m_sector_10110.bin
  workspace/C022-Penta1L-5m-region-solve-cpp/SectorCache/RingData_Penta1L-5m_sector_10110.bin
