=== FamilyGenerate ===
Family: Penta1L-5m (L=1 E=4 N=5)
Modulus: 179424673

[Step 1] Generating IBP equations...
[IBPEqGenerator] Family Penta1L-5m: ne=5 nl=1 nE=4 nIBP=5 subsectors=31
[IBPEqGenerator] Step 1: Running SP2PD...
[IBPEqGenerator] SP2PD OK: 5 scalar products → z-basis
[IBPEqGenerator] Step 2: Computing derivatives...
[IBPEqGenerator] Derivatives OK: 25 polynomials computed
[IBPEqGenerator] Step 3: Assembling IBP equations (mon2F)...
[IBPEqGenerator] Generated 5 IBP equations with 67 total g-operator terms.
  ne=5 nibp=5 subsectors=31
  [TIMING] Step 1: 0.056 s

[Step 2] Extracting FTable...
  nibp=5 ne=5
  [TIMING] Step 2: 0 s

[Step 3] Solving sectors...
  Filtering: sector = 01011
  Solving sector [01011]
  [2026-05-14 02:39:44] Singular minAssGTZ starting...
  [Singular minAssGTZ] 0.0823904 s, kept=4
  [2026-05-14 02:39:44] Singular minAssGTZ done
  [2026-05-14 02:39:44] Component 0/4 (10 polys)
  [2026-05-14 02:39:44] Component 1/4 (10 polys)
  [2026-05-14 02:39:44] Component 2/4 (10 polys)
  [2026-05-14 02:39:44] Component 3/4 (10 polys)

[DEBUG solveVarRule] sector=[0,1,0,1,1] nb=2 VarIndep=[A5] VarDep=[A1,A2,A3,A4]
  compGb:
    [0] A5^2-35986074*A5-29698675
    [1] A4-62972501*A5-17836049
    [2] A3+22639679*A5-80536195
    [3] A2+51702250*A5-65911756
    [4] A1-62848367*A5-86533718
    [5] B5+29705394*A5-63116277
    [6] B4+40604516*A5-44233797
    [7] B3-27217478*A5+42614929
    [8] B2+84385201*A5-49961016
    [9] B1-26948865*A5+22962831
  VarRule result:
    A1 -> 86533718+62848367*A5
    A2 -> 65911756+127722423*A5
    A3 -> 80536195+156784994*A5
    A4 -> 17836049+62972501*A5
    [2026-05-14 02:39:44] MBM reduction k=0/2 (2 products)...
    [2026-05-14 02:39:44] MBM reduction k=1/2 (2 products)...
  -> 4 region(s) in 0.131 s
  Found 4 region(s) total
  [TIMING] Step 3: 0.132 s

[Step 4] Building recursion + ring matrices...
  Region 0: nb=1
  Region 1: nb=1
  Region 2: nb=1
  Region 3: nb=2
  [TIMING] Step 4: 0.004 s

[Step 5] Writing .bin files...
Written 4 regime(s) to workspace/C022-Penta1L-5m-region-solve-cpp/SectorCache/IBPMat_Penta1L-5m_sector_01011.bin
Written 4 ring cell(s) to workspace/C022-Penta1L-5m-region-solve-cpp/SectorCache/RingData_Penta1L-5m_sector_01011.bin
  [TIMING] Step 5: 0 s

[TIMING] Total wall-clock: 0.198 s

Done. Output:
  workspace/C022-Penta1L-5m-region-solve-cpp/SectorCache/IBPMat_Penta1L-5m_sector_01011.bin
  workspace/C022-Penta1L-5m-region-solve-cpp/SectorCache/RingData_Penta1L-5m_sector_01011.bin
