=== FamilyGenerate ===
Family: Penta1L-5m (L=1 E=4 N=5)
Modulus: 179424673

[Step 1] Generating IBP equations...
[IBPEqGenerator] Family Penta1L-5m: ne=5 nl=1 nE=4 nIBP=5 subsectors=31
[IBPEqGenerator] Step 1: Running SP2PD...
[IBPEqGenerator] SP2PD OK: 5 scalar products → z-basis
[IBPEqGenerator] Step 2: Computing derivatives...
[IBPEqGenerator] Derivatives OK: 25 polynomials computed
[IBPEqGenerator] Step 3: Assembling IBP equations (mon2F)...
[IBPEqGenerator] Generated 5 IBP equations with 67 total g-operator terms.
  ne=5 nibp=5 subsectors=31
  [TIMING] Step 1: 0.091 s

[Step 2] Extracting FTable...
  nibp=5 ne=5
  [TIMING] Step 2: 0 s

[Step 3] Solving sectors...
  Filtering: sector = 01100
  Solving sector [01100]
  [2026-05-14 02:39:23] Singular minAssGTZ starting...
  [Singular minAssGTZ] 0.0403141 s, kept=1
  [2026-05-14 02:39:23] Singular minAssGTZ done
  [2026-05-14 02:39:23] Component 0/1 (10 polys)
  -> 1 region(s) in 0.051 s
  Found 1 region(s) total
  [TIMING] Step 3: 0.051 s

[Step 4] Building recursion + ring matrices...
  Region 0: nb=1
  [TIMING] Step 4: 0 s

[Step 5] Writing .bin files...
Written 1 regime(s) to workspace/C022-Penta1L-5m-region-solve-cpp/SectorCache/IBPMat_Penta1L-5m_sector_01100.bin
Written 1 ring cell(s) to workspace/C022-Penta1L-5m-region-solve-cpp/SectorCache/RingData_Penta1L-5m_sector_01100.bin
  [TIMING] Step 5: 0 s

[TIMING] Total wall-clock: 0.153 s

Done. Output:
  workspace/C022-Penta1L-5m-region-solve-cpp/SectorCache/IBPMat_Penta1L-5m_sector_01100.bin
  workspace/C022-Penta1L-5m-region-solve-cpp/SectorCache/RingData_Penta1L-5m_sector_01100.bin
