=== FamilyGenerate ===
Family: Penta1L-5m (L=1 E=4 N=5)
Modulus: 179424673

[Step 1] Generating IBP equations...
[IBPEqGenerator] Family Penta1L-5m: ne=5 nl=1 nE=4 nIBP=5 subsectors=31
[IBPEqGenerator] Step 1: Running SP2PD...
[IBPEqGenerator] SP2PD OK: 5 scalar products → z-basis
[IBPEqGenerator] Step 2: Computing derivatives...
[IBPEqGenerator] Derivatives OK: 25 polynomials computed
[IBPEqGenerator] Step 3: Assembling IBP equations (mon2F)...
[IBPEqGenerator] Generated 5 IBP equations with 67 total g-operator terms.
  ne=5 nibp=5 subsectors=31
  [TIMING] Step 1: 0.057 s

[Step 2] Extracting FTable...
  nibp=5 ne=5
  [TIMING] Step 2: 0 s

[Step 3] Solving sectors...
  Filtering: sector = 11011
  Solving sector [11011]
  [2026-05-14 02:39:50] Singular minAssGTZ starting...
  [Singular minAssGTZ] 0.0710576 s, kept=2
  [2026-05-14 02:39:50] Singular minAssGTZ done
  [2026-05-14 02:39:50] Component 0/2 (10 polys)

[DEBUG solveVarRule] sector=[1,1,0,1,1] nb=2 VarIndep=[A5] VarDep=[A1,A2,A3,A4]
  compGb:
    [0] A5^2-7171990*A5-20753434
    [1] A4+79400757*A5+55607875
    [2] A3-58232677*A5+43564201
    [3] A2-25411523*A5+10658507
    [4] A1-74612394*A5+44949368
    [5] B5+36990459*A5-33641686
    [6] B4+27240788*A5+7923146
    [7] B3+12723842*A5-47823443
    [8] B2+46254564*A5-34546073
    [9] B1-13633302*A5+52435858
  VarRule result:
    A1 -> 134475305+74612394*A5
    A2 -> 168766166+25411523*A5
    A3 -> 135860472+58232677*A5
    A4 -> 123816798+100023916*A5
    [2026-05-14 02:39:50] MBM reduction k=0/2 (2 products)...
    [2026-05-14 02:39:50] MBM reduction k=1/2 (2 products)...
  [2026-05-14 02:39:50] Component 1/2 (10 polys)

[DEBUG solveVarRule] sector=[1,1,0,1,1] nb=3 VarIndep=[A5] VarDep=[A1,A2,A3,A4]
  compGb:
    [0] A5^3-44485466*A5^2+27445942*A5-68857587
    [1] A4-68580595*A5^2-70370658*A5+60424824
    [2] A3+53017570*A5^2-40671919*A5-22874259
    [3] A2-59528472*A5^2+53127447*A5+4758045
    [4] A1-9052123*A5^2+55926567*A5+55666779
    [5] B5-58264722*A5^2+9457706*A5-67284685
    [6] B4-55283635*A5^2-7518050*A5+89038935
    [7] B3+46833120*A5^2+91484*A5-71656389
    [8] B2-46515124*A5^2+87714437*A5+42840870
    [9] B1-64081271*A5^2+71129983*A5-40336824
  VarRule result:
    A1 -> 123757894+123498106*A5+9052123*A5^2
    A2 -> 174666628+126297226*A5+59528472*A5^2
    A3 -> 22874259+40671919*A5+126407103*A5^2
    A4 -> 118999849+70370658*A5+68580595*A5^2
    [2026-05-14 02:39:50] MBM reduction k=0/3 (3 products)...
    [2026-05-14 02:39:50] MBM reduction k=1/3 (3 products)...
    [2026-05-14 02:39:50] MBM reduction k=2/3 (3 products)...
  -> 2 region(s) in 0.142 s
  Found 2 region(s) total
  [TIMING] Step 3: 0.142 s

[Step 4] Building recursion + ring matrices...
  Region 0: nb=2
  Region 1: nb=3
  [TIMING] Step 4: 0.004 s

[Step 5] Writing .bin files...
Written 2 regime(s) to workspace/C022-Penta1L-5m-region-solve-cpp/SectorCache/IBPMat_Penta1L-5m_sector_11011.bin
Written 2 ring cell(s) to workspace/C022-Penta1L-5m-region-solve-cpp/SectorCache/RingData_Penta1L-5m_sector_11011.bin
  [TIMING] Step 5: 0 s

[TIMING] Total wall-clock: 0.209 s

Done. Output:
  workspace/C022-Penta1L-5m-region-solve-cpp/SectorCache/IBPMat_Penta1L-5m_sector_11011.bin
  workspace/C022-Penta1L-5m-region-solve-cpp/SectorCache/RingData_Penta1L-5m_sector_11011.bin
