=== FamilyGenerate ===
Family: Penta1L-5m (L=1 E=4 N=5)
Modulus: 179424673

[Step 1] Generating IBP equations...
[IBPEqGenerator] Family Penta1L-5m: ne=5 nl=1 nE=4 nIBP=5 subsectors=31
[IBPEqGenerator] Step 1: Running SP2PD...
[IBPEqGenerator] SP2PD OK: 5 scalar products → z-basis
[IBPEqGenerator] Step 2: Computing derivatives...
[IBPEqGenerator] Derivatives OK: 25 polynomials computed
[IBPEqGenerator] Step 3: Assembling IBP equations (mon2F)...
[IBPEqGenerator] Generated 5 IBP equations with 67 total g-operator terms.
  ne=5 nibp=5 subsectors=31
  [TIMING] Step 1: 0.065 s

[Step 2] Extracting FTable...
  nibp=5 ne=5
  [TIMING] Step 2: 0 s

[Step 3] Solving sectors...
  Filtering: sector = 11100
  Solving sector [11100]
  [2026-05-14 02:39:32] Singular minAssGTZ starting...
  [Singular minAssGTZ] 0.0583605 s, kept=2
  [2026-05-14 02:39:32] Singular minAssGTZ done
  [2026-05-14 02:39:32] Component 0/2 (10 polys)
  [2026-05-14 02:39:32] Component 1/2 (10 polys)

[DEBUG solveVarRule] sector=[1,1,1,0,0] nb=2 VarIndep=[A5] VarDep=[A1,A2,A3,A4]
  compGb:
    [0] A5^2-48331797*A5-26739195
    [1] A4+1171419*A5-51333497
    [2] A3-25911006*A5+15123341
    [3] A2+37458065*A5-35742995
    [4] A1-25911006*A5+15123341
    [5] B5+29725182*A5+16390919
    [6] B4+38709340*A5+35638800
    [7] B3+38709340*A5+35638798
    [8] B2-38828674*A5+47079997
    [9] B1+38709340*A5+35638798
  VarRule result:
    A1 -> 164301332+25911006*A5
    A2 -> 35742995+141966608*A5
    A3 -> 164301332+25911006*A5
    A4 -> 51333497+178253254*A5
    [2026-05-14 02:39:32] MBM reduction k=0/2 (2 products)...
    [2026-05-14 02:39:32] MBM reduction k=1/2 (2 products)...
  -> 2 region(s) in 0.093 s
  Found 2 region(s) total
  [TIMING] Step 3: 0.093 s

[Step 4] Building recursion + ring matrices...
  Region 0: nb=1
  Region 1: nb=2
  [TIMING] Step 4: 0.002 s

[Step 5] Writing .bin files...
Written 2 regime(s) to workspace/C022-Penta1L-5m-region-solve-cpp/SectorCache/IBPMat_Penta1L-5m_sector_11100.bin
Written 2 ring cell(s) to workspace/C022-Penta1L-5m-region-solve-cpp/SectorCache/RingData_Penta1L-5m_sector_11100.bin
  [TIMING] Step 5: 0 s

[TIMING] Total wall-clock: 0.168 s

Done. Output:
  workspace/C022-Penta1L-5m-region-solve-cpp/SectorCache/IBPMat_Penta1L-5m_sector_11100.bin
  workspace/C022-Penta1L-5m-region-solve-cpp/SectorCache/RingData_Penta1L-5m_sector_11100.bin
