=== FamilyGenerate ===
Family: Penta1L-5m (L=1 E=4 N=5)
Modulus: 179424673

[Step 1] Generating IBP equations...
[IBPEqGenerator] Family Penta1L-5m: ne=5 nl=1 nE=4 nIBP=5 subsectors=31
[IBPEqGenerator] Step 1: Running SP2PD...
[IBPEqGenerator] SP2PD OK: 5 scalar products → z-basis
[IBPEqGenerator] Step 2: Computing derivatives...
[IBPEqGenerator] Derivatives OK: 25 polynomials computed
[IBPEqGenerator] Step 3: Assembling IBP equations (mon2F)...
[IBPEqGenerator] Generated 5 IBP equations with 67 total g-operator terms.
  ne=5 nibp=5 subsectors=31
  [TIMING] Step 1: 0.072 s

[Step 2] Extracting FTable...
  nibp=5 ne=5
  [TIMING] Step 2: 0 s

[Step 3] Solving sectors...
  Filtering: sector = 11001
  Solving sector [11001]
  [2026-05-14 02:39:35] Singular minAssGTZ starting...
  [Singular minAssGTZ] 0.0603279 s, kept=2
  [2026-05-14 02:39:35] Singular minAssGTZ done
  [2026-05-14 02:39:35] Component 0/2 (10 polys)
  [2026-05-14 02:39:35] Component 1/2 (10 polys)

[DEBUG solveVarRule] sector=[1,1,0,0,1] nb=2 VarIndep=[A5] VarDep=[A1,A2,A3,A4]
  compGb:
    [0] A5^2+79814361*A5-22047617
    [1] A4+41404857*A5-77575374
    [2] A3+44050629*A5-81994937
    [3] A2-A5
    [4] A1+68163092*A5+64521838
    [5] B5+24661824*A5-65436329
    [6] B4+32911457*A5-22991140
    [7] B3-50227256*A5-46866560
    [8] B2+24661824*A5-65436329
    [9] B1-60925696*A5-44213737
  VarRule result:
    A1 -> 114902835+111261581*A5
    A2 -> A5
    A3 -> 81994937+135374044*A5
    A4 -> 77575374+138019816*A5
    [2026-05-14 02:39:35] MBM reduction k=0/2 (2 products)...
    [2026-05-14 02:39:35] MBM reduction k=1/2 (2 products)...
  -> 2 region(s) in 0.1 s
  Found 2 region(s) total
  [TIMING] Step 3: 0.1 s

[Step 4] Building recursion + ring matrices...
  Region 0: nb=1
  Region 1: nb=2
  [TIMING] Step 4: 0.002 s

[Step 5] Writing .bin files...
Written 2 regime(s) to workspace/C022-Penta1L-5m-region-solve-cpp/SectorCache/IBPMat_Penta1L-5m_sector_11001.bin
Written 2 ring cell(s) to workspace/C022-Penta1L-5m-region-solve-cpp/SectorCache/RingData_Penta1L-5m_sector_11001.bin
  [TIMING] Step 5: 0 s

[TIMING] Total wall-clock: 0.186 s

Done. Output:
  workspace/C022-Penta1L-5m-region-solve-cpp/SectorCache/IBPMat_Penta1L-5m_sector_11001.bin
  workspace/C022-Penta1L-5m-region-solve-cpp/SectorCache/RingData_Penta1L-5m_sector_11001.bin
