
      +++  sector:  {0, 0, 0, 0, 1, 1, 1, 0, 0}  (1/1)  +++ 
                     SINGULAR                                 /  Development
 A Computer Algebra System for Polynomial Computations       /   version 4.3.2
                                                           0<
 by: W. Decker, G.-M. Greuel, G. Pfister, H. Schoenemann     \   Feb 2023
FB Mathematik der Universitaet, D-67653 Kaiserslautern        \  Debian 1:4.3.2-p10+ds-1.1build1
compute hilbert series with std in ring (ZZ/179424673),(x18,x17,x16,x15,x14,x13,x12,x11,x10,x9,x8,x7,x6,x5,x4,x3,x2,x1,@),(dp(19),C)
weights used for hilbert series: 1,1,1,1,1,1,1,1,1,1,1,1,1,1,1,1,1,1,1
[65535:5]2(18)s(17)s(16)s(15)s(14)s(13)s(12)s(11)s(10)s(9)s(10)s(12)s(15)s(19)s(18)s(19)s(21)s(23)s(26)s3(31)--s(33)s(38)s(46)-s(51)s(59)s(66)-----------s(56)---s(60)--s(64)s(71)--s4(75)-------------------s(64)-------s(61)---------s(59)----s(63)s(71)--------------s(65)s(72)--------5--------s(61)----s---------s(58)------------------s(47)s(53)---s(59)------s(62)--------6--------------------------s(34)s(39)--------------------------7-------------
product criterion:513 chain criterion:221
std with hilb in (ZZ/179424673),(x18,x17,x16,x15,x14,x13,x12,x11,x10,x9,x8,x7,x6,x5,x4,x3,x2,x1,@),(lp(18),dp(1),C)
[65535:5]2(45)s(44)s(43)s(42)s(41)s(40)sss(41)s(40)s(39)s(38)s(37)s(39)s(41)s(44)s(46)s(49)s(53)s3(58)--s(61)-s(66)s(76)---s(79)-s(83)s(88)s(97)---s(104)----(100)--s(104)s(111)----shhhhhhhhhhhh4(101)-(100)-------------s(94)----s(98)-------s(100)--------s(102)-s(113)-s(119)---------------shhhhhhhhhhhhhhhhhhhhhhhh5(88)----------s(90)s(100)-s(110)-s(118)s(128)s(138)----shhhhhhhhhhhhhhhhhhhhhhhhhhhhhhhhhhhhhhhhhhhhhhhhhhhhhhhhhhhhh6(80)------s(84)-s(94)------------------------------shhhhhhhhhhhhhhhhhhhhhhhhhhhhhhhhhhhhhhhhhhhhhhhhhhhhhhhhhhhhhhhhhhhhhhhh
product criterion:529 chain criterion:256
hilbert series criterion:169
dehomogenization
simplification
imap to ring (ZZ/179424673),(x18,x17,x16,x15,x14,x13,x12,x11,x10,x9,x8,x7,x6,x5,x4,x3,x2,x1),(lp(18),C)
Auf Wiedersehen.
  >> 0 regions (all trivial): expReg=0.554s
  [sector total: 0.5640000000000001s]
#Non-triv Sectors = 0

