
      +++  sector:  {0, 0, 0, 1, 1, 0, 1, 0, 0}  (1/1)  +++ 
                     SINGULAR                                 /  Development
 A Computer Algebra System for Polynomial Computations       /   version 4.3.2
                                                           0<
 by: W. Decker, G.-M. Greuel, G. Pfister, H. Schoenemann     \   Feb 2023
FB Mathematik der Universitaet, D-67653 Kaiserslautern        \  Debian 1:4.3.2-p10+ds-1.1build1
compute hilbert series with std in ring (ZZ/179424673),(x18,x17,x16,x15,x14,x13,x12,x11,x10,x9,x8,x7,x6,x5,x4,x3,x2,x1,@),(dp(19),C)
weights used for hilbert series: 1,1,1,1,1,1,1,1,1,1,1,1,1,1,1,1,1,1,1
[65535:5]2(18)s(17)s(16)s(15)s(14)s(13)s(12)s(11)s(10)s(9)s(10)s(12)s(15)s(19)s(18)s(20)s(22)s(25)s(26)s3(31)--s(34)s(41)s(50)-s(54)s(61)s(69)----------s(65)--s(70)s(75)s(81)--s(85)---4-----------s(73)---s(78)-s(86)s(89)-s(96)------s(99)-s(105)--s(113)s(121)-----------s(118)s(126)-----s(130)-----------------s(121)s(128)-----5-----------------------(100)---s(104)----(100)--s(103)s(110)------s(113)-------------(100)--------------s(94)-------s(95)-----s(99)---------------s(93)----------s(92)s(100)-----6-----------------------s(79)-s(84)---------s(80)---s(87)------------------------------------------------------7---------------------------------
product criterion:686 chain criterion:516
std with hilb in (ZZ/179424673),(x18,x17,x16,x15,x14,x13,x12,x11,x10,x9,x8,x7,x6,x5,x4,x3,x2,x1,@),(lp(18),dp(1),C)
[65535:5]2(57)s(56)s(55)s(54)s(53)s(52)s(51)ss(50)s(49)s(48)ss(50)s(51)s(53)s(56)s(58)s(61)s(65)s3(68)-s(71)s(78)s(83)s(89)s(99)--s(104)---s(108)-----s(111)shhhhhhhhhhhhhhhhhhhhh4(98)--s(102)-s(112)s(121)s(130)s(137)-s(147)---s(152)-------s(154)-s(165)----s(172)s(188)------------------s(178)shhhhhhhhhhhhhhhhhhhhhhhhhhhhh5(156)---s(165)------s(172)----s(181)-s(192)--------------s(187)--s(195)------s(198)-----------s(195)-------------------------------s(173)shhhhhhhhhhhhhhhhhhhhhhhhhhhhhhhhhhhhhhhhhhhhhhhhh6(131)----------s-------s(135)---------------------------s(119)----------shhhhhhhhhhhhhhhhhhhhhhhhhhhhhhhhhhhhhhhhhhhhhhhhhhhhhhhhhhhhhhhhhhhhhhhhhh7(44)----------------------shhhhhhhhhhhhhhhhhhhhhhhhhhhhhhhh
product criterion:618 chain criterion:516
hilbert series criterion:205
dehomogenization
simplification
imap to ring (ZZ/179424673),(x18,x17,x16,x15,x14,x13,x12,x11,x10,x9,x8,x7,x6,x5,x4,x3,x2,x1),(lp(18),C)
Auf Wiedersehen.
  >> 0 regions (all trivial): expReg=0.516s
  [sector total: 0.525s]
#Non-triv Sectors = 0

