
      +++  sector:  {0, 1, 0, 1, 0, 1, 0, 0, 0}  (1/1)  +++ 
                     SINGULAR                                 /  Development
 A Computer Algebra System for Polynomial Computations       /   version 4.3.2
                                                           0<
 by: W. Decker, G.-M. Greuel, G. Pfister, H. Schoenemann     \   Feb 2023
FB Mathematik der Universitaet, D-67653 Kaiserslautern        \  Debian 1:4.3.2-p10+ds-1.1build1
compute hilbert series with std in ring (ZZ/179424673),(x18,x17,x16,x15,x14,x13,x12,x11,x10,x9,x8,x7,x6,x5,x4,x3,x2,x1,@),(dp(19),C)
weights used for hilbert series: 1,1,1,1,1,1,1,1,1,1,1,1,1,1,1,1,1,1,1
[65535:5]2(18)s(17)s(16)s(15)s(14)s(13)s(12)s(11)s(10)s(9)s(10)s(12)s(13)s(16)s(20)s(22)s(24)s(27)s(32)s3(31)--s(33)s(37)---s(38)--s(44)s(47)-s(49)s(57)s(68)--s(72)--s(77)s(84)--------4-------------------------s(55)--------ss(63)------------------------s(45)s(51)------5---------------------------------------------
product criterion:360 chain criterion:58
std with hilb in (ZZ/179424673),(x18,x17,x16,x15,x14,x13,x12,x11,x10,x9,x8,x7,x6,x5,x4,x3,x2,x1,@),(lp(18),dp(1),C)
[65535:5]2(34)s(33)s(32)ss(31)s(30)s(29)s(28)ss(29)s(28)s(31)ss(32)s(31)s(33)s(37)s(39)s(42)s3(45)-s(49)-s(53)s(60)-s(67)s(78)s(85)-s(92)--------s----shhhhhhhhhhhhhhhh4(79)----------s(78)----s(83)-------------------------s(66)--s(72)----s(75)---shhhhhhhhhhhhhhhhhhhhhhhhhhhhhhhhhhhhhhhhhhhhhhhhhhhhhhhhhhhhhhhhhhhhhhhhhhhhhhhhh
product criterion:337 chain criterion:64
hilbert series criterion:97
dehomogenization
simplification
imap to ring (ZZ/179424673),(x18,x17,x16,x15,x14,x13,x12,x11,x10,x9,x8,x7,x6,x5,x4,x3,x2,x1),(lp(18),C)
Auf Wiedersehen.
  >> 0 regions (all trivial): expReg=0.484s
  [sector total: 0.492s]
#Non-triv Sectors = 0

