
      +++  sector:  {0, 0, 1, 1, 1, 0, 1, 0, 0}  (1/1)  +++ 
                     SINGULAR                                 /  Development
 A Computer Algebra System for Polynomial Computations       /   version 4.3.2
                                                           0<
 by: W. Decker, G.-M. Greuel, G. Pfister, H. Schoenemann     \   Feb 2023
FB Mathematik der Universitaet, D-67653 Kaiserslautern        \  Debian 1:4.3.2-p10+ds-1.1build1
compute hilbert series with std in ring (ZZ/179424673),(x18,x17,x16,x15,x14,x13,x12,x11,x10,x9,x8,x7,x6,x5,x4,x3,x2,x1,@),(dp(19),C)
weights used for hilbert series: 1,1,1,1,1,1,1,1,1,1,1,1,1,1,1,1,1,1,1
[65535:5]2(18)s(17)s(16)s(15)s(14)s(13)s(12)s(11)s(10)s(9)s(10)s(12)s(15)s(16)s(20)s(21)s(23)s(26)s(31)s3(33)s(37)s(42)s(48)s(52)s(57)s(64)s(66)s(70)s(77)s(85)s(93)s(104)s(109)s(116)s(121)s(131)-s(140)s(147)s(152)s(158)s(166)s(176)s(181)s(188)s(196)s(207)s(216)s(226)s(236)--s(245)4----------------------------------s(221)---------------------(200)-------------------------------------------------s(158)s(165)s(172)-s(180)s(190)----s(194)-s(202)s(212)--s(218)---s(226)s(236)s(247)s(257)--s(263)--s(269)-s(280)s(290)---s(296)-s(305)s(316)---------s(318)----s(329)s(342)--------s(345)--------s(347)------------------------------------s(320)s(327)------5---------------------(300)s(310)---s(317)---------------s(312)------------(300)------------------------s(288)s(299)-s(310)s(322)s(332)--------------s(331)---s(341)s(348)s(356)-s(368)-------s(370)---------------------s(359)s(368)-------s(372)------------------s(363)------------------------------s(343)---s(350)s(360)--s(371)------s(374)-s(385)---------s(389)------------s(388)--s(398)s(409)----s(417)-----------------(400)-s(411)-------s(415)s(424)------------------6------(400)----------------------------------------------------------------------------------------------------(300)----s(306)------(300)-----------------------s(284)--------s(288)s(300)s(310)----------(300)-------s(303)-s(310)----------(300)-----s(303)s(309)---------(300)-s(310)----------(300)---------s(303)--s(312)-----s(316)------s(320)--------s(324)s(335)-----s(340)---------s(342)s(355)-------------------------------------------------------(300)---s(306)------(300)-------------------------------------------------------7---------------------------------------------(200)-----------------------------------------------------------------------------------s(127)---------------------------(100)-----------------------------------------------------------------------------------s(29)-----8------------------------
product criterion:2700 chain criterion:4507
std with hilb in (ZZ/179424673),(x18,x17,x16,x15,x14,x13,x12,x11,x10,x9,x8,x7,x6,x5,x4,x3,x2,x1,@),(lp(18),dp(1),C)
[65535:5]2(130)s(129)s(128)s(127)s(126)s(125)s(124)s(123)s(122)s(121)s(122)s(123)s(125)s(127)s(129)s(132)s(135)s(140)s(145)s3(147)s(153)s(155)s(160)s(165)s(168)s(176)s(182)s(189)s(192)s(198)s(203)s(208)s(214)s(222)s(228)s(236)s(243)s(252)s(258)s(265)s(273)s(279)s(288)s(297)s(308)s(315)s(324)-s(332)s(339)s(350)s(361)-shhhhhhhhhhhhhhhhhhhhhhhhhhhhhhhh4(338)--------s(341)--s(349)-------s(352)s(362)s(372)s(381)----s(388)s(400)------s(403)---(400)---s(404)----(400)----s(406)---s(414)s(420)-s(426)-s(436)s(445)s(455)s(462)s(474)s(485)-s(495)--------s(493)-----------s(491)s(507)-s(515)--------------s(513)-------------(500)---------------------------------s(474)---s(480)---------s---s(484)---------------------------------------------------shhhhhhhhhhhhhhhhhhhhhhhhhhhhhhhhhhhhhhhhhh5(402)--(400)---s(408)---s(417)s(429)s(442)-s(454)-s(467)------s(474)---s(485)----s(494)-s(505)-----(500)--s(513)-----s(520)------s(527)-s(537)s(549)--s(558)--s(568)s(579)-----s(582)-------------------------------------------------s(545)s(557)-------s(558)--------------------s(550)--------------------------------------------------(500)-----s(504)----(500)-----s(504)s(513)-------------(500)-s(510)----------(500)----------------s(496)---------------------------------shhhhhhhhhhhhhhhhhhhhhhhhhhhhhhhhhhhhhhhhhhhhhhhhhhhhh6(421)------------------s(415)--s(425)s(438)---s(447)-s(457)---------------s(455)--s(466)s(481)s(492)-s(503)-s(513)-------------(500)-----------s(504)----(500)-----------------------s(489)s(501)-(500)----------------------s(490)-------------------s(483)-----------------------------s(466)--------s(471)---------------s(469)--------------------------------s(448)------------------------------------------------(400)-----------------------------------------shhhhhhhhhhhhhhhhhhhhhhhhhhhhhhhhhhhhhhhhhhhhhhhhhhhhhhhhhhhhhhhhhhhhhhh7(300)--------------------s(293)---------------------------------------------------------------------------------------------(200)------------------------------------------------------------------------------------shhhhhhhhhhhhhhhhhhhhhhhhhhhhhhhhhhhhhhhhhhhhhhhhhhhhhhhhhhhhhhhhhhhhhhhhhhhhhhhhhhhhhhhhhhhhhhhhhhhhhhhhhhhhhhhhhhhhhhhhhhhhhhhhh
product criterion:2872 chain criterion:4742
hilbert series criterion:327
dehomogenization
simplification
imap to ring (ZZ/179424673),(x18,x17,x16,x15,x14,x13,x12,x11,x10,x9,x8,x7,x6,x5,x4,x3,x2,x1),(lp(18),C)
Auf Wiedersehen.
  >> 0 regions (all trivial): expReg=0.521s
  [sector total: 0.528s]
#Non-triv Sectors = 0

