
      +++  sector:  {1, 0, 1, 1, 1, 1, 1, 0, 0}  (1/1)  +++ 
                     SINGULAR                                 /  Development
 A Computer Algebra System for Polynomial Computations       /   version 4.3.2
                                                           0<
 by: W. Decker, G.-M. Greuel, G. Pfister, H. Schoenemann     \   Feb 2023
FB Mathematik der Universitaet, D-67653 Kaiserslautern        \  Debian 1:4.3.2-p10+ds-1.1build1
compute hilbert series with std in ring (ZZ/179424673),(x18,x17,x16,x15,x14,x13,x12,x11,x10,x9,x8,x7,x6,x5,x4,x3,x2,x1,@),(dp(19),C)
weights used for hilbert series: 1,1,1,1,1,1,1,1,1,1,1,1,1,1,1,1,1,1,1
[65535:5]2(18)s(17)s(16)s(15)s(14)s(13)s(12)s(11)s(10)s(9)s(10)s(12)s(15)s(16)s(20)s(21)s(22)s(25)s(28)s3(33)s(36)s(40)s(45)s(50)s(55)s(62)s(69)s(76)s(82)s(88)s(95)s(103)s(112)s(121)-s(129)s(135)s(140)s(150)s(158)s(164)s(170)s(178)s(185)s(191)s(195)s(203)s(210)s(218)s(227)s(233)s(242)s(251)s4(259)s(270)s(280)s(286)s(292)s(301)s(310)s(317)s(328)s(336)s(346)s(356)s(365)---s(375)-s(387)s(400)s(410)s(418)s(429)s(445)-s(450)s(457)s(467)s(477)s(487)s(494)s(505)s(513)s(520)s(530)s(543)s(552)s(561)-s(570)-s(577)--s(586)s(597)-s(608)s(618)s(625)s(638)s(647)-s(658)s(667)s(678)--s(686)---s(694)s(703)s(712)s(723)---s(729)-s(739)-s(748)-s(758)s(769)s(781)s(795)s(804)----(800)s(807)s(816)s(827)s(838)s(848)s(860)s(870)--s(880)s(886)--s(895)----s(903)s(923)--------s(927)s(938)s(949)---s(956)----s(963)-------------s(962)s(974)s(985)s(998)s(1011)s(1026)-s(1037)s(1048)s(1058)---s(1071)-s(1085)-----------s--------s(1093)s(1107)-s(1121)----s(1126)s(1136)-----s(1141)------------------------5-s(1128)s(1140)s(1151)s(1165)s(1176)s(1187)s(1199)s(1211)s(1223)s(1235)s(1248)--s(1260)-----s(1268)--s(1281)-s(1294)---s(1305)s(1318)----s(1328)----s(1339)s(1355)s(1369)s(1386)s(1402)--(1400)--------------------s(1395)-s(1411)s(1426)s(1439)s(1452)s(1463)s(1476)s(1488)s(1503)s(1517)-s(1532)s(1545)s(1559)s(1576)s(1592)s(1607)s(1623)s(1638)s(1653)s(1666)s(1679)s(1692)s(1705)-s(1717)s(1731)-------s(1736)s(1749)----s(1759)s(1773)----s(1783)s(1800)-s(1815)-----s(1824)------------------------(1800)----------------------s(1791)--s(1802)s(1816)s(1830)-s(1844)-s(1859)-s(1871)----------s(1875)s(1889)----------------------s(1882)s(1897)s(1914)-----------s(1919)----s(1932)--------------------------------(1900)------s(1909)-s(1922)----------------------(1900)------s(1909)s(1926)--------------------------(1900)------------------------------------------------------------------------------------------------s(1819)s(1835)---------------s(1837)--------------------------------s(1820)s(1835)s(1852)s(1867)s(1882)s(1897)---------------------------------------------------s(1862)s(1879)-------------------------------------------------------------------------------(1800)---------------s-s(1812)----s(1820)s(1832)s(1846)---s(1859)----------------s(1858)s(1870)s(1883)-s(1891)s(1903)s(1918)s(1934)----s(1943)---------s-----------s(1945)----------------------s(1936)------------------------------------(1900)----------------------------------------------------------------------------s(1834)----------------------------------(1800)--------------------s(1795)-----s(1800)---s(1813)---s(1821)-s(1832)---------s(1836)-------s(1840)-s(1848)--------s(1850)----s(1859)------s(1863)-------------------------------s(1843)---s(1850)---s(1859)s(1869)-s(1880)--------------s(1878)---------------------------------s(1857)s(1869)--------s(1872)-------------------6-s(1867)---------s(1874)s(1890)s(1907)-------(1900)----------------------------------------------------------------------------------------------------(1800)----------------------------------------------------------------------------------------------------(1700)----------------------------------------------------------------------------------------------------(1600)-----------------s(1599)---------------------------------------------------------------------------------------------------(1500)----------------------------------------------------------------------------------------------------(1400)----------------------------------------------------------------------------------------------------(1300)----------------------------------------------------------------------------------------------------(1200)----------------------------------------------------------------------------------------------------(1100)----------------------s(1093)----------s(1096)-------s(1105)-----(1100)------------------------------------------------------------------------------------s(1030)s(1045)--s(1059)-------------------------s(1051)---------------------------------------------------(1000)--------------------------------------s(975)---------------------------------------------------------------------------(900)------------------------------s(886)-----------------------------------------------------------------------------s(823)-----------------------(800)----------------------------------------------------------------------------------------------------(700)-----------------------------------------------------------------------s(642)-s(651)s(664)---------------------------------s(644)----------s(650)-----s(658)-----------s(661)--s(673)-s(686)--------s(693)-------------s---------s(694)------s(701)-(700)s(714)--------------(700)s(711)-----s(721)------------s---------------------(700)------------------s(695)--s(705)-----(700)-----------s(702)--(700)---------------------s(692)-------------------s(685)-s(698)s(714)-s(728)--s(739)--------s(745)--s(757)----s(766)--s(778)------------------------------------------------------------------------------(700)----------------7--s(698)--------------------------------------------------------------------------------------------------(600)----------------------------------------------------------------------------------------------------(500)---s(511)----s(522)----------------------(500)----------------------------------------------------------------------------------------------------(400)------------------------------s(384)s(398)-----s(408)--------(400)---------------------------------s(381)-------------------s(376)------------------s(373)---------s(378)------------------s(374)--s(385)-------------------------------------------------------------------------------------(300)----------------------------------------------------------------------------------------------------(200)----------------8------------------------------------------------------------------------------------(100)---------------------------s(88)-----------------------------------------------------------s(42)------------9------------------------------
product criterion:11950 chain criterion:36972
std with hilb in (ZZ/179424673),(x18,x17,x16,x15,x14,x13,x12,x11,x10,x9,x8,x7,x6,x5,x4,x3,x2,x1,@),(lp(18),dp(1),C)
[65535:5]2(325)s(324)s(323)s(322)s(321)s(320)s(319)sssss(320)s(319)s(321)s(324)s(326)s(328)s(333)s(338)s3(340)s(345)s(351)s(353)s(359)s(363)s(369)s(376)s(381)s(384)s(390)s(397)s(403)s(409)s(416)s(420)s(426)s(434)s(441)s(450)s(459)s(465)s(473)s(482)s(490)s(501)-(500)s(506)s(513)s(519)s(526)s(533)s(541)s(549)shhhhhhhhhhhhhhhhhhhhhhhhhhhhhhhhh4(523)s(533)s(540)s(549)s(558)s(569)s(580)s(588)s(599)s(611)s(621)s(631)s(641)s(654)s(664)s(673)s(683)s(690)s(698)-s(707)s(716)s(727)s(734)s(744)s(755)s(764)s(774)---s(780)s(790)s(799)-s(806)s(812)-s(821)s(830)s(839)s(849)s(858)s(869)s(878)--s(884)s(896)s(907)----s(913)s(923)s(934)s(944)--s(954)s(962)-s(971)s(979)-s(991)s(999)-s(1007)s(1017)s(1029)s(1038)s(1048)s(1058)s(1067)s(1080)s(1091)-s(1100)s(1109)----s(1114)-----s(1120)---s(1131)s(1141)s(1151)s(1162)----s(1169)s(1181)--s(1190)s(1202)s(1214)s(1224)----s(1230)--s(1238)s(1249)------s(1254)---s(1261)--------s(1266)-s(1279)s(1292)-s(1306)s(1320)----------s(1319)----s(1328)-s(1337)---s(1343)----s(1350)s(1366)---------s(1367)-s(1378)-------------s(1376)s(1388)--s(1401)s(1410)----------(1400)s(1416)--s(1431)--shhhhhhhhhhhhhhhhhhhhhhhhhhhhhhhhhhhhhhhhhhhhhhhhhhhhhhhhhhhhhhhhhhhhhhhhhhhhhhhhhhhhhhhhhhhhhh5(1345)s(1357)s(1368)s(1379)s(1391)s(1404)-s(1415)s(1426)s(1439)s(1453)s(1464)s(1476)s(1488)s(1501)s(1515)s(1529)s(1543)s(1558)s(1573)s(1585)s(1598)s(1606)s(1622)s(1634)s(1648)s(1660)--s(1670)--s(1681)-----s(1692)-s(1704)-s(1714)-s(1726)s(1742)s(1754)s(1768)s(1781)s(1792)s(1807)s(1822)s(1836)s(1848)s(1860)s(1872)s(1885)s(1899)s(1914)s(1925)s(1937)-s(1948)s(1960)s(1973)-s(1983)---s(1993)-------s(1997)---s(2007)-------(2000)--s(2013)s(2029)s(2043)s(2057)s(2073)s(2089)s(2103)-s(2118)-s(2130)s(2145)--s(2156)s(2168)s(2179)s(2190)s(2201)s(2213)s(2223)s(2236)s(2246)s(2260)----s(2269)s(2281)-s(2292)s(2307)s(2324)-s(2335)-s(2344)s(2360)s(2373)s(2384)s(2397)s(2406)s(2419)----s(2429)--------s(2437)s(2446)------------------------------s(2433)-s(2441)---s(2454)-----------------s(2450)-s(2464)------s(2469)s(2485)s(2501)-(2500)s(2515)s(2529)s(2539)---s(2551)s(2566)s(2577)-------s(2584)----------s(2585)--s(2598)s(2610)s(2627)----s(2634)---s(2642)----------s(2646)----s(2658)------s(2661)-s(2676)s(2692)s(2708)--s(2723)s(2736)--s(2751)s(2762)s(2779)----s(2791)-----s(2798)---------s(2805)----s(2815)-s(2831)-s(2847)-----------------------s(2834)----------------s(2832)s(2846)s(2862)---------s(2865)---------------------------------------s(2841)--s(2856)-----------------s-------s(2864)s(2875)--------------------------------------s(2852)-------------s(2854)--s(2862)---------------------------s(2848)---------------------------------------------s(2814)s(2825)-------------------------(2800)-s(2815)---------------(2800)-------s(2804)----(2800)----------s(2802)--(2800)-----------------s(2795)--------------s(2794)--------s(2798)s(2809)---------(2800)----------------------------------------------------------------------------------------------------(2700)--------------------------------s(2677)-----------------------s(2667)---------------------------------------------------------s(2622)----------------------(2600)--------s(2605)-----(2600)-s(2613)-------------(2600)-------------------------------------------s(2570)-------s(2575)-----------------------------------s(2554)---s(2560)----------------------------s(2547)-----------------------------------------------(2500)--------shhhhhhhhhhhhhhhhhhhhhhhhhhhhhhhhhhhhhhhhhhhhhhhhhhhhhhhhhhhhhhhhhhhhhhhhhhhhhhhhhhhhhhhhhhhhhhhhhhhhhhhhhhhhhhhhhhhhhhhhhhhhhhhhhhhhhhh6(2368)s(2383)s(2399)s(2414)s(2430)-s(2446)----s(2457)---------------------s(2450)----------s(2455)----------------------------------s(2434)----------------------------------(2400)-------s(2408)--------(2400)-----s(2411)-----------(2400)------------------------------------------------------s(2359)-s(2371)-s(2387)--s(2401)-(2400)--------s(2408)---s(2422)---------s(2425)s(2438)-s(2450)-s(2463)---s(2475)------------------------------s(2459)-----------s(2464)--s(2476)----------------------------------s(2455)---s(2468)-----s(2479)-s(2492)--------------------------------------------------------------------------------------------(2400)--------------------------s(2387)--------------------------------------s(2363)---s(2373)s(2385)--------------------s(2377)s(2391)-------------------------------------------------------------------------------------------(2300)------------------------s(2290)---------------------------------------------------------------------------------------s(2217)---------s(2219)----s(2229)-s(2241)-----------------------------------------(2200)--------------------s(2192)----------s(2197)----------------------------------------s(2172)-s(2182)-----s(2189)------------------------------s(2173)-------------------------------------------------------------------------(2100)----------------------------------------------------------------------------------------------------(2000)----------------------------------------------------------------------------------------------------(1900)----------------------------------------------------------------------------------------------------(1800)----------------------s(1791)-----------------s(1786)--------------------------------------------------------------------------------------(1700)----------------------------------------------------------------------------------------------------(1600)----------------------------------------------------------------------------------------------------(1500)----------------------------------------------------------------------------------------------------(1400)----------------------------------------------------------------------------------------------------(1300)---------------------------------------------------------------------------------------s(1225)-------------------------(1200)----------------------------------------------------------------------------------------------------(1100)-------------------------shhhhhhhhhhhhhhhhhhhhhhhhhhhhhhhhhhhhhhhhhhhhhhhhhhhhhhhhhhhhhhhhhhhhhhhhhhhhhhhhhhhhhhhhhhhhhhhhhhhhhhhhhhhhhhhhhhhhhhhhhhhhhhhhhhhhhhhhhhhhhhhhhhhhhhhhhhhhhhhhhhhhhhhhhhhhhhhhhhhhhhhhhhhhhhhhhhhhhhhhhhhhhhhhhhhhhhhhhhhhhhhhhhhhhhhhhhhhhhhhhhhhhhhhhhhhhhhhhhhhhhhhhhhhhhhhhhhhhhhhhhhhhhhhhhhhhhhhhhhhhhhhhhhhhhhhhhhhh7(770)s(786)-s(802)--(800)------------------------------------------------------------s(754)------------------------------------------------------(700)--s(712)------s(720)-------------s(721)-s(735)-s(747)------------------s(744)----------s(748)------------s(750)-------------------------------------------s(721)--------------------shhhhhhhhhhhhhhhhhhhhhhhhhhhhhhhhhhhhhhhhhhhhhhhhhhhhhhhhhhhhhhhhhhhhhhhhhhhhhhhhhhhhhhhhhhhhhhhhhhhhhhhhhhhhhhhhhhhhhhhhhhhhhhhhhhhhhhhhhhhhhhhhhhhhhhhhhhhhhhhhhhhhhhhhhhhhhhhhhhhhhhhhhhhhhhhhhhhhhhhhhhhhhhhhhhhhhhhhhhhhhhhhhhhhhhhhhhhhhhhhhhhhhhhhhhhhhhhhhhhhhhhhhhhhhhhhhhhhhhhhhhhhhhhhhhhhhhhhhhhhhhhhhhhhhhhhhhhhhhhhhhhhhhhhhhhhhhhhhhhhhhhhhhhhhhhhhhhhhhhhhhhhhhhhhhhhhhhhhhhhhhhhhhhhhhhhhhhhhhhhhhhhhhhhhhhhhhhhhhhhhhhhhhhhhhhhhhhhhhhhhhhhhhhhhhhhhhhhhhhhhhhhhhhhhhhhhhhhhhhhhhhhhhhhhhhhhhhhhhhhhhhhhhhhhhhhh8(203)s(219)-------------------(200)s(213)-------------(200)---------shhhhhhhhhhhhhhhhhhhhhhhhhhhhhhhhhhhhhhhhhhhhhhhhhhhhhhhhhhhhhhhhhhhhhhhhhhhhhhhhhhhhhhhhhhhhhhhhhhhhhhhhhhhhhhhhhhhhhhhhhhhhhhhhhhhhhhhhhhhhhhhhhhhhhhhhhhhhhhhhhhhhhhhhhhhhhhhhhhhhhhhhhhhhhhhhhhhhhhhhhhhhhhh
product criterion:16151 chain criterion:50760
hilbert series criterion:1299
dehomogenization
simplification
imap to ring (ZZ/179424673),(x18,x17,x16,x15,x14,x13,x12,x11,x10,x9,x8,x7,x6,x5,x4,x3,x2,x1),(lp(18),C)
Auf Wiedersehen.
                     SINGULAR                                 /  Development
 A Computer Algebra System for Polynomial Computations       /   version 4.3.2
                                                           0<
 by: W. Decker, G.-M. Greuel, G. Pfister, H. Schoenemann     \   Feb 2023
FB Mathematik der Universitaet, D-67653 Kaiserslautern        \  Debian 1:4.3.2-p10+ds-1.1build1
// ** loaded /usr/bin/../share/singular/LIB/primdec.lib (4.3.2.9,Oct_2023)
// ** loaded /usr/bin/../share/singular/LIB/ring.lib (4.3.1.3,Feb_2023)
// ** loaded /usr/bin/../share/singular/LIB/absfact.lib (4.1.2.0,Feb_2019)
// ** loaded /usr/bin/../share/singular/LIB/triang.lib (4.1.2.0,Feb_2019)
// ** loaded /usr/bin/../share/singular/LIB/matrix.lib (4.3.2.3,Aug_2023)
// ** loaded /usr/bin/../share/singular/LIB/nctools.lib (4.1.2.0,Feb_2019)
// ** loaded /usr/bin/../share/singular/LIB/inout.lib (4.1.2.0,Feb_2019)
// ** loaded /usr/bin/../share/singular/LIB/random.lib (4.1.2.0,Feb_2019)
// ** loaded /usr/bin/../share/singular/LIB/polylib.lib (4.2.0.0,Dec_2020)
// ** loaded /usr/bin/../share/singular/LIB/elim.lib (4.3.2.5,Jul_2023)
// ** loaded /usr/bin/../share/singular/LIB/general.lib (4.1.2.0,Feb_2019)
map with cache
map with cache
map with cache
map with cache
map with cache
map with cache
map with cache
map with cache
map with cache
map with cache
map with cache
map with cache
map with cache
map with cache
map with cache
map with cache
map with cache
std in (ZZ/179424673),(x18,x17,x16,x15,x14,x13,x12,x11,x10,x9,x8,x7,x6,x5,x4,x3,x2,x1),(dp(18),C)
[65535:6]1(17)s(16)s(15)s(14)s(13)s(12)s(11)s(10)s(9)s(8)s(7)s(6)s(5)s(4)s(3)s(2)ss4s
(S:17)-----------------
product criterion:153 chain criterion:0
[65535:5]1(17)s(16)s(15)s(14)s(13)s(12)s(11)s(10)s(9)s(8)s(7)s(6)s(5)s(4)s(3)s(2)ss4s
(S:17)-----------------
product criterion:153 chain criterion:0
map is a permutation
[65535:6]1(18)s(17)s(16)s(15)s(14)s(13)s(12)s(11)s(10)s(9)s(8)s(7)s(6)s(5)s(4)s(3)s(2)ss2s
(S:18)------------------
product criterion:171 chain criterion:0
[65535:5]1(17)s(16)s(15)s(14)s(13)s(12)s(11)s(10)s(9)s(8)s(7)s(6)s(5)s(4)s(3)s(2)ss2s
(S:17)-----------------
product criterion:153 chain criterion:0
{1}[65535:7]1(17)s(16)s(15)s(14)s(13)s(12)s(11)s(10)s(9)s(8)s(7)s(6)s(5)s(4)s(3)s(2)ss2s3(16)----------------
(S:18)-------------------
product criterion:0 chain criterion:0
(S:18)rrrrrrrrrrrrrrrrrr
[65535:5]1(17)s(16)s(15)s(14)s(13)s(12)s(11)s(10)s(9)s(8)s(7)s(6)s(5)s(4)s(3)s(2)ss2s
(S:17)-----------------
product criterion:153 chain criterion:0
map is a permutation
intersect by elimination method
[65535:7]1(18)s2(17)s(16)s(15)s(14)s(13)s(12)s(11)s(10)s(9)s(8)s(7)s(6)s(5)s(4)s(3)s(2)ss3s
(S:18)------------------
product criterion:171 chain criterion:0
map is a permutation
[65535:6]1(18)s(17)s(16)s(15)s(14)s(13)s(12)s(11)s(10)s(9)s(8)s(7)s(6)s(5)s(4)s(3)s(2)s2s.4
(S:0)
product criterion:153 chain criterion:0
map is a permutation
[65535:6]1(18)s(17)s(16)s(15)s(14)s(13)s(12)s(11)s(10)s(9)s(8)s(7)s(6)s(5)s(4)s(3)s(2)s2s.4
(S:0)
product criterion:153 chain criterion:0
map is a permutation
[65535:6]1(18)s(17)s(16)s(15)s(14)s(13)s(12)s(11)s(10)s(9)s(8)s(7)s(6)s(5)s(4)s(3)s(2)s2s.4
(S:0)
product criterion:153 chain criterion:0
map is a permutation
[65535:6]1(18)s(17)s(16)s(15)s(14)s(13)s(12)s(11)s(10)s(9)s(8)s(7)s(6)s(5)s(4)s(3)s(2)s2s.4
(S:0)
product criterion:153 chain criterion:0
map is a permutation
[65535:6]1(18)s(17)s(16)s(15)s(14)s(13)s(12)s(11)s(10)s(9)s(8)s(7)s(6)s(5)s(4)s(3)s(2)s2s.4
(S:0)
product criterion:153 chain criterion:0
map is a permutation
[65535:6]1(18)s(17)s(16)s(15)s(14)s(13)s(12)s(11)s(10)s(9)s(8)s(7)s(6)s(5)s(4)s(3)s(2)s2s.4
(S:0)
product criterion:153 chain criterion:0
map is a permutation
[65535:6]1(18)s(17)s(16)s(15)s(14)s(13)s(12)s(11)s(10)s(9)s(8)s(7)s(6)s(5)s(4)s(3)s(2)s2s.4
(S:0)
product criterion:153 chain criterion:0
map is a permutation
[65535:6]1(18)s(17)s(16)s(15)s(14)s(13)s(12)s(11)s(10)s(9)s(8)s(7)s(6)s(5)s(4)s(3)s(2)s2s.4
(S:0)
product criterion:153 chain criterion:0
map is a permutation
[65535:6]1(18)s(17)s(16)s(15)s(14)s(13)s(12)s(11)s(10)s(9)s(8)s(7)s(6)s(5)s(4)s(3)s(2)s2s.4
(S:0)
product criterion:153 chain criterion:0
map is a permutation
[65535:6]1(18)s(17)s(16)s(15)s(14)s(13)s(12)s(11)s(10)s(9)s(8)s(7)s(6)s(5)s(4)s(3)s(2)s2s.4
(S:0)
product criterion:153 chain criterion:0
map is a permutation
[65535:6]1(18)s(17)s(16)s(15)s(14)s(13)s(12)s(11)s(10)s(9)s(8)s(7)s(6)s(5)s(4)s(3)s(2)s2s.4
(S:0)
product criterion:153 chain criterion:0
map is a permutation
[65535:6]1(18)s(17)s(16)s(15)s(14)s(13)s(12)s(11)s(10)s(9)s(8)s(7)s(6)s(5)s(4)s(3)s(2)s2s.4
(S:0)
product criterion:153 chain criterion:0
map is a permutation
[65535:6]1(18)s(17)s(16)s(15)s(14)s(13)s(12)s(11)s(10)s(9)s(8)s(7)s(6)s(5)s(4)s(3)s(2)s2s.4
(S:0)
product criterion:153 chain criterion:0
map is a permutation
[65535:6]1(18)s(17)s(16)s(15)s(14)s(13)s(12)s(11)s(10)s(9)s(8)s(7)s(6)s(5)s(4)s(3)s(2)s2s.4
(S:0)
product criterion:153 chain criterion:0
map is a permutation
[65535:6]1(18)s(17)s(16)s(15)s(14)s(13)s(12)s(11)s(10)s(9)s(8)s(7)s(6)s(5)s(4)s(3)s(2)s2s.4
(S:0)
product criterion:153 chain criterion:0
map is a permutation
[65535:6]1(18)s(17)s(16)s(15)s(14)s(13)s(12)s(11)s(10)s(9)s(8)s(7)s(6)s(5)s(4)s(3)s(2)s2s.4
(S:0)
product criterion:153 chain criterion:0
map is a permutation
[65535:6]1(18)s(17)s(16)s(15)s(14)s(13)s(12)s(11)s(10)s(9)s(8)s(7)s(6)s(5)s(4)s(3)s(2)s2s.4
(S:0)
product criterion:153 chain criterion:0
map is a permutation
[65535:6]1(18)s(17)s(16)s(15)s(14)s(13)s(12)s(11)s(10)s(9)s(8)s(7)s(6)s(5)s(4)s(3)s(2)s2s3s
(S:0)
product criterion:171 chain criterion:0
[65535:5]1(17)s(16)s(15)s(14)s(13)s(12)s(11)s(10)s(9)s(8)s(7)s(6)s(5)s(4)s(3)s(2)ss2s
(S:17)-----------------
product criterion:153 chain criterion:0
map is a permutation
[65535:6]1(18)s(17)s(16)s(15)s(14)s(13)s(12)s(11)s(10)s(9)s(8)s(7)s(6)s(5)s(4)s(3)s(2)ss2s
(S:18)------------------
product criterion:171 chain criterion:0
[65535:5]1(17)s(16)s(15)s(14)s(13)s(12)s(11)s(10)s(9)s(8)s(7)s(6)s(5)s(4)s(3)s(2)ss2s
(S:17)-----------------
product criterion:153 chain criterion:0
{1}[65535:7]1(17)s(16)s(15)s(14)s(13)s(12)s(11)s(10)s(9)s(8)s(7)s(6)s(5)s(4)s(3)s(2)ss2s3(16)----------------
(S:18)-------------------
product criterion:0 chain criterion:0
(S:18)rrrrrrrrrrrrrrrrrr
[65535:5]1(17)s(16)s(15)s(14)s(13)s(12)s(11)s(10)s(9)s(8)s(7)s(6)s(5)s(4)s(3)s(2)ss2s
(S:17)-----------------
product criterion:153 chain criterion:0
map is a permutation
intersect by elimination method
[65535:7]1(18)s2(17)s(16)s(15)s(14)s(13)s(12)s(11)s(10)s(9)s(8)s(7)s(6)s(5)s(4)s(3)s(2)ss3s
(S:18)------------------
product criterion:171 chain criterion:0
map is a permutation
[65535:6]1(18)s(17)s(16)s(15)s(14)s(13)s(12)s(11)s(10)s(9)s(8)s(7)s(6)s(5)s(4)s(3)s(2)s2s.4
(S:0)
product criterion:153 chain criterion:0
map is a permutation
[65535:6]1(18)s(17)s(16)s(15)s(14)s(13)s(12)s(11)s(10)s(9)s(8)s(7)s(6)s(5)s(4)s(3)s(2)s2s.4
(S:0)
product criterion:153 chain criterion:0
map is a permutation
[65535:6]1(18)s(17)s(16)s(15)s(14)s(13)s(12)s(11)s(10)s(9)s(8)s(7)s(6)s(5)s(4)s(3)s(2)s2s.4
(S:0)
product criterion:153 chain criterion:0
map is a permutation
[65535:6]1(18)s(17)s(16)s(15)s(14)s(13)s(12)s(11)s(10)s(9)s(8)s(7)s(6)s(5)s(4)s(3)s(2)s2s.4
(S:0)
product criterion:153 chain criterion:0
map is a permutation
[65535:6]1(18)s(17)s(16)s(15)s(14)s(13)s(12)s(11)s(10)s(9)s(8)s(7)s(6)s(5)s(4)s(3)s(2)s2s.4
(S:0)
product criterion:153 chain criterion:0
map is a permutation
[65535:6]1(18)s(17)s(16)s(15)s(14)s(13)s(12)s(11)s(10)s(9)s(8)s(7)s(6)s(5)s(4)s(3)s(2)s2s.4
(S:0)
product criterion:153 chain criterion:0
map is a permutation
[65535:6]1(18)s(17)s(16)s(15)s(14)s(13)s(12)s(11)s(10)s(9)s(8)s(7)s(6)s(5)s(4)s(3)s(2)s2s.4
(S:0)
product criterion:153 chain criterion:0
map is a permutation
[65535:6]1(18)s(17)s(16)s(15)s(14)s(13)s(12)s(11)s(10)s(9)s(8)s(7)s(6)s(5)s(4)s(3)s(2)s2s.4
(S:0)
product criterion:153 chain criterion:0
map is a permutation
[65535:6]1(18)s(17)s(16)s(15)s(14)s(13)s(12)s(11)s(10)s(9)s(8)s(7)s(6)s(5)s(4)s(3)s(2)s2s.4
(S:0)
product criterion:153 chain criterion:0
map is a permutation
[65535:6]1(18)s(17)s(16)s(15)s(14)s(13)s(12)s(11)s(10)s(9)s(8)s(7)s(6)s(5)s(4)s(3)s(2)s2s.4
(S:0)
product criterion:153 chain criterion:0
map is a permutation
[65535:6]1(18)s(17)s(16)s(15)s(14)s(13)s(12)s(11)s(10)s(9)s(8)s(7)s(6)s(5)s(4)s(3)s(2)s2s.4
(S:0)
product criterion:153 chain criterion:0
map is a permutation
[65535:6]1(18)s(17)s(16)s(15)s(14)s(13)s(12)s(11)s(10)s(9)s(8)s(7)s(6)s(5)s(4)s(3)s(2)s2s.4
(S:0)
product criterion:153 chain criterion:0
map is a permutation
[65535:6]1(18)s(17)s(16)s(15)s(14)s(13)s(12)s(11)s(10)s(9)s(8)s(7)s(6)s(5)s(4)s(3)s(2)s2s.4
(S:0)
product criterion:153 chain criterion:0
map is a permutation
[65535:6]1(18)s(17)s(16)s(15)s(14)s(13)s(12)s(11)s(10)s(9)s(8)s(7)s(6)s(5)s(4)s(3)s(2)s2s.4
(S:0)
product criterion:153 chain criterion:0
map is a permutation
[65535:6]1(18)s(17)s(16)s(15)s(14)s(13)s(12)s(11)s(10)s(9)s(8)s(7)s(6)s(5)s(4)s(3)s(2)s2s.4
(S:0)
product criterion:153 chain criterion:0
map is a permutation
[65535:6]1(18)s(17)s(16)s(15)s(14)s(13)s(12)s(11)s(10)s(9)s(8)s(7)s(6)s(5)s(4)s(3)s(2)s2s.4
(S:0)
product criterion:153 chain criterion:0
map is a permutation
[65535:6]1(18)s(17)s(16)s(15)s(14)s(13)s(12)s(11)s(10)s(9)s(8)s(7)s(6)s(5)s(4)s(3)s(2)s2s.4
(S:0)
product criterion:153 chain criterion:0
map is a permutation
[65535:6]1(18)s(17)s(16)s(15)s(14)s(13)s(12)s(11)s(10)s(9)s(8)s(7)s(6)s(5)s(4)s(3)s(2)s2s3s
(S:0)
product criterion:171 chain criterion:0
[65535:5]1(17)s(16)s(15)s(14)s(13)s(12)s(11)s(10)s(9)s(8)s(7)s(6)s(5)s(4)s(3)s(2)ss2s
(S:17)-----------------
product criterion:153 chain criterion:0
// ** _ is no standard basis
// ** _ is no standard basis
Auf Wiedersehen.
                     SINGULAR                                 /  Development
 A Computer Algebra System for Polynomial Computations       /   version 4.3.2
                                                           0<
 by: W. Decker, G.-M. Greuel, G. Pfister, H. Schoenemann     \   Feb 2023
FB Mathematik der Universitaet, D-67653 Kaiserslautern        \  Debian 1:4.3.2-p10+ds-1.1build1
compute hilbert series with std in ring (ZZ/179424673),(x18,x17,x16,x15,x14,x13,x12,x11,x10,x9,x8,x7,x6,x5,x4,x3,x2,x1,@),(dp(19),C)
weights used for hilbert series: 1,1,1,1,1,1,1,1,1,1,1,1,1,1,1,1,1,1,1
[65535:5]2(17)s(16)s(15)ss3(14)s(16)ss(15)s(16)s(18)s(20)s(24)s(27)s(33)s(38)s4(42)s(47)-s(48)s(51)s(55)s(59)s(61)s(70)s(76)s(85)s(94)s(100)s(105)s(114)s(124)s(132)s(135)s(150)s(154)s(168)s(180)s5(184)-------s(185)s(190)s(197)--s(200)------------s(196)s(204)-s(209)--s(214)s(222)s(230)s(238)--s(244)-s(253)--s(261)s(269)s(278)s(284)s(292)s(301)s(309)s(319)-s(325)---s(338)s(349)-s(357)s(370)s(380)-s(391)s(399)s(411)s(420)s(439)s(448)s(457)s(469)s(482)s(492)s(518)s(528)--s(530)s(534)--s(537)s(552)s(565)s(581)s(594)s(619)s(628)s(633)s(643)s(650)s(657)s(665)s(693)s(723)s6(740)------------s(747)-s(751)-----s(755)-s(769)s(778)s(785)s(797)---s(807)-------(800)--s(809)---------(800)----------s(798)-----s(800)-s(810)s(822)s(834)s(845)--------------------s(841)s(849)-s(863)-s(877)s(886)s(898)---s(909)-s(918)s(929)s(948)s(957)--s(963)---s(968)s(979)--s(987)s(999)-s(1011)s(1025)s(1033)s(1041)s(1050)s(1058)s(1070)s(1083)s(1095)s(1105)s(1119)--s(1138)s(1157)--------s(1172)s(1185)-------s(1192)-s(1195)s(1206)-s(1217)s(1232)s(1242)s(1254)---s(1260)s(1269)------s(1274)-s(1287)--s(1297)s(1308)-----s(1317)s(1326)---s(1335)s(1343)s(1354)s(1366)s(1384)--s(1392)-s(1401)-(1400)s(1411)s(1419)s(1431)s(1442)s(1454)s(1465)s(1476)s(1485)s(1497)s(1507)s(1518)s(1529)--s(1533)-s(1541)s(1547)-s(1555)-s(1564)s(1573)-s(1583)s(1594)s(1601)-(1600)s(1606)---s(1618)s(1629)s(1638)s(1652)s(1655)s(1662)-s(1663)s(1675)-s(1681)-s(1688)s(1697)--s(1703)s(1719)s(1728)s(1735)---s(1744)s(1760)s(1766)s(1783)--s(1795)s(1804)s(1808)s(1819)s(1830)s(1843)----s(1852)s(1868)------s(1876)-s(1884)--s(1894)--s(1905)s(1929)---s(1937)----s(1943)---s(1951)s(1964)---s(1970)---s(1977)--s(1987)s(1994)-s(2002)-s(2006)--s(2014)s(2023)-s(2037)s(2065)s(2076)--s(2085)s(2111)s(2127)----s(2129)-s(2134)----s(2137)-s(2140)-s(2150)-----s(2170)-s(2178)s(2185)-s(2190)-s(2199)-s(2213)-s(2229)-7-------------------------s(2210)--s(2216)----------------(2200)------------s(2197)--------s(2196)s(2205)--s(2212)s(2221)s(2231)------s(2235)-----------s(2234)-s(2244)s(2254)s(2265)s(2276)--------s(2277)s(2286)s(2296)s(2307)s(2317)--------s(2321)s(2332)---------------------s(2324)----------------------s(2313)-s(2323)----s(2335)s(2359)s(2372)-s(2379)s(2391)s(2401)-(2400)-----------------------------------------------------s(2354)-----------s(2358)-------s(2362)---------s(2365)s(2378)s(2390)--------------s(2385)-s(2394)s(2404)s(2416)s(2428)-s(2438)---------s(2437)s(2447)s(2455)s(2467)s(2478)s(2489)s(2499)s(2511)s(2524)s(2538)s(2551)s(2563)s(2574)s(2586)--s(2596)s(2609)s(2621)-s(2632)s(2642)s(2653)-s(2663)-s(2676)-----s(2679)s(2690)s(2702)-s(2710)s(2720)s(2731)s(2741)s(2750)s(2761)--s(2769)s(2781)s(2790)-s(2796)-------------------------------------------------s(2762)----------s(2764)-------s(2769)s(2781)-s(2792)--s(2803)s(2817)s(2827)s(2837)s(2848)s(2861)-s(2874)s(2884)s(2899)----s(2912)s(2925)s(2935)-s(2947)s(2960)-s(2968)-s(2981)s(2992)s(3004)--s(3015)s(3026)--s(3036)s(3050)s(3062)s(3073)-s(3082)s(3094)---s(3104)s(3116)s(3131)-s(3143)s(3158)s(3168)s(3183)s(3195)s(3209)s(3224)s(3235)s(3243)s(3254)---s(3263)s(3274)s(3287)s(3296)-s(3307)s(3316)s(3326)s(3337)s(3347)--s(3356)s(3368)s(3380)s(3393)s(3407)s(3419)s(3428)s(3441)s(3452)s(3464)------s(3474)s(3487)-----------s(3486)---s(3493)---s(3504)--s(3514)s(3525)s(3538)--------ss(3550)s(3561)-s(3573)--s(3585)s(3594)---------s(3597)s(3603)s(3616)----s(3624)s(3632)s(3641)s(3651)s(3661)s(3671)-s(3681)s(3692)s(3702)s(3713)s(3723)s(3736)-s(3746)---s(3756)-s(3770)s(3782)s(3795)--s(3805)s(3814)---s(3824)s(3836)-s(3846)s(3858)--s(3865)---------s(3870)s(3883)s(3897)---s(3904)s(3914)s(3926)s(3937)s(3948)s(3960)-s(3973)s(3985)s(4018)s(4027)s(4037)s(4050)s(4067)---s(4076)-s(4090)s(4111)s(4123)s(4130)s(4139)s(4151)s(4165)s(4175)s(4185)-s(4196)s(4206)s(4218)s(4228)s(4240)s(4253)s(4264)---s(4274)s(4287)--s(4300)s(4314)s(4323)s(4336)s(4348)s(4359)------s(4364)s(4377)s(4389)-s(4400)s(4413)----s(4419)-s(4430)------s(4435)--------s(4440)-----------------s(4432)-s(4441)---s(4448)---s(4458)------------------------------s(4441)s(4450)----s(4457)--s(4465)s(4479)s(4492)-s(4502)--(4500)-------------s(4498)-s(4506)s(4516)s(4525)s(4535)s(4546)s(4557)------s(4563)-s(4571)s(4581)s(4591)s(4602)s(4611)s(4621)-s(4631)-s(4641)s(4655)s(4666)s(4678)s(4688)s(4702)-s(4715)-s(4724)s(4732)-s(4742)s(4755)-s(4766)s(4777)-s(4786)--s(4793)s(4803)s(4814)s(4827)s(4840)s(4851)s(4861)s(4869)s(4881)-s(4892)s(4905)-s(4915)-s(4924)s(4934)s(4945)-s(4957)------s(4963)s(4976)------s(4980)s(4990)-s(5000)----s(5007)s(5015)-s(5023)s(5033)----s(5037)s(5048)s(5059)-------s(5062)--s(5069)-s(5076)s(5082)s(5091)-s(5100)--------------s(5097)---s(5107)-----s(5114)---------s(5117)--------s(5120)----s(5125)---s(5134)--s(5141)------s(5144)-s(5152)s(5163)s(5173)s(5183)s(5193)s(5210)s(5219)s(5231)s(5241)s(5254)-s(5264)s(5273)s(5283)---s(5292)-s(5303)--s(5311)--s(5318)s(5330)---s(5343)s(5354)s(5366)s(5376)-s(5385)-s(5394)---s(5402)-s(5415)-s(5426)-s(5436)-s(5445)s(5456)s(5466)s(5479)s(5493)s(5505)-s(5514)s(5522)s(5531)s(5540)-s(5551)---s(5561)s(5575)---s(5583)-------s(5586)--s(5596)s(5607)--s(5615)--s(5623)--s(5633)----s(5641)-s(5651)----s(5655)---------s(5654)------s(5658)-------------s(5656)s(5665)s(5675)s(5686)s(5694)s(5703)s(5714)s(5726)s(5736)s(5749)s(5760)s(5772)s(5789)-----s(5799)-----s(5806)s(5818)-----s(5823)s(5834)-----s(5842)--s(5852)s(5862)-s(5873)-s(5882)s(5893)s(5905)-s(5917)-s(5927)-s(5936)s(5945)-s(5954)-s(5964)s(5974)-s(5982)---s(5988)s(6000)-----s(6002)-s(6012)s(6022)---s(6028)-s(6037)-s(6043)--s(6053)---------s(6054)---------s(6053)s(6065)--s(6075)s(6085)s(6094)s(6100)s(6110)s(6119)s(6129)-s(6138)s(6147)-s(6157)s(6168)s(6176)--s(6184)---s(6189)s(6195)s(6204)s(6217)s(6229)-s(6237)--s(6243)s(6251)s(6264)-s(6274)s(6282)---------s(6283)s(6294)-s(6305)--s(6315)s(6325)-s(6335)s(6343)s(6354)-s(6360)s(6368)--s(6377)-s(6385)s(6395)s(6406)----s(6411)-s(6423)s(6432)s(6442)s(6453)s(6463)-----s(6469)--s(6476)-s(6483)s(6492)s(6502)s(6514)s(6528)s(6539)-s(6549)s(6561)--s(6572)--s(6582)s(6592)s(6603)--s(6609)--s(6617)s(6629)s(6642)s(6654)-s(6665)s(6674)s(6684)-s(6696)---s(6703)---(6700)---s(6709)s(6721)---s(6730)--------s(6733)s(6740)s(6750)s(6759)-s(6767)----s(6773)s(6783)s(6797)s(6810)----------(6800)s(6809)s(6819)s(6829)-s(6841)-s(6851)s(6860)--s(6871)----------s(6870)--------------s(6867)s(6877)s(6888)s(6899)-s(6904)--s(6918)------s(6921)-----s(6925)-s(6934)s(6944)---s(6951)-s(6961)----s(6969)s(6983)-----------s(6978)-s(6983)-s(6989)-------------s(6985)-------s(6984)s(6995)--s(7001)-(7000)---8-----------------------------------------------------s(6954)------------s(6953)-s(6963)s(6975)s(6986)----s(6994)-----s(7002)--(7000)-s(7013)s(7025)s(7038)s(7052)s(7064)s(7074)s(7087)--------s(7090)--s(7100)s(7114)---s(7124)--s(7135)s(7149)---------------------------------s(7131)--------------s(7130)------------------------------(7100)-------------------------------s(7084)------------------------------------------------------s(7041)s(7051)s(7060)----------------------------s(7047)-----ss(7059)s(7069)s(7081)s(7094)s(7107)s(7122)-s(7135)s(7150)--s(7161)----------s(7165)-s(7179)-s(7191)-------------------------s(7177)-s(7187)s(7199)s(7212)s(7226)s(7238)----s(7249)--s(7259)-s(7272)s(7284)s(7297)-s(7305)s(7314)s(7323)-s(7336)-s(7350)---s(7360)s(7375)s(7389)---s(7399)-----s(7406)-----s(7416)s(7433)-s(7448)s(7460)s(7477)-s(7486)s(7497)s(7509)--s(7516)s(7527)-s(7538)s(7553)s(7564)-s(7579)-------------s(7576)s(7587)s(7599)--s(7610)s(7620)s(7631)s(7641)-------s(7648)s(7660)s(7673)s(7687)-s(7700)-s(7712)-----s(7722)---s(7732)--------------------------------(7700)-------s(7706)------(7700)------------s(7702)--(7700)--s(7708)s(7723)-----------------------(7700)-----------------s(7693)-----------s(7694)--s(7703)---(7700)------s(7708)--------(7700)----s(7709)---------(7700)----------------------------------------------------------------------------------------------------(7600)--------------------------------s(7581)------s(7587)---------------s(7588)-s(7597)---------------------s(7593)-----s(7601)s(7613)-s(7626)--------------------------(7600)-----------s(7605)s(7622)s(7638)---------s(7643)-----s(7649)---s(7659)----s(7669)-----------s(7671)s(7686)-s(7695)s(7707)s(7719)s(7735)-------s(7742)-----s(7748)s(7759)--------------------------s(7748)-----s(7754)-----s(7762)s(7776)--s(7787)--s(7800)--s(7805)s(7816)s(7828)s(7841)s(7855)----------s(7857)-------s(7860)s(7873)-s(7883)s(7895)s(7906)s(7919)s(7931)----s(7939)-s(7952)s(7964)-s(7977)-s(7987)-s(7996)-s(8007)---s(8014)-------------s(8013)s(8028)s(8041)--s(8052)s(8066)--s(8077)-----s(8086)s(8099)-s(8112)------s(8121)-s(8131)s(8147)-s(8160)s(8171)s(8185)-s(8196)s(8210)---s(8222)-s(8231)s(8245)s(8258)s(8271)s(8282)----s(8295)s(8310)s(8324)----s(8335)-s(8348)-s(8361)-s(8372)-s(8383)s(8397)---s(8410)-s(8425)----s(8434)--s(8444)s(8456)s(8472)s(8485)-s(8493)s(8504)-s(8519)-s(8531)s(8544)-s(8557)--s(8567)-s(8580)--s(8593)-s(8609)---s(8618)--s(8628)---s(8641)s(8656)s(8668)-s(8681)s(8691)--s(8702)s(8712)s(8722)s(8734)s(8747)s(8762)--s(8771)s(8782)-s(8794)-s(8805)--s(8813)---------s(8819)----s(8829)s(8842)s(8857)--s(8869)s(8881)s(8894)s(8908)--------(8900)-s(8911)-s(8921)---s(8930)-s(8944)-s(8956)s(8969)s(8984)-----------ss(8997)--s(9009)s(9021)s(9031)--s(9040)s(9053)s(9067)s(9079)-------s(9087)s(9101)-(9100)s(9117)s(9128)s(9139)s(9151)s(9163)s(9174)-s(9185)s(9198)-s(9210)-s(9222)--s(9233)s(9241)s(9252)--------s(9254)s(9263)s(9272)s(9283)s(9297)s(9309)s(9321)s(9335)-----------------------------------(9300)----------------------------------------------------------------------------------------------------(9200)---------------------------------------------------------s(9159)s(9173)-----------s(9178)s(9192)s(9207)-------(9200)---------------------------s(9188)s(9203)-s(9217)------s(9224)---s(9234)-s(9246)s(9260)s(9274)-s(9287)-s(9298)--s(9312)-----s(9324)s(9339)s(9350)--s(9359)-s(9369)-------s(9373)s(9385)----s(9393)------s(9399)------------s(9397)-----s(9404)-s(9415)------s(9424)-----------s(9428)--s(9441)s(9455)----------s(9462)--------s(9465)s(9481)s(9497)-----s(9509)-------s(9515)s(9531)s(9544)s(9558)----s(9567)s(9579)s(9594)-------s(9601)s(9616)-s(9629)s(9641)s(9653)s(9666)s(9678)s(9690)s(9702)--(9700)-s(9710)-s(9722)---s(9731)-s(9741)s(9757)--s(9767)----s(9776)s(9790)--s(9802)--(9800)-s(9813)s(9823)s(9834)s(9845)s(9857)s(9869)s(9881)-s(9893)-s(9905)--s(9915)s(9928)s(9939)----s(9946)s(9957)s(9970)s(9982)-s(9992)--s(10002)s(10018)-----s(10030)-----s(10038)s(10052)s(10065)s(10076)---s(10088)s(10100)------s(10107)s(10123)s(10136)--s(10147)s(10163)--------s(10169)----s(10176)---------------s(10175)----s(10185)---s(10197)s(10212)---------s(10217)--s(10225)---s(10233)-------s(10238)-------s(10242)---------s(10245)s(10258)--s(10269)-------s(10275)------s(10285)------------s(10288)-s(10299)----s(10305)-----(10300)-s(10315)s(10328)--s(10338)s(10350)--------s(10355)----s(10364)s(10377)----s(10385)-s(10397)-----------------------------s(10385)--------s(10388)-s(10400)s(10412)s(10426)----------s(10429)--------s(10431)s(10441)s(10452)s(10464)s(10475)s(10486)----------s(10488)----------------------------------------------------------------------------------------(10400)----------------------------------------------------------------------------------------------------(10300)----s(10310)----------(10300)----------------------------------------------s(10267)-----------------s(10263)-------s(10273)----------------s(10270)--------s(10275)--s(10285)s(10301)-(10300)s(10314)---s(10324)--------------s(10327)--s(10340)----s(10352)----------s(10359)--------s(10362)-s(10375)---s(10385)--s(10395)s(10410)s(10420)s(10431)s(10444)-s(10456)s(10468)s(10481)-s(10494)s(10506)s(10520)-s(10530)-s(10543)s(10557)s(10571)s(10585)s(10597)-s(10610)s(10624)----s(10634)----------s(10636)----------------------s(10628)-s(10640)---s(10653)s(10665)--s(10676)-s(10688)----s(10697)-s(10710)-s(10724)-s(10737)--s(10747)----s(10754)s(10771)----s(10782)---------------ss(10796)s(10812)---s(10824)s(10838)s(10852)s(10865)s(10880)s(10893)s(10907)s(10920)s(10934)-s(10948)s(10962)s(10976)s(10991)s(11003)--s(11015)s(11030)s(11041)s(11056)--s(11068)s(11082)-s(11097)-s(11109)--s(11121)s(11133)-s(11147)s(11161)s(11174)s(11189)s(11203)-s(11218)s(11230)-s(11240)s(11253)----s(11263)--s(11275)-s(11284)---s(11294)--s(11302)-s(11315)------s(11322)s(11336)s(11348)s(11358)s(11371)s(11382)--------s(11387)s(11400)-----------------s(11395)s(11411)s(11426)-s(11437)s(11450)--------s(11456)s(11470)---s(11480)-s(11494)s(11507)-s(11521)-----s(11530)-s(11543)-------------------s(11539)-s(11550)s(11565)---s(11574)-s(11587)-s(11598)s(11611)s(11624)s(11639)s(11653)-s(11664)s(11677)--s(11687)---s(11696)s(11709)---------(11700)----s(11709)s(11725)s(11737)s(11751)s(11765)s(11780)s(11792)----------s(11796)s(11811)--s(11823)---------------s(11821)--s(11830)----------------s-----------------------------s(11814)--------------(11800)--s(11812)---s(11821)-----s(11827)-s(11841)-s(11855)s(11868)s(11883)---s(11891)s(11903)s(11918)-s(11932)--s(11942)s(11955)--s(11965)------s(11974)-s(11985)-s(11997)s(12010)---------s(12013)----s(12021)s(12031)s(12044)-s(12056)-s(12069)s(12080)s(12091)-s(12101)s(12115)-----s(12122)-s(12130)s(12143)s(12157)------s(12165)---s(12177)-----------s(12179)-----s(12185)-s(12195)s(12205)-----(12200)---------s(12207)-s(12221)s(12234)------------s(12238)--------s(12244)------s(12248)--s(12257)--s(12267)s(12280)----------s(12285)s(12299)--s(12313)------s(12322)s(12332)s(12346)----------s(12350)----s(12360)-s(12374)s(12390)s(12404)-s(12418)--s(12432)---------s(12439)s(12456)-----s(12466)-s(12478)s(12492)s(12506)s(12521)s(12533)---s(12544)--s(12558)--s(12567)-s(12582)---s(12595)--s(12605)-s(12615)s(12629)s(12644)-s(12656)s(12670)s(12681)s(12694)s(12708)-s(12720)--s(12730)-------s(12740)-------s(12748)s(12760)-----s(12771)s(12787)s(12803)-s(12816)s(12829)-s(12838)-s(12852)s(12866)s(12882)----s(12893)--s(12904)--s(12916)-s(12929)s(12944)---s(12954)s(12967)s(12981)-s(12993)s(13005)s(13019)-s(13032)-s(13044)s(13058)s(13071)---s(13078)---s(13085)s(13095)s(13109)---------(13100)-------s(13107)s(13121)---------------------(13100)-s(13111)-------s(13117)----s(13128)s(13142)----s(13152)s(13167)s(13185)s(13200)s(13217)-----s(13226)s(13237)s(13253)-s(13266)--s(13279)--s(13291)s(13303)--s(13317)s(13330)-------s(13333)s(13345)s(13358)s(13372)s(13386)s(13399)-s(13410)---s(13422)s(13437)-s(13449)s(13463)s(13476)---s(13484)---s(13494)-s(13504)s(13516)s(13527)s(13542)--s(13551)--s(13563)----s(13574)s(13590)s(13605)s(13619)--s(13630)s(13644)s(13657)s(13669)s(13681)-------------s(13677)------s(13684)--s(13697)--------s(13704)-s(13715)-----------s(13718)-s(13731)---s(13745)s(13759)-s(13771)s(13781)----s(13790)s(13805)--s(13815)s(13827)-----s(13838)-s(13852)---s(13863)s(13879)---s(13890)---s(13899)s(13912)s(13926)s(13938)----------------s(13935)------s(13940)----s(13947)--s(13958)-s(13969)s(13986)-----------s(13989)s(14002)--(14000)--------s(14007)s(14023)-----------------------(14000)-------s(14004)s(14015)s(14031)--s(14043)-s(14057)s(14071)s(14080)s(14090)s(14101)-(14100)s(14115)---s(14125)s(14139)s(14155)s(14165)s(14176)s(14188)s(14200)----s(14211)s(14225)s(14241)s(14256)--s(14266)-s(14279)------s(14285)------s(14292)s(14302)s(14314)s(14325)s(14340)--s(14351)s(14363)s(14379)s(14391)-s(14405)-s(14416)s(14430)s(14442)s(14454)s(14465)-s(14476)s(14489)-s(14504)-s(14518)s(14532)s(14545)--s(14554)s(14566)--s(14575)s(14588)s(14600)s(14612)--s(14620)-s(14629)s(14640)s(14653)s(14666)s(14681)s(14694)s(14705)s(14718)s(14730)s(14746)s(14760)--s(14771)-s(14781)s(14792)s(14804)s(14816)s(14829)s(14843)s(14859)s(14871)--s(14878)s(14891)s(14904)---s(14917)--s(14928)s(14940)s(14953)s(14967)------------s(14968)---s(14980)s(14997)-s(15011)s(15025)s(15041)-s(15054)s(15068)s(15080)s(15095)s(15111)---s(15121)---s(15136)----------s(15140)s(15152)---s(15164)----s(15173)----------s(15175)s(15189)s(15205)-----(15200)-------s(15207)-s(15219)--s(15224)s(15235)s(15248)s(15259)s(15274)---s(15286)------------s(15291)---s(15303)---(15300)s(15312)-----s(15318)---s(15328)-s(15339)s(15352)s(15366)s(15377)s(15389)s(15403)s(15413)s(15424)s(15436)---s(15449)s(15460)s(15472)s(15484)s(15494)s(15506)s(15519)s(15532)s(15545)s(15559)s(15574)s(15584)s(15595)s(15604)s(15615)s(15626)--s(15633)s(15641)s(15653)-s(15662)-s(15672)---------------s-----------------------------s(15653)-----------------------s(15645)---------------------------------------------(15600)-------------------s(15595)---------------------------s(15580)-----------s(15582)---------------------------s(15568)--------------------------------------------s(15539)----s(15550)----s(15561)---s(15574)-------s(15582)-----------------------------s(15567)-s(15579)--s(15591)-s(15605)-s(15615)-s(15629)-------s(15635)s(15649)--s(15660)-s(15672)s(15687)-s(15699)---------s(15703)-s(15713)s(15725)---s(15736)s(15752)---s(15759)s(15769)-----------------------------------s(15750)-------s(15755)-s(15768)----s(15776)--s(15787)--------s(15791)--------s(15798)-s(15810)----------(15800)----------------s(15795)----s(15803)s(15819)-------------------(15800)s(15816)-s(15825)s(15835)s(15846)s(15859)-s(15870)--s(15883)--s(15895)s(15910)s(15923)-s(15935)------s(15942)s(15956)---s(15966)s(15977)-----s(15984)---s(15996)s(16008)------s(16017)---------------s(16016)------------s(16017)-------------ss(16031)--s(16040)------------s(16042)s(16057)--s(16065)s(16077)s(16094)--s(16101)-(16100)s(16109)s(16123)s(16136)s(16149)---s(16160)s(16173)--s(16185)s(16199)s(16215)-s(16227)-s(16236)s(16250)---s(16257)------s(16261)s(16270)--s(16280)s(16293)-s(16305)s(16318)s(16328)s(16340)s(16350)s(16360)s(16371)s(16382)--s(16391)s(16403)-s(16413)-----s(16417)s(16430)s(16440)s(16450)--s(16462)s(16472)s(16483)--s(16493)--s(16502)--(16500)-s(16511)s(16524)s(16535)s(16546)s(16558)s(16568)s(16579)s(16592)-s(16604)s(16614)s(16625)-s(16638)-----s(16644)-s(16658)s(16672)s(16689)--s(16696)s(16708)-s(16721)s(16733)s(16745)-------s(16749)s(16759)--s(16774)-------------s(16773)-s(16783)s(16793)s(16803)-s(16817)--s(16826)s(16838)s(16848)---s(16858)s(16871)s(16881)---s(16891)--s(16901)s(16914)-s(16926)s(16940)--s(16950)-s(16962)-s(16975)s(16985)--s(16994)-s(17006)s(17017)s(17028)----s(17033)s(17048)s(17064)-s(17075)s(17089)-s(17104)-s(17112)s(17122)s(17135)-----------s(17136)--s(17147)--s(17158)s(17169)-s(17181)-------------s(17180)------s(17187)-s(17197)s(17209)--s(17220)-s(17230)-s(17241)s(17252)---s(17261)s(17278)s(17292)-s(17302)s(17318)s(17330)s(17347)s(17358)---s(17366)s(17378)--s(17392)-s(17406)----s(17415)-s(17430)s(17442)-----s(17449)-s(17459)s(17472)s(17484)s(17495)s(17507)s(17520)s(17532)s(17542)s(17552)s(17564)-s(17574)s(17588)s(17602)s(17612)s(17622)s(17635)s(17647)s(17659)s(17669)s(17679)s(17690)-s(17700)s(17712)s(17723)s(17735)--s(17744)s(17756)-------s(17763)--s(17773)s(17785)s(17797)---s(17804)-s(17814)-s(17823)-s(17832)s(17845)-s(17860)--s(17866)s(17880)-s(17890)s(17900)--s(17906)s(17923)s(17935)-s(17948)s(17962)s(17979)--s(17989)s(18001)s(18012)s(18025)s(18037)s(18053)s(18062)s(18078)----------------------------s(18062)-s(18074)-----s(18082)-------------ss(18091)------s(18100)s(18112)---s(18118)-s(18128)-s(18140)s(18152)--s(18165)----s(18173)-s(18183)s(18194)s(18205)-s(18215)s(18229)-s(18240)s(18252)----s(18260)--s(18268)s(18279)s(18291)s(18303)s(18315)s(18326)-s(18336)s(18348)--s(18356)-s(18368)-s(18378)--s(18387)-----s(18396)s(18408)-s(18416)-s(18424)-s(18432)s(18440)--------------------s(18435)-------s(18441)-------s(18445)------s(18452)s(18465)----s(18476)------------------------s(18463)-------s(18469)s(18480)-----------s(18481)--------------s(18478)-s(18488)s(18495)s(18508)s(18519)s(18527)--s(18536)-s(18544)-----s(18547)--s(18554)-s(18562)s(18572)-----s(18579)----------s(18583)----s(18591)-----------s(18590)-s(18599)--s(18607)-----s(18613)-------------(18600)---------s(18601)-(18600)---s(18606)--s(18614)s(18624)s(18634)s(18644)---s(18651)-s(18659)----s(18667)-s(18678)-s(18687)s(18697)-s(18705)---s(18712)--s(18717)s(18727)s(18737)----s(18744)----------------------------------------s(18712)------------(18700)-----------s(18698)----s(18707)-----s(18717)s(18731)--s(18743)s(18760)----------------s(18756)s(18767)---------s(18768)s(18782)----s(18793)-----s(18801)-(18800)-----s(18808)--s(18820)---------s(18821)s(18832)s(18846)--s(18854)-------s(18860)s(18872)-s(18881)-----s(18886)s(18899)-----s(18907)-------(18900)--s(18911)s(18922)--s(18933)----s(18941)------s(18948)---s(18958)--s(18970)s(18983)s(18996)-----s(19004)----(19000)-s(19010)-----s(19018)s(19029)s(19042)s(19054)s(19064)--s(19079)----s(19087)--------s(19091)s(19104)s(19115)s(19128)----s(19134)s(19145)s(19158)s(19171)s(19182)s(19194)s(19210)---------s(19214)--s(19227)s(19240)s(19254)--s(19273)---s(19284)----s(19291)s(19304)-s(19319)-s(19329)--s(19337)-s(19349)---s(19359)s(19369)s(19381)s(19392)s(19405)s(19417)s(19429)---------s(19434)----s(19442)-----------------s(19436)s(19450)-s(19460)s(19472)-s(19482)------s(19486)-s(19498)s(19509)----s(19518)-s(19530)------s(19534)s(19547)--s(19557)--------s(19561)s(19572)--s(19583)----------s(19584)-s(19596)s(19609)----s(19617)--s(19624)----s(19629)-----------------------------(19600)---s(19611)---------s(19614)-s(19628)s(19640)s(19654)-s(19667)s(19680)-s(19690)s(19702)--(19700)s(19712)-s(19724)--s(19738)s(19752)s(19764)s(19777)-s(19786)s(19798)s(19810)s(19822)s(19835)s(19846)s(19859)-s(19871)s(19885)s(19898)--s(19910)s(19923)s(19935)-s(19946)----s(19952)-s(19962)--s(19973)s(19983)--s(19992)-s(20002)s(20014)s(20025)---s(20034)--s(20045)-s(20056)s(20070)-s(20082)s(20095)-s(20106)------(20100)---------s(20103)s(20115)--s(20124)-----s(20129)s(20139)-s(20149)s(20161)s(20173)-s(20185)s(20196)--s(20206)s(20218)s(20231)---s(20241)-s(20251)s(20264)-s(20272)s(20285)-----s(20289)----------s(20291)-s(20304)----(20300)s(20313)s(20323)s(20334)s(20345)----s(20353)-s(20360)-------s(20366)---s(20376)-----s(20384)---s(20391)s(20400)s(20415)s(20429)s(20437)--s(20445)s(20457)s(20468)s(20480)----------------s(20474)-----------s(20473)-s(20486)-s(20496)---s(20505)--s(20514)s(20527)----s(20537)-----s(20542)s(20555)-s(20568)s(20582)s(20594)-----------s(20595)----s(20600)-------s(20601)-(20600)s(20616)s(20624)-s(20635)-----s(20647)s(20657)-------------s(20654)s(20665)--------------s(20660)s(20673)-s(20684)------s(20691)----s(20699)s(20712)s(20724)------------------------(20700)--s(20710)s(20722)-s(20732)--s(20739)s(20747)------s(20753)-s(20761)-s(20772)--s(20778)-s(20787)---s(20794)--s(20802)s(20813)----s(20818)----s(20823)--s(20830)----s(20841)---------s(20843)-s(20852)-s(20860)-s(20869)----s(20880)-s(20891)--s(20901)-(20900)----s(20907)--s(20915)-------s--s(20923)s(20934)s(20946)------s(20953)--s(20959)---s(20966)s(20975)--s(20981)--s(20989)s(21002)s(21013)----------s-----s(21023)--------s(21024)s(21036)---s(21046)--------s(21049)s(21062)-----s(21069)--s(21081)--s(21089)s(21100)s(21110)-s(21121)-----s(21127)s(21138)s(21149)s(21160)s(21172)-------s(21178)s(21189)s(21202)s(21208)s(21221)---s(21230)-----s(21237)s(21249)s(21259)s(21271)--s(21282)--s(21289)--s(21296)s(21310)---s(21317)--s(21324)-s(21334)-s(21343)----s(21348)----s(21354)s(21367)--s(21374)--------------s(21369)s(21379)-------s(21382)s(21393)s(21405)-----(21400)--s(21408)s(21420)-------------s(21418)s(21429)s(21440)---s(21448)-s(21460)---s(21465)s(21474)----s(21480)-s(21493)--s(21502)--(21500)s(21512)s(21521)s(21530)s(21538)s(21546)s(21554)s(21561)----------s(21560)------s(21563)s(21572)s(21581)s(21591)s(21601)s(21610)s(21620)s(21629)------------s(21627)--s(21636)-------------------------s(21623)----s(21629)------------s(21628)---------s(21627)-------s(21630)---s(21637)s(21644)--s(21653)s(21665)--s(21674)-----s(21681)-s(21692)-s(21701)-(21700)--s(21711)s(21721)s(21731)---s(21739)-s(21749)-s(21759)--s(21768)----s(21774)s(21786)----s(21793)-----s(21800)--s(21811)-----------(21800)--------------s(21797)--s(21802)-s(21808)--------(21800)----s(21806)----s(21809)s(21817)s(21823)---------s(21822)------9----------------(21800)--s(21818)-----s(21828)s(21839)---------------------------------------(21800)-------------------------------------------------------s(21757)s(21770)--s(21782)---s(21794)--s(21807)-------(21800)-------------------------------------------s(21772)------------------------------------------------------------------------(21700)----------------------------------------------------------------------------------------------------(21600)----------------------------------------------------------------------------------------------------(21500)--------------------------------------------------------------------------s(21441)---s(21453)-s(21467)--s(21480)--------------------------------------------------------------------------------(21400)-------------------------------------------------------------------------------s(21338)--------------------------------------(21300)----------------------------------------------------------------------------------------------------(21200)---------------------------------------------------------------------------s(21141)--------------------------s(21131)-------------------------------(21100)-----------------------------------------------------------------------s(21046)----------------------------------------------(21000)----------------------------------------------------------------------------------------------------(20900)----------------------------------------------------------------------------------------------------(20800)----------------------------------------------------------------------------------------------------(20700)----------------------------------------------------------------------------------------------------(20600)----------------------------------------------------------------------------------s(20534)--------------------------------s(20514)--------------(20500)----------------------------------------------------------------------------------------------------(20400)------------------s(20396)s(20411)--s(20425)-------------------------(20400)-----------------------------s(20385)------s(20395)-----------------------------------------------------------------------------------------------(20300)----------------------------------------------------------------------------------------------------(20200)----------------------------------------------------------------------------------------------------(20100)----------------------------------------------------------------------------------------------------(20000)----------------------------------------------------------------------------------------------------(19900)------------------------s(19892)----------s(19907)-s(19922)s(19934)-s(19947)s(19961)s(19976)--s(19986)-------------------------s(19978)s(19995)--------------------s(19988)--------------------------------------------s(19959)----------------s(19958)----------------------------------------------------------(19900)--------------s(19899)-----------s(19900)----------------s(19898)s(19913)-------------(19900)s(19915)-s(19927)s(19943)-s(19957)s(19974)-s(19987)---s(19998)-----------s(20002)--(20000)----------------------------s(19987)s(20003)-s(20018)s(20033)s(20048)--s(20062)s(20077)-----------------------------------------------------------------------------(20000)----------------------------------------------------------------------------------------------------(19900)----------------------------------------------------------------------------------------------------(19800)----------------------------------------------------------------------------------------------------(19700)----------------------------------------------------------------------------------------------------(19600)----------------------------------------------------------------------------------------------------(19500)----------------------------------------s(19476)--s(19490)------------------------------------------------------------------------------------------(19400)----------------------------------------------------------------------------------------------------(19300)----------------------------------------------------------------------------------s(19234)----------------------------------(19200)----------------------------------------------------------------------------------------------------(19100)---------------------s(19093)----s(19106)------(19100)----------------------s(19092)---------s(19098)--------------s---------------------------------------s(19074)--------s(19082)---s(19094)----s(19102)--(19100)--------------------------------------s(19077)----s(19086)------------------------s(19078)s(19093)s(19106)s(19120)---------s(19127)---s(19137)---s(19148)-----------s(19151)s(19164)s(19179)s(19194)------------------------------------s(19171)--s(19182)----s(19193)s(19207)s(19222)----------------------(19200)-s(19211)---------s(19214)-----------s(19217)-----------------(19200)-----------------------------------------------------------------------------------------------s(19121)---------------------(19100)---------------------------------------------------------------------------------------s(19024)s(19037)---s(19049)-------------------s(19047)-s(19061)-------------------------------------------------------------(19000)---s(19011)---------s(19017)-----------------(19000)s(19013)s(19027)s(19042)s(19057)s(19071)s(19084)-s(19096)s(19111)----------s(19116)--s(19126)------------------------s(19116)--s(19127)s(19142)s(19154)----------------s(19153)s(19169)s(19185)s(19200)s(19214)---s(19225)----------------s(19224)--------------s-----------s(19226)----s(19235)--s(19245)s(19259)s(19273)--------s(19279)s(19291)--s(19303)---(19300)--s(19312)s(19329)s(19344)s(19359)-----s(19369)-------s(19377)--s(19388)s(19405)s(19420)s(19437)--s(19449)s(19463)s(19479)s(19493)s(19506)s(19522)s(19539)--------s(19548)------s(19556)--s(19570)---s(19580)-s(19593)s(19608)s(19623)-----------------------(19600)-s(19614)s(19629)s(19644)-----s(19654)s(19669)s(19683)------s(19693)s(19708)s(19724)s(19740)s(19757)-s(19771)s(19788)s(19803)s(19816)s(19831)s(19847)-----s(19859)s(19875)-s(19890)s(19906)-s(19920)s(19935)s(19950)-s(19963)s(19978)-------s(19983)-s(19998)-s(20013)s(20030)s(20046)s(20059)s(20075)s(20092)s(20107)-s(20123)s(20139)s(20152)s(20169)s(20185)s(20197)s(20212)-s(20227)s(20243)------s(20252)---------s(20257)s(20270)s(20284)-s(20299)s(20315)s(20328)s(20342)------s(20351)s(20367)s(20381)-s(20396)s(20411)s(20426)---s(20439)-s(20453)--s(20467)s(20483)s(20498)--------s(20507)--s(20521)-------s(20531)s(20544)s(20558)s(20573)-------------------------------------------------------------------------(20500)----------------------------------------------------------------------------------------------------(20400)----------------------------------------------------------------------------------------------------(20300)----------------------------------------------------------------------------------------------------(20200)----------------------------------------------------------------------------------------------------(20100)----------------------------------------------------------------------------------------------------(20000)----------------------------------------------------------------------------------------------------(19900)-------------------------------------------s(19874)-s(19886)s(19900)---------s(19908)--------(19900)----s(19910)s(19926)s(19942)--s(19955)s(19970)s(19986)------s(19997)--s(20011)--s(20024)s(20041)s(20058)-----s(20067)-s(20079)s(20094)s(20110)s(20126)s(20143)s(20156)-----------------s(20155)-----------s(20160)s(20175)s(20189)-----s(20201)s(20217)s(20231)-------------------------------(20200)---------------s(20198)s(20213)s(20228)----s(20238)s(20255)-----------------------------s(20240)s(20252)s(20267)--s(20282)-s(20294)-----------------------------s(20279)----------s(20283)----s(20291)---------------------------s(20281)--------------------s(20275)-s(20291)-s(20304)----(20300)s(20315)----s(20328)----s(20338)---------------s(20335)-----------------------------------(20300)----------------------------------------------------------------------------------------------------(20200)----------------------------------------------------------------------------------------------------(20100)----------------------------------------------------------------------------------------------------(20000)----------------------------------------------------------------------------------------------------(19900)----------------------------------------------------------------------------------------------------(19800)----------------------------------------------------------------------------------------------------(19700)----------------------------------------------------------------------------------------------------(19600)-------------------------------------------------------------------------------------------------s(19520)--------------------(19500)----------------------------------------------------------------------------------------------------(19400)----------------------------------s(19382)----------------------------------------------------------------------------------(19300)---------------------s(19294)----------------------------------------------------------------------------------------------(19200)-------------------------------------------------------------------------------------s(19129)---s(19142)-s(19156)--------------------------------------------------------(19100)------------s(19103)---(19100)--------------------s(19096)-----------------s(19088)s(19104)----(19100)--s(19113)--s(19125)------s(19136)----------------------------s(19124)-s(19139)-----------s(19143)s(19160)-s(19174)--s(19189)------s(19198)----s(19211)---s(19223)s(19238)----s(19250)s(19266)------s(19274)----s(19282)-s(19295)-s(19310)----------(19300)----------------------------s(19286)---------s(19290)-------------------s(19284)s(19298)s(19310)---------s(19315)s(19328)s(19341)------------s(19344)--s(19357)---s(19367)-------------------------------------------------------------------(19300)----------------------------------------------------------------------------------------------------(19200)----------------------------------------------------------------------------------------s(19129)--s(19142)------------------------------------------(19100)--------------------------------------------------s(19064)--s(19077)--s(19091)---s(19105)-----(19100)--------------s(19101)-(19100)-----s(19108)-----s(19119)s(19135)------------s(19137)-----s(19146)--------s(19153)-----s(19162)-----------------------------------------s(19138)--------------------s(19133)---------------------------------(19100)-------s(19107)-------(19100)----------------------------s(19083)s(19095)s(19106)------(19100)--s(19114)-----------ss(19125)----s(19133)s(19146)s(19159)-s(19173)----s(19183)s(19198)s(19214)s(19226)----s(19235)s(19249)s(19261)-s(19275)s(19288)---------------------s(19283)s(19298)s(19315)s(19328)s(19342)s(19356)-------s(19362)------s(19371)---------------------s(19362)s(19374)-----s(19382)-------s(19387)s(19401)s(19417)s(19432)s(19445)s(19460)s(19475)s(19489)s(19503)-s(19518)-s(19532)s(19547)s(19563)--s(19575)--------s(19582)--------------s(19583)-----------------------------------------------------------------------------------(19500)----------------------------------------------------------------------------------------------------(19400)--------------------------------------------------s(19365)---s(19377)--s(19390)-s(19406)s(19420)---------------s------s(19430)s(19444)------s(19454)-------s(19462)----s(19475)---------------------------------------------------------------------------(19400)----s(19409)---------(19400)-------------------------------------------------------------------------------s(19338)-------------------------------------s(19316)-----s(19326)s(19342)----s(19354)s(19369)------------------s(19368)-----s(19379)------s(19389)------s(19399)--------------------s(19393)-s(19407)------s(19416)-s(19432)---------s(19439)---s(19452)s(19467)---------------s(19468)s(19483)-----------s(19487)------------------------------------------------------------------------------s(19424)----s(19435)------s(19442)s(19457)s(19472)---s(19485)-s(19500)--------------------------------s(19485)s(19502)s(19518)s(19534)-----s(19545)s(19559)s(19573)-------------------------------------------------------------------------(19500)---------------s(19499)----------------s(19500)-s(19514)-----------s(19516)-----------s(19518)s(19533)-s(19548)s(19564)s(19580)-s(19595)-s(19609)---------(19600)--------------------------s(19586)-s(19602)-s(19614)s(19629)s(19641)-----------------------------------------(19600)------s(19608)--------(19600)-------------s(19604)s(19619)-s(19634)----------s(19640)s(19653)s(19667)s(19680)s(19694)s(19708)--s(19722)---------------s(19720)-s(19733)s(19748)-------------------------s(19735)--------s(19739)------s(19750)------------------s(19747)-----------------------------------------s(19722)--s(19736)s(19753)--s(19765)-s(19781)---------------s---------------------s(19775)---------------------------------------------------------------------------(19700)----------------------------------------------------------------------------------------------------(19600)---s(19610)-s(19622)----------------------(19600)---s(19611)s(19625)s(19641)s(19656)-----------------------------s(19639)---s(19646)s(19657)s(19668)s(19680)s(19692)s(19705)s(19718)----------s(19723)s(19736)---------------s(19734)-----------------s(19733)-s(19746)--s(19757)s(19772)-s(19787)s(19799)---------s(19805)s(19820)-s(19831)s(19845)---s(19853)s(19865)s(19878)-s(19888)s(19903)---(19900)-s(19912)s(19925)s(19935)--s(19944)s(19958)-s(19971)-------s(19977)s(19991)--------------------------------s(19972)------s(19979)-----s(19989)s(19999)--------s(20003)s(20016)s(20028)--s(20038)--s(20049)-----s(20055)-------------ss(20067)s(20081)s(20094)s(20106)---s(20114)--------s(20116)s(20130)-s(20141)-s(20152)s(20165)---s(20177)----s(20187)---s(20196)------s(20204)-s(20216)s(20232)---s(20240)s(20253)s(20265)s(20279)s(20290)s(20305)s(20318)--s(20328)s(20344)----s(20356)--------------------------------------------------------(20300)----------------------------------------------------------------------------------------------------(20200)----------------------------------------------------------------------------------------------------(20100)----------------------------------------------------------------------------------------------------(20000)----------------------------------------------------------------------------------------------------(19900)----------------------------------------------------------------------------------------------------(19800)----------------------------------------------------------------------------------------------------(19700)-------------------------------s(19684)---s(19697)--------------s(19698)----------------------------------------------------------------------------------------s(19626)s(19643)-------------------------------------------(19600)----------------------------------------------------------------------------------------------------(19500)--------------------------------------------------------------s(19453)s(19468)-s(19480)----s(19492)-s(19507)-------(19500)--s(19515)--s(19527)s(19539)-s(19551)---------------s(19548)s(19561)-------------s(19560)------s(19566)-s(19577)--s(19589)-------s(19597)-s(19609)-s(19623)----s(19633)-------s(19637)---------s(19641)s(19655)-----s(19664)----------------------------------------------------------------(19600)-------------------------------------------------------s(19559)s(19573)-s(19587)-s(19600)-s(19612)s(19627)---------------------------(19600)s(19615)s(19630)------s(19638)s(19651)s(19666)s(19678)-----s(19687)s(19703)--s(19715)--s(19727)s(19741)s(19756)s(19769)-----s(19779)s(19793)s(19808)-s(19820)s(19836)s(19850)s(19864)s(19878)s(19893)----s(19903)--s(19916)--s(19929)s(19942)----s(19954)s(19968)s(19979)-s(19990)s(20005)-----(20000)--------s(20008)s(20023)s(20038)s(20050)s(20065)s(20080)s(20093)s(20105)-s(20120)s(20136)-s(20151)s(20167)---s(20179)s(20194)s(20208)-s(20220)s(20234)-----s(20244)---s(20254)s(20264)s(20277)s(20290)---s(20300)s(20311)--s(20323)s(20336)s(20347)-s(20360)s(20375)s(20388)s(20402)--(20400)---s(20411)s(20425)s(20437)s(20449)-s(20462)s(20474)s(20487)s(20500)s(20511)s(20520)-s(20534)s(20547)s(20564)s(20577)s(20591)s(20606)------(20600)--------------------------------------------s(20569)---------s(20573)s(20586)--s(20598)s(20614)s(20630)-s(20644)-------s(20654)s(20668)s(20684)----s(20696)s(20710)---s(20723)-s(20737)s(20750)s(20766)s(20783)s(20798)s(20814)s(20828)s(20842)s(20856)---s(20870)s(20885)s(20898)--------------s(20900)s(20913)s(20926)--------------------------(20900)------------------------------------------------------------s(20855)s(20870)---s(20884)---s(20895)s(20910)s(20925)s(20941)s(20958)--s(20971)s(20986)s(21002)s(21018)s(21035)s(21050)s(21066)----------------------------------------------------------s(21020)s(21036)s(21050)s(21064)--s(21075)s(21089)s(21103)s(21117)-s(21131)s(21145)s(21160)s(21174)s(21186)-s(21201)-(21200)s(21217)s(21232)-s(21247)-s(21259)s(21273)------s(21282)s(21295)s(21308)s(21323)s(21337)s(21353)s(21370)s(21386)s(21402)s(21417)--------s(21423)s(21437)s(21454)-s(21465)--s(21480)--s(21494)s(21507)s(21522)s(21536)s(21552)-------s(21559)s(21572)s(21586)-s(21598)--s(21610)-s(21624)s(21637)s(21648)s(21661)------s(21671)----------s(21673)-s(21687)-s(21702)--(21700)---s(21713)s(21728)s(21742)s(21757)--s(21771)s(21787)s(21801)s(21818)-s(21831)-s(21847)s(21860)s(21875)-----s(21885)s(21899)-s(21913)s(21925)s(21940)-----s(21948)s(21962)s(21974)-s(21987)s(22001)s(22016)-s(22029)s(22044)s(22057)s(22069)---------------------s(22063)------s(22072)s(22086)s(22101)-(22100)s(22114)-s(22127)-s(22142)s(22154)s(22169)s(22184)s(22199)--s(22212)s(22228)s(22242)-----s(22249)s(22264)s(22280)s(22293)s(22307)s(22319)------s(22328)--------s(22336)--s(22350)--------------------s(22345)s(22361)-s(22374)s(22390)s(22405)s(22421)s(22433)s(22449)s(22464)--s(22475)s(22490)--s(22501)-(22500)s(22514)--s(22527)s(22540)----s(22549)s(22565)---s(22578)------------------------------s(22562)s(22578)--s(22591)---s(22603)s(22615)---------------(22600)---s(22605)-----(22600)s(22613)-------------(22600)----------------------------------------------------------------------------------------------------(22500)----------------------------------------------------------------------------------------------------(22400)----------------------------------------------------------------------------------------------------(22300)----------------------------------------------------------------------------------------------------(22200)----------------------------------------------------------------------------------------------------(22100)----------------------------------------------------------------------------------------------------(22000)----------------------------------------------------------------------------------------------------(21900)---------------------------------------s(21877)-------s(21886)s(21903)-s(21919)s(21932)-s(21944)s(21959)s(21974)-s(21989)s(22006)s(22021)--s(22034)s(22050)--------------s(22053)---s(22063)s(22079)s(22095)s(22111)s(22127)s(22143)s(22157)s(22173)s(22189)s(22205)----s(22215)s(22228)----------------------------(22200)----s(22212)s(22225)--s(22236)--s(22249)s(22261)---s(22272)s(22285)---s(22296)s(22310)s(22324)s(22338)s(22353)--s(22366)--s(22377)-s(22391)-s(22404)----(22400)s(22415)s(22428)s(22442)s(22457)--s(22471)----------s(22476)-------s(22483)-----s(22494)--s(22508)s(22522)-s(22536)s(22550)---s(22563)---s(22577)---s(22589)s(22604)--s(22619)-----s(22628)-----s(22640)s(22654)---s(22665)s(22680)--s(22692)-s(22703)s(22716)s(22730)---s(22740)s(22757)-------------------------------s(22743)-s(22759)s(22776)--s(22789)--s(22802)--(22800)------s(22810)s(22825)--s(22839)------------s(22840)-s(22852)s(22866)-s(22879)-------------------------------------------------------------------------------(22800)---------------------------s(22788)-s(22802)s(22816)----------------(22800)-----------s(22803)---(22800)-----s(22810)s(22825)s(22839)--s(22854)s(22870)---s(22884)s(22901)s(22918)s(22935)s(22950)------s(22961)-s(22975)s(22990)-s(23005)s(23022)-s(23032)s(23048)s(23064)s(23078)------------------s(23073)---------------------s(23065)s(23081)------------s(23085)-----------------------s(23077)-s(23092)s(23106)--s(23119)s(23133)s(23147)s(23159)---s(23168)s(23181)----------------s(23177)--s(23191)-s(23202)s(23215)s(23231)s(23246)s(23260)--s(23272)s(23286)-s(23302)s(23315)s(23332)---------------------s(23321)---------------------(23300)-----------------------------------s(23282)----------------s----------------------------------------------------------------------s(23229)---s(23239)-------------s(23240)-s(23253)---s(23265)----s(23274)--s(23281)--s(23295)-s(23304)s(23318)s(23332)-s(23345)s(23354)--s(23366)s(23382)s(23394)s(23409)---------(23400)----s(23409)----s(23420)-s(23433)----------------s-s(23445)-------s(23453)----------s(23457)---s(23466)-s(23478)--s(23490)s(23503)---(23500)s(23515)s(23531)s(23543)s(23557)s(23571)s(23584)-s(23599)s(23613)s(23627)s(23643)-----------------------------s(23626)----s(23636)s(23653)s(23665)---------s(23669)----s(23680)--s(23690)---------------------------------------------------------------------------s(23630)------------------------------(23600)------------------------------------------------------------s(23557)------s(23564)--s(23574)---s(23585)--------s(23591)s(23606)s(23621)-s(23632)s(23644)-s(23657)s(23670)-s(23680)-------s(23688)-------s(23695)s(23708)s(23722)s(23733)s(23748)s(23764)-s(23775)--s(23786)s(23800)----------------------s(23795)s(23806)s(23821)s(23836)s(23852)--s(23865)s(23878)s(23892)s(23906)s(23920)s(23937)s(23951)s(23967)s(23982)s(23995)s(24011)s(24027)s(24041)s(24056)s(24072)s(24088)----------------s(24083)----s(24094)----s(24105)s(24119)---s(24132)-s(24146)-s(24160)-s(24174)---------------s(24176)--s(24188)-s(24200)s(24215)s(24231)---------------s(24230)-------------------s(24225)-------------------------(24200)----------------------------------------------------------------------------------------------------(24100)-------------------------s(24092)s(24107)-------(24100)--------------------------------------------s(24068)s(24083)---s(24093)----------------------------------------s(24070)----------------------------------------s(24045)--------s(24053)-------------------s(24047)-----s(24058)-------s(24067)---s(24080)s(24097)-s(24108)-------s(24115)--s(24127)---s(24140)------------s(24144)---s(24157)s(24172)-s(24188)s(24204)s(24220)s(24237)s(24251)-------s(24259)-----s(24268)s(24282)s(24299)s(24315)--s(24325)------s(24333)s(24350)----s(24362)s(24377)s(24392)s(24407)s(24422)s(24436)s(24451)s(24465)----s(24477)--s(24491)------s(24500)s(24516)---s(24528)s(24543)--s(24555)----s(24566)--s(24579)-----s(24588)---------s(24594)-----s(24606)s(24622)--------s(24629)------s(24637)--s(24649)---------s(24659)s(24671)-s(24684)s(24699)s(24715)s(24729)-s(24742)------s(24748)------------------------------------------------(24700)---------------------------s(24687)s(24699)s(24715)---------s(24722)----------------------(24700)------------------------------------s(24683)--------s(24689)-------------s(24692)-------------ss(24705)-----(24700)---s(24710)-s(24723)-----------------------(24700)------s(24709)---------(24700)-----------------------------s(24685)s(24700)s(24717)s(24730)s(24746)s(24762)s(24774)-------s(24782)s(24796)s(24809)s(24822)s(24835)-s(24847)s(24862)------s(24872)-s(24886)--s(24899)s(24915)s(24931)--s(24946)s(24962)s(24977)--s(24991)-s(25000)-s(25013)--------s(25019)-s(25033)--s(25047)s(25062)s(25076)s(25092)s(25106)-s(25117)-------s(25122)s(25139)--------s(25146)-s(25160)-s(25171)-----------s(25172)-----s(25181)-s(25193)s(25207)s(25222)s(25238)--------------------s(25235)---------sKilled
                                                                                                                                                                                                                                                                                                                                                                                                                                                                                                                                                                                                                                                                                                                                                                                                                                                                                                                                                                                                                                                                                                                                                                                                                                                                                                                                                                                                                                                                                                                                                                                                                                                                                                                                                                                                                                                                                                                                                                                                                                                                                                                                                                                                                                                                                                                                                                                                                                                                                                                                                                                                                                                                                                                                                                                                                                                                                                                                                                                                                                                                                                                                                                                                                                                                                                                                                                                                                                                                                                                                                                                                                                                                                                                                                                                                                                                                                                                                                                                                                                                                                                                                                                                                                                                                                                                                                                                                                                                                                                                                                                                                                                                                                                                                                                                                                                                                                                                                                                                                                                                                                                                                                                                                                                                                                                                                                                                                                                                                                                                                                                                                                                                                                                                                                                                                                                                                                                                                                                                                                                                                                                                                                                                                                                                                                                                                                                                                                                                                                                                                                                                                                                                                                                                                                                                                                                                                                                                                                                                                                                                                                                                                                                                                                                                                                                                                                                                                                                                                                                                                                                                                                                                                                                                                                                                                                                                                                                                                                                                                                                                                                                                                                                                                                                                                                                                                                                                                               --------(30000)------s(30011)---------s(30016)------s(30024)-----------------------s(30016)----------------(30000)---s(30008)--------(30000)----------s(30005)s(30018)--------------s(30015)-s(30027)-------------------s(30024)-------------------s(30018)-------s(30025)------------s------s(30036)-------s(30042)s(30054)--s(30064)s(30079)---s(30089)-------s(30096)--s(30106)-----s(30116)---------s(30120)s(30134)---------s(30138)--s(30150)s(30163)s(30175)-s(30187)s(30200)s(30215)-------s(30221)---------------------(30200)---s(30206)-----s(30218)---s(30228)-------------s(30225)s(30242)-----s(30251)----s(30260)---s(30272)----------------------------------s(30250)-------s(30254)--s(30266)---------------s(30263)----s(30271)-------------------------s(30256)-------s(30261)-----------s(30267)-s(30276)---------s(30279)---s(30292)s(30307)---s(30313)-s(30327)--s(30337)-----s(30346)------s(30353)--------------s(30349)s(30358)----s(30367)-s(30376)-s(30386)s(30396)-------Killed
