
      +++  sector:  {1, 0, 0, 0, 0, 0, 1, 0, 0}  (1/1)  +++ 
                     SINGULAR                                 /  Development
 A Computer Algebra System for Polynomial Computations       /   version 4.3.2
                                                           0<
 by: W. Decker, G.-M. Greuel, G. Pfister, H. Schoenemann     \   Feb 2023
FB Mathematik der Universitaet, D-67653 Kaiserslautern        \  Debian 1:4.3.2-p10+ds-1.1build1
compute hilbert series with std in ring (ZZ/179424673),(x18,x17,x16,x15,x14,x13,x12,x11,x10,x9,x8,x7,x6,x5,x4,x3,x2,x1,@),(dp(19),C)
weights used for hilbert series: 1,1,1,1,1,1,1,1,1,1,1,1,1,1,1,1,1,1,1
[65535:5]2(18)s(17)s(16)s(15)s(14)s(13)s(12)s(11)s(10)s(9)s(10)s(12)s(15)s(19)s(18)-ss(20)s(24)s3(29)--s(30)--s(34)s(40)s(47)s(54)-s(62)----------s(56)-------4------------s(43)----------s(40)------s(42)s(50)---------------5---------------s(29)s(38)s(47)s(56)---------------6-s(47)s(53)-----------s(52)s(62)-----------------------7-----------s(36)s(43)--------------------------8-----------------
product criterion:322 chain criterion:171
std with hilb in (ZZ/179424673),(x18,x17,x16,x15,x14,x13,x12,x11,x10,x9,x8,x7,x6,x5,x4,x3,x2,x1,@),(lp(18),dp(1),C)
[65535:5]2(38)s(37)s(36)ss(35)s(34)s(33)s(34)s(33)s(32)s(31)s(33)s(32)s(34)s(38)s(39)s(41)s(45)s3(50)-s(54)--s(58)-s(63)s(71)--s(77)s(85)-shhhhhhhhhhhhhhhhhhhhhhh4(69)----s(74)------s(76)-----s(80)-shhhhhhhhhhhhhhhhhhhhhhhhhhhhhhhhhhh5(54)------s(57)s(66)s(76)shhhhhhhhhhhhhhhhhhhhhhhhhhhhhhhhhhhhh6(49)s(59)s(70)----s(76)-shhhhhhhhhhhhhhhhhhhhhhhhhhhhhhhhhhhhh7(49)-s(59)--shhhhhhhhhhhhhhhhhhhhhhhhhhhhhhhhhhhhhhhhhhhhhhhhhhhhhhhhhhhhhhhhhhhhhh
product criterion:322 chain criterion:180
hilbert series criterion:202
dehomogenization
simplification
imap to ring (ZZ/179424673),(x18,x17,x16,x15,x14,x13,x12,x11,x10,x9,x8,x7,x6,x5,x4,x3,x2,x1),(lp(18),C)
Auf Wiedersehen.
  >> 0 regions (all trivial): expReg=0.761s
  [sector total: 0.771s]
#Non-triv Sectors = 0

