
      +++  sector:  {0, 1, 1, 0, 1, 1, 1, 0, 0}  (1/1)  +++ 
                     SINGULAR                                 /  Development
 A Computer Algebra System for Polynomial Computations       /   version 4.3.2
                                                           0<
 by: W. Decker, G.-M. Greuel, G. Pfister, H. Schoenemann     \   Feb 2023
FB Mathematik der Universitaet, D-67653 Kaiserslautern        \  Debian 1:4.3.2-p10+ds-1.1build1
compute hilbert series with std in ring (ZZ/179424673),(x18,x17,x16,x15,x14,x13,x12,x11,x10,x9,x8,x7,x6,x5,x4,x3,x2,x1,@),(dp(19),C)
weights used for hilbert series: 1,1,1,1,1,1,1,1,1,1,1,1,1,1,1,1,1,1,1
[65535:5]2(18)s(17)s(16)s(15)s(14)s(13)s(12)s(11)s(10)s(9)s(10)s(12)s(13)s(16)s(20)s(21)s(24)s(27)s(32)s3(33)s(36)s(41)s(47)s(55)s(62)s(68)s(72)s(80)s(86)s(94)s(99)s(105)s(112)s(118)s(127)-s(133)s(139)s(149)s(158)s(166)s(172)s(178)s(184)s(191)s(198)s(207)s(215)s(224)s(231)s(236)s(246)s(252)s4(258)s(268)s(277)s(286)s(295)s(305)s(313)--s(320)-s(329)-----s(338)s(343)s(352)s(364)s(377)---s(383)------s(386)------s(390)s(400)s(412)s(422)s(431)s(443)s(452)s(463)s(473)s(483)s(495)s(505)s(516)s(527)s(539)s(551)s(564)s(578)--s(582)s(591)s(599)-s(606)s(616)s(631)s(641)s(651)s(662)-s(671)s(676)----s(685)s(696)--s(704)---s(710)s(720)s(732)s(743)---s(750)-s(761)---s(773)s(787)s(794)s(804)s(822)s(830)-------s(834)s(849)---------s(851)-s(865)-s(871)-s(881)s(891)-------s(896)---------s(894)s(904)----(900)s(911)s(924)s(938)---s(947)-s(960)-s(969)s(981)--s(993)-s(1003)-s(1013)s(1028)-----s(1038)-------s(1040)-s(1052)---s(1060)s(1068)--------------------------------5-s(1047)s(1059)s(1072)s(1085)---s(1096)-s(1108)s(1123)s(1137)----------s(1142)s(1155)----------s(1159)-----s(1170)s(1185)s(1198)s(1215)---------------(1200)--------------------s(1193)s(1208)-s(1223)--s(1235)s(1252)s(1268)---s(1279)s(1294)s(1311)-----s(1321)s(1337)s(1354)-s(1366)s(1380)---------------s----s(1390)------s(1398)--------------------------------------------------------------------------------------------------(1300)----s(1311)-----------(1300)--------------s(1302)--(1300)-----------------------------------------------------------s(1256)s(1270)--------------------------s(1260)-------------------------------------------------s(1226)s(1242)--------------------------s(1233)---------------------------------(1200)------------------------------------------------s(1165)s(1180)s(1192)-s(1202)s(1214)s(1230)--s(1240)--------------s(1236)s(1248)-s(1259)s(1272)-s(1284)s(1297)-s(1310)------s(1319)------s(1326)---------s(1328)s(1338)-----s(1347)s(1360)-------------s---------------------------s(1346)----------------s(1342)-s(1354)-------s(1360)----s(1370)s(1383)-------s(1389)--------------------------------------------------------------------------------s(1320)--------------------(1300)--------------s(1297)--s(1309)s(1322)-s(1333)s(1344)-----s(1352)---s(1360)s(1371)s(1384)s(1394)s(1409)s(1420)s(1432)s(1446)s(1458)s(1470)--s(1479)------s(1485)s(1496)-s(1507)-------(1500)s(1512)--s(1522)s(1535)s(1547)--------s(1552)-------s(1559)s(1571)s(1583)-----------------------s(1570)s(1581)-----------------------s(1569)s(1580)--s(1589)---s(1598)-s(1609)----s(1616)----s(1625)-------------------------(1600)-----s(1606)------(1600)-----------------------------6-s(1585)s(1601)-(1600)-s(1615)---------------(1600)----------------------------------------------------------------------------------------------------(1500)----------------------------------------------------------------------------------------------------(1400)----------------------------------------------------------------------------------------------------(1300)----------------------------------------------------------------------------------------------------(1200)------------------s(1198)-s(1212)s(1227)s(1241)-------------------s(1237)----s(1249)---------------------------------------s(1226)--------s(1233)--s(1247)----------------------------------------s(1224)------------------------(1200)----------------------s(1193)s(1208)--------(1200)----------------------------------------------------------------------------------------------------(1100)----------------------------------------------------------------------------------------------------(1000)----s(1010)-s(1024)s(1039)--s(1050)--s(1059)---------s(1064)----------------------s(1057)--------------s(1055)s(1069)---s(1079)----------------------------------s(1056)--s(1067)------s(1073)----s(1083)----s(1094)-------s(1103)---(1100)--------s(1102)-s(1113)-s(1124)---s(1133)-s(1145)--------s(1150)-------------s(1152)-s(1163)s(1176)s(1189)s(1204)-s(1219)------s(1225)s(1237)-------------------------------------(1200)----------------------------s(1188)---------------------------------------------s(1157)------------------------------s(1138)------------------s(1134)s(1147)---s(1157)s(1169)s(1182)s(1194)----------------------s(1185)-----------------------------------------------------------------------------s(1120)----s(1129)-------------------------s(1116)---------------s(1115)s(1128)---------------s(1125)--s(1136)---------------------------s(1122)--s(1134)------------------------------s(1117)s(1131)------------------s(1125)-s(1137)-------s(1143)--------s(1149)-------------------------------------------------(1100)------------------------------------------------------------s(1052)7----------------------------------------------------(1000)----------------------------------------------------------------------------------------------------(900)----------------------------------------------------------------------------------------------------(800)----------------------------------------------------------------------------------------------------(700)----------------------------------------------------------------------------------------------------(600)--------------------------------------------------------------------------------s(532)-s(543)s(556)s(570)--------------s(569)--s(580)----------------s(577)-----------s(579)-------------s(578)s(592)--------------s(591)-s(604)----(600)----------------------------------------------------------------------------------------------------(500)------s(506)------(500)-----------------------------s(484)---------------s(482)----------------------------------------------------s(444)--------------------------------------------(400)---s(409)---------(400)----s(409)-s(422)-------------s(421)---------------------(400)---------s(405)-----(400)--------s(406)s(421)---------------------(400)-------------------------------------------------------------------------8---------------------------(300)----------------------------------------------------------------------------------------------------(200)-----------------------------------------------------------------------------------------------s(119)-------------------(100)-------------------------------------------------------------------------------------9---------------
product criterion:11710 chain criterion:41389
std with hilb in (ZZ/179424673),(x18,x17,x16,x15,x14,x13,x12,x11,x10,x9,x8,x7,x6,x5,x4,x3,x2,x1,@),(lp(18),dp(1),C)
[65535:5]2(338)s(337)s(336)s(335)s(334)s(333)s(332)s(331)s(330)s(329)s(330)s(331)s(333)s(335)s(337)s(340)s(342)s(347)s(352)s3(354)s(359)s(361)s(367)s(371)s(376)s(382)s(391)s(400)s(403)s(410)s(417)s(427)s(435)s(444)s(448)s(447)s(455)s(467)s(478)s(485)s(497)s(502)s(509)s(517)s(526)-s(531)s(539)s(546)s(553)s(560)s(567)s(576)s(578)shhhhhhhhhhhhhhhhhhhhhhhhhhhhhhhhh4(553)-s(560)s(570)s(579)s(589)s(598)s(609)s(620)s(632)s(643)s(649)-s(658)s(670)s(681)s(692)s(697)s(707)s(718)s(727)s(739)s(749)s(758)s(766)-s(775)s(786)s(798)s(808)s(818)s(833)-s(844)s(853)s(863)s(870)--s(878)s(890)---s(900)s(911)---s(920)-s(930)s(936)s(944)s(954)-s(964)s(974)s(988)---s(1000)s(1008)--s(1013)--s(1026)-s(1040)s(1052)s(1063)--s(1077)--s(1092)s(1103)s(1115)s(1124)--s(1134)s(1151)s(1163)-s(1175)-s(1178)s(1186)s(1198)----s(1199)-s(1208)---s(1214)----s(1222)s(1231)s(1244)s(1255)s(1266)--s(1274)s(1285)-----s(1293)--s(1303)s(1316)---------------s(1314)--s(1323)---s(1334)s(1349)s(1363)--------------s--s(1370)------s(1376)s(1385)-----------s-------s(1394)---------------s(1393)--------s-----------shhhhhhhhhhhhhhhhhhhhhhhhhhhhhhhhhhhhhhhhhhhhhhhhhhhhhhhhhhhhhhhhhhhhhhhhhhhhhhhhhhhhhhhh5(1303)-s(1314)s(1328)s(1342)s(1353)--s(1363)--s(1373)--s(1386)s(1402)s(1416)s(1429)s(1441)s(1456)------s(1463)-s(1475)---s(1486)-s(1502)s(1516)--s(1529)s(1543)--s(1554)s(1569)-s(1584)-s(1596)-s(1605)s(1619)--s(1630)s(1644)--s(1654)--s(1666)s(1681)-----s(1687)--s(1696)----s(1705)--s(1716)s(1730)-s(1743)s(1756)s(1766)s(1778)s(1790)-----------s(1793)----s(1804)----(1800)-s(1812)s(1825)---s(1837)--s(1847)s(1861)--s(1874)s(1890)s(1906)------(1900)--s(1915)------s(1923)s(1937)-----------s-----s(1949)--------------s(1945)s(1957)s(1967)s(1978)-----s(1988)--s(2000)-s(2010)--s(2019)-s(2031)----s(2038)s(2049)---s(2056)s(2070)-s(2079)s(2090)-s(2100)-s(2115)s(2130)--s(2140)--s(2148)----s(2159)s(2175)-s(2185)---s(2191)s(2204)----(2200)s(2211)---------s(2216)-s(2227)-------s(2233)-s(2248)----------------s(2246)----s(2257)----s(2270)-----s(2278)-------------------s(2272)s(2286)-------------s(2284)-----s(2291)---s(2298)---s(2307)s(2318)-s(2329)---------------------s(2318)-s(2329)---s(2342)--s(2353)s(2367)------------s(2366)--s(2373)----------------------------------s(2354)---s(2361)-----------ss(2373)s(2385)s(2397)---------------------------------------------------------s(2353)-----s(2364)------------------------s(2351)---s(2359)------------------s(2355)---------s(2362)----s(2371)s(2386)---------ss(2401)-(2400)-----------s(2399)-----------------------------------s(2380)-------------s(2377)-------s(2379)-----------------s(2375)-s(2387)--------------------s(2380)---s(2389)-------s(2392)-----s(2398)-----s(2406)------(2400)-------------s(2403)---(2400)---s(2412)------------(2400)--s(2409)--s(2418)s(2432)--------------s(2430)-------------s--------------s(2427)-------------s(2428)----------------------------(2400)--------------------s(2395)--------------------------------------s(2369)------------s(2367)---------------------------s(2353)--shhhhhhhhhhhhhhhhhhhhhhhhhhhhhhhhhhhhhhhhhhhhhhhhhhhhhhhhhhhhhhhhhhhhhhhhhhhhhhhhhhhhhhhhhhhhhhhhhhhhhhhhhhhhhhhhhhhhhhhhhhhhhhhhhhhhhhhhhhhhhhhhhhhhhhhhhhhhhhhhhhhhhhhhhhhhhhhhhhhhhhhhhhhhhhhhhhhhhhhhhhhhhhh6(2157)s(2172)s(2188)s(2205)-----(2200)-s(2214)---------s(2221)-s(2236)----s(2249)-------------------------------------------------(2200)-------------------------------------s(2176)-s(2187)--s(2198)s(2211)----s(2219)-s(2230)--s(2239)s(2251)s(2264)-s(2275)s(2288)--------------------------------------------------------s(2245)--s(2256)-s(2269)--s(2280)s(2293)s(2305)--s(2316)----------------(2300)----------------s(2297)--s(2310)--s(2323)-----------------------(2300)---s(2312)------------(2300)-------s(2309)-------s(2317)---s(2327)-s(2342)------s(2350)------------s(2353)---s(2366)--------------s(2368)---------------------s(2361)-s(2375)--s(2388)----s(2398)s(2413)-------------(2400)---------------------------------s(2382)------------------------------------------------------s(2341)-s(2352)s(2365)---s(2376)s(2389)s(2403)---(2400)-----------------------------------------s(2374)s(2386)-------s(2391)--s(2402)--(2400)----------------------------------s(2379)------------------------------------------s(2347)------s(2355)----------------s(2351)-----s(2357)---s(2365)s(2376)--------------------------------------------s(2343)s(2355)-------------------------------------------------------(2300)--s(2312)------------(2300)------------------s(2297)-------------------------------------------------------------------------------------------------(2200)----------------s(2197)---s(2207)s(2217)s(2230)------------------------------(2200)-------------------------------------------------s(2163)------s(2169)-----s(2176)-------------------s(2169)---------------------------------------------------------------------(2100)-s(2109)---------(2100)----------------------------------------------------------------------------------------------------(2000)--------------------------------------s(1974)s(1987)---------------------------s(1971)-----------------------------------------------------------------------(1900)---s(1910)----------(1900)-----------------------------------------s(1875)---------------------------------------------------s(1839)-------s(1845)-s(1856)------s(1860)-----------------------s(1850)-s(1864)--------------s(1861)-------------------------------------------------------------(1800)--------------s(1799)----s(1807)-------(1800)---------s(1801)-(1800)---------------s(1796)------------------------------------------------------------------------------------------------(1700)--------------------------------------s(1673)-------------------------------------------------------------------------(1600)------------------------------------------------------s(1559)-----------------------------------------------------------(1500)---------------------------------------------------------------------------------------shhhhhhhhhhhhhhhhhhhhhhhhhhhhhhhhhhhhhhhhhhhhhhhhhhhhhhhhhhhhhhhhhhhhhhhhh7(1355)s(1371)-----------------------------------------------------------------------(1300)----s(1309)---s(1320)---s(1329)-----s(1338)-------------------s(1334)----------------------------------(1300)-----s(1308)--------(1300)-------------------------------s(1283)s(1296)-s(1310)------s(1317)-----------------(1300)--------------------------------------------------------------------------------------------s(1223)----s(1231)--------s(1236)------s(1244)---s(1255)-------------------------------------------------------(1200)------------------------------------------------------------------------------------------s(1123)-----------------------(1100)----------------------------------------------------------------------------------------------------(1000)----------------s(999)--s(1012)------------(1000)---------s(1002)s(1015)---------------(1000)----------------------------------------------------------------------------------------------------(900)-------------------------------------------------------------------------s(839)-----s(847)-----------------------------------s(824)------------------------(800)--------------------------------------------------------------------------------s(734)----------s(738)--------------------------------------(700)---------------------------s(685)-----------s(687)--------------------------------------------------------------------shhhhhhhhhhhhhhhhhhhhhhhhhhhhhhhhhhhhhhhhhhhhhhhhhhhhhhhhhhhhhhhhhhhhhhhhhhhhhhhhhhhhhhhhhhhhhhhhhhhhhhhhhhhhhhhhhhhhhhhhhhhhhhhhhhhhhhhhhhhhhhhhhhhhhhhhhhhhhhhhhhhhhhhhhhhhhhhhhhhhhhhhhhhhhhhhhhhhhhhhhhhhhhhhh8(424)------s(431)-----s(439)--------s(445)---------------------------------s(426)---------s(431)-------------------------------(400)-------------------------------------------s(371)-----------------------------------------------------------------------(300)----------------------------------------------------------------------------------------------------(200)--------------------------------------------------------------------------------shhhhhhhhhhhhhhhhhhhhhhhhhhhhhhhhhhhhhhhhhhhhhhhhhhhhhhhhhhhhhhhhhhhhhhhhhhhhhhhhhhhhhhhhhhhhhhhhhhhhhhhhhhhhhhhhhhhhhhhhhhhhhhhhhhhhh
product criterion:19797 chain criterion:61299
hilbert series criterion:743
dehomogenization
simplification
imap to ring (ZZ/179424673),(x18,x17,x16,x15,x14,x13,x12,x11,x10,x9,x8,x7,x6,x5,x4,x3,x2,x1),(lp(18),C)
Auf Wiedersehen.
                     SINGULAR                                 /  Development
 A Computer Algebra System for Polynomial Computations       /   version 4.3.2
                                                           0<
 by: W. Decker, G.-M. Greuel, G. Pfister, H. Schoenemann     \   Feb 2023
FB Mathematik der Universitaet, D-67653 Kaiserslautern        \  Debian 1:4.3.2-p10+ds-1.1build1
// ** loaded /usr/bin/../share/singular/LIB/primdec.lib (4.3.2.9,Oct_2023)
// ** loaded /usr/bin/../share/singular/LIB/ring.lib (4.3.1.3,Feb_2023)
// ** loaded /usr/bin/../share/singular/LIB/absfact.lib (4.1.2.0,Feb_2019)
// ** loaded /usr/bin/../share/singular/LIB/triang.lib (4.1.2.0,Feb_2019)
// ** loaded /usr/bin/../share/singular/LIB/matrix.lib (4.3.2.3,Aug_2023)
// ** loaded /usr/bin/../share/singular/LIB/nctools.lib (4.1.2.0,Feb_2019)
// ** loaded /usr/bin/../share/singular/LIB/inout.lib (4.1.2.0,Feb_2019)
// ** loaded /usr/bin/../share/singular/LIB/random.lib (4.1.2.0,Feb_2019)
// ** loaded /usr/bin/../share/singular/LIB/polylib.lib (4.2.0.0,Dec_2020)
// ** loaded /usr/bin/../share/singular/LIB/elim.lib (4.3.2.5,Jul_2023)
// ** loaded /usr/bin/../share/singular/LIB/general.lib (4.1.2.0,Feb_2019)
map with cache
map with cache
map with cache
map with cache
map with cache
map with cache
map with cache
map with cache
map with cache
map with cache
map with cache
map with cache
map with cache
map with cache
map with cache
map with cache
map with cache
std in (ZZ/179424673),(x18,x17,x16,x15,x14,x13,x12,x11,x10,x9,x8,x7,x6,x5,x4,x3,x2,x1),(dp(18),C)
[65535:6]1(17)s(16)s(15)s(14)s(13)s(12)s(11)s(10)s(9)s(8)s(7)s(6)s(5)s(4)s(3)s(2)ss3s
(S:17)-----------------
product criterion:153 chain criterion:0
[65535:5]1(17)s(16)s(15)s(14)s(13)s(12)s(11)s(10)s(9)s(8)s(7)s(6)s(5)s(4)s(3)s(2)ss3s
(S:17)-----------------
product criterion:153 chain criterion:0
map is a permutation
[65535:6]1(18)s(17)s(16)s(15)s(14)s(13)s(12)s(11)s(10)s(9)s(8)s(7)s(6)s(5)s(4)s(3)s(2)sss
(S:18)------------------
product criterion:171 chain criterion:0
[65535:5]1(17)s(16)s(15)s(14)s(13)s(12)s(11)s(10)s(9)s(8)s(7)s(6)s(5)s(4)s(3)s(2)sss
(S:17)-----------------
product criterion:153 chain criterion:0
{1}[65535:7]1(17)s(16)s(15)s(14)s(13)s(12)s(11)s(10)s(9)s(8)s(7)s(6)s(5)s(4)s(3)s(2)sss2(16)----------------
(S:18)-------------------
product criterion:0 chain criterion:0
(S:18)rrrrrrrrrrrrrrrrrr
[65535:5]1(17)s(16)s(15)s(14)s(13)s(12)s(11)s(10)s(9)s(8)s(7)s(6)s(5)s(4)s(3)s(2)sss
(S:17)-----------------
product criterion:153 chain criterion:0
intersect by elimination method
[65535:7]1(18)s2(17)s(16)s(15)s(14)s(13)s(12)s(11)s(10)s(9)s(8)s(7)s(6)s(5)s(4)s(3)s(2)sss
(S:18)------------------
product criterion:171 chain criterion:0
map is a permutation
[65535:6]1(18)s(17)s(16)s(15)s(14)s(13)s(12)s(11)s(10)s(9)s(8)s(7)s(6)s(5)s(4)s(3)s(2)ss2s
(S:0)
product criterion:171 chain criterion:0
map is a permutation
[65535:6]1(18)s(17)s(16)s(15)s(14)s(13)s(12)s(11)s(10)s(9)s(8)s(7)s(6)s(5)s(4)s(3)s(2)ss2s
(S:0)
product criterion:171 chain criterion:0
map is a permutation
[65535:6]1(18)s(17)s(16)s(15)s(14)s(13)s(12)s(11)s(10)s(9)s(8)s(7)s(6)s(5)s(4)s(3)s(2)ss2s
(S:0)
product criterion:171 chain criterion:0
map is a permutation
[65535:6]1(18)s(17)s(16)s(15)s(14)s(13)s(12)s(11)s(10)s(9)s(8)s(7)s(6)s(5)s(4)s(3)s(2)ss2s
(S:0)
product criterion:171 chain criterion:0
map is a permutation
[65535:6]1(18)s(17)s(16)s(15)s(14)s(13)s(12)s(11)s(10)s(9)s(8)s(7)s(6)s(5)s(4)s(3)s(2)ss2s
(S:0)
product criterion:171 chain criterion:0
map is a permutation
[65535:6]1(18)s(17)s(16)s(15)s(14)s(13)s(12)s(11)s(10)s(9)s(8)s(7)s(6)s(5)s(4)s(3)s(2)ss2s
(S:0)
product criterion:171 chain criterion:0
map is a permutation
[65535:6]1(18)s(17)s(16)s(15)s(14)s(13)s(12)s(11)s(10)s(9)s(8)s(7)s(6)s(5)s(4)s(3)s(2)ss2s
(S:0)
product criterion:171 chain criterion:0
map is a permutation
[65535:6]1(18)s(17)s(16)s(15)s(14)s(13)s(12)s(11)s(10)s(9)s(8)s(7)s(6)s(5)s(4)s(3)s(2)ss2s
(S:0)
product criterion:171 chain criterion:0
map is a permutation
[65535:6]1(18)s(17)s(16)s(15)s(14)s(13)s(12)s(11)s(10)s(9)s(8)s(7)s(6)s(5)s(4)s(3)s(2)ss2s
(S:0)
product criterion:171 chain criterion:0
map is a permutation
[65535:6]1(18)s(17)s(16)s(15)s(14)s(13)s(12)s(11)s(10)s(9)s(8)s(7)s(6)s(5)s(4)s(3)s(2)ss2s
(S:0)
product criterion:171 chain criterion:0
map is a permutation
[65535:6]1(18)s(17)s(16)s(15)s(14)s(13)s(12)s(11)s(10)s(9)s(8)s(7)s(6)s(5)s(4)s(3)s(2)ss2s
(S:0)
product criterion:171 chain criterion:0
map is a permutation
[65535:6]1(18)s(17)s(16)s(15)s(14)s(13)s(12)s(11)s(10)s(9)s(8)s(7)s(6)s(5)s(4)s(3)s(2)ss2s
(S:0)
product criterion:171 chain criterion:0
map is a permutation
[65535:6]1(18)s(17)s(16)s(15)s(14)s(13)s(12)s(11)s(10)s(9)s(8)s(7)s(6)s(5)s(4)s(3)s(2)ss2s
(S:0)
product criterion:171 chain criterion:0
map is a permutation
[65535:6]1(18)s(17)s(16)s(15)s(14)s(13)s(12)s(11)s(10)s(9)s(8)s(7)s(6)s(5)s(4)s(3)s(2)ss2s
(S:0)
product criterion:171 chain criterion:0
map is a permutation
[65535:6]1(18)s(17)s(16)s(15)s(14)s(13)s(12)s(11)s(10)s(9)s(8)s(7)s(6)s(5)s(4)s(3)s(2)ss2s
(S:0)
product criterion:171 chain criterion:0
map is a permutation
[65535:6]1(18)s(17)s(16)s(15)s(14)s(13)s(12)s(11)s(10)s(9)s(8)s(7)s(6)s(5)s(4)s(3)s(2)ss2s
(S:0)
product criterion:171 chain criterion:0
map is a permutation
[65535:6]1(18)s(17)s(16)s(15)s(14)s(13)s(12)s(11)s(10)s(9)s(8)s(7)s(6)s(5)s(4)s(3)s(2)ss2s
(S:0)
product criterion:171 chain criterion:0
map is a permutation
[65535:6]1(18)s(17)s(16)s(15)s(14)s(13)s(12)s(11)s(10)s(9)s(8)s(7)s(6)s(5)s(4)s(3)s(2)ss2s
(S:0)
product criterion:171 chain criterion:0
[65535:5]1(17)s(16)s(15)s(14)s(13)s(12)s(11)s(10)s(9)s(8)s(7)s(6)s(5)s(4)s(3)s(2)sss
(S:17)-----------------
product criterion:153 chain criterion:0
map is a permutation
[65535:6]1(18)s(17)s(16)s(15)s(14)s(13)s(12)s(11)s(10)s(9)s(8)s(7)s(6)s(5)s(4)s(3)s(2)ss2s
(S:18)------------------
product criterion:171 chain criterion:0
[65535:5]1(17)s(16)s(15)s(14)s(13)s(12)s(11)s(10)s(9)s(8)s(7)s(6)s(5)s(4)s(3)s(2)ss2s
(S:17)-----------------
product criterion:153 chain criterion:0
{1}[65535:7]1(17)s(16)s(15)s(14)s(13)s(12)s(11)s(10)s(9)s(8)s(7)s(6)s(5)s(4)s(3)s(2)ss2s3(16)----------------
(S:18)-------------------
product criterion:0 chain criterion:0
(S:18)rrrrrrrrrrrrrrrrrr
[65535:5]1(17)s(16)s(15)s(14)s(13)s(12)s(11)s(10)s(9)s(8)s(7)s(6)s(5)s(4)s(3)s(2)ss2s
(S:17)-----------------
product criterion:153 chain criterion:0
map is a permutation
intersect by elimination method
[65535:7]1(18)s2(17)s(16)s(15)s(14)s(13)s(12)s(11)s(10)s(9)s(8)s(7)s(6)s(5)s(4)s(3)s(2)ss3s
(S:18)------------------
product criterion:171 chain criterion:0
map is a permutation
[65535:6]1(18)s(17)s(16)s(15)s(14)s(13)s(12)s(11)s(10)s(9)s(8)s(7)s(6)s(5)s(4)s(3)s(2)s2s.4
(S:0)
product criterion:153 chain criterion:0
map is a permutation
[65535:6]1(18)s(17)s(16)s(15)s(14)s(13)s(12)s(11)s(10)s(9)s(8)s(7)s(6)s(5)s(4)s(3)s(2)s2s.4
(S:0)
product criterion:153 chain criterion:0
map is a permutation
[65535:6]1(18)s(17)s(16)s(15)s(14)s(13)s(12)s(11)s(10)s(9)s(8)s(7)s(6)s(5)s(4)s(3)s(2)s2s.4
(S:0)
product criterion:153 chain criterion:0
map is a permutation
[65535:6]1(18)s(17)s(16)s(15)s(14)s(13)s(12)s(11)s(10)s(9)s(8)s(7)s(6)s(5)s(4)s(3)s(2)s2s.4
(S:0)
product criterion:153 chain criterion:0
map is a permutation
[65535:6]1(18)s(17)s(16)s(15)s(14)s(13)s(12)s(11)s(10)s(9)s(8)s(7)s(6)s(5)s(4)s(3)s(2)s2s.4
(S:0)
product criterion:153 chain criterion:0
map is a permutation
[65535:6]1(18)s(17)s(16)s(15)s(14)s(13)s(12)s(11)s(10)s(9)s(8)s(7)s(6)s(5)s(4)s(3)s(2)s2s.4
(S:0)
product criterion:153 chain criterion:0
map is a permutation
[65535:6]1(18)s(17)s(16)s(15)s(14)s(13)s(12)s(11)s(10)s(9)s(8)s(7)s(6)s(5)s(4)s(3)s(2)s2s.4
(S:0)
product criterion:153 chain criterion:0
map is a permutation
[65535:6]1(18)s(17)s(16)s(15)s(14)s(13)s(12)s(11)s(10)s(9)s(8)s(7)s(6)s(5)s(4)s(3)s(2)s2s.4
(S:0)
product criterion:153 chain criterion:0
map is a permutation
[65535:6]1(18)s(17)s(16)s(15)s(14)s(13)s(12)s(11)s(10)s(9)s(8)s(7)s(6)s(5)s(4)s(3)s(2)s2s.4
(S:0)
product criterion:153 chain criterion:0
map is a permutation
[65535:6]1(18)s(17)s(16)s(15)s(14)s(13)s(12)s(11)s(10)s(9)s(8)s(7)s(6)s(5)s(4)s(3)s(2)s2s.4
(S:0)
product criterion:153 chain criterion:0
map is a permutation
[65535:6]1(18)s(17)s(16)s(15)s(14)s(13)s(12)s(11)s(10)s(9)s(8)s(7)s(6)s(5)s(4)s(3)s(2)s2s.4
(S:0)
product criterion:153 chain criterion:0
map is a permutation
[65535:6]1(18)s(17)s(16)s(15)s(14)s(13)s(12)s(11)s(10)s(9)s(8)s(7)s(6)s(5)s(4)s(3)s(2)s2s.4
(S:0)
product criterion:153 chain criterion:0
map is a permutation
[65535:6]1(18)s(17)s(16)s(15)s(14)s(13)s(12)s(11)s(10)s(9)s(8)s(7)s(6)s(5)s(4)s(3)s(2)s2s.4
(S:0)
product criterion:153 chain criterion:0
map is a permutation
[65535:6]1(18)s(17)s(16)s(15)s(14)s(13)s(12)s(11)s(10)s(9)s(8)s(7)s(6)s(5)s(4)s(3)s(2)s2s.4
(S:0)
product criterion:153 chain criterion:0
map is a permutation
[65535:6]1(18)s(17)s(16)s(15)s(14)s(13)s(12)s(11)s(10)s(9)s(8)s(7)s(6)s(5)s(4)s(3)s(2)s2s.4
(S:0)
product criterion:153 chain criterion:0
map is a permutation
[65535:6]1(18)s(17)s(16)s(15)s(14)s(13)s(12)s(11)s(10)s(9)s(8)s(7)s(6)s(5)s(4)s(3)s(2)s2s.4
(S:0)
product criterion:153 chain criterion:0
map is a permutation
[65535:6]1(18)s(17)s(16)s(15)s(14)s(13)s(12)s(11)s(10)s(9)s(8)s(7)s(6)s(5)s(4)s(3)s(2)s2s.4
(S:0)
product criterion:153 chain criterion:0
map is a permutation
[65535:6]1(18)s(17)s(16)s(15)s(14)s(13)s(12)s(11)s(10)s(9)s(8)s(7)s(6)s(5)s(4)s(3)s(2)s2s3s
(S:0)
product criterion:171 chain criterion:0
[65535:5]1(17)s(16)s(15)s(14)s(13)s(12)s(11)s(10)s(9)s(8)s(7)s(6)s(5)s(4)s(3)s(2)ss2s
(S:17)-----------------
product criterion:153 chain criterion:0
// ** _ is no standard basis
// ** _ is no standard basis
Auf Wiedersehen.
                     SINGULAR                                 /  Development
 A Computer Algebra System for Polynomial Computations       /   version 4.3.2
                                                           0<
 by: W. Decker, G.-M. Greuel, G. Pfister, H. Schoenemann     \   Feb 2023
FB Mathematik der Universitaet, D-67653 Kaiserslautern        \  Debian 1:4.3.2-p10+ds-1.1build1
compute hilbert series with std in ring (ZZ/179424673),(x18,x17,x16,x15,x14,x13,x12,x11,x10,x9,x8,x7,x6,x5,x4,x3,x2,x1,@),(dp(19),C)
weights used for hilbert series: 1,1,1,1,1,1,1,1,1,1,1,1,1,1,1,1,1,1,1
[65535:5]1(17)s(16)s(15)s(14)s(13)s2(12)s(11)sss(12)s(13)s3(15)-ss(17)s(20)s(24)s(26)s(29)s(32)s(35)s(37)s(40)s(44)s(49)s(55)s4(60)-----------s(54)------------s(48)s(55)s(63)-----s(67)--s(75)---s(77)s(83)s(89)s(96)s(102)--(100)s(105)s(111)s(118)s(126)s(133)s(141)s(147)s5(150)--------------------------------------------------(100)-----------------------------------------------------------s(52)--s(57)--s(60)-s(65)s(71)s(78)s(86)s(93)s(101)-(100)-----------------s(91)s(99)s(108)s(116)---s(119)s(124)s6(133)---------------------------------(100)----------------------------------------------------------s(51)-----------------------------s(27)s(32)----------7----------------------
product criterion:702 chain criterion:881
std with hilb in (ZZ/179424673),(x18,x17,x16,x15,x14,x13,x12,x11,x10,x9,x8,x7,x6,x5,x4,x3,x2,x1,@),(lp(18),dp(1),C)
[65535:5]1(62)s(61)s(60)s(59)s(58)s2(57)s(56)ss(57)s(59)s(62)s3(66)-s(65)s(66)s(67)s(68)s(70)s(72)s(74)s(77)s(80)s(83)s(85)s(89)s(93)s(96)-----s--s(100)-s(106)s(114)s(123)s4(133)---------s(129)-----------------------------(100)---s(101)-(100)---s(101)-(100)----s(99)s(103)s(109)s(113)s(118)s(123)s(128)s(132)s(137)s(144)s(150)s(155)s(162)s(168)s(174)s(179)s(185)s(193)s(201)s(207)s(216)s(222)s(229)s(236)s(242)s(249)s(258)s(265)s(272)s(282)s(290)s(297)s(305)s(313)s(315)s(318)s(328)s(332)s(337)s(348)s(357)s(365)s(373)-----------------sh5(366)------------------------------------------------------------------(300)----------------------s(286)s(291)----------------------------------s(263)-s(272)s(278)s(283)s(286)s(290)s(296)s(301)s(307)-------(300)---------------------------s(280)---------s(279)-s(281)s(285)s(290)-s(295)s(302)-s(308)-s(313)s(317)----s(318)------s(316)-----s(317)-----s(319)----------s(317)-s(322)-s(325)--s(330)-------s-----------s(327)-s(335)s(343)s(352)-----------------------s(336)-s(345)-----s(350)---s(355)s(364)-------------------------s(350)-s(360)-----s(366)---s(370)s(378)--s(385)--------shhhhhhhhhhhhhhhhhhh6(366)------------------------------------------------------------------(300)----------------------------------------------s(259)--------------------s(244)--------------------------------------------(200)----------------------------------------------------------------------------------------------------(100)-------------s(97)s(104)----(100)-----s(105)-s(115)----------s(116)----------------(100)--s(106)------(100)-----s(104)s(114)---------shhhhhhhhh7(105)-----(100)-----------------------------------------------------------------------s(37)------------------s(28)s(37)--s(45)s(56)shhhh8(62)----------------------------------------------------------s(13)shhhhhhhhhhhhhhhhhhhhhhhh
product criterion:2618 chain criterion:6519
hilbert series criterion:57
dehomogenization
simplification
imap to ring (ZZ/179424673),(x18,x17,x16,x15,x14,x13,x12,x11,x10,x9,x8,x7,x6,x5,x4,x3,x2,x1),(lp(18),C)
Auf Wiedersehen.
                     SINGULAR                                 /  Development
 A Computer Algebra System for Polynomial Computations       /   version 4.3.2
                                                           0<
 by: W. Decker, G.-M. Greuel, G. Pfister, H. Schoenemann     \   Feb 2023
FB Mathematik der Universitaet, D-67653 Kaiserslautern        \  Debian 1:4.3.2-p10+ds-1.1build1
compute hilbert series with std in ring (ZZ/179424673),(x18,x17,x16,x15,x14,x13,x12,x11,x10,x9,x8,x7,x6,x5,x4,x3,x2,x1,@),(dp(19),C)
weights used for hilbert series: 1,1,1,1,1,1,1,1,1,1,1,1,1,1,1,1,1,1,1
[65535:5]1(17)s(16)s(15)s(14)s2(13)s(12)s(11)s(12)s(13)s(15)ss3(18)s(19)s(21)s(24)s(27)s(29)s(32)s(36)s(39)s(42)s(46)s(49)s(53)s(60)s(68)s(73)s(79)s(86)s4(97)s(101)-(100)s(104)-s(109)--s(113)-------------(100)--s(104)----(100)s(105)----s(107)s(114)-----------s(108)s(114)s(122)s(130)s(140)s(148)s(160)s(172)--s(179)-s(187)s(193)s(202)--(200)s(205)s(212)s(220)s(229)s(237)s(244)s(251)s5(259)--------------------------------------------s(223)-s(230)s(238)s(248)-------s(251)s(261)---s(267)--s(276)-------s(279)----------------s(275)------------------------s(261)s(271)s(282)-------------s(278)-------s(281)--s(288)---------s-s(298)--------s(299)-------s(302)--(300)-s(309)s(319)s(327)s(333)s(340)s(349)-s(358)---s(363)---s(367)s(383)s(400)s(403)s(408)----s(413)--s(419)--s(426)s(436)s(445)-s(454)-s(461)s(472)s(482)s(491)s(500)--s(509)s(520)---s(524)s(529)s6(539)---------------------------------------(500)----------------------------------------------------------------------------------------------------(400)----------------------------------------------------------------------------------------------------(300)----------------------------------------------------------------------------------------------------(200)----------------------s(189)-----------------------------------s(167)-----------------------------s(148)----------s(149)-------------s(143)----------------------s(133)---------------------------------(100)-----s(106)----s(112)s(123)------ss(129)-----7------------------------(100)----------------------------------------------------------------------s(43)--------s(45)----------------8-----------------------------
product criterion:1712 chain criterion:4317
std with hilb in (ZZ/179424673),(x18,x17,x16,x15,x14,x13,x12,x11,x10,x9,x8,x7,x6,x5,x4,x3,x2,x1,@),(lp(18),dp(1),C)
[65535:5]1(118)s(117)s(116)s(115)s2(114)s(113)s(112)ss(113)s(115)s(118)s3(122)s(123)s(124)s(127)s(128)s(132)s(133)s(135)s(140)s(142)s(144)s(147)s(153)s(156)s(159)s(162)-----s-----s(163)-s(169)-s(176)s(185)s4(195)-----s(194)-s(198)-s(202)s(208)s(215)---------s(211)------s(210)---s(213)---s---------s(210)---s(211)----s----s(212)s(220)s(224)s(230)s(234)s(241)s(246)s(252)s(261)s(266)s(273)s(278)s(286)s(292)s(298)s(305)s(315)s(321)s(329)s(336)s(345)s(353)s(358)s(365)s(373)s(384)s(391)s(400)s(406)s(416)s(425)s(431)s(438)s(447)s(455)s(467)s(470)s(480)s(484)s(495)s(505)s(512)s(520)s(527)-----------------------shhhh5(511)-----------(500)-----------s---------------------------s(478)-s(483)-s(488)----------------------------------s(465)--------s(464)s(471)--s(481)---------s(480)-s(487)---------s(490)-s(502)--(500)--s(511)-----s(514)---------s(512)s(519)--s(526)----------s(525)----s(531)s(540)-s(547)--s(554)s(563)-s(571)-s(578)s(586)-s(587)-s(592)-s(601)-(600)-------ss(607)s(618)s(625)s(631)s(637)s(641)s(648)s(651)s(656)-s(665)-s(674)---------s(677)---s(686)---------s-s(692)s(701)s(709)s(717)s(727)--------ss(735)--s(744)---------s(746)s(752)s(763)s(767)------s(768)--s(773)s(782)-s(789)s(798)s(807)s(817)s(825)--s(828)---s(837)-s(845)--s(851)-s(855)-s(860)-s(871)---s(878)s(888)--s(892)-------s(894)s(903)s(912)s(919)-s(928)------s(931)s(940)s(947)-s(957)---------s(960)-s(968)s(980)-------s(984)s(995)------s--s(1003)s(1012)s(1021)------ss(1029)-------s(1035)---s(1042)s(1052)s(1058)-s(1064)---------s(1068)-s(1079)s(1092)-------s(1097)s(1110)------s(1112)--s(1121)s(1131)s(1141)------s(1142)s(1151)---s(1158)s(1168)-s(1176)-s(1184)----shhhhhhhhhhhhhhhhhhhhhhhhhhhhhhhhhhhhhhhhhhhhhhhhhhhhh6(1133)---------------------------------(1100)----------------------------------------------------------------------------------------------------(1000)----------------------------------------------------s(958)----------------------------------------------------------(900)----s(904)----(900)--------------------------------------------------------------------------------------s(823)-----------------------(800)-------------s(796)--s(804)--s(812)-------s(814)s(826)--s(831)--------s(829)s(836)-----------s(830)s(835)------s-----------ss(845)s(853)-s(861)-s(868)----------s---s(878)-s(886)------------------------------------------------------------------------------------s(811)-----------(800)-----------------------------------------------s(764)------------------s(758)s(766)-------s(770)-------s(775)-----------------------------s(757)---------s-s(768)--------------------------------------------------------------------(700)------------------s(692)-------------------------------------s(666)--------s(667)s(677)---------s(678)--------s(681)s(691)------s(696)s(705)s(714)s(725)s(737)s(747)s(758)-------------------s(750)---s(758)---------------------s(749)--s(759)s(771)s(781)-s(793)--s(802)-s(812)--------s(817)-s(827)s(837)--------------------s(827)----s(836)s(847)-s(859)s(872)-------------------------s(859)---s(866)---------------------s(857)--------s(862)s(874)s(882)--s(893)--------s(898)--s(908)--------(900)-s(910)-s(919)s(928)--------------------s(918)-----shhhhhhhhhhhhhhhhhhhhhhhhhhhhhhhhhhhhhhhhhhhhhhhhhhhhhhhhhhhh7(865)-----------------------------------------------------------------(800)----------------------------------------------------------------------------------------------------(700)----------------------------------------------------------------------------------------------------(600)----------------------------------------------------------------------------------------------------(500)----------------------------------------------------------------------------------------------------(400)----------------------------------------------------------------------------------------------------(300)---------------------------------------------s(266)--------------------s(256)----s(264)s(275)-s(286)-s(297)---s(307)-------(300)------------------s(290)s(299)---s(308)--s(319)-------------------(300)-------------------------s(287)--------s(291)---s(301)s(314)s(325)s(336)------s(341)s(352)s(364)s(376)---s(385)s(398)-s(410)s(421)---s(430)s(442)-----------s(441)------s(446)-----s(450)-----s(454)--------------s(450)---------s(452)---s(461)s(474)s(485)s(496)---s(506)----s(515)---s(522)---s(530)----------------shhhhh8(519)-------------------(500)--------------------------------------------------------------------------------s(432)--------------------------------(400)----------------------------------------------------------------------------------------------------(300)---------------------------------------------s(266)s(278)------------------------------------------------------------------------------(200)-----------s-------s(203)-s(214)--------------(200)------------------------------------------------------------s(149)-s(159)s(170)s(183)------s(188)s(200)-s(211)s(224)s(237)---s(244)s(256)--s(264)s(277)s(289)s(301)s(313)-------------(300)----------------s(297)------s9(302)--(300)----------------------------------------------------------------------------------------------------(200)-----------------------------------------------s(164)----------------------------------------------------------------(100)------------------------s(86)s(97)-s(107)-------(100)------s(106)s(118)s(131)s(141)s(152)s(164)s(175)-----------------------------s(159)--------shh10(161)-------------------------------------------------------------(100)------------------------------------------------------------------------------s(33)s(46)--------------------s11(38)------------------------shhhhhhhhhhhhhhhhhhhhhhhhhhh
product criterion:9876 chain criterion:52242
hilbert series criterion:151
dehomogenization
simplification
imap to ring (ZZ/179424673),(x18,x17,x16,x15,x14,x13,x12,x11,x10,x9,x8,x7,x6,x5,x4,x3,x2,x1),(lp(18),C)
Auf Wiedersehen.
                     SINGULAR                                 /  Development
 A Computer Algebra System for Polynomial Computations       /   version 4.3.2
                                                           0<
 by: W. Decker, G.-M. Greuel, G. Pfister, H. Schoenemann     \   Feb 2023
FB Mathematik der Universitaet, D-67653 Kaiserslautern        \  Debian 1:4.3.2-p10+ds-1.1build1
// ** loaded /usr/bin/../share/singular/LIB/primdec.lib (4.3.2.9,Oct_2023)
// ** loaded /usr/bin/../share/singular/LIB/ring.lib (4.3.1.3,Feb_2023)
// ** loaded /usr/bin/../share/singular/LIB/absfact.lib (4.1.2.0,Feb_2019)
// ** loaded /usr/bin/../share/singular/LIB/triang.lib (4.1.2.0,Feb_2019)
// ** loaded /usr/bin/../share/singular/LIB/matrix.lib (4.3.2.3,Aug_2023)
// ** loaded /usr/bin/../share/singular/LIB/nctools.lib (4.1.2.0,Feb_2019)
// ** loaded /usr/bin/../share/singular/LIB/inout.lib (4.1.2.0,Feb_2019)
// ** loaded /usr/bin/../share/singular/LIB/random.lib (4.1.2.0,Feb_2019)
// ** loaded /usr/bin/../share/singular/LIB/polylib.lib (4.2.0.0,Dec_2020)
// ** loaded /usr/bin/../share/singular/LIB/elim.lib (4.3.2.5,Jul_2023)
// ** loaded /usr/bin/../share/singular/LIB/general.lib (4.1.2.0,Feb_2019)
[65535:5]1(17)s(16)s(15)s(14)s(13)s(12)s(11)s2(10)s(9)s(8)s(7)s(6)s3(5)s(4)s(3)s(2)ss4s
(S:17)-----------------
product criterion:153 chain criterion:0
// ** redefining j (int j = 2;)
rt
Auf Wiedersehen.

Set::setraw: Cannot assign to raw object 1.

Set::setraw: Cannot assign to raw object 1.
                     SINGULAR                                 /  Development
 A Computer Algebra System for Polynomial Computations       /   version 4.3.2
                                                           0<
 by: W. Decker, G.-M. Greuel, G. Pfister, H. Schoenemann     \   Feb 2023
FB Mathematik der Universitaet, D-67653 Kaiserslautern        \  Debian 1:4.3.2-p10+ds-1.1build1
// ** loaded /usr/bin/../share/singular/LIB/primdec.lib (4.3.2.9,Oct_2023)
// ** loaded /usr/bin/../share/singular/LIB/ring.lib (4.3.1.3,Feb_2023)
// ** loaded /usr/bin/../share/singular/LIB/absfact.lib (4.1.2.0,Feb_2019)
// ** loaded /usr/bin/../share/singular/LIB/triang.lib (4.1.2.0,Feb_2019)
// ** loaded /usr/bin/../share/singular/LIB/matrix.lib (4.3.2.3,Aug_2023)
// ** loaded /usr/bin/../share/singular/LIB/nctools.lib (4.1.2.0,Feb_2019)
// ** loaded /usr/bin/../share/singular/LIB/inout.lib (4.1.2.0,Feb_2019)
// ** loaded /usr/bin/../share/singular/LIB/random.lib (4.1.2.0,Feb_2019)
// ** loaded /usr/bin/../share/singular/LIB/polylib.lib (4.2.0.0,Dec_2020)
// ** loaded /usr/bin/../share/singular/LIB/elim.lib (4.3.2.5,Jul_2023)
// ** loaded /usr/bin/../share/singular/LIB/general.lib (4.1.2.0,Feb_2019)
[65535:5]1(17)s(16)s(15)s(14)s2(13)s(12)s(11)s(10)s(9)s(8)s(7)s(6)s3(5)s(4)s(3)s(2)ss4s
(S:17)-----------------
product criterion:153 chain criterion:0
// ** redefining j (int j = 2;)
rt
// ** redefining p (    poly p = reduce(kb[a]*kb[b], gb);)
rt
// ** redefining b (int b = 1;)
// ** redefining p (    poly p = reduce(kb[a]*kb[b], gb);)
rt
// ** redefining p (    poly p = reduce(kb[a]*kb[b], gb);)
rt
Auf Wiedersehen.

Set::write: Tag String in A[9] is Protected.

Set::setraw: Cannot assign to raw object 1.

General::stop: Further output of Set::setraw will be suppressed during this calculation.

Set::write: Tag Plus in 39619256 + 61801291 A[9] is Protected.

Set::write: Tag String in A[9] is Protected.

General::stop: Further output of Set::write will be suppressed during this calculation.
  >> 2 region(s): expReg=160.814s  build=0.13s
  [sector total: 160.954s]
#Non-triv Sectors = 1

[SECTOR_RESULT] key=011011100 tier=Fast state=done time=160.955827 regions=2
