
      +++  sector:  {0, 1, 0, 1, 1, 1, 0, 0, 0}  (1/1)  +++ 
                     SINGULAR                                 /  Development
 A Computer Algebra System for Polynomial Computations       /   version 4.3.2
                                                           0<
 by: W. Decker, G.-M. Greuel, G. Pfister, H. Schoenemann     \   Feb 2023
FB Mathematik der Universitaet, D-67653 Kaiserslautern        \  Debian 1:4.3.2-p10+ds-1.1build1
compute hilbert series with std in ring (ZZ/179424673),(x18,x17,x16,x15,x14,x13,x12,x11,x10,x9,x8,x7,x6,x5,x4,x3,x2,x1,@),(dp(19),C)
weights used for hilbert series: 1,1,1,1,1,1,1,1,1,1,1,1,1,1,1,1,1,1,1
[65535:5]2(18)s(17)s(16)s(15)s(14)s(13)s(12)s(11)s(10)s(9)s(10)s(12)s(15)s(16)s(20)s(22)s(24)s(27)s(32)s3(31)--s(33)--s(37)s(42)-s(44)-s(51)s(56)s(63)s(75)-s(79)s(85)s(87)-s(92)s(98)--s(102)--(100)-----4--------------s(83)---s(88)-s(94)----s(98)--s(108)---s(113)---s(121)----s(126)s(135)s(144)-----s(148)-s(154)s(160)-------------------------s(143)s(150)--------5------------------------s(123)-----s(126)------s(129)----s(132)-------------s(128)------------------s(116)----------------(100)-s(108)s(117)-s(123)-----------------------(100)-----s(105)s(113)-------6------(100)----------------------------s(79)------s(78)--------s(81)----------s(75)-------------------------------------------7--------------------------------
product criterion:879 chain criterion:628
std with hilb in (ZZ/179424673),(x18,x17,x16,x15,x14,x13,x12,x11,x10,x9,x8,x7,x6,x5,x4,x3,x2,x1,@),(lp(18),dp(1),C)
[65535:5]2(62)s(61)s(60)ss(59)s(58)s(57)s(56)ss(57)s(56)s(59)ss(60)s(59)s(63)s(65)s(67)s(70)s3(73)-s(77)-s(81)s(87)s(95)s(101)-(100)s(104)---s(112)s(117)-s(120)----------s(118)-s(123)shhhhhhhhhhhhhh4(115)--s(120)--s(125)-s(137)s(149)s(158)s(167)-------s(171)---------s--------------------s(158)s(166)--s(171)s(178)-------------shhhhhhhhhhhhhhhhhhhhhhh5(150)-------------s(149)----s(155)---------ss(165)----------s(163)----s(169)-----------s--s(176)s(182)---------s--------------------------------shhhhhhhhhhhhhhhhhhhhhhhhhhhhhhh6(127)---------------------------(100)----s(105)s(115)--s(125)-shhhhhhhhhhhhhhhhhhhhhhhhhhhhhhhhhhhhhhhhhhhhhhhhhhhhhhhhhhhhhhhhhhhhhhhhhhhhhhhhhhhhhhhh7(48)-----------------------s(35)-----shhhhhhhhhhhhhhhhhhhhhhhhhhhhhhhhhhhhhhhhh
product criterion:799 chain criterion:605
hilbert series criterion:197
dehomogenization
simplification
imap to ring (ZZ/179424673),(x18,x17,x16,x15,x14,x13,x12,x11,x10,x9,x8,x7,x6,x5,x4,x3,x2,x1),(lp(18),C)
Auf Wiedersehen.
  >> 0 regions (all trivial): expReg=0.518s
  [sector total: 0.527s]
#Non-triv Sectors = 0

