
      +++  sector:  {0, 0, 0, 1, 1, 1, 0, 0, 0}  (1/1)  +++ 
                     SINGULAR                                 /  Development
 A Computer Algebra System for Polynomial Computations       /   version 4.3.2
                                                           0<
 by: W. Decker, G.-M. Greuel, G. Pfister, H. Schoenemann     \   Feb 2023
FB Mathematik der Universitaet, D-67653 Kaiserslautern        \  Debian 1:4.3.2-p10+ds-1.1build1
compute hilbert series with std in ring (ZZ/179424673),(x18,x17,x16,x15,x14,x13,x12,x11,x10,x9,x8,x7,x6,x5,x4,x3,x2,x1,@),(dp(19),C)
weights used for hilbert series: 1,1,1,1,1,1,1,1,1,1,1,1,1,1,1,1,1,1,1
[65535:5]2(13)s(12)s(11)s(10)s(9)s(8)s(7)s(6)s(5)s(4)s(5)s(7)s(10)s(11)s3(15)s(19)s(24)s(30)s(32)s(34)s(37)s(45)s(49)s(55)s(58)s(60)s(65)s(70)s(73)s(77)s4(82)s(87)s(92)-s(97)s(103)---(100)---------s--------s(98)--s(101)-(100)--s(105)-s(110)----s(113)----s(116)s(123)s(130)-----s(134)-----s(135)s(141)s(150)s(160)-s(170)------s(172)s(178)-----5-s(179)---------------------------------s(155)----------------s(148)-s(157)s(168)---------s(169)---------------------s(158)s(169)s(180)---------------------s(174)--s(179)----s(183)---------s(180)--------s---------s------------s(177)s(184)-----6----------------s(173)-------s(176)-s(185)------------s(183)------------------s(176)----------s(177)--s(187)-s(198)-------------------------------------------------s(158)----s(163)-------s(166)-------s(168)-----------------------7-s(154)------------------------s(140)----------------------------------------(100)-------s(104)----(100)---------s(104)----(100)---------s(102)--(100)------------------s(94)---------------------8-------------------------------------------------s(36)-----------------------9-------------
product criterion:1229 chain criterion:1835
std with hilb in (ZZ/179424673),(x18,x17,x16,x15,x14,x13,x12,x11,x10,x9,x8,x7,x6,x5,x4,x3,x2,x1,@),(lp(18),dp(1),C)
[65535:5]2(86)s(85)s(84)s(83)s(82)s(81)s(80)s(79)ss(81)ss(80)s(81)s(83)s3(86)s(89)s(93)s(97)s(102)s(104)s(106)s(110)s(113)s(116)s(119)s(123)s(131)s(136)shhhhhhhhhhhhhhhh4(125)s(130)s(135)-s(140)s(146)s(152)-s(157)s(166)-------------------s(153)---------------s(145)--s(152)s(161)s(169)s(175)s(181)-----s(183)s(192)s(199)-s(208)-shhhhhhhhhhhhhhhhhhhhhhh5(195)s(202)--(200)--------------------------s(183)s(195)--s(203)s(212)s(221)------------s(216)----------s(215)s(225)---------s(228)s(234)-s(241)--------------s(240)s(249)s(256)-s(263)-----------s(266)----------s(265)------------s(263)--shhhhhhhhhhhhhhhhhhhhhhhhhhhhhhhhhhhhhhhh6(228)---s(236)s(248)---s(256)---s(265)-----s(273)----------s----s(277)s(289)----------------s(283)---s(288)s(296)--s(305)-s(315)--s(323)---------s(325)----s(331)---------------------------s(314)--------------(300)s(311)-----------(300)--------------------------------shhhhhhhhhhhhhhhhhhhhhhhhhhhhhhhhhhhhhhhhhhhhhhhhhhh7(229)-s(238)-------s(242)s(253)s(266)---------------------------------------s(238)-----------------------s(227)---------------------------(200)-------s(202)--(200)--------------shhhhhhhhhhhhhhhhhhhhhhhhhhhhhhhhhhhhhhhhhhhhhhhhhhhhhhhhhhhhhhhhhhhhhhhhhhhhhhhhhhhhhhhhhhhhhhhhhhhh8(96)----------shhhhhhhhhhhhhhhhhhhhhhhhhhhhhhhhhhhhhhhhhhhhhhhhhhhhhhhhhhhhhhhhhhhhhhhhhhhhhhhhhhhhhhhhhhhhhhhhhhh
product criterion:1244 chain criterion:2447
hilbert series criterion:329
dehomogenization
simplification
imap to ring (ZZ/179424673),(x18,x17,x16,x15,x14,x13,x12,x11,x10,x9,x8,x7,x6,x5,x4,x3,x2,x1),(lp(18),C)
Auf Wiedersehen.
                     SINGULAR                                 /  Development
 A Computer Algebra System for Polynomial Computations       /   version 4.3.2
                                                           0<
 by: W. Decker, G.-M. Greuel, G. Pfister, H. Schoenemann     \   Feb 2023
FB Mathematik der Universitaet, D-67653 Kaiserslautern        \  Debian 1:4.3.2-p10+ds-1.1build1
// ** loaded /usr/bin/../share/singular/LIB/primdec.lib (4.3.2.9,Oct_2023)
// ** loaded /usr/bin/../share/singular/LIB/ring.lib (4.3.1.3,Feb_2023)
// ** loaded /usr/bin/../share/singular/LIB/absfact.lib (4.1.2.0,Feb_2019)
// ** loaded /usr/bin/../share/singular/LIB/triang.lib (4.1.2.0,Feb_2019)
// ** loaded /usr/bin/../share/singular/LIB/matrix.lib (4.3.2.3,Aug_2023)
// ** loaded /usr/bin/../share/singular/LIB/nctools.lib (4.1.2.0,Feb_2019)
// ** loaded /usr/bin/../share/singular/LIB/inout.lib (4.1.2.0,Feb_2019)
// ** loaded /usr/bin/../share/singular/LIB/random.lib (4.1.2.0,Feb_2019)
// ** loaded /usr/bin/../share/singular/LIB/polylib.lib (4.2.0.0,Dec_2020)
// ** loaded /usr/bin/../share/singular/LIB/elim.lib (4.3.2.5,Jul_2023)
// ** loaded /usr/bin/../share/singular/LIB/general.lib (4.1.2.0,Feb_2019)
map with cache
map with cache
map with cache
map with cache
map with cache
map with cache
map with cache
map with cache
map with cache
std in (ZZ/179424673),(x18,x17,x16,x15,x14,x13,x12,x11,x10,x9,x8,x7,x6,x5,x4,x3,x2,x1),(dp(18),C)
[65535:6]1(15)s(14)s(13)s(12)s(11)s(10)s(9)s(8)s(7)s2(6)s(5)s(4)ss(3)s3(2)s(3)s(4)4----
(S:15)---------------
product criterion:112 chain criterion:3
1(15)s(14)s(13)s(12)s(11)s(10)s(9)s(8)s(7)s2(6)s(5)s(4)ss(3)s3(2)s(3)s(4)4----
(S:15)---------------
product criterion:112 chain criterion:3
map is a permutation
[65535:6]1(16)s(15)s(14)s(13)s(12)s(11)s(10)s(9)s(8)s(7)s2(6)s(5)s(4)ss(3)s3(2)s(3)s(4)4----
product criterion:128 chain criterion:3
[65535:6]1(15)s(14)s(13)s(12)s(11)s(10)s(9)s(8)s(7)s2(6)s(5)s(4)ss(3)s3(2)s(3)s(4)4----
product criterion:112 chain criterion:3
{1}[65535:8]1(15)s(14)s(13)s(12)s(11)s(10)s(9)s(8)s(7)s2(6)s(14)s(23)s(33)s(44)s3(56)-------------------------------------s(32)---------s4(37)---------------------------------5----
product criterion:0 chain criterion:0
(S:16)rrrrrrrrrrrrrrrr
[65535:6]1(15)s(14)s(13)s(12)s(11)s(10)s(9)s(8)s(7)s2(6)s(5)s(4)ss(3)s3(2)s(3)s(4)4----
product criterion:112 chain criterion:3
compute hilbert series with std in ring (ZZ/179424673),(x18,x17,x16,x15,x14,x13,x12,x11,x10,x9,x8,x7,x6,x5,x4,x3,x2,x1,@),(dp(19),C)
weights used for hilbert series: 1,1,1,1,1,1,1,1,1,1,1,1,1,1,1,1,1,1,1
[65535:5]1(15)s(14)s(13)s(12)s(11)s(10)s(9)s(8)s(7)s2(6)s(5)s(4)s(3)s(2)s3s(3)s(4)4----
(S:15)---------------
product criterion:112 chain criterion:3
std with hilb in (ZZ/179424673),(x18,x17,x16,x15,x14,x13,x12,x11,x10,x9,x8,x7,x6,x5,x4,x3,x2,x1,@),(C,lp(18),dp(1))
[65535:5]1(15)s(14)s(13)s(12)s(11)s(10)s(9)s(8)s(7)s2(6)s(5)s(4)s(3)s(2)s3s(3)shhhhh
(S:15)---------------
product criterion:112 chain criterion:3
hilbert series criterion:5
dehomogenization
simplification
imap to ring (ZZ/179424673),(x18,x17,x16,x15,x14,x13,x12,x11,x10,x9,x8,x7,x6,x5,x4,x3,x2,x1),(C,lp(18))
//interreduction
[65535:5]1(15)s(14)s(13)s(12)s3(11)s2(10)s3(9)s1(8)s2(7)s(6)s1(5)s(4)s(3)s(2)s2ss
(S:15)---------------

map is a permutation
std in (ZZ/179424673),(x18,x17,x12,x10,x9,x8,x7,x3,x1),(C,dp(9))
[1048575:4]2(6)s(5)s(4)ss(3)s3(2)s(3)s(4)4----
product criterion:13 chain criterion:3
map is a permutation
compute hilbert series with std in ring (ZZ/179424673),(x9,x8,x7,x3,x1,x18,x17,x12,x10,@),(dp(10),C)
weights used for hilbert series: 1,1,1,1,1,1,1,1,1,1
[65535:3]2(6)s(5)s(4)s(3)s(2)s3s(3)-s4---
(S:6)------
product criterion:13 chain criterion:3
std with hilb in (ZZ/179424673),(x9,x8,x7,x3,x1,x18,x17,x12,x10,@),(lp(9),dp(1),C)
[65535:3]2(6)s(5)s(4)s(3)s(2)s3s(3)-shhhh
(S:6)------
product criterion:13 chain criterion:3
hilbert series criterion:4
dehomogenization
simplification
imap to ring (ZZ/179424673),(x9,x8,x7,x3,x1,x18,x17,x12,x10),(lp(9),C)
//interreduction
[1048575:3]2(6)s(5)s(4)s3(3)s(2)s2ss
(S:6)------

map is a permutation
[1048575:2]1(4)s(3)s(2)sss
(S:4)----

[1048575:2]1(4)s(3)s(2)sss
(S:4)----

[1048575:2]1(4)s(3)s(2)sss
(S:4)----

(S:1)[1048575:2]1(4)s(3)s(2)sss

[1048575:2]1(4)s(3)s(2)sss

[1048575:4]2(4)s(3)s(2)sss3s4s5--
product criterion:13 chain criterion:3
{1}[1048575:6]6(6)s(11)s(15)s(19)s(24)s7(30)s(29)s(34)-s(38)-s(43)s(50)s(54)-s(57)s(61)s(66)s(71)ss(72)------s-s(73)---s8-s(76)-----------s(74)s(83)s(88)----------s(83)-----s(82)s(86)----------------------9-------------------s(54)----------------10--------------------------11----------12--
product criterion:0 chain criterion:87
[1048575:3]2(6)s(5)s(4)ss(3)s3(2)s(3)s(4)4----
product criterion:13 chain criterion:3
{1}[1048575:6]6(6)s(11)s(15)s(19)s(24)s7(30)s(29)s(34)-s(38)-s(43)s(50)s(54)-s(57)s(61)s(66)s(71)ss(72)------s-s(73)---s8-s(76)-----------s(74)s(83)s(88)----------s(83)-----s(82)s(86)----------------------9-------------------s(54)----------------10--------------------------11----------12--
product criterion:0 chain criterion:87
intersect by elimination method
[65535:5]1(7)s3(6)s(5)s(4)ss(3)s4(2)s(3)s(4)5----
product criterion:20 chain criterion:3
intersect by elimination method
[65535:5]1(7)s3(6)s(5)s(4)ss(3)s4(2)s(3)s(4)5----
product criterion:20 chain criterion:3
[1048575:4]
product criterion:7 chain criterion:0
intersect by elimination method
[65535:7]1(16)s2(15)s(14)s(13)s(12)s(11)s(10)s(9)s(8)s(7)s3(6)s(5)s(4)ss(3)s4(2)s(3)s(4)5----
product criterion:128 chain criterion:3
map is a permutation
[65535:6]1(16)s(15)s(14)s(13)s(12)s(11)s(10)s(9)s(8)s2(7)s(6)----3--.5
product criterion:45 chain criterion:0
map is a permutation
[65535:6]1(16)s(15)s(14)s(13)s(12)s(11)s(10)s(9)s(8)s2(7)s(6)----3--.5
product criterion:45 chain criterion:0
map is a permutation
[65535:6]1(16)s(15)s(14)s(13)s(12)s(11)s(10)s(9)s(8)s2(7)s(6)----3--.5
product criterion:45 chain criterion:0
map is a permutation
[65535:6]1(16)s(15)s(14)s(13)s(12)s(11)s(10)s(9)s(8)s2(7)s(6)----3--.5
product criterion:45 chain criterion:0
map is a permutation
[65535:6]1(16)s(15)s(14)s(13)s(12)s(11)s(10)s(9)s(8)s2(7)s(6)----3--.5
product criterion:45 chain criterion:0
map is a permutation
[65535:6]1(16)s(15)s(14)s(13)s(12)s(11)s(10)s(9)s(8)s2(7)s(6)----3--.5
product criterion:45 chain criterion:0
map is a permutation
[65535:6]1(16)s(15)s(14)s(13)s(12)s(11)s(10)s(9)s(8)s2(7)s(6)----3--.5
product criterion:45 chain criterion:0
map is a permutation
[65535:6]1(16)s(15)s(14)s(13)s(12)s(11)s(10)s(9)s(8)s2(7)s(6)----3--.5
product criterion:45 chain criterion:0
map is a permutation
[65535:6]1(16)s(15)s(14)s(13)s(12)s(11)s(10)s(9)s(8)s2(7)s(6)----3--.5
product criterion:45 chain criterion:0
map is a permutation
[65535:6]1(16)s(15)s(14)s(13)s(12)s(11)s(10)s(9)s(8)s2(7)s(6)s(5)ss(4)s3(3)s-.6
product criterion:104 chain criterion:1
map is a permutation
[65535:6]1(16)s(15)s(14)s(13)s(12)s(11)s(10)s(9)s(8)s2(7)s(6)s(5)ss(4)s3(3)s-.6
product criterion:104 chain criterion:1
map is a permutation
[65535:6]1(16)s(15)s(14)s(13)s(12)s(11)s(10)s(9)s(8)s2(7)s(6)s(5)ss(4)s3(3)s-.6
product criterion:104 chain criterion:1
map is a permutation
[65535:6]1(16)s(15)s(14)s(13)s(12)s(11)s(10)s(9)s(8)s2(7)s(6)s(5)ss(4)s3(3)s-.6
product criterion:104 chain criterion:1
map is a permutation
[65535:6]1(16)s(15)s(14)s(13)s(12)s(11)s(10)s(9)s(8)s2(7)s(6)s(5)ss(4)s3(3)s-.6
product criterion:104 chain criterion:1
map is a permutation
[65535:6]1(16)s(15)s(14)s(13)s(12)s(11)s(10)s(9)s(8)s2(7)s(6)s(5)ss(4)s3(3)s(4)s(5)4-----s
product criterion:128 chain criterion:3
map is a permutation
[65535:6]1(16)s(15)s(14)s(13)s(12)s(11)s(10)s(9)s(8)s2(7)s(6)s(5)ss(4)s3(3)s(4)s(5)4-----s
product criterion:128 chain criterion:3
// ** _ is no standard basis
Auf Wiedersehen.
  >> 0 regions (all trivial): expReg=1.018s
  [sector total: 1.026s]
#Non-triv Sectors = 0

