
      +++  sector:  {0, 0, 0, 1, 0, 1, 0, 0, 0}  (1/1)  +++ 
                     SINGULAR                                 /  Development
 A Computer Algebra System for Polynomial Computations       /   version 4.3.2
                                                           0<
 by: W. Decker, G.-M. Greuel, G. Pfister, H. Schoenemann     \   Feb 2023
FB Mathematik der Universitaet, D-67653 Kaiserslautern        \  Debian 1:4.3.2-p10+ds-1.1build1
compute hilbert series with std in ring (ZZ/179424673),(x18,x17,x16,x15,x14,x13,x12,x11,x10,x9,x8,x7,x6,x5,x4,x3,x2,x1,@),(dp(19),C)
weights used for hilbert series: 1,1,1,1,1,1,1,1,1,1,1,1,1,1,1,1,1,1,1
[65535:5]2(13)s(12)s(11)s(10)s(9)s(8)s(7)s(6)s(5)s(4)s(5)s(7)s(8)s(11)s3(15)s(19)s(20)s(25)s(31)s(33)s(36)s(39)s(44)s(52)s(56)s(61)s(66)-s(71)s(77)s4(83)s(89)s(96)s(103)-s(110)-------s(113)-------------(100)--------s(101)-(100)----------------s(93)----s(99)--------s(98)-------s(97)s(104)----(100)5-------------------------------------s(72)s(81)-----------ss(91)---------------s(86)----------------------------6---s(65)-------------------------s(50)----------s(51)-----------------7----------------------------------
product criterion:506 chain criterion:331
std with hilb in (ZZ/179424673),(x18,x17,x16,x15,x14,x13,x12,x11,x10,x9,x8,x7,x6,x5,x4,x3,x2,x1,@),(lp(18),dp(1),C)
[65535:5]2(47)s(46)s(45)s(44)s(43)s(42)s(41)s(40)ss(42)ss(41)s(42)s(44)s3(47)s(50)s(55)s(60)s(61)s(63)s(67)s(70)s(74)s(80)s(85)-s(92)s(99)shhhhhhhhhhhhhhh4(89)s(95)s(102)s(109)-s(116)----------s(115)---------------(100)---------------s(95)s(104)-s(109)s(118)s(129)-s(134)-----shhhhhhhhhhhhhhhhhhhhhh5(114)--------------(100)---s(109)s(119)---s(126)s(137)-------------------------------------(100)--shhhhhhhhhhhhhhhhhhhhhhhhhhhhhhhhhhhhhhhhhhh6(66)--s(74)s(84)shhhhhhhhhhhhhhhhhhhhhhhhhhhhhhhhhhhhhhhhhhhhhhhhhhhhhhhhhhhhhhhhhhhhhhhhhhhhhhhhhhhhhhhhhhhhhhhh
product criterion:459 chain criterion:337
hilbert series criterion:176
dehomogenization
simplification
imap to ring (ZZ/179424673),(x18,x17,x16,x15,x14,x13,x12,x11,x10,x9,x8,x7,x6,x5,x4,x3,x2,x1),(lp(18),C)
Auf Wiedersehen.
                     SINGULAR                                 /  Development
 A Computer Algebra System for Polynomial Computations       /   version 4.3.2
                                                           0<
 by: W. Decker, G.-M. Greuel, G. Pfister, H. Schoenemann     \   Feb 2023
FB Mathematik der Universitaet, D-67653 Kaiserslautern        \  Debian 1:4.3.2-p10+ds-1.1build1
// ** loaded /usr/bin/../share/singular/LIB/primdec.lib (4.3.2.9,Oct_2023)
// ** loaded /usr/bin/../share/singular/LIB/ring.lib (4.3.1.3,Feb_2023)
// ** loaded /usr/bin/../share/singular/LIB/absfact.lib (4.1.2.0,Feb_2019)
// ** loaded /usr/bin/../share/singular/LIB/triang.lib (4.1.2.0,Feb_2019)
// ** loaded /usr/bin/../share/singular/LIB/matrix.lib (4.3.2.3,Aug_2023)
// ** loaded /usr/bin/../share/singular/LIB/nctools.lib (4.1.2.0,Feb_2019)
// ** loaded /usr/bin/../share/singular/LIB/inout.lib (4.1.2.0,Feb_2019)
// ** loaded /usr/bin/../share/singular/LIB/random.lib (4.1.2.0,Feb_2019)
// ** loaded /usr/bin/../share/singular/LIB/polylib.lib (4.2.0.0,Dec_2020)
// ** loaded /usr/bin/../share/singular/LIB/elim.lib (4.3.2.5,Jul_2023)
// ** loaded /usr/bin/../share/singular/LIB/general.lib (4.1.2.0,Feb_2019)
map with cache
map with cache
map with cache
map with cache
map with cache
map with cache
map with cache
map with cache
map with cache
std in (ZZ/179424673),(x18,x17,x16,x15,x14,x13,x12,x11,x10,x9,x8,x7,x6,x5,x4,x3,x2,x1),(dp(18),C)
[65535:6]1(15)s(14)s(13)s(12)s(11)s(10)s(9)s(8)s(7)s2(6)s(5)s(4)s(3)s(2)s3s(3)s(4)4----
(S:15)---------------
product criterion:112 chain criterion:3
1(15)s(14)s(13)s(12)s(11)s(10)s(9)s(8)s(7)s2(6)s(5)s(4)s(3)s(2)s3s(3)s(4)4----
(S:15)---------------
product criterion:112 chain criterion:3
map is a permutation
[65535:6]1(16)s(15)s(14)s(13)s(12)s(11)s(10)s(9)s(8)s(7)s2(6)s(5)s(4)s(3)s(2)s3s(3)s(4)4----
product criterion:128 chain criterion:3
[65535:6]1(15)s(14)s(13)s(12)s(11)s(10)s(9)s(8)s(7)s2(6)s(5)s(4)s(3)s(2)s3s(3)s(4)4----
product criterion:112 chain criterion:3
{1}[65535:8]1(15)s(14)s(13)s(12)s(11)s(10)s(9)s(8)s(7)s2(6)s(14)s(23)s(33)s(44)s3(56)----------------------------------------s(29)------s4(37)---------------------------------5----
product criterion:0 chain criterion:0
(S:16)rrrrrrrrrrrrrrrr
[65535:6]1(15)s(14)s(13)s(12)s(11)s(10)s(9)s(8)s(7)s2(6)s(5)s(4)s(3)s(2)s3s(3)s(4)4----
product criterion:112 chain criterion:3
compute hilbert series with std in ring (ZZ/179424673),(x18,x17,x16,x15,x14,x13,x12,x11,x10,x9,x8,x7,x6,x5,x4,x3,x2,x1,@),(dp(19),C)
weights used for hilbert series: 1,1,1,1,1,1,1,1,1,1,1,1,1,1,1,1,1,1,1
[65535:5]1(15)s(14)s(13)s(12)s(11)s(10)s(9)s(8)s(7)s2(6)s(5)s(4)s(3)s(2)s3s(3)s(4)4----
(S:15)---------------
product criterion:112 chain criterion:3
std with hilb in (ZZ/179424673),(x18,x17,x16,x15,x14,x13,x12,x11,x10,x9,x8,x7,x6,x5,x4,x3,x2,x1,@),(C,lp(18),dp(1))
[65535:5]1(15)s(14)s(13)s(12)s(11)s(10)s(9)s(8)s(7)s2(6)s(5)s(4)s(3)ss3(2)s(3)shhhhh
(S:15)---------------
product criterion:112 chain criterion:3
hilbert series criterion:5
dehomogenization
simplification
imap to ring (ZZ/179424673),(x18,x17,x16,x15,x14,x13,x12,x11,x10,x9,x8,x7,x6,x5,x4,x3,x2,x1),(C,lp(18))
//interreduction
[65535:5]1(15)s(14)s(13)s(12)s3(11)s2(10)s1(9)s2(8)s3(7)s1(6)s(5)s(4)s2(3)s(2)ss1s
(S:15)---------------

map is a permutation
std in (ZZ/179424673),(x17,x16,x12,x10,x9,x8,x7,x3,x1),(C,dp(9))
[1048575:4]2(6)s(5)s(4)s(3)s(2)s3s(3)s(4)4----
product criterion:13 chain criterion:3
map is a permutation
compute hilbert series with std in ring (ZZ/179424673),(x9,x8,x7,x3,x1,x17,x16,x12,x10,@),(dp(10),C)
weights used for hilbert series: 1,1,1,1,1,1,1,1,1,1
[65535:3]2(6)s(5)s(4)s(3)s(2)s3s(3)-s4---
(S:6)------
product criterion:13 chain criterion:3
std with hilb in (ZZ/179424673),(x9,x8,x7,x3,x1,x17,x16,x12,x10,@),(lp(9),dp(1),C)
[65535:3]2(6)s(5)s(4)s(3)s(2)s3s(3)-shhhh
(S:6)------
product criterion:13 chain criterion:3
hilbert series criterion:4
dehomogenization
simplification
imap to ring (ZZ/179424673),(x9,x8,x7,x3,x1,x17,x16,x12,x10),(lp(9),C)
//interreduction
[1048575:3]2(6)s(5)s(4)s(3)s(2)s3ss
(S:6)------

map is a permutation
[1048575:2]1(4)s(3)s(2)sss
(S:4)----

[1048575:2]1(4)s(3)s(2)sss
(S:4)----

[1048575:2]1(4)s(3)s(2)sss
(S:4)----

(S:1)[1048575:2]1(4)s(3)s(2)sss

[1048575:2]1(4)s(3)s(2)sss

[1048575:4]2(4)s(3)s(2)sss3s4s5--
product criterion:13 chain criterion:3
{1}[1048575:6]6(6)s(11)s(15)s(20)s(24)s7(30)s(29)s(34)-s(38)s(44)s(51)-s(54)s(58)s(62)-s(66)s(71)ss(72)s(78)-------s(73)---s8--s(75)----------s(74)s(83)----s(84)-s(88)------s(86)s(90)----------------------------9-------------------s(52)--------------10--------------------------11----------12--
product criterion:0 chain criterion:91
[1048575:3]2(6)s(5)s(4)s(3)ss3(2)s(3)s(4)4----
product criterion:13 chain criterion:3
{1}[1048575:6]6(6)s(11)s(15)s(20)s(24)s7(30)s(29)s(34)-s(38)s(44)s(51)-s(54)s(58)s(62)-s(66)s(71)ss(72)s(78)-------s(73)---s8--s(75)----------s(74)s(83)----s(84)-s(88)------s(86)s(90)----------------------------9-------------------s(52)--------------10--------------------------11----------12--
product criterion:0 chain criterion:91
intersect by elimination method
[65535:5]1(7)s3(6)s(5)s(4)s(3)s(2)s4s(3)s(4)5----
product criterion:20 chain criterion:3
intersect by elimination method
[65535:5]1(7)s3(6)s(5)s(4)s(3)s(2)s4s(3)s(4)5----
product criterion:20 chain criterion:3
[1048575:4]
product criterion:7 chain criterion:0
intersect by elimination method
[65535:7]1(16)s2(15)s(14)s(13)s(12)s(11)s(10)s(9)s(8)s(7)s3(6)s(5)s(4)s(3)s(2)s4s(3)s(4)5----
product criterion:128 chain criterion:3
map is a permutation
[65535:6]1(16)s(15)s(14)s(13)s(12)s(11)s(10)s(9)s(8)s2(7)s(6)----3--.5
product criterion:45 chain criterion:0
map is a permutation
[65535:6]1(16)s(15)s(14)s(13)s(12)s(11)s(10)s(9)s(8)s2(7)s(6)----3--.5
product criterion:45 chain criterion:0
map is a permutation
[65535:6]1(16)s(15)s(14)s(13)s(12)s(11)s(10)s(9)s(8)s2(7)s(6)----3--.5
product criterion:45 chain criterion:0
map is a permutation
[65535:6]1(16)s(15)s(14)s(13)s(12)s(11)s(10)s(9)s(8)s2(7)s(6)----3--.5
product criterion:45 chain criterion:0
map is a permutation
[65535:6]1(16)s(15)s(14)s(13)s(12)s(11)s(10)s(9)s(8)s2(7)s(6)----3--.5
product criterion:45 chain criterion:0
map is a permutation
[65535:6]1(16)s(15)s(14)s(13)s(12)s(11)s(10)s(9)s(8)s2(7)s(6)----3--.5
product criterion:45 chain criterion:0
map is a permutation
[65535:6]1(16)s(15)s(14)s(13)s(12)s(11)s(10)s(9)s(8)s2(7)s(6)----3--.5
product criterion:45 chain criterion:0
map is a permutation
[65535:6]1(16)s(15)s(14)s(13)s(12)s(11)s(10)s(9)s(8)s2(7)s(6)----3--.5
product criterion:45 chain criterion:0
map is a permutation
[65535:6]1(16)s(15)s(14)s(13)s(12)s(11)s(10)s(9)s(8)s2(7)s(6)----3--.5
product criterion:45 chain criterion:0
map is a permutation
[65535:6]1(16)s(15)s(14)s(13)s(12)s(11)s(10)s(9)s(8)s2(7)s(6)s(5)s(4)s(3)s3s-.6
product criterion:104 chain criterion:1
map is a permutation
[65535:6]1(16)s(15)s(14)s(13)s(12)s(11)s(10)s(9)s(8)s2(7)s(6)s(5)s(4)s(3)s3s-.6
product criterion:104 chain criterion:1
map is a permutation
[65535:6]1(16)s(15)s(14)s(13)s(12)s(11)s(10)s(9)s(8)s2(7)s(6)s(5)s(4)s(3)s3s-.6
product criterion:104 chain criterion:1
map is a permutation
[65535:6]1(16)s(15)s(14)s(13)s(12)s(11)s(10)s(9)s(8)s2(7)s(6)s(5)s(4)s(3)s3s-.6
product criterion:104 chain criterion:1
map is a permutation
[65535:6]1(16)s(15)s(14)s(13)s(12)s(11)s(10)s(9)s(8)s2(7)s(6)s(5)s(4)s(3)s3s-.6
product criterion:104 chain criterion:1
map is a permutation
[65535:6]1(16)s(15)s(14)s(13)s(12)s(11)s(10)s(9)s(8)s2(7)s(6)s(5)s(4)s(3)s3s(4)s(5)4-----s
product criterion:128 chain criterion:3
map is a permutation
[65535:6]1(16)s(15)s(14)s(13)s(12)s(11)s(10)s(9)s(8)s2(7)s(6)s(5)s(4)s(3)s3s(4)s(5)4-----s
product criterion:128 chain criterion:3
// ** _ is no standard basis
Auf Wiedersehen.
  >> 0 regions (all trivial): expReg=1.2710000000000001s
  [sector total: 1.285s]
#Non-triv Sectors = 0

