
      +++  sector:  {1, 1, 1, 0, 1, 1, 0, 0, 0}  (1/1)  +++ 
                     SINGULAR                                 /  Development
 A Computer Algebra System for Polynomial Computations       /   version 4.3.2
                                                           0<
 by: W. Decker, G.-M. Greuel, G. Pfister, H. Schoenemann     \   Feb 2023
FB Mathematik der Universitaet, D-67653 Kaiserslautern        \  Debian 1:4.3.2-p10+ds-1.1build1
compute hilbert series with std in ring (ZZ/179424673),(x18,x17,x16,x15,x14,x13,x12,x11,x10,x9,x8,x7,x6,x5,x4,x3,x2,x1,@),(dp(19),C)
weights used for hilbert series: 1,1,1,1,1,1,1,1,1,1,1,1,1,1,1,1,1,1,1
[65535:5]2(18)s(17)s(16)s(15)s(14)ss(15)ss(17)s(16)s(15)s(14)s(13)s(16)s(20)s(22)s(23)s(25)s(28)s3(33)s(37)s(38)s(42)s(48)s(51)s(56)s(64)s(68)s(73)s(77)s(83)s(88)-s(97)s(108)-s(115)s(123)s(132)s(138)s(155)s(161)s(177)s(183)s(178)s(185)s(196)s(204)s(218)s(224)s(230)s(236)s(240)4------------------s(232)-s(241)------------------------------s(220)-s(228)----------------------------(200)-------------------------------------s(172)------s(178)s(187)----s(192)----s(196)-s(205)-----(200)-s(208)s(220)s(231)----s(241)s(252)--------------s(247)------------------s(236)s(245)s(252)---------------5-------------------------------------(200)-----------------------------------------s(172)-s(183)-----s(187)-s(199)--s(210)-s(222)-------------s---s(232)--------s(236)------------------------------s(215)---------------(200)---s(206)------(200)------s(204)----(200)--s(209)---------(200)------------------6-------s(184)------------------------------------------------s(148)-----------------------s(134)----------------------------------(100)--------------------------------------------------------------7--------------------------------------
product criterion:1629 chain criterion:1230
std with hilb in (ZZ/179424673),(x18,x17,x16,x15,x14,x13,x12,x11,x10,x9,x8,x7,x6,x5,x4,x3,x2,x1,@),(lp(18),dp(1),C)
[65535:5]2(84)s(83)ss(82)s(81)s(80)sss(79)s(78)s(77)ss(78)s(80)s(83)s(85)s(88)s(90)s(92)s3(97)s(100)s(105)s(110)s(113)s(115)s(118)s(123)s(127)s(132)s(136)s(143)s(153)s(161)-s(169)s(181)s(195)s(207)s(212)s(214)s(225)-s(222)s(234)s(243)s(247)s(253)s(264)s(271)s(283)shhhhhhhhhhhhhhhhhhhhhhhhhhhhhhhh4(257)----------s(260)---s(270)--s(282)-s(290)-------s(297)-------s(302)s(313)-s(324)s(336)s(347)----------s(346)-s(354)--------------------------------s(331)----s(337)-------------------s(325)-s(332)---------------s(326)--s(331)--------------s(326)--------------------------(300)---------------shhhhhhhhhhhhhhhhhhhhhhhh5(276)--------------s(275)s(288)-------------------------s(276)----------s(279)--s(287)--s(298)-s(308)----s(314)s(327)--------s(330)-s(338)s(350)-----------------------s(336)------------------------------------(300)----s(305)-----(300)-s(310)----------(300)-----s(306)s(318)------------------(300)-s(309)--shhhhhhhhhhhhhhhhhhhhhhhhhhhhhhhhhhhhhhhhhhhhhhhhhhhhhhhhhhhhhhhhhhhhhhhhh6(246)----s(257)-----------------s(253)-----------------------------------------------------(200)----------s(203)-s(215)------shhhhhhhhhhhhhhhhhhhhhhhhhhhhhhhhhhhhhhhhhhhhhhhhhhhhhhhhhhhhhhhhhhhhhhhhhhhhhhhhhhhhhhhhhhhhhhhhhhhhhhhhhhhhhhhhhhhhhhhhhhhhhhhhhhhhhhhhhhhhhhhhhhhhhhhhhhhhhhhhhhhhhhhhhhhhhhhhhhhhhhhhhhhhhhhhhhhhhhhhhhhhhhhhhhhhhhhhhhh
product criterion:1811 chain criterion:1584
hilbert series criterion:348
dehomogenization
simplification
imap to ring (ZZ/179424673),(x18,x17,x16,x15,x14,x13,x12,x11,x10,x9,x8,x7,x6,x5,x4,x3,x2,x1),(lp(18),C)
Auf Wiedersehen.
  >> 0 regions (all trivial): expReg=0.497s
  [sector total: 0.504s]
#Non-triv Sectors = 0

