
      +++  sector:  {0, 0, 1, 0, 1, 0, 1, 0, 0}  (1/1)  +++ 
                     SINGULAR                                 /  Development
 A Computer Algebra System for Polynomial Computations       /   version 4.3.2
                                                           0<
 by: W. Decker, G.-M. Greuel, G. Pfister, H. Schoenemann     \   Feb 2023
FB Mathematik der Universitaet, D-67653 Kaiserslautern        \  Debian 1:4.3.2-p10+ds-1.1build1
compute hilbert series with std in ring (ZZ/179424673),(x18,x17,x16,x15,x14,x13,x12,x11,x10,x9,x8,x7,x6,x5,x4,x3,x2,x1,@),(dp(19),C)
weights used for hilbert series: 1,1,1,1,1,1,1,1,1,1,1,1,1,1,1,1,1,1,1
[65535:5]2(18)s(17)s(16)s(15)s(14)s(13)s(12)s(11)s(10)s(9)s(10)s(12)s(13)s(16)s(21)s(22)s(26)s(29)s(34)s3(36)s(40)s(46)s(52)s(56)s(57)s(65)s(72)s(80)s(88)s(92)s(96)s(105)s(110)s(115)s(124)-s(133)s(141)s(151)s(161)s(167)s(176)-s(182)s(190)s(199)s(209)-s(215)s(223)s(234)-s(244)---4-----------------------------------s(217)-s(229)-----------------------------(200)---------------------------------------------s(167)s(177)s(189)-s(201)-(200)---s(206)s(213)-s(222)s(231)s(241)s(254)-s(261)s(268)----s(275)s(287)----s(291)s(298)-s(308)--s(317)s(327)------s(330)-s(342)s(355)--------s(362)----s(367)------------s(364)-------s(365)-----s(369)---------------------------5--------------------------------s(322)-s(335)-----------s(336)------------------------------------(300)---------------------------------------------------s(260)s(272)---s(278)-------s(283)---------------s(280)s(290)-s(301)-(300)--------s(305)-----(300)--------s(299)---------------------s(289)--s(296)----------------s(293)----------------------s(282)---s(289)--s(298)-s(308)s(315)s(327)-s(338)----------------s(333)s(343)--------------s(340)------s(344)----------s(345)------------6---------------------------------(300)----------------------------------------------------------------------------------------------------(200)-----------------------------------------------s(160)s(172)-----------s(171)-----------s(168)--------------------s(155)-s(164)--s(169)-s(177)---s(186)-------------------s(176)------------s(177)---s(181)--------------------------------------------------------7-------------------------(100)---------------------------------------------------------------------------s(33)--------------s(28)---------8-------------------
product criterion:2117 chain criterion:3569
std with hilb in (ZZ/179424673),(x18,x17,x16,x15,x14,x13,x12,x11,x10,x9,x8,x7,x6,x5,x4,x3,x2,x1,@),(lp(18),dp(1),C)
[65535:5]2(117)s(116)s(115)s(114)s(113)s(112)s(111)s(110)s(109)s(108)s(109)s(110)s(112)s(114)s(116)s(119)s(122)s(127)s(132)s3(135)s(140)s(144)s(152)s(153)s(158)s(166)s(168)s(175)s(182)s(190)s(197)s(206)s(216)s(219)-s(224)s(230)s(239)s(247)s(254)s(263)s(272)s(280)s(288)s(295)s(304)s(313)s(324)s(335)-shhhhhhhhhhhhhhhhhhhhhhhhhhhhhhhhhhh4(310)-------s(312)-s(322)s(335)s(345)-------s(346)s(357)--s(366)-s(377)s(389)s(398)-s(410)----s(418)---s(425)s(437)-s(449)s(460)-----s(463)--------s(464)-s(471)----s(476)-----------s(475)-s(486)----------s(485)--s(498)s(508)-s(517)-----------------(500)---------------------------------------------s(463)------------------------shhhhhhhhhhhhhhhhhhhhhhhhhhhhhhhhhhhhhhhhhhhhhhhhhhhhhhhhhhhhhhhhhhhhhhh5(378)-------s(385)----s(392)---s(404)s(414)-s(428)s(439)--s(451)--------------s(449)--s(462)s(474)-s(489)-s(504)--s(515)------s(521)-s(536)-----s(542)-------------s(539)-------s(543)-----s(549)-------------------------------------------------(500)-------------s(498)---------shhhhhhhhhhhhhhhhhhhhhhhhhhhhhhhhhhhhhhhhhhhhhhhhhhhhhhhhhhhhhhhhhhhhhhhhhhhhhhhhhhhhhhhhhhhhhhhhhhhhhhhhhhhhhhhhhhhhhhhhhhhhhhhhhhhhhhhhhhhhhhhhhhhhhhhhhhhhhhhhhhhhhhhhhhhhhhhhhhhhhhhh6(317)-----------------(300)---s(308)s(320)s(332)-------------s(331)---s(338)------s(344)s(357)--------------------s(350)s(363)----------s(366)-----s(374)---------------------------------shhhhhhhhhhhhhhhhhhhhhhhhhhhhhhhhhhhhhhhhhhhhhhhhhhhhhhhhhhhhhhhhhhhhhhhhhhhhhhhhhhhhhhhhhhhhhhhhhhhhhhhhhhhhhhhhhhhhhhhhhhhhhhhhhhhhhhhhhhhhhhhhhhhhhhhhhhhhhhhhhhhhhhhhhhhhhhhhhhhhhhhhhhhhhhhh7(162)------------------------------------------s(131)-------------------shhhhhhhhhhhhhhhhhhhhhhhhhhhhhhhhhhhhhhhhhhhhhhhhhhhhhhhhhhhhhhhhhhhhhhhhhhhhhhhhhhhhhhhhhhhhhhhhhhhhhhhhhhhhhhhhhhhhhhhhhhhhhh
product criterion:2020 chain criterion:3009
hilbert series criterion:608
dehomogenization
simplification
imap to ring (ZZ/179424673),(x18,x17,x16,x15,x14,x13,x12,x11,x10,x9,x8,x7,x6,x5,x4,x3,x2,x1),(lp(18),C)
Auf Wiedersehen.
  >> 0 regions (all trivial): expReg=0.59s
  [sector total: 0.601s]
#Non-triv Sectors = 0

