
      +++  sector:  {0, 0, 1, 0, 1, 0, 0, 0, 0}  (1/1)  +++ 
                     SINGULAR                                 /  Development
 A Computer Algebra System for Polynomial Computations       /   version 4.3.2
                                                           0<
 by: W. Decker, G.-M. Greuel, G. Pfister, H. Schoenemann     \   Feb 2023
FB Mathematik der Universitaet, D-67653 Kaiserslautern        \  Debian 1:4.3.2-p10+ds-1.1build1
compute hilbert series with std in ring (ZZ/179424673),(x18,x17,x16,x15,x14,x13,x12,x11,x10,x9,x8,x7,x6,x5,x4,x3,x2,x1,@),(dp(19),C)
weights used for hilbert series: 1,1,1,1,1,1,1,1,1,1,1,1,1,1,1,1,1,1,1
[65535:5]2(18)s(17)s(16)s(15)s(14)ss(15)s(14)s(15)s(14)s(13)s(14)s(17)s(16)s(15)ss(18)s(21)s(26)3----s(24)s(26)-----s(25)-s(31)----s(29)s(30)------4---------------s(13)-------5------
product criterion:198 chain criterion:13
std with hilb in (ZZ/179424673),(x18,x17,x16,x15,x14,x13,x12,x11,x10,x9,x8,x7,x6,x5,x4,x3,x2,x1,@),(lp(18),dp(1),C)
[65535:5]2(24)s(23)s(22)s(21)s(20)s(19)sss(18)s(17)ss(16)s(17)s(20)s(19)ss(23)s(27)s3(32)-s(36)s(42)s(45)s(56)-s(59)shhhhhhhhhhhhhhhhhhhhhhhh4(42)--------shhhhhhhhhhhhhhhhhhhhhhhhhhhhhhhhhhhhhhhhhhh
product criterion:198 chain criterion:13
hilbert series criterion:67
dehomogenization
simplification
imap to ring (ZZ/179424673),(x18,x17,x16,x15,x14,x13,x12,x11,x10,x9,x8,x7,x6,x5,x4,x3,x2,x1),(lp(18),C)
Auf Wiedersehen.
  >> 0 regions (all trivial): expReg=0.586s
  [sector total: 0.596s]
#Non-triv Sectors = 0

