
      +++  sector:  {0, 1, 0, 1, 0, 0, 1, 0, 0}  (1/1)  +++ 
                     SINGULAR                                 /  Development
 A Computer Algebra System for Polynomial Computations       /   version 4.3.2
                                                           0<
 by: W. Decker, G.-M. Greuel, G. Pfister, H. Schoenemann     \   Feb 2023
FB Mathematik der Universitaet, D-67653 Kaiserslautern        \  Debian 1:4.3.2-p10+ds-1.1build1
compute hilbert series with std in ring (ZZ/179424673),(x18,x17,x16,x15,x14,x13,x12,x11,x10,x9,x8,x7,x6,x5,x4,x3,x2,x1,@),(dp(19),C)
weights used for hilbert series: 1,1,1,1,1,1,1,1,1,1,1,1,1,1,1,1,1,1,1
[65535:5]2(18)s(17)s(16)s(15)s(14)s(13)s(12)s(11)s(10)s(9)s(10)s(12)s(15)s(16)s(21)s(24)s(26)s(29)s(33)s3(35)s(40)s(46)s(50)s(56)s(61)s(64)s(73)s(76)s(80)-s(86)s(92)s(100)s(106)s(114)s(122)s(128)s(138)-s(146)s(156)s(166)s(174)s(182)-s(188)s(199)s(208)s(217)s(223)-s(231)---4----------------------------(200)s(212)--s(219)-------------------(200)-------------------------------------------------------s(155)-s(164)s(174)s(186)s(198)--s(209)---s(214)s(220)-s(230)s(240)-s(247)s(254)----s(259)s(271)s(281)s(290)--s(295)--s(302)-s(312)s(323)s(334)--s(341)--s(347)s(359)s(370)--s(380)--s(386)---s(395)------------s(396)------------s(393)------------------------------5-------------------------s(347)-s(354)---s(359)-----------------------------s(345)---------------------------------------------(300)s(311)s(319)s(331)s(340)s(349)---s(357)----s(361)--s(371)s(381)s(389)s(399)----------------s(394)---s(400)-s(410)----------(400)------------------------s(385)----s(388)--------------------s(378)--------------------------------------------------s(339)---------s(343)--s(353)-----s(356)--s(366)-----s(371)-------------------------------------------------------6----------------(300)-------------------------------------------s(266)-----------s(264)--------------------------------------------------s(222)----------------------(200)-----------------------------------------s(167)-s(179)-----------s(178)------------s(176)s(185)------s(192)--------------------------------------s(162)---------------------------s(142)---------------------------7---------------(100)----------------------------------------------------------------------------------------------------
product criterion:2054 chain criterion:3505
std with hilb in (ZZ/179424673),(x18,x17,x16,x15,x14,x13,x12,x11,x10,x9,x8,x7,x6,x5,x4,x3,x2,x1,@),(lp(18),dp(1),C)
[65535:5]2(116)s(115)s(114)s(113)s(112)s(111)s(110)s(109)s(108)s(107)s(108)s(110)s(112)s(113)s(117)s(120)s(124)s(128)s(130)s3(134)s(138)s(143)s(149)s(151)s(159)s(166)s(175)s(182)s(190)s(198)s(206)s(214)s(221)s(225)s(228)s(235)s(241)s(249)--s(254)s(262)s(270)s(280)----s(288)s(295)s(305)s(313)s(320)-s(331)shhhhhhhhhhhhhhhhhhhhhhhhhhhhh4(313)-----s(316)-s(326)-----s(331)s(341)-------s(346)s(356)s(366)s(378)s(389)--s(396)-s(404)s(415)---s(423)s(429)s(439)s(450)-s(461)s(474)s(486)s(498)s(509)-----s(511)---s(516)--s(522)----------------s(516)s(528)---s(534)s(544)-----------------------------s(528)--s(538)--------------------------------------(500)---------------------------------s(477)--shhhhhhhhhhhhhhhhhhhhhhhhhhhhhhhhhhhhhhhhhhhhhhhhhhhhhhhhhhhhhhhhhhhhhhhhh5(412)-------s(419)s(433)s(448)-s(458)-s(473)-s(487)s(498)s(509)---s(517)s(529)s(541)--------s(548)s(564)----------s(570)-s(582)-s(593)---s(606)----s(614)s(625)-s(637)s(649)---------------------s(639)-------------------s(632)--------------------------------(600)----------------------------------------------------------------------------------------------------(500)----------------------------------------------------------------------------------------------s(418)--------------shhhhhhhhhhhhhhhhhhhhhhhhhhhhhhhhhhhhh6(378)----------------------------s(364)------s(370)--------------------s(363)--------s(368)--s(379)s(392)s(405)s(418)----------------s(416)-s(430)--------------------------shhhhhhhhhhhhhhhhhhhhhhhhhhhhhhhhhhhhhhhhhhhhhhhhhhhhhhhhhhhhhhhhhhhhhhhhhhhhhhhhhhhhhhhhhhhhhhhhhhhhhhhhhhhhhhhhhhhhhhhhhhhhhhhhhhhhhhhhhhhhhhhhhhhhhhhhhhhhhhhhhhhhhhhhhhhhhhhhhhhhhhhhhhhhhhhhhhhhhhhhhhhhhhhhhhhhhhhhhhhhhhhhhhhhhhhhhhhhhhhhhhhhhhhhhhhhhhhhhhhhhhhhhhhhhhhhhhhhhhhhhhhhhhhhhhhhhhhhhhhhhhhhhhhhhhhhhhhhhhhhhhhhhhhhhhhhhhhhhhhhhhhhhhhhhhhhhhhhhhhhhhhhhhhhhhhhhhhhhhhhhhhhhhhhhhhhhhhhhhhhhhhhhhhhhhhhhhhhhh
product criterion:2120 chain criterion:3400
hilbert series criterion:557
dehomogenization
simplification
imap to ring (ZZ/179424673),(x18,x17,x16,x15,x14,x13,x12,x11,x10,x9,x8,x7,x6,x5,x4,x3,x2,x1),(lp(18),C)
Auf Wiedersehen.
  >> 0 regions (all trivial): expReg=0.558s
  [sector total: 0.5660000000000001s]
#Non-triv Sectors = 0

