
      +++  sector:  {1, 0, 1, 0, 1, 1, 1, 0, 0}  (1/1)  +++ 
                     SINGULAR                                 /  Development
 A Computer Algebra System for Polynomial Computations       /   version 4.3.2
                                                           0<
 by: W. Decker, G.-M. Greuel, G. Pfister, H. Schoenemann     \   Feb 2023
FB Mathematik der Universitaet, D-67653 Kaiserslautern        \  Debian 1:4.3.2-p10+ds-1.1build1
compute hilbert series with std in ring (ZZ/179424673),(x18,x17,x16,x15,x14,x13,x12,x11,x10,x9,x8,x7,x6,x5,x4,x3,x2,x1,@),(dp(19),C)
weights used for hilbert series: 1,1,1,1,1,1,1,1,1,1,1,1,1,1,1,1,1,1,1
[65535:5]2(18)s(17)s(16)s(15)s(14)s(13)s(12)s(11)s(10)s(9)s(10)s(12)s(13)s(16)s(20)s(22)s(23)s(26)s(29)s3(33)s(36)s(41)s(47)s(52)s(57)s(63)s(70)s(79)s(84)s(89)s(96)s(104)s(109)s(117)s(123)s(131)s(137)s(146)s(156)-s(162)s(172)s(177)s(185)s(191)s(198)s(205)s(211)s(221)s(230)s(236)s(244)s(253)s4(260)s(269)s(278)s(288)s(297)-s(306)-s(314)-----s(318)s(327)s(337)s(345)s(356)s(366)s(377)s(388)-------s(393)-s(405)--s(413)s(422)s(435)s(445)-s(454)s(466)s(479)s(483)-s(492)s(503)---(500)s(512)s(521)s(530)--s(538)s(548)-s(559)s(569)s(581)s(594)--s(607)s(619)s(630)--s(638)---s(646)s(655)s(665)s(675)--s(682)--s(690)s(702)-s(714)s(724)--s(734)s(742)s(755)s(770)s(778)--s(785)-----s(792)s(803)s(814)s(829)---------s(833)s(844)s(854)---s(860)s(869)s(879)s(889)s(902)--(900)-----s(906)s(914)----s(923)---------s(926)s(939)s(954)s(965)s(980)----s(992)s(1002)s(1014)s(1027)----s(1036)-s(1050)-s(1063)--------------s(1059)------------------------------s(1037)s(1046)------5-s(1051)s(1064)---s(1075)s(1088)--s(1101)-(1100)-----------------------------------------------------------s(1057)s(1071)-------------s(1075)s(1090)------------------------------------------------------s(1048)--s(1058)s(1071)---------s(1075)-----s(1084)-s(1098)s(1112)--s(1126)s(1139)-----------------------s(1133)-s(1147)-----------------------------------------------(1100)----------------------------------------------------------------------------------------------------(1000)----------------------------------------------------------------s(950)--s(962)-------------s(964)s(978)------------------------------------------------------------------------------(900)---s(912)------------(900)----------------------------------------------------------------------------------------------------(800)----------------------s(792)--s(802)--(800)--------------s(799)---------s(804)s(816)s(831)-s(841)s(857)--s(869)----------s(868)--------------s(865)------s(871)-------------------------------------s(847)---------------------------------------s(818)------------------(800)----s(810)s(823)--s(832)-------------s(831)-s(844)s(854)s(865)-s(875)---------s(878)------s(883)--s(892)---------s(893)------s(900)s(915)------------s-s(924)------------------------(900)--------s(902)--(900)s(911)-----------(900)---------s(903)---(900)-s(912)-----------ss(923)-s(933)---------------------------------(900)-------6---s(906)------(900)----------------------------------------------------------------------------------------------------(800)-------------------------------------------------------s(759)-----------------------------------------------------------(700)--------------s(701)-(700)-----------------------------------------------s(668)------------------------s(660)------------------------------------------------------------(600)------------------------------------------------------------s(554)------------s(556)----------------------------------------------------s(519)------------ss(533)s(546)------s(552)--------------------------------s(532)-------s(538)--------------s(535)s(550)-------s(557)-s(569)-s(583)---s(595)---------s(598)s(612)s(626)--------------------------(600)--------------------s(594)s(606)s(620)------------------s(614)--------------(600)-------------------------------------------------------s(557)----------s(562)----------s(567)s(582)--s(592)--------s(597)---------------s(594)-s(607)-------(600)----------s(603)--s(615)----------s(617)s(628)----------------------------(600)----------------------s(590)--7----------------------------------------------------------------------------------------(500)----------------------------------------------------------------------------------------------------(400)----------------------------------------------------------------------------------------------------(300)-------------------------------s(284)----------------s(281)--s(293)------s(300)s(314)-s(327)---------------------------(300)----------------------------s(285)----------------------------s(269)---------------------------------------------------------------------(200)------------------------------------------------------------------------------------8----------------(100)---------------------------------------------------------s(56)------------------------------------------9--------------
product criterion:8024 chain criterion:19487
std with hilb in (ZZ/179424673),(x18,x17,x16,x15,x14,x13,x12,x11,x10,x9,x8,x7,x6,x5,x4,x3,x2,x1,@),(lp(18),dp(1),C)
[65535:5]2(246)s(245)s(244)s(243)s(242)s(241)s(240)sssss(241)s(240)s(242)s(245)s(247)s(251)s(254)s(259)s3(261)s(266)s(271)s(273)s(279)s(284)s(287)s(292)s(298)s(301)s(309)s(316)s(324)s(332)s(337)s(341)s(349)s(357)s(364)s(373)s(382)s(388)s(396)s(407)s(415)s(426)-s(434)s(438)s(445)s(452)s(460)s(470)s(479)shhhhhhhhhhhhhhhhhhhhhhhhhhhhhhhhh4(454)s(461)s(470)s(480)s(489)s(498)s(508)s(517)s(527)s(537)s(547)s(558)-s(564)s(572)s(582)s(592)s(601)s(610)s(620)s(631)s(642)s(652)s(660)s(670)--s(679)s(687)s(696)s(705)-s(715)s(726)s(738)s(748)--s(758)s(767)-s(776)s(785)---s(791)---s(798)s(808)-s(818)s(825)s(835)-s(845)s(854)s(865)------s(872)--s(884)--s(895)s(904)s(914)s(926)-s(934)-s(944)-s(953)s(963)s(974)-s(982)s(996)s(1006)s(1023)s(1033)s(1045)-s(1054)s(1063)s(1074)---s(1080)---s(1086)s(1100)----s(1111)s(1122)s(1133)s(1145)s(1155)s(1167)-s(1174)--s(1185)s(1199)--s(1209)s(1222)-s(1231)s(1243)--s(1252)---s(1262)------s(1267)-----------s(1272)s(1289)-s(1301)s(1315)--s(1326)------------s(1322)----s(1334)--s(1342)--s(1350)----s(1360)--------s(1362)----------s(1366)-----s(1375)---------shhhhhhhhhhhhhhhhhhhhhhhhhhhhhhhhhhhhhhhhhhhhhhhhhhhhhhhhhhhhhhhhhhhhhhhhhhhhhhhhhhhhhhhhhhhhhhhhh5(1276)s(1288)--s(1298)s(1311)s(1325)--s(1336)-s(1348)s(1362)-s(1374)--s(1387)s(1402)s(1415)-s(1430)s(1446)s(1459)---s(1469)----s(1482)--s(1494)s(1509)-------s(1516)----------------(1500)-----------------s(1496)s(1510)--s(1525)-----------s(1526)-s(1539)-s(1549)----s(1560)-------------------------------s(1544)----------------------s(1537)s(1545)s(1555)s(1568)s(1578)s(1588)-------------------s(1582)s(1592)---s(1600)------------------------------------------s(1568)----------------------s(1558)s(1568)--------s(1569)--s(1577)---s(1585)--------s(1591)----s(1601)-(1600)--s(1609)----s(1620)s(1632)---------s(1634)-----------------s(1630)------------------------------(1600)-s(1612)-----s(1617)-------s(1623)--s(1635)-----------------------------------(1600)---s(1611)s(1621)-s(1631)-------------------------------(1600)----------------------------------s(1579)s(1590)-s(1604)s(1617)s(1626)s(1639)------------------------------------s(1618)---s(1625)-------------------------(1600)s(1614)--------------(1600)----------------------------------s(1578)s(1590)--------------s(1592)---------------------------s(1575)---s(1583)-------------------------------s(1563)-------------s(1562)--s(1571)------s(1577)s(1588)----------------------------------------------------------------------------------------(1500)------------------------------------------------------------------------s(1442)--------------s(1441)-------------------------s(1427)s(1439)---------------------------------------(1400)s(1413)-----s(1423)-----------------------(1400)---------------------------s(1385)-------s(1390)---------s(1397)--------shhhhhhhhhhhhhhhhhhhhhhhhhhhhhhhhhhhhhhhhhhhhhhhhhhhhhhhhhhhhhhhhhhhhhhhhhhhhhhhhhhhhhhhhhhhhhhhhhhhhhhhhhhhhhhhhhhhhhhhhhhhhhhhhhhhhhhhhhhhhhhhhhhhhhhhhhhhhhhhhhhhhhhh6(1235)s(1251)---------------------------------------------------(1200)----------s(1204)----(1200)---------------s-------s(1207)-------(1200)-----s(1211)---------s(1216)------s(1222)--------------s---s(1230)s(1244)------s(1251)-------s(1255)s(1269)---------------------------s(1257)s(1270)-----s(1279)--------------s(1277)s(1291)-s(1305)-----(1300)------s(1309)-s(1320)-s(1333)---------s(1339)-----------------s(1336)------------------------s(1327)---s(1335)----s(1344)-------------------s(1337)------------------s(1330)------------------------s(1320)--------------------(1300)----s(1307)-----s(1314)s(1326)------s(1332)--------------------------------(1300)---------------------------s(1288)----------------------------------------------------------------------------------------(1200)----------------------------------------------------------------------s(1145)---------------------------------------------(1100)---------------------------------------------------------------------------------s(1031)-s(1043)------------------------------s(1025)-------------------------(1000)----------------------------------------------------------------------------------------------------(900)-----------s--------s(904)----(900)------------------------------------------------------------------------------------------------s(815)-----s(822)----------------------(800)-------------------------------------------s(768)---shhhhhhhhhhhhhhhhhhhhhhhhhhhhhhhhhhhhhhhhhhhhhhhhhhhhhhhhhhhhhhhhhhhhhhhhhhhhhhhhhhhhhhhhhhhhhhhhhhhhhhhhhhhhhhhhhhhhhhhhhhhhh7(652)-----------------s(648)s(660)----s(670)-----s(678)------------------------------------------s(649)-----------------------s(640)---------s(645)---------------------------------shhhhhhhhhhhhhhhhhhhhhhhhhhhhhhhhhhhhhhhhhhhhhhhhhhhhhhhhhhhhhhhhhhhhhhhhhhhhhhhhhhhhhhhhhhhhhhhhhhhhhhhhhhhhhhhhhhhhhhhhhhhhhhhhhhhhhhhhhhhhhhhhhhhhhhhhhhhhhhhhhhhhhhhhhhhhhhhhhhhhhhhhhhhhhhhhhhhhhhhhhhhhhhhhhhhhhhhhhhhhhhhhhhhhhhhhhhhhhhhhhhhhhhhhhhhhhhhhhhhhhhhhhhhhhhhhhhhhhhhhhhhhhhhhhhhhhhhhhhhhhhhhhhhhhhhhhhhhhhhhhhhhhhhhhhhhhhhhhhhhhhhhhhhhhhhhhhhhhhhhhhhhhhhhhhhhhhhhhhhhhhhhhhhhhhhhhhhhhhhhhhhhhhhhhhhhhhhhhhhhhhhhhhhhhhhhhhhhhhhhhhhhhhhhhhhhhhhhhhhhhhhhhhhhhhhhhhhhhhhhhhhhhhhhhhhhhhhhhhhhhhhhhhhhhhh8(116)---shhhhhhhhhhhhhhhhhhhhhhhhhhhhhhhhhhhhhhhhhhhhhhhhhhhhhhhhhhhhhhhhhhhhhhhhhhhhhhhhhhhhhhhhhhhhhhhhhhhhhhhhhhhhhhhhhhhhhhhhhhhhhhh
product criterion:11628 chain criterion:26337
hilbert series criterion:1060
dehomogenization
simplification
imap to ring (ZZ/179424673),(x18,x17,x16,x15,x14,x13,x12,x11,x10,x9,x8,x7,x6,x5,x4,x3,x2,x1),(lp(18),C)
Auf Wiedersehen.
                     SINGULAR                                 /  Development
 A Computer Algebra System for Polynomial Computations       /   version 4.3.2
                                                           0<
 by: W. Decker, G.-M. Greuel, G. Pfister, H. Schoenemann     \   Feb 2023
FB Mathematik der Universitaet, D-67653 Kaiserslautern        \  Debian 1:4.3.2-p10+ds-1.1build1
// ** loaded /usr/bin/../share/singular/LIB/primdec.lib (4.3.2.9,Oct_2023)
// ** loaded /usr/bin/../share/singular/LIB/ring.lib (4.3.1.3,Feb_2023)
// ** loaded /usr/bin/../share/singular/LIB/absfact.lib (4.1.2.0,Feb_2019)
// ** loaded /usr/bin/../share/singular/LIB/triang.lib (4.1.2.0,Feb_2019)
// ** loaded /usr/bin/../share/singular/LIB/matrix.lib (4.3.2.3,Aug_2023)
// ** loaded /usr/bin/../share/singular/LIB/nctools.lib (4.1.2.0,Feb_2019)
// ** loaded /usr/bin/../share/singular/LIB/inout.lib (4.1.2.0,Feb_2019)
// ** loaded /usr/bin/../share/singular/LIB/random.lib (4.1.2.0,Feb_2019)
// ** loaded /usr/bin/../share/singular/LIB/polylib.lib (4.2.0.0,Dec_2020)
// ** loaded /usr/bin/../share/singular/LIB/elim.lib (4.3.2.5,Jul_2023)
// ** loaded /usr/bin/../share/singular/LIB/general.lib (4.1.2.0,Feb_2019)
map with cache
map with cache
map with cache
map with cache
map with cache
map with cache
map with cache
map with cache
map with cache
map with cache
map with cache
map with cache
map with cache
map with cache
map with cache
map with cache
map with cache
std in (ZZ/179424673),(x18,x17,x16,x15,x14,x13,x12,x11,x10,x9,x8,x7,x6,x5,x4,x3,x2,x1),(dp(18),C)
[65535:6]1(17)s(16)s(15)s(14)s(13)s(12)s(11)s(10)s(9)s(8)s(7)s(6)s(5)s(4)s(3)s(2)ss2s
(S:17)-----------------
product criterion:153 chain criterion:0
[65535:5]1(17)s(16)s(15)s(14)s(13)s(12)s(11)s(10)s(9)s(8)s(7)s(6)s(5)s(4)s(3)s(2)ss2s
(S:17)-----------------
product criterion:153 chain criterion:0
map is a permutation
[65535:6]1(18)s(17)s(16)s(15)s(14)s(13)s(12)s(11)s(10)s(9)s(8)s(7)s(6)s(5)s(4)s(3)s(2)ss2s
(S:18)------------------
product criterion:171 chain criterion:0
[65535:5]1(17)s(16)s(15)s(14)s(13)s(12)s(11)s(10)s(9)s(8)s(7)s(6)s(5)s(4)s(3)s(2)ss2s
(S:17)-----------------
product criterion:153 chain criterion:0
{1}[65535:7]1(17)s(16)s(15)s(14)s(13)s(12)s(11)s(10)s(9)s(8)s(7)s(6)s(5)s(4)s(3)s(2)ss2s3(16)----------------
(S:18)-------------------
product criterion:0 chain criterion:0
(S:18)rrrrrrrrrrrrrrrrrr
[65535:5]1(17)s(16)s(15)s(14)s(13)s(12)s(11)s(10)s(9)s(8)s(7)s(6)s(5)s(4)s(3)s(2)ss2s
(S:17)-----------------
product criterion:153 chain criterion:0
map is a permutation
intersect by elimination method
[65535:7]1(18)s2(17)s(16)s(15)s(14)s(13)s(12)s(11)s(10)s(9)s(8)s(7)s(6)s(5)s(4)s(3)s(2)ss3s
(S:18)------------------
product criterion:171 chain criterion:0
map is a permutation
[65535:6]1(18)s(17)s(16)s(15)s(14)s(13)s(12)s(11)s(10)s(9)s(8)s(7)s(6)s(5)s(4)s(3)s(2)s2s.4
(S:0)
product criterion:153 chain criterion:0
map is a permutation
[65535:6]1(18)s(17)s(16)s(15)s(14)s(13)s(12)s(11)s(10)s(9)s(8)s(7)s(6)s(5)s(4)s(3)s(2)s2s.4
(S:0)
product criterion:153 chain criterion:0
map is a permutation
[65535:6]1(18)s(17)s(16)s(15)s(14)s(13)s(12)s(11)s(10)s(9)s(8)s(7)s(6)s(5)s(4)s(3)s(2)s2s.4
(S:0)
product criterion:153 chain criterion:0
map is a permutation
[65535:6]1(18)s(17)s(16)s(15)s(14)s(13)s(12)s(11)s(10)s(9)s(8)s(7)s(6)s(5)s(4)s(3)s(2)s2s.4
(S:0)
product criterion:153 chain criterion:0
map is a permutation
[65535:6]1(18)s(17)s(16)s(15)s(14)s(13)s(12)s(11)s(10)s(9)s(8)s(7)s(6)s(5)s(4)s(3)s(2)s2s.4
(S:0)
product criterion:153 chain criterion:0
map is a permutation
[65535:6]1(18)s(17)s(16)s(15)s(14)s(13)s(12)s(11)s(10)s(9)s(8)s(7)s(6)s(5)s(4)s(3)s(2)s2s.4
(S:0)
product criterion:153 chain criterion:0
map is a permutation
[65535:6]1(18)s(17)s(16)s(15)s(14)s(13)s(12)s(11)s(10)s(9)s(8)s(7)s(6)s(5)s(4)s(3)s(2)s2s.4
(S:0)
product criterion:153 chain criterion:0
map is a permutation
[65535:6]1(18)s(17)s(16)s(15)s(14)s(13)s(12)s(11)s(10)s(9)s(8)s(7)s(6)s(5)s(4)s(3)s(2)s2s.4
(S:0)
product criterion:153 chain criterion:0
map is a permutation
[65535:6]1(18)s(17)s(16)s(15)s(14)s(13)s(12)s(11)s(10)s(9)s(8)s(7)s(6)s(5)s(4)s(3)s(2)s2s.4
(S:0)
product criterion:153 chain criterion:0
map is a permutation
[65535:6]1(18)s(17)s(16)s(15)s(14)s(13)s(12)s(11)s(10)s(9)s(8)s(7)s(6)s(5)s(4)s(3)s(2)s2s.4
(S:0)
product criterion:153 chain criterion:0
map is a permutation
[65535:6]1(18)s(17)s(16)s(15)s(14)s(13)s(12)s(11)s(10)s(9)s(8)s(7)s(6)s(5)s(4)s(3)s(2)s2s.4
(S:0)
product criterion:153 chain criterion:0
map is a permutation
[65535:6]1(18)s(17)s(16)s(15)s(14)s(13)s(12)s(11)s(10)s(9)s(8)s(7)s(6)s(5)s(4)s(3)s(2)s2s.4
(S:0)
product criterion:153 chain criterion:0
map is a permutation
[65535:6]1(18)s(17)s(16)s(15)s(14)s(13)s(12)s(11)s(10)s(9)s(8)s(7)s(6)s(5)s(4)s(3)s(2)s2s.4
(S:0)
product criterion:153 chain criterion:0
map is a permutation
[65535:6]1(18)s(17)s(16)s(15)s(14)s(13)s(12)s(11)s(10)s(9)s(8)s(7)s(6)s(5)s(4)s(3)s(2)s2s.4
(S:0)
product criterion:153 chain criterion:0
map is a permutation
[65535:6]1(18)s(17)s(16)s(15)s(14)s(13)s(12)s(11)s(10)s(9)s(8)s(7)s(6)s(5)s(4)s(3)s(2)s2s.4
(S:0)
product criterion:153 chain criterion:0
map is a permutation
[65535:6]1(18)s(17)s(16)s(15)s(14)s(13)s(12)s(11)s(10)s(9)s(8)s(7)s(6)s(5)s(4)s(3)s(2)s2s.4
(S:0)
product criterion:153 chain criterion:0
map is a permutation
[65535:6]1(18)s(17)s(16)s(15)s(14)s(13)s(12)s(11)s(10)s(9)s(8)s(7)s(6)s(5)s(4)s(3)s(2)s2s.4
(S:0)
product criterion:153 chain criterion:0
map is a permutation
[65535:6]1(18)s(17)s(16)s(15)s(14)s(13)s(12)s(11)s(10)s(9)s(8)s(7)s(6)s(5)s(4)s(3)s(2)s2s3s
(S:0)
product criterion:171 chain criterion:0
[65535:5]1(17)s(16)s(15)s(14)s(13)s(12)s(11)s(10)s(9)s(8)s(7)s(6)s(5)s(4)s(3)s(2)ss2s
(S:17)-----------------
product criterion:153 chain criterion:0
// ** _ is no standard basis
Auf Wiedersehen.
                     SINGULAR                                 /  Development
 A Computer Algebra System for Polynomial Computations       /   version 4.3.2
                                                           0<
 by: W. Decker, G.-M. Greuel, G. Pfister, H. Schoenemann     \   Feb 2023
FB Mathematik der Universitaet, D-67653 Kaiserslautern        \  Debian 1:4.3.2-p10+ds-1.1build1
compute hilbert series with std in ring (ZZ/179424673),(x18,x17,x16,x15,x14,x13,x12,x11,x10,x9,x8,x7,x6,x5,x4,x3,x2,x1,@),(dp(19),C)
weights used for hilbert series: 1,1,1,1,1,1,1,1,1,1,1,1,1,1,1,1,1,1,1
[65535:5]1(17)s(16)s(15)s(14)s(13)s(12)s(11)s2(10)s(9)s(8)s3-ss(9)s(11)s(14)s(18)s(21)s(25)s4(27)s(31)---s(33)---s(36)--s(39)s(45)s(52)s(57)s(63)s(71)-s(78)s(83)s(92)s(100)s(103)s(107)s(111)s(116)s5(121)s(128)s(136)-s(144)-------------------------s(127)-s(135)------------------------s(120)--------------------(100)-----s(105)-----(100)--------------------------s(81)-s(88)----6------------------------------------------------------------------------------------
product criterion:382 chain criterion:374
std with hilb in (ZZ/179424673),(x18,x17,x16,x15,x14,x13,x12,x11,x10,x9,x8,x7,x6,x5,x4,x3,x2,x1,@),(lp(18),dp(1),C)
[65535:5]1(44)s(43)s(42)s(41)s(40)s(39)s(38)s2(37)s(36)s(35)s3-ss(37)s(40)s(44)s(49)s(55)s(62)s4(70)-----s(68)-s(71)-ss(73)s(76)s(80)s(85)s(87)s(90)s(94)s(99)s(105)s(110)s(113)s(117)s(122)s(128)s(135)s(141)s(147)s(151)s(156)s(162)s(169)s(177)s(184)s(191)s(198)s(202)-s(209)-s(217)s(226)s(234)s(242)shhhhhhhhhhhhhhhhhh5(232)-----------------------s(219)-------------------(200)-----------s(192)-s(195)-------------------------s(175)-----s(180)-s(183)-s(187)-----s(186)s(191)----s(192)s(197)----------------------s(184)-s(189)s(194)-s(199)------s(200)--------s(198)-----s(203)-s(208)-----s(211)--s(216)s(224)------s(225)--------s(222)-----s(223)-------s(225)--s(230)s(238)------s(240)--s(244)s(253)s(260)------shhhhhhhhhhhh6(249)-------------------------------------------------(200)----------------------------------------------------------------------------------------------------(100)------------------------------s(80)------------------s(70)s(79)----------------s(70)------------------shhhhhhhhhhhhhh7(46)-------------------------------------------shhh8(10)---------shhhhhhhhhhh
product criterion:1170 chain criterion:2520
hilbert series criterion:58
dehomogenization
simplification
imap to ring (ZZ/179424673),(x18,x17,x16,x15,x14,x13,x12,x11,x10,x9,x8,x7,x6,x5,x4,x3,x2,x1),(lp(18),C)
Auf Wiedersehen.
                     SINGULAR                                 /  Development
 A Computer Algebra System for Polynomial Computations       /   version 4.3.2
                                                           0<
 by: W. Decker, G.-M. Greuel, G. Pfister, H. Schoenemann     \   Feb 2023
FB Mathematik der Universitaet, D-67653 Kaiserslautern        \  Debian 1:4.3.2-p10+ds-1.1build1
// ** loaded /usr/bin/../share/singular/LIB/primdec.lib (4.3.2.9,Oct_2023)
// ** loaded /usr/bin/../share/singular/LIB/ring.lib (4.3.1.3,Feb_2023)
// ** loaded /usr/bin/../share/singular/LIB/absfact.lib (4.1.2.0,Feb_2019)
// ** loaded /usr/bin/../share/singular/LIB/triang.lib (4.1.2.0,Feb_2019)
// ** loaded /usr/bin/../share/singular/LIB/matrix.lib (4.3.2.3,Aug_2023)
// ** loaded /usr/bin/../share/singular/LIB/nctools.lib (4.1.2.0,Feb_2019)
// ** loaded /usr/bin/../share/singular/LIB/inout.lib (4.1.2.0,Feb_2019)
// ** loaded /usr/bin/../share/singular/LIB/random.lib (4.1.2.0,Feb_2019)
// ** loaded /usr/bin/../share/singular/LIB/polylib.lib (4.2.0.0,Dec_2020)
// ** loaded /usr/bin/../share/singular/LIB/elim.lib (4.3.2.5,Jul_2023)
// ** loaded /usr/bin/../share/singular/LIB/general.lib (4.1.2.0,Feb_2019)
[65535:5]1(17)s(16)s(15)s(14)s(13)s(12)s(11)s(10)s(9)s(8)s(7)s2(6)s(5)s3(4)s(3)s(2)sss
(S:17)-----------------
product criterion:153 chain criterion:0
// ** redefining j (int j = 2;)
rt
// ** redefining p (    poly p = reduce(kb[a]*kb[b], gb);)
rt
// ** redefining b (int b = 1;)
// ** redefining p (    poly p = reduce(kb[a]*kb[b], gb);)
rt
// ** redefining p (    poly p = reduce(kb[a]*kb[b], gb);)
rt
Auf Wiedersehen.

Set::write: Tag String in A[9] is Protected.

Set::setraw: Cannot assign to raw object 1.

Set::write: Tag Plus in 7391073 - 71362085 A[9] is Protected.

Set::write: Tag String in A[9] is Protected.

General::stop: Further output of Set::write will be suppressed during this calculation.

Set::setraw: Cannot assign to raw object 1.
  >> 1 region(s): expReg=2.48s  build=0.07100000000000001s
  [sector total: 2.559s]
#Non-triv Sectors = 1

