
      +++  sector:  {1, 1, 0, 0, 1, 0, 0, 0, 0}  (1/1)  +++ 
                     SINGULAR                                 /  Development
 A Computer Algebra System for Polynomial Computations       /   version 4.3.2
                                                           0<
 by: W. Decker, G.-M. Greuel, G. Pfister, H. Schoenemann     \   Feb 2023
FB Mathematik der Universitaet, D-67653 Kaiserslautern        \  Debian 1:4.3.2-p10+ds-1.1build1
compute hilbert series with std in ring (ZZ/179424673),(x18,x17,x16,x15,x14,x13,x12,x11,x10,x9,x8,x7,x6,x5,x4,x3,x2,x1,@),(dp(19),C)
weights used for hilbert series: 1,1,1,1,1,1,1,1,1,1,1,1,1,1,1,1,1,1,1
[65535:5]2(18)s(17)s(16)s(15)s(14)ss(15)s(14)s(15)s(14)s(13)s(12)s(13)s(16)sss(17)s(19)s(22)s3(27)---s(26)---s(28)s(29)s(34)s(44)s(54)-----s(53)---s(56)-s(61)---4-------s(52)-s(59)-------s(61)s(72)s(74)-----------------------s(59)s(66)------5------------------------s(45)----------s(44)-------s(46)s(54)----------6------s(41)s(52)------------s(50)---------------------7-----------------------------
product criterion:454 chain criterion:161
std with hilb in (ZZ/179424673),(x18,x17,x16,x15,x14,x13,x12,x11,x10,x9,x8,x7,x6,x5,x4,x3,x2,x1,@),(lp(18),dp(1),C)
[65535:5]2(41)s(40)s(39)s(38)s(37)s(36)s(35)s(34)s(33)s(32)s(33)s(32)s(33)s(36)s(35)ss(37)s(40)s(43)s3(48)-s(52)s(57)s(65)s(74)--s(78)------s(80)shhhhhhhhhhhhhhhhhhh4(66)---s(73)s(82)-s(91)------s(93)--s(99)-----s(102)--(100)-----shhhhhhhhhhhhhhhhhhh5(83)-------------------s(74)s(83)---s(89)-------s(91)---------------shhhhhhhhhhhhhhhhhhhhhhhhhh6(58)-s(68)---s(76)---------shhhhhhhhhhhhhhhhhhhhhhhhhhhhhhhhhhhhhhhh7(37)--------------------shhhhhhhhhhhhhhhhhhhhhhhhhhhh
product criterion:439 chain criterion:169
hilbert series criterion:132
dehomogenization
simplification
imap to ring (ZZ/179424673),(x18,x17,x16,x15,x14,x13,x12,x11,x10,x9,x8,x7,x6,x5,x4,x3,x2,x1),(lp(18),C)
Auf Wiedersehen.
  >> 0 regions (all trivial): expReg=0.65s
  [sector total: 0.66s]
#Non-triv Sectors = 0

