
      +++  sector:  {1, 1, 1, 0, 0, 0, 1, 0, 0}  (1/1)  +++ 
                     SINGULAR                                 /  Development
 A Computer Algebra System for Polynomial Computations       /   version 4.3.2
                                                           0<
 by: W. Decker, G.-M. Greuel, G. Pfister, H. Schoenemann     \   Feb 2023
FB Mathematik der Universitaet, D-67653 Kaiserslautern        \  Debian 1:4.3.2-p10+ds-1.1build1
compute hilbert series with std in ring (ZZ/179424673),(x18,x17,x16,x15,x14,x13,x12,x11,x10,x9,x8,x7,x6,x5,x4,x3,x2,x1,@),(dp(19),C)
weights used for hilbert series: 1,1,1,1,1,1,1,1,1,1,1,1,1,1,1,1,1,1,1
[65535:5]2(18)s(17)s(16)s(15)s(14)s(13)s(12)s(11)s(10)s(9)s(10)s(12)s(15)s(19)s(18)s(20)s(21)s(24)s(28)s3(32)s(35)s(41)s(47)s(56)s(63)s(72)-s(79)----------s(74)s(81)-s(86)s(89)-s(93)-s(98)s(101)s(107)s(113)s(119)-4----------------s(112)s(122)-s(131)-s(138)----s(142)----s(146)-------s(150)s(162)s(168)-s(176)s(184)-----s(189)s(199)s(210)---s(217)-----------------(200)--------------s(193)-----s(194)s(202)s(209)---------(200)------5---------------------------s(174)s(180)-----s(183)-s(187)s(193)---------s(194)----s(195)---------s(198)---------------------------------------s(164)----s(169)-----------------s(164)s(176)----------s(178)------------------------------s(157)s(165)-----------6---------------------------------------------s(118)------------------(100)--------------s(96)s(105)-----(100)-----------------s(92)------------------s(83)s(92)s(101)-(100)---------------------------7------------------------s(59)------------------------------------------------8-----------
product criterion:1138 chain criterion:1209
std with hilb in (ZZ/179424673),(x18,x17,x16,x15,x14,x13,x12,x11,x10,x9,x8,x7,x6,x5,x4,x3,x2,x1,@),(lp(18),dp(1),C)
[65535:5]2(77)s(76)s(75)ss(74)s(73)s(72)s(71)s(70)s(69)ss(71)s(70)s(71)s(72)s(75)s(77)s(80)s(84)s3(89)s(93)s(98)-s(104)s(112)s(118)--s(124)s(132)s(139)--s(146)-s(149)--s(152)--s(159)-s(163)-s(168)---shhhhhhhhhhhhhhhhhh4(152)---s(157)--s(163)s(172)-s(183)s(195)--s(206)s(217)s(226)s(233)--s(242)s(250)s(260)--------s(263)s(271)s(284)-----s(291)-----------------s(281)--s(287)--------s(286)-------------------shhhhhhhhhhhhhhhhhhhhhhhhhhhhhhhhhh5(240)---s(249)-s(261)s(273)---------s(277)-s(289)---s(299)---------s(300)s(311)--s(320)s(332)s(343)s(355)----s(360)---------------------------s(342)---s(348)---------s(351)---------------------------s(333)----------------------s(319)-------------------(300)---------------------shhhhhhhhhhhhhhhhhhhhhhhhhhhhhhhhhhhhh6(252)---------------------------------------s(225)-s(237)-----------------------------------s(216)----------------(200)----s(207)---s(213)-------------(200)-s(209)---s(215)-----s(219)-------------------(200)--------------shhhhhhhhhhhhhhhhhhhhhhhhhhhhhhhhhhhhhhhhhhhhhhhhhhhhhhhhhhhhhhhhhhhhhhhhhhhhhhhhhhhhhhh7(110)----------(100)--------------------------s(83)---------------------shhhhhhhhhhhhhhhhhhhhhhhhhhhhhhhhhhhhhhhhhhhhhhhhhhhhhhhhhhhhhhhhhhhhhhhh
product criterion:1235 chain criterion:1542
hilbert series criterion:248
dehomogenization
simplification
imap to ring (ZZ/179424673),(x18,x17,x16,x15,x14,x13,x12,x11,x10,x9,x8,x7,x6,x5,x4,x3,x2,x1),(lp(18),C)
Auf Wiedersehen.
  >> 0 regions (all trivial): expReg=0.53s
  [sector total: 0.539s]
#Non-triv Sectors = 0

