
      +++  sector:  {1, 0, 1, 0, 0, 0, 1, 0, 0}  (1/1)  +++ 
                     SINGULAR                                 /  Development
 A Computer Algebra System for Polynomial Computations       /   version 4.3.2
                                                           0<
 by: W. Decker, G.-M. Greuel, G. Pfister, H. Schoenemann     \   Feb 2023
FB Mathematik der Universitaet, D-67653 Kaiserslautern        \  Debian 1:4.3.2-p10+ds-1.1build1
compute hilbert series with std in ring (ZZ/179424673),(x18,x17,x16,x15,x14,x13,x12,x11,x10,x9,x8,x7,x6,x5,x4,x3,x2,x1,@),(dp(19),C)
weights used for hilbert series: 1,1,1,1,1,1,1,1,1,1,1,1,1,1,1,1,1,1,1
[65535:5]2(18)s(17)s(16)s(15)s(14)s(13)s(12)s(11)s(10)s(9)s(10)s(12)s(15)s(19)s(18)s(20)s(21)s(23)s(27)s3(32)s(36)---s(35)s(41)s(49)s(55)s(62)s(72)-s(79)----------s(75)s(77)--s(81)s(84)s(92)-s(98)-4----------------s(85)s(93)-s(97)----------s(90)------------s(82)s(90)-s(99)------s(102)s(112)------------(100)-----------------s(90)s(97)------5-------------------------------------------------------------------------s(28)s(38)--------------6-s(30)------s(35)--------------7------s(23)--------------8---------
product criterion:552 chain criterion:289
std with hilb in (ZZ/179424673),(x18,x17,x16,x15,x14,x13,x12,x11,x10,x9,x8,x7,x6,x5,x4,x3,x2,x1,@),(lp(18),dp(1),C)
[65535:5]2(48)s(47)s(46)ss(45)s(44)s(43)s(42)s(41)s(40)s(41)s(40)ss(42)s(43)s(45)s(48)s(51)s(55)s3(60)s(65)-s(69)s(74)s(81)-s(90)s(97)-s(104)-s(111)s(117)-s(123)-s(130)shhhhhhhhhhhhhhhhhhhhhhhhhhh4(112)--s(120)-----s(124)-s(132)---s(141)s(153)s(161)--s(166)-s(172)-----s(177)--s(182)--s(189)--s(197)---------------------------------------shhhhhhhhhhhhhhhhhhhhhhhhhh5(140)---------------------------s(123)shhhhhhhhhhhhhhhhhhhhhhhhhhhhhhhhhhhhhhhhhhhhhhhhhhhhhhhhhhhhhhhhhhhhhhhhhhhhhhhhhhhhhhhhhhhhhhhhhhhhhhhhhhh6(26)s(37)-shhhhhhhhhhhhhhhhhhhhhh7(25)-shhhhhhhhhhhhhhhhhhhhhhhhhhhhhhhhhhhhh
product criterion:538 chain criterion:320
hilbert series criterion:219
dehomogenization
simplification
imap to ring (ZZ/179424673),(x18,x17,x16,x15,x14,x13,x12,x11,x10,x9,x8,x7,x6,x5,x4,x3,x2,x1),(lp(18),C)
Auf Wiedersehen.
  >> 0 regions (all trivial): expReg=0.56s
  [sector total: 0.5690000000000001s]
#Non-triv Sectors = 0

