
      +++  sector:  {1, 1, 1, 1, 1, 0, 0, 0, 0}  (1/1)  +++ 
                     SINGULAR                                 /  Development
 A Computer Algebra System for Polynomial Computations       /   version 4.3.2
                                                           0<
 by: W. Decker, G.-M. Greuel, G. Pfister, H. Schoenemann     \   Feb 2023
FB Mathematik der Universitaet, D-67653 Kaiserslautern        \  Debian 1:4.3.2-p10+ds-1.1build1
compute hilbert series with std in ring (ZZ/179424673),(x18,x17,x16,x15,x14,x13,x12,x11,x10,x9,x8,x7,x6,x5,x4,x3,x2,x1,@),(dp(19),C)
weights used for hilbert series: 1,1,1,1,1,1,1,1,1,1,1,1,1,1,1,1,1,1,1
[65535:5]2(18)s(17)s(16)s(15)s(14)s(13)s(12)s(11)s(10)s(9)s(10)s(12)s(15)s(16)s(20)s(21)s(22)s(24)s(28)s3(33)s(37)s(38)s(42)s(48)s(55)s(61)s(64)s(67)s(76)s(87)-s(92)s(99)s(104)s(111)s(117)s(124)s(130)-s(139)s(154)s(161)s(167)s(173)s(176)s(184)s(195)s(202)s(217)s(223)s(229)s(235)s(239)4-------------------s(231)-s(241)----------------------------s(223)-s(232)--------------------------------(200)-------------------------------s(180)---s(185)-s(194)-s(202)--(200)s(212)----s(221)s(233)----s(237)----s(241)-s(251)------s(255)s(264)s(277)--s(283)--------ss(292)---s(298)s(307)s(316)----------------(300)--------------------5--------------------------------------------------------------------------------(200)--------------------s(188)-s(200)--s(208)--s(219)--s(229)--------s(234)s(243)s(254)---s(264)-s(276)------s(283)-s(294)------------s(289)-----s(295)--s(303)---(300)----s(305)-----(300)-----------------------------s(284)--s(291)-------s(294)-----s(296)--s(305)--s(313)-------s(318)-------s(319)------------------6-(300)----------------------------s(282)--------------------------------------------------------s(235)s(247)s(255)s(264)-------------------------------s(243)-------------------------------------------(200)----------------------------------------------------------------------------------------------------(100)---------------------------7------------------------------------------------------------------------8-
product criterion:1967 chain criterion:2324
std with hilb in (ZZ/179424673),(x18,x17,x16,x15,x14,x13,x12,x11,x10,x9,x8,x7,x6,x5,x4,x3,x2,x1,@),(lp(18),dp(1),C)
[65535:5]2(102)s(101)ss(100)s(99)s(98)s(97)sssss(98)ss(100)ss(102)s(105)s(108)s(110)s3(113)s(116)s(120)s(124)s(129)s(134)s(138)s(140)s(144)s(149)s(157)s(168)s(174)s(179)-s(186)s(196)s(207)s(222)s(234)s(239)s(241)s(250)-s(248)s(255)s(266)s(273)s(285)shhhhhhhhhhhhhhhhhhhhhhhhhhhhhhhh4(258)--------s(260)--s(271)---s(281)--s(293)-s(302)--(300)-s(310)-----s(319)-------s(325)s(338)s(347)s(360)----------s(359)--s(365)-------------------------s(348)---------------s(345)--------s(346)---s(352)s(361)------s(363)----------------s(356)s(365)---------------------------s(346)----------------shhhhhhhhhhhhhhhhhhhhhhhhhhh5(318)------------------(300)s(313)s(326)-s(335)---------------------s(327)------------s(328)------s(336)s(349)s(362)---s(371)s(380)-s(391)s(402)-s(411)----------s(412)-----s(418)s(430)-s(440)-------s(446)s(456)----s(462)-------------------------------------------s(428)----------------------------(400)------------------------------s(380)s(391)-------------------------------shhhhhhhhhhhhhhhhhhhhhhhhhhhhhhhhhhhhhhhhhhhhhhhhhh6(320)--s(333)s(346)---s(355)--------------s(354)------------------------------------------------------(300)--------------s-------------------------------------------------------s(255)--------------------------------------------shhhhhhhhhhhhhhhhhhhhhhhhhhhhhhhhhhhhhhhhhhhhhhhhhhhhhhhhhhhhhhhhhhhhhhhhhhhhhhhhhhhhhhhhhhhhhhhhhhhhhhhhhhhhhhhhhhhhhhhhhhhhhhhhhhhhhhhhhhhhhhhhhhhhhhhhhhhhhhhhhhhhhhhhhhhhhhhhhhhhhhhhhhhhhhhhhhhhhhhhhhhhhhhhhhhhhhhhhhhhhhhh
product criterion:1768 chain criterion:2282
hilbert series criterion:333
dehomogenization
simplification
imap to ring (ZZ/179424673),(x18,x17,x16,x15,x14,x13,x12,x11,x10,x9,x8,x7,x6,x5,x4,x3,x2,x1),(lp(18),C)
Auf Wiedersehen.
  >> 0 regions (all trivial): expReg=0.522s
  [sector total: 0.53s]
#Non-triv Sectors = 0

