
      +++  sector:  {1, 0, 1, 1, 1, 0, 0, 0, 0}  (1/1)  +++ 
                     SINGULAR                                 /  Development
 A Computer Algebra System for Polynomial Computations       /   version 4.3.2
                                                           0<
 by: W. Decker, G.-M. Greuel, G. Pfister, H. Schoenemann     \   Feb 2023
FB Mathematik der Universitaet, D-67653 Kaiserslautern        \  Debian 1:4.3.2-p10+ds-1.1build1
compute hilbert series with std in ring (ZZ/179424673),(x18,x17,x16,x15,x14,x13,x12,x11,x10,x9,x8,x7,x6,x5,x4,x3,x2,x1,@),(dp(19),C)
weights used for hilbert series: 1,1,1,1,1,1,1,1,1,1,1,1,1,1,1,1,1,1,1
[65535:5]2(18)s(17)s(16)s(15)s(14)s(13)s(12)s(11)s(10)s(9)s(10)s(12)s(15)s(16)s(20)s(21)s(22)s(24)s(28)s3(33)s(37)s(38)s(44)s(49)s(52)s(56)s(61)s(68)s(76)s(84)s(90)s(96)s(108)s(119)-s(124)s(131)s(139)s(148)s(154)s(164)s(173)-s(181)s(189)-s(201)s(207)s(224)s(230)-s(236)s(239)4---------------------------------------(200)------------------------s(186)-------------------------------------------------------------------s(129)---s(134)-s(143)-s(150)--s(159)s(170)------------------s(160)s(167)s(179)----------s(178)s(187)-----s(191)------------------------5--------------------------------s(145)---------------------------------------------(100)s(112)------------(100)-----------s(99)-----------------------------------------------------6----------------------------------------------
product criterion:1010 chain criterion:535
std with hilb in (ZZ/179424673),(x18,x17,x16,x15,x14,x13,x12,x11,x10,x9,x8,x7,x6,x5,x4,x3,x2,x1,@),(lp(18),dp(1),C)
[65535:5]2(63)s(62)ss(61)s(60)s(59)s(58)sss(59)s(58)s(59)s(62)s(64)ss(66)ss(68)s(71)s3(74)s(78)s(82)s(86)s(92)s(97)s(104)s(111)s(116)s(124)s(136)s(139)s(144)s(149)s(156)s(162)-s(172)-s(179)s(186)s(201)s(211)s(215)s(226)s(239)s(256)shhhhhhhhhhhhhhhhhhhhhhhhhhhhhhhh4(230)-----------s(229)-----s(238)--------------------s(228)--------------s(221)s(234)-s(245)s(257)-s(265)-------s(267)s(276)----------s----------------------------------------------------------------------------(200)-----shhhhhhhhhhhhhhhhhhhhhhhhhhhhhhhhhhhhh5(167)---------------s(164)s(179)-------------------shhhhhhhhhhhhhhhhhhhhhhhhhhhhhhhhhhhhhhhhhhhhhhhhhhhhhhhhhhhhhhhhhhhhhhhhhhhhhhhhhhhhhhhhhhhhhhhhhhhhhhhhhhhhhhhhhhhhhhhhhhhhhhhhhhhhhhhhhhhhhhhhhhhhhhhhhhhhhhhhhhhhhhhhhhhhh
product criterion:824 chain criterion:463
hilbert series criterion:242
dehomogenization
simplification
imap to ring (ZZ/179424673),(x18,x17,x16,x15,x14,x13,x12,x11,x10,x9,x8,x7,x6,x5,x4,x3,x2,x1),(lp(18),C)
Auf Wiedersehen.
  >> 0 regions (all trivial): expReg=0.483s
  [sector total: 0.491s]
#Non-triv Sectors = 0

