
      +++  sector:  {0, 0, 0, 1, 1, 1, 1, 0, 0}  (1/1)  +++ 
                     SINGULAR                                 /  Development
 A Computer Algebra System for Polynomial Computations       /   version 4.3.2
                                                           0<
 by: W. Decker, G.-M. Greuel, G. Pfister, H. Schoenemann     \   Feb 2023
FB Mathematik der Universitaet, D-67653 Kaiserslautern        \  Debian 1:4.3.2-p10+ds-1.1build1
compute hilbert series with std in ring (ZZ/179424673),(x18,x17,x16,x15,x14,x13,x12,x11,x10,x9,x8,x7,x6,x5,x4,x3,x2,x1,@),(dp(19),C)
weights used for hilbert series: 1,1,1,1,1,1,1,1,1,1,1,1,1,1,1,1,1,1,1
[65535:5]2(18)s(17)s(16)s(15)s(14)s(13)s(12)s(11)s(10)s(9)s(10)s(12)s(15)s(19)s(18)s(20)s(22)s(25)s(26)s3(31)s(36)s(43)s(52)-s(57)s(64)s(72)----------s(68)-s(70)-s(75)s(82)s(87)s(93)s(96)-s(101)s(107)--s4(111)-----------(100)---s(99)---s(104)-s(109)s(119)s(126)----s(130)----s(134)------s(137)-s(144)s(149)s(157)----s(163)s(172)-----------s(170)s(178)-----s(182)----------------s(173)s(179)----------s(177)s(184)-----5-----------------------------------------s(146)------s(145)s(151)s(159)----s(163)----s(168)----------s(164)-------------------------------s(141)--------s(138)--------s(139)------s(141)s(149)--------------------s(139)-------------s(135)s(143)-----6--------------------------------------(100)------------s(95)-------------s(87)--s(89)-------s(92)-------------------------------------------------------------7-------------------------------
product criterion:1112 chain criterion:975
std with hilb in (ZZ/179424673),(x18,x17,x16,x15,x14,x13,x12,x11,x10,x9,x8,x7,x6,x5,x4,x3,x2,x1,@),(lp(18),dp(1),C)
[65535:5]2(73)s(72)s(71)s(70)s(69)s(68)ss(67)ss(66)s(65)s(64)s(65)s(66)s(69)s(71)s(74)s(77)s(80)s3(84)s(88)s(95)s(100)s(106)-s(115)-s(121)s(125)--s(130)s(135)-s(138)--s(145)------s(147)-s(152)-shhhhhhhhhhhhhhhhh4(140)--s(144)-s(154)s(163)s(172)-s(178)-s(188)--s(196)-s(203)---(200)---s(206)-s(217)---------s(219)---------s(221)-s(237)---s(245)--------s(244)---s(249)s(256)--s(261)--------------shhhhhhhhhhhhhhhhhhhhhhhhhhhhhhh5(224)-----s(231)---------s(235)-----s(243)-------------s(242)s(254)--s(262)--s(270)--------s(271)--------------s(269)s(277)---------------s(271)------------s(269)-------s(267)----------------s(260)---------------------------------------shhhhhhhhhhhhhhhhhhhhhhhhhhhhhhhhhhhhhhhh6(189)--------------------s(180)--------------------------------------------------------s(133)--s(142)-shhhhhhhhhhhhhhhhhhhhhhhhhhhhhhhhhhhhhhhhhhhhhhhhhhhhhhhhhhhhhhhhhhhhhhhhhhhhhhhhhhhhhhhhhhhhhhhhhhhhhhhhhhh7(45)--------------------s(34)---shhhhhhhhhhhhhhhhhhhhhhhhhhhhhhhhhhhhhhhhh
product criterion:1040 chain criterion:1024
hilbert series criterion:236
dehomogenization
simplification
imap to ring (ZZ/179424673),(x18,x17,x16,x15,x14,x13,x12,x11,x10,x9,x8,x7,x6,x5,x4,x3,x2,x1),(lp(18),C)
Auf Wiedersehen.
  >> 0 regions (all trivial): expReg=0.506s
  [sector total: 0.513s]
#Non-triv Sectors = 0

