
      +++  sector:  {1, 1, 1, 1, 1, 1, 1, 0, 0}  (1/1)  +++ 
                     SINGULAR                                 /  Development
 A Computer Algebra System for Polynomial Computations       /   version 4.3.2
                                                           0<
 by: W. Decker, G.-M. Greuel, G. Pfister, H. Schoenemann     \   Feb 2023
FB Mathematik der Universitaet, D-67653 Kaiserslautern        \  Debian 1:4.3.2-p10+ds-1.1build1
compute hilbert series with std in ring (ZZ/179424673),(x18,x17,x16,x15,x14,x13,x12,x11,x10,x9,x8,x7,x6,x5,x4,x3,x2,x1,@),(dp(19),C)
weights used for hilbert series: 1,1,1,1,1,1,1,1,1,1,1,1,1,1,1,1,1,1,1
[65535:5]2(18)s(17)s(16)s(15)s(14)s(13)s(12)s(11)s(10)s(9)s(10)s(12)s(15)s(16)s(20)s(21)s(22)s(24)s(28)s3(33)s(36)s(40)s(45)s(51)s(56)s(61)s(67)s(74)s(81)s(90)-s(97)s(103)s(108)s(115)s(122)s(127)s(133)s(141)s(147)s(154)s(162)s(168)s(181)s(189)s(204)s(217)s(225)s(232)s(239)s(243)s(249)s(256)s4(263)s(271)s(280)s(288)s(295)s(302)s(309)s(320)s(331)s(341)s(351)-s(362)s(379)s(388)s(397)s(407)s(422)-s(431)s(438)s(449)s(454)s(463)s(476)s(488)s(498)s(509)s(518)s(529)s(542)s(551)s(558)s(567)s(576)s(586)s(591)-s(597)s(606)s(616)s(626)s(635)s(645)s(652)s(662)s(670)s(681)--s(695)---s(703)s(711)s(721)s(733)----s(739)-s(751)s(761)s(771)s(781)s(795)----s(802)s(813)s(822)s(837)s(846)--s(860)s(869)-s(877)-----s(885)s(895)-------s(900)-s(909)---s(920)s(928)s(936)------------------s(929)s(941)s(949)s(961)s(969)s(980)s(991)-----s(997)------s(1002)s(1014)--s(1022)-----s(1026)s(1036)-s(1046)----s(1052)s(1061)---s(1068)s(1079)s(1089)---------------------------s(1072)s(1082)s(1092)------5-s(1097)s(1109)s(1118)s(1129)s(1143)s(1153)s(1164)s(1179)s(1192)s(1203)-s(1214)--s(1224)s(1244)s(1258)s(1270)s(1284)s(1295)s(1306)-s(1318)s(1330)-s(1341)s(1354)s(1364)-s(1376)s(1387)--s(1398)s(1412)s(1425)-s(1437)s(1447)s(1462)--s(1471)s(1481)----------s(1485)s(1499)s(1514)s(1525)s(1539)s(1550)s(1563)-s(1578)s(1591)s(1603)s(1616)--s(1627)----------------s(1626)s(1636)-s(1648)s(1661)-s(1674)---s(1684)s(1696)-s(1710)s(1721)s(1733)s(1745)-s(1758)s(1768)s(1784)s(1798)-----s(1806)-----s(1816)s(1831)s(1846)s(1859)s(1875)s(1891)s(1908)------s(1915)s(1928)-s(1941)---s(1952)-s(1965)s(1979)--s(1991)------s(1996)--s(2009)s(2024)s(2037)-----------------s(2033)s(2047)s(2062)--s(2076)-s(2090)------------s(2092)---------------------------------s(2072)s(2087)s(2100)----------------s(2098)s(2112)------s(2119)---s(2129)s(2143)s(2158)s(2172)s(2187)----------------s(2186)-s(2199)-------s(2207)---s(2219)s(2234)----------------s(2231)s(2246)--------------------s(2238)s(2250)s(2262)s(2276)s(2291)s(2305)s(2319)s(2333)s(2350)s(2365)--s(2377)--s(2391)s(2405)s(2419)s(2435)-----s(2445)----------------------------s(2432)s(2445)-s(2456)s(2467)s(2479)--------------s(2480)-----s(2487)s(2500)s(2511)s(2523)s(2535)-s(2546)s(2559)s(2570)s(2585)s(2598)---s(2608)--s(2619)--------s(2621)---------s(2625)-----------------s(2620)--------s(2625)---s(2635)----------s(2639)--------------------s(2632)-------s(2638)----------------s(2637)------------------------------s(2620)---s(2627)---------------------------(2600)--s(2608)----s(2617)-------------s(2620)--------------------(2600)----------------------------------s(2577)--s(2588)----s(2597)----------------------------------s(2576)-s(2587)--s(2599)s(2609)s(2620)---s(2632)s(2645)s(2655)s(2668)s(2681)----------s(2688)-------s(2692)s(2703)s(2715)---s(2725)---s(2737)--s(2747)----------------------s(2737)-------s(2743)---s(2751)-s(2765)s(2776)-----s(2782)-s(2793)---------s(2799)----------s(2800)--s(2810)----------(2800)-------------s(2802)s(2817)----s(2826)--------s(2830)s(2842)---------s(2848)s(2859)s(2874)-------s(2883)-s(2897)-s(2908)--------(2900)---s(2911)s(2925)s(2941)s(2957)s(2970)s(2985)-s(2998)s(3013)-s(3028)s(3041)s(3058)-s(3074)-s(3084)-------s(3089)------------------s(3083)-------s(3088)------------------6-s(3083)---s(3094)-s(3107)-s(3120)--------------------(3100)-----------s(3105)s(3120)-------------------s(3116)s(3131)s(3146)s(3161)s(3175)s(3190)s(3205)s(3221)--s(3234)s(3249)s(3264)s(3279)s(3294)------s(3303)s(3319)s(3335)s(3351)s(3367)s(3383)s(3399)s(3415)s(3431)s(3447)-s(3462)s(3478)s(3494)s(3510)s(3527)---s(3540)-s(3556)s(3573)s(3590)s(3605)-----(3600)---------------------------------------------------------------------------s(3542)------------------------------------------(3500)----------------------------------------------------------------------------------------------------(3400)----------------------------------------------------------------------------------------------------(3300)----------------------------------------------------------------------------------------------------(3200)----------------------------------------------------------------------------------------------------(3100)---------------------------------------------------------------------s(3048)s(3065)-----------------------------------------------------------------(3000)-----------------------------------------------------------s(2956)s(2972)s(2988)s(3003)---(3000)---s(3012)---s(3025)---------s(3030)s(3044)-----s(3054)-------s(3063)s(3077)s(3092)s(3107)s(3122)-s(3136)----s(3146)---s(3158)------------s(3161)----------------------------s(3148)-------s(3157)s(3173)---------------------s(3167)--s(3180)---s(3193)--------------s(3195)--s(3209)---------(3200)---------------s(3201)-(3200)--s(3214)---s(3227)s(3243)---------s(3251)--s(3265)-----s(3275)----s(3287)---------------------s(3282)------------------------------s(3268)s(3284)---s(3295)---s(3309)---------(3300)--------------------s(3297)-------------s(3301)-(3300)----------------------------------------------------------------------------------------------------(3200)-----------------------------------------------s(3170)-----------------s(3167)-------------------------------------------------------------------(3100)------------------------s(3092)----------------------------s(3079)------s(3089)-----------------------------------------------------------------------------------------(3000)----------------------------------------------------------------------------------------------------(2900)-------------------------------------------------------------------------------s(2837)-------------------------------------(2800)----------------------------------------------------------------------------------------------------(2700)----------------------------------------------------------------------------------------------------(2600)----------------------------------------------------------------------------------------------------(2500)------------------------------------------------------------------------------s(2438)s(2455)-------------------------------------------------------(2400)-------------------------------------------------s(2366)s(2383)-s(2394)s(2410)s(2421)s(2436)s(2452)s(2465)-s(2477)-----s(2487)-s(2499)-------------s-----s(2507)----s(2516)-s(2529)--s(2542)----s(2554)-----s(2562)---------------------s(2555)--s(2568)-s(2583)---------------------s(2575)--s(2589)--------------s(2591)s(2607)s(2617)---s(2625)-----s(2635)-s(2649)-s(2661)s(2676)-----------------s(2672)s(2686)s(2703)---(2700)------s(2709)---------(2700)--s(2714)s(2727)---------------------------(2700)------s(2710)----s(2717)----s(2729)s(2742)---------------s(2739)----------------------s(2730)-s(2742)-------s(2746)-------------s(2747)-----------------------------------------------(2700)-----s(2708)--s(2718)------------------(2700)---------------s(2698)--------------------------------------------------------------------------------------------------(2600)-----------------------------------s(2579)s(2592)------------s(2593)-----------------------------------s(2571)------s(2577)----s(2587)-------s(2596)-------s(2603)---(2600)--s(2612)---s(2625)--s(2636)--s(2650)-s(2661)s(2674)-s(2687)---s(2697)------s(2704)--s(2717)---s(2727)--s(2741)--s(2753)----------s(2755)-------------------------------------------------------(2700)----------------------------------------------------------------------------------------------------(2600)------------7-s(2602)s(2618)s(2634)----------------------------------(2600)----------------------------------------------------------------------------------------------------(2500)----------------------------------------------------------------------------------------------------(2400)----------------------------------------------------------------------------------------------------(2300)----------------------------------------------------------------------------------------------------(2200)----------------------------------------------------------------------------------------------------(2100)----------------------------------------------------------------------------------------------------(2000)----------------------------------------------------------------------------------------------------(1900)----------------------------------------------------------------------------------------------------(1800)----------------------------------------------------------------------------------------------------(1700)----------------------------------------------------------------------------------------------------(1600)-----------------------------------------------------------------------------------------------s(1520)--------------------(1500)----------------------------------------------------------------------------------------------------(1400)------------------------------------------------s(1368)--------------------------------------------------------------------(1300)----------------------------------------------------------------------------------------------------(1200)----------------------------------------------------------------------------------------------------(1100)----------------------------------------------------------------------------------------------------(1000)-------------------------------------------------------------------s(948)------------------------------------------------(900)----------------------------------------------------------------------------------------------------(800)----------------------------------------------------------------s(750)-s(762)-------------------------s(751)---------s(756)--------------------------------------------------------(700)----------------------------------------------------------------------------------------------------(600)-----------------s(595)------------------------------------s(572)---------------s(570)----------------------------------------------------------------------(500)------------------------------------------------s(465)-----------------------------------------------------------------(400)--------------------------------s(382)s(396)-----s(406)------(400)----------------------------------------------------------------------------------------------------(300)---------------------------------------8-------------------------------------------------------------(200)-------------------------------------------s(172)------------------------------------------s(143)-----------s(146)----------------------------------------------(100)-------------s(101)-(100)----------------------------------------9---------------------------------------------s(28)--------------10--------------
product criterion:25491 chain criterion:110696
std with hilb in (ZZ/179424673),(x18,x17,x16,x15,x14,x13,x12,x11,x10,x9,x8,x7,x6,x5,x4,x3,x2,x1,@),(lp(18),dp(1),C)
[65535:5]2(535)s(534)s(533)s(532)s(531)sss(530)ss(529)ss(528)s(530)s(532)s(534)s(536)s(538)s(543)s(548)s3(550)s(555)s(557)s(562)s(567)s(573)s(578)s(585)s(590)s(593)s(600)s(606)s(613)s(619)s(623)s(630)s(638)s(643)s(650)s(656)s(663)s(669)s(678)s(687)s(694)-s(705)s(712)s(720)s(727)s(736)s(744)s(753)s(760)shhhhhhhhhhhhhhhhhhhhhhhhhhhhhhhhh4(734)s(744)s(751)s(761)s(771)s(779)s(790)s(797)s(808)s(820)s(829)s(840)s(848)-s(857)s(866)s(875)s(884)s(892)s(901)s(909)s(922)s(937)s(947)-s(955)s(964)-s(973)s(982)-s(988)s(997)s(1005)s(1015)-s(1023)--s(1030)-s(1038)s(1047)--s(1054)s(1064)s(1072)s(1082)s(1092)s(1104)s(1113)s(1120)s(1130)s(1138)s(1147)s(1156)s(1167)s(1177)-s(1186)--s(1193)s(1205)s(1216)s(1225)s(1233)-s(1241)-s(1254)-s(1265)s(1275)s(1287)s(1296)--s(1302)--(1300)-s(1311)--s(1319)s(1330)s(1340)-s(1347)--s(1354)------------s(1351)s(1361)--s(1368)s(1378)s(1390)--s(1397)------------s-s(1405)----s(1411)s(1421)-s(1430)-----s(1436)-s(1447)s(1457)-s(1464)s(1476)-s(1483)------------s(1481)----s(1489)-s(1498)--s(1507)-------(1500)--s(1510)-s(1520)--s(1528)-s(1540)--------s(1543)s(1554)s(1567)s(1579)s(1591)--s(1602)--(1600)----s(1607)--shhhhhhhhhhhhhhhhhhhhhhhhhhhhhhhhhhhhhhhhhhhhhhhhhhhhhhhhhhhhhhhhhhhhhhhhhhhhhhhhhhhhhhhhhhhh5(1525)s(1536)s(1545)s(1554)s(1565)s(1576)s(1588)s(1598)s(1609)s(1619)s(1629)s(1639)s(1650)s(1663)s(1675)s(1686)s(1699)s(1707)s(1720)s(1735)s(1745)s(1757)s(1769)s(1781)--s(1792)--s(1803)---(1800)-s(1811)-s(1825)-s(1835)-s(1848)-s(1857)-s(1867)s(1881)s(1894)s(1907)s(1918)--s(1931)s(1942)s(1954)s(1969)s(1984)s(1999)s(2015)s(2026)-s(2036)s(2047)s(2060)s(2070)s(2082)s(2094)-s(2105)-s(2115)s(2127)s(2138)s(2150)s(2163)s(2175)s(2190)s(2203)-s(2214)s(2224)s(2236)s(2247)-s(2258)-s(2269)s(2279)---s(2288)s(2302)s(2314)s(2324)--s(2332)s(2344)--s(2356)--s(2364)s(2377)s(2389)-s(2399)s(2412)s(2425)s(2437)s(2454)---s(2463)s(2476)s(2489)s(2501)s(2512)s(2526)s(2537)s(2551)s(2564)s(2576)s(2588)s(2599)-s(2609)s(2619)-s(2631)-s(2639)s(2654)-s(2668)s(2680)-s(2689)s(2701)-(2700)s(2710)--s(2722)s(2736)--s(2750)s(2762)--s(2775)--s(2785)s(2798)s(2810)----s(2819)s(2831)s(2844)-----s(2851)s(2863)----s(2870)--s(2881)-s(2891)-s(2902)s(2914)-------s(2921)-------s(2925)s(2936)--s(2946)----------------------s(2936)---s(2944)s(2956)s(2970)---------------------s(2959)s(2974)-s(2988)s(3000)-s(3009)-s(3022)s(3033)-s(3046)---s(3055)s(3070)-s(3085)-s(3099)s(3115)s(3130)s(3144)s(3157)-----s(3167)s(3180)-s(3196)--s(3205)s(3221)s(3238)s(3249)s(3266)s(3281)s(3294)s(3311)s(3323)s(3339)-s(3351)s(3367)s(3380)s(3393)-s(3406)s(3421)s(3436)s(3451)s(3464)s(3477)s(3490)s(3504)s(3518)s(3533)s(3547)-s(3563)s(3577)s(3592)s(3605)-----(3600)s(3615)---------------(3600)-------------------s(3597)s(3610)s(3623)----s(3630)---s(3638)---------s(3644)-------s(3648)--s(3657)----s(3665)-s(3674)-------------------------s(3665)s(3678)s(3693)s(3707)s(3719)s(3734)s(3750)s(3767)-------------------s(3760)-----------------------s(3750)-s(3761)----s(3770)----s(3776)---s(3785)---------------s-s(3797)-s(3812)-----s(3823)--------s(3829)-s(3841)----s(3852)s(3863)-----------------s(3861)--------------------------s(3848)s(3863)-s(3876)s(3890)s(3905)s(3922)-s(3938)----s(3950)s(3966)--s(3978)-s(3992)s(4006)------(4000)----s(4007)-s(4021)---s(4035)-s(4046)-s(4059)s(4075)-s(4090)---s(4103)---(4100)s(4111)-----------(4100)------s(4104)----(4100)-----------s(4102)--(4100)------s(4104)----(4100)-s(4109)---------(4100)-------------------------------s(4081)---------s(4087)------s(4096)------------------------------s(4081)-----s(4088)-s(4099)--------s(4106)--s(4119)-----s(4130)-s(4143)--s(4158)---s(4166)----------------------------------------s(4137)---s(4146)-------------------------s(4135)-------------------------------s(4117)-----------------(4100)---s(4112)---s(4122)--s(4134)---------s(4139)s(4155)--s(4169)-s(4185)--------------------s(4180)--s(4194)---s(4201)-(4200)-----------------------------s(4183)---------------------------------------------------------------------s(4126)--s(4136)------------shhhhhhhhhhhhhhhhhhhhhhhhhhhhhhhhhhhhhhhhhhhhhhhhhhhhhhhhhhhhhhhhhhhhhhhhhhhhhhhhhhhhhhhhhhhhhhhhhhhhhhhhhhhhhhhhhhhhhhhhhhhhhhhhhhhhhhhhhhhhhhhhhhhhhhhhhhhhhhhhhhhhhhhhhhhhhhhhhhhhhhhhhhhhhhhhhhhhhhhhhhhhhhhh6(3929)s(3943)s(3955)s(3968)-s(3982)s(3998)-s(4012)s(4025)s(4039)-s(4052)s(4065)-s(4078)---s(4090)----s(4100)-s(4115)---s(4128)s(4142)-s(4156)-----------s(4160)--------s(4167)---s(4179)s(4194)s(4210)s(4227)-s(4242)s(4257)--s(4270)s(4287)--s(4299)s(4314)-s(4329)---s(4342)s(4357)--s(4371)-s(4387)-------------s(4386)----s(4396)s(4412)-------s(4420)-------s(4426)---s(4436)s(4451)s(4468)s(4484)-------s(4494)----s(4503)---(4500)-------------s(4502)-s(4517)----s(4530)----s(4541)--s(4553)-s(4565)s(4579)------s(4589)s(4602)--(4600)---s(4611)s(4627)s(4643)s(4657)s(4671)s(4686)s(4700)s(4715)s(4729)s(4744)s(4761)-s(4775)s(4791)s(4806)s(4822)---s(4833)-s(4847)--------------------------s(4837)------------s(4842)s(4858)-s(4874)-----------------------s(4866)--s(4876)-----s(4886)-----------s(4888)-s(4903)s(4920)s(4935)s(4952)s(4968)---s(4978)s(4994)-------s(5000)-s(5014)---s(5026)-----s(5034)s(5048)s(5061)-----s(5069)-----s(5080)-----------------s(5077)-----------s(5080)s(5093)--s(5106)------(5100)--s(5112)--s(5126)-------s(5136)-s(5152)-s(5166)s(5182)-s(5197)------------------------------s(5184)-s(5200)-s(5215)-s(5229)-----s(5240)---------------s------s(5251)s(5268)------------s(5271)-----------------------------------------------------------------------(5200)------------------s(5199)--s(5209)---------(5200)s(5212)-s(5224)-----------s(5226)--------------------------(5200)-s(5215)-----------s(5217)---s(5229)----------s(5235)---s(5246)--------s(5251)---s(5261)-------------s(5263)------s(5270)--------s(5274)----------------------------s(5261)------------s(5262)s(5273)----------s(5277)-------s(5282)-s(5296)s(5308)s(5321)---------------------(5300)-------s(5305)-----(5300)-s(5314)--s(5324)s(5336)-----------s(5341)-------s(5350)------------------------------s(5335)-s(5349)---------------s(5348)--------s(5355)-----s(5366)-----s(5371)s(5387)-------------------------s(5377)------s(5383)----s(5393)------------s----s(5402)--(5400)-----s(5408)--------(5400)--------s(5403)---(5400)----s(5412)----------s(5414)--------------(5400)--s(5411)s(5425)-------s(5434)-------s(5441)---s(5451)-----s(5460)--------------s(5459)-s(5474)-------s(5480)--s(5493)----------------------------------------------s(5460)-s(5475)--------------s---------------------------------s(5456)----------------------------------------s(5431)-----------s(5435)-------s(5443)-------------s(5445)---------------------------------------------(5400)---------------------s(5394)-------------------s(5388)---------------------------------s(5371)-----------------------------------------------------------------------(5300)-s(5315)--------s(5322)------------s(5326)----s(5339)------------s(5340)-------------s(5342)---s(5352)----s(5360)-------s(5369)------s(5378)-s(5394)-----------------------s(5386)----------------s(5387)--------------------------------s(5370)----------s(5376)---------------s(5377)---------s(5384)------s(5394)---------------------s(5386)----------------------------------------------------------s(5344)---s(5357)----------------------------s(5344)------------s(5347)s(5362)-----s(5373)---------------------------------------------------s(5337)-s(5348)---s(5361)----------------------s(5355)------------s(5354)-----------s(5358)----------------------------------------------------------(5300)-----------s(5305)-----(5300)--------------------------------------------------------------------------------s(5236)------------------------------------(5200)----------------------------------------------------------------------------------------------------(5100)---------------------------------------------------------------------------------------s(5029)---s(5039)---------------------------------------(5000)-----------------s(4998)--------------------------------------------------------------------------------------------------(4900)--------------------------------s(4880)-----------------------------------------s(4855)-------------------------------------------------------(4800)------------------------------------------------s(4768)-------------------------------------------------------------------s(4711)-----------(4700)--------------------------------------------------------s(4655)--------------------------------------------s(4623)-----------------------(4600)------s(4607)-------(4600)-s(4615)---------------(4600)--------------------------------------------------------------------------------------------------s(4518)------------------(4500)---------s(4505)-----(4500)---------------------------------------------------------------s(4449)-------------------------------------------------(4400)----------------------------------------------------------------------------------------------------(4300)--------------s(4302)--(4300)s(4312)------------(4300)---------------------------------------------------s(4264)----------------------------------------------------------------(4200)------------------------------------------------------------------------s(4141)-----s(4150)--------------------------------------------------(4100)----------------------------------------------------------------------------------------------------(4000)----------------------------------------------------------------------------------------------------(3900)------------------------------------------------------shhhhhhhhhhhhhhhhhhhhhhhhhhhhhhhhhhhhhhhhhhhhhhhhhhhhhhhhhhhhhhhhhhhhhhhhhhhhhhhhhhhhhhhhhhhhhhhhhhhhhhhhhhhhhhhhhhhhhhhhhhhhhhhhhhhhhhhhhhhhhhhhhhhhhhhhhhhhhhhhhhhhhhhhhhhhh7(3685)s(3701)s(3718)s(3732)s(3749)s(3764)s(3780)s(3797)s(3812)-s(3827)-s(3843)s(3859)s(3876)-s(3892)--------------------------------------------------------------------------------------------(3800)----------------------------------------------------------------------------------------------------(3700)----------------------------------------------------------------------------------------------------(3600)----------------------------------------------------------------------------------------------------(3500)----------------------------------------------------------s(3456)s(3469)----------------s(3466)---------------s(3464)-s(3477)--------------------------s(3466)--s(3477)--s(3489)---------------------------------------------------------------------------s(3428)------------s(3429)------------------s(3425)------s(3433)---------------------------------(3400)---------------------------------------------------------------------------------------------s(3322)----------------s----------------------(3300)-----------------s(3298)---------------------------------s(3280)--------------------s(3272)------------------------s(3261)--------------s(3262)------------------s(3258)---------------------------------------------------------s(3216)----------------(3200)----------------------------------------------------------------------------------------------------(3100)----------------------------------------------------------------------------------------------------(3000)----------------------------s(2987)---------------------------------------------------------------------------------------(2900)----------------------------------------------------------------------------------------------------(2800)----------------------------------------------------------------------------------------------------(2700)----------------------------------------------------------------------------------------------------(2600)----------------------------------------------------------------------------------------------------(2500)----------------------------------------------------------------------------------------------------(2400)----------------------------------------------------------------------------------------------------(2300)-s(2312)------s(2320)----s(2330)---------------s------------------------------(2300)----------------------------------------------------------------------------------------------------(2200)------------------s(2195)-----------------------------------------------------------------------------------------------(2100)----------------------------------------------------------------------------------------------------(2000)----------------------------------------------------------------------------------------------------(1900)----------------------------------------------------------------------------------------------------(1800)----------------------------------------------------------------------------------------------------(1700)--------------------------------------s(1676)--s(1686)--------------------------------------------------------------------------------------(1600)----------------------------------------------------------------------------------------------------(1500)----------------------------------------------------------------------------------------------------(1400)----------------------------------------------------------------------------------------------------(1300)----------------------------------------------------------------------------------------------------(1200)----------------------------------------------------------------------------------------------------(1100)----------------------------------------------------------------------------------------------------(1000)-----------------------------------------------------------------shhhhhhhhhhhhhhhhhhhhhhhhhhhhhhhhhhhhhhhhhhhhhhhhhhhhhhhhhhhhhhhhhhhhhhhhhhhhhhhhhhhhhhhhhhhhhhhhhhhhhhhhhhhhhhhhhhhhhhhhhhhhhhhhhhhhhhhhhhhhhhhhhhhhhhhhhhhhhhhhhhhhhhhhhhhhhhhhhhhhhhhhhhhhhhhhhhhhhhhhhhhhhhhhhhhhhhhhhhhhhhhhhhhhhhhhhhhhhhhhhhhhhhhhhhhhhhhhhhhhhhhhhhhhhhhhh8(675)s(690)s(706)s(723)s(739)s(756)s(773)s(789)-s(805)-----(800)------------------------------------------------------------------------s(741)----s(751)--------------------------s(739)s(753)---------------------------------------------shhhhhhhhhhhhhhhhhhhhhhhhhhhhhhhhhhhhhhhhhhhhhhhhhhhhhhhhhhhhhhhhhhhhhhhhhhhhhhhhhhhhhhhhhhhhhhhhhhhhhhhhhhhhhhhhhhhhhhhhhhhhhhhhhhhhhhhhhhhhhhhhhhhhhhhhhhhhhhhhhhhhhhhhhhhhhhhhhhhhhhhhhhhhhhhhhhhhhhhhhhhhhhhhhhhhhhhhhhhhhhhhhhhhhhhhhhhhhhhhhhhhhhhhhhhhhhhhhhhhhhhhhhhhhhhhhhhhhhhhhhhhhhhhhhhhhhhhhhhhhhhhhhhhhhhhhhhhhhhhhhhhhhhhhhhhhhhhhhhhhhhhhhhhhhhhhhhhhhhhhhhhhhhhhhhhhhhhhhhhhhhhhhhhhhhhhhhhhhhhhhhhhhhhhhhhhhhhhhhhhhhhhhhhhhhhhhhhhhhhhhhhhhhhhhhhhhhhhhhhhhhhhhhhhhhhhhhhhhhhhhhhhhhhhhhhhhhhhhhhhhhhhhhh9(215)s(232)s(249)s(264)s(280)s(297)------------------------------------------------shhhhhhhhhhhhhhhhhhhhhhhhhhhhhhhhhhhhhhhhhhhhhhhhhhhhhhhhhhhhhhhhhhhhhhhhhhhhhhhhhhhhhhhhhhhhhhhhhhhhhhhhhhhhhhhhhhhhhhhhhhhhhhhhhhhhhhhhhhhhhhhhhhhhhhhhhhhhhhhhhh10(100)s(116)s(133)shhhhhhhhhhhhhhhhhhhhhhhhhhhhhhhhhhhhhhhhhhhhhhhhhhhhhhhhhhhhhhhhhhhhhhhhhhhhhhhhhhhhhhhhhhhhhhhhhh11(52)s(69)shhhhhhhhhhhhhhhhhhhhhhhhhhhhhhhhhhhhhhhhhhhhhhhhhhh12(34)shhhhhhhhhhhhhhhhhhhhhhhhhhhhhhhhhh13(17)shhhhhhhhhhhhhhhhh14shhhhhhhhhhhhhhhhh15shhhhhhhhhhhhhhhhh16shhhhhhhhhhhhhhhhh17shhhhhhhhhhhhhhhhhhhhhhhhhhhhhhhhhh
product criterion:46417 chain criterion:204673
hilbert series criterion:1734
dehomogenization
simplification
imap to ring (ZZ/179424673),(x18,x17,x16,x15,x14,x13,x12,x11,x10,x9,x8,x7,x6,x5,x4,x3,x2,x1),(lp(18),C)
Auf Wiedersehen.
                     SINGULAR                                 /  Development
 A Computer Algebra System for Polynomial Computations       /   version 4.3.2
                                                           0<
 by: W. Decker, G.-M. Greuel, G. Pfister, H. Schoenemann     \   Feb 2023
FB Mathematik der Universitaet, D-67653 Kaiserslautern        \  Debian 1:4.3.2-p10+ds-1.1build1
// ** loaded /usr/bin/../share/singular/LIB/primdec.lib (4.3.2.9,Oct_2023)
// ** loaded /usr/bin/../share/singular/LIB/ring.lib (4.3.1.3,Feb_2023)
// ** loaded /usr/bin/../share/singular/LIB/absfact.lib (4.1.2.0,Feb_2019)
// ** loaded /usr/bin/../share/singular/LIB/triang.lib (4.1.2.0,Feb_2019)
// ** loaded /usr/bin/../share/singular/LIB/matrix.lib (4.3.2.3,Aug_2023)
// ** loaded /usr/bin/../share/singular/LIB/nctools.lib (4.1.2.0,Feb_2019)
// ** loaded /usr/bin/../share/singular/LIB/inout.lib (4.1.2.0,Feb_2019)
// ** loaded /usr/bin/../share/singular/LIB/random.lib (4.1.2.0,Feb_2019)
// ** loaded /usr/bin/../share/singular/LIB/polylib.lib (4.2.0.0,Dec_2020)
// ** loaded /usr/bin/../share/singular/LIB/elim.lib (4.3.2.5,Jul_2023)
// ** loaded /usr/bin/../share/singular/LIB/general.lib (4.1.2.0,Feb_2019)
map with cache
map with cache
map with cache
map with cache
map with cache
map with cache
map with cache
map with cache
map with cache
map with cache
map with cache
map with cache
map with cache
map with cache
map with cache
map with cache
map with cache
std in (ZZ/179424673),(x18,x17,x16,x15,x14,x13,x12,x11,x10,x9,x8,x7,x6,x5,x4,x3,x2,x1),(dp(18),C)
[65535:6]1(17)s(16)s(15)s(14)s(13)s(12)s(11)s(10)s(9)s(8)s(7)s(6)s(5)s(4)s(3)s(2)ss12s
(S:17)-----------------
product criterion:153 chain criterion:0
[65535:5]1(17)s(16)s(15)s(14)s(13)s(12)s(11)s(10)s(9)s(8)s(7)s(6)s(5)s(4)s(3)s(2)ss12s
(S:17)-----------------
product criterion:153 chain criterion:0
map is a permutation
[65535:6]1(18)s(17)s(16)s(15)s(14)s(13)s(12)s(11)s(10)s(9)s(8)s(7)s(6)s(5)s(4)s(3)s(2)sss
(S:18)------------------
product criterion:171 chain criterion:0
[65535:5]1(17)s(16)s(15)s(14)s(13)s(12)s(11)s(10)s(9)s(8)s(7)s(6)s(5)s(4)s(3)s(2)sss
(S:17)-----------------
product criterion:153 chain criterion:0
{1}[65535:7]1(17)s(16)s(15)s(14)s(13)s(12)s(11)s(10)s(9)s(8)s(7)s(6)s(5)s(4)s(3)s(2)sss2(16)----------------
(S:18)-------------------
product criterion:0 chain criterion:0
(S:18)rrrrrrrrrrrrrrrrrr
[65535:5]1(17)s(16)s(15)s(14)s(13)s(12)s(11)s(10)s(9)s(8)s(7)s(6)s(5)s(4)s(3)s(2)sss
(S:17)-----------------
product criterion:153 chain criterion:0
intersect by elimination method
[65535:7]1(18)s2(17)s(16)s(15)s(14)s(13)s(12)s(11)s(10)s(9)s(8)s(7)s(6)s(5)s(4)s(3)s(2)sss
(S:18)------------------
product criterion:171 chain criterion:0
map is a permutation
[65535:6]1(18)s(17)s(16)s(15)s(14)s(13)s(12)s(11)s(10)s(9)s(8)s(7)s(6)s(5)s(4)s(3)s(2)ss2s
(S:0)
product criterion:171 chain criterion:0
map is a permutation
[65535:6]1(18)s(17)s(16)s(15)s(14)s(13)s(12)s(11)s(10)s(9)s(8)s(7)s(6)s(5)s(4)s(3)s(2)ss2s
(S:0)
product criterion:171 chain criterion:0
map is a permutation
[65535:6]1(18)s(17)s(16)s(15)s(14)s(13)s(12)s(11)s(10)s(9)s(8)s(7)s(6)s(5)s(4)s(3)s(2)ss2s
(S:0)
product criterion:171 chain criterion:0
map is a permutation
[65535:6]1(18)s(17)s(16)s(15)s(14)s(13)s(12)s(11)s(10)s(9)s(8)s(7)s(6)s(5)s(4)s(3)s(2)ss2s
(S:0)
product criterion:171 chain criterion:0
map is a permutation
[65535:6]1(18)s(17)s(16)s(15)s(14)s(13)s(12)s(11)s(10)s(9)s(8)s(7)s(6)s(5)s(4)s(3)s(2)ss2s
(S:0)
product criterion:171 chain criterion:0
map is a permutation
[65535:6]1(18)s(17)s(16)s(15)s(14)s(13)s(12)s(11)s(10)s(9)s(8)s(7)s(6)s(5)s(4)s(3)s(2)ss2s
(S:0)
product criterion:171 chain criterion:0
map is a permutation
[65535:6]1(18)s(17)s(16)s(15)s(14)s(13)s(12)s(11)s(10)s(9)s(8)s(7)s(6)s(5)s(4)s(3)s(2)ss2s
(S:0)
product criterion:171 chain criterion:0
map is a permutation
[65535:6]1(18)s(17)s(16)s(15)s(14)s(13)s(12)s(11)s(10)s(9)s(8)s(7)s(6)s(5)s(4)s(3)s(2)ss2s
(S:0)
product criterion:171 chain criterion:0
map is a permutation
[65535:6]1(18)s(17)s(16)s(15)s(14)s(13)s(12)s(11)s(10)s(9)s(8)s(7)s(6)s(5)s(4)s(3)s(2)ss2s
(S:0)
product criterion:171 chain criterion:0
map is a permutation
[65535:6]1(18)s(17)s(16)s(15)s(14)s(13)s(12)s(11)s(10)s(9)s(8)s(7)s(6)s(5)s(4)s(3)s(2)ss2s
(S:0)
product criterion:171 chain criterion:0
map is a permutation
[65535:6]1(18)s(17)s(16)s(15)s(14)s(13)s(12)s(11)s(10)s(9)s(8)s(7)s(6)s(5)s(4)s(3)s(2)ss2s
(S:0)
product criterion:171 chain criterion:0
map is a permutation
[65535:6]1(18)s(17)s(16)s(15)s(14)s(13)s(12)s(11)s(10)s(9)s(8)s(7)s(6)s(5)s(4)s(3)s(2)ss2s
(S:0)
product criterion:171 chain criterion:0
map is a permutation
[65535:6]1(18)s(17)s(16)s(15)s(14)s(13)s(12)s(11)s(10)s(9)s(8)s(7)s(6)s(5)s(4)s(3)s(2)ss2s
(S:0)
product criterion:171 chain criterion:0
map is a permutation
[65535:6]1(18)s(17)s(16)s(15)s(14)s(13)s(12)s(11)s(10)s(9)s(8)s(7)s(6)s(5)s(4)s(3)s(2)ss2s
(S:0)
product criterion:171 chain criterion:0
map is a permutation
[65535:6]1(18)s(17)s(16)s(15)s(14)s(13)s(12)s(11)s(10)s(9)s(8)s(7)s(6)s(5)s(4)s(3)s(2)ss2s
(S:0)
product criterion:171 chain criterion:0
map is a permutation
[65535:6]1(18)s(17)s(16)s(15)s(14)s(13)s(12)s(11)s(10)s(9)s(8)s(7)s(6)s(5)s(4)s(3)s(2)ss2s
(S:0)
product criterion:171 chain criterion:0
map is a permutation
[65535:6]1(18)s(17)s(16)s(15)s(14)s(13)s(12)s(11)s(10)s(9)s(8)s(7)s(6)s(5)s(4)s(3)s(2)ss2s
(S:0)
product criterion:171 chain criterion:0
map is a permutation
[65535:6]1(18)s(17)s(16)s(15)s(14)s(13)s(12)s(11)s(10)s(9)s(8)s(7)s(6)s(5)s(4)s(3)s(2)ss2s
(S:0)
product criterion:171 chain criterion:0
[65535:5]1(17)s(16)s(15)s(14)s(13)s(12)s(11)s(10)s(9)s(8)s(7)s(6)s(5)s(4)s(3)s(2)sss
(S:17)-----------------
product criterion:153 chain criterion:0
map is a permutation
[65535:6]1(18)s(17)s(16)s(15)s(14)s(13)s(12)s(11)s(10)s(9)s(8)s(7)s(6)s(5)s(4)s(3)s(2)sss
(S:18)------------------
product criterion:171 chain criterion:0
[65535:5]1(17)s(16)s(15)s(14)s(13)s(12)s(11)s(10)s(9)s(8)s(7)s(6)s(5)s(4)s(3)s(2)sss
(S:17)-----------------
product criterion:153 chain criterion:0
{1}[65535:7]1(17)s(16)s(15)s(14)s(13)s(12)s(11)s(10)s(9)s(8)s(7)s(6)s(5)s(4)s(3)s(2)sss2(16)----------------
(S:18)-------------------
product criterion:0 chain criterion:0
(S:18)rrrrrrrrrrrrrrrrrr
[65535:5]1(17)s(16)s(15)s(14)s(13)s(12)s(11)s(10)s(9)s(8)s(7)s(6)s(5)s(4)s(3)s(2)sss
(S:17)-----------------
product criterion:153 chain criterion:0
intersect by elimination method
[65535:7]1(18)s2(17)s(16)s(15)s(14)s(13)s(12)s(11)s(10)s(9)s(8)s(7)s(6)s(5)s(4)s(3)s(2)sss
(S:18)------------------
product criterion:171 chain criterion:0
map is a permutation
[65535:6]1(18)s(17)s(16)s(15)s(14)s(13)s(12)s(11)s(10)s(9)s(8)s(7)s(6)s(5)s(4)s(3)s(2)ss2s
(S:0)
product criterion:171 chain criterion:0
map is a permutation
[65535:6]1(18)s(17)s(16)s(15)s(14)s(13)s(12)s(11)s(10)s(9)s(8)s(7)s(6)s(5)s(4)s(3)s(2)ss2s
(S:0)
product criterion:171 chain criterion:0
map is a permutation
[65535:6]1(18)s(17)s(16)s(15)s(14)s(13)s(12)s(11)s(10)s(9)s(8)s(7)s(6)s(5)s(4)s(3)s(2)ss2s
(S:0)
product criterion:171 chain criterion:0
map is a permutation
[65535:6]1(18)s(17)s(16)s(15)s(14)s(13)s(12)s(11)s(10)s(9)s(8)s(7)s(6)s(5)s(4)s(3)s(2)ss2s
(S:0)
product criterion:171 chain criterion:0
map is a permutation
[65535:6]1(18)s(17)s(16)s(15)s(14)s(13)s(12)s(11)s(10)s(9)s(8)s(7)s(6)s(5)s(4)s(3)s(2)ss2s
(S:0)
product criterion:171 chain criterion:0
map is a permutation
[65535:6]1(18)s(17)s(16)s(15)s(14)s(13)s(12)s(11)s(10)s(9)s(8)s(7)s(6)s(5)s(4)s(3)s(2)ss2s
(S:0)
product criterion:171 chain criterion:0
map is a permutation
[65535:6]1(18)s(17)s(16)s(15)s(14)s(13)s(12)s(11)s(10)s(9)s(8)s(7)s(6)s(5)s(4)s(3)s(2)ss2s
(S:0)
product criterion:171 chain criterion:0
map is a permutation
[65535:6]1(18)s(17)s(16)s(15)s(14)s(13)s(12)s(11)s(10)s(9)s(8)s(7)s(6)s(5)s(4)s(3)s(2)ss2s
(S:0)
product criterion:171 chain criterion:0
map is a permutation
[65535:6]1(18)s(17)s(16)s(15)s(14)s(13)s(12)s(11)s(10)s(9)s(8)s(7)s(6)s(5)s(4)s(3)s(2)ss2s
(S:0)
product criterion:171 chain criterion:0
map is a permutation
[65535:6]1(18)s(17)s(16)s(15)s(14)s(13)s(12)s(11)s(10)s(9)s(8)s(7)s(6)s(5)s(4)s(3)s(2)ss2s
(S:0)
product criterion:171 chain criterion:0
map is a permutation
[65535:6]1(18)s(17)s(16)s(15)s(14)s(13)s(12)s(11)s(10)s(9)s(8)s(7)s(6)s(5)s(4)s(3)s(2)ss2s
(S:0)
product criterion:171 chain criterion:0
map is a permutation
[65535:6]1(18)s(17)s(16)s(15)s(14)s(13)s(12)s(11)s(10)s(9)s(8)s(7)s(6)s(5)s(4)s(3)s(2)ss2s
(S:0)
product criterion:171 chain criterion:0
map is a permutation
[65535:6]1(18)s(17)s(16)s(15)s(14)s(13)s(12)s(11)s(10)s(9)s(8)s(7)s(6)s(5)s(4)s(3)s(2)ss2s
(S:0)
product criterion:171 chain criterion:0
map is a permutation
[65535:6]1(18)s(17)s(16)s(15)s(14)s(13)s(12)s(11)s(10)s(9)s(8)s(7)s(6)s(5)s(4)s(3)s(2)ss2s
(S:0)
product criterion:171 chain criterion:0
map is a permutation
[65535:6]1(18)s(17)s(16)s(15)s(14)s(13)s(12)s(11)s(10)s(9)s(8)s(7)s(6)s(5)s(4)s(3)s(2)ss2s
(S:0)
product criterion:171 chain criterion:0
map is a permutation
[65535:6]1(18)s(17)s(16)s(15)s(14)s(13)s(12)s(11)s(10)s(9)s(8)s(7)s(6)s(5)s(4)s(3)s(2)ss2s
(S:0)
product criterion:171 chain criterion:0
map is a permutation
[65535:6]1(18)s(17)s(16)s(15)s(14)s(13)s(12)s(11)s(10)s(9)s(8)s(7)s(6)s(5)s(4)s(3)s(2)ss2s
(S:0)
product criterion:171 chain criterion:0
map is a permutation
[65535:6]1(18)s(17)s(16)s(15)s(14)s(13)s(12)s(11)s(10)s(9)s(8)s(7)s(6)s(5)s(4)s(3)s(2)ss2s
(S:0)
product criterion:171 chain criterion:0
[65535:5]1(17)s(16)s(15)s(14)s(13)s(12)s(11)s(10)s(9)s(8)s(7)s(6)s(5)s(4)s(3)s(2)sss
(S:17)-----------------
product criterion:153 chain criterion:0
map is a permutation
[65535:6]1(18)s(17)s(16)s(15)s(14)s(13)s(12)s(11)s(10)s(9)s(8)s(7)s(6)s(5)s(4)s(3)s(2)sss
(S:18)------------------
product criterion:171 chain criterion:0
[65535:5]1(17)s(16)s(15)s(14)s(13)s(12)s(11)s(10)s(9)s(8)s(7)s(6)s(5)s(4)s(3)s(2)sss
(S:17)-----------------
product criterion:153 chain criterion:0
{1}[65535:7]1(17)s(16)s(15)s(14)s(13)s(12)s(11)s(10)s(9)s(8)s(7)s(6)s(5)s(4)s(3)s(2)sss2(16)----------------
(S:18)-------------------
product criterion:0 chain criterion:0
(S:18)rrrrrrrrrrrrrrrrrr
[65535:5]1(17)s(16)s(15)s(14)s(13)s(12)s(11)s(10)s(9)s(8)s(7)s(6)s(5)s(4)s(3)s(2)sss
(S:17)-----------------
product criterion:153 chain criterion:0
intersect by elimination method
[65535:7]1(18)s2(17)s(16)s(15)s(14)s(13)s(12)s(11)s(10)s(9)s(8)s(7)s(6)s(5)s(4)s(3)s(2)sss
(S:18)------------------
product criterion:171 chain criterion:0
map is a permutation
[65535:6]1(18)s(17)s(16)s(15)s(14)s(13)s(12)s(11)s(10)s(9)s(8)s(7)s(6)s(5)s(4)s(3)s(2)ss2s
(S:0)
product criterion:171 chain criterion:0
map is a permutation
[65535:6]1(18)s(17)s(16)s(15)s(14)s(13)s(12)s(11)s(10)s(9)s(8)s(7)s(6)s(5)s(4)s(3)s(2)ss2s
(S:0)
product criterion:171 chain criterion:0
map is a permutation
[65535:6]1(18)s(17)s(16)s(15)s(14)s(13)s(12)s(11)s(10)s(9)s(8)s(7)s(6)s(5)s(4)s(3)s(2)ss2s
(S:0)
product criterion:171 chain criterion:0
map is a permutation
[65535:6]1(18)s(17)s(16)s(15)s(14)s(13)s(12)s(11)s(10)s(9)s(8)s(7)s(6)s(5)s(4)s(3)s(2)ss2s
(S:0)
product criterion:171 chain criterion:0
map is a permutation
[65535:6]1(18)s(17)s(16)s(15)s(14)s(13)s(12)s(11)s(10)s(9)s(8)s(7)s(6)s(5)s(4)s(3)s(2)ss2s
(S:0)
product criterion:171 chain criterion:0
map is a permutation
[65535:6]1(18)s(17)s(16)s(15)s(14)s(13)s(12)s(11)s(10)s(9)s(8)s(7)s(6)s(5)s(4)s(3)s(2)ss2s
(S:0)
product criterion:171 chain criterion:0
map is a permutation
[65535:6]1(18)s(17)s(16)s(15)s(14)s(13)s(12)s(11)s(10)s(9)s(8)s(7)s(6)s(5)s(4)s(3)s(2)ss2s
(S:0)
product criterion:171 chain criterion:0
map is a permutation
[65535:6]1(18)s(17)s(16)s(15)s(14)s(13)s(12)s(11)s(10)s(9)s(8)s(7)s(6)s(5)s(4)s(3)s(2)ss2s
(S:0)
product criterion:171 chain criterion:0
map is a permutation
[65535:6]1(18)s(17)s(16)s(15)s(14)s(13)s(12)s(11)s(10)s(9)s(8)s(7)s(6)s(5)s(4)s(3)s(2)ss2s
(S:0)
product criterion:171 chain criterion:0
map is a permutation
[65535:6]1(18)s(17)s(16)s(15)s(14)s(13)s(12)s(11)s(10)s(9)s(8)s(7)s(6)s(5)s(4)s(3)s(2)ss2s
(S:0)
product criterion:171 chain criterion:0
map is a permutation
[65535:6]1(18)s(17)s(16)s(15)s(14)s(13)s(12)s(11)s(10)s(9)s(8)s(7)s(6)s(5)s(4)s(3)s(2)ss2s
(S:0)
product criterion:171 chain criterion:0
map is a permutation
[65535:6]1(18)s(17)s(16)s(15)s(14)s(13)s(12)s(11)s(10)s(9)s(8)s(7)s(6)s(5)s(4)s(3)s(2)ss2s
(S:0)
product criterion:171 chain criterion:0
map is a permutation
[65535:6]1(18)s(17)s(16)s(15)s(14)s(13)s(12)s(11)s(10)s(9)s(8)s(7)s(6)s(5)s(4)s(3)s(2)ss2s
(S:0)
product criterion:171 chain criterion:0
map is a permutation
[65535:6]1(18)s(17)s(16)s(15)s(14)s(13)s(12)s(11)s(10)s(9)s(8)s(7)s(6)s(5)s(4)s(3)s(2)ss2s
(S:0)
product criterion:171 chain criterion:0
map is a permutation
[65535:6]1(18)s(17)s(16)s(15)s(14)s(13)s(12)s(11)s(10)s(9)s(8)s(7)s(6)s(5)s(4)s(3)s(2)ss2s
(S:0)
product criterion:171 chain criterion:0
map is a permutation
[65535:6]1(18)s(17)s(16)s(15)s(14)s(13)s(12)s(11)s(10)s(9)s(8)s(7)s(6)s(5)s(4)s(3)s(2)ss2s
(S:0)
product criterion:171 chain criterion:0
map is a permutation
[65535:6]1(18)s(17)s(16)s(15)s(14)s(13)s(12)s(11)s(10)s(9)s(8)s(7)s(6)s(5)s(4)s(3)s(2)ss2s
(S:0)
product criterion:171 chain criterion:0
map is a permutation
[65535:6]1(18)s(17)s(16)s(15)s(14)s(13)s(12)s(11)s(10)s(9)s(8)s(7)s(6)s(5)s(4)s(3)s(2)ss2s
(S:0)
product criterion:171 chain criterion:0
[65535:5]1(17)s(16)s(15)s(14)s(13)s(12)s(11)s(10)s(9)s(8)s(7)s(6)s(5)s(4)s(3)s(2)sss
(S:17)-----------------
product criterion:153 chain criterion:0
map is a permutation
[65535:6]1(18)s(17)s(16)s(15)s(14)s(13)s(12)s(11)s(10)s(9)s(8)s(7)s(6)s(5)s(4)s(3)s(2)sss
(S:18)------------------
product criterion:171 chain criterion:0
[65535:5]1(17)s(16)s(15)s(14)s(13)s(12)s(11)s(10)s(9)s(8)s(7)s(6)s(5)s(4)s(3)s(2)sss
(S:17)-----------------
product criterion:153 chain criterion:0
{1}[65535:7]1(17)s(16)s(15)s(14)s(13)s(12)s(11)s(10)s(9)s(8)s(7)s(6)s(5)s(4)s(3)s(2)sss2(16)----------------
(S:18)-------------------
product criterion:0 chain criterion:0
(S:18)rrrrrrrrrrrrrrrrrr
[65535:5]1(17)s(16)s(15)s(14)s(13)s(12)s(11)s(10)s(9)s(8)s(7)s(6)s(5)s(4)s(3)s(2)sss
(S:17)-----------------
product criterion:153 chain criterion:0
intersect by elimination method
[65535:7]1(18)s2(17)s(16)s(15)s(14)s(13)s(12)s(11)s(10)s(9)s(8)s(7)s(6)s(5)s(4)s(3)s(2)sss
(S:18)------------------
product criterion:171 chain criterion:0
map is a permutation
[65535:6]1(18)s(17)s(16)s(15)s(14)s(13)s(12)s(11)s(10)s(9)s(8)s(7)s(6)s(5)s(4)s(3)s(2)ss2s
(S:0)
product criterion:171 chain criterion:0
map is a permutation
[65535:6]1(18)s(17)s(16)s(15)s(14)s(13)s(12)s(11)s(10)s(9)s(8)s(7)s(6)s(5)s(4)s(3)s(2)ss2s
(S:0)
product criterion:171 chain criterion:0
map is a permutation
[65535:6]1(18)s(17)s(16)s(15)s(14)s(13)s(12)s(11)s(10)s(9)s(8)s(7)s(6)s(5)s(4)s(3)s(2)ss2s
(S:0)
product criterion:171 chain criterion:0
map is a permutation
[65535:6]1(18)s(17)s(16)s(15)s(14)s(13)s(12)s(11)s(10)s(9)s(8)s(7)s(6)s(5)s(4)s(3)s(2)ss2s
(S:0)
product criterion:171 chain criterion:0
map is a permutation
[65535:6]1(18)s(17)s(16)s(15)s(14)s(13)s(12)s(11)s(10)s(9)s(8)s(7)s(6)s(5)s(4)s(3)s(2)ss2s
(S:0)
product criterion:171 chain criterion:0
map is a permutation
[65535:6]1(18)s(17)s(16)s(15)s(14)s(13)s(12)s(11)s(10)s(9)s(8)s(7)s(6)s(5)s(4)s(3)s(2)ss2s
(S:0)
product criterion:171 chain criterion:0
map is a permutation
[65535:6]1(18)s(17)s(16)s(15)s(14)s(13)s(12)s(11)s(10)s(9)s(8)s(7)s(6)s(5)s(4)s(3)s(2)ss2s
(S:0)
product criterion:171 chain criterion:0
map is a permutation
[65535:6]1(18)s(17)s(16)s(15)s(14)s(13)s(12)s(11)s(10)s(9)s(8)s(7)s(6)s(5)s(4)s(3)s(2)ss2s
(S:0)
product criterion:171 chain criterion:0
map is a permutation
[65535:6]1(18)s(17)s(16)s(15)s(14)s(13)s(12)s(11)s(10)s(9)s(8)s(7)s(6)s(5)s(4)s(3)s(2)ss2s
(S:0)
product criterion:171 chain criterion:0
map is a permutation
[65535:6]1(18)s(17)s(16)s(15)s(14)s(13)s(12)s(11)s(10)s(9)s(8)s(7)s(6)s(5)s(4)s(3)s(2)ss2s
(S:0)
product criterion:171 chain criterion:0
map is a permutation
[65535:6]1(18)s(17)s(16)s(15)s(14)s(13)s(12)s(11)s(10)s(9)s(8)s(7)s(6)s(5)s(4)s(3)s(2)ss2s
(S:0)
product criterion:171 chain criterion:0
map is a permutation
[65535:6]1(18)s(17)s(16)s(15)s(14)s(13)s(12)s(11)s(10)s(9)s(8)s(7)s(6)s(5)s(4)s(3)s(2)ss2s
(S:0)
product criterion:171 chain criterion:0
map is a permutation
[65535:6]1(18)s(17)s(16)s(15)s(14)s(13)s(12)s(11)s(10)s(9)s(8)s(7)s(6)s(5)s(4)s(3)s(2)ss2s
(S:0)
product criterion:171 chain criterion:0
map is a permutation
[65535:6]1(18)s(17)s(16)s(15)s(14)s(13)s(12)s(11)s(10)s(9)s(8)s(7)s(6)s(5)s(4)s(3)s(2)ss2s
(S:0)
product criterion:171 chain criterion:0
map is a permutation
[65535:6]1(18)s(17)s(16)s(15)s(14)s(13)s(12)s(11)s(10)s(9)s(8)s(7)s(6)s(5)s(4)s(3)s(2)ss2s
(S:0)
product criterion:171 chain criterion:0
map is a permutation
[65535:6]1(18)s(17)s(16)s(15)s(14)s(13)s(12)s(11)s(10)s(9)s(8)s(7)s(6)s(5)s(4)s(3)s(2)ss2s
(S:0)
product criterion:171 chain criterion:0
map is a permutation
[65535:6]1(18)s(17)s(16)s(15)s(14)s(13)s(12)s(11)s(10)s(9)s(8)s(7)s(6)s(5)s(4)s(3)s(2)ss2s
(S:0)
product criterion:171 chain criterion:0
map is a permutation
[65535:6]1(18)s(17)s(16)s(15)s(14)s(13)s(12)s(11)s(10)s(9)s(8)s(7)s(6)s(5)s(4)s(3)s(2)ss2s
(S:0)
product criterion:171 chain criterion:0
[65535:5]1(17)s(16)s(15)s(14)s(13)s(12)s(11)s(10)s(9)s(8)s(7)s(6)s(5)s(4)s(3)s(2)sss
(S:17)-----------------
product criterion:153 chain criterion:0
map is a permutation
[65535:6]1(18)s(17)s(16)s(15)s(14)s(13)s(12)s(11)s(10)s(9)s(8)s(7)s(6)s(5)s(4)s(3)s(2)sss
(S:18)------------------
product criterion:171 chain criterion:0
[65535:5]1(17)s(16)s(15)s(14)s(13)s(12)s(11)s(10)s(9)s(8)s(7)s(6)s(5)s(4)s(3)s(2)sss
(S:17)-----------------
product criterion:153 chain criterion:0
{1}[65535:7]1(17)s(16)s(15)s(14)s(13)s(12)s(11)s(10)s(9)s(8)s(7)s(6)s(5)s(4)s(3)s(2)sss2(16)----------------
(S:18)-------------------
product criterion:0 chain criterion:0
(S:18)rrrrrrrrrrrrrrrrrr
[65535:5]1(17)s(16)s(15)s(14)s(13)s(12)s(11)s(10)s(9)s(8)s(7)s(6)s(5)s(4)s(3)s(2)sss
(S:17)-----------------
product criterion:153 chain criterion:0
intersect by elimination method
[65535:7]1(18)s2(17)s(16)s(15)s(14)s(13)s(12)s(11)s(10)s(9)s(8)s(7)s(6)s(5)s(4)s(3)s(2)sss
(S:18)------------------
product criterion:171 chain criterion:0
map is a permutation
[65535:6]1(18)s(17)s(16)s(15)s(14)s(13)s(12)s(11)s(10)s(9)s(8)s(7)s(6)s(5)s(4)s(3)s(2)ss2s
(S:0)
product criterion:171 chain criterion:0
map is a permutation
[65535:6]1(18)s(17)s(16)s(15)s(14)s(13)s(12)s(11)s(10)s(9)s(8)s(7)s(6)s(5)s(4)s(3)s(2)ss2s
(S:0)
product criterion:171 chain criterion:0
map is a permutation
[65535:6]1(18)s(17)s(16)s(15)s(14)s(13)s(12)s(11)s(10)s(9)s(8)s(7)s(6)s(5)s(4)s(3)s(2)ss2s
(S:0)
product criterion:171 chain criterion:0
map is a permutation
[65535:6]1(18)s(17)s(16)s(15)s(14)s(13)s(12)s(11)s(10)s(9)s(8)s(7)s(6)s(5)s(4)s(3)s(2)ss2s
(S:0)
product criterion:171 chain criterion:0
map is a permutation
[65535:6]1(18)s(17)s(16)s(15)s(14)s(13)s(12)s(11)s(10)s(9)s(8)s(7)s(6)s(5)s(4)s(3)s(2)ss2s
(S:0)
product criterion:171 chain criterion:0
map is a permutation
[65535:6]1(18)s(17)s(16)s(15)s(14)s(13)s(12)s(11)s(10)s(9)s(8)s(7)s(6)s(5)s(4)s(3)s(2)ss2s
(S:0)
product criterion:171 chain criterion:0
map is a permutation
[65535:6]1(18)s(17)s(16)s(15)s(14)s(13)s(12)s(11)s(10)s(9)s(8)s(7)s(6)s(5)s(4)s(3)s(2)ss2s
(S:0)
product criterion:171 chain criterion:0
map is a permutation
[65535:6]1(18)s(17)s(16)s(15)s(14)s(13)s(12)s(11)s(10)s(9)s(8)s(7)s(6)s(5)s(4)s(3)s(2)ss2s
(S:0)
product criterion:171 chain criterion:0
map is a permutation
[65535:6]1(18)s(17)s(16)s(15)s(14)s(13)s(12)s(11)s(10)s(9)s(8)s(7)s(6)s(5)s(4)s(3)s(2)ss2s
(S:0)
product criterion:171 chain criterion:0
map is a permutation
[65535:6]1(18)s(17)s(16)s(15)s(14)s(13)s(12)s(11)s(10)s(9)s(8)s(7)s(6)s(5)s(4)s(3)s(2)ss2s
(S:0)
product criterion:171 chain criterion:0
map is a permutation
[65535:6]1(18)s(17)s(16)s(15)s(14)s(13)s(12)s(11)s(10)s(9)s(8)s(7)s(6)s(5)s(4)s(3)s(2)ss2s
(S:0)
product criterion:171 chain criterion:0
map is a permutation
[65535:6]1(18)s(17)s(16)s(15)s(14)s(13)s(12)s(11)s(10)s(9)s(8)s(7)s(6)s(5)s(4)s(3)s(2)ss2s
(S:0)
product criterion:171 chain criterion:0
map is a permutation
[65535:6]1(18)s(17)s(16)s(15)s(14)s(13)s(12)s(11)s(10)s(9)s(8)s(7)s(6)s(5)s(4)s(3)s(2)ss2s
(S:0)
product criterion:171 chain criterion:0
map is a permutation
[65535:6]1(18)s(17)s(16)s(15)s(14)s(13)s(12)s(11)s(10)s(9)s(8)s(7)s(6)s(5)s(4)s(3)s(2)ss2s
(S:0)
product criterion:171 chain criterion:0
map is a permutation
[65535:6]1(18)s(17)s(16)s(15)s(14)s(13)s(12)s(11)s(10)s(9)s(8)s(7)s(6)s(5)s(4)s(3)s(2)ss2s
(S:0)
product criterion:171 chain criterion:0
map is a permutation
[65535:6]1(18)s(17)s(16)s(15)s(14)s(13)s(12)s(11)s(10)s(9)s(8)s(7)s(6)s(5)s(4)s(3)s(2)ss2s
(S:0)
product criterion:171 chain criterion:0
map is a permutation
[65535:6]1(18)s(17)s(16)s(15)s(14)s(13)s(12)s(11)s(10)s(9)s(8)s(7)s(6)s(5)s(4)s(3)s(2)ss2s
(S:0)
product criterion:171 chain criterion:0
map is a permutation
[65535:6]1(18)s(17)s(16)s(15)s(14)s(13)s(12)s(11)s(10)s(9)s(8)s(7)s(6)s(5)s(4)s(3)s(2)ss2s
(S:0)
product criterion:171 chain criterion:0
[65535:5]1(17)s(16)s(15)s(14)s(13)s(12)s(11)s(10)s(9)s(8)s(7)s(6)s(5)s(4)s(3)s(2)sss
(S:17)-----------------
product criterion:153 chain criterion:0
map is a permutation
[65535:6]1(18)s(17)s(16)s(15)s(14)s(13)s(12)s(11)s(10)s(9)s(8)s(7)s(6)s(5)s(4)s(3)s(2)sss
(S:18)------------------
product criterion:171 chain criterion:0
[65535:5]1(17)s(16)s(15)s(14)s(13)s(12)s(11)s(10)s(9)s(8)s(7)s(6)s(5)s(4)s(3)s(2)sss
(S:17)-----------------
product criterion:153 chain criterion:0
{1}[65535:7]1(17)s(16)s(15)s(14)s(13)s(12)s(11)s(10)s(9)s(8)s(7)s(6)s(5)s(4)s(3)s(2)sss2(16)----------------
(S:18)-------------------
product criterion:0 chain criterion:0
(S:18)rrrrrrrrrrrrrrrrrr
[65535:5]1(17)s(16)s(15)s(14)s(13)s(12)s(11)s(10)s(9)s(8)s(7)s(6)s(5)s(4)s(3)s(2)sss
(S:17)-----------------
product criterion:153 chain criterion:0
intersect by elimination method
[65535:7]1(18)s2(17)s(16)s(15)s(14)s(13)s(12)s(11)s(10)s(9)s(8)s(7)s(6)s(5)s(4)s(3)s(2)sss
(S:18)------------------
product criterion:171 chain criterion:0
map is a permutation
[65535:6]1(18)s(17)s(16)s(15)s(14)s(13)s(12)s(11)s(10)s(9)s(8)s(7)s(6)s(5)s(4)s(3)s(2)ss2s
(S:0)
product criterion:171 chain criterion:0
map is a permutation
[65535:6]1(18)s(17)s(16)s(15)s(14)s(13)s(12)s(11)s(10)s(9)s(8)s(7)s(6)s(5)s(4)s(3)s(2)ss2s
(S:0)
product criterion:171 chain criterion:0
map is a permutation
[65535:6]1(18)s(17)s(16)s(15)s(14)s(13)s(12)s(11)s(10)s(9)s(8)s(7)s(6)s(5)s(4)s(3)s(2)ss2s
(S:0)
product criterion:171 chain criterion:0
map is a permutation
[65535:6]1(18)s(17)s(16)s(15)s(14)s(13)s(12)s(11)s(10)s(9)s(8)s(7)s(6)s(5)s(4)s(3)s(2)ss2s
(S:0)
product criterion:171 chain criterion:0
map is a permutation
[65535:6]1(18)s(17)s(16)s(15)s(14)s(13)s(12)s(11)s(10)s(9)s(8)s(7)s(6)s(5)s(4)s(3)s(2)ss2s
(S:0)
product criterion:171 chain criterion:0
map is a permutation
[65535:6]1(18)s(17)s(16)s(15)s(14)s(13)s(12)s(11)s(10)s(9)s(8)s(7)s(6)s(5)s(4)s(3)s(2)ss2s
(S:0)
product criterion:171 chain criterion:0
map is a permutation
[65535:6]1(18)s(17)s(16)s(15)s(14)s(13)s(12)s(11)s(10)s(9)s(8)s(7)s(6)s(5)s(4)s(3)s(2)ss2s
(S:0)
product criterion:171 chain criterion:0
map is a permutation
[65535:6]1(18)s(17)s(16)s(15)s(14)s(13)s(12)s(11)s(10)s(9)s(8)s(7)s(6)s(5)s(4)s(3)s(2)ss2s
(S:0)
product criterion:171 chain criterion:0
map is a permutation
[65535:6]1(18)s(17)s(16)s(15)s(14)s(13)s(12)s(11)s(10)s(9)s(8)s(7)s(6)s(5)s(4)s(3)s(2)ss2s
(S:0)
product criterion:171 chain criterion:0
map is a permutation
[65535:6]1(18)s(17)s(16)s(15)s(14)s(13)s(12)s(11)s(10)s(9)s(8)s(7)s(6)s(5)s(4)s(3)s(2)ss2s
(S:0)
product criterion:171 chain criterion:0
map is a permutation
[65535:6]1(18)s(17)s(16)s(15)s(14)s(13)s(12)s(11)s(10)s(9)s(8)s(7)s(6)s(5)s(4)s(3)s(2)ss2s
(S:0)
product criterion:171 chain criterion:0
map is a permutation
[65535:6]1(18)s(17)s(16)s(15)s(14)s(13)s(12)s(11)s(10)s(9)s(8)s(7)s(6)s(5)s(4)s(3)s(2)ss2s
(S:0)
product criterion:171 chain criterion:0
map is a permutation
[65535:6]1(18)s(17)s(16)s(15)s(14)s(13)s(12)s(11)s(10)s(9)s(8)s(7)s(6)s(5)s(4)s(3)s(2)ss2s
(S:0)
product criterion:171 chain criterion:0
map is a permutation
[65535:6]1(18)s(17)s(16)s(15)s(14)s(13)s(12)s(11)s(10)s(9)s(8)s(7)s(6)s(5)s(4)s(3)s(2)ss2s
(S:0)
product criterion:171 chain criterion:0
map is a permutation
[65535:6]1(18)s(17)s(16)s(15)s(14)s(13)s(12)s(11)s(10)s(9)s(8)s(7)s(6)s(5)s(4)s(3)s(2)ss2s
(S:0)
product criterion:171 chain criterion:0
map is a permutation
[65535:6]1(18)s(17)s(16)s(15)s(14)s(13)s(12)s(11)s(10)s(9)s(8)s(7)s(6)s(5)s(4)s(3)s(2)ss2s
(S:0)
product criterion:171 chain criterion:0
map is a permutation
[65535:6]1(18)s(17)s(16)s(15)s(14)s(13)s(12)s(11)s(10)s(9)s(8)s(7)s(6)s(5)s(4)s(3)s(2)ss2s
(S:0)
product criterion:171 chain criterion:0
map is a permutation
[65535:6]1(18)s(17)s(16)s(15)s(14)s(13)s(12)s(11)s(10)s(9)s(8)s(7)s(6)s(5)s(4)s(3)s(2)ss2s
(S:0)
product criterion:171 chain criterion:0
[65535:5]1(17)s(16)s(15)s(14)s(13)s(12)s(11)s(10)s(9)s(8)s(7)s(6)s(5)s(4)s(3)s(2)sss
(S:17)-----------------
product criterion:153 chain criterion:0
map is a permutation
[65535:6]1(18)s(17)s(16)s(15)s(14)s(13)s(12)s(11)s(10)s(9)s(8)s(7)s(6)s(5)s(4)s(3)s(2)sss
(S:18)------------------
product criterion:171 chain criterion:0
[65535:5]1(17)s(16)s(15)s(14)s(13)s(12)s(11)s(10)s(9)s(8)s(7)s(6)s(5)s(4)s(3)s(2)sss
(S:17)-----------------
product criterion:153 chain criterion:0
{1}[65535:7]1(17)s(16)s(15)s(14)s(13)s(12)s(11)s(10)s(9)s(8)s(7)s(6)s(5)s(4)s(3)s(2)sss2(16)----------------
(S:18)-------------------
product criterion:0 chain criterion:0
(S:18)rrrrrrrrrrrrrrrrrr
[65535:5]1(17)s(16)s(15)s(14)s(13)s(12)s(11)s(10)s(9)s(8)s(7)s(6)s(5)s(4)s(3)s(2)sss
(S:17)-----------------
product criterion:153 chain criterion:0
intersect by elimination method
[65535:7]1(18)s2(17)s(16)s(15)s(14)s(13)s(12)s(11)s(10)s(9)s(8)s(7)s(6)s(5)s(4)s(3)s(2)sss
(S:18)------------------
product criterion:171 chain criterion:0
map is a permutation
[65535:6]1(18)s(17)s(16)s(15)s(14)s(13)s(12)s(11)s(10)s(9)s(8)s(7)s(6)s(5)s(4)s(3)s(2)ss2s
(S:0)
product criterion:171 chain criterion:0
map is a permutation
[65535:6]1(18)s(17)s(16)s(15)s(14)s(13)s(12)s(11)s(10)s(9)s(8)s(7)s(6)s(5)s(4)s(3)s(2)ss2s
(S:0)
product criterion:171 chain criterion:0
map is a permutation
[65535:6]1(18)s(17)s(16)s(15)s(14)s(13)s(12)s(11)s(10)s(9)s(8)s(7)s(6)s(5)s(4)s(3)s(2)ss2s
(S:0)
product criterion:171 chain criterion:0
map is a permutation
[65535:6]1(18)s(17)s(16)s(15)s(14)s(13)s(12)s(11)s(10)s(9)s(8)s(7)s(6)s(5)s(4)s(3)s(2)ss2s
(S:0)
product criterion:171 chain criterion:0
map is a permutation
[65535:6]1(18)s(17)s(16)s(15)s(14)s(13)s(12)s(11)s(10)s(9)s(8)s(7)s(6)s(5)s(4)s(3)s(2)ss2s
(S:0)
product criterion:171 chain criterion:0
map is a permutation
[65535:6]1(18)s(17)s(16)s(15)s(14)s(13)s(12)s(11)s(10)s(9)s(8)s(7)s(6)s(5)s(4)s(3)s(2)ss2s
(S:0)
product criterion:171 chain criterion:0
map is a permutation
[65535:6]1(18)s(17)s(16)s(15)s(14)s(13)s(12)s(11)s(10)s(9)s(8)s(7)s(6)s(5)s(4)s(3)s(2)ss2s
(S:0)
product criterion:171 chain criterion:0
map is a permutation
[65535:6]1(18)s(17)s(16)s(15)s(14)s(13)s(12)s(11)s(10)s(9)s(8)s(7)s(6)s(5)s(4)s(3)s(2)ss2s
(S:0)
product criterion:171 chain criterion:0
map is a permutation
[65535:6]1(18)s(17)s(16)s(15)s(14)s(13)s(12)s(11)s(10)s(9)s(8)s(7)s(6)s(5)s(4)s(3)s(2)ss2s
(S:0)
product criterion:171 chain criterion:0
map is a permutation
[65535:6]1(18)s(17)s(16)s(15)s(14)s(13)s(12)s(11)s(10)s(9)s(8)s(7)s(6)s(5)s(4)s(3)s(2)ss2s
(S:0)
product criterion:171 chain criterion:0
map is a permutation
[65535:6]1(18)s(17)s(16)s(15)s(14)s(13)s(12)s(11)s(10)s(9)s(8)s(7)s(6)s(5)s(4)s(3)s(2)ss2s
(S:0)
product criterion:171 chain criterion:0
map is a permutation
[65535:6]1(18)s(17)s(16)s(15)s(14)s(13)s(12)s(11)s(10)s(9)s(8)s(7)s(6)s(5)s(4)s(3)s(2)ss2s
(S:0)
product criterion:171 chain criterion:0
map is a permutation
[65535:6]1(18)s(17)s(16)s(15)s(14)s(13)s(12)s(11)s(10)s(9)s(8)s(7)s(6)s(5)s(4)s(3)s(2)ss2s
(S:0)
product criterion:171 chain criterion:0
map is a permutation
[65535:6]1(18)s(17)s(16)s(15)s(14)s(13)s(12)s(11)s(10)s(9)s(8)s(7)s(6)s(5)s(4)s(3)s(2)ss2s
(S:0)
product criterion:171 chain criterion:0
map is a permutation
[65535:6]1(18)s(17)s(16)s(15)s(14)s(13)s(12)s(11)s(10)s(9)s(8)s(7)s(6)s(5)s(4)s(3)s(2)ss2s
(S:0)
product criterion:171 chain criterion:0
map is a permutation
[65535:6]1(18)s(17)s(16)s(15)s(14)s(13)s(12)s(11)s(10)s(9)s(8)s(7)s(6)s(5)s(4)s(3)s(2)ss2s
(S:0)
product criterion:171 chain criterion:0
map is a permutation
[65535:6]1(18)s(17)s(16)s(15)s(14)s(13)s(12)s(11)s(10)s(9)s(8)s(7)s(6)s(5)s(4)s(3)s(2)ss2s
(S:0)
product criterion:171 chain criterion:0
map is a permutation
[65535:6]1(18)s(17)s(16)s(15)s(14)s(13)s(12)s(11)s(10)s(9)s(8)s(7)s(6)s(5)s(4)s(3)s(2)ss2s
(S:0)
product criterion:171 chain criterion:0
[65535:5]1(17)s(16)s(15)s(14)s(13)s(12)s(11)s(10)s(9)s(8)s(7)s(6)s(5)s(4)s(3)s(2)sss
(S:17)-----------------
product criterion:153 chain criterion:0
map is a permutation
[65535:6]1(18)s(17)s(16)s(15)s(14)s(13)s(12)s(11)s(10)s(9)s(8)s(7)s(6)s(5)s(4)s(3)s(2)ss2s
(S:18)------------------
product criterion:171 chain criterion:0
[65535:5]1(17)s(16)s(15)s(14)s(13)s(12)s(11)s(10)s(9)s(8)s(7)s(6)s(5)s(4)s(3)s(2)ss2s
(S:17)-----------------
product criterion:153 chain criterion:0
{1}[65535:7]1(17)s(16)s(15)s(14)s(13)s(12)s(11)s(10)s(9)s(8)s(7)s(6)s(5)s(4)s(3)s(2)ss2s3(16)----------------
(S:18)-------------------
product criterion:0 chain criterion:0
(S:18)rrrrrrrrrrrrrrrrrr
[65535:5]1(17)s(16)s(15)s(14)s(13)s(12)s(11)s(10)s(9)s(8)s(7)s(6)s(5)s(4)s(3)s(2)ss2s
(S:17)-----------------
product criterion:153 chain criterion:0
map is a permutation
intersect by elimination method
[65535:7]1(18)s2(17)s(16)s(15)s(14)s(13)s(12)s(11)s(10)s(9)s(8)s(7)s(6)s(5)s(4)s(3)s(2)ss3s
(S:18)------------------
product criterion:171 chain criterion:0
map is a permutation
[65535:6]1(18)s(17)s(16)s(15)s(14)s(13)s(12)s(11)s(10)s(9)s(8)s(7)s(6)s(5)s(4)s(3)s(2)s2s.4
(S:0)
product criterion:153 chain criterion:0
map is a permutation
[65535:6]1(18)s(17)s(16)s(15)s(14)s(13)s(12)s(11)s(10)s(9)s(8)s(7)s(6)s(5)s(4)s(3)s(2)s2s.4
(S:0)
product criterion:153 chain criterion:0
map is a permutation
[65535:6]1(18)s(17)s(16)s(15)s(14)s(13)s(12)s(11)s(10)s(9)s(8)s(7)s(6)s(5)s(4)s(3)s(2)s2s.4
(S:0)
product criterion:153 chain criterion:0
map is a permutation
[65535:6]1(18)s(17)s(16)s(15)s(14)s(13)s(12)s(11)s(10)s(9)s(8)s(7)s(6)s(5)s(4)s(3)s(2)s2s.4
(S:0)
product criterion:153 chain criterion:0
map is a permutation
[65535:6]1(18)s(17)s(16)s(15)s(14)s(13)s(12)s(11)s(10)s(9)s(8)s(7)s(6)s(5)s(4)s(3)s(2)s2s.4
(S:0)
product criterion:153 chain criterion:0
map is a permutation
[65535:6]1(18)s(17)s(16)s(15)s(14)s(13)s(12)s(11)s(10)s(9)s(8)s(7)s(6)s(5)s(4)s(3)s(2)s2s.4
(S:0)
product criterion:153 chain criterion:0
map is a permutation
[65535:6]1(18)s(17)s(16)s(15)s(14)s(13)s(12)s(11)s(10)s(9)s(8)s(7)s(6)s(5)s(4)s(3)s(2)s2s.4
(S:0)
product criterion:153 chain criterion:0
map is a permutation
[65535:6]1(18)s(17)s(16)s(15)s(14)s(13)s(12)s(11)s(10)s(9)s(8)s(7)s(6)s(5)s(4)s(3)s(2)s2s.4
(S:0)
product criterion:153 chain criterion:0
map is a permutation
[65535:6]1(18)s(17)s(16)s(15)s(14)s(13)s(12)s(11)s(10)s(9)s(8)s(7)s(6)s(5)s(4)s(3)s(2)s2s.4
(S:0)
product criterion:153 chain criterion:0
map is a permutation
[65535:6]1(18)s(17)s(16)s(15)s(14)s(13)s(12)s(11)s(10)s(9)s(8)s(7)s(6)s(5)s(4)s(3)s(2)s2s.4
(S:0)
product criterion:153 chain criterion:0
map is a permutation
[65535:6]1(18)s(17)s(16)s(15)s(14)s(13)s(12)s(11)s(10)s(9)s(8)s(7)s(6)s(5)s(4)s(3)s(2)s2s.4
(S:0)
product criterion:153 chain criterion:0
map is a permutation
[65535:6]1(18)s(17)s(16)s(15)s(14)s(13)s(12)s(11)s(10)s(9)s(8)s(7)s(6)s(5)s(4)s(3)s(2)s2s.4
(S:0)
product criterion:153 chain criterion:0
map is a permutation
[65535:6]1(18)s(17)s(16)s(15)s(14)s(13)s(12)s(11)s(10)s(9)s(8)s(7)s(6)s(5)s(4)s(3)s(2)s2s.4
(S:0)
product criterion:153 chain criterion:0
map is a permutation
[65535:6]1(18)s(17)s(16)s(15)s(14)s(13)s(12)s(11)s(10)s(9)s(8)s(7)s(6)s(5)s(4)s(3)s(2)s2s.4
(S:0)
product criterion:153 chain criterion:0
map is a permutation
[65535:6]1(18)s(17)s(16)s(15)s(14)s(13)s(12)s(11)s(10)s(9)s(8)s(7)s(6)s(5)s(4)s(3)s(2)s2s.4
(S:0)
product criterion:153 chain criterion:0
map is a permutation
[65535:6]1(18)s(17)s(16)s(15)s(14)s(13)s(12)s(11)s(10)s(9)s(8)s(7)s(6)s(5)s(4)s(3)s(2)s2s.4
(S:0)
product criterion:153 chain criterion:0
map is a permutation
[65535:6]1(18)s(17)s(16)s(15)s(14)s(13)s(12)s(11)s(10)s(9)s(8)s(7)s(6)s(5)s(4)s(3)s(2)s2s.4
(S:0)
product criterion:153 chain criterion:0
map is a permutation
[65535:6]1(18)s(17)s(16)s(15)s(14)s(13)s(12)s(11)s(10)s(9)s(8)s(7)s(6)s(5)s(4)s(3)s(2)s2s3s
(S:0)
product criterion:171 chain criterion:0
[65535:5]1(17)s(16)s(15)s(14)s(13)s(12)s(11)s(10)s(9)s(8)s(7)s(6)s(5)s(4)s(3)s(2)ss2s
(S:17)-----------------
product criterion:153 chain criterion:0
map is a permutation
[65535:6]1(18)s(17)s(16)s(15)s(14)s(13)s(12)s(11)s(10)s(9)s(8)s(7)s(6)s(5)s(4)s(3)s(2)ss3s
(S:18)------------------
product criterion:171 chain criterion:0
[65535:5]1(17)s(16)s(15)s(14)s(13)s(12)s(11)s(10)s(9)s(8)s(7)s(6)s(5)s(4)s(3)s(2)ss3s
(S:17)-----------------
product criterion:153 chain criterion:0
{1}[65535:7]1(17)s(16)s(15)s(14)s(13)s(12)s(11)s(10)s(9)s(8)s(7)s(6)s(5)s(4)s(3)s(2)ss3s4(16)----------------
(S:18)-------------------
product criterion:0 chain criterion:0
(S:18)rrrrrrrrrrrrrrrrrr
[65535:5]1(17)s(16)s(15)s(14)s(13)s(12)s(11)s(10)s(9)s(8)s(7)s(6)s(5)s(4)s(3)s(2)ss3s
(S:17)-----------------
product criterion:153 chain criterion:0
map is a permutation
intersect by elimination method
[65535:7]1(18)s2(17)s(16)s(15)s(14)s(13)s(12)s(11)s(10)s(9)s(8)s(7)s(6)s(5)s(4)s(3)s(2)ss4s
(S:18)------------------
product criterion:171 chain criterion:0
map is a permutation
[65535:6]1(18)s(17)s(16)s(15)s(14)s(13)s(12)s(11)s(10)s(9)s(8)s(7)s(6)s(5)s(4)s(3)s(2)s2s3.5
(S:0)
product criterion:153 chain criterion:0
map is a permutation
[65535:6]1(18)s(17)s(16)s(15)s(14)s(13)s(12)s(11)s(10)s(9)s(8)s(7)s(6)s(5)s(4)s(3)s(2)s2s3.5
(S:0)
product criterion:153 chain criterion:0
map is a permutation
[65535:6]1(18)s(17)s(16)s(15)s(14)s(13)s(12)s(11)s(10)s(9)s(8)s(7)s(6)s(5)s(4)s(3)s(2)s2s3.5
(S:0)
product criterion:153 chain criterion:0
map is a permutation
[65535:6]1(18)s(17)s(16)s(15)s(14)s(13)s(12)s(11)s(10)s(9)s(8)s(7)s(6)s(5)s(4)s(3)s(2)s2s3.5
(S:0)
product criterion:153 chain criterion:0
map is a permutation
[65535:6]1(18)s(17)s(16)s(15)s(14)s(13)s(12)s(11)s(10)s(9)s(8)s(7)s(6)s(5)s(4)s(3)s(2)s2s3.5
(S:0)
product criterion:153 chain criterion:0
map is a permutation
[65535:6]1(18)s(17)s(16)s(15)s(14)s(13)s(12)s(11)s(10)s(9)s(8)s(7)s(6)s(5)s(4)s(3)s(2)s2s3.5
(S:0)
product criterion:153 chain criterion:0
map is a permutation
[65535:6]1(18)s(17)s(16)s(15)s(14)s(13)s(12)s(11)s(10)s(9)s(8)s(7)s(6)s(5)s(4)s(3)s(2)s2s3.5
(S:0)
product criterion:153 chain criterion:0
map is a permutation
[65535:6]1(18)s(17)s(16)s(15)s(14)s(13)s(12)s(11)s(10)s(9)s(8)s(7)s(6)s(5)s(4)s(3)s(2)s2s3.5
(S:0)
product criterion:153 chain criterion:0
map is a permutation
[65535:6]1(18)s(17)s(16)s(15)s(14)s(13)s(12)s(11)s(10)s(9)s(8)s(7)s(6)s(5)s(4)s(3)s(2)s2s3.5
(S:0)
product criterion:153 chain criterion:0
map is a permutation
[65535:6]1(18)s(17)s(16)s(15)s(14)s(13)s(12)s(11)s(10)s(9)s(8)s(7)s(6)s(5)s(4)s(3)s(2)s2s3.5
(S:0)
product criterion:153 chain criterion:0
map is a permutation
[65535:6]1(18)s(17)s(16)s(15)s(14)s(13)s(12)s(11)s(10)s(9)s(8)s(7)s(6)s(5)s(4)s(3)s(2)s2s3.5
(S:0)
product criterion:153 chain criterion:0
map is a permutation
[65535:6]1(18)s(17)s(16)s(15)s(14)s(13)s(12)s(11)s(10)s(9)s(8)s(7)s(6)s(5)s(4)s(3)s(2)s2s3.5
(S:0)
product criterion:153 chain criterion:0
map is a permutation
[65535:6]1(18)s(17)s(16)s(15)s(14)s(13)s(12)s(11)s(10)s(9)s(8)s(7)s(6)s(5)s(4)s(3)s(2)s2s3.5
(S:0)
product criterion:153 chain criterion:0
map is a permutation
[65535:6]1(18)s(17)s(16)s(15)s(14)s(13)s(12)s(11)s(10)s(9)s(8)s(7)s(6)s(5)s(4)s(3)s(2)s2s3.5
(S:0)
product criterion:153 chain criterion:0
map is a permutation
[65535:6]1(18)s(17)s(16)s(15)s(14)s(13)s(12)s(11)s(10)s(9)s(8)s(7)s(6)s(5)s(4)s(3)s(2)s2s3.5
(S:0)
product criterion:153 chain criterion:0
map is a permutation
[65535:6]1(18)s(17)s(16)s(15)s(14)s(13)s(12)s(11)s(10)s(9)s(8)s(7)s(6)s(5)s(4)s(3)s(2)s2s3.5
(S:0)
product criterion:153 chain criterion:0
map is a permutation
[65535:6]1(18)s(17)s(16)s(15)s(14)s(13)s(12)s(11)s(10)s(9)s(8)s(7)s(6)s(5)s(4)s(3)s(2)s2s3.5
(S:0)
product criterion:153 chain criterion:0
map is a permutation
[65535:6]1(18)s(17)s(16)s(15)s(14)s(13)s(12)s(11)s(10)s(9)s(8)s(7)s(6)s(5)s(4)s(3)s(2)s3s4s
(S:0)
product criterion:171 chain criterion:0
[65535:5]1(17)s(16)s(15)s(14)s(13)s(12)s(11)s(10)s(9)s(8)s(7)s(6)s(5)s(4)s(3)s(2)ss3s
(S:17)-----------------
product criterion:153 chain criterion:0
// ** _ is no standard basis
// ** _ is no standard basis
// ** _ is no standard basis
// ** _ is no standard basis
// ** _ is no standard basis
// ** _ is no standard basis
// ** _ is no standard basis
// ** _ is no standard basis
// ** _ is no standard basis
Auf Wiedersehen.
                     SINGULAR                                 /  Development
 A Computer Algebra System for Polynomial Computations       /   version 4.3.2
                                                           0<
 by: W. Decker, G.-M. Greuel, G. Pfister, H. Schoenemann     \   Feb 2023
FB Mathematik der Universitaet, D-67653 Kaiserslautern        \  Debian 1:4.3.2-p10+ds-1.1build1
compute hilbert series with std in ring (ZZ/179424673),(x18,x17,x16,x15,x14,x13,x12,x11,x10,x9,x8,x7,x6,x5,x4,x3,x2,x1,@),(dp(19),C)
weights used for hilbert series: 1,1,1,1,1,1,1,1,1,1,1,1,1,1,1,1,1,1,1
[65535:5]1(17)s(16)s2(15)s3(14)s(13)ss(14)s4(16)s(18)s(17)s(16)s(18)s(19)ss5(24)s(27)s(30)s(34)s(37)s(41)s(44)s(48)s(52)s(60)s(68)s(76)s(82)s6(88)--s(91)--------s(97)s(108)s(116)s(126)s(135)s(146)s(157)s(165)s(180)-s(188)s(196)s(206)--s(213)s(224)s7(230)-----s(235)s(249)s(267)s(285)s(294)s(305)s(326)s(335)s(349)s(363)-s(380)s(392)s(404)--s(418)s(428)s(439)s(458)s(477)s(483)s(486)ss(509)s(517)s(541)s(561)s(573)-s(587)s(593)-s(610)s(627)s(645)s(663)s(675)-----s(686)s(693)s(703)s(712)s(720)s(724)--s(731)s(745)s(753)s(764)----s(769)s(781)s(791)s(798)s(808)s(817)-s8(831)-------------s(843)s(866)s(882)-s(906)s(929)-s(943)s(959)s(974)s(990)s(1000)s(1017)s(1029)-s(1043)s(1059)--s(1064)s(1073)s(1085)s(1099)s(1113)s(1127)--s(1138)s(1163)s(1182)s(1202)s(1225)s(1243)s(1260)-s(1273)-s(1299)s(1310)--s(1312)-s(1336)s(1360)s(1372)s(1386)s(1399)s(1407)s(1420)s(1437)s(1464)-s(1473)-s(1480)-s(1498)s(1534)s(1557)s(1573)-s(1597)s(1608)--s(1634)---s(1656)s(1681)s(1697)s(1705)--s(1728)s(1750)s(1775)----s(1779)s(1786)s(1798)s(1810)s(1822)s(1833)------------s(1827)-s(1833)s(1844)s(1855)s(1862)s(1872)s(1883)-s(1895)s(1908)--s(1916)s(1926)--s(1931)s(1940)s(1951)s(1956)---s(1955)-s(1962)s(1972)s(1977)s(1985)s(1991)-s(1998)-s(2011)s(2026)s(2052)s(2070)s(2110)s(2117)s(2130)s(2150)s(2159)s(2163)s(2165)-s(2184)-s(2191)-s(2198)s(2201)s(2205)s(2216)-s(2218)s(2235)-s(2241)s(2247)s(2260)--s(2269)s(2281)--s(2288)s(2296)s(2307)s(2317)s(2332)---s(2338)s(2345)--------s(2348)------s(2355)----s(2358)---s(2363)s(2369)-----s(2378)s(2386)s(2396)s(2404)s(2413)s(2418)---s(2427)----s(2433)----s(2440)s(2451)---s(2460)-s(2469)s(2477)s(2485)s(2495)s(2504)----(2500)s(2512)s(2527)------s(2529)-s(2545)s(2562)s(2576)s(2581)s(2588)--------ss(2606)s(2617)s(2624)-s(2638)s(2649)------s(2660)s9(2675)-------------s(2727)--s(2749)s(2787)s(2844)-s(2881)s(2871)-------s(2883)s(2905)s(2917)s(2946)s(2971)------s(2983)s(3003)-s(3018)s(3033)s(3064)s(3083)s(3116)s(3141)s(3158)--s(3169)-s(3189)s(3204)s(3217)s(3235)s(3250)s(3282)s(3290)-s(3304)s(3326)s(3349)s(3355)s(3363)s(3372)s(3375)s(3388)s(3423)s(3444)s(3455)s(3470)s(3519)s(3543)s(3565)s(3589)----s(3600)-s(3609)s(3617)s(3629)s(3642)s(3683)s(3710)-s(3732)s(3756)--s(3786)-----s(3795)s(3811)s(3828)s(3846)s(3875)-------s(3883)-s(3892)s(3910)s(3921)s(3936)---s(3950)-s(3960)s(3977)s(3991)s(4005)s(4023)--------------s(4034)s(4048)-s(4086)s(4117)-s(4143)-s(4169)---s(4174)-s(4192)-----s(4216)-s(4240)s(4246)----s(4269)-s(4288)s(4317)-----s(4350)s(4402)-s(4436)s(4464)-s(4513)--s(4525)s(4540)--s(4554)s(4568)s(4580)s(4629)-s(4641)s(4664)-s(4703)-s(4718)s(4756)s(4781)s(4796)---s(4801)-(4800)s(4813)--s(4849)--s(4875)--------s(4880)s(4890)s(4906)s(4921)s(4937)s(4947)s(4956)s(4971)s(4986)s(5008)s(5022)s(5034)s(5046)s(5063)s(5080)s(5090)-s(5098)s(5103)s(5107)----s-s(5118)s(5140)-s(5150)s(5166)s(5179)-s(5184)s(5191)s(5198)-----s(5199)s(5211)s(5219)s(5225)s(5243)--s(5256)-----s(5273)s(5287)---s(5296)s(5308)s(5324)-s(5330)s(5336)s(5344)-s(5347)s(5353)-s(5358)s(5347)s(5354)s(5360)s(5364)s(5371)s(5385)s(5396)s(5417)s(5426)s(5439)s(5454)s(5461)s(5471)s(5478)s(5484)s(5495)s(5506)s(5515)-----s(5535)s(5549)-s(5562)-s(5576)s(5588)----s(5592)------s(5593)s(5605)-----(5600)-s(5608)s(5618)s(5628)-s(5643)-s(5652)--s(5659)-s(5671)s(5683)--s(5720)s(5728)s(5734)s(5742)-s(5748)------s(5751)-s(5762)s(5773)--s(5782)---s(5791)s(5817)s(5834)----------ss(5838)s(5850)s(5857)s(5863)s(5874)s(5882)s(5891)s(5901)-(5900)s(5907)-s(5916)s(5928)s(5935)s(5944)s(5956)s(5966)--s(5979)s(5989)s(5996)s(6003)s(6014)-------s(6016)s(6025)s(6034)-s(6047)s(6057)-------s(6063)-s(6067)s(6080)-s(6091)s(6100)-s(6110)-s(6124)------s(6127)s(6138)s(6148)s(6158)s(6162)s(6166)-s(6173)-s(6179)s(6187)s(6196)s(6206)s(6221)s(6234)s(6250)----s(6252)----------s(6253)--s(6264)-s(6270)-s(6277)s(6292)-------s(6296)-s(6307)s(6318)s(6330)s(6337)s(6348)s(6358)s(6369)s(6377)s(6389)s(6402)s(6412)s(6426)s(6433)-s(6437)-s(6447)s(6457)-s(6467)s(6476)s(6488)s(6500)s(6509)-s(6520)---s(6525)s(6535)s(6542)---s(6548)--s(6555)s(6563)-s(6568)s(6575)s(6587)s(6597)s(6607)-s(6617)-s(6627)s(6641)s(6674)--------s(6676)-s(6687)-s(6692)--s(6696)s(6704)s(6714)------s(6721)--s(6731)s(6737)s(6747)-s(6757)s(6770)-s(6778)s(6790)s(6800)-s(6810)--s(6815)s(6832)s(6839)---s(6848)-s(6859)----s(6865)s(6876)-s(6881)s(6888)s(6898)s(6903)s(6911)--s(6926)s(6934)-s(6944)s(6948)s(6959)s(6967)-s(6971)--s(6973)---s(6976)--s(6984)-s(6992)s(7002)s(7010)s(7018)s(7030)------s(7037)--s(7046)--s(7057)s(7068)-s(7080)s(7091)s(7106)s(7118)s(7138)s(7149)----s(7155)s(7165)s(7173)s(7179)s(7189)s(7198)s(7207)-s(7215)s(7223)-s(7240)---s(7250)s(7262)s(7273)s(7281)-s(7286)s(7297)-s(7306)s(7317)---s(7323)---s(7333)s(7340)---s(7354)-s(7364)---s(7369)--s(7374)---------ss(7383)---s(7389)----s(7398)-----s(7404)----(7400)--s(7411)s(7429)s(7439)-s(7446)s(7456)s(7467)s(7475)s(7495)s(7506)s(7516)s(7526)s(7538)s(7548)s(7557)--s(7566)s(7575)s(7582)s(7594)s(7606)s(7615)-s(7630)-s(7638)--s(7648)-s(7655)s(7665)s(7675)s(7693)-s(7704)--s(7716)s(7725)-------s(7723)-s(7731)s(7741)s(7752)----s(7762)s(7774)s(7788)s(7796)s(7807)s(7816)----s(7822)--s(7828)-s(7837)--s(7847)-s(7855)-s(7877)--s(7888)----s(7894)s(7905)---s(7912)--s(7918)----------s(7931)s(7939)s(7950)s(7958)s(7964)s(7971)------s(7973)s(7985)--s(7990)--s(7997)s(8004)----(8000)------s(8001)-(8000)s(8008)-s(8022)-s(8032)s(8045)---s(8056)----s(8069)----s(8078)s(8086)--s(8096)s(8103)s(8115)---s(8125)--s(8132)s(8141)-s(8150)s(8160)-s(8167)s(8174)s(8186)---s(8196)s(8209)-------s(8215)-s(8222)------s(8225)-----s(8228)s(8237)-----s(8243)s(8256)s(8263)--------ss(8279)---s(8296)-------s(8298)---s(8312)--s(8319)s(8325)--s(8333)----------s(8336)----s(8344)---------------------------------s(8328)----10-s(8389)---s(8474)-s(8528)s(8511)-------s(8523)s(8554)---s(8580)---s(8599)---s(8628)s(8656)---s(8683)s(8708)--------(8700)---s(8726)----s(8749)-------------------s(8747)---s(8777)-s(8823)s(8860)------s(8899)s(8935)s(8968)s(8999)-s(9031)--s(9044)s(9081)-s(9111)s(9151)-----s(9182)s(9235)s(9254)s(9307)-s(9315)-s(9354)s(9385)----s(9424)s(9463)s(9488)s(9512)s(9524)s(9521)s(9533)s(9538)ss(9542)-s(9546)--s(9590)s(9598)s(9609)s(9619)------s(9620)s(9628)--s(9667)s(9686)-s(9732)--s(9725)s(9750)s(9787)s(9833)s(9858)s(9887)s(9916)s(9906)-s(9953)-s(9958)s(10008)--s(9990)s(9998)s(10011)s(10023)s(10037)s(10036)s(10049)s(10058)s(10077)-s(10089)s(10105)s(10118)s(10129)s(10134)s(10141)----s(10183)---s(10195)s(10205)---s(10216)------s(10249)------s(10259)------s(10289)--s(10318)----------s(10331)s(10360)s(10386)---s(10391)----s(10417)s(10447)s(10432)s(10465)s(10503)s(10540)s(10569)s(10616)s(10647)s(10696)s(10724)s(10749)-s(10779)s(10798)s(10813)-------s(10839)s(10883)s(10924)-s(10966)s(10992)-----s(10995)s(11010)-s(11033)----s(11069)s(11104)s(11127)s(11146)s(11168)s(11172)s(11186)-----s(11208)--s(11215)s(11229)--s(11241)-s(11250)----s(11254)s(11263)s(11273)s(11281)s(11291)s(11298)s(11314)s(11323)s(11331)-s(11341)s(11354)s(11359)s(11368)s(11377)---s(11388)s(11398)s(11409)--s(11421)s(11425)s(11435)s(11451)------s(11452)s(11456)s(11463)s(11469)s(11479)s(11488)s(11513)s(11522)s(11530)s(11537)s(11560)s(11562)s(11574)s(11589)s(11597)s(11595)s(11607)s(11620)s(11635)s(11640)----s(11644)-s(11655)--s(11663)s(11675)s(11688)-s(11694)---s(11696)--s(11705)-----(11700)s(11712)s(11721)s(11734)s(11748)s(11756)-----s(11761)s(11772)s(11780)s(11790)-s(11799)-s(11806)--s(11808)s(11811)s(11817)s(11827)s(11841)s(11851)s(11886)s(11906)s(11937)s(11951)s(11971)-s(11966)s(11976)ss(11965)s(11966)-s(11975)s(11983)s(11999)-s(12008)s(12019)s(12022)--------s(12047)---s(12089)s(12135)s(12182)---------s(12181)s(12194)s(12204)s(12215)----s(12223)s(12237)s(12255)s(12274)s(12275)s(12285)s(12256)s(12263)s(12274)s(12286)s(12295)s(12307)s(12319)s(12332)-s(12326)s(12351)s(12377)s(12404)s(12412)---s(12421)s(12435)s(12450)s(12466)s(12480)s(12485)s(12495)-s(12508)---s(12515)s(12540)s(12566)s(12593)-s(12607)-s(12619)-s(12632)-------s(12658)s(12681)s(12708)s(12713)s(12680)-s(12695)s(12713)s(12728)s(12744)s(12761)s(12765)s(12768)s(12775)s(12786)-s(12798)s(12821)-s(12833)s(12854)---s(12864)-s(12877)s(12892)-s(12907)s(12924)s(12942)---------s(12945)s(12951)s(12966)s(12982)s(13003)s(13023)s(13044)s(13066)----s(13071)s(13082)-----------s(13086)--s(13095)----------------s(13103)s(13128)s(13181)-s(13197)s(13238)s(13261)-s(13288)------s(13287)s(13296)s(13307)s(13311)s(13318)s(13323)s(13333)s(13343)s(13347)s(13346)s(13352)s(13367)---s(13377)s(13392)-s(13407)s(13413)s(13423)--s(13431)--s(13436)s(13445)-s(13467)----s(13482)-s(13498)s(13521)-s(13542)---s(13565)-s(13579)s(13599)---s(13610)s(13628)--s(13650)s(13673)-----s(13696)s(13717)s(13736)s(13759)s(13785)s(13804)-s(13821)s(13843)------------------s(13844)s(13857)---s(13875)--s(13888)---s(13898)s(13907)s(13919)s(13932)s(13939)s(13966)s(13992)s(14018)s(14046)s(14064)s(14083)-s(14101)-(14100)s(14126)-----s(14152)s(14191)------s(14217)---s(14255)-s(14264)s(14286)--s(14309)s(14331)-s(14372)s(14381)s(14390)s(14422)----s(14453)-s(14493)-s(14526)s(14556)--s(14601)s(14639)s(14678)s(14707)-------(14700)-----s(14703)s(14713)s(14721)---s(14732)s(14752)s(14773)s(14794)--s(14802)s(14812)-----------s(14833)s(14867)s(14883)s(14912)-s(14943)-s(14965)s(14990)s(14999)-s(15038)-s(15042)s(15039)-s(15066)s(15102)-s(15136)--s(15142)-s(15172)s(15212)-s(15236)-s(15246)s(15255)s(15265)-------s(15290)s(15329)---------s(15336)----------s(15342)---s(15367)s(15380)s(15396)--s(15406)-s(15416)-s(15428)s(15437)s(15449)s(15451)-s(15460)s(15470)s(15478)-s(15485)s(15497)s(15506)s(15515)s(15526)s(15536)s(15547)s(15557)s(15567)s(15578)s(15589)s(15599)s(15607)s(15621)s(15632)s(15639)s(15649)s(15662)s(15677)s(15689)s(15692)s(15700)s(15712)s(15724)s(15735)---s(15741)s(15738)s(15748)s(15758)------s(15762)s(15776)s(15785)--s(15810)s(15822)s(15817)s(15811)s(15806)s(15816)s(15826)-s-s(15836)s(15848)s(15854)-s(15862)s(15872)s(15878)s(15887)-------------s(15885)s(15901)s(15896)s(15910)s(15916)s(15928)s(15940)s(15951)--s(15963)s(15977)s(16005)s(16019)s(16041)s(16078)s(16091)s(16129)s(16143)s(16158)s(16193)s(16231)s(16266)s(16289)s(16316)-s(16327)s(16356)s(16369)---s(16373)--------------s-s(16380)s(16389)------s(16415)s(16437)s(16448)--s(16446)--s(16448)-------s(16455)s(16464)--s(16495)-s(16508)s(16519)s(16527)-s(16540)------s(16543)s(16549)-s(16558)-s(16561)s(16571)s(16582)-s(16592)--------s(16590)-s(16605)s(16617)s(16624)---s(16625)s(16632)-s(16642)---s(16653)s(16694)-s(16702)s(16714)s(16725)-s(16737)s(16747)s(16748)s(16760)s(16770)s(16780)-s(16789)--s(16805)s(16813)------------s(16812)-----s(16817)-------s(16824)-------s-s(16835)s(16844)--s(16852)s(16862)s(16873)s(16885)s(16894)-------s(16900)---------s(16902)s(16914)s(16926)s(16938)s(16948)s(16959)-s(16968)---s(16976)s(16987)s(16996)s(17005)s(17015)s(17017)s(17015)-s(17018)--------s(17019)s(17025)s(17036)s(17048)s(17059)s(17070)s(17082)--s(17091)s(17099)---s(17103)---(17100)----s(17106)s(17115)-s(17116)-------s(17120)---s(17127)s(17138)s(17150)s(17162)s(17175)s(17186)s(17197)s(17207)s(17219)s(17231)s(17241)-s(17254)-s(17264)s(17275)---s(17283)-s(17294)---s(17303)s(17311)-s(17324)-s(17332)---s(17341)-s(17351)s(17365)s(17372)s(17384)s(17395)s(17408)-s(17420)s(17434)s(17447)-s(17459)s(17470)s(17477)s(17489)-s(17501)s(17510)s(17528)s(17537)s(17546)-------------s(17540)-----s(17548)s(17561)s(17570)----s(17579)s(17590)s(17604)s(17617)s(17629)s(17640)--------s(17645)-s(17657)-s(17668)s(17680)s(17693)s(17705)---s(17715)---s(17724)-s(17733)----s(17736)s(17744)---s(17754)s(17761)s(17769)--s(17779)s(17794)s(17810)s(17823)---s(17830)------s(17828)---s(17830)---s(17835)---s(17837)-----s(17843)------s(17845)s(17857)s(17874)s(17884)s(17896)s(17912)s(17924)-s(17935)s(17945)-s(17954)s(17965)s(17975)s(17986)s(17997)------s(18000)s(17984)-s(17994)s(18009)-s(18018)-s(18029)s(18038)s(18051)s(18062)----s(18061)s(18072)-s(18083)---------s(18085)----s(18089)-s(18098)s(18102)-s(18114)--s(18121)s(18127)------------s(18123)-s(18132)-----s(18138)-----s(18143)-s(18149)------s(18152)s(18161)-s(18168)-s(18177)---------s(18184)s(18200)-s(18210)s(18217)s(18223)s(18234)-s(18243)s(18255)s(18265)s(18272)s(18281)--s(18287)--s(18297)s(18306)------(18300)s(18311)-------s(18321)s(18322)s(18324)s(18332)s(18344)s(18355)-s(18360)s(18371)s(18382)s(18393)s(18404)s(18413)s(18423)s(18435)s(18447)-s(18460)s(18470)s(18480)---s(18489)-----s(18487)---s(18492)s(18503)--s(18508)-s(18514)s(18526)--s(18538)s(18548)s(18557)-s(18568)-s(18588)-s(18595)-s(18597)-s(18600)s(18609)-s(18619)s(18630)s(18640)s(18655)-s(18665)s(18672)s(18681)s(18693)--s(18697)---s(18707)s(18716)s(18722)-s(18732)s(18738)-s(18749)s(18776)s(18786)s(18796)s(18812)s(18829)--s(18841)s(18848)-s(18864)s(18876)s(18889)s(18900)-s(18915)s(18923)s(18940)s(18958)-s(18965)s(18971)s(18983)s(18992)s(19004)s(19017)s(19024)s(19034)s(19046)s(19058)s(19069)s(19080)s(19091)-s(19099)-----s(19103)s(19111)--s(19119)s(19128)s(19137)s(19150)s(19157)--s(19169)s(19181)s(19193)-s(19202)s(19211)s(19226)s(19239)s(19250)s(19258)s(19270)s(19285)s(19295)---s(19302)-s(19320)-s(19375)-s(19378)s(19390)-s(19400)s(19413)s(19429)s(19446)----s(19455)s(19467)-s(19476)s(19487)-s(19496)s(19505)-s(19512)s(19524)s(19537)s(19549)s(19557)s(19563)--s(19572)s(19582)-s(19591)--------------------s(19582)s(19589)-s(19597)s(19610)s(19621)s(19631)s(19643)---s(19652)--s(19660)s(19675)s(19689)------s(19695)---s(19703)s(19717)s(19730)------s(19732)------------s(19733)s(19750)s(19762)s(19771)---s(19776)----------s(19779)------------s--------ss(19790)---------s(19797)----------------s(19791)----s(19803)s(19813)----------s(19815)s(19827)s(19831)s(19842)s(19858)s(19863)s(19874)s(19883)s(19893)-s(19904)s(19918)s(19930)--s(19937)s(19949)s(19962)s(19975)s(19985)s(19990)s(19991)s(20001)s(20009)s(20020)s(20029)-s(20040)s(20052)s(20060)s(20071)s(20082)s(20095)-s(20105)s(20118)-s(20128)-s(20139)-s(20148)-s(20159)s(20171)s(20182)-s(20190)-s(20201)-(20200)-s(20213)----s(20220)s(20232)s(20236)------s(20237)---s(20248)s(20258)s(20279)s(20288)s(20299)s(20311)s(20324)s(20335)s(20346)s(20348)s(20358)s(20369)s(20381)s(20391)s(20400)s(20414)s(20425)s(20433)s(20440)s(20453)s(20460)s(20467)s(20477)s(20487)s(20497)-s(20506)-s(20512)s(20524)s(20537)s(20547)s(20560)s(20573)s(20581)s(20592)s(20604)--s(20612)s(20623)s(20634)s(20643)s(20656)---s(20665)s(20674)s(20687)s(20696)--s(20703)s(20713)-s(20723)------------s(20724)------s(20725)s(20730)-s(20738)--s(20743)--s(20747)s(20754)---s(20760)------s(20767)--s(20771)-----s(20779)s(20791)s(20803)s(20813)-----s(20819)s(20828)s(20838)----s(20845)----------s(20843)s(20855)s(20867)-s(20874)s(20889)-s(20899)s(20912)--s(20925)s(20934)-s(20943)---s(20949)-s(20959)-------s(20967)-s(20977)s(20998)s(21005)s(21012)s(21020)s(21027)s(21038)s(21048)-----s(21053)s(21062)---s(21073)-s(21079)--s(21087)-s(21095)s(21105)s(21117)s(21126)s(21149)--s(21154)s(21177)s(21186)s(21194)s(21203)-s(21199)----s(21204)-s(21216)s(21217)-s(21226)---s(21230)s(21240)s(21251)s(21263)---s(21264)s(21273)s(21281)s(21290)s(21300)s(21310)s(21319)s(21330)s(21341)s(21352)s(21363)s(21371)s(21382)------s(21386)s(21396)s(21404)s(21413)s(21422)-s(21431)-s(21439)---s(21443)s(21459)--------s(21462)s(21472)------s(21474)---s(21485)---s(21496)-------s(21503)s(21511)s(21518)--s(21528)-s(21539)------------------------------s(21520)-------s(21527)s(21536)s(21561)-s(21565)s(21573)s(21584)s(21594)s(21599)-------s(21606)-----s(21612)------------(21600)---s(21611)--s(21617)--------s(21620)-----s(21628)-------s(21632)s(21643)s(21656)s(21669)--s(21680)--s(21691)s(21696)s(21705)s(21717)s(21725)-s(21729)s(21737)---s(21748)---s(21758)--------------s-s(21774)s(21781)---------s(21779)s(21789)s(21800)s(21809)s(21821)s(21834)s(21844)s(21859)s(21873)s(21882)s(21899)s(21910)s(21922)s(21935)s(21943)-s(21955)s(21966)-s(21978)s(21989)s(22001)s(22014)s(22025)s(22036)s(22045)-s(22054)s(22063)s(22072)s(22084)s(22091)---s(22099)s(22112)---s(22118)s(22128)s(22139)s(22150)s(22160)s(22171)s(22183)s(22193)--s(22201)s(22212)s(22222)s(22235)s(22247)s(22257)s(22269)--s(22279)s(22292)s(22304)s(22315)--s(22326)s(22338)s(22350)s(22361)s(22372)-s(22380)----s(22389)s(22400)s(22412)s(22425)s(22435)s(22447)-s(22458)s(22473)----s(22482)----s(22489)-s(22500)s(22512)s(22522)----s(22531)-----------s(22528)s(22537)-s(22553)-------s(22556)-----s(22563)s(22569)-s(22580)---s(22588)s(22598)----s(22605)-s(22617)s(22629)-s(22642)---s(22652)s(22661)s(22674)s(22686)s(22701)s(22713)s(22726)s(22740)s(22750)s(22763)s(22774)sKilled
