
      +++  sector:  {1, 1, 1, 0, 1, 0, 1, 0, 0}  (1/1)  +++ 
                     SINGULAR                                 /  Development
 A Computer Algebra System for Polynomial Computations       /   version 4.3.2
                                                           0<
 by: W. Decker, G.-M. Greuel, G. Pfister, H. Schoenemann     \   Feb 2023
FB Mathematik der Universitaet, D-67653 Kaiserslautern        \  Debian 1:4.3.2-p10+ds-1.1build1
compute hilbert series with std in ring (ZZ/179424673),(x18,x17,x16,x15,x14,x13,x12,x11,x10,x9,x8,x7,x6,x5,x4,x3,x2,x1,@),(dp(19),C)
weights used for hilbert series: 1,1,1,1,1,1,1,1,1,1,1,1,1,1,1,1,1,1,1
[65535:5]2(18)s(17)s(16)s(15)s(14)s(13)s(12)s(11)s(10)s(9)s(10)s(12)s(13)s(16)s(21)s(24)s(25)s(27)s(30)s3(35)s(38)s(43)s(48)s(52)s(59)s(65)s(74)s(77)s(85)s(92)s(96)s(104)s(112)s(122)s(127)s(135)s(145)-s(151)s(160)s(165)s(172)s(178)s(184)s(192)s(197)s(207)s(212)s(221)s(229)s(237)s(243)s(250)s(256)s(259)s4(268)s(277)--s(285)---s(292)--------s(295)s(305)--s(313)s(325)s(337)s(350)s(362)s(373)s(386)s(396)-------------------------s(380)s(391)s(400)s(410)s(420)-s(430)s(445)s(456)-s(466)-s(477)-s(486)s(497)s(507)---s(512)---s(522)-s(530)s(542)----s(557)s(566)s(576)s(589)-s(594)s(602)s(612)----s(618)s(629)---s(635)--s(646)s(660)s(675)s(689)s(698)------s(701)s(709)s(723)s(735)--s(745)------s(749)s(762)----s(769)s(780)----s(787)----s(795)--------s(798)-----s(802)--(800)---------s(803)---(800)-----------s-------s(801)-(800)-----s(804)----(800)--------------s(794)s(804)s(812)------s(818)--------5-s(822)s(834)---s(845)s(859)-s(874)-s(887)s(902)-s(914)-s(929)-s(941)-s(953)s(969)------s(977)--s(992)-s(1007)-------(1000)----------------------s(995)-----------s(998)s(1012)------s(1021)--s(1035)s(1052)s(1068)--s(1079)s(1093)---------s(1099)-------s(1109)---------(1100)----------------------------------------------------------------------------------------------------(1000)---------------------------------s(981)--------------------------------------------------------------------s(925)-s(937)s(951)------------s(955)--------------------s(947)---s(958)s(970)s(982)-s(998)--s(1011)---------s(1012)s(1024)s(1036)-s(1047)---------------------s(1039)-----------s(1041)-------------------s(1035)-----------------------------------(1000)--------------------------------------------s(966)-----------------s(960)-----------------------s(947)-s(957)---s(965)s(975)----------------s(970)s(983)s(994)s(1008)s(1023)---------s(1027)-----------------s(1020)-s(1034)s(1045)---------------------------------------s(1018)s(1030)-----------------s(1026)s(1039)------------s(1040)--s(1049)--------------------------------s(1034)------------s(1033)s(1042)---------------------6-s(1035)s(1051)-----------s(1056)--------------------------------------------------------(1000)----------------------------------------------------------------------------------------------------(900)------------------------------------------------s(866)------------------------------------------------------------------(800)------------------------------------------------------------------------s(743)------------------------------------------s(715)---------------(700)-----------s(705)-----(700)----------------------------------------------------------------------------------------------------(600)--------------------------s(589)-------s(597)----------------------------------------------s(566)-s(577)s(589)---s(599)-----------------------------s(581)------s(587)-----s(592)s(603)---(600)s(612)---------s(616)-------------ss(631)---s(641)s(655)s(669)s(684)----s(695)------------------------------------------------s(658)s(668)--------------------------------------------------------------------(600)---------------s(595)---------------------s(587)s(600)s(614)s(628)----------------------------(600)----------s(603)s(616)---s(625)s(638)s(652)s(666)---s(676)------------s(678)-------------------------s(666)-------------------------------------------------------------7-----(600)----------------------------------------------------------------------------------------------------(500)----------------------------------------------------------------------------------------------------(400)--------------------------------------------s(371)-------------ss(385)s(398)-------s(405)-s(419)-------------------(400)----s(409)-----s(418)------------------(400)------------------------------s(381)-----------------s(374)s(385)---------------------------------------s(358)----------------------------------------------------------(300)----------------------------------------------------------------------------------------------------(200)-----------------------------8-----------------------------------------------------------------------(100)-----s(108)--------(100)--------------------------------------------------------------------------------------9--------------
product criterion:7412 chain criterion:19143
std with hilb in (ZZ/179424673),(x18,x17,x16,x15,x14,x13,x12,x11,x10,x9,x8,x7,x6,x5,x4,x3,x2,x1,@),(lp(18),dp(1),C)
[65535:5]2(242)s(241)s(240)s(239)s(238)sss(237)ss(236)ss(235)s(237)s(239)s(241)s(242)s(246)s(250)s(255)s3(257)s(261)s(267)s(273)s(274)s(278)s(284)s(291)s(299)s(306)s(310)s(317)s(325)s(333)s(340)s(345)s(353)s(361)s(366)s(374)s(379)s(388)s(394)s(402)s(411)-s(425)s(431)s(441)s(448)s(454)s(462)s(471)s(477)shhhhhhhhhhhhhhhhhhhhhhhhhhhhhhhhhhh4(451)s(460)s(470)s(481)s(491)s(501)s(513)s(523)s(533)s(539)-s(548)s(558)s(569)-s(580)-s(590)s(599)s(612)s(622)s(636)---s(642)-s(655)s(667)s(677)-s(691)-s(700)s(710)s(719)s(730)--s(738)s(749)-s(756)--s(768)s(783)----s(789)------s(794)--s(804)----(800)--s(811)-s(820)s(834)s(846)s(857)s(869)-s(882)s(893)-s(903)-s(916)s(935)----s(946)---s(952)------s(959)s(971)-s(980)----------------s(975)-----------s(972)---s(981)-----------s-----s(985)----s(989)------s(991)s(1003)--s(1012)--------s(1013)-s(1024)----------------------s(1010)-----s(1018)---------------shhhhhhhhhhhhhhhhhhhhhhhhhhhhhhhhhhhhhhhhhhhhhhhhhhhhhhhhhhhhhhhhhhhhhhh5(945)s(958)s(972)s(985)s(998)----s(1007)-s(1020)s(1034)-s(1045)s(1060)s(1073)----s(1083)s(1098)s(1114)--s(1128)--s(1139)s(1154)s(1171)--s(1184)s(1197)-----s(1207)----s(1214)-s(1228)-s(1238)s(1250)--s(1262)s(1278)-----------------------------s(1265)s(1280)-----s(1287)s(1298)s(1314)--s(1326)s(1337)-s(1346)----s(1355)-s(1368)----s(1376)s(1393)s(1404)----(1400)s(1415)-------s(1420)-------s(1430)-----------------s(1429)---s(1442)----------------s(1439)s(1449)s(1460)--s(1474)s(1491)------------s(1490)----s(1497)-----s(1509)---------(1500)---s(1508)--------(1500)----s(1505)s(1515)---------------(1500)----s(1508)--------(1500)----------------------------s(1483)----------s(1484)s(1496)--------s(1499)--s(1510)--s(1517)----------s------s(1520)-s(1531)--------------------s(1521)---------------------(1500)----------s(1503)---(1500)---------------------s(1490)-------------s(1487)-------------s--------s(1489)-------------------s(1480)---------------------------------s(1458)-------------s---s(1467)------------s(1472)s(1485)-------------------------------s(1465)-----------s(1468)-s(1476)----------------------------------------------------------------------------(1400)-----s(1407)-----s(1417)-----------------(1400)----------------s(1397)------------shhhhhhhhhhhhhhhhhhhhhhhhhhhhhhhhhhhhhhhhhhhhhhhhhhhhhhhhhhhhhhhhhhhhhhhhhhhhhhhhhhhhhhhhhhhhhhhhhhhhhhhhhhhhhhhhhhhhhhhhhhhhhhhh6(1268)s(1283)s(1299)-s(1315)---------------(1300)--------------------------------------------------------------------------------------s(1228)-----------------------s(1217)-----------------(1200)---s(1210)s(1223)--------s(1230)-------------------------s(1218)s(1232)-----------s(1234)-------s(1241)-s(1253)------------s-----s(1262)s(1276)s(1291)--------------------------s(1280)-----------------------s(1273)s(1286)--------s(1291)-s(1305)-s(1318)--------s(1324)----s(1333)s(1346)-------------------s(1342)---s(1352)s(1365)s(1379)-------------------s(1375)s(1387)s(1400)-----------------------s(1393)s(1407)-------(1400)------------------s(1396)--------------------s(1391)------------------------------------------------------s(1349)s(1362)---------------------------------------s(1335)-----------s(1334)----------------------------------(1300)--------------------------------------s(1274)-----------s(1273)-----------------------------s(1257)---------------------------------------------------------(1200)---------------------------------------------------------------------------------------s(1125)-----s(1131)-------------------------------(1100)----------------------------------------------------------------------------------------------------(1000)----------------------------------------------------------------------------------------------------(900)---------------------------------------------------------------------------shhhhhhhhhhhhhhhhhhhhhhhhhhhhhhhhhhhhhhhhhhhhhhhhhhhhhhhhhhhhhhhhhhhhhhhhhhhhhhhhhhhhhhhhhhhhhhhhhhhhhhhhhhhhhhhhhhhhhhhhhhhhhhhhhhhhhhhhh7(701)s(717)-----------------(700)----------------------------------s(679)------s(685)-s(697)-s(709)----s(719)---s(729)s(743)-----------s(745)-------------s(746)---s(757)---s(769)------------------------------s(754)-------------------------s(744)------------------------------------s(720)--------s(725)-------------------------(700)----------------------------------------------------------------------------------------------------(600)-------s(603)---(600)--------------------------------------s(573)----------------------------------------------------------s(525)-------------------------(500)------------------shhhhhhhhhhhhhhhhhhhhhhhhhhhhhhhhhhhhhhhhhhhhhhhhhhhhhhhhhhhhhhhhhhhhhhhhhhhhhhhhhhhhhhhhhhhhhhhhhhhhhhhhhhhhhhhhhhhhhhhhhhhhhhhhhhhhhhhhhhhhhhhhhhhhhhhhhhhhhhhhhhhhhhhhhhhhhhhhhhhhhhhhhhhhhhhhhhhhhhhhhhhhhhhhhhh8(282)---------------shhhhhhhhhhhhhhhhhhhhhhhhhhhhhhhhhhhhhhhhhhhhhhhhhhhhhhhhhhhhhhhhhhhhhhhhhhhhhhhhhhhhhhhhhhhhhhhhhhhhhhhhhhhhhhhhhhhhhhhhhhhhhhhhhhhhhhhhhhhhhhhhhhhhhhhhhhhhhhhhhhhhhhhhhhhhhhhhhhhhhhhhhhhhhhhhhhhhhhhhhhhhhhhhhhhhhhhhhhhhhhhhhhhhhhhhhhhhhhhhhhhhhhhhhhhhhhhhhhhhhhhhhh9(15)--shhhhhhhhhhhhhhhhhhhhhhhhhhh
product criterion:8921 chain criterion:24147
hilbert series criterion:875
dehomogenization
simplification
imap to ring (ZZ/179424673),(x18,x17,x16,x15,x14,x13,x12,x11,x10,x9,x8,x7,x6,x5,x4,x3,x2,x1),(lp(18),C)
Auf Wiedersehen.
                     SINGULAR                                 /  Development
 A Computer Algebra System for Polynomial Computations       /   version 4.3.2
                                                           0<
 by: W. Decker, G.-M. Greuel, G. Pfister, H. Schoenemann     \   Feb 2023
FB Mathematik der Universitaet, D-67653 Kaiserslautern        \  Debian 1:4.3.2-p10+ds-1.1build1
// ** loaded /usr/bin/../share/singular/LIB/primdec.lib (4.3.2.9,Oct_2023)
// ** loaded /usr/bin/../share/singular/LIB/ring.lib (4.3.1.3,Feb_2023)
// ** loaded /usr/bin/../share/singular/LIB/absfact.lib (4.1.2.0,Feb_2019)
// ** loaded /usr/bin/../share/singular/LIB/triang.lib (4.1.2.0,Feb_2019)
// ** loaded /usr/bin/../share/singular/LIB/matrix.lib (4.3.2.3,Aug_2023)
// ** loaded /usr/bin/../share/singular/LIB/nctools.lib (4.1.2.0,Feb_2019)
// ** loaded /usr/bin/../share/singular/LIB/inout.lib (4.1.2.0,Feb_2019)
// ** loaded /usr/bin/../share/singular/LIB/random.lib (4.1.2.0,Feb_2019)
// ** loaded /usr/bin/../share/singular/LIB/polylib.lib (4.2.0.0,Dec_2020)
// ** loaded /usr/bin/../share/singular/LIB/elim.lib (4.3.2.5,Jul_2023)
// ** loaded /usr/bin/../share/singular/LIB/general.lib (4.1.2.0,Feb_2019)
map with cache
map with cache
map with cache
map with cache
map with cache
map with cache
map with cache
map with cache
map with cache
map with cache
map with cache
map with cache
map with cache
map with cache
map with cache
map with cache
map with cache
std in (ZZ/179424673),(x18,x17,x16,x15,x14,x13,x12,x11,x10,x9,x8,x7,x6,x5,x4,x3,x2,x1),(dp(18),C)
[65535:6]1(17)s(16)s(15)s(14)s(13)s(12)s(11)s(10)s(9)s(8)s(7)s(6)s(5)s(4)s(3)s(2)ss3s
(S:17)-----------------
product criterion:153 chain criterion:0
[65535:5]1(17)s(16)s(15)s(14)s(13)s(12)s(11)s(10)s(9)s(8)s(7)s(6)s(5)s(4)s(3)s(2)ss3s
(S:17)-----------------
product criterion:153 chain criterion:0
map is a permutation
[65535:6]1(18)s(17)s(16)s(15)s(14)s(13)s(12)s(11)s(10)s(9)s(8)s(7)s(6)s(5)s(4)s(3)s(2)sss
(S:18)------------------
product criterion:171 chain criterion:0
[65535:5]1(17)s(16)s(15)s(14)s(13)s(12)s(11)s(10)s(9)s(8)s(7)s(6)s(5)s(4)s(3)s(2)sss
(S:17)-----------------
product criterion:153 chain criterion:0
{1}[65535:7]1(17)s(16)s(15)s(14)s(13)s(12)s(11)s(10)s(9)s(8)s(7)s(6)s(5)s(4)s(3)s(2)sss2(16)----------------
(S:18)-------------------
product criterion:0 chain criterion:0
(S:18)rrrrrrrrrrrrrrrrrr
[65535:5]1(17)s(16)s(15)s(14)s(13)s(12)s(11)s(10)s(9)s(8)s(7)s(6)s(5)s(4)s(3)s(2)sss
(S:17)-----------------
product criterion:153 chain criterion:0
intersect by elimination method
[65535:7]1(18)s2(17)s(16)s(15)s(14)s(13)s(12)s(11)s(10)s(9)s(8)s(7)s(6)s(5)s(4)s(3)s(2)sss
(S:18)------------------
product criterion:171 chain criterion:0
map is a permutation
[65535:6]1(18)s(17)s(16)s(15)s(14)s(13)s(12)s(11)s(10)s(9)s(8)s(7)s(6)s(5)s(4)s(3)s(2)ss2s
(S:0)
product criterion:171 chain criterion:0
map is a permutation
[65535:6]1(18)s(17)s(16)s(15)s(14)s(13)s(12)s(11)s(10)s(9)s(8)s(7)s(6)s(5)s(4)s(3)s(2)ss2s
(S:0)
product criterion:171 chain criterion:0
map is a permutation
[65535:6]1(18)s(17)s(16)s(15)s(14)s(13)s(12)s(11)s(10)s(9)s(8)s(7)s(6)s(5)s(4)s(3)s(2)ss2s
(S:0)
product criterion:171 chain criterion:0
map is a permutation
[65535:6]1(18)s(17)s(16)s(15)s(14)s(13)s(12)s(11)s(10)s(9)s(8)s(7)s(6)s(5)s(4)s(3)s(2)ss2s
(S:0)
product criterion:171 chain criterion:0
map is a permutation
[65535:6]1(18)s(17)s(16)s(15)s(14)s(13)s(12)s(11)s(10)s(9)s(8)s(7)s(6)s(5)s(4)s(3)s(2)ss2s
(S:0)
product criterion:171 chain criterion:0
map is a permutation
[65535:6]1(18)s(17)s(16)s(15)s(14)s(13)s(12)s(11)s(10)s(9)s(8)s(7)s(6)s(5)s(4)s(3)s(2)ss2s
(S:0)
product criterion:171 chain criterion:0
map is a permutation
[65535:6]1(18)s(17)s(16)s(15)s(14)s(13)s(12)s(11)s(10)s(9)s(8)s(7)s(6)s(5)s(4)s(3)s(2)ss2s
(S:0)
product criterion:171 chain criterion:0
map is a permutation
[65535:6]1(18)s(17)s(16)s(15)s(14)s(13)s(12)s(11)s(10)s(9)s(8)s(7)s(6)s(5)s(4)s(3)s(2)ss2s
(S:0)
product criterion:171 chain criterion:0
map is a permutation
[65535:6]1(18)s(17)s(16)s(15)s(14)s(13)s(12)s(11)s(10)s(9)s(8)s(7)s(6)s(5)s(4)s(3)s(2)ss2s
(S:0)
product criterion:171 chain criterion:0
map is a permutation
[65535:6]1(18)s(17)s(16)s(15)s(14)s(13)s(12)s(11)s(10)s(9)s(8)s(7)s(6)s(5)s(4)s(3)s(2)ss2s
(S:0)
product criterion:171 chain criterion:0
map is a permutation
[65535:6]1(18)s(17)s(16)s(15)s(14)s(13)s(12)s(11)s(10)s(9)s(8)s(7)s(6)s(5)s(4)s(3)s(2)ss2s
(S:0)
product criterion:171 chain criterion:0
map is a permutation
[65535:6]1(18)s(17)s(16)s(15)s(14)s(13)s(12)s(11)s(10)s(9)s(8)s(7)s(6)s(5)s(4)s(3)s(2)ss2s
(S:0)
product criterion:171 chain criterion:0
map is a permutation
[65535:6]1(18)s(17)s(16)s(15)s(14)s(13)s(12)s(11)s(10)s(9)s(8)s(7)s(6)s(5)s(4)s(3)s(2)ss2s
(S:0)
product criterion:171 chain criterion:0
map is a permutation
[65535:6]1(18)s(17)s(16)s(15)s(14)s(13)s(12)s(11)s(10)s(9)s(8)s(7)s(6)s(5)s(4)s(3)s(2)ss2s
(S:0)
product criterion:171 chain criterion:0
map is a permutation
[65535:6]1(18)s(17)s(16)s(15)s(14)s(13)s(12)s(11)s(10)s(9)s(8)s(7)s(6)s(5)s(4)s(3)s(2)ss2s
(S:0)
product criterion:171 chain criterion:0
map is a permutation
[65535:6]1(18)s(17)s(16)s(15)s(14)s(13)s(12)s(11)s(10)s(9)s(8)s(7)s(6)s(5)s(4)s(3)s(2)ss2s
(S:0)
product criterion:171 chain criterion:0
map is a permutation
[65535:6]1(18)s(17)s(16)s(15)s(14)s(13)s(12)s(11)s(10)s(9)s(8)s(7)s(6)s(5)s(4)s(3)s(2)ss2s
(S:0)
product criterion:171 chain criterion:0
map is a permutation
[65535:6]1(18)s(17)s(16)s(15)s(14)s(13)s(12)s(11)s(10)s(9)s(8)s(7)s(6)s(5)s(4)s(3)s(2)ss2s
(S:0)
product criterion:171 chain criterion:0
[65535:5]1(17)s(16)s(15)s(14)s(13)s(12)s(11)s(10)s(9)s(8)s(7)s(6)s(5)s(4)s(3)s(2)sss
(S:17)-----------------
product criterion:153 chain criterion:0
map is a permutation
[65535:6]1(18)s(17)s(16)s(15)s(14)s(13)s(12)s(11)s(10)s(9)s(8)s(7)s(6)s(5)s(4)s(3)s(2)ss2s
(S:18)------------------
product criterion:171 chain criterion:0
[65535:5]1(17)s(16)s(15)s(14)s(13)s(12)s(11)s(10)s(9)s(8)s(7)s(6)s(5)s(4)s(3)s(2)ss2s
(S:17)-----------------
product criterion:153 chain criterion:0
{1}[65535:7]1(17)s(16)s(15)s(14)s(13)s(12)s(11)s(10)s(9)s(8)s(7)s(6)s(5)s(4)s(3)s(2)ss2s3(16)----------------
(S:18)-------------------
product criterion:0 chain criterion:0
(S:18)rrrrrrrrrrrrrrrrrr
[65535:5]1(17)s(16)s(15)s(14)s(13)s(12)s(11)s(10)s(9)s(8)s(7)s(6)s(5)s(4)s(3)s(2)ss2s
(S:17)-----------------
product criterion:153 chain criterion:0
map is a permutation
intersect by elimination method
[65535:7]1(18)s2(17)s(16)s(15)s(14)s(13)s(12)s(11)s(10)s(9)s(8)s(7)s(6)s(5)s(4)s(3)s(2)ss3s
(S:18)------------------
product criterion:171 chain criterion:0
map is a permutation
[65535:6]1(18)s(17)s(16)s(15)s(14)s(13)s(12)s(11)s(10)s(9)s(8)s(7)s(6)s(5)s(4)s(3)s(2)s2s.4
(S:0)
product criterion:153 chain criterion:0
map is a permutation
[65535:6]1(18)s(17)s(16)s(15)s(14)s(13)s(12)s(11)s(10)s(9)s(8)s(7)s(6)s(5)s(4)s(3)s(2)s2s.4
(S:0)
product criterion:153 chain criterion:0
map is a permutation
[65535:6]1(18)s(17)s(16)s(15)s(14)s(13)s(12)s(11)s(10)s(9)s(8)s(7)s(6)s(5)s(4)s(3)s(2)s2s.4
(S:0)
product criterion:153 chain criterion:0
map is a permutation
[65535:6]1(18)s(17)s(16)s(15)s(14)s(13)s(12)s(11)s(10)s(9)s(8)s(7)s(6)s(5)s(4)s(3)s(2)s2s.4
(S:0)
product criterion:153 chain criterion:0
map is a permutation
[65535:6]1(18)s(17)s(16)s(15)s(14)s(13)s(12)s(11)s(10)s(9)s(8)s(7)s(6)s(5)s(4)s(3)s(2)s2s.4
(S:0)
product criterion:153 chain criterion:0
map is a permutation
[65535:6]1(18)s(17)s(16)s(15)s(14)s(13)s(12)s(11)s(10)s(9)s(8)s(7)s(6)s(5)s(4)s(3)s(2)s2s.4
(S:0)
product criterion:153 chain criterion:0
map is a permutation
[65535:6]1(18)s(17)s(16)s(15)s(14)s(13)s(12)s(11)s(10)s(9)s(8)s(7)s(6)s(5)s(4)s(3)s(2)s2s.4
(S:0)
product criterion:153 chain criterion:0
map is a permutation
[65535:6]1(18)s(17)s(16)s(15)s(14)s(13)s(12)s(11)s(10)s(9)s(8)s(7)s(6)s(5)s(4)s(3)s(2)s2s.4
(S:0)
product criterion:153 chain criterion:0
map is a permutation
[65535:6]1(18)s(17)s(16)s(15)s(14)s(13)s(12)s(11)s(10)s(9)s(8)s(7)s(6)s(5)s(4)s(3)s(2)s2s.4
(S:0)
product criterion:153 chain criterion:0
map is a permutation
[65535:6]1(18)s(17)s(16)s(15)s(14)s(13)s(12)s(11)s(10)s(9)s(8)s(7)s(6)s(5)s(4)s(3)s(2)s2s.4
(S:0)
product criterion:153 chain criterion:0
map is a permutation
[65535:6]1(18)s(17)s(16)s(15)s(14)s(13)s(12)s(11)s(10)s(9)s(8)s(7)s(6)s(5)s(4)s(3)s(2)s2s.4
(S:0)
product criterion:153 chain criterion:0
map is a permutation
[65535:6]1(18)s(17)s(16)s(15)s(14)s(13)s(12)s(11)s(10)s(9)s(8)s(7)s(6)s(5)s(4)s(3)s(2)s2s.4
(S:0)
product criterion:153 chain criterion:0
map is a permutation
[65535:6]1(18)s(17)s(16)s(15)s(14)s(13)s(12)s(11)s(10)s(9)s(8)s(7)s(6)s(5)s(4)s(3)s(2)s2s.4
(S:0)
product criterion:153 chain criterion:0
map is a permutation
[65535:6]1(18)s(17)s(16)s(15)s(14)s(13)s(12)s(11)s(10)s(9)s(8)s(7)s(6)s(5)s(4)s(3)s(2)s2s.4
(S:0)
product criterion:153 chain criterion:0
map is a permutation
[65535:6]1(18)s(17)s(16)s(15)s(14)s(13)s(12)s(11)s(10)s(9)s(8)s(7)s(6)s(5)s(4)s(3)s(2)s2s.4
(S:0)
product criterion:153 chain criterion:0
map is a permutation
[65535:6]1(18)s(17)s(16)s(15)s(14)s(13)s(12)s(11)s(10)s(9)s(8)s(7)s(6)s(5)s(4)s(3)s(2)s2s.4
(S:0)
product criterion:153 chain criterion:0
map is a permutation
[65535:6]1(18)s(17)s(16)s(15)s(14)s(13)s(12)s(11)s(10)s(9)s(8)s(7)s(6)s(5)s(4)s(3)s(2)s2s.4
(S:0)
product criterion:153 chain criterion:0
map is a permutation
[65535:6]1(18)s(17)s(16)s(15)s(14)s(13)s(12)s(11)s(10)s(9)s(8)s(7)s(6)s(5)s(4)s(3)s(2)s2s3s
(S:0)
product criterion:171 chain criterion:0
[65535:5]1(17)s(16)s(15)s(14)s(13)s(12)s(11)s(10)s(9)s(8)s(7)s(6)s(5)s(4)s(3)s(2)ss2s
(S:17)-----------------
product criterion:153 chain criterion:0
// ** _ is no standard basis
// ** _ is no standard basis
Auf Wiedersehen.
                     SINGULAR                                 /  Development
 A Computer Algebra System for Polynomial Computations       /   version 4.3.2
                                                           0<
 by: W. Decker, G.-M. Greuel, G. Pfister, H. Schoenemann     \   Feb 2023
FB Mathematik der Universitaet, D-67653 Kaiserslautern        \  Debian 1:4.3.2-p10+ds-1.1build1
compute hilbert series with std in ring (ZZ/179424673),(x18,x17,x16,x15,x14,x13,x12,x11,x10,x9,x8,x7,x6,x5,x4,x3,x2,x1,@),(dp(19),C)
weights used for hilbert series: 1,1,1,1,1,1,1,1,1,1,1,1,1,1,1,1,1,1,1
[65535:5]1(17)s(16)s(15)s(14)s(13)s(12)s(11)s(10)s(9)s2(8)s(7)ss3-sss(8)s(10)s(12)s(15)s4(20)-----s(18)s(22)s(27)s(33)s(40)-s(41)s(44)s(48)s(53)s(57)s(62)s(68)s(73)s(79)s5(85)-------------------------------------------------------------------------------------
product criterion:334 chain criterion:118
std with hilb in (ZZ/179424673),(x18,x17,x16,x15,x14,x13,x12,x11,x10,x9,x8,x7,x6,x5,x4,x3,x2,x1,@),(lp(18),dp(1),C)
[65535:5]1(33)s(32)s(31)s(30)s(29)s(28)s(27)s(26)s(25)s2(24)s(23)ss3(24)-s(23)s(24)-s(25)s(28)s(32)s(37)s(43)s4(50)---s(48)-s(49)s(50)s(52)s(54)s(57)s(59)s(62)s(65)s(69)s(72)s(75)s(79)s(83)s(88)s(92)s(96)s(100)s(105)s(110)s(116)s(121)s(126)s(131)---s(135)s(141)s(147)s(153)shhhhhhhhhhhhhhhhhhhhhhhhhhhhhhhhhhhhhhhhhhhhhhhhhhhhhhhhhhhhhhhhhhhhhhhhhhhhhhhhhhhhhhhhhhhhhhhhhhhhhhhhhhhhhhhhhhhhhhhhhhhhhhhhhhhhhhhhhhhhhhhhhhhhhhhhhhhhhhhh
product criterion:590 chain criterion:402
hilbert series criterion:160
dehomogenization
simplification
imap to ring (ZZ/179424673),(x18,x17,x16,x15,x14,x13,x12,x11,x10,x9,x8,x7,x6,x5,x4,x3,x2,x1),(lp(18),C)
Auf Wiedersehen.
                     SINGULAR                                 /  Development
 A Computer Algebra System for Polynomial Computations       /   version 4.3.2
                                                           0<
 by: W. Decker, G.-M. Greuel, G. Pfister, H. Schoenemann     \   Feb 2023
FB Mathematik der Universitaet, D-67653 Kaiserslautern        \  Debian 1:4.3.2-p10+ds-1.1build1
compute hilbert series with std in ring (ZZ/179424673),(x18,x17,x16,x15,x14,x13,x12,x11,x10,x9,x8,x7,x6,x5,x4,x3,x2,x1,@),(dp(19),C)
weights used for hilbert series: 1,1,1,1,1,1,1,1,1,1,1,1,1,1,1,1,1,1,1
[65535:5]1(17)s(16)s(15)s(14)s(13)s(12)s(11)s(10)s2(9)s(8)s(7)s(8)s3(7)s(8)s(11)s(12)s(14)s(17)s(18)s(22)s4(28)---s(27)---s(28)s(31)s(35)s(39)s(44)s(50)s(53)s(60)s(64)s(69)s(75)s(82)s(85)s(89)s(94)s(100)s(105)s(111)s(118)s(124)s(131)s5(138)s(147)-----s(153)---s(155)s(160)s(166)s(172)s(179)s(186)------s(187)--s(196)--s(200)--s(205)---s(210)-s(217)-------------s(213)--------s-------------(200)---s(205)s(213)-------------(200)----------------------------6------------------------------------------------------------------------(100)----------------------------------------------------------------------------------------------------
product criterion:660 chain criterion:846
std with hilb in (ZZ/179424673),(x18,x17,x16,x15,x14,x13,x12,x11,x10,x9,x8,x7,x6,x5,x4,x3,x2,x1,@),(lp(18),dp(1),C)
[65535:5]1(60)s(59)s(58)s(57)s(56)s(55)s(54)s(53)s2(52)s(51)s(50)ss3(51)s(52)s(53)s(56)--ss(59)s(63)s(68)s(74)s4(81)----s(79)-s(80)s(82)s(86)s(88)s(91)s(96)s(98)s(101)s(105)s(111)s(114)s(117)s(121)s(126)s(133)s(137)s(141)s(145)s(150)s(156)s(164)s(169)s(174)s(179)s(184)--s(191)s(197)s(203)s(209)s(215)shhhhhhhhhhhhhhhhhhhhhhh5(198)------s(195)-----s(198)-----s(197)-s(204)-s(212)-------s(210)-s(213)s(220)-s(223)------------s(217)-s(221)s(228)-s(232)-----s(233)s(239)---------------s(231)-s(235)s(242)-s(246)-----s(248)s(255)------ss(261)----------s(259)s(266)---s(271)s(279)----s(282)s(289)------ss(295)------------s(292)----s(297)s(306)----s(310)s(318)------s(319)s(326)---------s(324)shhhhhhhhhhhhhhhhhhhhhhhhhhh6(304)----(300)----------------------------------------------------------------------------------------------------(200)---------------------------------------s(170)-------s(172)-----------------------------------s(145)------shhhhhhhhhhhhhhhhhhhhhhhhhhhhhhhhhhhhhhhhhhhhhhhhhhhhhhhhhhhhhhhhhhhhhhhhhhhhhhhhhhhhhhhhhhhhhhhhhhhhhhhhhhhhhh7(37)--------------------------------s(14)shhhh8(19)----------------s(12)shh9(19)----------------s(11)shhhhhhhhhhhhhhhhhhhh
product criterion:1903 chain criterion:2726
hilbert series criterion:186
dehomogenization
simplification
imap to ring (ZZ/179424673),(x18,x17,x16,x15,x14,x13,x12,x11,x10,x9,x8,x7,x6,x5,x4,x3,x2,x1),(lp(18),C)
Auf Wiedersehen.
                     SINGULAR                                 /  Development
 A Computer Algebra System for Polynomial Computations       /   version 4.3.2
                                                           0<
 by: W. Decker, G.-M. Greuel, G. Pfister, H. Schoenemann     \   Feb 2023
FB Mathematik der Universitaet, D-67653 Kaiserslautern        \  Debian 1:4.3.2-p10+ds-1.1build1
// ** loaded /usr/bin/../share/singular/LIB/primdec.lib (4.3.2.9,Oct_2023)
// ** loaded /usr/bin/../share/singular/LIB/ring.lib (4.3.1.3,Feb_2023)
// ** loaded /usr/bin/../share/singular/LIB/absfact.lib (4.1.2.0,Feb_2019)
// ** loaded /usr/bin/../share/singular/LIB/triang.lib (4.1.2.0,Feb_2019)
// ** loaded /usr/bin/../share/singular/LIB/matrix.lib (4.3.2.3,Aug_2023)
// ** loaded /usr/bin/../share/singular/LIB/nctools.lib (4.1.2.0,Feb_2019)
// ** loaded /usr/bin/../share/singular/LIB/inout.lib (4.1.2.0,Feb_2019)
// ** loaded /usr/bin/../share/singular/LIB/random.lib (4.1.2.0,Feb_2019)
// ** loaded /usr/bin/../share/singular/LIB/polylib.lib (4.2.0.0,Dec_2020)
// ** loaded /usr/bin/../share/singular/LIB/elim.lib (4.3.2.5,Jul_2023)
// ** loaded /usr/bin/../share/singular/LIB/general.lib (4.1.2.0,Feb_2019)
[65535:5]1(17)s(16)s(15)s(14)s(13)s(12)s(11)s(10)s(9)s(8)s(7)s2(6)s3(5)s(4)s(3)s(2)sss
(S:17)-----------------
product criterion:153 chain criterion:0
// ** redefining j (int j = 2;)
rt
Auf Wiedersehen.

Set::setraw: Cannot assign to raw object 1.

Set::setraw: Cannot assign to raw object 1.
                     SINGULAR                                 /  Development
 A Computer Algebra System for Polynomial Computations       /   version 4.3.2
                                                           0<
 by: W. Decker, G.-M. Greuel, G. Pfister, H. Schoenemann     \   Feb 2023
FB Mathematik der Universitaet, D-67653 Kaiserslautern        \  Debian 1:4.3.2-p10+ds-1.1build1
// ** loaded /usr/bin/../share/singular/LIB/primdec.lib (4.3.2.9,Oct_2023)
// ** loaded /usr/bin/../share/singular/LIB/ring.lib (4.3.1.3,Feb_2023)
// ** loaded /usr/bin/../share/singular/LIB/absfact.lib (4.1.2.0,Feb_2019)
// ** loaded /usr/bin/../share/singular/LIB/triang.lib (4.1.2.0,Feb_2019)
// ** loaded /usr/bin/../share/singular/LIB/matrix.lib (4.3.2.3,Aug_2023)
// ** loaded /usr/bin/../share/singular/LIB/nctools.lib (4.1.2.0,Feb_2019)
// ** loaded /usr/bin/../share/singular/LIB/inout.lib (4.1.2.0,Feb_2019)
// ** loaded /usr/bin/../share/singular/LIB/random.lib (4.1.2.0,Feb_2019)
// ** loaded /usr/bin/../share/singular/LIB/polylib.lib (4.2.0.0,Dec_2020)
// ** loaded /usr/bin/../share/singular/LIB/elim.lib (4.3.2.5,Jul_2023)
// ** loaded /usr/bin/../share/singular/LIB/general.lib (4.1.2.0,Feb_2019)
[65535:5]1(17)s(16)s(15)s(14)s(13)s(12)s(11)s(10)s2(9)s(8)s(7)s(6)s3(5)s(4)s(3)s(2)sss
(S:17)-----------------
product criterion:153 chain criterion:0
// ** redefining j (int j = 2;)
rt
// ** redefining p (    poly p = reduce(kb[a]*kb[b], gb);)
rt
// ** redefining b (int b = 1;)
// ** redefining p (    poly p = reduce(kb[a]*kb[b], gb);)
rt
// ** redefining p (    poly p = reduce(kb[a]*kb[b], gb);)
rt
Auf Wiedersehen.

Set::write: Tag String in A[9] is Protected.

Set::setraw: Cannot assign to raw object 1.

General::stop: Further output of Set::setraw will be suppressed during this calculation.

Set::write: Tag Plus in 23271076 - 5668617 A[9] is Protected.

Set::write: Tag String in A[9] is Protected.

General::stop: Further output of Set::write will be suppressed during this calculation.
  >> 2 region(s): expReg=3.8160000000000003s  build=0.158s
  [sector total: 3.982s]
#Non-triv Sectors = 1

