
      +++  sector:  {1, 1, 0, 1, 0, 1, 0, 0, 0}  (1/1)  +++ 
                     SINGULAR                                 /  Development
 A Computer Algebra System for Polynomial Computations       /   version 4.3.2
                                                           0<
 by: W. Decker, G.-M. Greuel, G. Pfister, H. Schoenemann     \   Feb 2023
FB Mathematik der Universitaet, D-67653 Kaiserslautern        \  Debian 1:4.3.2-p10+ds-1.1build1
compute hilbert series with std in ring (ZZ/179424673),(x18,x17,x16,x15,x14,x13,x12,x11,x10,x9,x8,x7,x6,x5,x4,x3,x2,x1,@),(dp(19),C)
weights used for hilbert series: 1,1,1,1,1,1,1,1,1,1,1,1,1,1,1,1,1,1,1
[65535:5]2(18)s(17)s(16)s(15)s(14)s(13)s(12)s(11)s(10)s(9)s(10)s(12)s(13)s(16)s(20)s(21)s(22)s(24)s(28)s3(33)s(37)s(38)s(44)s(47)s(52)s(58)s(66)s(71)s(77)s(85)s(93)s(98)s(108)s(117)s(128)-s(135)s(141)s(148)-s(154)s(161)s(169)s(181)s(179)s(189)s(200)s(207)s(218)s(224)-s(233)-4--------------------s(222)--s(230)------------------------------(200)-----------------------------------------------------------------------------------------s(121)--------s(126)s(136)-s(143)--------ss(150)s(163)--------s(164)--s(171)------s(173)-----------------------5-----------------------------------s(125)-------------------------(100)---------------------------------------s(72)-------------------------------------------6-----------------------------
product criterion:980 chain criterion:459
std with hilb in (ZZ/179424673),(x18,x17,x16,x15,x14,x13,x12,x11,x10,x9,x8,x7,x6,x5,x4,x3,x2,x1,@),(lp(18),dp(1),C)
[65535:5]2(61)s(60)ss(59)s(58)s(57)s(56)sssss(57)ss(59)ss(62)s(64)s(66)s(69)s3(72)s(75)s(79)s(84)s(91)s(96)s(104)s(115)s(118)s(122)s(129)s(133)s(139)s(148)s(154)-s(167)s(175)s(186)-s(184)s(191)s(200)s(210)s(221)s(228)s(239)shhhhhhhhhhhhhhhhhhhhhhhhhhhhhhhh4(217)-------s(223)s(237)--------------------s(227)------------------------s(215)s(222)s(235)s(248)s(257)------------------------------------------s(223)---------------s(218)-s(226)-------------s(223)--------------shhhhhhhhhhhhhhhhhhhhhhhhhhhhhhhhhhhhhhhhhhhhhhhh5(170)-----------------s(165)-------shhhhhhhhhhhhhhhhhhhhhhhhhhhhhhhhhhhhhhhhhhhhhhhhhhhhhhhhhhhhhhhhhhhhhhhhhhhhhhhhhhhhhhhhhhhhhhhhhhhhhhhhhhhhhhhhhhhhhhhhhhhhhhhhhhhhhhhhhhhhhhhhhhhhhhhhhhhhhhhhhhhhhhhhhhhh
product criterion:831 chain criterion:463
hilbert series criterion:252
dehomogenization
simplification
imap to ring (ZZ/179424673),(x18,x17,x16,x15,x14,x13,x12,x11,x10,x9,x8,x7,x6,x5,x4,x3,x2,x1),(lp(18),C)
Auf Wiedersehen.
  >> 0 regions (all trivial): expReg=0.505s
  [sector total: 0.513s]
#Non-triv Sectors = 0

