
      +++  sector:  {0, 0, 0, 0, 0, 1, 1, 0, 0}  (1/1)  +++ 
                     SINGULAR                                 /  Development
 A Computer Algebra System for Polynomial Computations       /   version 4.3.2
                                                           0<
 by: W. Decker, G.-M. Greuel, G. Pfister, H. Schoenemann     \   Feb 2023
FB Mathematik der Universitaet, D-67653 Kaiserslautern        \  Debian 1:4.3.2-p10+ds-1.1build1
compute hilbert series with std in ring (ZZ/179424673),(x18,x17,x16,x15,x14,x13,x12,x11,x10,x9,x8,x7,x6,x5,x4,x3,x2,x1,@),(dp(19),C)
weights used for hilbert series: 1,1,1,1,1,1,1,1,1,1,1,1,1,1,1,1,1,1,1
[65535:5]2(18)s(17)s(16)s(15)s(14)s(13)s(12)s(11)s(10)s(9)s(10)s(12)s(14)s(17)s(21)s(20)-s(22)s(24)s3(28)----s(26)---s(29)-s(33)s(40)s(48)s(55)----------s(48)---4---------------s(34)--------s(32)-----s(35)s(43)----------5------------s(30)s(39)----s(44)------s(47)------6-s(46)s(51)-------------s(48)s(58)---------------------7-----------s(34)s(41)------------------------8-----------------
product criterion:328 chain criterion:166
std with hilb in (ZZ/179424673),(x18,x17,x16,x15,x14,x13,x12,x11,x10,x9,x8,x7,x6,x5,x4,x3,x2,x1,@),(lp(18),dp(1),C)
[65535:5]2(38)s(37)s(36)s(35)s(34)ss(33)s(34)ss(36)ss(35)s(34)s(33)s(34)s(36)s(41)s(45)s3(49)--s(52)--s(56)-s(64)-s(68)s(74)-----s(77)-shhhhhhhhhhhhhhhhh4(68)--s(76)----s(81)--------sshhhhhhhhhhhhhhhhhhhhhhhhhhhhhhhhhhh5(55)---------s-s(64)s(73)shhhhhhhhhhhhhhhhhhhhhhhhhhhhhhhhhh6(49)-s(58)-s(68)--s(76)-shhhhhhhhhhhhhhhhhhhhhhhhhhhhhhhhhhhhh7(49)s(60)-shhhhhhhhhhhhhhhhhhhhhhhhhhhhhhhhhhhhhhhhhhhhhhhhhhhhhhhhhhhhhhhhhhhhhhhh
product criterion:328 chain criterion:175
hilbert series criterion:195
dehomogenization
simplification
imap to ring (ZZ/179424673),(x18,x17,x16,x15,x14,x13,x12,x11,x10,x9,x8,x7,x6,x5,x4,x3,x2,x1),(lp(18),C)
Auf Wiedersehen.
  >> 0 regions (all trivial): expReg=0.5700000000000001s
  [sector total: 0.579s]
#Non-triv Sectors = 0

