
      +++  sector:  {1, 0, 1, 1, 0, 0, 0, 0, 0}  (1/1)  +++ 
                     SINGULAR                                 /  Development
 A Computer Algebra System for Polynomial Computations       /   version 4.3.2
                                                           0<
 by: W. Decker, G.-M. Greuel, G. Pfister, H. Schoenemann     \   Feb 2023
FB Mathematik der Universitaet, D-67653 Kaiserslautern        \  Debian 1:4.3.2-p10+ds-1.1build1
compute hilbert series with std in ring (ZZ/179424673),(x18,x17,x16,x15,x14,x13,x12,x11,x10,x9,x8,x7,x6,x5,x4,x3,x2,x1,@),(dp(19),C)
weights used for hilbert series: 1,1,1,1,1,1,1,1,1,1,1,1,1,1,1,1,1,1,1
[65535:5]2(18)s(17)s(16)s(15)s(14)s(13)s(12)s(11)s(10)s(9)s(10)s(12)s(11)s(14)s(18)s(19)s(20)s(22)s(26)s3(31)--s(32)--s(34)---s(33)s(36)s(43)s(49)s(59)--------s(52)--s(55)s(57)s(64)-s(69)-4-----------------------s(52)----------------------s(37)------------------5-------------------
product criterion:333 chain criterion:40
std with hilb in (ZZ/179424673),(x18,x17,x16,x15,x14,x13,x12,x11,x10,x9,x8,x7,x6,x5,x4,x3,x2,x1,@),(lp(18),dp(1),C)
[65535:5]2(32)s(31)s(30)s(29)ss(28)ssss(30)s(29)ss(32)s(31)s(30)s(33)s(35)s(39)ss3(42)-s(46)s(52)-s(57)s(65)s(75)s(86)----------s(84)-s(90)shhhhhhhhhhhhhhhhhhh4(81)------s(87)-----------shhhhhhhhhhhhhhhhhhhhhhhhhhhhhhhhhhhhhhhhhhhhhhhhhhhhhhhhhhhhhhhhhhhhhhhhhhhhhhhhhhhhh
product criterion:272 chain criterion:32
hilbert series criterion:104
dehomogenization
simplification
imap to ring (ZZ/179424673),(x18,x17,x16,x15,x14,x13,x12,x11,x10,x9,x8,x7,x6,x5,x4,x3,x2,x1),(lp(18),C)
Auf Wiedersehen.
  >> 0 regions (all trivial): expReg=0.5730000000000001s
  [sector total: 0.582s]
#Non-triv Sectors = 0

