
      +++  sector:  {0, 1, 0, 1, 1, 0, 0, 0, 0}  (1/1)  +++ 
                     SINGULAR                                 /  Development
 A Computer Algebra System for Polynomial Computations       /   version 4.3.2
                                                           0<
 by: W. Decker, G.-M. Greuel, G. Pfister, H. Schoenemann     \   Feb 2023
FB Mathematik der Universitaet, D-67653 Kaiserslautern        \  Debian 1:4.3.2-p10+ds-1.1build1
compute hilbert series with std in ring (ZZ/179424673),(x18,x17,x16,x15,x14,x13,x12,x11,x10,x9,x8,x7,x6,x5,x4,x3,x2,x1,@),(dp(19),C)
weights used for hilbert series: 1,1,1,1,1,1,1,1,1,1,1,1,1,1,1,1,1,1,1
[65535:5]2(18)s(17)s(16)s(15)s(14)s(13)s(12)s(11)s(10)s(9)s(10)s(12)s(15)s(16)s(20)s(22)s(24)s(27)s(32)s3(31)----s--s(35)s(40)-s(47)-s(53)s(65)-s(69)s(75)--s(79)-----------4----------s(61)---s(66)-s(68)-s(75)--s(85)-----s(89)s(97)s(106)------(100)---------------s(93)s(100)--------5---------------------------s(74)------------s(71)----------------s(64)-s(70)-----------------s(63)s(71)-------6----------------s(56)-------s(60)---------s(56)----------------------------7----------------------------
product criterion:522 chain criterion:258
std with hilb in (ZZ/179424673),(x18,x17,x16,x15,x14,x13,x12,x11,x10,x9,x8,x7,x6,x5,x4,x3,x2,x1,@),(lp(18),dp(1),C)
[65535:5]2(46)s(45)s(44)ss(43)s(42)s(41)s(40)ss(41)s(40)s(43)ss(44)s(43)s(47)s(49)s(51)s(54)s3(57)-s(61)-s(65)-s(70)s(76)-s(83)s(94)---------shhhhhhhhhhhhhhhhhhh4(74)--s(79)--s(84)-s(96)s(107)s(117)s(126)------------------------s(110)--shhhhhhhhhhhhhhhhhhh5(96)-----------s(95)------------s(92)s(102)--(100)--s(106)------(100)----------s(99)shhhhhhhhhhhhhhhhhhhhhhhhhhhhhhhhhh6(73)----------------s(66)---s(75)-shhhhhhhhhhhhhhhhhhhhhhhhhhhhhhhhhhhhhhhhhhhhhhhhh7(35)---------------------shhhhhhhhhhhhhhhhhhhhhhhhh
product criterion:458 chain criterion:216
hilbert series criterion:146
dehomogenization
simplification
imap to ring (ZZ/179424673),(x18,x17,x16,x15,x14,x13,x12,x11,x10,x9,x8,x7,x6,x5,x4,x3,x2,x1),(lp(18),C)
Auf Wiedersehen.
  >> 0 regions (all trivial): expReg=0.55s
  [sector total: 0.558s]
#Non-triv Sectors = 0

