
      +++  sector:  {0, 1, 1, 1, 0, 0, 0, 0, 0}  (1/1)  +++ 
                     SINGULAR                                 /  Development
 A Computer Algebra System for Polynomial Computations       /   version 4.3.2
                                                           0<
 by: W. Decker, G.-M. Greuel, G. Pfister, H. Schoenemann     \   Feb 2023
FB Mathematik der Universitaet, D-67653 Kaiserslautern        \  Debian 1:4.3.2-p10+ds-1.1build1
compute hilbert series with std in ring (ZZ/179424673),(x18,x17,x16,x15,x14,x13,x12,x11,x10,x9,x8,x7,x6,x5,x4,x3,x2,x1,@),(dp(19),C)
weights used for hilbert series: 1,1,1,1,1,1,1,1,1,1,1,1,1,1,1,1,1,1,1
[65535:5]2(18)s(17)s(16)s(15)s(14)s(13)s(12)s(11)s(10)s(9)s(10)s(12)s(11)s(14)s(18)s(20)s(22)s(25)s(29)s3(30)----s(29)--s(33)s(37)s(41)s(49)------------s(39)s(46)s(53)----s4(55)-------------------s(43)--------------s(37)s(44)-----------5--------------s(28)-----------------6-----------
product criterion:318 chain criterion:38
std with hilb in (ZZ/179424673),(x18,x17,x16,x15,x14,x13,x12,x11,x10,x9,x8,x7,x6,x5,x4,x3,x2,x1,@),(lp(18),dp(1),C)
[65535:5]2(31)s(30)s(29)s(28)s(27)s(26)ss(27)ss(28)s(27)s(30)s(29)s(28)s(30)s(34)ss(36)s(39)s3(43)-s(47)--s(51)s(58)s(66)s(76)-------s(73)----------s(71)s(79)shhhhhhhhhhh4(74)----------------------s(61)--------s(59)------------------shhhhhhhhh5(39)-------------s(36)--s(42)----shhhhhhhhhhhhhhhhhh6(28)----------------shhhhhhhhhhhhhhhhhhhhhh
product criterion:361 chain criterion:65
hilbert series criterion:60
dehomogenization
simplification
imap to ring (ZZ/179424673),(x18,x17,x16,x15,x14,x13,x12,x11,x10,x9,x8,x7,x6,x5,x4,x3,x2,x1),(lp(18),C)
Auf Wiedersehen.
  >> 0 regions (all trivial): expReg=0.509s
  [sector total: 0.517s]
#Non-triv Sectors = 0

