
      +++  sector:  {0, 0, 0, 0, 1, 0, 1, 0, 0}  (1/1)  +++ 
                     SINGULAR                                 /  Development
 A Computer Algebra System for Polynomial Computations       /   version 4.3.2
                                                           0<
 by: W. Decker, G.-M. Greuel, G. Pfister, H. Schoenemann     \   Feb 2023
FB Mathematik der Universitaet, D-67653 Kaiserslautern        \  Debian 1:4.3.2-p10+ds-1.1build1
compute hilbert series with std in ring (ZZ/179424673),(x18,x17,x16,x15,x14,x13,x12,x11,x10,x9,x8,x7,x6,x5,x4,x3,x2,x1,@),(dp(19),C)
weights used for hilbert series: 1,1,1,1,1,1,1,1,1,1,1,1,1,1,1,1,1,1,1
[65535:5]2(18)s(17)s(16)s(15)s(14)s(13)s(12)s(11)s(10)s(9)s(10)s(12)s(15)s(19)s(18)s(19)s(21)-s(22)s3(27)----s(25)---s(28)-s(32)s(39)s(45)----------s(41)---4--------------s(29)----s(33)s(41)---------------5--------s(26)s(34)--s(40)------s(42)------6-ss(48)s(54)s(59)-------------------------------7----------------------------
product criterion:288 chain criterion:101
std with hilb in (ZZ/179424673),(x18,x17,x16,x15,x14,x13,x12,x11,x10,x9,x8,x7,x6,x5,x4,x3,x2,x1,@),(lp(18),dp(1),C)
[65535:5]2(34)s(33)s(32)s(31)s(30)s(29)s(31)s(30)ss(32)ss(31)s(30)s(29)s(33)s(34)s(37)s(40)s3(44)--s(47)s(53)--s(60)----s(62)--s(67)--shhhhhhhhhhhhhhhh4(57)-----------s(54)------s(58)shhhhhhhhhhhhhhhhhhhhhhhhhh5(41)------s(43)-s(51)-s(59)shhhhhhhhhhhhhhhhhhhhhhhhhh6(43)s(52)-s(61)--s(69)--shhhhhhhhhhhhhhhhhhhhhhhhhhhhhhhhhhhhhhhhhhhhhhhhhhhhhhhhhhhhhhhhhhhhhhhhhhhhhhh
product criterion:288 chain criterion:117
hilbert series criterion:147
dehomogenization
simplification
imap to ring (ZZ/179424673),(x18,x17,x16,x15,x14,x13,x12,x11,x10,x9,x8,x7,x6,x5,x4,x3,x2,x1),(lp(18),C)
Auf Wiedersehen.
  >> 0 regions (all trivial): expReg=0.549s
  [sector total: 0.558s]
#Non-triv Sectors = 0

