
      +++  sector:  {1, 1, 0, 0, 0, 1, 1, 0, 0}  (1/1)  +++ 
                     SINGULAR                                 /  Development
 A Computer Algebra System for Polynomial Computations       /   version 4.3.2
                                                           0<
 by: W. Decker, G.-M. Greuel, G. Pfister, H. Schoenemann     \   Feb 2023
FB Mathematik der Universitaet, D-67653 Kaiserslautern        \  Debian 1:4.3.2-p10+ds-1.1build1
compute hilbert series with std in ring (ZZ/179424673),(x18,x17,x16,x15,x14,x13,x12,x11,x10,x9,x8,x7,x6,x5,x4,x3,x2,x1,@),(dp(19),C)
weights used for hilbert series: 1,1,1,1,1,1,1,1,1,1,1,1,1,1,1,1,1,1,1
[65535:5]2(18)s(17)s(16)s(15)s(14)s(13)s(12)s(11)s(10)s(9)s(10)s(11)s(13)s(16)s(21)s(24)s(25)s(27)s(30)s3(34)s(38)s(41)s(45)s(50)s(55)s(60)s(67)s(74)s(80)s(84)s(91)s(97)s(103)s(112)s(120)s(128)s(137)s(145)s(155)-s(161)s(168)s(175)s(183)s(193)s(200)s(209)s(219)s(227)s(238)s(244)--s(252)4-------------------------s(237)-------------------------------------(200)-----------------------------------------------s(161)s(168)-s(174)s(183)s(191)-s(201)-(200)---s(207)s(217)s(224)-s(229)----s(235)s(248)------s(254)s(268)-------s(272)s(281)------s(285)s(293)s(307)s(320)----s(329)s(340)----------------------------------------(300)------------s(297)s(304)----(300)--5----------------------s(286)s(296)-----s(301)-(300)--------------------------------------s(272)------------------------------------------s(241)------s(246)--s(254)s(264)--------s(265)s(274)-----s(279)s(290)s(302)--(300)----------------------------------------s(269)---------------------s(260)---s(267)-----------s(265)-------------------------------6----------------------------------(200)----------------------------------------------------------------------------------------------------(100)s(109)s(116)-----s(124)-----s(128)-s(135)-----------------------------------(100)-------------------------------------7---------------------------------------------------------------
product criterion:1893 chain criterion:1883
std with hilb in (ZZ/179424673),(x18,x17,x16,x15,x14,x13,x12,x11,x10,x9,x8,x7,x6,x5,x4,x3,x2,x1,@),(lp(18),dp(1),C)
[65535:5]2(96)s(95)s(94)s(93)s(92)sss(91)ss(90)ss(91)ss(93)s(96)s(98)s(100)s(103)s(106)s3(112)s(114)s(119)s(126)s(130)s(135)s(142)s(150)s(156)s(159)s(166)s(174)s(180)s(188)s(192)-s(199)s(208)s(215)s(220)s(229)s(236)s(244)s(251)s(260)s(267)s(275)s(283)s(291)s(300)-s(309)s(320)-shhhhhhhhhhhhhhhhhhhhhhhhhhhhhhhh4(297)---------s(298)-------s(301)-(300)----s(305)s(315)s(324)-s(333)s(342)---s(349)s(360)-----s(364)--------------------s(357)s(364)--s(375)s(385)--s(391)-------------------------s(372)-------------s(364)s(374)s(387)----s(393)--s(404)----(400)-s(406)------(400)s(411)s(420)s(438)-------------------s(430)----------s(427)-----------------s(423)------------shhhhhhhhhhhhhhhhhhhhhhhhhhhhhhhhhhhhhhhhhhhhhhhhhhhhhhhhhhhh5(361)----s(370)s(384)-----s(394)-----s(403)-s(412)s(426)------s(430)---------s(434)-----s(441)------s(446)--s(460)------------------------------------------------------------(400)---------s-----s(406)------(400)-------------s(399)--s(410)-------s(413)-------s(416)-------------s(414)-----------s(413)--s(422)----------------------(400)------------shhhhhhhhhhhhhhhhhhhhhhhhhhhhhhhhhhhhhhhhhhhhhhhhhhhhhhhhhhhhhhhhhhhhhhhhhhhhh6(323)-----------------------(300)-----------------s(296)----------s(299)--s(310)----------(300)---------------------------------------------s(267)---------------------------------s(246)----------------------------------------------(200)-------------------s(193)----------------------------------------------------------------------------shhhhhhhhhhhhhhhhhhhhhhhhhhhhhhhhhhhhhhhhhhhhhhhhhhhhhhhhhhhhhhhhhhhhhhhhhhhhhhhhhhhhhhhhhhhhhhhhhhhhhhhhhhhhhhhhhhhhhhhhhhhhhhhhh
product criterion:2236 chain criterion:2461
hilbert series criterion:298
dehomogenization
simplification
imap to ring (ZZ/179424673),(x18,x17,x16,x15,x14,x13,x12,x11,x10,x9,x8,x7,x6,x5,x4,x3,x2,x1),(lp(18),C)
Auf Wiedersehen.
  >> 0 regions (all trivial): expReg=0.543s
  [sector total: 0.552s]
#Non-triv Sectors = 0

