
      +++  sector:  {0, 1, 1, 0, 0, 0, 0, 0, 0}  (1/1)  +++ 
                     SINGULAR                                 /  Development
 A Computer Algebra System for Polynomial Computations       /   version 4.3.2
                                                           0<
 by: W. Decker, G.-M. Greuel, G. Pfister, H. Schoenemann     \   Feb 2023
FB Mathematik der Universitaet, D-67653 Kaiserslautern        \  Debian 1:4.3.2-p10+ds-1.1build1
compute hilbert series with std in ring (ZZ/179424673),(x18,x17,x16,x15,x14,x13,x12,x11,x10,x9,x8,x7,x6,x5,x4,x3,x2,x1,@),(dp(19),C)
weights used for hilbert series: 1,1,1,1,1,1,1,1,1,1,1,1,1,1,1,1,1,1,1
[65535:5]2(13)s(12)s(11)s(10)s(9)s(8)s(7)s(6)sss(5)s(7)s(10)s(14)s3(15)s(19)s(20)s(25)s(32)s(34)s(36)s(40)s(43)s(47)s(51)s(58)s(62)-s(68)s(76)s4(81)--------------s(73)s(79)--------------------------------------s(48)-------s(49)s(57)s(63)-----------5-------------------s(41)--------s(42)-----------s(40)-------6-------s(35)--------s(37)s(47)-------------7----------s(34)-s(42)---------s----------8-----------------s(20)--------------9------
product criterion:443 chain criterion:283
std with hilb in (ZZ/179424673),(x18,x17,x16,x15,x14,x13,x12,x11,x10,x9,x8,x7,x6,x5,x4,x3,x2,x1,@),(lp(18),dp(1),C)
[65535:5]2(44)s(43)s(42)s(41)s(40)s(39)s(38)s(37)sss(36)s(37)s(39)s(42)s3(46)s(50)s(56)s(59)s(65)s(68)s(69)s(72)s(75)s(80)s(86)s(91)s(96)s(101)s(106)shhhhhhhhhhhhhhhh4(98)------------s(95)-s(102)--(100)s(108)-s(117)--s(122)-----s(124)------------------------(100)--------------shhhhhhhhhhhhhhhhhh5(74)-----------s(72)s(80)--s(88)--s(94)-----s(96)-----------shhhhhhhhhhhhhhhhhhhhhhhhhhhh6(65)s(75)------s(79)----------------------shhhhhhhhhhhhhhhhhhhhhhhhhhhh7(38)-s(47)s(57)---shhhhhhhhhhhhhhhhhhhhhhhhhhhhh8(35)--shhhhhhhhhhhhhhhhhhhhhhhhhhhhhhhhhhhhhhhhhhhh
product criterion:515 chain criterion:367
hilbert series criterion:163
dehomogenization
simplification
imap to ring (ZZ/179424673),(x18,x17,x16,x15,x14,x13,x12,x11,x10,x9,x8,x7,x6,x5,x4,x3,x2,x1),(lp(18),C)
Auf Wiedersehen.
  >> 0 regions (all trivial): expReg=0.5630000000000001s
  [sector total: 0.5720000000000001s]
#Non-triv Sectors = 0

