
      +++  sector:  {0, 1, 1, 0, 1, 0, 0, 0, 0}  (1/1)  +++ 
                     SINGULAR                                 /  Development
 A Computer Algebra System for Polynomial Computations       /   version 4.3.2
                                                           0<
 by: W. Decker, G.-M. Greuel, G. Pfister, H. Schoenemann     \   Feb 2023
FB Mathematik der Universitaet, D-67653 Kaiserslautern        \  Debian 1:4.3.2-p10+ds-1.1build1
compute hilbert series with std in ring (ZZ/179424673),(x18,x17,x16,x15,x14,x13,x12,x11,x10,x9,x8,x7,x6,x5,x4,x3,x2,x1,@),(dp(19),C)
weights used for hilbert series: 1,1,1,1,1,1,1,1,1,1,1,1,1,1,1,1,1,1,1
[65535:5]2(18)s(17)s(16)s(15)s(14)ss(15)s(14)s(15)s(14)s(13)s(14)s(17)ssss(20)s(23)s(28)s3(27)---s(26)---s(29)s(39)-s(45)----s(48)----s(45)s(50)s(57)----s4(59)--------s-s(69)-------s(68)s(72)s(80)s(88)s(95)----------------------------5----------s(61)---s(67)--------s(69)----s(68)--------------------------s(51)---------6-------------s(39)---------s(36)-s(46)---------------7------s(29)-s(32)----------s(25)-----------8--------------
product criterion:510 chain criterion:222
std with hilb in (ZZ/179424673),(x18,x17,x16,x15,x14,x13,x12,x11,x10,x9,x8,x7,x6,x5,x4,x3,x2,x1,@),(lp(18),dp(1),C)
[65535:5]2(45)s(44)s(43)s(42)s(41)s(40)s(39)s(38)s(37)s(36)s(35)s(36)s(39)s(38)ss(37)s(39)s(43)s(47)s3(52)-s(56)s(62)s(68)------s(73)s(80)s(85)--------s(83)s(86)shhhhhhhhhhh4(81)---s(87)---s(95)s(107)-s(114)-----s(117)s(126)---s(130)--------------------------shhhhhhhhhhhhhh5(97)---s(106)----s(114)---------s----s(119)----s(126)---s(132)-------s(133)-------------shhhhhhhhhhhhhhhhhhhhhhhhhhhhhhhhh6(96)--s(105)-----(100)------------------s(93)--------------------------shhhhhhhhhhhhhhhhhhhhhhhhhhhhhhhhhhhhhh7(39)-s(49)-s(59)--shhhhhhhhhhhhhhhhhhhhhhhhhhhhhhhhhhhhhhhhhhhhhhhhhhhhhhhhhhhhhhhhhhhhh
product criterion:580 chain criterion:307
hilbert series criterion:165
dehomogenization
simplification
imap to ring (ZZ/179424673),(x18,x17,x16,x15,x14,x13,x12,x11,x10,x9,x8,x7,x6,x5,x4,x3,x2,x1),(lp(18),C)
Auf Wiedersehen.
  >> 0 regions (all trivial): expReg=0.522s
  [sector total: 0.532s]
#Non-triv Sectors = 0

