
      +++  sector:  {1, 0, 1, 0, 1, 0, 0, 0, 0}  (1/1)  +++ 
                     SINGULAR                                 /  Development
 A Computer Algebra System for Polynomial Computations       /   version 4.3.2
                                                           0<
 by: W. Decker, G.-M. Greuel, G. Pfister, H. Schoenemann     \   Feb 2023
FB Mathematik der Universitaet, D-67653 Kaiserslautern        \  Debian 1:4.3.2-p10+ds-1.1build1
compute hilbert series with std in ring (ZZ/179424673),(x18,x17,x16,x15,x14,x13,x12,x11,x10,x9,x8,x7,x6,x5,x4,x3,x2,x1,@),(dp(19),C)
weights used for hilbert series: 1,1,1,1,1,1,1,1,1,1,1,1,1,1,1,1,1,1,1
[65535:5]2(18)s(17)s(16)s(15)s(14)ss(15)s(14)s(15)s(14)s(13)s(12)s(11)s(12)s(16)s(18)s(19)s(21)s(24)s3(29)---s(28)---s(27)---s(25)s(31)s(41)s(51)-----s(47)--s(51)s(52)s(60)-s(66)-4-----------s(56)------------s(49)s(58)------------------------s(41)s(45)------5---------------------------------------
product criterion:358 chain criterion:64
std with hilb in (ZZ/179424673),(x18,x17,x16,x15,x14,x13,x12,x11,x10,x9,x8,x7,x6,x5,x4,x3,x2,x1,@),(lp(18),dp(1),C)
[65535:5]2(34)s(33)s(32)s(31)s(30)s(29)s(28)s(27)sss(26)s(27)s(30)s(29)ss(31)s(33)s(36)s(38)s3(43)-s(47)s(50)-s(55)s(64)s(74)--s(79)-------ss(86)shhhhhhhhhhhhhhhhhhh4(76)--------s(77)----s(78)-s(85)--s(91)-------s-------------------------shhhhhhhhhhhhhhhhhhhhhhhhhhhhhhhhhhhhhhhhhhhhhhhhhhhhhhhhhhhhhhhhhhhhhhhhhhh
product criterion:337 chain criterion:64
hilbert series criterion:94
dehomogenization
simplification
imap to ring (ZZ/179424673),(x18,x17,x16,x15,x14,x13,x12,x11,x10,x9,x8,x7,x6,x5,x4,x3,x2,x1),(lp(18),C)
Auf Wiedersehen.
  >> 0 regions (all trivial): expReg=0.547s
  [sector total: 0.556s]
#Non-triv Sectors = 0

