
      +++  sector:  {1, 1, 0, 0, 1, 1, 0, 0, 0}  (1/1)  +++ 
                     SINGULAR                                 /  Development
 A Computer Algebra System for Polynomial Computations       /   version 4.3.2
                                                           0<
 by: W. Decker, G.-M. Greuel, G. Pfister, H. Schoenemann     \   Feb 2023
FB Mathematik der Universitaet, D-67653 Kaiserslautern        \  Debian 1:4.3.2-p10+ds-1.1build1
compute hilbert series with std in ring (ZZ/179424673),(x18,x17,x16,x15,x14,x13,x12,x11,x10,x9,x8,x7,x6,x5,x4,x3,x2,x1,@),(dp(19),C)
weights used for hilbert series: 1,1,1,1,1,1,1,1,1,1,1,1,1,1,1,1,1,1,1
[65535:5]2(18)s(17)s(16)s(15)s(14)ss(15)ss(17)s(16)s(15)s(14)s(17)s(20)s(21)s(22)s(23)s(25)s(28)s3(33)s(37)s(42)s(44)s(47)s(52)s(58)s(65)s(71)s(77)s(85)s(91)s(99)s(106)s(113)s(121)-s(131)s(142)-s(149)s(158)s(170)s(176)s(187)s(179)-s(190)s(198)s(207)s(213)---4----------(200)----------------------------------------------------------------------------------------------------(100)----------s(98)------s(100)-s(108)--------(100)s(109)s(121)s(131)----s(139)------------------------------s(118)s(125)------5-------------------(100)--------------s(97)---------s(99)-----------s(101)-(100)-----------s(98)----------s(96)-------------s(93)------------6--------------------------------------------------------------------------------7-
product criterion:955 chain criterion:434
std with hilb in (ZZ/179424673),(x18,x17,x16,x15,x14,x13,x12,x11,x10,x9,x8,x7,x6,x5,x4,x3,x2,x1,@),(lp(18),dp(1),C)
[65535:5]2(60)s(59)ss(58)s(57)s(56)sss(55)s(54)ss(56)s(55)s(56)s(57)s(59)s(62)s(65)s(68)s3(73)s(76)s(80)s(86)s(92)s(96)s(103)s(106)s(110)s(116)s(121)s(126)s(131)s(141)s(149)-s(161)s(171)s(167)s(175)s(185)s(196)s(207)s(218)-s(227)s(235)---shhhhhhhhhhhhhhhhhhhhhhhhhhhhh4(209)---------(200)-------------------s(190)------------------s(184)s(196)-s(206)-s(216)----------s(215)---s(221)---------------------(200)------s(203)---(200)-----------------------s(184)------------------------shhhhhhhhhhhhhhhhhhhhhhhhhhhhhhhhhhhh5(132)---------------s(130)s(140)s(153)--------s(155)-s(163)---------s(166)-------------s(162)-----------------------s(150)shhhhhhhhhhhhhhhhhhhhhhhhhhhhhhhhhhhhhhhhhhhhh6(117)-----------------(100)------------------------------shhhhhhhhhhhhhhhhhhhhhhhhhhhhhhhhhhhhhhhhhhhhhhhhhhhhhhhhhhhhhhhhhhhhhhhhhhhhhhhhhhh
product criterion:1002 chain criterion:552
hilbert series criterion:193
dehomogenization
simplification
imap to ring (ZZ/179424673),(x18,x17,x16,x15,x14,x13,x12,x11,x10,x9,x8,x7,x6,x5,x4,x3,x2,x1),(lp(18),C)
Auf Wiedersehen.
  >> 0 regions (all trivial): expReg=0.541s
  [sector total: 0.551s]
#Non-triv Sectors = 0

