
      +++  sector:  {1, 1, 0, 1, 0, 1, 1, 0, 0}  (1/1)  +++ 
                     SINGULAR                                 /  Development
 A Computer Algebra System for Polynomial Computations       /   version 4.3.2
                                                           0<
 by: W. Decker, G.-M. Greuel, G. Pfister, H. Schoenemann     \   Feb 2023
FB Mathematik der Universitaet, D-67653 Kaiserslautern        \  Debian 1:4.3.2-p10+ds-1.1build1
compute hilbert series with std in ring (ZZ/179424673),(x18,x17,x16,x15,x14,x13,x12,x11,x10,x9,x8,x7,x6,x5,x4,x3,x2,x1,@),(dp(19),C)
weights used for hilbert series: 1,1,1,1,1,1,1,1,1,1,1,1,1,1,1,1,1,1,1
[65535:5]2(18)s(17)s(16)s(15)s(14)s(13)s(12)s(11)s(10)s(9)s(10)s(12)s(15)s(16)s(20)s(21)s(22)s(24)s(28)s3(33)s(36)s(40)s(46)s(51)s(58)s(66)s(73)s(78)s(85)s(94)s(102)s(109)s(118)-s(123)s(129)s(131)s(139)s(150)s(155)s(161)s(168)s(176)s(183)s(190)s(200)s(209)s(216)s(224)s(230)s(237)s(245)s(253)s4(263)s(272)s(280)s(290)s(299)s(308)s(319)s(329)s(341)s(350)s(357)s(365)s(374)-------------s(370)-s(379)s(389)s(401)s(411)s(422)s(431)s(441)--s(450)--s(458)--s(466)-s(476)s(487)s(498)s(510)-s(520)s(530)s(541)s(558)s(566)-s(574)---s(582)s(593)--s(603)---(600)s(608)s(617)s(627)s(639)--s(647)--s(657)s(668)-s(678)s(688)-s(699)s(712)s(722)s(734)s(744)s(755)---s(764)----s(770)s(785)s(797)-s(804)s(815)s(826)-s(835)--s(845)s(852)---------s(858)s(867)s(880)---s(888)s(895)-s(906)s(919)---------s(916)--------s(920)s(933)s(947)s(958)s(973)-s(985)---s(992)s(1001)-(1000)-s(1015)-s(1027)s(1043)-s(1057)----s(1067)---------------s(1061)--s(1069)------s(1073)------------------------5-s(1060)-s(1072)s(1085)----s(1095)-s(1109)---------(1100)--------------------s(1096)--------------------s(1093)s(1107)-------(1100)------s(1109)---------(1100)----------------------------------------------------------s(1054)-------s(1060)--------s(1066)s(1081)s(1097)s(1111)s(1128)--s(1139)---------------------------------------(1100)-----------------------------------------------------------------------------------------s(1024)-------s(1031)-------------------------------(1000)-------------------------------------s(978)s(992)---s(1003)---(1000)----------------------------------------------------------------------------------------------------(900)----------------------------------------------------------------------------------------------------(800)-------------------------------s(783)s(796)s(811)s(824)s(840)-s(851)s(863)---------------ss(876)-s(887)s(899)--s(912)s(927)---------s(931)s(946)-s(958)s(971)------------------------s(960)----------------s(958)----------------------------------------------------------(900)-------------------------------------------s(873)--s(882)-s(896)s(912)s(922)s(933)--s(942)-s(951)s(963)s(974)s(986)s(1000)------------------s(995)-------s(998)s(1011)---s(1020)-------------------s(1012)------------(1000)----------------------------------------------------------------------s(943)s(955)---------------------------------------------------6----(900)--s(914)--------------(900)---------------------------------------------------------------------------------------------s(821)---------------------(800)----------------------------------------------------------------------------------------------------(700)----------------s(698)s(712)s(727)---s(739)----------------------s(733)--------------------s(727)s(742)------------------------------------------(700)---------------------------------------------------------s(658)--------------s(659)s(674)--------------------------------------------------------------------------(600)--------------------------------------------------------------------------------s(532)s(546)s(561)-s(574)s(588)----s(597)---------s(600)---s(611)-----------(600)---------s(604)s(619)---------s(624)--s(637)---------------------s(630)------------------------------(600)------------------s(595)---s(605)-----(600)--------------------s(593)--s(605)-----(600)--------------s(598)-----------s(600)---------------------s(594)-------------------s(587)--s(599)------------ss(613)-------------(600)-----------------------s(590)---------------------------7---------------------------------------------------------------(500)----------------------------------------------------------------------------------------------------(400)----------------------------------------------------------------------------------------------------(300)----------------------------------------------------------------------------------------------------(200)------------------------------s(183)--------------s(182)s(196)-------------------------s(184)----------s(187)------------------------------------------------------------------------------s(123)-----------------------(100)------------8----------------------------------------------------------------------------------------
product criterion:7522 chain criterion:18348
std with hilb in (ZZ/179424673),(x18,x17,x16,x15,x14,x13,x12,x11,x10,x9,x8,x7,x6,x5,x4,x3,x2,x1,@),(lp(18),dp(1),C)
[65535:5]2(239)s(238)s(237)s(236)s(235)sss(234)s(233)ss(232)s(233)ss(235)s(238)s(240)s(242)s(247)s(252)s3(254)s(259)s(265)s(267)s(273)s(276)s(283)s(287)s(294)s(297)s(302)s(310)s(317)s(326)s(335)s(341)s(346)s(352)s(361)s(368)s(376)s(385)s(391)s(398)s(407)s(416)-s(425)s(431)s(438)s(443)s(453)s(463)s(474)shhhhhhhhhhhhhhhhhhhhhhhhhhhhhhhhh4(449)s(459)s(471)s(479)s(487)s(499)s(512)s(521)s(530)s(540)s(550)s(560)s(570)s(578)-s(586)s(596)s(605)s(615)s(623)s(631)s(641)s(652)s(661)s(671)s(680)s(690)s(699)s(708)s(718)s(732)s(739)s(751)-s(762)s(772)s(781)-s(789)s(798)-s(807)s(817)s(828)s(839)--s(848)s(857)s(867)s(878)s(888)s(899)s(909)--s(913)s(924)s(935)---s(941)-s(952)--s(962)s(970)s(979)-s(990)---s(996)-s(1005)s(1015)-s(1021)s(1032)s(1045)s(1057)-s(1069)-------s(1076)----s(1086)s(1098)s(1110)--s(1121)s(1129)s(1141)---s(1151)--s(1164)-------s(1167)s(1179)s(1191)--------s(1192)-s(1200)s(1210)----------(1200)-s(1214)s(1230)s(1242)s(1253)-s(1265)----s(1273)-s(1285)s(1301)s(1310)s(1325)----------s(1328)-----s(1336)s(1349)s(1366)--------s(1373)---s(1379)----------------s(1373)--------------s-----------sshhhhhhhhhhhhhhhhhhhhhhhhhhhhhhhhhhhhhhhhhhhhhhhhhhhhhhhhhhhhhhhhhhhhhhhhhhhhhhhhhhhhhh5(1298)s(1310)-s(1322)-s(1333)-s(1346)s(1359)s(1373)s(1387)s(1400)--s(1412)--s(1426)--s(1437)s(1449)-s(1462)-s(1476)---s(1486)-s(1502)s(1515)-s(1526)--s(1536)-----s(1543)----s(1555)------------s(1560)s(1574)------------s(1577)-s(1588)-s(1603)-s(1617)----s(1628)s(1640)s(1650)-s(1662)s(1675)s(1689)--s(1700)s(1710)s(1721)-------------------s(1713)-----------s(1715)----------s(1713)--------s(1716)----s(1723)---s(1732)----s(1744)---s(1753)s(1768)--------s(1770)s(1780)s(1793)-----------------s(1787)--s(1797)-s(1808)--------(1800)-----s(1806)------(1800)----s(1811)-----------(1800)s(1810)--s(1819)s(1829)s(1841)-----s(1846)--------s(1850)--s(1860)-s(1871)----s(1880)------------s(1879)---s(1887)--s(1896)-s(1906)-----s(1913)-s(1926)-s(1935)--s(1944)s(1958)--s(1967)----s(1973)--s(1981)-s(1991)---s(1999)-s(2010)------s(2016)---------s(2018)-s(2027)--------------------s(2021)---------------------(2000)--------s(2005)-----(2000)----s(2010)-s(2022)------------s-s(2035)-----------------------------------(2000)----s(2011)----------s(2013)-------------(2000)-------------------s(1997)-s(2007)-----s(2014)----s(2020)--------------------(2000)------------------------------------s(1979)------------------------s(1966)----------------------------------------------s(1933)s(1946)-s(1956)--------------------s(1948)-s(1963)--------------------------------s(1947)---------------------s(1936)----s(1943)-------------------------------------------(1900)----s(1906)------(1900)-------------------s(1892)------------------------------------------------------------s(1847)-----------------------------s(1829)-----------------------------(1800)----------------------------------------------------s(1764)---------------s(1763)---------------------------------------------------------------(1700)---------------s(1695)------------------------------s(1680)-------------------------------------------------------------shhhhhhhhhhhhhhhhhhhhhhhhhhhhhhhhhhhhhhhhhhhhhhhhhhhhhhhhhhhhhhhhhhhhh6(1561)s(1577)---------------------------------s(1558)-s(1572)------------------------s(1562)s(1576)----------------------------s(1564)----s(1574)-s(1588)----------------s(1584)-------s(1589)-s(1601)-(1600)---------s(1605)--s(1617)-----------------(1600)--------------ss(1614)s(1627)-s(1639)-s(1652)-------s(1660)--------------------------------------------------------s(1618)---------------s---s(1629)-------------s(1631)s(1646)----------s(1648)-----s(1656)------------------------s(1647)-----------------s(1645)------------------------------------------s(1616)-----------s(1619)----s(1629)-----s(1637)-------------------------------------(1600)-------------s(1602)--(1600)------s(1608)----s(1616)-----s(1625)-------------------------(1600)-----------------s(1598)-----------s(1602)--(1600)---------------------------------------------s(1570)----------------------------------------------------------------------(1500)----------------------------------------------------------------------------------------------------(1400)----------------------------------------------------------------------------------------------------(1300)------------------------------------------------------------------------------------------------s(1216)----------------(1200)-----------s(1203)---(1200)----------------------------------------------------------------------------------------------------(1100)----------------------------------------------------------------------------------------------------(1000)----------------------------------------------------------------------------------------------------(900)---------------------------------------shhhhhhhhhhhhhhhhhhhhhhhhhhhhhhhhhhhhhhhhhhhhhhhhhhhhhhhhhhhhhhhhhhhhhhhhhhhhhhhhhhhhhhhhhhhhhhhhhhhhhhhhhhhhhhhhhhhhhhhhhhhhhhhhhhhhhhhhhhhhhhhhhhhhhhhhhhhhhhhhhhhhhhhhhhhhhhhhhhhhhhhhhhhhhhhhhhhhhhhhhhhhhhhhhhhhhhhhhhhhhhhhhhhhhh7(643)-------------------------------------------(600)-------------------s(594)------------------------s(583)------s(591)----------------------------------------------------------------------s(534)--------------------------s(522)--------s(527)-s(540)--------------------s(533)---------------------------------(500)----------------------------------------------------------------------------------------------------(400)--------------------------------------------------------shhhhhhhhhhhhhhhhhhhhhhhhhhhhhhhhhhhhhhhhhhhhhhhhhhhhhhhhhhhhhhhhhhhhhhhhhhhhhhhhhhhhhhhhhhhhhhhhhhhhhhhhhhhhhhhhhhhhhhhhhhhhhhhhhhhhhhhhhhhhhhhhhhhhhhhhhhhhhhhhhhhhhhhhhhhhhhhhhhhhhhhhhhhhhhhhhhhhhhhhhhhhhhhhhhhhhhhhhhhhhhhhhhhhhhhhhhhhhhhhhhhhhhhhhhhhhhhhhhhhhhhhhhhhhhhhhhhhhhhhhhhhhhhhhhhhhhhhhhhhhhhhhhhhhhhhhhhhhhhhhhhhhhhhhhhhhhhhhhhhhhhhhhhhhhhhhhhhh
product criterion:13275 chain criterion:31827
hilbert series criterion:775
dehomogenization
simplification
imap to ring (ZZ/179424673),(x18,x17,x16,x15,x14,x13,x12,x11,x10,x9,x8,x7,x6,x5,x4,x3,x2,x1),(lp(18),C)
Auf Wiedersehen.
                     SINGULAR                                 /  Development
 A Computer Algebra System for Polynomial Computations       /   version 4.3.2
                                                           0<
 by: W. Decker, G.-M. Greuel, G. Pfister, H. Schoenemann     \   Feb 2023
FB Mathematik der Universitaet, D-67653 Kaiserslautern        \  Debian 1:4.3.2-p10+ds-1.1build1
// ** loaded /usr/bin/../share/singular/LIB/primdec.lib (4.3.2.9,Oct_2023)
// ** loaded /usr/bin/../share/singular/LIB/ring.lib (4.3.1.3,Feb_2023)
// ** loaded /usr/bin/../share/singular/LIB/absfact.lib (4.1.2.0,Feb_2019)
// ** loaded /usr/bin/../share/singular/LIB/triang.lib (4.1.2.0,Feb_2019)
// ** loaded /usr/bin/../share/singular/LIB/matrix.lib (4.3.2.3,Aug_2023)
// ** loaded /usr/bin/../share/singular/LIB/nctools.lib (4.1.2.0,Feb_2019)
// ** loaded /usr/bin/../share/singular/LIB/inout.lib (4.1.2.0,Feb_2019)
// ** loaded /usr/bin/../share/singular/LIB/random.lib (4.1.2.0,Feb_2019)
// ** loaded /usr/bin/../share/singular/LIB/polylib.lib (4.2.0.0,Dec_2020)
// ** loaded /usr/bin/../share/singular/LIB/elim.lib (4.3.2.5,Jul_2023)
// ** loaded /usr/bin/../share/singular/LIB/general.lib (4.1.2.0,Feb_2019)
map with cache
map with cache
map with cache
map with cache
map with cache
map with cache
map with cache
map with cache
map with cache
map with cache
map with cache
map with cache
map with cache
map with cache
map with cache
map with cache
map with cache
std in (ZZ/179424673),(x18,x17,x16,x15,x14,x13,x12,x11,x10,x9,x8,x7,x6,x5,x4,x3,x2,x1),(dp(18),C)
[65535:6]1(17)s(16)s(15)s(14)s(13)s(12)s(11)s(10)s(9)s(8)s(7)s(6)s(5)s(4)s(3)s(2)ss2s
(S:17)-----------------
product criterion:153 chain criterion:0
[65535:5]1(17)s(16)s(15)s(14)s(13)s(12)s(11)s(10)s(9)s(8)s(7)s(6)s(5)s(4)s(3)s(2)ss2s
(S:17)-----------------
product criterion:153 chain criterion:0
map is a permutation
[65535:6]1(18)s(17)s(16)s(15)s(14)s(13)s(12)s(11)s(10)s(9)s(8)s(7)s(6)s(5)s(4)s(3)s(2)ss2s
(S:18)------------------
product criterion:171 chain criterion:0
[65535:5]1(17)s(16)s(15)s(14)s(13)s(12)s(11)s(10)s(9)s(8)s(7)s(6)s(5)s(4)s(3)s(2)ss2s
(S:17)-----------------
product criterion:153 chain criterion:0
{1}[65535:7]1(17)s(16)s(15)s(14)s(13)s(12)s(11)s(10)s(9)s(8)s(7)s(6)s(5)s(4)s(3)s(2)ss2s3(16)----------------
(S:18)-------------------
product criterion:0 chain criterion:0
(S:18)rrrrrrrrrrrrrrrrrr
[65535:5]1(17)s(16)s(15)s(14)s(13)s(12)s(11)s(10)s(9)s(8)s(7)s(6)s(5)s(4)s(3)s(2)ss2s
(S:17)-----------------
product criterion:153 chain criterion:0
map is a permutation
intersect by elimination method
[65535:7]1(18)s2(17)s(16)s(15)s(14)s(13)s(12)s(11)s(10)s(9)s(8)s(7)s(6)s(5)s(4)s(3)s(2)ss3s
(S:18)------------------
product criterion:171 chain criterion:0
map is a permutation
[65535:6]1(18)s(17)s(16)s(15)s(14)s(13)s(12)s(11)s(10)s(9)s(8)s(7)s(6)s(5)s(4)s(3)s(2)s2s.4
(S:0)
product criterion:153 chain criterion:0
map is a permutation
[65535:6]1(18)s(17)s(16)s(15)s(14)s(13)s(12)s(11)s(10)s(9)s(8)s(7)s(6)s(5)s(4)s(3)s(2)s2s.4
(S:0)
product criterion:153 chain criterion:0
map is a permutation
[65535:6]1(18)s(17)s(16)s(15)s(14)s(13)s(12)s(11)s(10)s(9)s(8)s(7)s(6)s(5)s(4)s(3)s(2)s2s.4
(S:0)
product criterion:153 chain criterion:0
map is a permutation
[65535:6]1(18)s(17)s(16)s(15)s(14)s(13)s(12)s(11)s(10)s(9)s(8)s(7)s(6)s(5)s(4)s(3)s(2)s2s.4
(S:0)
product criterion:153 chain criterion:0
map is a permutation
[65535:6]1(18)s(17)s(16)s(15)s(14)s(13)s(12)s(11)s(10)s(9)s(8)s(7)s(6)s(5)s(4)s(3)s(2)s2s.4
(S:0)
product criterion:153 chain criterion:0
map is a permutation
[65535:6]1(18)s(17)s(16)s(15)s(14)s(13)s(12)s(11)s(10)s(9)s(8)s(7)s(6)s(5)s(4)s(3)s(2)s2s.4
(S:0)
product criterion:153 chain criterion:0
map is a permutation
[65535:6]1(18)s(17)s(16)s(15)s(14)s(13)s(12)s(11)s(10)s(9)s(8)s(7)s(6)s(5)s(4)s(3)s(2)s2s.4
(S:0)
product criterion:153 chain criterion:0
map is a permutation
[65535:6]1(18)s(17)s(16)s(15)s(14)s(13)s(12)s(11)s(10)s(9)s(8)s(7)s(6)s(5)s(4)s(3)s(2)s2s.4
(S:0)
product criterion:153 chain criterion:0
map is a permutation
[65535:6]1(18)s(17)s(16)s(15)s(14)s(13)s(12)s(11)s(10)s(9)s(8)s(7)s(6)s(5)s(4)s(3)s(2)s2s.4
(S:0)
product criterion:153 chain criterion:0
map is a permutation
[65535:6]1(18)s(17)s(16)s(15)s(14)s(13)s(12)s(11)s(10)s(9)s(8)s(7)s(6)s(5)s(4)s(3)s(2)s2s.4
(S:0)
product criterion:153 chain criterion:0
map is a permutation
[65535:6]1(18)s(17)s(16)s(15)s(14)s(13)s(12)s(11)s(10)s(9)s(8)s(7)s(6)s(5)s(4)s(3)s(2)s2s.4
(S:0)
product criterion:153 chain criterion:0
map is a permutation
[65535:6]1(18)s(17)s(16)s(15)s(14)s(13)s(12)s(11)s(10)s(9)s(8)s(7)s(6)s(5)s(4)s(3)s(2)s2s.4
(S:0)
product criterion:153 chain criterion:0
map is a permutation
[65535:6]1(18)s(17)s(16)s(15)s(14)s(13)s(12)s(11)s(10)s(9)s(8)s(7)s(6)s(5)s(4)s(3)s(2)s2s.4
(S:0)
product criterion:153 chain criterion:0
map is a permutation
[65535:6]1(18)s(17)s(16)s(15)s(14)s(13)s(12)s(11)s(10)s(9)s(8)s(7)s(6)s(5)s(4)s(3)s(2)s2s.4
(S:0)
product criterion:153 chain criterion:0
map is a permutation
[65535:6]1(18)s(17)s(16)s(15)s(14)s(13)s(12)s(11)s(10)s(9)s(8)s(7)s(6)s(5)s(4)s(3)s(2)s2s.4
(S:0)
product criterion:153 chain criterion:0
map is a permutation
[65535:6]1(18)s(17)s(16)s(15)s(14)s(13)s(12)s(11)s(10)s(9)s(8)s(7)s(6)s(5)s(4)s(3)s(2)s2s.4
(S:0)
product criterion:153 chain criterion:0
map is a permutation
[65535:6]1(18)s(17)s(16)s(15)s(14)s(13)s(12)s(11)s(10)s(9)s(8)s(7)s(6)s(5)s(4)s(3)s(2)s2s.4
(S:0)
product criterion:153 chain criterion:0
map is a permutation
[65535:6]1(18)s(17)s(16)s(15)s(14)s(13)s(12)s(11)s(10)s(9)s(8)s(7)s(6)s(5)s(4)s(3)s(2)s2s3s
(S:0)
product criterion:171 chain criterion:0
[65535:5]1(17)s(16)s(15)s(14)s(13)s(12)s(11)s(10)s(9)s(8)s(7)s(6)s(5)s(4)s(3)s(2)ss2s
(S:17)-----------------
product criterion:153 chain criterion:0
// ** _ is no standard basis
Auf Wiedersehen.
                     SINGULAR                                 /  Development
 A Computer Algebra System for Polynomial Computations       /   version 4.3.2
                                                           0<
 by: W. Decker, G.-M. Greuel, G. Pfister, H. Schoenemann     \   Feb 2023
FB Mathematik der Universitaet, D-67653 Kaiserslautern        \  Debian 1:4.3.2-p10+ds-1.1build1
compute hilbert series with std in ring (ZZ/179424673),(x18,x17,x16,x15,x14,x13,x12,x11,x10,x9,x8,x7,x6,x5,x4,x3,x2,x1,@),(dp(19),C)
weights used for hilbert series: 1,1,1,1,1,1,1,1,1,1,1,1,1,1,1,1,1,1,1
[65535:5]1(17)s(16)s(15)s(14)s(13)s(12)s(11)s(10)s(9)s2(8)s(7)s3(6)ss(8)s(11)s(15)s(16)s4(17)-s(20)s(26)s(33)--s(35)-s(38)--s(41)s(45)s(50)s(55)s5(61)s(67)--s(71)-------s-----s(73)s(80)----s(84)-------------------------------------6-----------------------------------------------
product criterion:279 chain criterion:125
std with hilb in (ZZ/179424673),(x18,x17,x16,x15,x14,x13,x12,x11,x10,x9,x8,x7,x6,x5,x4,x3,x2,x1,@),(lp(18),dp(1),C)
[65535:5]1(32)s(31)s(30)s(29)s(28)s(27)s(26)s(25)s(24)s2(23)s(22)s3(21)ss(22)s(24)s(27)s(31)s4(36)---s(34)s(36)s(39)s(42)-s(45)s(50)s(53)-s(54)s(59)s(63)s(67)-s(71)s(77)s(82)s(87)shhhhhhhhh5(84)----------------------------s(65)-----------s(58)s(65)----s(70)shhhhhhhhhhhhhhhhhhhhhhhhhhhhhhhhhhhh6(40)----------------shhhhhhhhhhhhhhhhhhhhhhhhhhhhhhhh
product criterion:352 chain criterion:241
hilbert series criterion:77
dehomogenization
simplification
imap to ring (ZZ/179424673),(x18,x17,x16,x15,x14,x13,x12,x11,x10,x9,x8,x7,x6,x5,x4,x3,x2,x1),(lp(18),C)
Auf Wiedersehen.
                     SINGULAR                                 /  Development
 A Computer Algebra System for Polynomial Computations       /   version 4.3.2
                                                           0<
 by: W. Decker, G.-M. Greuel, G. Pfister, H. Schoenemann     \   Feb 2023
FB Mathematik der Universitaet, D-67653 Kaiserslautern        \  Debian 1:4.3.2-p10+ds-1.1build1
// ** loaded /usr/bin/../share/singular/LIB/primdec.lib (4.3.2.9,Oct_2023)
// ** loaded /usr/bin/../share/singular/LIB/ring.lib (4.3.1.3,Feb_2023)
// ** loaded /usr/bin/../share/singular/LIB/absfact.lib (4.1.2.0,Feb_2019)
// ** loaded /usr/bin/../share/singular/LIB/triang.lib (4.1.2.0,Feb_2019)
// ** loaded /usr/bin/../share/singular/LIB/matrix.lib (4.3.2.3,Aug_2023)
// ** loaded /usr/bin/../share/singular/LIB/nctools.lib (4.1.2.0,Feb_2019)
// ** loaded /usr/bin/../share/singular/LIB/inout.lib (4.1.2.0,Feb_2019)
// ** loaded /usr/bin/../share/singular/LIB/random.lib (4.1.2.0,Feb_2019)
// ** loaded /usr/bin/../share/singular/LIB/polylib.lib (4.2.0.0,Dec_2020)
// ** loaded /usr/bin/../share/singular/LIB/elim.lib (4.3.2.5,Jul_2023)
// ** loaded /usr/bin/../share/singular/LIB/general.lib (4.1.2.0,Feb_2019)
[65535:5]1(17)s(16)s(15)s(14)s(13)s(12)s(11)s(10)s(9)s(8)s(7)s(6)s(5)s2(4)s(3)s(2)s3ss
(S:17)-----------------
product criterion:153 chain criterion:0
// ** redefining j (int j = 2;)
rt
// ** redefining p (    poly p = reduce(kb[a]*kb[b], gb);)
rt
// ** redefining b (int b = 1;)
// ** redefining p (    poly p = reduce(kb[a]*kb[b], gb);)
rt
// ** redefining p (    poly p = reduce(kb[a]*kb[b], gb);)
rt
Auf Wiedersehen.

Set::write: Tag String in A[9] is Protected.

Set::setraw: Cannot assign to raw object 1.

Set::write: Tag Plus in 11682369 - 3835120 A[9] is Protected.

Set::write: Tag String in A[9] is Protected.

General::stop: Further output of Set::write will be suppressed during this calculation.

Set::setraw: Cannot assign to raw object 1.
  >> 1 region(s): expReg=2.503s  build=0.069s
  [sector total: 2.58s]
#Non-triv Sectors = 1

