
      +++  sector:  {0, 1, 0, 1, 1, 1, 1, 0, 0}  (1/1)  +++ 
                     SINGULAR                                 /  Development
 A Computer Algebra System for Polynomial Computations       /   version 4.3.2
                                                           0<
 by: W. Decker, G.-M. Greuel, G. Pfister, H. Schoenemann     \   Feb 2023
FB Mathematik der Universitaet, D-67653 Kaiserslautern        \  Debian 1:4.3.2-p10+ds-1.1build1
compute hilbert series with std in ring (ZZ/179424673),(x18,x17,x16,x15,x14,x13,x12,x11,x10,x9,x8,x7,x6,x5,x4,x3,x2,x1,@),(dp(19),C)
weights used for hilbert series: 1,1,1,1,1,1,1,1,1,1,1,1,1,1,1,1,1,1,1
[65535:5]2(18)s(17)s(16)s(15)s(14)s(13)s(12)s(11)s(10)s(9)s(10)s(12)s(15)s(16)s(20)s(22)s(24)s(27)s(32)s3(33)s(37)s(42)s(49)s(53)s(54)s(61)s(68)s(75)s(85)s(92)s(96)s(103)s(111)s(115)s(121)s(132)-s(141)s(147)s(152)s(160)s(167)s(173)s(179)s(187)s(193)s(204)s(213)s(219)s(227)s(235)s(241)s(248)s4(257)s(266)-s(275)---s(282)s(292)s(302)s(313)s(325)s(336)s(347)s(359)s(370)s(380)----s(389)-----------s(392)-----------------------s(380)s(390)s(400)s(409)-s(419)s(430)s(445)s(457)s(467)s(478)---s(482)--s(492)-s(499)---s(506)s(523)-s(531)s(544)-s(553)---s(560)s(570)--s(577)---s(584)s(596)s(607)s(618)--s(625)--s(632)-s(643)s(657)s(670)s(681)s(691)-----s(698)s(711)s(723)s(735)---s(745)s(757)s(766)-------s(772)-------s(777)s(786)---------------------s(776)--------------s(771)-----s(775)-s(782)s(790)s(802)--(800)----------------------s(788)s(796)--------5-s(799)s(812)s(825)----s(836)s(850)-s(861)-s(874)-s(888)---s(898)--s(911)-----------(900)-------------------s(896)--s(910)s(927)------------s(929)s(945)s(962)-s(976)---s(987)s(1002)s(1018)s(1031)s(1047)--s(1062)s(1075)-s(1088)--------------s(1089)s(1103)---(1100)----------------------s(1094)s(1108)------s(1119)-------------------(1100)----------------------------------------------------------------------------------------------------(1000)----------------------------s(987)------------s(991)----------------------s(980)s(995)--s(1005)s(1021)--s(1031)s(1042)s(1055)s(1067)--s(1078)------------s(1079)-s(1090)-s(1103)--s(1114)s(1127)---s(1138)------s(1147)---s(1156)s(1164)s(1173)--s(1182)---------------s(1176)-s(1185)-----------s(1186)----s(1195)---------------s(1193)----------------------------------------s(1166)------s(1173)-----------------------------------------------------s(1129)----------------s(1123)------------s(1124)-s(1137)--s(1145)---s(1152)s(1161)s(1172)-s(1186)s(1197)-s(1209)-------s(1214)s(1226)s(1239)-------s(1244)-s(1254)s(1266)--------------------------s(1253)-s(1263)----s(1270)-----------s(1271)--------------s(1269)----------------------s(1260)-------s(1269)s(1279)---------s(1282)------------s(1287)-s(1298)-------s(1304)----(1300)------------------s(1293)s(1302)--(1300)-----6-s(1309)s(1325)--s(1339)---------------------------------------(1300)----------------------------------------------------------------------------------------------------(1200)--------------ss(1215)---------------(1200)----------------------s(1193)-------------------------------------------------------s(1153)-----------------------------------------------------(1100)----------------------------------------------------------------------------------------------------(1000)---s(1013)-s(1027)---------------------------(1000)---s(1011)-s(1026)s(1043)s(1057)s(1071)-----------------------------------s(1051)----------------------------s(1038)-s(1052)s(1067)---------s(1073)----s(1085)------------------s(1082)----------------------------------------------------------------------------------(1000)----------------------------------------------------------s(958)-s(972)-s(984)s(999)-s(1013)--s(1023)-s(1032)s(1045)-------s(1050)-------s(1056)-------------------------s(1044)-s(1057)--------s(1062)--s(1074)----s(1085)----------------------------------------------s(1049)-----s(1056)-------s(1062)------s(1071)------------------------------------s(1048)----s(1056)---s(1065)-----------------s(1061)---------------------------------s(1039)----s(1046)----s(1054)--------s(1059)------s(1067)----------s(1069)---s(1077)-------------s(1074)s(1085)-------------------------------------------------------------------------------------(1000)----------------------------------s(979)s(992)s(1006)------(1000)----s(1009)---------(1000)--------------------s(993)s(1005)----s(1015)----s(1025)-------------------------(1000)----------------------------------------------------------------------------------------------------(900)---7-------------------------------------------------------------------------------------------------(800)----------------------------------------------------------------------------------------------------(700)----------------------------------------------------------------------------------------------------(600)----------------------------------------------------------------------------------------------------(500)---------------------------------------------------------------------------s(441)-----------------------------------------(400)------------------------s(389)----s(398)-s(411)-----------(400)------------s(403)--s(414)--------------(400)---------------------s(393)------------------------------s(376)-----------------------------------------------------------s(330)------------s(332)--------------------------------(300)----------------s(295)---------s(297)-s(308)--------(300)------------------s(295)----------------------------------------------------------------------------------------------8-(200)----------------------------------------------------------------------------------------------------(100)----------------------------------------------------------------------------------------------------
product criterion:9156 chain criterion:26780
std with hilb in (ZZ/179424673),(x18,x17,x16,x15,x14,x13,x12,x11,x10,x9,x8,x7,x6,x5,x4,x3,x2,x1,@),(lp(18),dp(1),C)
[65535:5]2(280)s(279)s(278)s(277)s(276)s(275)s(274)s(273)s(272)s(271)s(272)s(274)s(275)s(278)s(281)s(283)s(288)s(291)s(295)s3(297)s(303)s(305)s(310)s(315)s(321)s(326)s(331)s(338)s(345)s(350)s(354)s(358)s(365)s(372)s(380)s(384)s(390)s(394)s(402)s(411)s(420)s(430)s(438)s(447)s(456)-s(463)s(471)s(479)s(486)s(490)s(497)s(508)s(515)s(524)shhhhhhhhhhhhhhhhhhhhhhhhhhhhhhhhh4(500)s(508)s(516)s(526)s(535)s(545)s(554)s(566)s(577)s(587)-s(600)s(609)s(618)s(628)-s(637)s(644)s(653)s(665)s(675)s(683)--s(692)s(701)s(710)s(722)s(732)s(743)s(754)-s(765)s(777)s(788)s(799)s(810)s(819)s(831)s(843)s(853)s(863)s(873)s(885)s(895)s(906)--s(915)s(928)s(940)s(954)s(967)s(976)s(988)-s(998)---s(1009)-----s(1019)-----------s(1021)-s(1030)---------s(1031)s(1042)---s(1050)s(1059)------------s(1062)------------s(1067)-s(1077)---------------s(1073)--s(1079)--------------s(1073)--s(1079)--------s(1080)------------------------------s(1062)-----------s(1064)s(1073)s(1085)----------s(1088)shhhhhhhhhhhhhhhhhhhhhhhhhhhhhhhhhhhhhhhhhhhhhhhhhhhhhhhhhhhhhhhhhhhhhhhhhhhhhhhhhh5(1020)s(1033)-s(1046)s(1058)-s(1072)-s(1085)s(1099)s(1112)-----s(1123)--s(1133)-s(1146)-s(1161)s(1178)-s(1188)-s(1199)s(1211)---s(1222)---s(1233)-s(1246)----s(1253)-------s(1263)----------s(1264)-s(1277)-s(1290)s(1305)s(1318)---s(1331)-----s(1341)---s(1350)s(1362)-s(1373)-s(1386)-s(1400)----s(1408)---s(1420)----s(1432)-s(1447)--------------s(1445)--s(1456)-----s(1466)------------s(1467)-s(1481)-s(1492)--s(1505)----s(1512)----s(1521)s(1530)s(1543)------s(1550)--s(1559)---s(1566)-s(1576)s(1588)s(1598)s(1610)s(1626)------s(1634)s(1648)----s(1655)s(1668)-s(1679)s(1692)s(1703)s(1714)s(1731)----------s(1738)------------s(1735)----------s(1737)----s(1746)----------------s(1740)--------s(1745)-s(1755)---------------------------------------------------s(1714)s(1725)----------s(1731)----------s(1734)-----s(1740)--s(1750)s(1762)-------------------------s(1746)---------s(1749)-s(1765)----------------------------------------------------------s(1723)-s(1736)-----s(1743)-------------s(1744)-------s(1748)---------------s(1743)--s(1747)----------------------------------------------s(1712)------------(1700)-s(1710)----------(1700)------s(1709)-----s(1715)---------s(1716)----------s(1715)---------------(1700)------------------------------------s(1674)--------------------------------------------------------------s(1622)----------------------(1600)---------------------s(1588)---------------------------------------------------shhhhhhhhhhhhhhhhhhhhhhhhhhhhhhhhhhhhhhhhhhhhhhhhhhhhhhhhhhhhhhhhhhhhhhhhhhhhhhhhhhhhhhhhhhhhh6(1457)s(1472)s(1488)-s(1504)----(1500)-----------s(1504)-s(1519)---s(1532)-s(1548)------------------------------s(1532)s(1547)-s(1561)---s(1573)s(1588)--s(1600)----------------------s(1592)----s(1603)---(1600)----------------------s(1591)---s(1600)--s(1611)------s(1617)s(1630)s(1643)-----------s(1645)---s(1657)-----------------------------------s(1638)------s(1646)-s(1660)s(1672)---------s(1677)--s(1689)s(1702)--(1700)-s(1712)------------(1700)----------s(1706)s(1719)--s(1732)----------------------s(1725)-------------------------(1700)-------------------s(1694)--------s(1698)----------s(1701)-(1700)-------s(1708)------s(1717)s(1732)----s(1742)------------------------------------------(1700)------------s(1703)---(1700)----------------------------------------------------------------------------------------------------(1600)-------s(1605)-----(1600)-------s(1605)-----(1600)----------------------------------------------s(1568)--------------------------s(1557)--------------------------------------------s(1523)-----s(1530)-s(1541)-----------------------------------------(1500)----------------------------------------------------------------------------------------------------(1400)----------------------------------------------------------------------------------------------------(1300)------------s(1303)---(1300)--------------s(1298)--------------------------------------------------------------------------------------------------(1200)------------------------------------------------------------------------------------------s(1122)---s(1129)-----------------------------(1100)-----------------------------------------------------------------------------------------shhhhhhhhhhhhhhhhhhhhhhhhhhhhhhhhhhhhhhhhhhhhhhhhhhhhhhhhhhhhhhhhhhhhhhhhhhhhhhhhhhhhhhhhhhhhhhhhhhhhhhhhhhhhhhhhhhhhhhhhhhhhhhhhhhhhhhhhhhhhhhhhhhhhhhhhhhhhhhhhhhhhhhhhhhhhhhhhhhhhhhhhhhhhhh7(832)s(848)--------------------------------------------s(820)--------------s(819)-s(830)--------s(835)s(849)s(862)--------------------------------------------------------------(800)----s(811)------s(819)-------------------(800)-----------s(802)--(800)-s(813)s(827)---------------------------(800)------------------------------s(783)-----------------------------------------------------------------------------------(700)----------------------------------------------------------------------------------------------------(600)--------------s(596)----------------s(591)-------------------------------------------------------------------------------------------(500)---------------------------s(487)---------------------------------------------------------------------------------------(400)---------shhhhhhhhhhhhhhhhhhhhhhhhhhhhhhhhhhhhhhhhhhhhhhhhhhhhhhhhhhhhhhhhhhhhhhhhhhhhhhhhhhhhhhhhhhhhhhhhhhhhhhhhhhhhhhhhhhhhhhhhhhhhhhhhhhhhhhhhhhhhhhhhhhhhhhhhhhhhhhhhhhhhhhhhhhhhhhhhhhhhhhhhhhhhhhhhhhhhhhhhhhhhhhhhhhhhhhhhhhhhhhhhhhhhhhhhhhhhhhhhhhhhhhhhhhhhhhhhhhhhhhhhhhhhhhhhhhhhhhhhhhhhhhhhhhhhhhhhhhhhhhhhhhhhhhhhhhhhhhhhhhhhhhhhhhhhhhhhhhhhhhhhhhhhhhhhhhhhhhhhhhhhhhhhhhhhhhhhhhhhhhhhhhhhhhhhhhhhhhhhhhhhh
product criterion:11001 chain criterion:28521
hilbert series criterion:803
dehomogenization
simplification
imap to ring (ZZ/179424673),(x18,x17,x16,x15,x14,x13,x12,x11,x10,x9,x8,x7,x6,x5,x4,x3,x2,x1),(lp(18),C)
Auf Wiedersehen.
                     SINGULAR                                 /  Development
 A Computer Algebra System for Polynomial Computations       /   version 4.3.2
                                                           0<
 by: W. Decker, G.-M. Greuel, G. Pfister, H. Schoenemann     \   Feb 2023
FB Mathematik der Universitaet, D-67653 Kaiserslautern        \  Debian 1:4.3.2-p10+ds-1.1build1
// ** loaded /usr/bin/../share/singular/LIB/primdec.lib (4.3.2.9,Oct_2023)
// ** loaded /usr/bin/../share/singular/LIB/ring.lib (4.3.1.3,Feb_2023)
// ** loaded /usr/bin/../share/singular/LIB/absfact.lib (4.1.2.0,Feb_2019)
// ** loaded /usr/bin/../share/singular/LIB/triang.lib (4.1.2.0,Feb_2019)
// ** loaded /usr/bin/../share/singular/LIB/matrix.lib (4.3.2.3,Aug_2023)
// ** loaded /usr/bin/../share/singular/LIB/nctools.lib (4.1.2.0,Feb_2019)
// ** loaded /usr/bin/../share/singular/LIB/inout.lib (4.1.2.0,Feb_2019)
// ** loaded /usr/bin/../share/singular/LIB/random.lib (4.1.2.0,Feb_2019)
// ** loaded /usr/bin/../share/singular/LIB/polylib.lib (4.2.0.0,Dec_2020)
// ** loaded /usr/bin/../share/singular/LIB/elim.lib (4.3.2.5,Jul_2023)
// ** loaded /usr/bin/../share/singular/LIB/general.lib (4.1.2.0,Feb_2019)
map with cache
map with cache
map with cache
map with cache
map with cache
map with cache
map with cache
map with cache
map with cache
map with cache
map with cache
map with cache
map with cache
map with cache
map with cache
map with cache
map with cache
std in (ZZ/179424673),(x18,x17,x16,x15,x14,x13,x12,x11,x10,x9,x8,x7,x6,x5,x4,x3,x2,x1),(dp(18),C)
[65535:6]1(17)s(16)s(15)s(14)s(13)s(12)s(11)s(10)s(9)s(8)s(7)s(6)s(5)s(4)s(3)s(2)ss3s
(S:17)-----------------
product criterion:153 chain criterion:0
[65535:5]1(17)s(16)s(15)s(14)s(13)s(12)s(11)s(10)s(9)s(8)s(7)s(6)s(5)s(4)s(3)s(2)ss3s
(S:17)-----------------
product criterion:153 chain criterion:0
map is a permutation
[65535:6]1(18)s(17)s(16)s(15)s(14)s(13)s(12)s(11)s(10)s(9)s(8)s(7)s(6)s(5)s(4)s(3)s(2)sss
(S:18)------------------
product criterion:171 chain criterion:0
[65535:5]1(17)s(16)s(15)s(14)s(13)s(12)s(11)s(10)s(9)s(8)s(7)s(6)s(5)s(4)s(3)s(2)sss
(S:17)-----------------
product criterion:153 chain criterion:0
{1}[65535:7]1(17)s(16)s(15)s(14)s(13)s(12)s(11)s(10)s(9)s(8)s(7)s(6)s(5)s(4)s(3)s(2)sss2(16)----------------
(S:18)-------------------
product criterion:0 chain criterion:0
(S:18)rrrrrrrrrrrrrrrrrr
[65535:5]1(17)s(16)s(15)s(14)s(13)s(12)s(11)s(10)s(9)s(8)s(7)s(6)s(5)s(4)s(3)s(2)sss
(S:17)-----------------
product criterion:153 chain criterion:0
intersect by elimination method
[65535:7]1(18)s2(17)s(16)s(15)s(14)s(13)s(12)s(11)s(10)s(9)s(8)s(7)s(6)s(5)s(4)s(3)s(2)sss
(S:18)------------------
product criterion:171 chain criterion:0
map is a permutation
[65535:6]1(18)s(17)s(16)s(15)s(14)s(13)s(12)s(11)s(10)s(9)s(8)s(7)s(6)s(5)s(4)s(3)s(2)ss2s
(S:0)
product criterion:171 chain criterion:0
map is a permutation
[65535:6]1(18)s(17)s(16)s(15)s(14)s(13)s(12)s(11)s(10)s(9)s(8)s(7)s(6)s(5)s(4)s(3)s(2)ss2s
(S:0)
product criterion:171 chain criterion:0
map is a permutation
[65535:6]1(18)s(17)s(16)s(15)s(14)s(13)s(12)s(11)s(10)s(9)s(8)s(7)s(6)s(5)s(4)s(3)s(2)ss2s
(S:0)
product criterion:171 chain criterion:0
map is a permutation
[65535:6]1(18)s(17)s(16)s(15)s(14)s(13)s(12)s(11)s(10)s(9)s(8)s(7)s(6)s(5)s(4)s(3)s(2)ss2s
(S:0)
product criterion:171 chain criterion:0
map is a permutation
[65535:6]1(18)s(17)s(16)s(15)s(14)s(13)s(12)s(11)s(10)s(9)s(8)s(7)s(6)s(5)s(4)s(3)s(2)ss2s
(S:0)
product criterion:171 chain criterion:0
map is a permutation
[65535:6]1(18)s(17)s(16)s(15)s(14)s(13)s(12)s(11)s(10)s(9)s(8)s(7)s(6)s(5)s(4)s(3)s(2)ss2s
(S:0)
product criterion:171 chain criterion:0
map is a permutation
[65535:6]1(18)s(17)s(16)s(15)s(14)s(13)s(12)s(11)s(10)s(9)s(8)s(7)s(6)s(5)s(4)s(3)s(2)ss2s
(S:0)
product criterion:171 chain criterion:0
map is a permutation
[65535:6]1(18)s(17)s(16)s(15)s(14)s(13)s(12)s(11)s(10)s(9)s(8)s(7)s(6)s(5)s(4)s(3)s(2)ss2s
(S:0)
product criterion:171 chain criterion:0
map is a permutation
[65535:6]1(18)s(17)s(16)s(15)s(14)s(13)s(12)s(11)s(10)s(9)s(8)s(7)s(6)s(5)s(4)s(3)s(2)ss2s
(S:0)
product criterion:171 chain criterion:0
map is a permutation
[65535:6]1(18)s(17)s(16)s(15)s(14)s(13)s(12)s(11)s(10)s(9)s(8)s(7)s(6)s(5)s(4)s(3)s(2)ss2s
(S:0)
product criterion:171 chain criterion:0
map is a permutation
[65535:6]1(18)s(17)s(16)s(15)s(14)s(13)s(12)s(11)s(10)s(9)s(8)s(7)s(6)s(5)s(4)s(3)s(2)ss2s
(S:0)
product criterion:171 chain criterion:0
map is a permutation
[65535:6]1(18)s(17)s(16)s(15)s(14)s(13)s(12)s(11)s(10)s(9)s(8)s(7)s(6)s(5)s(4)s(3)s(2)ss2s
(S:0)
product criterion:171 chain criterion:0
map is a permutation
[65535:6]1(18)s(17)s(16)s(15)s(14)s(13)s(12)s(11)s(10)s(9)s(8)s(7)s(6)s(5)s(4)s(3)s(2)ss2s
(S:0)
product criterion:171 chain criterion:0
map is a permutation
[65535:6]1(18)s(17)s(16)s(15)s(14)s(13)s(12)s(11)s(10)s(9)s(8)s(7)s(6)s(5)s(4)s(3)s(2)ss2s
(S:0)
product criterion:171 chain criterion:0
map is a permutation
[65535:6]1(18)s(17)s(16)s(15)s(14)s(13)s(12)s(11)s(10)s(9)s(8)s(7)s(6)s(5)s(4)s(3)s(2)ss2s
(S:0)
product criterion:171 chain criterion:0
map is a permutation
[65535:6]1(18)s(17)s(16)s(15)s(14)s(13)s(12)s(11)s(10)s(9)s(8)s(7)s(6)s(5)s(4)s(3)s(2)ss2s
(S:0)
product criterion:171 chain criterion:0
map is a permutation
[65535:6]1(18)s(17)s(16)s(15)s(14)s(13)s(12)s(11)s(10)s(9)s(8)s(7)s(6)s(5)s(4)s(3)s(2)ss2s
(S:0)
product criterion:171 chain criterion:0
map is a permutation
[65535:6]1(18)s(17)s(16)s(15)s(14)s(13)s(12)s(11)s(10)s(9)s(8)s(7)s(6)s(5)s(4)s(3)s(2)ss2s
(S:0)
product criterion:171 chain criterion:0
[65535:5]1(17)s(16)s(15)s(14)s(13)s(12)s(11)s(10)s(9)s(8)s(7)s(6)s(5)s(4)s(3)s(2)sss
(S:17)-----------------
product criterion:153 chain criterion:0
map is a permutation
[65535:6]1(18)s(17)s(16)s(15)s(14)s(13)s(12)s(11)s(10)s(9)s(8)s(7)s(6)s(5)s(4)s(3)s(2)ss2s
(S:18)------------------
product criterion:171 chain criterion:0
[65535:5]1(17)s(16)s(15)s(14)s(13)s(12)s(11)s(10)s(9)s(8)s(7)s(6)s(5)s(4)s(3)s(2)ss2s
(S:17)-----------------
product criterion:153 chain criterion:0
{1}[65535:7]1(17)s(16)s(15)s(14)s(13)s(12)s(11)s(10)s(9)s(8)s(7)s(6)s(5)s(4)s(3)s(2)ss2s3(16)----------------
(S:18)-------------------
product criterion:0 chain criterion:0
(S:18)rrrrrrrrrrrrrrrrrr
[65535:5]1(17)s(16)s(15)s(14)s(13)s(12)s(11)s(10)s(9)s(8)s(7)s(6)s(5)s(4)s(3)s(2)ss2s
(S:17)-----------------
product criterion:153 chain criterion:0
map is a permutation
intersect by elimination method
[65535:7]1(18)s2(17)s(16)s(15)s(14)s(13)s(12)s(11)s(10)s(9)s(8)s(7)s(6)s(5)s(4)s(3)s(2)ss3s
(S:18)------------------
product criterion:171 chain criterion:0
map is a permutation
[65535:6]1(18)s(17)s(16)s(15)s(14)s(13)s(12)s(11)s(10)s(9)s(8)s(7)s(6)s(5)s(4)s(3)s(2)s2s.4
(S:0)
product criterion:153 chain criterion:0
map is a permutation
[65535:6]1(18)s(17)s(16)s(15)s(14)s(13)s(12)s(11)s(10)s(9)s(8)s(7)s(6)s(5)s(4)s(3)s(2)s2s.4
(S:0)
product criterion:153 chain criterion:0
map is a permutation
[65535:6]1(18)s(17)s(16)s(15)s(14)s(13)s(12)s(11)s(10)s(9)s(8)s(7)s(6)s(5)s(4)s(3)s(2)s2s.4
(S:0)
product criterion:153 chain criterion:0
map is a permutation
[65535:6]1(18)s(17)s(16)s(15)s(14)s(13)s(12)s(11)s(10)s(9)s(8)s(7)s(6)s(5)s(4)s(3)s(2)s2s.4
(S:0)
product criterion:153 chain criterion:0
map is a permutation
[65535:6]1(18)s(17)s(16)s(15)s(14)s(13)s(12)s(11)s(10)s(9)s(8)s(7)s(6)s(5)s(4)s(3)s(2)s2s.4
(S:0)
product criterion:153 chain criterion:0
map is a permutation
[65535:6]1(18)s(17)s(16)s(15)s(14)s(13)s(12)s(11)s(10)s(9)s(8)s(7)s(6)s(5)s(4)s(3)s(2)s2s.4
(S:0)
product criterion:153 chain criterion:0
map is a permutation
[65535:6]1(18)s(17)s(16)s(15)s(14)s(13)s(12)s(11)s(10)s(9)s(8)s(7)s(6)s(5)s(4)s(3)s(2)s2s.4
(S:0)
product criterion:153 chain criterion:0
map is a permutation
[65535:6]1(18)s(17)s(16)s(15)s(14)s(13)s(12)s(11)s(10)s(9)s(8)s(7)s(6)s(5)s(4)s(3)s(2)s2s.4
(S:0)
product criterion:153 chain criterion:0
map is a permutation
[65535:6]1(18)s(17)s(16)s(15)s(14)s(13)s(12)s(11)s(10)s(9)s(8)s(7)s(6)s(5)s(4)s(3)s(2)s2s.4
(S:0)
product criterion:153 chain criterion:0
map is a permutation
[65535:6]1(18)s(17)s(16)s(15)s(14)s(13)s(12)s(11)s(10)s(9)s(8)s(7)s(6)s(5)s(4)s(3)s(2)s2s.4
(S:0)
product criterion:153 chain criterion:0
map is a permutation
[65535:6]1(18)s(17)s(16)s(15)s(14)s(13)s(12)s(11)s(10)s(9)s(8)s(7)s(6)s(5)s(4)s(3)s(2)s2s.4
(S:0)
product criterion:153 chain criterion:0
map is a permutation
[65535:6]1(18)s(17)s(16)s(15)s(14)s(13)s(12)s(11)s(10)s(9)s(8)s(7)s(6)s(5)s(4)s(3)s(2)s2s.4
(S:0)
product criterion:153 chain criterion:0
map is a permutation
[65535:6]1(18)s(17)s(16)s(15)s(14)s(13)s(12)s(11)s(10)s(9)s(8)s(7)s(6)s(5)s(4)s(3)s(2)s2s.4
(S:0)
product criterion:153 chain criterion:0
map is a permutation
[65535:6]1(18)s(17)s(16)s(15)s(14)s(13)s(12)s(11)s(10)s(9)s(8)s(7)s(6)s(5)s(4)s(3)s(2)s2s.4
(S:0)
product criterion:153 chain criterion:0
map is a permutation
[65535:6]1(18)s(17)s(16)s(15)s(14)s(13)s(12)s(11)s(10)s(9)s(8)s(7)s(6)s(5)s(4)s(3)s(2)s2s.4
(S:0)
product criterion:153 chain criterion:0
map is a permutation
[65535:6]1(18)s(17)s(16)s(15)s(14)s(13)s(12)s(11)s(10)s(9)s(8)s(7)s(6)s(5)s(4)s(3)s(2)s2s.4
(S:0)
product criterion:153 chain criterion:0
map is a permutation
[65535:6]1(18)s(17)s(16)s(15)s(14)s(13)s(12)s(11)s(10)s(9)s(8)s(7)s(6)s(5)s(4)s(3)s(2)s2s.4
(S:0)
product criterion:153 chain criterion:0
map is a permutation
[65535:6]1(18)s(17)s(16)s(15)s(14)s(13)s(12)s(11)s(10)s(9)s(8)s(7)s(6)s(5)s(4)s(3)s(2)s2s3s
(S:0)
product criterion:171 chain criterion:0
[65535:5]1(17)s(16)s(15)s(14)s(13)s(12)s(11)s(10)s(9)s(8)s(7)s(6)s(5)s(4)s(3)s(2)ss2s
(S:17)-----------------
product criterion:153 chain criterion:0
// ** _ is no standard basis
// ** _ is no standard basis
Auf Wiedersehen.
                     SINGULAR                                 /  Development
 A Computer Algebra System for Polynomial Computations       /   version 4.3.2
                                                           0<
 by: W. Decker, G.-M. Greuel, G. Pfister, H. Schoenemann     \   Feb 2023
FB Mathematik der Universitaet, D-67653 Kaiserslautern        \  Debian 1:4.3.2-p10+ds-1.1build1
compute hilbert series with std in ring (ZZ/179424673),(x18,x17,x16,x15,x14,x13,x12,x11,x10,x9,x8,x7,x6,x5,x4,x3,x2,x1,@),(dp(19),C)
weights used for hilbert series: 1,1,1,1,1,1,1,1,1,1,1,1,1,1,1,1,1,1,1
[65535:5]1(17)s(16)s(15)s(14)s(13)s(12)s(11)s2(10)s(9)sss3(10)-ss(12)s(13)s(15)s(18)s(20)s(23)s(27)s(31)s4(34)------s(31)-s(34)s(39)s(45)s(52)s(60)s(64)--s(67)s(73)s(75)s(78)s(82)s(89)s(94)s(98)s(103)s(107)s(113)s(118)s(123)s(128)s5(133)---s(136)s(141)s(147)s(154)s(162)----------------s(153)s(159)s(165)s(173)s(182)s(189)-s(195)s(203)s(211)-----------(200)----------s(199)-s(205)-----(200)--------------s(193)s(196)s(200)s(204)s(209)s(215)s(220)s(225)s(231)s(238)s(245)s(251)---------------------s(233)s(237)---s(242)s(248)-s(251)----s(255)s(261)s(270)s(277)-s(283)s(291)s(297)s(304)s(310)s6(317)------------s(314)--------------(300)--------------------------------------------------------s(254)------------------------------------------------------(200)--------------------------------------------------------s(152)--s(159)------s(162)s(171)----------------------------------------------s(133)-----------s(129)-----------------------------(100)---s(101)-(100)---------ss(106)----s(112)--s7(120)--------------------(100)-----------------------------------------------------s(56)----------------------------------------s(21)-----8----------------s9(5)-----s10(4)----
product criterion:1609 chain criterion:3007
std with hilb in (ZZ/179424673),(x18,x17,x16,x15,x14,x13,x12,x11,x10,x9,x8,x7,x6,x5,x4,x3,x2,x1,@),(lp(18),dp(1),C)
[65535:5]1(102)s(101)s(100)s(99)s(98)s(97)s(96)s2(95)s(94)ss(95)s3(97)-s(96)s(97)s(98)s(99)s(101)-(100)--s(101)s(105)s(110)s(116)s(123)s(131)s4(140)------------s(130)s(133)s(137)s(140)s(142)s(145)s(150)s(152)s(156)s(158)s(161)s(167)s(171)s(174)s(179)s(182)s(186)s(193)s(198)s(202)s(208)s(212)s(215)s(218)s(226)s(232)s(237)s(242)s(246)s(253)s(257)s(262)s(271)s(278)s(284)s(290)s(295)s(299)s(304)s(308)s(312)s(322)s(330)s(337)s(344)s(350)shhhhhhhhhhhhhhhhhhhhhh5(334)--------------------s(319)s(325)-----------------s(317)----------------s(306)---s(309)s(319)s(326)-----ss(332)---------------s(325)s(331)s(335)--------------s(327)---s(331)s(339)s(346)-----ss(352)-s(358)-------s(359)-s(364)s(371)s(380)------------------s(369)---s(376)------s(379)-------s(380)-------------s(374)------------s(371)-------s(372)----s(376)----s(381)----s(384)-----s(389)------s(391)-------s(393)----s(398)----s(401)-(400)---shhhhhhhhhhhhhhhhhhhhhhhhhhhhhhhhhhhhhhhhhhhhhhhh6(356)------s(357)------------------------s(341)-----------------------------------------(300)-------------------s(286)s(292)s(302)--(300)-------s(299)s(306)s(312)----s------------(300)-------s(301)-(300)-----------------------------------s(274)--------------------------------s(251)-s(256)s(263)-------s(265)-------------s(260)----------------s(251)-s(258)--------s(260)-s(268)-------------------------------s(244)-s(253)---------s(254)--s(260)s(269)----s(273)----------------shhhhhhhhhhhhhhhhh7(249)-------------------------------------------------(200)-----------s(193)---------------------------------------------------------------------------------------------(100)----------------------------s(82)---------s---------------------------s(65)------shhhhhhhhhhhhhhhhhhhh8(48)----------------------s(36)------------------s(28)-shhhh9(32)--------------------------s(16)shhhh10(20)---------shhhhhhhhhh11(10)---------sh12---------sh13---------shhhhhhhhhhh
product criterion:2452 chain criterion:7681
hilbert series criterion:138
dehomogenization
simplification
imap to ring (ZZ/179424673),(x18,x17,x16,x15,x14,x13,x12,x11,x10,x9,x8,x7,x6,x5,x4,x3,x2,x1),(lp(18),C)
Auf Wiedersehen.
                     SINGULAR                                 /  Development
 A Computer Algebra System for Polynomial Computations       /   version 4.3.2
                                                           0<
 by: W. Decker, G.-M. Greuel, G. Pfister, H. Schoenemann     \   Feb 2023
FB Mathematik der Universitaet, D-67653 Kaiserslautern        \  Debian 1:4.3.2-p10+ds-1.1build1
compute hilbert series with std in ring (ZZ/179424673),(x18,x17,x16,x15,x14,x13,x12,x11,x10,x9,x8,x7,x6,x5,x4,x3,x2,x1,@),(dp(19),C)
weights used for hilbert series: 1,1,1,1,1,1,1,1,1,1,1,1,1,1,1,1,1,1,1
[65535:5]1(17)s(16)s(15)s(14)s(13)s(12)s2(11)s(10)s(9)s(10)s(9)s3(11)s(12)s(15)s(16)s(19)s(21)s(24)s(28)s(31)s(35)s(40)s(45)s4(49)s(51)-------s(48)---s--s(50)s(55)s(61)s(68)s(75)s(83)-s(88)s(94)s(101)s(104)s(108)s(113)s(121)s(127)s(132)s(139)s(144)s(151)s(157)s(163)s(168)s5(174)-------------------s(162)s(170)--s(174)s(180)s(189)s(196)---s(199)s(205)s(212)--------s(211)-s(218)s(227)-------s(228)-s(235)s(242)s(250)s(259)s(268)---s(272)-----------s(268)s(276)s(284)--------s(282)s(288)s(297)---s(301)s(308)-s(315)s(323)s(331)s(335)s(340)s(345)s(351)s(358)s(364)s(370)s(377)s(385)s(393)s(400)-s(406)s(414)s(423)s(429)-s(435)s(443)s(451)------s--s(455)s(465)s(476)-s(484)s(492)--s(494)s(499)s(509)s(518)s(527)s(536)s(543)-s(547)----s(549)s(556)s(565)s(571)-s(578)s(586)s(593)s(601)s(608)s6(616)s(625)s(634)------ss(641)s(650)s(659)s(668)s(677)s(687)-----s(690)--s(697)---------------------------------------------s(662)----s(667)--s(676)-s(685)s(693)------s(696)s(707)s(718)-s(726)s(736)------------------------------------(700)--------------------s(689)----s(694)s(703)s(713)s(722)s(732)--------------------------------(700)------------------------------------------------------s(656)s(666)--------------------------s(651)--------s(654)------------------------------------------------------(600)------------------------------------------s(567)-s(576)----------------------------------------------------------------------------(500)--------------s(495)----------------------------s(476)------------s(473)-s(482)-----------------------s(468)-----------s(465)-------------s(461)-----------------s(449)----s(454)------s(457)s(466)s(475)s(485)s(492)s(502)s(511)-s(519)s(528)--s7(536)------------------------------------(500)----------------------------------------------------------------------------------------------------(400)----------------------------------------------------------------------------------------------------(300)-------------------------s(285)--------------------------------------s(258)s(269)----------------------------------s(246)----------------------------------------------(200)----------------------------------------------------------------------------------------------------(100)-----s(105)----s(111)-----s(116)----------------(100)---------s(97)------8-----------------------------------------------------------------------------s(24)s(34)-----s(38)------s9---------------------------s(22)s(31)---------s10(27)-------------------s(18)--s(27)----11-----------------s(16)---s(24)-12-------------s(20)-------s(24)-13---------------------14-s(10)s15(20)--------------------
product criterion:3432 chain criterion:13892
std with hilb in (ZZ/179424673),(x18,x17,x16,x15,x14,x13,x12,x11,x10,x9,x8,x7,x6,x5,x4,x3,x2,x1,@),(lp(18),dp(1),C)
[65535:5]1(194)s(193)s(192)s(191)s(190)s(189)s2(188)s(187)s(186)ss(187)s3(189)s(190)s(191)s(194)s(195)s(199)s(200)-----s(198)s(202)s(207)s(213)s(220)s(228)s4(237)-----s(234)-s(236)-------s(232)s(236)s(241)s(244)s(248)s(252)s(258)s(260)s(265)s(269)s(274)s(281)s(284)s(290)s(293)s(298)s(304)s(312)s(316)s(323)s(327)s(331)s(338)s(343)s(352)s(354)s(362)s(367)s(372)s(377)s(383)s(391)s(401)s(406)s(415)s(421)s(427)s(433)s(437)s(442)s(448)s(459)s(462)s(472)s(479)s(486)s(493)s(498)shhhhhhhhhhhhhhhhhhhhhhhhh5(479)--------s(477)--------s(476)--------s(470)--s(479)-s(485)-----s(486)-s(494)--s(498)s(511)s(521)--------s(522)--s(528)----s(531)s(542)-s(551)--s(556)s(561)s(567)------s(569)-s(575)-----s(576)s(583)s(591)s(598)--s(602)--(600)s(606)-s(613)-s(621)-s(630)s(636)-s(641)-s(644)--s(647)s(656)-s(664)--s(670)s(676)s(683)------s(685)-s(692)-----s(694)s(700)s(709)s(716)--s(721)--s(725)-s(731)--s(736)----s(740)s(748)s(755)-s(762)--s(769)s(778)s(785)--------s(784)--s(791)-----s(794)--s(799)s(807)-----s(810)------s(813)s(819)-------s(822)-s(831)--s(839)s(849)s(857)-----s(862)-----s(866)------s(867)-------s(869)----s(873)-----s(877)--s(886)s(897)s(903)---(900)--s(909)-----s(914)------s(916)-------s(918)----s(920)----s(924)----shhhhhhhhhhhhhhhhhhhhhhhhhhhhhhhhhhhhhhhhhhhhhhhhhhhhhhhhhhhhhhhhhhhhhhhhhhhhh6(850)-------------s(848)-----------------s(841)------s(843)s(851)---------------------------------------s(823)-----------------------(800)---------s(802)--(800)---------s(801)-(800)------------------------------------------------------s(754)-----------s------------------------s(735)s(741)----s(748)--s(752)----s(754)-s(760)----------s(758)----------------s(751)s(758)---s(762)---s(768)---s(774)-s(784)--s(788)--s(794)--s(800)--s(805)-s(813)s(821)s(830)s(841)----s(847)s(857)---------------------------------------------------------(800)--------------------s(785)-----------------------s(771)s(780)-----s(785)-s(794)---------s(795)---s(800)----------------s(792)-s(798)-s(804)----(800)---------------------------------------------------------------s(747)-s(754)----------------s(747)s(755)-s(765)--s(772)-s(780)------s(782)s(790)-s(800)s(810)----------(800)------------------s(791)-----------s(790)---------s----s(795)-s(803)-s(812)---s(818)---s(826)------s(829)--s(834)---s(842)-------s(845)--------s(846)-----s(850)--s(856)-------s(858)--------s(861)--s(870)s(881)--------s(882)-----s(887)s(896)s(907)s(918)-s(926)---------s(925)---s(932)-------s(935)--------------s(931)---------------shhhhhhhhhhhhhhhhhhhhhhhhhhhhhhhhhhhhhhhhhhhhhhhhhhhhhhhhhh7(868)--------------------------------------------------------------------(800)-------------------------------s(776)-s(783)--------------------------------------s(753)-----------------------------------------------------(700)--s(709)---------(700)----------------------------------------------s(665)---s(667)--------s(664)-----------------s(654)----------------s(644)--------------------------------------------(600)------------s(597)-------------------------s(580)-------------------s(571)--------------------------s(553)--------------------s(543)---s(549)-------------------------s(535)-s(544)---------------------------------s(519)-------------------(500)--------s(502)--(500)-----------------------s(486)--------------------s(477)s(488)-------------------s(480)s(489)s(499)s(510)----------(500)--------s(502)--(500)------s(504)----(500)-----------------------------s(481)s(491)-------s(492)--------s(493)------------------s(486)---s(493)-------------s(490)--------s(491)----s(496)-s(506)------(500)-------------s(497)----s(504)----(500)------------s(498)----s(504)----(500)---------------------------------------shhhhhhhhh8(461)-------------------------------------------------------------(400)--------------------------------s(379)-------------------------------------------------------------------------------(300)----------------------------------------------------------------------------------------------------(200)----------------------s(188)------------s(185)-------------------------s(170)-------------------------s(156)--------------s(152)----s(159)---------s(161)-s(171)---s(177)s(186)s(195)----------s(194)s(206)-----s(211)-----------(200)---s(207)-------(200)-shhhhhhhhh9----------------------------------------------------------------------------------------------------(100)-----------s(99)------------------------------s(77)--s(86)----s(93)s(104)----(100)------s(105)s(115)---------------(100)----shhhhh10-----------------------------------------------------------s(51)----------ss(62)-s(72)s(82)s(91)shhhhhhhhhhhhhhhhh11(84)----------------------------------------------------------s(36)------------s(34)shhhhhhhh12(37)-----------------------------s(19)shhhhh13(24)---------s(25)----------shh14(24)-------------------shhhh15(10)shhhhhhhhhhhhhhhhhhhhh
product criterion:8318 chain criterion:41781
hilbert series criterion:240
dehomogenization
simplification
imap to ring (ZZ/179424673),(x18,x17,x16,x15,x14,x13,x12,x11,x10,x9,x8,x7,x6,x5,x4,x3,x2,x1),(lp(18),C)
Auf Wiedersehen.
                     SINGULAR                                 /  Development
 A Computer Algebra System for Polynomial Computations       /   version 4.3.2
                                                           0<
 by: W. Decker, G.-M. Greuel, G. Pfister, H. Schoenemann     \   Feb 2023
FB Mathematik der Universitaet, D-67653 Kaiserslautern        \  Debian 1:4.3.2-p10+ds-1.1build1
// ** loaded /usr/bin/../share/singular/LIB/primdec.lib (4.3.2.9,Oct_2023)
// ** loaded /usr/bin/../share/singular/LIB/ring.lib (4.3.1.3,Feb_2023)
// ** loaded /usr/bin/../share/singular/LIB/absfact.lib (4.1.2.0,Feb_2019)
// ** loaded /usr/bin/../share/singular/LIB/triang.lib (4.1.2.0,Feb_2019)
// ** loaded /usr/bin/../share/singular/LIB/matrix.lib (4.3.2.3,Aug_2023)
// ** loaded /usr/bin/../share/singular/LIB/nctools.lib (4.1.2.0,Feb_2019)
// ** loaded /usr/bin/../share/singular/LIB/inout.lib (4.1.2.0,Feb_2019)
// ** loaded /usr/bin/../share/singular/LIB/random.lib (4.1.2.0,Feb_2019)
// ** loaded /usr/bin/../share/singular/LIB/polylib.lib (4.2.0.0,Dec_2020)
// ** loaded /usr/bin/../share/singular/LIB/elim.lib (4.3.2.5,Jul_2023)
// ** loaded /usr/bin/../share/singular/LIB/general.lib (4.1.2.0,Feb_2019)
[65535:5]1(17)s(16)s(15)s(14)s(13)s(12)s(11)s(10)s(9)s2(8)s(7)s3(6)s(5)s(4)s(3)s(2)sss
(S:17)-----------------
product criterion:153 chain criterion:0
// ** redefining j (int j = 2;)
rt
Auf Wiedersehen.

Set::setraw: Cannot assign to raw object 1.

Set::setraw: Cannot assign to raw object 1.
                     SINGULAR                                 /  Development
 A Computer Algebra System for Polynomial Computations       /   version 4.3.2
                                                           0<
 by: W. Decker, G.-M. Greuel, G. Pfister, H. Schoenemann     \   Feb 2023
FB Mathematik der Universitaet, D-67653 Kaiserslautern        \  Debian 1:4.3.2-p10+ds-1.1build1
// ** loaded /usr/bin/../share/singular/LIB/primdec.lib (4.3.2.9,Oct_2023)
// ** loaded /usr/bin/../share/singular/LIB/ring.lib (4.3.1.3,Feb_2023)
// ** loaded /usr/bin/../share/singular/LIB/absfact.lib (4.1.2.0,Feb_2019)
// ** loaded /usr/bin/../share/singular/LIB/triang.lib (4.1.2.0,Feb_2019)
// ** loaded /usr/bin/../share/singular/LIB/matrix.lib (4.3.2.3,Aug_2023)
// ** loaded /usr/bin/../share/singular/LIB/nctools.lib (4.1.2.0,Feb_2019)
// ** loaded /usr/bin/../share/singular/LIB/inout.lib (4.1.2.0,Feb_2019)
// ** loaded /usr/bin/../share/singular/LIB/random.lib (4.1.2.0,Feb_2019)
// ** loaded /usr/bin/../share/singular/LIB/polylib.lib (4.2.0.0,Dec_2020)
// ** loaded /usr/bin/../share/singular/LIB/elim.lib (4.3.2.5,Jul_2023)
// ** loaded /usr/bin/../share/singular/LIB/general.lib (4.1.2.0,Feb_2019)
[65535:5]1(17)s(16)s(15)s(14)s(13)s(12)s2(11)s(10)s(9)s(8)s(7)s3(6)s(5)s(4)s(3)s(2)sss
(S:17)-----------------
product criterion:153 chain criterion:0
// ** redefining j (int j = 2;)
rt
// ** redefining p (    poly p = reduce(kb[a]*kb[b], gb);)
rt
// ** redefining b (int b = 1;)
// ** redefining p (    poly p = reduce(kb[a]*kb[b], gb);)
rt
// ** redefining p (    poly p = reduce(kb[a]*kb[b], gb);)
rt
Auf Wiedersehen.

Set::write: Tag String in A[9] is Protected.

Set::setraw: Cannot assign to raw object 1.

General::stop: Further output of Set::setraw will be suppressed during this calculation.

Set::write: Tag Plus in 41084458 - 83514919 A[9] is Protected.

Set::write: Tag String in A[9] is Protected.

General::stop: Further output of Set::write will be suppressed during this calculation.
  >> 2 region(s): expReg=383.249s  build=0.128s
  [sector total: 383.385s]
#Non-triv Sectors = 1

[SECTOR_RESULT] key=010111100 tier=Fast state=done time=383.386505 regions=2
