
      +++  sector:  {0, 1, 0, 1, 0, 1, 1, 0, 0}  (1/1)  +++ 
                     SINGULAR                                 /  Development
 A Computer Algebra System for Polynomial Computations       /   version 4.3.2
                                                           0<
 by: W. Decker, G.-M. Greuel, G. Pfister, H. Schoenemann     \   Feb 2023
FB Mathematik der Universitaet, D-67653 Kaiserslautern        \  Debian 1:4.3.2-p10+ds-1.1build1
compute hilbert series with std in ring (ZZ/179424673),(x18,x17,x16,x15,x14,x13,x12,x11,x10,x9,x8,x7,x6,x5,x4,x3,x2,x1,@),(dp(19),C)
weights used for hilbert series: 1,1,1,1,1,1,1,1,1,1,1,1,1,1,1,1,1,1,1
[65535:5]2(18)s(17)s(16)s(15)s(14)s(13)s(12)s(11)s(10)s(9)s(10)s(12)s(15)s(16)s(20)s(22)s(24)s(27)s(32)s3(33)s(37)s(42)s(49)s(56)s(60)s(61)s(68)s(76)s(84)s(92)s(99)s(107)s(113)s(121)s(128)s(138)-s(145)s(151)s(157)s(164)s(175)s(181)s(191)s(201)s(209)s(217)s(227)s(232)s(236)s(243)s(251)s(261)s4(267)s(277)s(288)-----s(294)s(303)s(314)s(324)--s(334)s(347)s(358)s(369)-----s(378)------------s(381)------------------------------s(361)s(372)-s(382)s(393)s(402)--(400)s(412)s(424)-s(433)s(449)-s(460)----s(469)--s(479)------s(481)------s(485)s(495)-s(502)--(500)--s(508)s(519)s(530)s(542)-s(550)---s(560)s(569)-s(580)-s(592)s(602)s(615)s(625)s(637)s(648)----s(654)----s(663)s(675)--s(683)-s(691)s(703)---(700)s(713)--------s(719)s(731)-s(739)----s(747)-------s(753)-----s(765)---------s(766)-----------------------------------------s(733)s(742)--------5-s(747)s(762)--s(776)---------------------------s(764)--s(778)-----s(789)-----------------------------------------------------------------------------------------(700)-------------s(699)s(712)------------(700)--s(712)s(727)s(743)--s(758)----------s(762)--------------s(761)-----------------s(758)----------------------------------------------------------(700)---------------------------------------------------------------------------s(640)s(652)s(667)s(681)s(694)s(710)--s(721)s(732)--------s(734)--------s(738)s(751)--s(764)--s(774)------s(783)----s(794)----------------------------------------------------------s(749)----------------------------------s(728)----------------------------(700)--------------------------s(685)---s(692)s(703)s(715)s(730)s(744)--------s(752)-s(764)---s(773)s(786)--s(798)-------s(802)s(813)-s(824)------------------------(800)-------------------------------------------------------------------s(746)--------s(748)-------------------------------6-----------------(700)----------------------------------------------------------------------------------------------------(600)----------------------------------------------------------------------------------------------------(500)--------------s(499)------------s(501)s(516)s(530)------------------------------(500)-------s(508)--------(500)------------s(503)---(500)------------------------------------------------s(467)s(483)-----------------------------------------------------------------------------------(400)--------s(404)--s(414)s(427)---------------s(425)---------s(429)--s(441)------------------s(436)--s(448)--s(461)----------------------------------s(439)-----------------s(435)--s(446)---------------s(444)---------s(449)---------------------------------------s(423)-s(435)-s(446)----------------------------------------------(400)-------------------------------7---------------------------------------------------------------------(300)----------------------------------------------------------------------------------------------------(200)----------------------------------------------------------------------------------------------------(100)---------------------------------------------s(68)------------------------------------------------------8--------------
product criterion:4719 chain criterion:10034
std with hilb in (ZZ/179424673),(x18,x17,x16,x15,x14,x13,x12,x11,x10,x9,x8,x7,x6,x5,x4,x3,x2,x1,@),(lp(18),dp(1),C)
[65535:5]2(183)s(182)s(181)s(180)s(179)s(178)s(177)s(176)s(175)s(174)s(175)s(177)s(179)s(181)s(182)s(186)s(191)s(194)s(198)s3(200)s(205)s(207)s(212)s(216)s(220)s(226)s(233)s(239)s(242)s(251)s(257)s(261)s(269)s(275)s(283)s(292)s(300)s(306)s(315)s(320)s(327)s(338)s(349)s(354)s(362)s(374)s(384)-s(393)s(400)s(413)s(422)s(428)s(434)s(442)shhhhhhhhhhhhhhhhhhhhhhhhhhhhhhhhh4(416)s(425)s(434)s(446)s(456)s(465)s(476)s(484)-s(494)s(506)s(513)s(523)s(532)s(542)s(552)s(563)s(575)-s(585)s(595)-s(605)s(614)-s(624)-s(635)s(646)s(655)s(664)s(675)s(686)s(689)----s(698)-s(707)s(720)--s(729)s(740)s(750)-s(761)s(772)-s(787)s(801)s(815)s(827)s(840)s(851)s(860)s(872)---s(879)----------s(881)-s(895)s(907)-----s(918)s(928)s(941)s(958)----s(959)--s(969)s(982)-s(991)---s(999)---s(1003)---(1000)------s(1007)--s(1016)----s(1024)------------------------(1000)-------------s(995)------s(1002)-s(1013)-----------s(1011)--------s----------s(1015)s(1024)------------------------(1000)------------------------s(989)------------shhhhhhhhhhhhhhhhhhhhhhhhhhhhhhhhhhhhhhhhhhhhhhhhhhhhhhhhhhhh5(930)s(944)s(959)s(974)--s(988)s(1004)s(1020)------s(1026)--s(1038)------s(1045)---------------s(1044)s(1059)s(1075)-s(1086)s(1096)-s(1108)--------(1100)----s(1113)--------s(1118)----s(1128)--------s(1135)-------------------s(1128)---s(1139)s(1154)---------------s(1151)--s(1162)-s(1174)-s(1186)--------s(1188)-----------------------------------s(1169)--s(1179)-----s(1187)---s(1199)--s(1210)-----s(1216)------s(1220)-s(1229)s(1241)s(1252)-s(1262)--s(1275)--s(1287)----s(1294)s(1307)-s(1318)s(1331)s(1343)s(1354)-----s(1363)-s(1374)--------------------------------------------------------------------s(1317)--s(1327)-----s(1335)-----------------------------------(1300)-------------------s(1297)---s(1305)-----(1300)-s(1309)---------(1300)-------s(1304)----(1300)s(1312)------------(1300)-------------------s(1293)---------------------------------------------------------------------s(1238)--------------------------------------(1200)--------------------------------------------------------------------------------------------------s(1111)-----------(1100)-------------------------------------------------------------------------------------------s(1019)-------------------(1000)------------------shhhhhhhhhhhhhhhhhhhhhhhhhhhhhhhhhhhhhhhhhhhhhhhhhhhhhhhhhhhhhhhhhhhhhhhhhhhhhhhhhhhhhhhhhhhhhhhhhhh6(894)------------------------------------------------------s(854)s(869)------s(878)-s(892)s(908)--------(900)-----------------------s(889)-------s(894)------s(901)-(900)--s(911)s(924)----s(933)------------------s(928)s(942)---------------------s(936)----------s(940)s(953)----s(962)---------------------------s(948)--------s(952)----------s(955)--------------------------------------s(931)-s(944)--------------------------------------------(900)----------------------------------s(878)------------------------------------------------s(845)---------------------------------------------(800)----------------------------------------------------------------------------------------------------(700)----------------------------------------------s(668)--------------------------------------------------------------------(600)--------------------------------------------------shhhhhhhhhhhhhhhhhhhhhhhhhhhhhhhhhhhhhhhhhhhhhhhhhhhhhhhhhhhhhhhhhhhhhhhhhhhhhhhhhhhhhhhhhhhhhhhhhhhhhhhhhhhhhhhhhhhhhhhhhhhhhhhhhhhhhhhhhhhhhhhhhhhhhhhhhhhhhhhhhhhhhhhhhhhhhhhhhhhhh7(381)---------------------------------------------------------------------------------(300)----------------------------shhhhhhhhhhhhhhhhhhhhhhhhhhhhhhhhhhhhhhhhhhhhhhhhhhhhhhhhhhhhhhhhhhhhhhhhhhhhhhhhhhhhhhhhhhhhhhhhhhhhhhhhhhhhhhhhhhhhhhhhhhhhhhhhhhhhhhhhhhhhhhhhhhhhhhhhhhhhhhhhhhhhhhhhhhhhhhhhhhhhhhhhhhhhhhhhhhhhhhhhhhhhhhhhhhhhhhhhhhhhhhhhhhhhhhhhhhhhhhhhhhhhhhhhhhhhhhhhhhhhhhhhhhhhhhhhhhhhhhhhhhhhhh
product criterion:6945 chain criterion:13023
hilbert series criterion:659
dehomogenization
simplification
imap to ring (ZZ/179424673),(x18,x17,x16,x15,x14,x13,x12,x11,x10,x9,x8,x7,x6,x5,x4,x3,x2,x1),(lp(18),C)
Auf Wiedersehen.
                     SINGULAR                                 /  Development
 A Computer Algebra System for Polynomial Computations       /   version 4.3.2
                                                           0<
 by: W. Decker, G.-M. Greuel, G. Pfister, H. Schoenemann     \   Feb 2023
FB Mathematik der Universitaet, D-67653 Kaiserslautern        \  Debian 1:4.3.2-p10+ds-1.1build1
// ** loaded /usr/bin/../share/singular/LIB/primdec.lib (4.3.2.9,Oct_2023)
// ** loaded /usr/bin/../share/singular/LIB/ring.lib (4.3.1.3,Feb_2023)
// ** loaded /usr/bin/../share/singular/LIB/absfact.lib (4.1.2.0,Feb_2019)
// ** loaded /usr/bin/../share/singular/LIB/triang.lib (4.1.2.0,Feb_2019)
// ** loaded /usr/bin/../share/singular/LIB/matrix.lib (4.3.2.3,Aug_2023)
// ** loaded /usr/bin/../share/singular/LIB/nctools.lib (4.1.2.0,Feb_2019)
// ** loaded /usr/bin/../share/singular/LIB/inout.lib (4.1.2.0,Feb_2019)
// ** loaded /usr/bin/../share/singular/LIB/random.lib (4.1.2.0,Feb_2019)
// ** loaded /usr/bin/../share/singular/LIB/polylib.lib (4.2.0.0,Dec_2020)
// ** loaded /usr/bin/../share/singular/LIB/elim.lib (4.3.2.5,Jul_2023)
// ** loaded /usr/bin/../share/singular/LIB/general.lib (4.1.2.0,Feb_2019)
map with cache
map with cache
map with cache
map with cache
map with cache
map with cache
map with cache
map with cache
map with cache
map with cache
map with cache
map with cache
map with cache
map with cache
map with cache
map with cache
map with cache
map with cache
std in (ZZ/179424673),(x18,x17,x16,x15,x14,x13,x12,x11,x10,x9,x8,x7,x6,x5,x4,x3,x2,x1),(dp(18),C)
[65535:5]1(17)s(16)s(15)s(14)s(13)s(12)s(11)s(10)s(9)s(8)s(7)s(6)s(5)s(4)s(3)s(2)sss
(S:17)-----------------
product criterion:153 chain criterion:0
[65535:5]1(17)s(16)s(15)s(14)s(13)s(12)s(11)s(10)s(9)s(8)s(7)s(6)s(5)s(4)s(3)s(2)sss
(S:17)-----------------
product criterion:153 chain criterion:0
map is a permutation
[65535:6]1(18)s(17)s(16)s(15)s(14)s(13)s(12)s(11)s(10)s(9)s(8)s(7)s(6)s(5)s(4)s(3)s(2)sss
(S:18)------------------
product criterion:171 chain criterion:0
[65535:5]1(17)s(16)s(15)s(14)s(13)s(12)s(11)s(10)s(9)s(8)s(7)s(6)s(5)s(4)s(3)s(2)sss
(S:17)-----------------
product criterion:153 chain criterion:0
{1}[65535:7]1(17)s(16)s(15)s(14)s(13)s(12)s(11)s(10)s(9)s(8)s(7)s(6)s(5)s(4)s(3)s(2)sss
(S:18)-------------------
product criterion:0 chain criterion:0
(S:18)rrrrrrrrrrrrrrrrrr
[65535:5]1(17)s(16)s(15)s(14)s(13)s(12)s(11)s(10)s(9)s(8)s(7)s(6)s(5)s(4)s(3)s(2)sss
(S:17)-----------------
product criterion:153 chain criterion:0
intersect by elimination method
[65535:7]1(18)s2(17)s(16)s(15)s(14)s(13)s(12)s(11)s(10)s(9)s(8)s(7)s(6)s(5)s(4)s(3)s(2)sss
(S:18)------------------
product criterion:171 chain criterion:0
map is a permutation
[65535:6]1(18)s(17)s(16)s(15)s(14)s(13)s(12)s(11)s(10)s(9)s(8)s(7)s(6)s(5)s(4)s(3)s(2)ss2s
(S:0)
product criterion:171 chain criterion:0
map is a permutation
[65535:6]1(18)s(17)s(16)s(15)s(14)s(13)s(12)s(11)s(10)s(9)s(8)s(7)s(6)s(5)s(4)s(3)s(2)ss2s
(S:0)
product criterion:171 chain criterion:0
map is a permutation
[65535:6]1(18)s(17)s(16)s(15)s(14)s(13)s(12)s(11)s(10)s(9)s(8)s(7)s(6)s(5)s(4)s(3)s(2)ss2s
(S:0)
product criterion:171 chain criterion:0
map is a permutation
[65535:6]1(18)s(17)s(16)s(15)s(14)s(13)s(12)s(11)s(10)s(9)s(8)s(7)s(6)s(5)s(4)s(3)s(2)ss2s
(S:0)
product criterion:171 chain criterion:0
map is a permutation
[65535:6]1(18)s(17)s(16)s(15)s(14)s(13)s(12)s(11)s(10)s(9)s(8)s(7)s(6)s(5)s(4)s(3)s(2)ss2s
(S:0)
product criterion:171 chain criterion:0
map is a permutation
[65535:6]1(18)s(17)s(16)s(15)s(14)s(13)s(12)s(11)s(10)s(9)s(8)s(7)s(6)s(5)s(4)s(3)s(2)ss2s
(S:0)
product criterion:171 chain criterion:0
map is a permutation
[65535:6]1(18)s(17)s(16)s(15)s(14)s(13)s(12)s(11)s(10)s(9)s(8)s(7)s(6)s(5)s(4)s(3)s(2)ss2s
(S:0)
product criterion:171 chain criterion:0
map is a permutation
[65535:6]1(18)s(17)s(16)s(15)s(14)s(13)s(12)s(11)s(10)s(9)s(8)s(7)s(6)s(5)s(4)s(3)s(2)ss2s
(S:0)
product criterion:171 chain criterion:0
map is a permutation
[65535:6]1(18)s(17)s(16)s(15)s(14)s(13)s(12)s(11)s(10)s(9)s(8)s(7)s(6)s(5)s(4)s(3)s(2)ss2s
(S:0)
product criterion:171 chain criterion:0
map is a permutation
[65535:6]1(18)s(17)s(16)s(15)s(14)s(13)s(12)s(11)s(10)s(9)s(8)s(7)s(6)s(5)s(4)s(3)s(2)ss2s
(S:0)
product criterion:171 chain criterion:0
map is a permutation
[65535:6]1(18)s(17)s(16)s(15)s(14)s(13)s(12)s(11)s(10)s(9)s(8)s(7)s(6)s(5)s(4)s(3)s(2)ss2s
(S:0)
product criterion:171 chain criterion:0
map is a permutation
[65535:6]1(18)s(17)s(16)s(15)s(14)s(13)s(12)s(11)s(10)s(9)s(8)s(7)s(6)s(5)s(4)s(3)s(2)ss2s
(S:0)
product criterion:171 chain criterion:0
map is a permutation
[65535:6]1(18)s(17)s(16)s(15)s(14)s(13)s(12)s(11)s(10)s(9)s(8)s(7)s(6)s(5)s(4)s(3)s(2)ss2s
(S:0)
product criterion:171 chain criterion:0
map is a permutation
[65535:6]1(18)s(17)s(16)s(15)s(14)s(13)s(12)s(11)s(10)s(9)s(8)s(7)s(6)s(5)s(4)s(3)s(2)ss2s
(S:0)
product criterion:171 chain criterion:0
map is a permutation
[65535:6]1(18)s(17)s(16)s(15)s(14)s(13)s(12)s(11)s(10)s(9)s(8)s(7)s(6)s(5)s(4)s(3)s(2)ss2s
(S:0)
product criterion:171 chain criterion:0
map is a permutation
[65535:6]1(18)s(17)s(16)s(15)s(14)s(13)s(12)s(11)s(10)s(9)s(8)s(7)s(6)s(5)s(4)s(3)s(2)ss2s
(S:0)
product criterion:171 chain criterion:0
map is a permutation
[65535:6]1(18)s(17)s(16)s(15)s(14)s(13)s(12)s(11)s(10)s(9)s(8)s(7)s(6)s(5)s(4)s(3)s(2)ss2s
(S:0)
product criterion:171 chain criterion:0
map is a permutation
[65535:6]1(18)s(17)s(16)s(15)s(14)s(13)s(12)s(11)s(10)s(9)s(8)s(7)s(6)s(5)s(4)s(3)s(2)ss2s
(S:0)
product criterion:171 chain criterion:0
[65535:5]1(17)s(16)s(15)s(14)s(13)s(12)s(11)s(10)s(9)s(8)s(7)s(6)s(5)s(4)s(3)s(2)sss
(S:17)-----------------
product criterion:153 chain criterion:0
// ** _ is no standard basis
Auf Wiedersehen.
                     SINGULAR                                 /  Development
 A Computer Algebra System for Polynomial Computations       /   version 4.3.2
                                                           0<
 by: W. Decker, G.-M. Greuel, G. Pfister, H. Schoenemann     \   Feb 2023
FB Mathematik der Universitaet, D-67653 Kaiserslautern        \  Debian 1:4.3.2-p10+ds-1.1build1
compute hilbert series with std in ring (ZZ/179424673),(x18,x17,x16,x15,x14,x13,x12,x11,x10,x9,x8,x7,x6,x5,x4,x3,x2,x1,@),(dp(19),C)
weights used for hilbert series: 1,1,1,1,1,1,1,1,1,1,1,1,1,1,1,1,1,1,1
[65535:5]1(17)s(16)s(15)s(14)s(13)s(12)s(11)s(10)s(9)s(8)s(7)s2(6)s(5)ss(6)s(8)s3-ss(10)s(13)s(14)s(17)s(20)s(24)s4(29)-----------------------------
product criterion:219 chain criterion:19
std with hilb in (ZZ/179424673),(x18,x17,x16,x15,x14,x13,x12,x11,x10,x9,x8,x7,x6,x5,x4,x3,x2,x1,@),(lp(18),dp(1),C)
[65535:5]1(23)s(22)s(21)s(20)s(19)s(18)s(17)s(16)s(15)s(14)s(13)s2(12)s(11)ss(12)s(14)s3(17)-s(16)s(17)s(18)s(20)s(23)s(25)s(27)s(31)s(34)-s(37)---shh4----------------------------shhhhhhhhhhhhh
product criterion:286 chain criterion:40
hilbert series criterion:15
dehomogenization
simplification
imap to ring (ZZ/179424673),(x18,x17,x16,x15,x14,x13,x12,x11,x10,x9,x8,x7,x6,x5,x4,x3,x2,x1),(lp(18),C)
Auf Wiedersehen.
                     SINGULAR                                 /  Development
 A Computer Algebra System for Polynomial Computations       /   version 4.3.2
                                                           0<
 by: W. Decker, G.-M. Greuel, G. Pfister, H. Schoenemann     \   Feb 2023
FB Mathematik der Universitaet, D-67653 Kaiserslautern        \  Debian 1:4.3.2-p10+ds-1.1build1
// ** loaded /usr/bin/../share/singular/LIB/primdec.lib (4.3.2.9,Oct_2023)
// ** loaded /usr/bin/../share/singular/LIB/ring.lib (4.3.1.3,Feb_2023)
// ** loaded /usr/bin/../share/singular/LIB/absfact.lib (4.1.2.0,Feb_2019)
// ** loaded /usr/bin/../share/singular/LIB/triang.lib (4.1.2.0,Feb_2019)
// ** loaded /usr/bin/../share/singular/LIB/matrix.lib (4.3.2.3,Aug_2023)
// ** loaded /usr/bin/../share/singular/LIB/nctools.lib (4.1.2.0,Feb_2019)
// ** loaded /usr/bin/../share/singular/LIB/inout.lib (4.1.2.0,Feb_2019)
// ** loaded /usr/bin/../share/singular/LIB/random.lib (4.1.2.0,Feb_2019)
// ** loaded /usr/bin/../share/singular/LIB/polylib.lib (4.2.0.0,Dec_2020)
// ** loaded /usr/bin/../share/singular/LIB/elim.lib (4.3.2.5,Jul_2023)
// ** loaded /usr/bin/../share/singular/LIB/general.lib (4.1.2.0,Feb_2019)
[65535:5]1(17)s(16)s(15)s(14)s(13)s(12)s(11)s(10)s(9)s(8)s(7)s(6)s(5)s(4)s(3)s2(2)sss
(S:17)-----------------
product criterion:153 chain criterion:0
// ** redefining j (int j = 2;)
rt
Auf Wiedersehen.

Set::setraw: Cannot assign to raw object 1.

Set::setraw: Cannot assign to raw object 1.
  >> 1 region(s): expReg=1.7790000000000001s  build=0.049s
  [sector total: 1.837s]
#Non-triv Sectors = 1

