
      +++  sector:  {0, 1, 1, 1, 0, 0, 1, 0, 0}  (1/1)  +++ 
                     SINGULAR                                 /  Development
 A Computer Algebra System for Polynomial Computations       /   version 4.3.2
                                                           0<
 by: W. Decker, G.-M. Greuel, G. Pfister, H. Schoenemann     \   Feb 2023
FB Mathematik der Universitaet, D-67653 Kaiserslautern        \  Debian 1:4.3.2-p10+ds-1.1build1
compute hilbert series with std in ring (ZZ/179424673),(x18,x17,x16,x15,x14,x13,x12,x11,x10,x9,x8,x7,x6,x5,x4,x3,x2,x1,@),(dp(19),C)
weights used for hilbert series: 1,1,1,1,1,1,1,1,1,1,1,1,1,1,1,1,1,1,1
[65535:5]2(18)s(17)s(16)s(15)s(14)s(13)s(12)s(11)s(10)s(9)s(10)s(12)s(15)s(16)s(21)s(24)s(26)s(29)s(33)s3(34)s(38)s(43)s(47)s(53)s(61)s(67)s(70)s(76)s(82)s(89)s(96)s(103)s(113)-s(121)s(129)s(136)s(141)s(146)s(152)s(160)s(168)s(176)s(183)s(192)s(202)s(212)s(223)s(234)s(244)s(255)---s4(257)---------------------------s(240)----------------------------------------(200)---------------------------------------s(169)s(176)-s(181)s(192)s(201)s(207)----s(214)s(224)-s(232)s(240)----s(246)s(257)s(268)s(278)----s(282)---s(291)s(301)s(313)----s(322)s(334)--s(341)s(352)----s(361)----------------s(358)-------------s(351)------------------------s(339)s(346)-------------5---------------------------------(300)----s(306)----s(316)----------------(300)-------------------s(292)---s(301)s(312)s(325)s(336)s(347)s(359)s(369)------------------s(359)----s(364)s(376)s(386)s(397)-s(407)-------(400)-----s(409)-s(417)---s(424)s(434)--s(444)---------------s(442)------------------s(434)----------------------------s(415)------s(421)-----s(428)-s(439)--------s(442)s(454)--------s(456)s(467)--------------------------------------------s(434)--------6--------------------------(400)-----s(408)-s(420)--s(428)-----------s(429)-----------------------------(400)--------------------------------------------------------s(355)-------s(361)s(374)---s(381)---s(388)--s(396)-s(405)-----(400)---s(410)----------(400)------s(407)-----s(415)---------------(400)--------s(401)-(400)----------------------s(389)------------------------s(376)------------s--------------------s(369)-s(379)-------------------------s(365)--------------------------------------s(339)--------------s(335)---------------------------------7--(300)----------------------------------------------------------------------------------------------------(200)----------------------------------------------------------------------------------------------------(100)----------------------------------------------------------------------------------------------------
product criterion:2755 chain criterion:4666
std with hilb in (ZZ/179424673),(x18,x17,x16,x15,x14,x13,x12,x11,x10,x9,x8,x7,x6,x5,x4,x3,x2,x1,@),(lp(18),dp(1),C)
[65535:5]2(132)s(131)s(130)s(129)s(128)s(127)s(126)s(125)s(124)s(123)s(124)s(126)s(127)s(128)s(132)s(135)s(137)s(141)s(146)s3(149)s(153)s(158)s(160)s(166)s(172)s(179)s(185)s(192)s(200)s(208)s(215)s(221)s(226)s(230)s(233)-s(239)s(244)s(251)s(259)s(266)s(273)s(282)s(291)--s(298)s(310)s(319)s(329)s(337)s(345)s(351)s(361)shhhhhhhhhhhhhhhhhhhhhhhhhhhhhhhh4(341)------s(346)---s(349)-------s(352)s(362)---s(370)s(378)----s(385)s(395)------s(400)s(411)s(419)s(430)-s(437)-----s(440)---------s(442)s(452)-s(461)-s(475)-s(481)s(494)s(503)s(514)---------s(513)------------s(510)s(520)-----s(524)----s(531)---------s--------------------------s(514)--------------(500)------------------------------------------------------s(456)----------s(457)shhhhhhhhhhhhhhhhhhhhhhhhhhhhhhhhhhhhhhhhhhhhhhh5(418)----s(425)-s(436)----s(444)s(457)s(470)s(484)-s(497)-------s(503)--s(512)----s(520)s(533)-s(545)--s(558)s(567)s(578)---------s(581)s(593)-s(603)-s(614)-s(626)-----------s(631)-------------------------------(600)---------------------------s(586)--------------s(584)-s(594)-s(602)--(600)-s(609)-s(620)---s(626)-------s(629)s(638)-------s(643)--------------s(642)-----------------------------s(624)-s(633)------------------------------s(614)------s(619)-----------------s(611)-----------(600)------s(605)--shhhhhhhhhhhhhhhhhhhhhhhhhhhhhhhhhhhhhhhhhhhhhhhhhhhhhhhhhhhhhhhhhh6(548)---s(560)---------s(563)s(578)-s(588)------s(595)-s(607)-s(619)s(631)s(643)-------------ss(657)-s(671)----------------------s(662)-----------------s(657)------s(664)s(677)s(690)------s(697)--------------------------------------------s(665)---s(674)-------s(679)-------s(684)--s(692)----------------------------s(676)s(686)---------------------------------------------------------------------------s(624)---s(630)--------------------------s(616)-----s(622)----------------------(600)-----s(606)------(600)-------s(603)---(600)-----------------------------------s(578)-----------------------------------------------------s(538)shhhhhhhhhhhhhhhhhhhhhhhhhhhhhhhhhhhhhhhhhhhhhhhhhhhhhhhhhhhhhhhhhhhhhhhhhhhhhhhhhh7(469)---------------------------------------------------------------------(400)----------------------------------------------------------------------------------------------------(300)-----------------------------------------s(270)------------------------------------------s(239)---------------------------------------(200)---------------------------------------------------------------s(149)-------------------------------------------------(100)---------------------shhhhhhhhhhhhhhhhhhhhhhhhhhhhhhhhhhhhhhhhhhhhhhhhhhhhhhhhhhhhhhhhhhhhhhhhhhhhhhhhhhhhhhhhhhhh
product criterion:3854 chain criterion:7225
hilbert series criterion:319
dehomogenization
simplification
imap to ring (ZZ/179424673),(x18,x17,x16,x15,x14,x13,x12,x11,x10,x9,x8,x7,x6,x5,x4,x3,x2,x1),(lp(18),C)
Auf Wiedersehen.
  >> 0 regions (all trivial): expReg=0.554s
  [sector total: 0.562s]
#Non-triv Sectors = 0

