
      +++  sector:  {1, 1, 1, 1, 0, 0, 0, 0, 0}  (1/1)  +++ 
                     SINGULAR                                 /  Development
 A Computer Algebra System for Polynomial Computations       /   version 4.3.2
                                                           0<
 by: W. Decker, G.-M. Greuel, G. Pfister, H. Schoenemann     \   Feb 2023
FB Mathematik der Universitaet, D-67653 Kaiserslautern        \  Debian 1:4.3.2-p10+ds-1.1build1
compute hilbert series with std in ring (ZZ/179424673),(x18,x17,x16,x15,x14,x13,x12,x11,x10,x9,x8,x7,x6,x5,x4,x3,x2,x1,@),(dp(19),C)
weights used for hilbert series: 1,1,1,1,1,1,1,1,1,1,1,1,1,1,1,1,1,1,1
[65535:5]2(18)s(17)s(16)s(15)s(14)s(13)s(12)s(11)s(10)s(9)s(10)s(12)s(11)s(14)s(18)s(19)s(20)s(22)s(26)s3(31)--s(32)--s(34)s(38)s(44)s(49)s(59)--------s(57)-s(62)s(65)-s(71)-s(75)s(77)s(82)s(88)s(93)-4--------------------------s(79)-s(87)----s(90)----s(94)-------s(95)s(103)-s(109)---------(100)-----------------------5-----------------s(67)-s(75)---s(84)----------s(79)------------------------------------6----------s(44)-------------------------------7-------------
product criterion:571 chain criterion:197
std with hilb in (ZZ/179424673),(x18,x17,x16,x15,x14,x13,x12,x11,x10,x9,x8,x7,x6,x5,x4,x3,x2,x1,@),(lp(18),dp(1),C)
[65535:5]2(45)s(44)s(43)s(42)ss(41)ssss(43)ss(46)s(45)s(44)s(45)s(49)ss(50)s(53)s3(55)-s(59)s(64)s(71)s(78)------s(83)----s(87)s(94)--s(98)s(102)--(100)s(107)s(113)-shhhhhhhhhhhhhhhh4(101)-(100)-------s(102)--(100)--s(111)s(124)-------------s(118)-------------s(113)-------------(100)-------shhhhhhhhhhhhhhhh5(84)-----------s(86)-------------------s(76)----------s(74)--------------------shhhhhhhhhhhhhhhh6(47)---------------------s(35)---------shhhhhhhhhhhhhhhhhhhhhhhhhhhhhhhhhhhhhh
product criterion:483 chain criterion:173
hilbert series criterion:86
dehomogenization
simplification
imap to ring (ZZ/179424673),(x18,x17,x16,x15,x14,x13,x12,x11,x10,x9,x8,x7,x6,x5,x4,x3,x2,x1),(lp(18),C)
Auf Wiedersehen.
  >> 0 regions (all trivial): expReg=0.521s
  [sector total: 0.53s]
#Non-triv Sectors = 0

