
      +++  sector:  {0, 1, 1, 1, 1, 0, 0, 0, 0}  (1/1)  +++ 
                     SINGULAR                                 /  Development
 A Computer Algebra System for Polynomial Computations       /   version 4.3.2
                                                           0<
 by: W. Decker, G.-M. Greuel, G. Pfister, H. Schoenemann     \   Feb 2023
FB Mathematik der Universitaet, D-67653 Kaiserslautern        \  Debian 1:4.3.2-p10+ds-1.1build1
compute hilbert series with std in ring (ZZ/179424673),(x18,x17,x16,x15,x14,x13,x12,x11,x10,x9,x8,x7,x6,x5,x4,x3,x2,x1,@),(dp(19),C)
weights used for hilbert series: 1,1,1,1,1,1,1,1,1,1,1,1,1,1,1,1,1,1,1
[65535:5]2(18)s(17)s(16)s(15)s(14)s(13)s(12)s(11)s(10)s(9)s(10)s(12)s(15)s(16)s(20)s(22)s(24)s(27)s(32)s3(33)s(37)s(42)s(44)s(47)s(52)s(58)s(65)s(69)s(78)s(82)s(91)s(104)-s(108)s(115)s(121)s(128)s(134)s(142)s(149)-s(158)s(166)s(178)s(188)-s(195)s(204)s(214)----s4(216)----------------(200)----------------------------------------------------------------------------------------------------(100)---s(105)s(113)---s(118)-s(124)-s(132)--s(143)------------s(140)s(152)s(161)-s(171)s(178)----------------------s(165)s(172)-----------------5---------------------------s(139)--s(150)-------------s(147)---s(156)---s(162)-----s(167)------s(173)----s(179)------------------s(171)--------------s(166)-s(174)-----------------------s(160)--------6----------------------------------------------------(100)---------------------------------------------------------s(50)------------------------------------7--------------
product criterion:1158 chain criterion:820
std with hilb in (ZZ/179424673),(x18,x17,x16,x15,x14,x13,x12,x11,x10,x9,x8,x7,x6,x5,x4,x3,x2,x1,@),(lp(18),dp(1),C)
[65535:5]2(71)s(70)s(69)s(68)s(67)s(66)s(65)sss(64)s(65)s(67)s(70)s(74)ss(76)ss(78)s(81)s3(84)s(88)s(92)s(97)s(103)s(108)s(113)s(115)s(119)s(123)s(131)s(143)s(148)s(153)s(159)s(164)-s(170)s(179)s(187)s(197)s(207)s(219)--s(230)-s(237)s(245)-shhhhhhhhhhhhhhhhhhhhhhhhhhhhh4(222)------------s(218)-----------------s(209)---------(200)-----s(209)s(221)s(230)s(242)s(252)------------s(249)-----------------------s(236)---------s(235)--------------------s(224)----s(227)---------------------------(200)------------shhhhhhhhhhhhhhhhhhhhhhhhhhhhhhh5(165)---s(176)-----s(185)------s(189)s(201)s(213)---s(223)--s(231)--------s(233)s(244)-s(255)----s(262)---------s-----------------------------s(242)--s(249)shhhhhhhhhhhhhhhhhhhhhhhhhhhhhhhhhhhhhhhhhhhhhhhhhhhhhhhhhhhhhhhh6(195)----------------------------------------------------------------------------s(130)------------------------------(100)-shhhhhhhhhhhhhhhhhhhhhhhhhhhhhhhhhhhhhhhhhhhhhhhhhhhhhhhhhhhhhhhhhhhhhhhhhhhhhhhhhhhhhhhhhhhhhhhhhhhhhhhhhhhhhh
product criterion:1200 chain criterion:928
hilbert series criterion:234
dehomogenization
simplification
imap to ring (ZZ/179424673),(x18,x17,x16,x15,x14,x13,x12,x11,x10,x9,x8,x7,x6,x5,x4,x3,x2,x1),(lp(18),C)
Auf Wiedersehen.
  >> 0 regions (all trivial): expReg=0.523s
  [sector total: 0.531s]
#Non-triv Sectors = 0

