
      +++  sector:  {1, 1, 0, 1, 1, 0, 0, 0, 0}  (1/1)  +++ 
                     SINGULAR                                 /  Development
 A Computer Algebra System for Polynomial Computations       /   version 4.3.2
                                                           0<
 by: W. Decker, G.-M. Greuel, G. Pfister, H. Schoenemann     \   Feb 2023
FB Mathematik der Universitaet, D-67653 Kaiserslautern        \  Debian 1:4.3.2-p10+ds-1.1build1
compute hilbert series with std in ring (ZZ/179424673),(x18,x17,x16,x15,x14,x13,x12,x11,x10,x9,x8,x7,x6,x5,x4,x3,x2,x1,@),(dp(19),C)
weights used for hilbert series: 1,1,1,1,1,1,1,1,1,1,1,1,1,1,1,1,1,1,1
[65535:5]2(18)s(17)s(16)s(15)s(14)s(13)s(12)s(11)s(10)s(9)s(10)s(12)s(15)s(16)s(20)s(21)s(22)s(24)s(28)s3(33)s(37)s(42)s(44)s(47)s(52)s(58)s(64)s(71)s(78)s(84)s(90)s(99)s(110)-s(116)s(123)s(131)s(140)s(146)s(154)s(163)-s(167)s(177)s(178)s(190)-s(196)s(206)s(212)---4---------(200)----------------------------------------------------------------------------------------------------(100)----------s(99)---s(104)-s(112)-s(119)--s(129)----s(138)s(148)-s(155)--------s(157)s(167)s(180)------------s(176)s(185)s(194)--------------------------5-----------------------------------s(146)-----s(154)-------s(157)s(165)---s(175)-s(187)-------s(193)-----------s--s(200)----------------------------s(180)-------s(181)-------s(185)----s(193)-----------------6------------------------------------------------------------------s(119)-------------------(100)--------------------------------------------------------------------------------------7--------------
product criterion:1190 chain criterion:892
std with hilb in (ZZ/179424673),(x18,x17,x16,x15,x14,x13,x12,x11,x10,x9,x8,x7,x6,x5,x4,x3,x2,x1,@),(lp(18),dp(1),C)
[65535:5]2(73)s(72)ss(71)s(70)s(69)s(68)sssss(69)ss(71)ss(73)s(76)s(79)s(81)s3(84)s(87)s(91)s(96)s(101)s(107)s(113)s(118)s(126)s(137)s(140)s(145)s(150)s(157)s(163)-s(176)s(184)s(193)-s(188)s(196)s(206)s(217)s(228)shhhhhhhhhhhhhhhhhhhhhhhhhhhhhhhh4(209)---------(200)----s(205)-----(200)------------s(198)----s(204)----(200)----------s(203)s(216)s(225)s(238)----------s(237)---s(242)---------------------------s(224)------------------------(200)s(209)---shhhhhhhhhhhhhhhhhhhhhhhhhhhhhhhhhhhhhhhhhhhhhhhhhhhhhhh5(160)-----s(168)s(181)s(191)-----s(199)-----s(207)---s(217)s(226)s(239)s(250)-s(259)s(270)-----------s(271)-s(281)-------shhhhhhhhhhhhhhhhhhhhhhhhhhhhhhhhhhhhhhhhhhhhhhhhhhhhhhhhhhhhhhhhhhhhhhhhhhhhhhhhhhhhhhhhhhhh6(192)--------------------shhhhhhhhhhhhhhhhhhhhhhhhhhhhhhhhhhhhhhhhhhhhhhhhhhhhhhhhhhhhhhhhhhhhhhhhhhhhhhhhhhhhhhhhhhhhhhhhhhhhhhhhhhhhhhhhhhhhhhhhhhhhhhhhhhhhhhhhhhhhhhhhhhhhhhhhhhhhhhhhhhhhhhhhhhhhhhhhhhhhhhhhhh
product criterion:973 chain criterion:835
hilbert series criterion:365
dehomogenization
simplification
imap to ring (ZZ/179424673),(x18,x17,x16,x15,x14,x13,x12,x11,x10,x9,x8,x7,x6,x5,x4,x3,x2,x1),(lp(18),C)
Auf Wiedersehen.
  >> 0 regions (all trivial): expReg=0.541s
  [sector total: 0.55s]
#Non-triv Sectors = 0

