
      +++  sector:  {1, 1, 0, 0, 0, 0, 1, 0, 0}  (1/1)  +++ 
                     SINGULAR                                 /  Development
 A Computer Algebra System for Polynomial Computations       /   version 4.3.2
                                                           0<
 by: W. Decker, G.-M. Greuel, G. Pfister, H. Schoenemann     \   Feb 2023
FB Mathematik der Universitaet, D-67653 Kaiserslautern        \  Debian 1:4.3.2-p10+ds-1.1build1
compute hilbert series with std in ring (ZZ/179424673),(x18,x17,x16,x15,x14,x13,x12,x11,x10,x9,x8,x7,x6,x5,x4,x3,x2,x1,@),(dp(19),C)
weights used for hilbert series: 1,1,1,1,1,1,1,1,1,1,1,1,1,1,1,1,1,1,1
[65535:5]2(18)s(17)s(16)s(15)s(14)s(13)s(12)s(11)s(10)s(9)s(10)s(12)s(15)s(19)s(18)s(20)s(21)s(24)s(28)s3(32)--s(35)s(37)s(43)s(49)s(55)s(63)s(72)-s(79)----------s(74)s(80)---s(83)-s(88)---4-------------s(82)--s(83)-s(90)-------s(88)s(97)-s(101)s(105)-----(100)s(110)s(118)s(129)-----------------------------(100)-----s(103)s(110)------5----(100)-------------------------------s(74)-----------------------------s(54)------------------------s(39)s(47)--------6--------s(41)---------s-------------------7----------------------
product criterion:548 chain criterion:299
std with hilb in (ZZ/179424673),(x18,x17,x16,x15,x14,x13,x12,x11,x10,x9,x8,x7,x6,x5,x4,x3,x2,x1,@),(lp(18),dp(1),C)
[65535:5]2(48)s(47)s(46)s(45)ss(44)s(43)s(42)s(41)s(40)s(39)s(40)ss(42)s(43)s(46)s(48)s(51)s(55)s3(60)-s(63)s(68)s(74)-s(82)s(89)s(97)-s(103)-s(110)s(118)shhhhhhhhhhhhhhhhhhhhhhhhhhhhh4(98)-----s(101)-(100)s(109)s(117)-s(127)-s(137)s(149)---s(156)s(163)--s(169)---s(177)-----s(181)--s(192)---------------shhhhhhhhhhhhhhhhhhhhhhhhhhhhhhhhhhh5(149)----------------------s(140)---------------s(134)----------s(133)---------s---------------------------------(100)--shhhhhhhhhhhhhhhhhhhhhhhhhhhhhhhhhhhhhh6(68)------------------s(61)-------shhhhhhhhhhhhhhhhhhhhhhhhhhhhhhhhhhhhhhhhh7(22)------------shhhhhhhhhhhhhhhhhhhh
product criterion:556 chain criterion:334
hilbert series criterion:163
dehomogenization
simplification
imap to ring (ZZ/179424673),(x18,x17,x16,x15,x14,x13,x12,x11,x10,x9,x8,x7,x6,x5,x4,x3,x2,x1),(lp(18),C)
Auf Wiedersehen.
  >> 0 regions (all trivial): expReg=0.558s
  [sector total: 0.5700000000000001s]
#Non-triv Sectors = 0

