
      +++  sector:  {0, 0, 0, 1, 1, 0, 0, 0, 0}  (1/1)  +++ 
                     SINGULAR                                 /  Development
 A Computer Algebra System for Polynomial Computations       /   version 4.3.2
                                                           0<
 by: W. Decker, G.-M. Greuel, G. Pfister, H. Schoenemann     \   Feb 2023
FB Mathematik der Universitaet, D-67653 Kaiserslautern        \  Debian 1:4.3.2-p10+ds-1.1build1
compute hilbert series with std in ring (ZZ/179424673),(x18,x17,x16,x15,x14,x13,x12,x11,x10,x9,x8,x7,x6,x5,x4,x3,x2,x1,@),(dp(19),C)
weights used for hilbert series: 1,1,1,1,1,1,1,1,1,1,1,1,1,1,1,1,1,1,1
[65535:5]2(13)s(12)s(11)s(10)s(9)s(8)s(7)s(6)s(5)s(4)s(5)s(7)s(10)s(11)s3(15)s(19)s(20)s(25)s(31)s(33)s(35)s(43)s(47)s(53)s(57)s(62)s(67)s(73)s(78)-s4(85)-----------------------------------s(57)s(67)--------------s(58)---s(62)-s(66)-s(72)-------s(74)------s(76)s(82)-----5-----------------s(68)-------s-------------s(63)------s(64)--------s(65)---------ss(72)-----6------------s(61)--------------s(55)-----s(60)-------s---------------------7---------------------------------------
product criterion:517 chain criterion:361
std with hilb in (ZZ/179424673),(x18,x17,x16,x15,x14,x13,x12,x11,x10,x9,x8,x7,x6,x5,x4,x3,x2,x1,@),(lp(18),dp(1),C)
[65535:5]2(48)s(47)s(46)s(45)s(44)s(43)s(42)s(41)ss(43)ss(44)s(47)s(46)s3(48)s(51)s(55)s(60)s(64)s(68)s(69)s(72)s(75)s(80)s(84)-s(91)s(98)shhhhhhhhhhhhhhh4(91)--------s(89)---s(92)----s(97)---------------------------s(79)-----s(84)s(92)-shhhhhhhhhhhhhhhhhhhhhhh5(74)----------s-s(84)----s(89)s(98)-s(104)----(100)----------s(98)shhhhhhhhhhhhhhhhhhhhhhhhhhhhh6(76)-------s(79)------s(81)--s(90)--shhhhhhhhhhhhhhhhhhhhhhhhhhhhhhhhhhhhhhhhhhhhhhhhhhhhh7(44)-------------------------shhhhhhhhhhhhhhhhhhhhhhhhhhhhhh
product criterion:451 chain criterion:315
hilbert series criterion:150
dehomogenization
simplification
imap to ring (ZZ/179424673),(x18,x17,x16,x15,x14,x13,x12,x11,x10,x9,x8,x7,x6,x5,x4,x3,x2,x1),(lp(18),C)
Auf Wiedersehen.
  >> 0 regions (all trivial): expReg=0.607s
  [sector total: 0.616s]
#Non-triv Sectors = 0

