
      +++  sector:  {0, 1, 1, 1, 0, 1, 0, 0, 0}  (1/1)  +++ 
                     SINGULAR                                 /  Development
 A Computer Algebra System for Polynomial Computations       /   version 4.3.2
                                                           0<
 by: W. Decker, G.-M. Greuel, G. Pfister, H. Schoenemann     \   Feb 2023
FB Mathematik der Universitaet, D-67653 Kaiserslautern        \  Debian 1:4.3.2-p10+ds-1.1build1
compute hilbert series with std in ring (ZZ/179424673),(x18,x17,x16,x15,x14,x13,x12,x11,x10,x9,x8,x7,x6,x5,x4,x3,x2,x1,@),(dp(19),C)
weights used for hilbert series: 1,1,1,1,1,1,1,1,1,1,1,1,1,1,1,1,1,1,1
[65535:5]2(18)s(17)s(16)s(15)s(14)s(13)s(12)s(11)s(10)s(9)s(10)s(12)s(13)s(16)s(20)s(22)s(24)s(27)s(32)s3(33)s(37)s(38)s(44)s(47)s(53)s(61)s(65)s(69)s(78)s(85)s(88)s(97)s(107)s(119)-s(124)s(130)s(135)-s(142)s(149)s(156)s(165)s(174)s(185)s(195)s(204)s(211)s(219)s(230)---s4(233)------------------------s(219)-s(228)----------------------------(200)---------------------------------------------------------------------------------s(127)-------s(131)-s(138)---------------s(132)s(141)s(152)-----s(156)--------------------s(143)s(150)---------------5------------------------s(121)---------------------(100)----------------------------------------------------------------------------------------6------------
product criterion:951 chain criterion:407
std with hilb in (ZZ/179424673),(x18,x17,x16,x15,x14,x13,x12,x11,x10,x9,x8,x7,x6,x5,x4,x3,x2,x1,@),(lp(18),dp(1),C)
[65535:5]2(59)s(58)s(57)s(56)s(55)s(54)s(53)sss(52)s(53)s(55)s(58)s(62)ss(64)ss(66)s(69)s3(72)s(76)s(80)s(86)s(92)s(94)s(97)s(102)s(106)s(111)s(120)s(132)s(137)s(143)s(152)s(157)-s(164)s(173)s(180)s(189)s(198)s(209)s(219)-s(232)-s(238)s(247)s(253)shhhhhhhhhhhhhhhhhhhhhhhhhhhhhhh4(228)-------s(234)s(248)----------------------------------------s(217)s(228)s(239)s(251)s(260)-------------------------------------s(232)----------s(229)------------------s(220)----s(225)---s(229)-------------shhhhhhhhhhhhhhhhhhhhhhhhhhhhhhhhhhhhhhhhhhhhhhhhhhhhhhhhhhhhhhhhh5(159)---------------s-----------------------------------------------------------(100)---------------------------------shhhhhhhhhhhhhhhhhhhhhhhhhhhhhhhhhhhhhhhhhhhhhhhhhhhhhhhhhhhhhhhhhhhhhhhhhhhh
product criterion:956 chain criterion:458
hilbert series criterion:172
dehomogenization
simplification
imap to ring (ZZ/179424673),(x18,x17,x16,x15,x14,x13,x12,x11,x10,x9,x8,x7,x6,x5,x4,x3,x2,x1),(lp(18),C)
Auf Wiedersehen.
  >> 0 regions (all trivial): expReg=0.52s
  [sector total: 0.528s]
#Non-triv Sectors = 0

