
      +++  sector:  {1, 1, 1, 1, 0, 0, 1, 0, 0}  (1/1)  +++ 
                     SINGULAR                                 /  Development
 A Computer Algebra System for Polynomial Computations       /   version 4.3.2
                                                           0<
 by: W. Decker, G.-M. Greuel, G. Pfister, H. Schoenemann     \   Feb 2023
FB Mathematik der Universitaet, D-67653 Kaiserslautern        \  Debian 1:4.3.2-p10+ds-1.1build1
compute hilbert series with std in ring (ZZ/179424673),(x18,x17,x16,x15,x14,x13,x12,x11,x10,x9,x8,x7,x6,x5,x4,x3,x2,x1,@),(dp(19),C)
weights used for hilbert series: 1,1,1,1,1,1,1,1,1,1,1,1,1,1,1,1,1,1,1
[65535:5]2(18)s(17)s(16)s(15)s(14)s(13)s(12)s(11)s(10)s(9)s(10)s(12)s(15)s(16)s(21)s(22)s(23)s(25)s(30)s3(35)s(39)s(44)s(48)s(52)s(60)s(63)s(69)s(76)s(81)s(88)s(95)s(105)-s(113)s(121)s(128)s(135)s(140)s(145)s(153)s(160)s(166)s(176)s(184)s(190)s(200)s(206)s(217)s(224)s(231)s(237)s(243)s(248)s(252)s(260)s4(269)s(279)s(290)---s(299)s(312)s(322)-------------ss(334)s(348)s(360)--s(369)----s(378)------------------------------------------s(345)--s(354)s(370)-s(379)s(387)-s(397)-s(404)s(415)-s(424)s(431)---s(437)-----s(444)s(455)-s(461)s(470)----s(476)s(487)s(498)s(510)----s(515)-s(526)s(537)s(549)----s(555)s(571)--s(577)s(588)----s(597)s(605)-----(600)--s(610)----s(615)----s(621)s(631)--s(640)s(653)---------------------------------------s(631)-s(638)---------------------------------5-s(617)s(631)-s(645)s(661)---------s(666)-s(680)s(696)---s(708)s(724)------------------------(700)--------s(708)--------(700)---------------------------------------s(674)-----s(683)--------s(690)---s(703)---(700)----------s(707)-------(700)-------------------------------------------s(670)----------------------------------------------------------------------(600)---------s(603)-s(616)s(629)s(640)s(650)-------------s(647)---------s(651)s(662)s(674)--s(684)s(693)s(706)--s(717)-----------s(716)-s(728)--s(738)-------s(745)------------------s(740)---s(751)---------------------------------s(728)-------------------s(719)-------------------(700)---------s(706)s(717)-----s(723)-s(734)--------s(737)--------s(740)s(751)s(763)s(777)--s(789)--s(801)-(800)----------------------s(789)---s(797)-----s(803)-s(813)-------------(800)------------s--------s(803)---(800)---------s(804)----(800)---------6-------------------------------------------------------------------------------------------(700)----------------------------------------------------------------------------------------------------(600)-------------------s(595)------------s(597)-----s(606)------(600)-----------s(604)----(600)----------------------------------s(581)---------------------------------------------------------------------------s(521)s(533)s(546)s(559)-s(571)---s(579)--s(588)s(601)-(600)--------s(605)-s(618)------------------(600)---s(610)--s(620)s(632)--------------s(627)s(637)--s(648)----------------------------------------s(621)--s(633)------------------------s(621)---------------------(600)s(613)--------s(620)------------------s(617)-----------------(600)-------------s----------------------------------------------------------------s(549)-----------s(551)---s(560)------------------------------------s(536)s(549)-s(562)-----s(570)------------s(572)---------------------------------------------------------------7---------(500)----------------------------------------------------------------------------------------------------(400)----------------------------------------------------------------------------------------------------(300)--------------------------------------------------------s(258)----------------------------------------------------------(200)-----s(208)--------(200)----------------------------------------------------------------------------------------------------(100)---------------------------------------------------------------------8-------------------------------
product criterion:5297 chain criterion:11448
std with hilb in (ZZ/179424673),(x18,x17,x16,x15,x14,x13,x12,x11,x10,x9,x8,x7,x6,x5,x4,x3,x2,x1,@),(lp(18),dp(1),C)
[65535:5]2(194)s(193)s(192)s(191)s(190)sss(189)ss(188)ss(187)s(189)s(191)s(194)s(196)s(198)s(202)s(207)s3(210)s(213)s(218)s(220)s(226)s(232)s(239)s(245)s(252)s(260)s(267)s(271)s(276)s(283)s(290)-s(300)s(307)s(314)s(320)s(329)s(338)s(343)s(350)s(355)s(364)s(372)s(382)s(386)s(392)s(400)s(408)s(417)s(425)s(431)shhhhhhhhhhhhhhhhhhhhhhhhhhhhhhhhhhh4(405)s(414)-s(423)-s(434)s(446)s(456)s(467)-s(477)-s(484)s(495)---s(504)--s(511)s(519)s(531)-s(539)-s(551)s(562)s(575)s(587)-s(601)-(600)s(609)s(619)s(629)s(648)-s(657)s(671)s(683)s(694)s(701)s(710)s(720)--s(727)-s(736)--s(744)--s(754)s(768)--------s(769)-----s(774)------s(780)-s(787)-----s(792)------s(794)---------------s(790)-------------------------------------s(763)-------------------s(757)-------s(766)------s(776)-------------s(774)---------s(777)shhhhhhhhhhhhhhhhhhhhhhhhhhhhhhhhhhhhhhhhhhhhhhhhhhhhhhhhhhhhhhhhhhhhhhhhhhhh5(708)s(721)s(735)s(749)---s(761)s(776)s(791)-s(806)s(822)s(838)-s(853)--s(863)----s(872)-s(885)----s(896)--s(910)--s(920)s(933)--s(943)---s(957)s(971)s(983)-s(995)------s(1001)-(1000)---------------------------------------s(972)-----s(978)--s(989)s(1003)s(1018)--s(1029)s(1044)s(1054)s(1068)-------------------s(1062)---s(1071)---s(1081)s(1094)-----s(1102)--(1100)-----------s-----------------------------------s(1079)------------------s(1069)-----------------------------------s(1045)-s(1055)-------s(1060)-----------------s(1057)--s(1065)--s(1074)-s(1084)-s(1093)------s(1099)--------------s(1094)---s(1103)---(1100)-----------------------------s(1085)-----------------------------------s(1059)------------------------s(1045)---------------------------------------------(1000)-----------s(999)-----------s-----------------------------------------s(967)-------------------s(958)s(969)--shhhhhhhhhhhhhhhhhhhhhhhhhhhhhhhhhhhhhhhhhhhhhhhhhhhhhhhhhhhhhhhhhhhhhhhhhhhhhhhhhhhhhhhhhhhhhhhhhh6(880)-----------------------------------------------------------s(835)------------------s(828)-s(841)-----------------s(839)s(854)---------s(858)s(871)---s(879)s(891)s(904)----(900)s(913)---------s(918)--s(930)------------------------s(921)-s(934)s(949)s(963)-----s(973)-----------------------------s(957)------s(964)----s(973)--------------s(972)s(984)-s(994)--s(1007)-s(1020)-s(1032)----------------s(1028)---s(1036)--s(1047)-s(1059)-s(1072)-----------------------------------------------s(1040)----------s(1041)--------s(1046)-s(1057)-------------------s(1050)--------------------------------------------------(1000)---s(1008)--------(1000)--------------------------------------s(971)-----------------------------------------------------------------------(900)----------s(903)---(900)----------------------s(889)----------------------------------s(867)-------------------------------------------------------------------(800)----------------------s(791)----------------------------------------------------------------------------s(728)shhhhhhhhhhhhhhhhhhhhhhhhhhhhhhhhhhhhhhhhhhhhhhhhhhhhhhhhhhhhhhhhhhhhhhhhhhhhhhhhhhhhhhhhhhhhhhhhhhhhhhh7(638)--------------------------------------(600)--------------s(599)-s(611)-------s(618)------------s(620)--------------------(600)-----------------------------------------------------------------s(547)s(560)------------------------------------------------------------(500)-------s(507)-------(500)----------------------------------------------------------------------------------------------------(400)----------------------------------------------------------------------------------------------------(300)----------------------------------------------------------------------------------------------------(200)-----------------------------------------------shhhhhhhhhhhhhhhhhhhhhhhhhhhhhhhhhhhhhhhhhhhhhhhhhhhhhhhhhhhhhhhhhhhhhhhhhhhhhhhhhhhhhhhhhhhhhhhhhhhhhhhhhhhhhhhhhhhhhhhhhhhhhhhhhhhhhhhhhhhhhhhhhhhhhhhhhhhhhhhhhhhhhh
product criterion:5994 chain criterion:14567
hilbert series criterion:478
dehomogenization
simplification
imap to ring (ZZ/179424673),(x18,x17,x16,x15,x14,x13,x12,x11,x10,x9,x8,x7,x6,x5,x4,x3,x2,x1),(lp(18),C)
Auf Wiedersehen.
                     SINGULAR                                 /  Development
 A Computer Algebra System for Polynomial Computations       /   version 4.3.2
                                                           0<
 by: W. Decker, G.-M. Greuel, G. Pfister, H. Schoenemann     \   Feb 2023
FB Mathematik der Universitaet, D-67653 Kaiserslautern        \  Debian 1:4.3.2-p10+ds-1.1build1
// ** loaded /usr/bin/../share/singular/LIB/primdec.lib (4.3.2.9,Oct_2023)
// ** loaded /usr/bin/../share/singular/LIB/ring.lib (4.3.1.3,Feb_2023)
// ** loaded /usr/bin/../share/singular/LIB/absfact.lib (4.1.2.0,Feb_2019)
// ** loaded /usr/bin/../share/singular/LIB/triang.lib (4.1.2.0,Feb_2019)
// ** loaded /usr/bin/../share/singular/LIB/matrix.lib (4.3.2.3,Aug_2023)
// ** loaded /usr/bin/../share/singular/LIB/nctools.lib (4.1.2.0,Feb_2019)
// ** loaded /usr/bin/../share/singular/LIB/inout.lib (4.1.2.0,Feb_2019)
// ** loaded /usr/bin/../share/singular/LIB/random.lib (4.1.2.0,Feb_2019)
// ** loaded /usr/bin/../share/singular/LIB/polylib.lib (4.2.0.0,Dec_2020)
// ** loaded /usr/bin/../share/singular/LIB/elim.lib (4.3.2.5,Jul_2023)
// ** loaded /usr/bin/../share/singular/LIB/general.lib (4.1.2.0,Feb_2019)
map with cache
map with cache
map with cache
map with cache
map with cache
map with cache
map with cache
map with cache
map with cache
map with cache
map with cache
map with cache
map with cache
map with cache
map with cache
map with cache
map with cache
map with cache
std in (ZZ/179424673),(x18,x17,x16,x15,x14,x13,x12,x11,x10,x9,x8,x7,x6,x5,x4,x3,x2,x1),(dp(18),C)
[65535:5]1(17)s(16)s(15)s(14)s(13)s(12)s(11)s(10)s(9)s(8)s(7)s(6)s(5)s(4)s(3)s(2)sss
(S:17)-----------------
product criterion:153 chain criterion:0
[65535:5]1(17)s(16)s(15)s(14)s(13)s(12)s(11)s(10)s(9)s(8)s(7)s(6)s(5)s(4)s(3)s(2)sss
(S:17)-----------------
product criterion:153 chain criterion:0
map is a permutation
[65535:6]1(18)s(17)s(16)s(15)s(14)s(13)s(12)s(11)s(10)s(9)s(8)s(7)s(6)s(5)s(4)s(3)s(2)sss
(S:18)------------------
product criterion:171 chain criterion:0
[65535:5]1(17)s(16)s(15)s(14)s(13)s(12)s(11)s(10)s(9)s(8)s(7)s(6)s(5)s(4)s(3)s(2)sss
(S:17)-----------------
product criterion:153 chain criterion:0
{1}[65535:7]1(17)s(16)s(15)s(14)s(13)s(12)s(11)s(10)s(9)s(8)s(7)s(6)s(5)s(4)s(3)s(2)sss
(S:18)-------------------
product criterion:0 chain criterion:0
(S:18)rrrrrrrrrrrrrrrrrr
[65535:5]1(17)s(16)s(15)s(14)s(13)s(12)s(11)s(10)s(9)s(8)s(7)s(6)s(5)s(4)s(3)s(2)sss
(S:17)-----------------
product criterion:153 chain criterion:0
intersect by elimination method
[65535:7]1(18)s2(17)s(16)s(15)s(14)s(13)s(12)s(11)s(10)s(9)s(8)s(7)s(6)s(5)s(4)s(3)s(2)sss
(S:18)------------------
product criterion:171 chain criterion:0
map is a permutation
[65535:6]1(18)s(17)s(16)s(15)s(14)s(13)s(12)s(11)s(10)s(9)s(8)s(7)s(6)s(5)s(4)s(3)s(2)ss2s
(S:0)
product criterion:171 chain criterion:0
map is a permutation
[65535:6]1(18)s(17)s(16)s(15)s(14)s(13)s(12)s(11)s(10)s(9)s(8)s(7)s(6)s(5)s(4)s(3)s(2)ss2s
(S:0)
product criterion:171 chain criterion:0
map is a permutation
[65535:6]1(18)s(17)s(16)s(15)s(14)s(13)s(12)s(11)s(10)s(9)s(8)s(7)s(6)s(5)s(4)s(3)s(2)ss2s
(S:0)
product criterion:171 chain criterion:0
map is a permutation
[65535:6]1(18)s(17)s(16)s(15)s(14)s(13)s(12)s(11)s(10)s(9)s(8)s(7)s(6)s(5)s(4)s(3)s(2)ss2s
(S:0)
product criterion:171 chain criterion:0
map is a permutation
[65535:6]1(18)s(17)s(16)s(15)s(14)s(13)s(12)s(11)s(10)s(9)s(8)s(7)s(6)s(5)s(4)s(3)s(2)ss2s
(S:0)
product criterion:171 chain criterion:0
map is a permutation
[65535:6]1(18)s(17)s(16)s(15)s(14)s(13)s(12)s(11)s(10)s(9)s(8)s(7)s(6)s(5)s(4)s(3)s(2)ss2s
(S:0)
product criterion:171 chain criterion:0
map is a permutation
[65535:6]1(18)s(17)s(16)s(15)s(14)s(13)s(12)s(11)s(10)s(9)s(8)s(7)s(6)s(5)s(4)s(3)s(2)ss2s
(S:0)
product criterion:171 chain criterion:0
map is a permutation
[65535:6]1(18)s(17)s(16)s(15)s(14)s(13)s(12)s(11)s(10)s(9)s(8)s(7)s(6)s(5)s(4)s(3)s(2)ss2s
(S:0)
product criterion:171 chain criterion:0
map is a permutation
[65535:6]1(18)s(17)s(16)s(15)s(14)s(13)s(12)s(11)s(10)s(9)s(8)s(7)s(6)s(5)s(4)s(3)s(2)ss2s
(S:0)
product criterion:171 chain criterion:0
map is a permutation
[65535:6]1(18)s(17)s(16)s(15)s(14)s(13)s(12)s(11)s(10)s(9)s(8)s(7)s(6)s(5)s(4)s(3)s(2)ss2s
(S:0)
product criterion:171 chain criterion:0
map is a permutation
[65535:6]1(18)s(17)s(16)s(15)s(14)s(13)s(12)s(11)s(10)s(9)s(8)s(7)s(6)s(5)s(4)s(3)s(2)ss2s
(S:0)
product criterion:171 chain criterion:0
map is a permutation
[65535:6]1(18)s(17)s(16)s(15)s(14)s(13)s(12)s(11)s(10)s(9)s(8)s(7)s(6)s(5)s(4)s(3)s(2)ss2s
(S:0)
product criterion:171 chain criterion:0
map is a permutation
[65535:6]1(18)s(17)s(16)s(15)s(14)s(13)s(12)s(11)s(10)s(9)s(8)s(7)s(6)s(5)s(4)s(3)s(2)ss2s
(S:0)
product criterion:171 chain criterion:0
map is a permutation
[65535:6]1(18)s(17)s(16)s(15)s(14)s(13)s(12)s(11)s(10)s(9)s(8)s(7)s(6)s(5)s(4)s(3)s(2)ss2s
(S:0)
product criterion:171 chain criterion:0
map is a permutation
[65535:6]1(18)s(17)s(16)s(15)s(14)s(13)s(12)s(11)s(10)s(9)s(8)s(7)s(6)s(5)s(4)s(3)s(2)ss2s
(S:0)
product criterion:171 chain criterion:0
map is a permutation
[65535:6]1(18)s(17)s(16)s(15)s(14)s(13)s(12)s(11)s(10)s(9)s(8)s(7)s(6)s(5)s(4)s(3)s(2)ss2s
(S:0)
product criterion:171 chain criterion:0
map is a permutation
[65535:6]1(18)s(17)s(16)s(15)s(14)s(13)s(12)s(11)s(10)s(9)s(8)s(7)s(6)s(5)s(4)s(3)s(2)ss2s
(S:0)
product criterion:171 chain criterion:0
map is a permutation
[65535:6]1(18)s(17)s(16)s(15)s(14)s(13)s(12)s(11)s(10)s(9)s(8)s(7)s(6)s(5)s(4)s(3)s(2)ss2s
(S:0)
product criterion:171 chain criterion:0
[65535:5]1(17)s(16)s(15)s(14)s(13)s(12)s(11)s(10)s(9)s(8)s(7)s(6)s(5)s(4)s(3)s(2)sss
(S:17)-----------------
product criterion:153 chain criterion:0
// ** _ is no standard basis
Auf Wiedersehen.
                     SINGULAR                                 /  Development
 A Computer Algebra System for Polynomial Computations       /   version 4.3.2
                                                           0<
 by: W. Decker, G.-M. Greuel, G. Pfister, H. Schoenemann     \   Feb 2023
FB Mathematik der Universitaet, D-67653 Kaiserslautern        \  Debian 1:4.3.2-p10+ds-1.1build1
compute hilbert series with std in ring (ZZ/179424673),(x18,x17,x16,x15,x14,x13,x12,x11,x10,x9,x8,x7,x6,x5,x4,x3,x2,x1,@),(dp(19),C)
weights used for hilbert series: 1,1,1,1,1,1,1,1,1,1,1,1,1,1,1,1,1,1,1
[65535:5]1(17)s(16)s(15)s(14)s(13)s(12)s(11)s(10)s(9)s(8)s(7)s(6)s(5)s2(4)s(3)ss(4)s(6)s3(9)---------
product criterion:143 chain criterion:0
std with hilb in (ZZ/179424673),(x18,x17,x16,x15,x14,x13,x12,x11,x10,x9,x8,x7,x6,x5,x4,x3,x2,x1,@),(lp(18),dp(1),C)
[65535:5]1(17)s(16)s(15)s(14)s(13)s(12)s(11)s(10)s(9)s(8)s(7)s(6)s(5)s2(4)s(3)ss(4)s(6)shhhhhhhhhh
product criterion:143 chain criterion:0
hilbert series criterion:10
dehomogenization
simplification
imap to ring (ZZ/179424673),(x18,x17,x16,x15,x14,x13,x12,x11,x10,x9,x8,x7,x6,x5,x4,x3,x2,x1),(lp(18),C)
Auf Wiedersehen.
                     SINGULAR                                 /  Development
 A Computer Algebra System for Polynomial Computations       /   version 4.3.2
                                                           0<
 by: W. Decker, G.-M. Greuel, G. Pfister, H. Schoenemann     \   Feb 2023
FB Mathematik der Universitaet, D-67653 Kaiserslautern        \  Debian 1:4.3.2-p10+ds-1.1build1
// ** loaded /usr/bin/../share/singular/LIB/primdec.lib (4.3.2.9,Oct_2023)
// ** loaded /usr/bin/../share/singular/LIB/ring.lib (4.3.1.3,Feb_2023)
// ** loaded /usr/bin/../share/singular/LIB/absfact.lib (4.1.2.0,Feb_2019)
// ** loaded /usr/bin/../share/singular/LIB/triang.lib (4.1.2.0,Feb_2019)
// ** loaded /usr/bin/../share/singular/LIB/matrix.lib (4.3.2.3,Aug_2023)
// ** loaded /usr/bin/../share/singular/LIB/nctools.lib (4.1.2.0,Feb_2019)
// ** loaded /usr/bin/../share/singular/LIB/inout.lib (4.1.2.0,Feb_2019)
// ** loaded /usr/bin/../share/singular/LIB/random.lib (4.1.2.0,Feb_2019)
// ** loaded /usr/bin/../share/singular/LIB/polylib.lib (4.2.0.0,Dec_2020)
// ** loaded /usr/bin/../share/singular/LIB/elim.lib (4.3.2.5,Jul_2023)
// ** loaded /usr/bin/../share/singular/LIB/general.lib (4.1.2.0,Feb_2019)
[65535:5]1(17)s(16)s(15)s(14)s(13)s(12)s(11)s(10)s(9)s(8)s(7)s(6)s(5)s(4)s(3)s(2)sss
(S:17)-----------------
product criterion:153 chain criterion:0
// ** redefining j (int j = 2;)
rt
Auf Wiedersehen.

Set::setraw: Cannot assign to raw object 1.

Set::setraw: Cannot assign to raw object 1.
  >> 1 region(s): expReg=1.719s  build=0.05s
  [sector total: 1.776s]
#Non-triv Sectors = 1

