
      +++  sector:  {0, 1, 1, 1, 0, 1, 1, 0, 0}  (1/1)  +++ 
                     SINGULAR                                 /  Development
 A Computer Algebra System for Polynomial Computations       /   version 4.3.2
                                                           0<
 by: W. Decker, G.-M. Greuel, G. Pfister, H. Schoenemann     \   Feb 2023
FB Mathematik der Universitaet, D-67653 Kaiserslautern        \  Debian 1:4.3.2-p10+ds-1.1build1
compute hilbert series with std in ring (ZZ/179424673),(x18,x17,x16,x15,x14,x13,x12,x11,x10,x9,x8,x7,x6,x5,x4,x3,x2,x1,@),(dp(19),C)
weights used for hilbert series: 1,1,1,1,1,1,1,1,1,1,1,1,1,1,1,1,1,1,1
[65535:5]2(18)s(17)s(16)s(15)s(14)s(13)s(12)s(11)s(10)s(9)s(10)s(12)s(15)s(16)s(20)s(22)s(24)s(27)s(32)s3(33)s(36)s(40)s(46)s(53)s(59)s(66)s(71)s(78)s(86)s(94)s(102)s(111)-s(116)s(122)s(128)s(134)s(141)s(146)s(152)s(159)s(167)s(174)s(183)s(190)s(198)s(206)s(216)s(225)s(234)s(242)s(251)s(258)s4(263)s(272)s(281)s(290)s(299)s(308)s(319)s(329)s(336)s(345)s(355)s(368)--s(375)-s(384)-----s(388)------s(392)-s(402)--(400)s(409)s(419)s(430)s(440)-s(449)s(461)--s(469)s(480)-s(491)s(500)-s(508)s(519)s(530)-s(540)s(551)s(563)s(574)s(587)s(592)----s(598)s(608)-s(616)----s(621)s(632)s(643)s(653)---s(659)-s(668)-s(679)--s(692)s(700)s(710)s(720)s(732)s(743)-----s(750)--s(762)s(777)s(789)-s(797)s(804)s(815)---s(824)--------s(829)-s(841)s(854)s(864)-------s(871)---------s(870)s(883)---s(893)-s(905)s(916)s(930)--s(941)s(954)-s(968)-s(977)---s(987)s(1003)s(1018)-s(1028)s(1043)----------------s(1037)------------------s(1027)s(1036)-----------------5-s(1030)s(1043)----s(1053)s(1066)-s(1080)--s(1094)---------------------------------s(1078)--------------------s(1072)s(1086)------------------------------s(1071)----------------------------------------------s(1037)---s(1047)--------s(1053)-s(1067)s(1083)s(1096)--s(1111)-----------(1100)---s(1111)s(1125)-------------------------(1100)-s(1114)--------------(1100)-----------------------------------------------------------------------s(1042)------------------------------------------(1000)-------------------------------------------s(972)---s(983)-----------------------------------------------------------------------------------(900)----------------------------------------------------------------------------------------------------(800)------------------------------------------------------------s(752)s(766)-s(778)s(793)s(809)s(821)s(834)--s(842)----------------s(835)s(848)---s(856)s(871)--------s(876)---------------------------------------------s(843)-----------------------------s(827)---------------------------(800)------------------------------s(780)-----s(790)s(801)-(800)s(811)s(821)s(833)s(843)s(857)--s(867)-s(879)-------s(884)--------s(887)-s(899)-------------------------------------------------------------------------------------s(827)----s(835)-----------------------------------(800)-----6----s(807)-------(800)----------------------------------------------------------------------------------------------------(700)--s(713)-------------(700)---------------------------------------------------------------------------------s(635)--s(646)--s(658)-------------------s(654)-------s(661)--s(674)---s(684)--------------s----s(694)----------------------------------s(676)-----------------------------------s(656)s(670)----------------------------------------------------------------------(600)------------------------s(591)--------------------s(586)-s(599)------s(607)-------(600)s(613)-------------(600)s(613)------s(620)-s(634)-----s(643)---s(655)-------------------------------------------------------(600)----s(610)---------s(613)-------------(600)---------s(602)--(600)------------------------s(589)-------------s-s(600)------s(606)s(618)------------------(600)---------------------------s(587)---s(596)-------------------------------------------------------------------------------7-----------------(500)----------------------------------------------------------------------------------------------------(400)----------------------------------------------------------------------------------------------------(300)----------------------------------------------------------------------------------------------------(200)-----------------s(196)---s(206)------(200)---------------------s(192)s(205)-----(200)--------s(205)-----(200)----------------------------------------------------------------------------------------------------(100)-----------------------------8-----------------------------------------------------------------------
product criterion:7005 chain criterion:15820
std with hilb in (ZZ/179424673),(x18,x17,x16,x15,x14,x13,x12,x11,x10,x9,x8,x7,x6,x5,x4,x3,x2,x1,@),(lp(18),dp(1),C)
[65535:5]2(225)s(224)s(223)s(222)s(221)s(220)s(219)s(218)s(217)s(216)s(217)s(218)s(220)s(222)s(224)s(225)s(229)s(234)s(239)s3(241)s(246)s(248)s(253)s(257)s(262)s(267)s(273)s(280)s(283)s(291)s(296)s(304)s(312)s(320)s(326)s(333)s(338)s(346)s(355)s(365)s(374)s(379)s(389)s(395)s(401)s(410)s(420)-s(428)s(434)s(442)s(446)s(454)s(464)shhhhhhhhhhhhhhhhhhhhhhhhhhhhhhhhh4(439)s(446)s(456)s(465)s(476)s(483)s(494)s(505)s(515)s(525)s(534)s(544)s(555)s(564)s(573)s(583)s(595)s(603)-s(612)s(623)-s(632)s(640)s(651)s(666)s(676)s(690)s(698)s(709)-s(717)s(727)s(737)-s(743)s(754)-s(763)s(774)s(783)s(794)--s(801)s(813)s(821)-s(830)s(842)-s(856)s(867)s(879)s(886)--s(896)-s(906)s(916)--s(927)s(938)---s(947)-s(958)s(966)s(977)s(984)s(996)--s(1004)-s(1009)--s(1016)s(1029)---s(1040)-s(1051)--s(1058)----s(1061)-s(1069)-s(1078)s(1085)---s(1092)s(1103)--s(1112)---s(1123)--s(1132)-s(1142)--s(1153)s(1165)s(1177)-----s(1184)--s(1195)s(1204)----(1200)------s(1209)s(1225)s(1237)---s(1246)-s(1258)--s(1264)s(1278)s(1291)--s(1298)---s(1312)s(1327)s(1342)---------------s(1341)-s(1353)-------s(1356)s(1369)----------s(1372)-------------------s(1368)------------shhhhhhhhhhhhhhhhhhhhhhhhhhhhhhhhhhhhhhhhhhhhhhhhhhhhhhhhhhhhhhhhhhhhhhhhhhhhhhhhhhhhhhh5(1279)s(1291)s(1304)s(1317)s(1331)--s(1341)s(1356)s(1369)s(1383)---s(1392)--------s(1400)-----s(1409)-s(1423)s(1439)-s(1451)-s(1460)s(1474)--s(1489)s(1506)s(1519)s(1533)--s(1545)s(1559)-----s(1568)---------------------s(1560)--------s(1565)-s(1578)-s(1587)--s(1597)s(1606)------(1600)-------s(1606)s(1619)-----s(1629)----------------------s(1618)---------s(1621)s(1632)--s(1643)-------s(1648)s(1659)s(1673)-----s(1681)-----------------------------------------s(1649)--------------s(1645)-----------s----s(1651)------s(1655)s(1666)--s(1675)-s(1685)------s(1694)--s(1703)---(1700)----------s(1702)s(1713)s(1724)------s(1732)----s(1739)---s(1747)-s(1756)-s(1765)---------s(1768)s(1780)s(1792)--s(1802)--(1800)-s(1810)--------s(1813)-s(1825)-------------------------(1800)--------------------s(1793)-------------s----------s(1797)--s(1805)-----(1800)--------------------s(1792)-----------------s(1787)--s(1801)-(1800)------------------------------------s(1775)---s(1783)s(1793)s(1808)--------(1800)----s(1806)------(1800)--------------------s(1792)----------------s(1789)--------s(1794)---------------------s(1783)----s(1795)---s(1806)------(1800)-----------s------------------s(1793)--------------------s(1788)-------------s(1784)---s(1792)------------------------------------------------------------s(1741)------------------------------------s(1717)s(1732)--------------------------------(1700)s(1710)----------(1700)------------------------------------------------------------------------s(1637)----------------------------------s(1616)----------------(1600)-s(1610)---------s(1612)------------(1600)----------------------------s(1586)-----------------------------------------------s(1549)-------------------------------------s(1523)------------------shhhhhhhhhhhhhhhhhhhhhhhhhhhhhhhhhhhhhhhhhhhhhhhhhhhhhhhhhhhhhhhhhhhhhhhhhhhhhhhhhhhhhhhhhhhhhhhhhhhhhhhhhhhhhhhhhhhhhh6(1402)s(1418)--------------s(1419)-------------------(1400)s(1416)s(1432)----------------s(1430)-----------------------------s(1413)--------s(1417)----s(1426)---s(1436)s(1448)-------------------------s(1438)-s(1451)-s(1463)------------s(1465)--s(1477)--------s(1483)s(1496)-------------------------------------------s(1466)---s(1476)---s(1487)----s(1498)----------------s(1497)----------s(1502)--(1500)------------s(1502)--(1500)---s(1512)------------(1500)------------------------s(1488)-s(1500)s(1513)-------------(1500)s(1514)--------------(1500)-------------------------s(1488)-----------------------------s(1474)-----s(1483)------------------------------s(1465)------------------s(1462)--------------------------------------------------------------(1400)----------------------------------------------------------------------------------------------------(1300)-----------------------------------------------------s(1258)---s(1266)------------------------------------------------------------------(1200)------------------------s(1187)----s(1195)--------------------------------------------------------s(1151)----------------------------s(1137)------------------------------s(1118)------------------(1100)-----------------------------------------------------s(1059)--s(1070)--s(1081)-------------------s(1071)----------------s(1069)-----------s(1068)--------------------------------------------------------------------(1000)s(1012)------------(1000)----------------------------------------------------------------------------------------------------(900)-----------------------------------------------------------------shhhhhhhhhhhhhhhhhhhhhhhhhhhhhhhhhhhhhhhhhhhhhhhhhhhhhhhhhhhhhhhhhhhhhhhhhhhhhhhhhhhhhhhhhhhhhhhhhhhhhhhhhhhhhhhhhhhhhhhhhhhhhhhhhhhhhhhhhh7(710)----------(700)----------------------------------------------------------------------------------------------------(600)-----------------------------s(584)-----------------------------------s(561)---s(571)-----------s(573)---------------------------------s(554)------------------------------------------------------(500)-------------------------------------------------------------------------------------------------shhhhhhhhhhhhhhhhhhhhhhhhhhhhhhhhhhhhhhhhhhhhhhhhhhhhhhhhhhhhhhhhhhhhhhhhhhhhhhhhhhhhhhhhhhhhhhhhhhhhhhhhhhhhhhhhhhhhhhhhhhhhhhhhhhhhhhhhhhhhhhhhhhhhhhhhhhhhhhhhhhhhhhhhhhhhhhhhhhhhhhhhhhhhhhhhhhhhhhhhhhhhhhhhhhhhhhhhhhhhhhhhhhhhhhhhhhhhhhhhhhhhhhhhhhhhhhhhhhhhhhhhhhhhhhhhhhhhhhhhhhhhhhhhhhhhhhhhhhhhhhhhhhhhhhhhhhhhhhhhhhhhhhhhhhhhhhhhhhhhhhhhhhhhhhhhhhhhhhhhhhhhhhhhhhhhhhhhhhhhhhhhhhhhhhhhhhhhhhhhhhhhhhhhhhhhhhhh
product criterion:13549 chain criterion:29535
hilbert series criterion:792
dehomogenization
simplification
imap to ring (ZZ/179424673),(x18,x17,x16,x15,x14,x13,x12,x11,x10,x9,x8,x7,x6,x5,x4,x3,x2,x1),(lp(18),C)
Auf Wiedersehen.
                     SINGULAR                                 /  Development
 A Computer Algebra System for Polynomial Computations       /   version 4.3.2
                                                           0<
 by: W. Decker, G.-M. Greuel, G. Pfister, H. Schoenemann     \   Feb 2023
FB Mathematik der Universitaet, D-67653 Kaiserslautern        \  Debian 1:4.3.2-p10+ds-1.1build1
// ** loaded /usr/bin/../share/singular/LIB/primdec.lib (4.3.2.9,Oct_2023)
// ** loaded /usr/bin/../share/singular/LIB/ring.lib (4.3.1.3,Feb_2023)
// ** loaded /usr/bin/../share/singular/LIB/absfact.lib (4.1.2.0,Feb_2019)
// ** loaded /usr/bin/../share/singular/LIB/triang.lib (4.1.2.0,Feb_2019)
// ** loaded /usr/bin/../share/singular/LIB/matrix.lib (4.3.2.3,Aug_2023)
// ** loaded /usr/bin/../share/singular/LIB/nctools.lib (4.1.2.0,Feb_2019)
// ** loaded /usr/bin/../share/singular/LIB/inout.lib (4.1.2.0,Feb_2019)
// ** loaded /usr/bin/../share/singular/LIB/random.lib (4.1.2.0,Feb_2019)
// ** loaded /usr/bin/../share/singular/LIB/polylib.lib (4.2.0.0,Dec_2020)
// ** loaded /usr/bin/../share/singular/LIB/elim.lib (4.3.2.5,Jul_2023)
// ** loaded /usr/bin/../share/singular/LIB/general.lib (4.1.2.0,Feb_2019)
map with cache
map with cache
map with cache
map with cache
map with cache
map with cache
map with cache
map with cache
map with cache
map with cache
map with cache
map with cache
map with cache
map with cache
map with cache
map with cache
map with cache
std in (ZZ/179424673),(x18,x17,x16,x15,x14,x13,x12,x11,x10,x9,x8,x7,x6,x5,x4,x3,x2,x1),(dp(18),C)
[65535:6]1(17)s(16)s(15)s(14)s(13)s(12)s(11)s(10)s(9)s(8)s(7)s(6)s(5)s(4)s(3)s(2)ss2s
(S:17)-----------------
product criterion:153 chain criterion:0
[65535:5]1(17)s(16)s(15)s(14)s(13)s(12)s(11)s(10)s(9)s(8)s(7)s(6)s(5)s(4)s(3)s(2)ss2s
(S:17)-----------------
product criterion:153 chain criterion:0
map is a permutation
[65535:6]1(18)s(17)s(16)s(15)s(14)s(13)s(12)s(11)s(10)s(9)s(8)s(7)s(6)s(5)s(4)s(3)s(2)ss2s
(S:18)------------------
product criterion:171 chain criterion:0
[65535:5]1(17)s(16)s(15)s(14)s(13)s(12)s(11)s(10)s(9)s(8)s(7)s(6)s(5)s(4)s(3)s(2)ss2s
(S:17)-----------------
product criterion:153 chain criterion:0
{1}[65535:7]1(17)s(16)s(15)s(14)s(13)s(12)s(11)s(10)s(9)s(8)s(7)s(6)s(5)s(4)s(3)s(2)ss2s3(16)----------------
(S:18)-------------------
product criterion:0 chain criterion:0
(S:18)rrrrrrrrrrrrrrrrrr
[65535:5]1(17)s(16)s(15)s(14)s(13)s(12)s(11)s(10)s(9)s(8)s(7)s(6)s(5)s(4)s(3)s(2)ss2s
(S:17)-----------------
product criterion:153 chain criterion:0
map is a permutation
intersect by elimination method
[65535:7]1(18)s2(17)s(16)s(15)s(14)s(13)s(12)s(11)s(10)s(9)s(8)s(7)s(6)s(5)s(4)s(3)s(2)ss3s
(S:18)------------------
product criterion:171 chain criterion:0
map is a permutation
[65535:6]1(18)s(17)s(16)s(15)s(14)s(13)s(12)s(11)s(10)s(9)s(8)s(7)s(6)s(5)s(4)s(3)s(2)s2s.4
(S:0)
product criterion:153 chain criterion:0
map is a permutation
[65535:6]1(18)s(17)s(16)s(15)s(14)s(13)s(12)s(11)s(10)s(9)s(8)s(7)s(6)s(5)s(4)s(3)s(2)s2s.4
(S:0)
product criterion:153 chain criterion:0
map is a permutation
[65535:6]1(18)s(17)s(16)s(15)s(14)s(13)s(12)s(11)s(10)s(9)s(8)s(7)s(6)s(5)s(4)s(3)s(2)s2s.4
(S:0)
product criterion:153 chain criterion:0
map is a permutation
[65535:6]1(18)s(17)s(16)s(15)s(14)s(13)s(12)s(11)s(10)s(9)s(8)s(7)s(6)s(5)s(4)s(3)s(2)s2s.4
(S:0)
product criterion:153 chain criterion:0
map is a permutation
[65535:6]1(18)s(17)s(16)s(15)s(14)s(13)s(12)s(11)s(10)s(9)s(8)s(7)s(6)s(5)s(4)s(3)s(2)s2s.4
(S:0)
product criterion:153 chain criterion:0
map is a permutation
[65535:6]1(18)s(17)s(16)s(15)s(14)s(13)s(12)s(11)s(10)s(9)s(8)s(7)s(6)s(5)s(4)s(3)s(2)s2s.4
(S:0)
product criterion:153 chain criterion:0
map is a permutation
[65535:6]1(18)s(17)s(16)s(15)s(14)s(13)s(12)s(11)s(10)s(9)s(8)s(7)s(6)s(5)s(4)s(3)s(2)s2s.4
(S:0)
product criterion:153 chain criterion:0
map is a permutation
[65535:6]1(18)s(17)s(16)s(15)s(14)s(13)s(12)s(11)s(10)s(9)s(8)s(7)s(6)s(5)s(4)s(3)s(2)s2s.4
(S:0)
product criterion:153 chain criterion:0
map is a permutation
[65535:6]1(18)s(17)s(16)s(15)s(14)s(13)s(12)s(11)s(10)s(9)s(8)s(7)s(6)s(5)s(4)s(3)s(2)s2s.4
(S:0)
product criterion:153 chain criterion:0
map is a permutation
[65535:6]1(18)s(17)s(16)s(15)s(14)s(13)s(12)s(11)s(10)s(9)s(8)s(7)s(6)s(5)s(4)s(3)s(2)s2s.4
(S:0)
product criterion:153 chain criterion:0
map is a permutation
[65535:6]1(18)s(17)s(16)s(15)s(14)s(13)s(12)s(11)s(10)s(9)s(8)s(7)s(6)s(5)s(4)s(3)s(2)s2s.4
(S:0)
product criterion:153 chain criterion:0
map is a permutation
[65535:6]1(18)s(17)s(16)s(15)s(14)s(13)s(12)s(11)s(10)s(9)s(8)s(7)s(6)s(5)s(4)s(3)s(2)s2s.4
(S:0)
product criterion:153 chain criterion:0
map is a permutation
[65535:6]1(18)s(17)s(16)s(15)s(14)s(13)s(12)s(11)s(10)s(9)s(8)s(7)s(6)s(5)s(4)s(3)s(2)s2s.4
(S:0)
product criterion:153 chain criterion:0
map is a permutation
[65535:6]1(18)s(17)s(16)s(15)s(14)s(13)s(12)s(11)s(10)s(9)s(8)s(7)s(6)s(5)s(4)s(3)s(2)s2s.4
(S:0)
product criterion:153 chain criterion:0
map is a permutation
[65535:6]1(18)s(17)s(16)s(15)s(14)s(13)s(12)s(11)s(10)s(9)s(8)s(7)s(6)s(5)s(4)s(3)s(2)s2s.4
(S:0)
product criterion:153 chain criterion:0
map is a permutation
[65535:6]1(18)s(17)s(16)s(15)s(14)s(13)s(12)s(11)s(10)s(9)s(8)s(7)s(6)s(5)s(4)s(3)s(2)s2s.4
(S:0)
product criterion:153 chain criterion:0
map is a permutation
[65535:6]1(18)s(17)s(16)s(15)s(14)s(13)s(12)s(11)s(10)s(9)s(8)s(7)s(6)s(5)s(4)s(3)s(2)s2s.4
(S:0)
product criterion:153 chain criterion:0
map is a permutation
[65535:6]1(18)s(17)s(16)s(15)s(14)s(13)s(12)s(11)s(10)s(9)s(8)s(7)s(6)s(5)s(4)s(3)s(2)s2s3s
(S:0)
product criterion:171 chain criterion:0
[65535:5]1(17)s(16)s(15)s(14)s(13)s(12)s(11)s(10)s(9)s(8)s(7)s(6)s(5)s(4)s(3)s(2)ss2s
(S:17)-----------------
product criterion:153 chain criterion:0
// ** _ is no standard basis
Auf Wiedersehen.
                     SINGULAR                                 /  Development
 A Computer Algebra System for Polynomial Computations       /   version 4.3.2
                                                           0<
 by: W. Decker, G.-M. Greuel, G. Pfister, H. Schoenemann     \   Feb 2023
FB Mathematik der Universitaet, D-67653 Kaiserslautern        \  Debian 1:4.3.2-p10+ds-1.1build1
compute hilbert series with std in ring (ZZ/179424673),(x18,x17,x16,x15,x14,x13,x12,x11,x10,x9,x8,x7,x6,x5,x4,x3,x2,x1,@),(dp(19),C)
weights used for hilbert series: 1,1,1,1,1,1,1,1,1,1,1,1,1,1,1,1,1,1,1
[65535:5]1(17)s(16)s(15)s(14)s(13)s(12)s(11)s(10)s(9)s2(8)s(7)s3(6)ss(7)s(9)s(12)s(16)s4(21)-ss(24)s(27)s(30)s(34)s(38)s(41)s(47)s(53)s(58)s(64)s(68)s(73)s(79)s(81)s(84)s(88)s(91)s(95)s(99)s5(101)-(100)-------------------------------------------s(63)-----------------------------------------s(26)s(31)s(36)-s(40)-----s(42)---s(46)6----------------------------------------------
product criterion:444 chain criterion:377
std with hilb in (ZZ/179424673),(x18,x17,x16,x15,x14,x13,x12,x11,x10,x9,x8,x7,x6,x5,x4,x3,x2,x1,@),(lp(18),dp(1),C)
[65535:5]1(44)s(43)s(42)s(41)s(40)s(39)s(38)s(37)s(36)s2(35)s(34)s3(33)ss(34)s(36)s(39)s(43)s4(48)-ss(50)s(52)s(55)s(59)s(62)s(67)s(73)s(76)s(80)s(84)s(91)s(96)s(100)s(105)s(111)s(119)s(126)s(131)s(136)-----------------shhh5(122)----------------------(100)-s(101)-(100)s(102)--(100)---s----s(99)s(103)---(100)-s(104)s(107)-------(100)-s(103)---(100)----ss(106)s(110)-s(113)-----s(112)---s(115)-s(121)--s(126)-s(133)-s(137)-------s(133)---s(138)-s(144)--s(148)-s(151)-s(157)------s--shhhhhhhh6(151)---------------------------------------------------(100)--------------------------------------------------------s(50)-----ss(56)-s(61)-s(67)-----s(69)------s(70)------shhhhhhhhhhhh7(57)----------------------s(40)-----------------------------shhhhhhhhhhhhhhhhhh
product criterion:800 chain criterion:1542
hilbert series criterion:41
dehomogenization
simplification
imap to ring (ZZ/179424673),(x18,x17,x16,x15,x14,x13,x12,x11,x10,x9,x8,x7,x6,x5,x4,x3,x2,x1),(lp(18),C)
Auf Wiedersehen.
                     SINGULAR                                 /  Development
 A Computer Algebra System for Polynomial Computations       /   version 4.3.2
                                                           0<
 by: W. Decker, G.-M. Greuel, G. Pfister, H. Schoenemann     \   Feb 2023
FB Mathematik der Universitaet, D-67653 Kaiserslautern        \  Debian 1:4.3.2-p10+ds-1.1build1
// ** loaded /usr/bin/../share/singular/LIB/primdec.lib (4.3.2.9,Oct_2023)
// ** loaded /usr/bin/../share/singular/LIB/ring.lib (4.3.1.3,Feb_2023)
// ** loaded /usr/bin/../share/singular/LIB/absfact.lib (4.1.2.0,Feb_2019)
// ** loaded /usr/bin/../share/singular/LIB/triang.lib (4.1.2.0,Feb_2019)
// ** loaded /usr/bin/../share/singular/LIB/matrix.lib (4.3.2.3,Aug_2023)
// ** loaded /usr/bin/../share/singular/LIB/nctools.lib (4.1.2.0,Feb_2019)
// ** loaded /usr/bin/../share/singular/LIB/inout.lib (4.1.2.0,Feb_2019)
// ** loaded /usr/bin/../share/singular/LIB/random.lib (4.1.2.0,Feb_2019)
// ** loaded /usr/bin/../share/singular/LIB/polylib.lib (4.2.0.0,Dec_2020)
// ** loaded /usr/bin/../share/singular/LIB/elim.lib (4.3.2.5,Jul_2023)
// ** loaded /usr/bin/../share/singular/LIB/general.lib (4.1.2.0,Feb_2019)
[65535:5]1(17)s(16)s(15)s(14)s(13)s(12)s(11)s(10)s(9)s(8)s(7)s2(6)s3(5)s(4)s(3)s(2)ss4s
(S:17)-----------------
product criterion:153 chain criterion:0
// ** redefining j (int j = 2;)
rt
// ** redefining p (    poly p = reduce(kb[a]*kb[b], gb);)
rt
// ** redefining b (int b = 1;)
// ** redefining p (    poly p = reduce(kb[a]*kb[b], gb);)
rt
// ** redefining p (    poly p = reduce(kb[a]*kb[b], gb);)
rt
Auf Wiedersehen.

Set::write: Tag String in A[9] is Protected.

Set::setraw: Cannot assign to raw object 1.

Set::write: Tag Plus in -46177158 + 1148690 A[9] is Protected.

Set::write: Tag String in A[9] is Protected.

General::stop: Further output of Set::write will be suppressed during this calculation.

Set::setraw: Cannot assign to raw object 1.
  >> 1 region(s): expReg=2.541s  build=0.079s
  [sector total: 2.6270000000000002s]
#Non-triv Sectors = 1

