
      +++  sector:  {0, 1, 1, 1, 1, 0, 1, 0, 0}  (1/1)  +++ 
                     SINGULAR                                 /  Development
 A Computer Algebra System for Polynomial Computations       /   version 4.3.2
                                                           0<
 by: W. Decker, G.-M. Greuel, G. Pfister, H. Schoenemann     \   Feb 2023
FB Mathematik der Universitaet, D-67653 Kaiserslautern        \  Debian 1:4.3.2-p10+ds-1.1build1
compute hilbert series with std in ring (ZZ/179424673),(x18,x17,x16,x15,x14,x13,x12,x11,x10,x9,x8,x7,x6,x5,x4,x3,x2,x1,@),(dp(19),C)
weights used for hilbert series: 1,1,1,1,1,1,1,1,1,1,1,1,1,1,1,1,1,1,1
[65535:5]2(18)s(17)s(16)s(15)s(14)s(13)s(12)s(11)s(10)s(9)s(10)s(12)s(15)s(16)s(20)s(22)s(24)s(27)s(32)s3(33)s(36)s(40)s(45)s(52)s(58)s(64)s(73)s(77)s(84)s(92)s(99)s(109)-s(118)s(124)s(126)s(132)s(139)s(146)s(153)s(160)s(171)s(177)s(183)s(189)s(196)s(209)s(222)s(233)s(239)s(246)s(255)s(262)s4(267)s(276)s(284)s(293)s(301)s(311)s(321)s(332)-s(341)-------s(343)s(353)s(364)-----s(371)------s(375)----s(382)--------s(385)s(395)s(406)--s(411)s(419)s(426)-s(439)s(449)s(460)s(473)--s(481)s(489)s(495)----s(501)s(511)-s(519)s(530)----s(537)s(547)s(558)s(568)---s(574)-s(584)-s(596)-s(610)s(620)s(629)---s(637)s(650)-s(663)s(674)--s(685)s(696)--s(705)---s(715)--s(726)----------s(727)s(738)--------s(741)---------s(742)----s(750)s(763)-s(774)--s(784)-s(796)-s(810)-s(819)s(833)s(847)-s(862)--------------s(857)-s(870)s(877)----------------------s(865)s(873)-----------------5-s(868)-------s(875)----------------------s(867)-----------------------s(859)-------------------------------s(844)--------------------------------s(825)-------s(831)s(845)-s(858)-----s(868)--------------s(870)------s(881)--------------s----------------------------------------------------------------s(831)----------s(836)---s(848)------------------------------------------------(800)----------------------------------------------------------------------s(746)----------------------------------------------(700)----------------------------s(683)s(695)-s(706)s(720)s(733)s(745)s(756)s(767)-s(779)----------------s(772)s(782)-s(793)s(804)-s(816)s(825)-s(835)s(845)-------------s(842)--s(851)s(863)s(873)s(882)-s(893)----------s(896)-------------ss(909)---------(900)----------------s(894)-s(905)---s(912)------------(900)----s(906)------(900)---------s(904)----(900)---------s(901)-(900)---s(908)s(920)--s(928)----s(935)s(947)-s(960)s(972)s(984)--s(994)-----s(1001)-(1000)s(1015)------s(1020)s(1032)--------s(1035)-s(1047)---------------s(1043)s(1055)-----------------s(1049)---s(1057)--s(1066)---s(1074)s(1086)---------------s(1083)-------------------s(1076)----s(1084)----s(1092)------------s--s(1100)-------------------------s(1087)--------6-------------------------------------------------------------------------------(1000)-----------------------------------------------------s(962)----------------------------------------------------s(925)--s(937)----------------s(935)----------------------s(928)------------s(931)-------------------------------(900)--------------------------s(889)--------------------s(884)-------------s(886)----------s(891)-------------------------------------------------------------------------------------------(800)----------------------------------------s(772)---s(781)------s(788)---s(799)-----s(807)---s(816)--------s(821)---------------------(800)-------------------------s(787)-----------------------s(777)----------s(779)----------------------s(771)s(782)------------------------------------s(758)s(771)-s(783)----s(792)-------------ss(804)s(816)------------s(815)--s(824)s(838)-s(850)----------s(855)-------s(861)--s(871)--------------------------s(855)s(866)s(879)--------------s(878)s(892)s(904)----(900)------------------s(895)-----------------------------------------------------------------------------s(831)-------------------------------(800)------------------------------s(783)-------s(786)--------s(790)---------s(795)s(809)---------(800)----------------s(797)s(811)s(825)---------------s(823)s(837)s(850)--------------------------------------------------(800)----------------7------------------------------------------------------------------------------------(700)----------------------------------------------------------------------------------------------------(600)----------------------------------------------------------------------------------------------------(500)------------------------s(488)------s(495)---------s(499)-s(512)s(524)--s(536)------------------------------------(500)----s(509)-----s(518)------------------(500)-----------------------------------------------------------s(454)-------s(460)----------------------------------------------------------s(417)-----------------(400)----------------------------------------------s(367)-----------------------------------------------------s(328)--------------s(327)---------------------------(300)---------------------------------------------------------------------s(245)-------------s(247)------s(256)----8----------------------------------------------------(200)-------------------------------------------------------------------------------s(134)---------------s(132)---------------------------s(119)-------------------(100)---s(111)-----------(100)----------s(104)----(100)---------------------------9-------------------------------------------------------------------------
product criterion:8384 chain criterion:26326
std with hilb in (ZZ/179424673),(x18,x17,x16,x15,x14,x13,x12,x11,x10,x9,x8,x7,x6,x5,x4,x3,x2,x1,@),(lp(18),dp(1),C)
[65535:5]2(275)s(274)s(273)s(272)s(271)s(270)s(269)s(268)s(267)s(266)s(267)s(268)s(270)s(272)s(274)s(275)s(279)s(284)s(289)s3(291)s(296)s(298)s(303)s(308)s(313)s(319)s(325)s(330)s(333)s(341)s(347)s(354)s(362)s(369)s(375)s(382)s(387)s(394)s(400)s(410)s(419)s(426)s(436)s(444)s(451)s(460)s(469)-s(476)s(482)s(490)s(495)s(504)s(511)shhhhhhhhhhhhhhhhhhhhhhhhhhhhhhhhh4(485)-s(493)s(503)s(512)s(522)s(530)s(541)s(552)s(566)s(576)s(586)s(595)s(606)s(617)s(627)s(636)s(648)s(658)s(669)s(680)-s(683)-s(692)s(698)-s(707)s(717)s(728)s(740)s(751)s(765)s(776)s(785)-s(794)s(806)-s(815)s(824)-s(835)--s(843)s(855)-s(866)-s(875)s(886)s(897)s(903)--s(911)---s(921)s(929)s(940)-----s(946)-s(954)s(965)s(978)-s(989)---s(1000)-s(1011)---s(1020)--s(1029)-s(1034)---s(1038)---------s(1037)---s(1044)s(1056)---s(1063)-s(1077)-s(1089)-s(1099)--s(1113)--s(1123)s(1135)-----s(1142)-----------s(1140)----s(1144)s(1157)----s(1170)-s(1177)-s(1185)---s(1196)s(1210)s(1226)--------------------------(1200)--s(1208)s(1222)-------------------s(1212)--s(1222)----------------------(1200)shhhhhhhhhhhhhhhhhhhhhhhhhhhhhhhhhhhhhhhhhhhhhhhhhhhhhhhhhhhhhhhhhhhhhhhhhhh5(1135)s(1148)s(1162)-s(1175)s(1190)----s(1196)--------------s(1194)---s(1205)s(1220)s(1236)s(1248)-s(1259)s(1272)--s(1283)s(1297)-s(1313)----s(1323)--------------------s(1315)--------s(1319)s(1332)-s(1347)s(1357)s(1369)-------s(1376)----s(1385)-s(1399)-s(1412)----------s(1414)--------------(1400)----s(1408)s(1421)----s(1429)-----------------------------(1400)-----s(1405)s(1415)s(1425)----------------s(1419)-----s(1424)s(1434)s(1445)-----s(1450)------s(1455)------------s(1453)--s(1462)-s(1472)s(1483)-s(1495)--s(1502)--(1500)s(1514)s(1526)-s(1535)s(1546)--s(1555)--------s(1563)s(1575)-----s(1582)s(1595)--------------------------s(1581)----s(1590)----------------s(1586)s(1599)-s(1612)------------(1600)--------s(1602)--(1600)---s(1609)-s(1620)--s(1629)---------s(1633)-------------------s(1625)-s(1636)s(1647)-------s(1650)-------------------------s(1638)-s(1648)s(1663)---s(1671)------------ss(1682)--s(1690)--s(1700)s(1711)-----------(1700)-------s(1705)-----(1700)--------------s(1699)---------------s(1700)------------------s(1694)----------s(1695)--------------------s(1689)s(1704)---s(1716)--s(1725)--------s(1729)-------------------------s(1713)-------------(1700)----------s(1704)----(1700)-------s(1706)------(1700)-----s(1705)-----(1700)-------------------s(1690)----------------s(1688)-s(1697)-------s(1700)s(1711)-----------(1700)s(1713)---------s-------------(1700)-------------------s(1692)--------------s(1690)---------------------------------s(1671)s(1685)-----------------------------s(1667)---s(1675)-----------------------------------s(1650)-s(1660)-----------------s(1658)-s(1672)------------------------------------------shhhhhhhhhhhhhhhhhhhhhhhhhhhhhhhhhhhhhhhhhhhhhhhhhhhhhhhhhhhhhhhhhhhhhhhhhhhhhhhhhhhhhhhhhh6(1553)-----------------------------------s(1533)-----------------s(1528)-----s(1535)-s(1546)s(1559)---s(1569)-s(1580)s(1592)s(1604)s(1617)s(1630)-s(1642)-------------s(1643)---s(1655)------------s(1658)----------s(1661)----s(1670)s(1683)-s(1695)------s(1704)----(1700)--------------------------------s(1681)s(1694)--s(1705)---s(1716)s(1731)--------------s(1729)----s(1740)-------------------------------s(1724)------------------------(1700)-------s(1705)s(1718)s(1731)s(1744)---------s(1748)-s(1761)-------------------------s(1748)s(1761)-s(1772)-------------s(1773)---s(1783)--s(1794)--------------------------s(1780)---------s(1783)--------------s(1782)-------------------------------------------------s(1746)------------------------------s(1729)-----------------s(1724)---s(1732)-------------------s(1725)-------------------------(1700)--------------------------s(1687)------------------------------s(1671)---------s(1674)---s(1684)-----------------------------s(1665)-------------------------------s(1646)---s(1655)---------s(1657)------------------------------s(1638)--------------------------------------(1600)--------------------------------------------------------------------------------------s(1526)--------------------------(1500)----------s(1505)-----(1500)---------s(1503)---(1500)--s(1509)-s(1520)--------------------(1500)--------------------------------------------s(1469)-----------------------s(1457)------------------s(1452)-----s(1459)----------s-----s(1467)---s(1475)------------s(1477)------------------------------------------------------s(1434)----------------------------s(1417)-----------------(1400)------------------------s(1389)---------------------------------------------s(1356)--------------------------------------------------------(1300)--------------------------s(1285)---s(1294)----------------------------------------------------------------------------------------------(1200)-------------------------------------------------------shhhhhhhhhhhhhhhhhhhhhhhhhhhhhhhhhhhhhhhhhhhhhhhhhhhhhhhhhhhhhhhhhhhhhhhhhhh7(1082)---------------------s(1073)----s(1082)s(1095)s(1108)s(1121)---------------------(1100)---------s(1105)-s(1118)------------------(1100)--------------------------------s(1081)--s(1093)-s(1104)s(1117)-------------s(1119)-------------------(1100)-------------------------------------------------------------s(1054)-s(1065)--s(1076)----------s(1080)--------------------------------------------------------------------------------(1000)----------------------------------------------------------------------------------------------------(900)--------------------------------------------------------s(855)-------------------------------------------------------(800)----------------------------------------------------------------------------------------------------(700)----------------------------------------------------------------------------------------------------(600)-----------------------shhhhhhhhhhhhhhhhhhhhhhhhhhhhhhhhhhhhhhhhhhhhhhhhhhhhhhhhhhhhhhhhhhhhhhhhhhhhhhhhhhhhhhhhhhhhhhhhhhhhhhhhhhhhhhhhhhhhhhhhhhhhhhhhhhhhhhhhhhhhhhhhhhhhhhhhhhhhhhhhhhhhhhhhhhhhhhhhhhhhhhhhhhhhhhhhhhhhhhhhhhhhhhhhhhhhhhhhhhhhhhhhhhhhhhhhhhhhhhhhhhhhhhhhhhhhhhhhhhhhhhhhhhhhhhhhhhhhhhhhhhhhhhhhhhhhhhhhhhhhhhhhhhhhhhhhhhhhhhhhhhhhhhhhhh8(259)----------------s(256)---s(267)-----------------------------------------shhhhhhhhhhhhhhhhhhhhhhhhhhhhhhhhhhhhhhhhhhhhhhhhhhhhhhhhhhhhhhhhhhhhhhhhhhhhhhhhhhhhhhhhhhhhhhhhhhhhhhhhhhhhhhhhhhhhhhhhhhhhhhhhhhhhhhhhhhhhhhhhhhhhhhhhhhhhhhhhhhhhhhhhhhhhhhhhhhhhhhhhhhhhhhhhhhhhhhhhhhhhhhhhhhhhhhhhhhhhhhhhhhhhhhhhhhhhhhhhh
product criterion:13910 chain criterion:40350
hilbert series criterion:844
dehomogenization
simplification
imap to ring (ZZ/179424673),(x18,x17,x16,x15,x14,x13,x12,x11,x10,x9,x8,x7,x6,x5,x4,x3,x2,x1),(lp(18),C)
Auf Wiedersehen.
                     SINGULAR                                 /  Development
 A Computer Algebra System for Polynomial Computations       /   version 4.3.2
                                                           0<
 by: W. Decker, G.-M. Greuel, G. Pfister, H. Schoenemann     \   Feb 2023
FB Mathematik der Universitaet, D-67653 Kaiserslautern        \  Debian 1:4.3.2-p10+ds-1.1build1
// ** loaded /usr/bin/../share/singular/LIB/primdec.lib (4.3.2.9,Oct_2023)
// ** loaded /usr/bin/../share/singular/LIB/ring.lib (4.3.1.3,Feb_2023)
// ** loaded /usr/bin/../share/singular/LIB/absfact.lib (4.1.2.0,Feb_2019)
// ** loaded /usr/bin/../share/singular/LIB/triang.lib (4.1.2.0,Feb_2019)
// ** loaded /usr/bin/../share/singular/LIB/matrix.lib (4.3.2.3,Aug_2023)
// ** loaded /usr/bin/../share/singular/LIB/nctools.lib (4.1.2.0,Feb_2019)
// ** loaded /usr/bin/../share/singular/LIB/inout.lib (4.1.2.0,Feb_2019)
// ** loaded /usr/bin/../share/singular/LIB/random.lib (4.1.2.0,Feb_2019)
// ** loaded /usr/bin/../share/singular/LIB/polylib.lib (4.2.0.0,Dec_2020)
// ** loaded /usr/bin/../share/singular/LIB/elim.lib (4.3.2.5,Jul_2023)
// ** loaded /usr/bin/../share/singular/LIB/general.lib (4.1.2.0,Feb_2019)
map with cache
map with cache
map with cache
map with cache
map with cache
map with cache
map with cache
map with cache
map with cache
map with cache
map with cache
map with cache
map with cache
map with cache
map with cache
map with cache
map with cache
map with cache
std in (ZZ/179424673),(x18,x17,x16,x15,x14,x13,x12,x11,x10,x9,x8,x7,x6,x5,x4,x3,x2,x1),(dp(18),C)
[65535:5]1(17)s(16)s(15)s(14)s(13)s(12)s(11)s(10)s(9)s(8)s(7)s(6)s(5)s(4)s(3)s(2)sss
(S:17)-----------------
product criterion:153 chain criterion:0
[65535:5]1(17)s(16)s(15)s(14)s(13)s(12)s(11)s(10)s(9)s(8)s(7)s(6)s(5)s(4)s(3)s(2)sss
(S:17)-----------------
product criterion:153 chain criterion:0
map is a permutation
[65535:6]1(18)s(17)s(16)s(15)s(14)s(13)s(12)s(11)s(10)s(9)s(8)s(7)s(6)s(5)s(4)s(3)s(2)sss
(S:18)------------------
product criterion:171 chain criterion:0
[65535:5]1(17)s(16)s(15)s(14)s(13)s(12)s(11)s(10)s(9)s(8)s(7)s(6)s(5)s(4)s(3)s(2)sss
(S:17)-----------------
product criterion:153 chain criterion:0
{1}[65535:7]1(17)s(16)s(15)s(14)s(13)s(12)s(11)s(10)s(9)s(8)s(7)s(6)s(5)s(4)s(3)s(2)sss
(S:18)-------------------
product criterion:0 chain criterion:0
(S:18)rrrrrrrrrrrrrrrrrr
[65535:5]1(17)s(16)s(15)s(14)s(13)s(12)s(11)s(10)s(9)s(8)s(7)s(6)s(5)s(4)s(3)s(2)sss
(S:17)-----------------
product criterion:153 chain criterion:0
intersect by elimination method
[65535:7]1(18)s2(17)s(16)s(15)s(14)s(13)s(12)s(11)s(10)s(9)s(8)s(7)s(6)s(5)s(4)s(3)s(2)sss
(S:18)------------------
product criterion:171 chain criterion:0
map is a permutation
[65535:6]1(18)s(17)s(16)s(15)s(14)s(13)s(12)s(11)s(10)s(9)s(8)s(7)s(6)s(5)s(4)s(3)s(2)ss2s
(S:0)
product criterion:171 chain criterion:0
map is a permutation
[65535:6]1(18)s(17)s(16)s(15)s(14)s(13)s(12)s(11)s(10)s(9)s(8)s(7)s(6)s(5)s(4)s(3)s(2)ss2s
(S:0)
product criterion:171 chain criterion:0
map is a permutation
[65535:6]1(18)s(17)s(16)s(15)s(14)s(13)s(12)s(11)s(10)s(9)s(8)s(7)s(6)s(5)s(4)s(3)s(2)ss2s
(S:0)
product criterion:171 chain criterion:0
map is a permutation
[65535:6]1(18)s(17)s(16)s(15)s(14)s(13)s(12)s(11)s(10)s(9)s(8)s(7)s(6)s(5)s(4)s(3)s(2)ss2s
(S:0)
product criterion:171 chain criterion:0
map is a permutation
[65535:6]1(18)s(17)s(16)s(15)s(14)s(13)s(12)s(11)s(10)s(9)s(8)s(7)s(6)s(5)s(4)s(3)s(2)ss2s
(S:0)
product criterion:171 chain criterion:0
map is a permutation
[65535:6]1(18)s(17)s(16)s(15)s(14)s(13)s(12)s(11)s(10)s(9)s(8)s(7)s(6)s(5)s(4)s(3)s(2)ss2s
(S:0)
product criterion:171 chain criterion:0
map is a permutation
[65535:6]1(18)s(17)s(16)s(15)s(14)s(13)s(12)s(11)s(10)s(9)s(8)s(7)s(6)s(5)s(4)s(3)s(2)ss2s
(S:0)
product criterion:171 chain criterion:0
map is a permutation
[65535:6]1(18)s(17)s(16)s(15)s(14)s(13)s(12)s(11)s(10)s(9)s(8)s(7)s(6)s(5)s(4)s(3)s(2)ss2s
(S:0)
product criterion:171 chain criterion:0
map is a permutation
[65535:6]1(18)s(17)s(16)s(15)s(14)s(13)s(12)s(11)s(10)s(9)s(8)s(7)s(6)s(5)s(4)s(3)s(2)ss2s
(S:0)
product criterion:171 chain criterion:0
map is a permutation
[65535:6]1(18)s(17)s(16)s(15)s(14)s(13)s(12)s(11)s(10)s(9)s(8)s(7)s(6)s(5)s(4)s(3)s(2)ss2s
(S:0)
product criterion:171 chain criterion:0
map is a permutation
[65535:6]1(18)s(17)s(16)s(15)s(14)s(13)s(12)s(11)s(10)s(9)s(8)s(7)s(6)s(5)s(4)s(3)s(2)ss2s
(S:0)
product criterion:171 chain criterion:0
map is a permutation
[65535:6]1(18)s(17)s(16)s(15)s(14)s(13)s(12)s(11)s(10)s(9)s(8)s(7)s(6)s(5)s(4)s(3)s(2)ss2s
(S:0)
product criterion:171 chain criterion:0
map is a permutation
[65535:6]1(18)s(17)s(16)s(15)s(14)s(13)s(12)s(11)s(10)s(9)s(8)s(7)s(6)s(5)s(4)s(3)s(2)ss2s
(S:0)
product criterion:171 chain criterion:0
map is a permutation
[65535:6]1(18)s(17)s(16)s(15)s(14)s(13)s(12)s(11)s(10)s(9)s(8)s(7)s(6)s(5)s(4)s(3)s(2)ss2s
(S:0)
product criterion:171 chain criterion:0
map is a permutation
[65535:6]1(18)s(17)s(16)s(15)s(14)s(13)s(12)s(11)s(10)s(9)s(8)s(7)s(6)s(5)s(4)s(3)s(2)ss2s
(S:0)
product criterion:171 chain criterion:0
map is a permutation
[65535:6]1(18)s(17)s(16)s(15)s(14)s(13)s(12)s(11)s(10)s(9)s(8)s(7)s(6)s(5)s(4)s(3)s(2)ss2s
(S:0)
product criterion:171 chain criterion:0
map is a permutation
[65535:6]1(18)s(17)s(16)s(15)s(14)s(13)s(12)s(11)s(10)s(9)s(8)s(7)s(6)s(5)s(4)s(3)s(2)ss2s
(S:0)
product criterion:171 chain criterion:0
map is a permutation
[65535:6]1(18)s(17)s(16)s(15)s(14)s(13)s(12)s(11)s(10)s(9)s(8)s(7)s(6)s(5)s(4)s(3)s(2)ss2s
(S:0)
product criterion:171 chain criterion:0
[65535:5]1(17)s(16)s(15)s(14)s(13)s(12)s(11)s(10)s(9)s(8)s(7)s(6)s(5)s(4)s(3)s(2)sss
(S:17)-----------------
product criterion:153 chain criterion:0
// ** _ is no standard basis
Auf Wiedersehen.
                     SINGULAR                                 /  Development
 A Computer Algebra System for Polynomial Computations       /   version 4.3.2
                                                           0<
 by: W. Decker, G.-M. Greuel, G. Pfister, H. Schoenemann     \   Feb 2023
FB Mathematik der Universitaet, D-67653 Kaiserslautern        \  Debian 1:4.3.2-p10+ds-1.1build1
compute hilbert series with std in ring (ZZ/179424673),(x18,x17,x16,x15,x14,x13,x12,x11,x10,x9,x8,x7,x6,x5,x4,x3,x2,x1,@),(dp(19),C)
weights used for hilbert series: 1,1,1,1,1,1,1,1,1,1,1,1,1,1,1,1,1,1,1
[65535:5]1(17)s(16)s(15)s(14)s(13)s(12)s(11)s(10)s(9)s(8)s(7)s(6)s2(5)s(4)s3-ss(6)s(9)s4(13)-------------
product criterion:138 chain criterion:0
std with hilb in (ZZ/179424673),(x18,x17,x16,x15,x14,x13,x12,x11,x10,x9,x8,x7,x6,x5,x4,x3,x2,x1,@),(lp(18),dp(1),C)
[65535:5]1(17)s(16)s(15)s(14)s(13)s(12)s(11)s(10)s(9)s(8)s(7)s(6)s2(5)s(4)s3-ss(6)s(9)shhhhhhhhhhhhhh
product criterion:138 chain criterion:0
hilbert series criterion:14
dehomogenization
simplification
imap to ring (ZZ/179424673),(x18,x17,x16,x15,x14,x13,x12,x11,x10,x9,x8,x7,x6,x5,x4,x3,x2,x1),(lp(18),C)
Auf Wiedersehen.
                     SINGULAR                                 /  Development
 A Computer Algebra System for Polynomial Computations       /   version 4.3.2
                                                           0<
 by: W. Decker, G.-M. Greuel, G. Pfister, H. Schoenemann     \   Feb 2023
FB Mathematik der Universitaet, D-67653 Kaiserslautern        \  Debian 1:4.3.2-p10+ds-1.1build1
// ** loaded /usr/bin/../share/singular/LIB/primdec.lib (4.3.2.9,Oct_2023)
// ** loaded /usr/bin/../share/singular/LIB/ring.lib (4.3.1.3,Feb_2023)
// ** loaded /usr/bin/../share/singular/LIB/absfact.lib (4.1.2.0,Feb_2019)
// ** loaded /usr/bin/../share/singular/LIB/triang.lib (4.1.2.0,Feb_2019)
// ** loaded /usr/bin/../share/singular/LIB/matrix.lib (4.3.2.3,Aug_2023)
// ** loaded /usr/bin/../share/singular/LIB/nctools.lib (4.1.2.0,Feb_2019)
// ** loaded /usr/bin/../share/singular/LIB/inout.lib (4.1.2.0,Feb_2019)
// ** loaded /usr/bin/../share/singular/LIB/random.lib (4.1.2.0,Feb_2019)
// ** loaded /usr/bin/../share/singular/LIB/polylib.lib (4.2.0.0,Dec_2020)
// ** loaded /usr/bin/../share/singular/LIB/elim.lib (4.3.2.5,Jul_2023)
// ** loaded /usr/bin/../share/singular/LIB/general.lib (4.1.2.0,Feb_2019)
[65535:5]1(17)s(16)s(15)s(14)s(13)s(12)s(11)s(10)s(9)s(8)s(7)s(6)s(5)s(4)s(3)s(2)sss
(S:17)-----------------
product criterion:153 chain criterion:0
// ** redefining j (int j = 2;)
rt
Auf Wiedersehen.

Set::setraw: Cannot assign to raw object 1.

Set::setraw: Cannot assign to raw object 1.
  >> 1 region(s): expReg=2.63s  build=0.05s
  [sector total: 2.689s]
#Non-triv Sectors = 1

