
      +++  sector:  {1, 1, 0, 1, 0, 0, 0, 0, 0}  (1/1)  +++ 
                     SINGULAR                                 /  Development
 A Computer Algebra System for Polynomial Computations       /   version 4.3.2
                                                           0<
 by: W. Decker, G.-M. Greuel, G. Pfister, H. Schoenemann     \   Feb 2023
FB Mathematik der Universitaet, D-67653 Kaiserslautern        \  Debian 1:4.3.2-p10+ds-1.1build1
compute hilbert series with std in ring (ZZ/179424673),(x18,x17,x16,x15,x14,x13,x12,x11,x10,x9,x8,x7,x6,x5,x4,x3,x2,x1,@),(dp(19),C)
weights used for hilbert series: 1,1,1,1,1,1,1,1,1,1,1,1,1,1,1,1,1,1,1
[65535:5]2(18)s(17)s(16)s(15)s(14)s(13)s(12)s(11)s(10)s(9)s(10)s(12)s(11)s(14)s(18)s(19)s(20)s(22)s(26)s3(31)----s(30)--s(33)s(35)s(38)s(44)s(49)s(59)--------s(56)---s(58)-s(62)---4-------------------s(53)--s-s(59)-------s(60)s(67)----------------------5-------------s(37)-----------------------------6--------
product criterion:358 chain criterion:60
std with hilb in (ZZ/179424673),(x18,x17,x16,x15,x14,x13,x12,x11,x10,x9,x8,x7,x6,x5,x4,x3,x2,x1,@),(lp(18),dp(1),C)
[65535:5]2(34)s(33)s(32)s(31)s(30)ss(29)ss(30)s(31)s(32)s(35)s(34)s(33)ss(37)ss(38)s(41)s3(44)-s(48)-s(52)s(59)s(66)-s(76)--------s(75)-shhhhhhhhhhhhhhhhhhhh4(62)-------s(64)-----s(72)-s(84)-------------shhhhhhhhhhhhhhhhhhhhhh5(57)-----------s(59)-----------------shhhhhhhhhhhhhhhhhhhhhhhhhhhhhhhhhhhhhhhhhhhhhhhhhhhh
product criterion:290 chain criterion:49
hilbert series criterion:94
dehomogenization
simplification
imap to ring (ZZ/179424673),(x18,x17,x16,x15,x14,x13,x12,x11,x10,x9,x8,x7,x6,x5,x4,x3,x2,x1),(lp(18),C)
Auf Wiedersehen.
  >> 0 regions (all trivial): expReg=0.75s
  [sector total: 0.76s]
#Non-triv Sectors = 0

