
      +++  sector:  {1, 0, 1, 1, 0, 0, 1, 0, 0}  (1/1)  +++ 
                     SINGULAR                                 /  Development
 A Computer Algebra System for Polynomial Computations       /   version 4.3.2
                                                           0<
 by: W. Decker, G.-M. Greuel, G. Pfister, H. Schoenemann     \   Feb 2023
FB Mathematik der Universitaet, D-67653 Kaiserslautern        \  Debian 1:4.3.2-p10+ds-1.1build1
compute hilbert series with std in ring (ZZ/179424673),(x18,x17,x16,x15,x14,x13,x12,x11,x10,x9,x8,x7,x6,x5,x4,x3,x2,x1,@),(dp(19),C)
weights used for hilbert series: 1,1,1,1,1,1,1,1,1,1,1,1,1,1,1,1,1,1,1
[65535:5]2(18)s(17)s(16)s(15)s(14)s(13)s(12)s(11)s(10)s(9)s(10)s(12)s(15)s(16)s(21)s(22)s(23)s(26)s(29)s3(35)s(39)s(40)s(44)s(50)s(56)s(61)s(69)s(75)s(79)s(86)s(93)s(101)s(108)s(116)s(125)s(135)-s(144)s(149)s(156)s(161)s(167)s(174)s(182)s(189)s(198)s(209)s(213)s(221)s(226)s(234)s(238)-s(244)s(254)4-s(263)s(274)s(286)-------s(292)--s(304)s(319)s(330)-----------s(331)--------------s(333)---------------------------------(300)-----------s(299)-----s(305)-s(315)------s(320)s(328)----------------s(323)s(333)-s(340)-----s(345)s(356)s(364)s(376)----s(381)-s(391)-s(402)s(415)----s(418)s(432)--s(438)s(450)----s(458)-------s(463)s(473)---s(479)----s(485)-s(494)-------------------------------------------------------5---------------------------------------(400)------------------------------------------------------------------------------------------s(323)---s(334)-s(348)s(364)s(381)s(395)--------------------------s(384)------------------------------------s(363)---------------------------------------------------s(323)s(333)-------s(338)-s(353)s(366)------------------------------------------s(333)-------s(341)-------s(344)s(358)--------s(363)-------s(365)-s(376)-------s(379)---------------------------s(365)s(376)------s(382)------------------s(375)---------------6------------------------------------------------------------(300)----------------------------------------------------------------------------------------------------(200)---------------------------------------------------s(160)------s(165)------------------s(159)--------------------s(151)--s(160)------------------------------------s(136)--s(146)-------s(151)-----------------------------------------7----------(100)------s(107)-------(100)-----------s(101)-(100)---------------------------------------------------------------------8-------------------------------
product criterion:2775 chain criterion:3424
std with hilb in (ZZ/179424673),(x18,x17,x16,x15,x14,x13,x12,x11,x10,x9,x8,x7,x6,x5,x4,x3,x2,x1,@),(lp(18),dp(1),C)
[65535:5]2(121)s(120)s(119)s(118)s(117)s(116)sssss(115)s(114)s(116)s(118)s(121)s(123)s(125)s(129)s(134)s3(137)s(140)s(145)s(151)s(156)s(164)s(167)s(175)s(180)s(188)s(196)-s(202)s(208)s(212)s(217)s(226)s(233)s(241)s(248)s(255)s(262)s(270)s(278)s(287)s(292)s(301)s(311)s(319)s(324)s(333)s(338)-s(347)shhhhhhhhhhhhhhhhhhhhhhhhhhhhhhhhhh4(323)s(333)s(344)s(356)-s(365)--s(374)---s(383)s(396)s(405)-s(413)s(422)---s(430)s(439)s(450)----s(459)s(471)s(481)-s(493)s(501)s(509)----s(513)-s(526)-s(534)-----s(537)s(552)-s(562)-s(570)-s(580)s(590)s(602)s(612)---s(623)--s(630)---------s----s(642)----------------s(636)---s(643)-------------------------------------------(600)---------------------------------------------------------------s(547)---------shhhhhhhhhhhhhhhhhhhhhhhhhhhhhhhhhhhhhhhhhhhhhhhhh5(500)----------------s(494)---------s(498)s(512)-s(525)-s(539)s(555)---s(567)-----------------s(561)s(576)--s(591)--s(601)-(600)s(616)--------s(621)----------------s(615)s(625)------s(630)--------s(635)-------------------s(630)s(642)s(653)s(668)--------------------------------------------------------------------(600)------------------------------------------s(568)s(578)-s(588)------s(594)----------------------------------------------------------------------------------------------(500)----------------------------s(483)------s(487)----------------------------s(469)---------------s(464)-shhhhhhhhhhhhhhhhhhhhhhhhhhhhhhhhhhhhhhhhhhhhhhhhhhhhh6(420)--------------------(400)--------------------------------------------------------s(356)----------------------------------------s(328)s(340)s(352)---s(361)-------------------------------s(342)s(353)s(364)----------------------------------------------------------------(300)-----------------------------------------------------------------------------------------------shhhhhhhhhhhhhhhhhhhhhhhhhhhhhhhhhhhhhhhhhhhhhhhhhhhhhhhhhhhhhhhhhhhhhhhhhhhhhhhhhhhhhhhhhhhhh7(125)s(138)----s(146)----------------------------------------------(100)----------------------------------------------------------shhhhhhhhhhhhhhhhhhhhhhhhhhhhhhhhhhhhhhhhhhhhhhhhhhhhhhh
product criterion:3116 chain criterion:4108
hilbert series criterion:284
dehomogenization
simplification
imap to ring (ZZ/179424673),(x18,x17,x16,x15,x14,x13,x12,x11,x10,x9,x8,x7,x6,x5,x4,x3,x2,x1),(lp(18),C)
Auf Wiedersehen.
                     SINGULAR                                 /  Development
 A Computer Algebra System for Polynomial Computations       /   version 4.3.2
                                                           0<
 by: W. Decker, G.-M. Greuel, G. Pfister, H. Schoenemann     \   Feb 2023
FB Mathematik der Universitaet, D-67653 Kaiserslautern        \  Debian 1:4.3.2-p10+ds-1.1build1
// ** loaded /usr/bin/../share/singular/LIB/primdec.lib (4.3.2.9,Oct_2023)
// ** loaded /usr/bin/../share/singular/LIB/ring.lib (4.3.1.3,Feb_2023)
// ** loaded /usr/bin/../share/singular/LIB/absfact.lib (4.1.2.0,Feb_2019)
// ** loaded /usr/bin/../share/singular/LIB/triang.lib (4.1.2.0,Feb_2019)
// ** loaded /usr/bin/../share/singular/LIB/matrix.lib (4.3.2.3,Aug_2023)
// ** loaded /usr/bin/../share/singular/LIB/nctools.lib (4.1.2.0,Feb_2019)
// ** loaded /usr/bin/../share/singular/LIB/inout.lib (4.1.2.0,Feb_2019)
// ** loaded /usr/bin/../share/singular/LIB/random.lib (4.1.2.0,Feb_2019)
// ** loaded /usr/bin/../share/singular/LIB/polylib.lib (4.2.0.0,Dec_2020)
// ** loaded /usr/bin/../share/singular/LIB/elim.lib (4.3.2.5,Jul_2023)
// ** loaded /usr/bin/../share/singular/LIB/general.lib (4.1.2.0,Feb_2019)
map with cache
map with cache
map with cache
map with cache
map with cache
map with cache
map with cache
map with cache
map with cache
map with cache
map with cache
map with cache
map with cache
map with cache
map with cache
map with cache
map with cache
map with cache
std in (ZZ/179424673),(x18,x17,x16,x15,x14,x13,x12,x11,x10,x9,x8,x7,x6,x5,x4,x3,x2,x1),(dp(18),C)
[65535:5]1(17)s(16)s(15)s(14)s(13)s(12)s(11)s(10)s(9)s(8)s(7)s(6)s(5)s(4)s(3)s(2)sss
(S:17)-----------------
product criterion:153 chain criterion:0
[65535:5]1(17)s(16)s(15)s(14)s(13)s(12)s(11)s(10)s(9)s(8)s(7)s(6)s(5)s(4)s(3)s(2)sss
(S:17)-----------------
product criterion:153 chain criterion:0
map is a permutation
[65535:6]1(18)s(17)s(16)s(15)s(14)s(13)s(12)s(11)s(10)s(9)s(8)s(7)s(6)s(5)s(4)s(3)s(2)sss
(S:18)------------------
product criterion:171 chain criterion:0
[65535:5]1(17)s(16)s(15)s(14)s(13)s(12)s(11)s(10)s(9)s(8)s(7)s(6)s(5)s(4)s(3)s(2)sss
(S:17)-----------------
product criterion:153 chain criterion:0
{1}[65535:7]1(17)s(16)s(15)s(14)s(13)s(12)s(11)s(10)s(9)s(8)s(7)s(6)s(5)s(4)s(3)s(2)sss
(S:18)-------------------
product criterion:0 chain criterion:0
(S:18)rrrrrrrrrrrrrrrrrr
[65535:5]1(17)s(16)s(15)s(14)s(13)s(12)s(11)s(10)s(9)s(8)s(7)s(6)s(5)s(4)s(3)s(2)sss
(S:17)-----------------
product criterion:153 chain criterion:0
intersect by elimination method
[65535:7]1(18)s2(17)s(16)s(15)s(14)s(13)s(12)s(11)s(10)s(9)s(8)s(7)s(6)s(5)s(4)s(3)s(2)sss
(S:18)------------------
product criterion:171 chain criterion:0
map is a permutation
[65535:6]1(18)s(17)s(16)s(15)s(14)s(13)s(12)s(11)s(10)s(9)s(8)s(7)s(6)s(5)s(4)s(3)s(2)ss2s
(S:0)
product criterion:171 chain criterion:0
map is a permutation
[65535:6]1(18)s(17)s(16)s(15)s(14)s(13)s(12)s(11)s(10)s(9)s(8)s(7)s(6)s(5)s(4)s(3)s(2)ss2s
(S:0)
product criterion:171 chain criterion:0
map is a permutation
[65535:6]1(18)s(17)s(16)s(15)s(14)s(13)s(12)s(11)s(10)s(9)s(8)s(7)s(6)s(5)s(4)s(3)s(2)ss2s
(S:0)
product criterion:171 chain criterion:0
map is a permutation
[65535:6]1(18)s(17)s(16)s(15)s(14)s(13)s(12)s(11)s(10)s(9)s(8)s(7)s(6)s(5)s(4)s(3)s(2)ss2s
(S:0)
product criterion:171 chain criterion:0
map is a permutation
[65535:6]1(18)s(17)s(16)s(15)s(14)s(13)s(12)s(11)s(10)s(9)s(8)s(7)s(6)s(5)s(4)s(3)s(2)ss2s
(S:0)
product criterion:171 chain criterion:0
map is a permutation
[65535:6]1(18)s(17)s(16)s(15)s(14)s(13)s(12)s(11)s(10)s(9)s(8)s(7)s(6)s(5)s(4)s(3)s(2)ss2s
(S:0)
product criterion:171 chain criterion:0
map is a permutation
[65535:6]1(18)s(17)s(16)s(15)s(14)s(13)s(12)s(11)s(10)s(9)s(8)s(7)s(6)s(5)s(4)s(3)s(2)ss2s
(S:0)
product criterion:171 chain criterion:0
map is a permutation
[65535:6]1(18)s(17)s(16)s(15)s(14)s(13)s(12)s(11)s(10)s(9)s(8)s(7)s(6)s(5)s(4)s(3)s(2)ss2s
(S:0)
product criterion:171 chain criterion:0
map is a permutation
[65535:6]1(18)s(17)s(16)s(15)s(14)s(13)s(12)s(11)s(10)s(9)s(8)s(7)s(6)s(5)s(4)s(3)s(2)ss2s
(S:0)
product criterion:171 chain criterion:0
map is a permutation
[65535:6]1(18)s(17)s(16)s(15)s(14)s(13)s(12)s(11)s(10)s(9)s(8)s(7)s(6)s(5)s(4)s(3)s(2)ss2s
(S:0)
product criterion:171 chain criterion:0
map is a permutation
[65535:6]1(18)s(17)s(16)s(15)s(14)s(13)s(12)s(11)s(10)s(9)s(8)s(7)s(6)s(5)s(4)s(3)s(2)ss2s
(S:0)
product criterion:171 chain criterion:0
map is a permutation
[65535:6]1(18)s(17)s(16)s(15)s(14)s(13)s(12)s(11)s(10)s(9)s(8)s(7)s(6)s(5)s(4)s(3)s(2)ss2s
(S:0)
product criterion:171 chain criterion:0
map is a permutation
[65535:6]1(18)s(17)s(16)s(15)s(14)s(13)s(12)s(11)s(10)s(9)s(8)s(7)s(6)s(5)s(4)s(3)s(2)ss2s
(S:0)
product criterion:171 chain criterion:0
map is a permutation
[65535:6]1(18)s(17)s(16)s(15)s(14)s(13)s(12)s(11)s(10)s(9)s(8)s(7)s(6)s(5)s(4)s(3)s(2)ss2s
(S:0)
product criterion:171 chain criterion:0
map is a permutation
[65535:6]1(18)s(17)s(16)s(15)s(14)s(13)s(12)s(11)s(10)s(9)s(8)s(7)s(6)s(5)s(4)s(3)s(2)ss2s
(S:0)
product criterion:171 chain criterion:0
map is a permutation
[65535:6]1(18)s(17)s(16)s(15)s(14)s(13)s(12)s(11)s(10)s(9)s(8)s(7)s(6)s(5)s(4)s(3)s(2)ss2s
(S:0)
product criterion:171 chain criterion:0
map is a permutation
[65535:6]1(18)s(17)s(16)s(15)s(14)s(13)s(12)s(11)s(10)s(9)s(8)s(7)s(6)s(5)s(4)s(3)s(2)ss2s
(S:0)
product criterion:171 chain criterion:0
map is a permutation
[65535:6]1(18)s(17)s(16)s(15)s(14)s(13)s(12)s(11)s(10)s(9)s(8)s(7)s(6)s(5)s(4)s(3)s(2)ss2s
(S:0)
product criterion:171 chain criterion:0
[65535:5]1(17)s(16)s(15)s(14)s(13)s(12)s(11)s(10)s(9)s(8)s(7)s(6)s(5)s(4)s(3)s(2)sss
(S:17)-----------------
product criterion:153 chain criterion:0
// ** _ is no standard basis
Auf Wiedersehen.
                     SINGULAR                                 /  Development
 A Computer Algebra System for Polynomial Computations       /   version 4.3.2
                                                           0<
 by: W. Decker, G.-M. Greuel, G. Pfister, H. Schoenemann     \   Feb 2023
FB Mathematik der Universitaet, D-67653 Kaiserslautern        \  Debian 1:4.3.2-p10+ds-1.1build1
compute hilbert series with std in ring (ZZ/179424673),(x18,x17,x16,x15,x14,x13,x12,x11,x10,x9,x8,x7,x6,x5,x4,x3,x2,x1,@),(dp(19),C)
weights used for hilbert series: 1,1,1,1,1,1,1,1,1,1,1,1,1,1,1,1,1,1,1
[65535:5]1(17)s(16)s(15)s(14)s(13)s(12)s(11)s(10)s(9)s(8)s(7)s(6)s(5)s2(4)s(3)ss(4)s(6)s3(9)---------
product criterion:143 chain criterion:0
std with hilb in (ZZ/179424673),(x18,x17,x16,x15,x14,x13,x12,x11,x10,x9,x8,x7,x6,x5,x4,x3,x2,x1,@),(lp(18),dp(1),C)
[65535:5]1(17)s(16)s(15)s(14)s(13)s(12)s(11)s(10)s(9)s(8)s(7)s(6)s(5)s2(4)s(3)ss(4)s(6)shhhhhhhhhh
product criterion:143 chain criterion:0
hilbert series criterion:10
dehomogenization
simplification
imap to ring (ZZ/179424673),(x18,x17,x16,x15,x14,x13,x12,x11,x10,x9,x8,x7,x6,x5,x4,x3,x2,x1),(lp(18),C)
Auf Wiedersehen.
                     SINGULAR                                 /  Development
 A Computer Algebra System for Polynomial Computations       /   version 4.3.2
                                                           0<
 by: W. Decker, G.-M. Greuel, G. Pfister, H. Schoenemann     \   Feb 2023
FB Mathematik der Universitaet, D-67653 Kaiserslautern        \  Debian 1:4.3.2-p10+ds-1.1build1
// ** loaded /usr/bin/../share/singular/LIB/primdec.lib (4.3.2.9,Oct_2023)
// ** loaded /usr/bin/../share/singular/LIB/ring.lib (4.3.1.3,Feb_2023)
// ** loaded /usr/bin/../share/singular/LIB/absfact.lib (4.1.2.0,Feb_2019)
// ** loaded /usr/bin/../share/singular/LIB/triang.lib (4.1.2.0,Feb_2019)
// ** loaded /usr/bin/../share/singular/LIB/matrix.lib (4.3.2.3,Aug_2023)
// ** loaded /usr/bin/../share/singular/LIB/nctools.lib (4.1.2.0,Feb_2019)
// ** loaded /usr/bin/../share/singular/LIB/inout.lib (4.1.2.0,Feb_2019)
// ** loaded /usr/bin/../share/singular/LIB/random.lib (4.1.2.0,Feb_2019)
// ** loaded /usr/bin/../share/singular/LIB/polylib.lib (4.2.0.0,Dec_2020)
// ** loaded /usr/bin/../share/singular/LIB/elim.lib (4.3.2.5,Jul_2023)
// ** loaded /usr/bin/../share/singular/LIB/general.lib (4.1.2.0,Feb_2019)
[65535:5]1(17)s(16)s(15)s(14)s(13)s(12)s(11)s(10)s(9)s(8)s(7)s(6)s(5)s(4)s(3)s(2)sss
(S:17)-----------------
product criterion:153 chain criterion:0
// ** redefining j (int j = 2;)
rt
Auf Wiedersehen.

Set::setraw: Cannot assign to raw object 1.

Set::setraw: Cannot assign to raw object 1.
  >> 1 region(s): expReg=2.24s  build=0.066s
  [sector total: 2.315s]
#Non-triv Sectors = 1

