
      +++  sector:  {1, 1, 0, 0, 0, 0, 0, 0, 0}  (1/1)  +++ 
                     SINGULAR                                 /  Development
 A Computer Algebra System for Polynomial Computations       /   version 4.3.2
                                                           0<
 by: W. Decker, G.-M. Greuel, G. Pfister, H. Schoenemann     \   Feb 2023
FB Mathematik der Universitaet, D-67653 Kaiserslautern        \  Debian 1:4.3.2-p10+ds-1.1build1
compute hilbert series with std in ring (ZZ/179424673),(x18,x17,x16,x15,x14,x13,x12,x11,x10,x9,x8,x7,x6,x5,x4,x3,x2,x1,@),(dp(19),C)
weights used for hilbert series: 1,1,1,1,1,1,1,1,1,1,1,1,1,1,1,1,1,1,1
[65535:5]2(13)s(12)s(11)s(10)s(9)s(8)s(7)s(6)s(5)sss(6)s(8)s(11)s3(15)s(19)s(20)s(23)s(27)s(33)s(40)s(43)s(45)s(49)s(55)s(59)s(64)s(70)s(77)s(82)4-----------s(77)s(87)-----------------------------------------s(51)-s(57)-------s(59)-----s(62)s(68)------5--------s(61)s(67)--------------------s(55)---------s------s(58)s(65)--------6----------------------s(45)s(55)---------s-------------------7----s(37)-----------------------------8--------
product criterion:480 chain criterion:283
std with hilb in (ZZ/179424673),(x18,x17,x16,x15,x14,x13,x12,x11,x10,x9,x8,x7,x6,x5,x4,x3,x2,x1,@),(lp(18),dp(1),C)
[65535:5]2(45)s(44)ss(43)s(42)s(41)s(40)s(39)ss(38)ss(40)ss(43)s3(45)s(48)s(52)s(58)s(63)s(69)s(73)s(74)s(77)s(81)s(85)s(90)s(97)shhhhhhhhhhhhhhhh4(86)-------------s(79)--s(86)---s(93)--s(99)--s(105)-s(112)------------(100)---shhhhhhhhhhhhhhhhhhhhhhhhhhhhh5(74)---------s(75)s(86)----s(91)s(100)------s(103)-s(110)----------(100)---shhhhhhhhhhhhhhhhhhhhhhhhhhh6(77)-s(86)----------s---------shhhhhhhhhhhhhhhhhhhhhhhhhhhhhhhhhhhhhhhhhhhhhhhhhh7(36)-s(42)----------------shhhhhhhhhhhhhhhhhhhhhhhhhhhhhhhhhhhhh
product criterion:449 chain criterion:313
hilbert series criterion:159
dehomogenization
simplification
imap to ring (ZZ/179424673),(x18,x17,x16,x15,x14,x13,x12,x11,x10,x9,x8,x7,x6,x5,x4,x3,x2,x1),(lp(18),C)
Auf Wiedersehen.
  >> 0 regions (all trivial): expReg=0.537s
  [sector total: 0.546s]
#Non-triv Sectors = 0

