
      +++  sector:  {1, 0, 1, 0, 1, 1, 0, 0, 0}  (1/1)  +++ 
                     SINGULAR                                 /  Development
 A Computer Algebra System for Polynomial Computations       /   version 4.3.2
                                                           0<
 by: W. Decker, G.-M. Greuel, G. Pfister, H. Schoenemann     \   Feb 2023
FB Mathematik der Universitaet, D-67653 Kaiserslautern        \  Debian 1:4.3.2-p10+ds-1.1build1
compute hilbert series with std in ring (ZZ/179424673),(x18,x17,x16,x15,x14,x13,x12,x11,x10,x9,x8,x7,x6,x5,x4,x3,x2,x1,@),(dp(19),C)
weights used for hilbert series: 1,1,1,1,1,1,1,1,1,1,1,1,1,1,1,1,1,1,1
[65535:5]2(18)s(17)s(16)s(15)s(14)ss(15)ss(17)s(16)s(15)s(14)s(13)s(16)s(20)s(22)s(23)s(25)s(28)s3(33)s(37)s(38)s(44)s(49)s(52)s(56)s(61)s(68)s(74)s(80)s(89)s(95)s(103)s(110)s(117)s(125)-s(135)s(146)-s(153)s(164)s(172)s(178)s(186)-s(198)s(204)s(221)s(224)-s(230)s(232)4--------------------------------(200)------------------------------s(179)---------------------------------------------------------------------s(118)--s(128)-----s(133)-------------s(129)s(138)s(150)----s(154)------------------------------s(130)s(138)------5----------------------s(118)------------------(100)------------------------------------------------------------------------------------------6----------
product criterion:926 chain criterion:381
std with hilb in (ZZ/179424673),(x18,x17,x16,x15,x14,x13,x12,x11,x10,x9,x8,x7,x6,x5,x4,x3,x2,x1,@),(lp(18),dp(1),C)
[65535:5]2(58)s(57)ss(56)s(55)s(54)sss(53)s(52)ss(54)s(53)s(54)s(55)s(57)s(60)s(63)s(66)s3(71)s(75)s(79)s(83)s(90)s(96)s(100)s(108)s(111)s(115)s(121)s(126)s(131)s(137)s(148)s(156)-s(163)s(169)s(182)s(192)s(196)s(207)s(218)s(233)-s(238)s(246)s(260)--shhhhhhhhhhhhhhhhhhhhhhhhhhhhhh4(234)----------------s(232)--------------------------------(200)-s(208)s(220)-s(231)s(240)--s(249)-----s(253)-----s(258)------s(259)-----------------------------------------------------------(200)----------------------s(186)-------shhhhhhhhhhhhhhhhhhhhhhhhhhhhhhhhhhhhhhhh5(147)----------shhhhhhhhhhhhhhhhhhhhhhhhhhhhhhhhhhhhhhhhhhhhhhhhhhhhhhhhhhhhhhhhhhhhhhhhhhhhhhhhhhhhhhhhhhhhhhhhhhhhhhhhhhhhhhhhhhhhhhhhhhhhhhhhhhhhhhhhhhhhhhhhhhhhhhhhh
product criterion:879 chain criterion:381
hilbert series criterion:223
dehomogenization
simplification
imap to ring (ZZ/179424673),(x18,x17,x16,x15,x14,x13,x12,x11,x10,x9,x8,x7,x6,x5,x4,x3,x2,x1),(lp(18),C)
Auf Wiedersehen.
  >> 0 regions (all trivial): expReg=0.562s
  [sector total: 0.5720000000000001s]
#Non-triv Sectors = 0

