
      +++  sector:  {0, 0, 1, 1, 1, 1, 0, 0, 0}  (1/1)  +++ 
                     SINGULAR                                 /  Development
 A Computer Algebra System for Polynomial Computations       /   version 4.3.2
                                                           0<
 by: W. Decker, G.-M. Greuel, G. Pfister, H. Schoenemann     \   Feb 2023
FB Mathematik der Universitaet, D-67653 Kaiserslautern        \  Debian 1:4.3.2-p10+ds-1.1build1
compute hilbert series with std in ring (ZZ/179424673),(x18,x17,x16,x15,x14,x13,x12,x11,x10,x9,x8,x7,x6,x5,x4,x3,x2,x1,@),(dp(19),C)
weights used for hilbert series: 1,1,1,1,1,1,1,1,1,1,1,1,1,1,1,1,1,1,1
[65535:5]2(18)s(17)s(16)s(15)s(14)s(13)s(12)s(11)s(10)s(9)s(10)s(12)s(15)s(16)s(20)s(21)s(23)s(26)s(31)s3(30)--s(32)--s(36)s(41)-s(43)-s(49)s(54)s(64)-s(69)s(75)s(77)-s(82)s(88)--s(92)s(99)------4----------------------s(74)---s(79)-s(87)----s(91)--s(101)-(100)---s(105)-----(100)----s(103)---(100)----s(103)---(100)-s(106)s(111)-----------(100)s(107)s(113)------5-------(100)---------------------s(84)---s(89)------s(91)-------------s(87)---------------------s(71)-------------------------6---------------------s(29)--------------s(19)---------7----------
product criterion:668 chain criterion:328
std with hilb in (ZZ/179424673),(x18,x17,x16,x15,x14,x13,x12,x11,x10,x9,x8,x7,x6,x5,x4,x3,x2,x1,@),(lp(18),dp(1),C)
[65535:5]2(51)s(50)s(49)ss(48)s(47)s(46)s(45)ss(44)s(43)s(45)s(46)s(45)s(48)s(52)s(54)s(56)s(59)s3(62)s(67)-s(72)s(78)s(89)s(97)s(104)-s(108)---s(115)s(120)-s(123)----------s(120)-s(125)shhhhhhhhhhhhhh4(117)--s(124)------s(127)-s(139)----s(147)-----------s(145)-----------------------s(129)-s(135)-s(140)s(146)---------------shhhhhhhhhhhhhhhhhhhh5(119)-------------------(100)-------------------------------s(79)--s(86)s(94)------s(96)------------------------shhhhhhhhhhhhhhhhhhhhhh6(58)-----------------s(51)shhhhhhhhhhhhhhhhhhhhhhhhhhhhhhhhhhhhhhhhhhhhhhhhhhhhhhhhhhhhhh
product criterion:602 chain criterion:279
hilbert series criterion:118
dehomogenization
simplification
imap to ring (ZZ/179424673),(x18,x17,x16,x15,x14,x13,x12,x11,x10,x9,x8,x7,x6,x5,x4,x3,x2,x1),(lp(18),C)
Auf Wiedersehen.
  >> 0 regions (all trivial): expReg=0.513s
  [sector total: 0.522s]
#Non-triv Sectors = 0

