
      +++  sector:  {1, 0, 1, 1, 0, 1, 0, 0, 0}  (1/1)  +++ 
                     SINGULAR                                 /  Development
 A Computer Algebra System for Polynomial Computations       /   version 4.3.2
                                                           0<
 by: W. Decker, G.-M. Greuel, G. Pfister, H. Schoenemann     \   Feb 2023
FB Mathematik der Universitaet, D-67653 Kaiserslautern        \  Debian 1:4.3.2-p10+ds-1.1build1
compute hilbert series with std in ring (ZZ/179424673),(x18,x17,x16,x15,x14,x13,x12,x11,x10,x9,x8,x7,x6,x5,x4,x3,x2,x1,@),(dp(19),C)
weights used for hilbert series: 1,1,1,1,1,1,1,1,1,1,1,1,1,1,1,1,1,1,1
[65535:5]2(18)s(17)s(16)s(15)s(14)s(13)s(12)s(11)s(10)s(9)s(10)s(12)s(13)s(16)s(20)s(21)s(22)s(24)s(28)s3(33)s(37)s(38)s(44)s(50)s(53)s(57)s(62)s(71)s(76)s(82)s(91)s(100)s(104)s(115)s(127)s(138)-s(145)s(151)s(157)-s(163)s(170)s(180)s(195)s(199)s(211)s(217)s(234)s(240)-s(246)s(252)4-s(263)s(274)s(285)s(296)--------s(299)-------s(304)-s(315)---------------(300)--------------------------s(286)-------------------------------------------------------------------------------s(219)-------------------(200)------s(206)s(223)-----------------------(200)-------------------5---------------------------------------------------------------------------------(100)-----------------s(95)------------------------------------------------------s(53)-------------------6----------------------------------
product criterion:962 chain criterion:423
std with hilb in (ZZ/179424673),(x18,x17,x16,x15,x14,x13,x12,x11,x10,x9,x8,x7,x6,x5,x4,x3,x2,x1,@),(lp(18),dp(1),C)
[65535:5]2(61)s(60)ss(59)s(58)s(57)s(56)sss(57)s(56)s(57)ss(59)ss(62)s(64)s(66)s(69)s3(72)s(76)s(80)s(84)s(90)s(98)s(103)s(112)s(124)s(127)s(131)s(139)s(143)s(149)s(159)s(165)-s(175)-s(181)s(188)s(203)s(212)s(216)s(227)s(235)s(251)s(257)shhhhhhhhhhhhhhhhhhhhhhhhhhhhhhhh4(238)s(251)s(264)s(278)s(293)-s(306)--s(321)---s(332)------------------------s(324)--------s(328)s(345)---shhhhhhhhhhhhhhhhhhhhhhhhhhhhhhhhhhhhhhhhhhhhhhhhhhhhhhhhhhhhhhhhhhhhhhhhhhhhhhhhhhhhhhhhhhhhhhhhhhhhhhhhhhhhhhhhhhhhhhhhhhhhhhhhhhhhhhhhhhhhhhhhhhhh5(206)------(200)---------------------------s(189)-----------------------shhhhhhhhhhhhhhhhhhhhhhhhhhhhhhhhhhhhhhhhhhhhhhhhhhhhhhhhhhhhhhhhhhhhhhhhhhhhhhhhhhhhhhhhhhhhhhhhhhhhhhhhhhhhhhhhhhhhhhhhhhhhhhhhhhhhhhhhhhhhhhhhhhhhhhhhhhhhhhhhhhhhhhhhhhhhhhhhhhhhhhh
product criterion:791 chain criterion:404
hilbert series criterion:363
dehomogenization
simplification
imap to ring (ZZ/179424673),(x18,x17,x16,x15,x14,x13,x12,x11,x10,x9,x8,x7,x6,x5,x4,x3,x2,x1),(lp(18),C)
Auf Wiedersehen.
  >> 0 regions (all trivial): expReg=0.517s
  [sector total: 0.525s]
#Non-triv Sectors = 0

