
      +++  sector:  {1, 0, 0, 0, 1, 1, 1, 0, 0}  (1/1)  +++ 
                     SINGULAR                                 /  Development
 A Computer Algebra System for Polynomial Computations       /   version 4.3.2
                                                           0<
 by: W. Decker, G.-M. Greuel, G. Pfister, H. Schoenemann     \   Feb 2023
FB Mathematik der Universitaet, D-67653 Kaiserslautern        \  Debian 1:4.3.2-p10+ds-1.1build1
compute hilbert series with std in ring (ZZ/179424673),(x18,x17,x16,x15,x14,x13,x12,x11,x10,x9,x8,x7,x6,x5,x4,x3,x2,x1,@),(dp(19),C)
weights used for hilbert series: 1,1,1,1,1,1,1,1,1,1,1,1,1,1,1,1,1,1,1
[65535:5]2(18)s(17)s(16)s(15)s(14)s(13)s(12)s(11)s(10)s(9)s(10)s(11)s(13)s(14)s(17)s(22)s(23)s(26)s(29)s3(33)s(37)s(42)s(50)s(55)s(61)s(66)s(68)s(75)s(83)s(89)s(96)s(100)s(108)s(115)s(122)s(131)s(137)s(143)s(150)s(156)s(166)-s(171)s(179)s(187)s(194)s(203)-s(214)s(225)-s(233)s(241)4--------------s(239)---------------s(233)---------------------------------(200)---------------------------------------s(172)s(179)s(187)s(192)----s(196)s(204)----(200)-----s(206)s(216)--s(221)--s(229)--s(238)s(248)s(262)-s(269)---------s(274)---------s-s(281)--s(289)---------------------------------------------------5--------------------------------------(200)-------------s(196)------------------------------s(175)------s(180)-s(188)s(199)------s(201)-(200)---s(207)--s(215)s(226)----s(234)-----------s(233)-s(242)------------------s(231)--------------------s(220)---s(228)s(239)s(251)---------------------s(240)s(251)------s(257)-----s(263)s(275)-s(285)---s(293)---6------------------------------------------s(257)--------------------------------------s(227)-------s(229)s(237)s(249)----s(255)--------s(259)-------s(263)---s(267)--------s(271)--------------s(269)---s(279)------------------------------------s(255)--------------------------------------s(227)---------------------------(200)------------------------------7----------------------------------------------------------------------(100)-------s(102)--(100)------------------------s(87)--------------------------------------------s(54)--------------------8----------------------------------
product criterion:2102 chain criterion:2866
std with hilb in (ZZ/179424673),(x18,x17,x16,x15,x14,x13,x12,x11,x10,x9,x8,x7,x6,x5,x4,x3,x2,x1,@),(lp(18),dp(1),C)
[65535:5]2(109)s(108)s(107)s(106)s(105)s(104)s(105)sss(104)s(103)s(105)s(104)s(106)s(108)s(111)s(114)s(116)s(120)s3(125)s(127)s(132)s(139)s(146)s(151)s(154)s(157)s(165)s(173)s(181)s(189)s(194)s(201)s(207)s(215)s(223)s(229)s(236)s(245)s(253)s(260)s(267)s(273)s(282)s(290)s(298)-s(307)s(318)--s(322)s(329)shhhhhhhhhhhhhhhhhhhhhhhhhhhhhhh4(308)-----s(315)--s(324)--s(333)---------------s(328)------------------s(317)----------s(316)s(326)---------------------s(315)--------s(316)---------s(313)s(322)s(330)-s(337)--s(345)s(359)-s(367)s(375)s(386)----s(391)----s(395)------s(399)-s(409)---------(400)--s(409)---------(400)---------------s(397)---------------s(392)--s(400)-----------------s(393)----------------shhhhhhhhhhhhhhhhhhhhhhhhhhhhhh5(352)--------s(358)s(373)------s(378)----------------s(372)s(382)s(392)-s(402)s(413)--s(423)--s(432)s(443)-s(454)------------------------------------------------------(400)-------s(405)-s(415)---------------(400)s(412)---------s(415)--------------s(412)s(423)------------s(420)--------------------(400)----------------------s(390)-----------------------s(379)--------------shhhhhhhhhhhhhhhhhhhhhhhhhhhhhhhhhhhhhhhhhhhhhhhhhhhhhhhhhhhhh6(313)------------s(312)-----s(319)-s(331)--s(340)s(355)-s(365)s(377)-s(388)s(400)-----------------s(395)---------------------s(386)--------------s(384)--s(394)-----------------------------------------------------------------------s(336)----------------------------s(320)--------------------(300)-------------------------------------s(274)---------------shhhhhhhhhhhhhhhhhhhhhhhhhhhhhhhhhhhh7(234)---------------s(230)------------------------------(200)----------------------------------------------------------------------------------------------------(100)--shhhhhhhhhhhhhhhhhhhhhhhhhhhhhhhhhhhhhhhhhhhhhhhhhhhhhhhhhhhhhhhhhhhhhhhhhhhhhhhhhhhhhhhhhhhhhhhhhhhhhhhhhhhhhhh
product criterion:2445 chain criterion:3477
hilbert series criterion:269
dehomogenization
simplification
imap to ring (ZZ/179424673),(x18,x17,x16,x15,x14,x13,x12,x11,x10,x9,x8,x7,x6,x5,x4,x3,x2,x1),(lp(18),C)
Auf Wiedersehen.
  >> 0 regions (all trivial): expReg=0.552s
  [sector total: 0.56s]
#Non-triv Sectors = 0

