
      +++  sector:  {1, 0, 1, 1, 0, 1, 1, 0, 0}  (1/1)  +++ 
                     SINGULAR                                 /  Development
 A Computer Algebra System for Polynomial Computations       /   version 4.3.2
                                                           0<
 by: W. Decker, G.-M. Greuel, G. Pfister, H. Schoenemann     \   Feb 2023
FB Mathematik der Universitaet, D-67653 Kaiserslautern        \  Debian 1:4.3.2-p10+ds-1.1build1
compute hilbert series with std in ring (ZZ/179424673),(x18,x17,x16,x15,x14,x13,x12,x11,x10,x9,x8,x7,x6,x5,x4,x3,x2,x1,@),(dp(19),C)
weights used for hilbert series: 1,1,1,1,1,1,1,1,1,1,1,1,1,1,1,1,1,1,1
[65535:5]2(18)s(17)s(16)s(15)s(14)s(13)s(12)s(11)s(10)s(9)s(10)s(12)s(15)s(16)s(20)s(21)s(22)s(25)s(28)s3(33)s(36)s(40)s(46)s(51)s(56)s(62)s(68)s(75)s(81)s(89)s(97)s(104)s(113)s(122)-s(130)s(136)s(141)s(151)s(154)s(158)s(165)s(172)s(180)s(186)s(193)s(202)s(208)s(217)s(219)s(228)s(236)s(242)4-s(250)s(259)s(268)s(278)s(288)s(299)-s(308)s(316)s(325)s(335)-s(345)s(355)s(365)-s(373)s(383)--------s(387)--s(395)--s(408)s(419)---s(427)-s(438)-s(453)s(460)-s(467)s(476)s(484)-s(496)s(506)s(514)s(523)s(533)-s(543)-s(554)---s(558)-s(572)--s(586)--s(595)s(606)-s(614)----s(620)s(631)s(639)s(650)--s(657)--s(666)-s(676)s(686)--s(696)s(708)s(719)s(731)s(740)s(749)s(762)-------s(764)s(777)s(788)-s(795)-s(806)--s(816)s(828)--------s(832)s(842)---s(848)----s(856)------------s(858)--s(871)----s(878)-------------------s(868)-----------------------------------5-s(847)s(863)s(880)s(891)-s(902)-s(911)s(924)s(938)s(952)-s(963)s(976)----s(986)---------s(992)-----------s(993)s(1005)-----(1000)------------------s(996)------------------------s(987)---s(996)-s(1008)--------(1000)s(1016)s(1032)----s(1041)--------s(1045)s(1057)s(1071)-s(1083)--s(1091)---------s(1097)s(1110)---s(1123)-s(1132)---------------s(1131)-------------------------------(1100)----------------s(1098)s(1111)-------s(1119)-----s(1130)-------------------------s(1122)s(1137)-------------------------------------(1100)--------------------------------s(1081)-----s(1089)-------s(1095)----s(1105)s(1120)--------------------(1100)-------------------------------------------------------------------s(1048)-s(1062)--------------------------------------------------------------(1000)--------------s(998)s(1011)s(1027)----------------s(1028)-s(1039)-s(1049)--s(1064)--s(1075)---------------------------------------------------------------------------(1000)-------------------------s(988)-------------------------s(977)---------s(978)-s(988)s(1002)--(1000)--------s(1004)----(1000)----s(1007)-------(1000)s(1010)----s(1019)-------------------(1000)--------------------------------------s(973)--------------------s(964)s(976)--------s(979)-------6---------s(977)-----------------------------------------------------------------------------(900)----------------------------------------------------------------------------------------------------(800)--------------------------------------------------------s(758)----------------------------------------------------------(700)----------------------------------------------------------------------------------------------------(600)-------------------s(595)-s(609)----s(615)---------------(600)-----------------------s(591)------s(601)-(600)------------s(603)---(600)-----------------------s(592)------------------------------------s(571)--s(585)-------------------------------------------------------------------------------------(500)-----------------------------------------------------------s(455)-------------------------------------------------------(400)------------------------------s(384)s(399)-----------------------------------s(377)----------------------s(368)-------------------------------s(349)-----s(357)------s(364)------------s-----s(373)------------------------------------------------------7-------------------(300)-----------------------------------------------------------------------s(243)----------------s(242)-----------------s(239)---------------------------------------(200)---------------------------------------s(175)-------------------------s(162)s(174)----------------------------------------s(147)-------------------------------------------8----(100)----------------------------------------------------------------------------------------------------
product criterion:6596 chain criterion:13746
std with hilb in (ZZ/179424673),(x18,x17,x16,x15,x14,x13,x12,x11,x10,x9,x8,x7,x6,x5,x4,x3,x2,x1,@),(lp(18),dp(1),C)
[65535:5]2(213)s(212)s(211)s(210)s(209)s(208)sssss(207)s(206)s(208)s(210)s(212)s(213)s(216)s(221)s(226)s3(228)s(233)s(239)s(241)s(247)s(250)s(257)s(264)s(270)s(273)s(279)s(285)s(291)s(297)s(304)s(311)s(317)s(323)s(329)s(339)s(348)s(357)s(364)s(371)s(378)s(387)-s(398)s(405)s(411)s(416)s(425)s(433)shhhhhhhhhhhhhhhhhhhhhhhhhhhhhhhhh4(408)s(418)s(427)s(436)s(447)s(456)s(465)s(474)s(486)-s(493)s(504)s(515)s(524)s(532)s(542)s(552)s(563)s(572)s(580)s(589)s(599)s(608)s(619)s(628)s(637)s(646)-s(655)s(664)s(675)s(686)-s(695)s(704)s(714)s(725)-s(734)s(745)s(758)s(771)-s(780)s(790)-s(800)-s(806)s(817)s(829)s(840)s(851)-s(861)s(874)-s(884)-----------s(882)s(893)---s(899)-s(911)s(923)s(932)s(944)s(955)----------------s(953)s(964)--s(974)s(986)s(997)-s(1010)-s(1018)-------s(1021)--------------------s(1016)--s(1025)----------s(1026)------------s(1030)---------s(1029)------------s(1028)--------------------------shhhhhhhhhhhhhhhhhhhhhhhhhhhhhhhhhhhhhhhhhhhhhhhhhhhhhhhhhhhhhhhhhhhhhhh5(940)s(951)-s(963)-s(974)s(986)s(1000)s(1013)s(1025)s(1038)s(1048)-s(1059)s(1074)s(1088)s(1099)s(1112)s(1126)-s(1137)----s(1145)s(1157)s(1172)s(1185)s(1199)s(1213)-s(1228)-s(1239)---s(1252)--s(1267)----s(1280)-s(1292)-s(1306)s(1320)s(1334)s(1349)s(1361)------s(1371)-------s(1377)-s(1389)----s(1401)-(1400)------------s(1399)---s(1413)-------------(1400)s(1415)s(1432)s(1447)s(1460)----------------------s(1449)s(1460)s(1472)s(1486)------------------s(1478)-----s(1488)---------s(1495)s(1512)------------(1500)----------------------------------------s(1471)-s(1482)-s(1491)----------------s(1487)-----------------------------s(1472)s(1486)-----------------s(1482)--------------s----------------s(1481)-------s(1484)---s(1493)-----------------------------s(1478)-------s(1486)--------------------------------------------------s(1447)------------------------------------------s(1415)----------s(1416)-----------s(1415)----s(1423)-----------------------(1400)----------s(1402)-s(1411)-----------(1400)----------------------------------------------------------------------------------------------------(1300)---------------------------------s(1278)----s(1285)----------------s(1280)------------------------------------------s(1250)---------------------------------shhhhhhhhhhhhhhhhhhhhhhhhhhhhhhhhhhhhhhhhhhhhhhhhhhhhhhhhhhhhhhhhhhhhhhhhhhhhhhhhhhhhhhhhhhhhhhhhhhhhhhhhhhhhhhhhhhhhhhhhhhh6(1104)-s(1119)-------------------(1100)--------s(1105)---s(1116)s(1131)----------------------------s(1117)-----------------(1100)----------------------------------------------------------s(1056)----------s(1060)--s(1073)-s(1088)------------s(1090)--------------s(1091)------------------------s(1081)-------------------------s(1070)----------------------------------------------------------------------(1000)s(1012)-s(1024)------------------------(1000)-------------s(1002)--(1000)-----------s(1004)----(1000)--------------s(999)-----------s(1000)------------------------s(990)-----------------------------------s(969)---------------------------------------------------------------------(900)----------------------------------------------------------------------------------------------------(800)shhhhhhhhhhhhhhhhhhhhhhhhhhhhhhhhhhhhhhhhhhhhhhhhhhhhhhhhhhhhhhhhhhhhhhhhhhhhhhhhhhhhhhhhhhhhhhhhhhhhhhhhhhhhhhhhhhhhhhhhhhhhhhhhhhhhhhhhhhhhhhhhhhhhhhhhhhhhhhhhhhhhhhhhhhhhhhhhhhhhhhhhhhhhhhhhhhhhhhhhhhhhhhhhhhhhhhhhhhhhhhhhhhhhhhhhhhhhhhhhhhhhhhhhhhhhhhhhhhhhhhhhhhhhhhhhhhhhhhhhhhhhhhhhhhhhhhhhhhhhhhhhhhhhhhhhhhhhhhhhhhhhhhhhhhhhhhhhhhhhhhhhhhhhhhhhhhhhhhhhhhhhhhhhhhhhhhhhhhhhhhhhhhhhhhhhhhhhhhhhhhhhhhhhhhhhhhhhhhhhhhhhhhhhhhhhhhhhhhhhhhhhhhhhhhhhhhhhhhhhhhhhhhhhhh7(342)------------------------------------------(300)------------s---------s(305)-----(300)--s(310)----------(300)-----s(309)---------(300)-------------------------shhhhhhhhhhhhhhhhhhhhhhhhhhhhhhhhhhhhhhhhhhhhhhhhhhhhhhhhhhhhhhhhhhhhhhhhhhhhhhhhhhhhhhhhhhhhhhhhhhhhhhhhhhhhhhhhhhhhhhhhhhhhhhhhhhhhhhhhhhhhhhhhhhhhhhhhhhhhhhhhhhhhhhhhhhhhhhhhhhhhhhhhhhhhhhhhhhhhhhhhhhhhhhhhhhhhhhhhhhhhhhhhhhhhhhhhhhhhhhhhhhhhhhhhhhhhhhhhhhhhhhhhhhhhhhhhhhhhhhhhhhhhhhhhh
product criterion:7453 chain criterion:15183
hilbert series criterion:986
dehomogenization
simplification
imap to ring (ZZ/179424673),(x18,x17,x16,x15,x14,x13,x12,x11,x10,x9,x8,x7,x6,x5,x4,x3,x2,x1),(lp(18),C)
Auf Wiedersehen.
                     SINGULAR                                 /  Development
 A Computer Algebra System for Polynomial Computations       /   version 4.3.2
                                                           0<
 by: W. Decker, G.-M. Greuel, G. Pfister, H. Schoenemann     \   Feb 2023
FB Mathematik der Universitaet, D-67653 Kaiserslautern        \  Debian 1:4.3.2-p10+ds-1.1build1
// ** loaded /usr/bin/../share/singular/LIB/primdec.lib (4.3.2.9,Oct_2023)
// ** loaded /usr/bin/../share/singular/LIB/ring.lib (4.3.1.3,Feb_2023)
// ** loaded /usr/bin/../share/singular/LIB/absfact.lib (4.1.2.0,Feb_2019)
// ** loaded /usr/bin/../share/singular/LIB/triang.lib (4.1.2.0,Feb_2019)
// ** loaded /usr/bin/../share/singular/LIB/matrix.lib (4.3.2.3,Aug_2023)
// ** loaded /usr/bin/../share/singular/LIB/nctools.lib (4.1.2.0,Feb_2019)
// ** loaded /usr/bin/../share/singular/LIB/inout.lib (4.1.2.0,Feb_2019)
// ** loaded /usr/bin/../share/singular/LIB/random.lib (4.1.2.0,Feb_2019)
// ** loaded /usr/bin/../share/singular/LIB/polylib.lib (4.2.0.0,Dec_2020)
// ** loaded /usr/bin/../share/singular/LIB/elim.lib (4.3.2.5,Jul_2023)
// ** loaded /usr/bin/../share/singular/LIB/general.lib (4.1.2.0,Feb_2019)
map with cache
map with cache
map with cache
map with cache
map with cache
map with cache
map with cache
map with cache
map with cache
map with cache
map with cache
std in (ZZ/179424673),(x18,x17,x16,x15,x14,x13,x12,x11,x10,x9,x8,x7,x6,x5,x4,x3,x2,x1),(dp(18),C)
[65535:6]1(23)s(22)s(21)s(20)s(19)s(18)s(17)s(16)s(15)s(14)s(13)s2(12)s(11)s(10)ss3s(12)-s4(14)s-s(16)-5--------s(11)s(12)6------s(7)s7(12)-------8--11-s12(3)-s-13--
(S:23)-----------------------
product criterion:248 chain criterion:12
1(23)s(22)s(21)s(20)s(19)s(18)s(17)s(16)s(15)s(14)s(13)s2(12)s(11)ssFFr
(10)sr
(9)sr
-----sr
(4)sr
3----
(S:17)-----------------
product criterion:147 chain criterion:2
2(10)s(S:18)rrrrrrrrrrrrrrrrrr
(11)s(S:18)rrrrrrrrrrrrrrrrrr
(13)sFF(S:18)rrrrrrrrrrrrrrrrrr
r
(S:18)rrrrrrrrrrrrrrrrrr
(12)sr
(S:18)rrrrrrrrrrrrrrrrrr
-sr
(S:18)rrrrrrrrrrrrrrrrrr
(11)-sr
(S:18)rrrrrrrrrrrrrrrrrr
(10)sr
(S:18)rrrrrrrrrrrrrrrrrr
sr
(S:18)rrrrrrrrrrrrrrrrrr
--3--------
(S:17)-----------------
product criterion:134 chain criterion:0
2(12)----s(S:18)rrrrrrrrrrrrrrrrrr
(S:18)rrrrrrrrrrrrrrrrrr
(8)s(S:18)rrrrrrrrrrrrrrrrrr
(S:18)rrrrrrrrrrrrrrrrrr

product criterion:47 chain criterion:2
(S:18)rrrrrrrrrrrrrrrrrr
map is a permutation
[65535:6]1(18)s(17)s(16)s(15)s(14)s(13)s(12)s(11)s(10)s(9)s(8)s(7)s(6)s(5)s(4)s(3)s(2)ss2s
product criterion:171 chain criterion:0
[65535:6]1(17)s(16)s(15)s(14)s(13)s(12)s(11)s(10)s(9)s(8)s(7)s(6)s(5)s(4)s(3)s(2)ss2s
product criterion:153 chain criterion:0
{1}[65535:8]1(17)s(16)s(15)s(14)s(13)s(12)s(11)s(10)s(9)s(8)s(7)s(6)s(16)s(27)s(39)s(52)s(66)s2(81)---------------------------------------------------------------------------------s3(16)----------------
product criterion:0 chain criterion:0
(S:18)rrrrrrrrrrrrrrrrrr
[65535:6]1(17)s(16)s(15)s(14)s(13)s(12)s(11)s(10)s(9)s(8)s(7)s(6)s(5)s(4)s(3)s(2)ss2s
product criterion:153 chain criterion:0
compute hilbert series with std in ring (ZZ/179424673),(x18,x17,x16,x15,x14,x13,x12,x11,x10,x9,x8,x7,x6,x5,x4,x3,x2,x1,@),(dp(19),C)
weights used for hilbert series: 1,1,1,1,1,1,1,1,1,1,1,1,1,1,1,1,1,1,1
[65535:5]1(17)s(16)s(15)s(14)s(13)s(12)s(11)s(10)s(9)s(8)s(7)s(6)s(5)s(4)s(3)s(2)ss2s
(S:17)-----------------
product criterion:153 chain criterion:0
std with hilb in (ZZ/179424673),(x18,x17,x16,x15,x14,x13,x12,x11,x10,x9,x8,x7,x6,x5,x4,x3,x2,x1,@),(C,lp(18),dp(1))
[65535:5]1(17)s(16)s(15)s(14)s(13)s(12)s(11)s(10)s(9)s(8)s(7)s(6)s(5)s(4)s(3)s(2)ss2s
(S:17)-----------------
product criterion:153 chain criterion:0
dehomogenization
simplification
imap to ring (ZZ/179424673),(x18,x17,x16,x15,x14,x13,x12,x11,x10,x9,x8,x7,x6,x5,x4,x3,x2,x1),(C,lp(18))
//interreduction
[65535:5]2(17)s1(16)s(15)s(14)s(13)s(12)s(11)s(10)s(9)s(8)s(7)s(6)s(5)s(4)s(3)s(2)sss
(S:17)-----------------

map is a permutation
intersect by elimination method
[65535:7]1(18)s2(17)s(16)s(15)s(14)s(13)s(12)s(11)s(10)s(9)s(8)s(7)s(6)s(5)s(4)s(3)s(2)ss3s
product criterion:171 chain criterion:0
map is a permutation
[65535:6]1(18)s(17)s(16)s(15)s(14)s(13)s(12)s(11)s(10)s(9)s(8)s(7)s(6)s(5)s(4)s(3)s(2)s2s.4
product criterion:153 chain criterion:0
map is a permutation
[65535:6]1(18)s(17)s(16)s(15)s(14)s(13)s(12)s(11)s(10)s(9)s(8)s(7)s(6)s(5)s(4)s(3)s(2)s2s.4
product criterion:153 chain criterion:0
map is a permutation
[65535:6]1(18)s(17)s(16)s(15)s(14)s(13)s(12)s(11)s(10)s(9)s(8)s(7)s(6)s(5)s(4)s(3)s(2)s2s.4
product criterion:153 chain criterion:0
map is a permutation
[65535:6]1(18)s(17)s(16)s(15)s(14)s(13)s(12)s(11)s(10)s(9)s(8)s(7)s(6)s(5)s(4)s(3)s(2)s2s.4
product criterion:153 chain criterion:0
map is a permutation
[65535:6]1(18)s(17)s(16)s(15)s(14)s(13)s(12)s(11)s(10)s(9)s(8)s(7)s(6)s(5)s(4)s(3)s(2)s2s.4
product criterion:153 chain criterion:0
map is a permutation
[65535:6]1(18)s(17)s(16)s(15)s(14)s(13)s(12)s(11)s(10)s(9)s(8)s(7)s(6)s(5)s(4)s(3)s(2)s2s.4
product criterion:153 chain criterion:0
map is a permutation
[65535:6]1(18)s(17)s(16)s(15)s(14)s(13)s(12)s(11)s(10)s(9)s(8)s(7)s(6)s(5)s(4)s(3)s(2)s2s.4
product criterion:153 chain criterion:0
map is a permutation
[65535:6]1(18)s(17)s(16)s(15)s(14)s(13)s(12)s(11)s(10)s(9)s(8)s(7)s(6)s(5)s(4)s(3)s(2)s2s.4
product criterion:153 chain criterion:0
map is a permutation
[65535:6]1(18)s(17)s(16)s(15)s(14)s(13)s(12)s(11)s(10)s(9)s(8)s(7)s(6)s(5)s(4)s(3)s(2)s2s.4
product criterion:153 chain criterion:0
map is a permutation
[65535:6]1(18)s(17)s(16)s(15)s(14)s(13)s(12)s(11)s(10)s(9)s(8)s(7)s(6)s(5)s(4)s(3)s(2)s2s.4
product criterion:153 chain criterion:0
map is a permutation
[65535:6]1(18)s(17)s(16)s(15)s(14)s(13)s(12)s(11)s(10)s(9)s(8)s(7)s(6)s(5)s(4)s(3)s(2)s2s.4
product criterion:153 chain criterion:0
map is a permutation
[65535:6]1(18)s(17)s(16)s(15)s(14)s(13)s(12)s(11)s(10)s(9)s(8)s(7)s(6)s(5)s(4)s(3)s(2)s2s.4
product criterion:153 chain criterion:0
map is a permutation
[65535:6]1(18)s(17)s(16)s(15)s(14)s(13)s(12)s(11)s(10)s(9)s(8)s(7)s(6)s(5)s(4)s(3)s(2)s2s.4
product criterion:153 chain criterion:0
map is a permutation
[65535:6]1(18)s(17)s(16)s(15)s(14)s(13)s(12)s(11)s(10)s(9)s(8)s(7)s(6)s(5)s(4)s(3)s(2)s2s.4
product criterion:153 chain criterion:0
map is a permutation
[65535:6]1(18)s(17)s(16)s(15)s(14)s(13)s(12)s(11)s(10)s(9)s(8)s(7)s(6)s(5)s(4)s(3)s(2)s2s.4
product criterion:153 chain criterion:0
map is a permutation
[65535:6]1(18)s(17)s(16)s(15)s(14)s(13)s(12)s(11)s(10)s(9)s(8)s(7)s(6)s(5)s(4)s(3)s(2)s2s.4
product criterion:153 chain criterion:0
map is a permutation
[65535:6]1(18)s(17)s(16)s(15)s(14)s(13)s(12)s(11)s(10)s(9)s(8)s(7)s(6)s(5)s(4)s(3)s(2)s2s.4
product criterion:153 chain criterion:0
map is a permutation
[65535:6]1(18)s(17)s(16)s(15)s(14)s(13)s(12)s(11)s(10)s(9)s(8)s(7)s(6)s(5)s(4)s(3)s(2)s2s3s
product criterion:171 chain criterion:0
map is a permutation
[65535:6]1(18)s(17)s(16)s(15)s(14)s(13)s(12)s(11)s(10)s(9)s(8)s(7)s(6)s2(5)s(4)ss(3)sss3---
product criterion:165 chain criterion:2
[65535:6]1(17)s(16)s(15)s(14)s(13)s(12)s(11)s(10)s(9)s(8)s(7)s(6)s2(5)s(4)ss(3)sss3---
product criterion:147 chain criterion:2
{1}[65535:8]1(17)s(16)s(15)s(14)s(13)s(12)s(11)s(10)s(9)s(8)s(7)s(6)s2(16)-----------ss(28)s(41)s(55)s(70)s3(86)-----------------------------------------------------------------------------4---------
product criterion:0 chain criterion:0
(S:18)rrrrrrrrrrrrrrrrrr
[65535:6]1(17)s(16)s(15)s(14)s(13)s(12)s(11)s(10)s(9)s(8)s(7)s(6)s2(5)s(4)ss(3)sss3---
product criterion:147 chain criterion:2
compute hilbert series with std in ring (ZZ/179424673),(x18,x17,x16,x15,x14,x13,x12,x11,x10,x9,x8,x7,x6,x5,x4,x3,x2,x1,@),(dp(19),C)
weights used for hilbert series: 1,1,1,1,1,1,1,1,1,1,1,1,1,1,1,1,1,1,1
[65535:5]1(17)s(16)s(15)s(14)s(13)s(12)s(11)s(10)s(9)s(8)s(7)s(6)s2(5)s(4)s(3)ssss3---
(S:17)-----------------
product criterion:147 chain criterion:2
std with hilb in (ZZ/179424673),(x18,x17,x16,x15,x14,x13,x12,x11,x10,x9,x8,x7,x6,x5,x4,x3,x2,x1,@),(C,lp(18),dp(1))
[65535:5]1(17)s(16)s(15)s(14)s(13)s(12)s(11)s(10)s(9)s(8)s(7)s(6)s2(5)s(4)s(3)sssshhhh
(S:17)-----------------
product criterion:147 chain criterion:2
hilbert series criterion:4
dehomogenization
simplification
imap to ring (ZZ/179424673),(x18,x17,x16,x15,x14,x13,x12,x11,x10,x9,x8,x7,x6,x5,x4,x3,x2,x1),(C,lp(18))
//interreduction
[65535:5]1(17)s(16)s2(15)s1(14)s(13)s2(12)s1(11)s2(10)s(9)s(8)s(7)s1(6)s(5)s(4)s(3)s(2)sss
(S:17)-----------------

map is a permutation
std in (ZZ/179424673),(x11,x10,x8,x5,x2,x1),(C,dp(6))
[1048575:3]2(5)s(4)ss(3)sss3---
product criterion:9 chain criterion:2
map is a permutation
compute hilbert series with std in ring (ZZ/179424673),(x8,x5,x2,x1,x11,x10,@),(dp(7),C)
weights used for hilbert series: 1,1,1,1,1,1,1
[65535:2]2(5)s(4)s(3)ssss3---
(S:5)-----
product criterion:9 chain criterion:2
std with hilb in (ZZ/179424673),(x8,x5,x2,x1,x11,x10,@),(lp(6),dp(1),C)
[65535:2]2(5)s(4)s(3)sssshhhh
(S:5)-----
product criterion:9 chain criterion:2
hilbert series criterion:4
dehomogenization
simplification
imap to ring (ZZ/179424673),(x8,x5,x2,x1,x11,x10),(lp(6),C)
//interreduction
[1048575:2]2(5)s(4)s(3)s(2)sss
(S:5)-----

map is a permutation
[65535:1]1(3)s(2)sss
(S:3)---

[65535:1]1(3)s(2)sss
(S:3)---

[65535:1]1(3)s(2)sss
(S:3)---

(S:1)[65535:1]1(3)s(2)sss

[65535:1]1(3)s(2)sss

[1048575:3]2(3)s(2)sss3ss4-
product criterion:9 chain criterion:2
{1}[1048575:5]5(5)s(9)s(13)s(16)s6(19)s(18)ss(24)s(28)s(31)-ss(33)-s(35)s(39)------7-----------------8----------------
product criterion:0 chain criterion:14
[1048575:2]2(5)s(4)s(3)ssss3---
product criterion:9 chain criterion:2
{1}[1048575:5]5(5)s(9)s(13)s(16)s6(19)s(18)ss(24)s(28)s(31)-ss(33)-s(35)s(39)------7-----------------8----------------
product criterion:0 chain criterion:14
intersect by elimination method
[65535:4]1(6)s3(5)s(4)ss(3)sss4---
product criterion:15 chain criterion:2
intersect by elimination method
[65535:4]1(6)s3(5)s(4)ss(3)sss4---
product criterion:15 chain criterion:2
[1048575:3]
product criterion:6 chain criterion:0
intersect by elimination method
[65535:7]1(18)s2(17)s(16)s(15)s(14)s(13)s(12)s(11)s(10)s(9)s(8)s(7)s(6)s3(5)s(4)ss(3)sss4---
product criterion:165 chain criterion:2
map is a permutation
[65535:6]1(18)s(17)s(16)s(15)s(14)s(13)s(12)s(11)s(10)s(9)s(8)s(7)s2(6)s(5)-----.4
product criterion:78 chain criterion:0
map is a permutation
[65535:6]1(18)s(17)s(16)s(15)s(14)s(13)s(12)s(11)s(10)s(9)s(8)s(7)s2(6)s(5)-----.4
product criterion:78 chain criterion:0
map is a permutation
[65535:6]1(18)s(17)s(16)s(15)s(14)s(13)s(12)s(11)s(10)s(9)s(8)s(7)s2(6)s(5)-----.4
product criterion:78 chain criterion:0
map is a permutation
[65535:6]1(18)s(17)s(16)s(15)s(14)s(13)s(12)s(11)s(10)s(9)s(8)s(7)s2(6)s(5)-----.4
product criterion:78 chain criterion:0
map is a permutation
[65535:6]1(18)s(17)s(16)s(15)s(14)s(13)s(12)s(11)s(10)s(9)s(8)s(7)s2(6)s(5)-----.4
product criterion:78 chain criterion:0
map is a permutation
[65535:6]1(18)s(17)s(16)s(15)s(14)s(13)s(12)s(11)s(10)s(9)s(8)s(7)s2(6)s(5)-----.4
product criterion:78 chain criterion:0
map is a permutation
[65535:6]1(18)s(17)s(16)s(15)s(14)s(13)s(12)s(11)s(10)s(9)s(8)s(7)s2(6)s(5)-----.4
product criterion:78 chain criterion:0
map is a permutation
[65535:6]1(18)s(17)s(16)s(15)s(14)s(13)s(12)s(11)s(10)s(9)s(8)s(7)s2(6)s(5)-----.4
product criterion:78 chain criterion:0
map is a permutation
[65535:6]1(18)s(17)s(16)s(15)s(14)s(13)s(12)s(11)s(10)s(9)s(8)s(7)s2(6)s(5)-----.4
product criterion:78 chain criterion:0
map is a permutation
[65535:6]1(18)s(17)s(16)s(15)s(14)s(13)s(12)s(11)s(10)s(9)s(8)s(7)s2(6)s(5)-----.4
product criterion:78 chain criterion:0
map is a permutation
[65535:6]1(18)s(17)s(16)s(15)s(14)s(13)s(12)s(11)s(10)s(9)s(8)s(7)s2(6)s(5)-----.4
product criterion:78 chain criterion:0
map is a permutation
[65535:6]1(18)s(17)s(16)s(15)s(14)s(13)s(12)s(11)s(10)s(9)s(8)s(7)s2(6)s(5)-----.4
product criterion:78 chain criterion:0
map is a permutation
[65535:6]1(18)s(17)s(16)s(15)s(14)s(13)s(12)s(11)s(10)s(9)s(8)s(7)s2(6)s(5)ss(4)sss3----s
product criterion:165 chain criterion:2
map is a permutation
[65535:6]1(18)s(17)s(16)s(15)s(14)s(13)s(12)s(11)s(10)s(9)s(8)s(7)s2(6)s(5)ss(4)sss3----s
product criterion:165 chain criterion:2
map is a permutation
[65535:6]1(18)s(17)s(16)s(15)s(14)s(13)s(12)s(11)s(10)s(9)s(8)s(7)s2(6)s(5)ss(4)sss3----s
product criterion:165 chain criterion:2
map is a permutation
[65535:6]1(18)s(17)s(16)s(15)s(14)s(13)s(12)s(11)s(10)s(9)s(8)s(7)s2(6)s(5)ss(4)sss3----s
product criterion:165 chain criterion:2
map is a permutation
[65535:6]1(18)s(17)s(16)s(15)s(14)s(13)s(12)s(11)s(10)s(9)s(8)s(7)s2(6)s(5)ss(4)sss3----s
product criterion:165 chain criterion:2
map is a permutation
[65535:6]1(18)s(17)s(16)s(15)s(14)s(13)s(12)s(11)s(10)s(9)s(8)s(7)s2(6)s(5)ss(4)sss3----s
product criterion:165 chain criterion:2
(S:18)rrrrrrrrrrrrrrrrrr
(S:18)rrrrrrrrrrrrrrrrrr
(S:18)rrrrrrrrrrrrrrrrrr
// ** _ is no standard basis
// ** _ is no standard basis
Auf Wiedersehen.
                     SINGULAR                                 /  Development
 A Computer Algebra System for Polynomial Computations       /   version 4.3.2
                                                           0<
 by: W. Decker, G.-M. Greuel, G. Pfister, H. Schoenemann     \   Feb 2023
FB Mathematik der Universitaet, D-67653 Kaiserslautern        \  Debian 1:4.3.2-p10+ds-1.1build1
compute hilbert series with std in ring (ZZ/179424673),(x18,x17,x16,x15,x14,x13,x12,x11,x10,x9,x8,x7,x6,x5,x4,x3,x2,x1,@),(dp(19),C)
weights used for hilbert series: 1,1,1,1,1,1,1,1,1,1,1,1,1,1,1,1,1,1,1
[65535:5]1(17)s(16)s(15)s(14)s(13)s(12)s(11)s(10)s2(9)s(8)s(7)ss3(6)s(7)s(8)s(11)s(12)s(16)s4(19)s(21)-s(23)s(26)-s(29)s(34)s(38)s(43)-s(46)s(51)s(57)s(61)s(66)s(70)s5(76)---s(77)s(82)s(85)-s(88)s(93)s(99)--s(103)---(100)----s(102)--(100)--s(106)s(114)-s(118)-------s(115)-s(120)s(126)s(133)s(138)s(143)s(150)-s(157)------s(159)s(167)s(173)s(180)s(186)s(195)--s(200)s(207)s(214)--s(219)s(227)-s(234)s(238)-----ss6(243)-------------------------------------------(200)-----------------------------------------------------------------------------------------------s(111)s(118)s(125)s(132)s(140)s(148)s(157)-s(164)s(173)s(181)s(189)s(197)s(206)------(200)--------------------s(189)----s(194)s(203)--s(210)----------(200)--s(207)-------(200)-----------------------------s(176)s(182)s7(186)--------------------------------------------------------------------------------------(100)-----------------------------------------------------------------------------s(31)----------------------8---------
product criterion:1015 chain criterion:2282
std with hilb in (ZZ/179424673),(x18,x17,x16,x15,x14,x13,x12,x11,x10,x9,x8,x7,x6,x5,x4,x3,x2,x1,@),(lp(18),dp(1),C)
[65535:5]1(87)s(86)s(85)s(84)s(83)s(82)s(81)s(80)s2(79)s(78)s(77)ss3(78)ss(79)s(81)-s(82)s(85)s(89)s(94)s4(100)--s(102)s(104)-s(107)s(111)s(114)--s(117)s(119)s(122)s(125)s(127)s(133)s(138)s(143)s(147)s(151)s(158)s(164)s(170)s(173)-s(177)s(185)s(192)s(199)s(203)s(208)--------(200)---shh5(202)--(200)----s(202)s(205)-s(208)-------s(210)s(213)--s(215)-------s(212)s(216)s(221)s(224)s(228)s(233)--s(236)---s(237)-s(241)--s(248)s(253)s(258)-----s(257)s(263)s(271)s(276)s(285)--s(288)--s(292)s(298)s(305)s(311)---s(310)---s(313)s(320)-s(325)-s(329)-s(335)--s(339)s(347)s(354)---s(356)---s(360)-s(367)s(374)----s(376)---s(380)--s(386)s(395)s(403)-s(406)--s(412)---s(418)-s(426)s(435)----s(438)----s(440)--shhhhhhhhhhhhhhhhhhhhhhhhhhhhhhhhhhhh6(407)-------(400)----------------------------------s(373)s(380)---s----s-----------------------------------s(348)-s(353)--s(355)s(364)--s(368)s(373)s(379)s(385)s(390)-s(394)------------s(389)s(394)s(401)-(400)------------------------------s(374)-s(378)-----s(379)-s(384)s(387)s(393)s(399)---------------------------------------s(369)-s(374)s(381)----------------s(372)-s(378)s(384)s(391)-----s(393)s(399)--s(400)-s(405)--s(411)-s(418)s(422)------------s(414)----s(418)s(426)-------------s(421)s(429)-s(436)s(444)s(452)----ss(458)s(467)s(476)--------s(473)--s(480)s(488)-----------------s(480)s(489)-------------s(485)s(494)-s(502)s(511)s(520)----ss(527)s(534)---------s(531)----s(535)--s(540)------------shhhhhhhhhhhhhhhhhhhhhhhh7(508)--------(500)-------------------------------------------------------------------------------------s(421)---------------------(400)-------------------------------------------------------s(350)--------------------------------------------------(300)-------------------------------------s(270)----------------------------------------------------------------------(200)-------------------------s(182)------------------------s(163)s(171)----------s(169)s(178)s(186)------------------------------------------------------------------------------s(113)---------s(110)--------shhhhhhhhhhhhhhhhh8(93)----s(94)-----------------------------------------------------------s(44)------shhhhhhhhhhhhhhhhhhhhhh9(21)--------------shhhhhhhhhhhhhhhh
product criterion:3287 chain criterion:12175
hilbert series criterion:117
dehomogenization
simplification
imap to ring (ZZ/179424673),(x18,x17,x16,x15,x14,x13,x12,x11,x10,x9,x8,x7,x6,x5,x4,x3,x2,x1),(lp(18),C)
Auf Wiedersehen.
                     SINGULAR                                 /  Development
 A Computer Algebra System for Polynomial Computations       /   version 4.3.2
                                                           0<
 by: W. Decker, G.-M. Greuel, G. Pfister, H. Schoenemann     \   Feb 2023
FB Mathematik der Universitaet, D-67653 Kaiserslautern        \  Debian 1:4.3.2-p10+ds-1.1build1
// ** loaded /usr/bin/../share/singular/LIB/primdec.lib (4.3.2.9,Oct_2023)
// ** loaded /usr/bin/../share/singular/LIB/ring.lib (4.3.1.3,Feb_2023)
// ** loaded /usr/bin/../share/singular/LIB/absfact.lib (4.1.2.0,Feb_2019)
// ** loaded /usr/bin/../share/singular/LIB/triang.lib (4.1.2.0,Feb_2019)
// ** loaded /usr/bin/../share/singular/LIB/matrix.lib (4.3.2.3,Aug_2023)
// ** loaded /usr/bin/../share/singular/LIB/nctools.lib (4.1.2.0,Feb_2019)
// ** loaded /usr/bin/../share/singular/LIB/inout.lib (4.1.2.0,Feb_2019)
// ** loaded /usr/bin/../share/singular/LIB/random.lib (4.1.2.0,Feb_2019)
// ** loaded /usr/bin/../share/singular/LIB/polylib.lib (4.2.0.0,Dec_2020)
// ** loaded /usr/bin/../share/singular/LIB/elim.lib (4.3.2.5,Jul_2023)
// ** loaded /usr/bin/../share/singular/LIB/general.lib (4.1.2.0,Feb_2019)
[65535:5]1(17)s(16)s(15)s(14)s(13)s(12)s(11)s(10)s(9)s2(8)s(7)s(6)s(5)s3(4)s(3)s(2)ss4s
(S:17)-----------------
product criterion:153 chain criterion:0
// ** redefining j (int j = 2;)
rt
// ** redefining p (    poly p = reduce(kb[a]*kb[b], gb);)
rt
// ** redefining b (int b = 1;)
// ** redefining p (    poly p = reduce(kb[a]*kb[b], gb);)
rt
// ** redefining p (    poly p = reduce(kb[a]*kb[b], gb);)
rt
Auf Wiedersehen.

Set::write: Tag String in A[9] is Protected.

Set::setraw: Cannot assign to raw object 1.

Set::write: Tag Plus in -12233501 - 32622666 A[9] is Protected.

Set::write: Tag String in A[9] is Protected.

General::stop: Further output of Set::write will be suppressed during this calculation.

Set::setraw: Cannot assign to raw object 1.
  >> 1 region(s): expReg=3.11s  build=0.074s
  [sector total: 3.192s]
#Non-triv Sectors = 1

