
      +++  sector:  {0, 0, 1, 0, 0, 0, 1, 0, 0}  (1/1)  +++ 
                     SINGULAR                                 /  Development
 A Computer Algebra System for Polynomial Computations       /   version 4.3.2
                                                           0<
 by: W. Decker, G.-M. Greuel, G. Pfister, H. Schoenemann     \   Feb 2023
FB Mathematik der Universitaet, D-67653 Kaiserslautern        \  Debian 1:4.3.2-p10+ds-1.1build1
compute hilbert series with std in ring (ZZ/179424673),(x18,x17,x16,x15,x14,x13,x12,x11,x10,x9,x8,x7,x6,x5,x4,x3,x2,x1,@),(dp(19),C)
weights used for hilbert series: 1,1,1,1,1,1,1,1,1,1,1,1,1,1,1,1,1,1,1
[65535:5]2(18)s(17)s(16)s(15)s(14)s(13)s(12)s(11)s(10)s(9)s(10)s(12)s(15)s(19)s(18)s(20)s(23)s(26)s(30)3---s--s(33)s(42)-s(50)s(57)s(65)----------s(59)s(63)------4--------------s(50)s(57)------------s(53)-s(59)-----s(63)---------------5---------------------------------s(24)s(34)----s(39)------6-ss(45)-----------s----------------7-----------s(26)-----------------8---------
product criterion:321 chain criterion:141
std with hilb in (ZZ/179424673),(x18,x17,x16,x15,x14,x13,x12,x11,x10,x9,x8,x7,x6,x5,x4,x3,x2,x1,@),(lp(18),dp(1),C)
[65535:5]2(37)s(36)s(35)s(34)s(35)s(34)s(33)s(32)s(31)s(30)s(32)s(34)ss(33)s(37)s(38)s(41)s(44)s3(49)-s(53)s(59)s(66)s(71)-s(80)s(87)----s(93)shhhhhhhhhhhhhhhhhhhhhhhh4(77)-----s(80)--s(89)s(101)-(100)s(109)---------(100)shhhhhhhhhhhhhhhhhhhhhhhhhhhhhhhhhhhhhhhhh5(68)------------------s(59)s(69)-shhhhhhhhhhhhhhhhhhhhhhhhhhhhhhhhhhhhhhhhh6(37)s(47)s(58)-shhhhhhhhhhhhhhhhhhhhhhhhhhhhhhh7(37)-shhhhhhhhhhhhhhhhhhhhhhhhhhhhhhhhhhhhhhhhhhhhhhhhh
product criterion:321 chain criterion:152
hilbert series criterion:186
dehomogenization
simplification
imap to ring (ZZ/179424673),(x18,x17,x16,x15,x14,x13,x12,x11,x10,x9,x8,x7,x6,x5,x4,x3,x2,x1),(lp(18),C)
Auf Wiedersehen.
  >> 0 regions (all trivial): expReg=0.746s
  [sector total: 0.755s]
#Non-triv Sectors = 0

