
      +++  sector:  {0, 1, 1, 1, 1, 1, 0, 0, 0}  (1/1)  +++ 
                     SINGULAR                                 /  Development
 A Computer Algebra System for Polynomial Computations       /   version 4.3.2
                                                           0<
 by: W. Decker, G.-M. Greuel, G. Pfister, H. Schoenemann     \   Feb 2023
FB Mathematik der Universitaet, D-67653 Kaiserslautern        \  Debian 1:4.3.2-p10+ds-1.1build1
compute hilbert series with std in ring (ZZ/179424673),(x18,x17,x16,x15,x14,x13,x12,x11,x10,x9,x8,x7,x6,x5,x4,x3,x2,x1,@),(dp(19),C)
weights used for hilbert series: 1,1,1,1,1,1,1,1,1,1,1,1,1,1,1,1,1,1,1
[65535:5]2(18)s(17)s(16)s(15)s(14)s(13)s(12)s(11)s(10)s(9)s(10)s(12)s(15)s(16)s(20)s(22)s(24)s(27)s(32)s3(33)s(37)s(38)s(43)s(50)s(58)s(62)s(65)s(69)s(78)s(83)s(92)s(105)-s(109)s(116)s(122)s(125)s(131)s(137)s(140)s(146)s(152)s(159)s(166)s(175)s(183)s(193)s(204)s(214)s(223)-s(234)-s4(239)------------------s(231)s(241)s(250)-----s(254)------------------------------------------------------(200)---------------------------------s(176)s(183)---s(188)-s(195)----s(200)--s(211)--s(218)s(228)--s(238)-----------s(236)s(250)s(259)-----s(270)s(277)-s(285)-s(292)s(299)---------------------------s(281)s(288)-----------------5-----------------------------------------------------------------------(200)----------s(204)-s(216)---s(223)s(235)-------------s(231)-s(242)----s(251)---s(257)--------s(262)-s(275)---------s(278)-----s(283)--------------------------------s(260)----------s(261)-------------s(258)s(268)-s(277)--------------------------------------s(249)--------6----------------------------------s(215)---------------(200)------------------s(194)-----------------------------------s(169)s(180)-------s(181)-------------------------------------------s(147)-----------------------------------------------(100)----------------------------7-----------------------------------------------------------------------8-
product criterion:1865 chain criterion:1919
std with hilb in (ZZ/179424673),(x18,x17,x16,x15,x14,x13,x12,x11,x10,x9,x8,x7,x6,x5,x4,x3,x2,x1,@),(lp(18),dp(1),C)
[65535:5]2(96)s(95)s(94)s(93)s(92)s(91)s(90)sss(89)s(90)s(92)s(95)s(99)ss(101)ss(103)s(106)s3(109)s(113)s(117)s(122)s(127)s(133)s(136)s(139)s(144)s(152)s(158)s(170)s(175)s(179)s(183)s(187)s(192)s(199)s(205)s(213)s(221)s(231)s(240)-s(248)-s(256)s(265)s(272)s(278)s(284)shhhhhhhhhhhhhhhhhhhhhhhhhhhhhhhh4(264)-----s(272)s(285)-s(292)--------------ss(300)---s(311)-------s(318)s(330)s(339)s(351)s(361)----------s(363)-s(371)---------------------s(359)----s(365)-----------s-----s(368)-----------s(372)-----------s(368)---s(374)----s(377)--s(382)-----------------------------------s(357)----shhhhhhhhhhhhhhhhhhhhhhhhhhhhhhhhhhhhhhhhhhhhhh5(316)----------------(300)-s(313)-------s(320)--------------------(300)-------s(306)--s(315)----s(323)s(334)-s(346)----s(352)-s(364)----------s--s(372)s(383)--s(393)------------------------------------------------s(356)-s(365)---------------s(361)-s(370)s(379)-----s(386)------s(389)-------s(391)----------------------------------------------------shhhhhhhhhhhhhhhhhhhhhhhhhhhhhhhhhhhhhhhhhhhhhhhhhhhhhhhhhhhhh6(287)--s(297)---s(309)---------(300)-s(312)s(326)--------------------------(300)--------------------------------------------------s(261)s(272)--------------------shhhhhhhhhhhhhhhhhhhhhhhhhhhhhhhhhhhhhhhhhhhhhhhhhhhhhhhhhhhhhhhhhhhhhhhhhhhhhhhhhhhhhhhhhhhhhhhhhhhhhhhhhhhhhhhhhhhhhhhhhhhhhhhhhhhhhhhhhhhhhhhhhhhhhhhhhhhhhhhhhhhhhhhhhhhhhhhhhhhhhhhhhhhhhhhhhhhhhhhhhhhhhhhhhhhhhhhhhhhhhhhhhhhhhhhhhhhhhhhhhhhhhhhhhhhhhhhhhhhhhhhhhh
product criterion:1988 chain criterion:2175
hilbert series criterion:405
dehomogenization
simplification
imap to ring (ZZ/179424673),(x18,x17,x16,x15,x14,x13,x12,x11,x10,x9,x8,x7,x6,x5,x4,x3,x2,x1),(lp(18),C)
Auf Wiedersehen.
  >> 0 regions (all trivial): expReg=0.555s
  [sector total: 0.5640000000000001s]
#Non-triv Sectors = 0

