
      +++  sector:  {1, 1, 1, 0, 1, 0, 0, 0, 0}  (1/1)  +++ 
                     SINGULAR                                 /  Development
 A Computer Algebra System for Polynomial Computations       /   version 4.3.2
                                                           0<
 by: W. Decker, G.-M. Greuel, G. Pfister, H. Schoenemann     \   Feb 2023
FB Mathematik der Universitaet, D-67653 Kaiserslautern        \  Debian 1:4.3.2-p10+ds-1.1build1
compute hilbert series with std in ring (ZZ/179424673),(x18,x17,x16,x15,x14,x13,x12,x11,x10,x9,x8,x7,x6,x5,x4,x3,x2,x1,@),(dp(19),C)
weights used for hilbert series: 1,1,1,1,1,1,1,1,1,1,1,1,1,1,1,1,1,1,1
[65535:5]2(18)s(17)s(16)s(15)s(14)ss(15)s(14)s(15)s(14)s(13)s(12)s(11)s(12)s(16)s(18)s(19)s(21)s(24)s3(29)---s(28)---s(29)s(34)s(43)s(53)-----s-s(59)s(62)-s(66)-s(71)ss(77)s(83)s(89)-4------------s(87)s(95)----s(99)----s(103)---(100)----s(105)s(116)s(120)-s(126)------s(129)------------------s(114)s(122)s(129)---------------5-------------s(105)---s(110)-s(119)----s(118)-------s(116)----------------(100)--s(107)-------(100)-----------s(98)-----------s(92)--s(99)s(107)-------(100)--------------6--------------------s(78)---s(84)-------s(83)-s(93)s(103)---(100)-------------------s(91)------------------------7----------s(61)----s(60)----------s(61)---------s(54)-----------------------------8-------------------------
product criterion:914 chain criterion:686
std with hilb in (ZZ/179424673),(x18,x17,x16,x15,x14,x13,x12,x11,x10,x9,x8,x7,x6,x5,x4,x3,x2,x1,@),(lp(18),dp(1),C)
[65535:5]2(64)s(63)s(62)s(61)s(60)s(59)s(58)s(57)sss(56)s(57)s(60)s(59)ss(61)s(64)s(66)s(70)s3(73)-s(77)s(82)s(91)------s(94)s(100)-s(104)s(112)-s(115)s(120)-----ss(126)-shhhhhhhhhhhhhhh4(115)----s(119)s(130)--s(139)s(149)-----s(152)-s(159)------s(161)------------s(156)s(164)------s(167)--s(172)--------------shhhhhhhhhhhhhhhhhhhhh5(144)---s(153)---s(162)----------------s(156)s(165)----s(170)--s(177)--------------------s(165)---------s(164)--------------s(160)---------------------shhhhhhhhhhhhhhhhhhhhhhhhhhh6(122)-----s(128)-------------------s(120)----s(126)----------s(127)s(136)---s(142)------------shhhhhhhhhhhhhhhhhhhhhhhhhhhhhhhhhhhhhhhhhhhhhhhhhhhhhhhh7(86)-s(96)------s(101)-(100)--s(109)-------s(112)------------(100)---------shhhhhhhhhhhhhhhhhhhhhhhhhhhhhhhhhhhhhhhhhhhhhhhhhhhhhhhhhhhhhhhhhhhhhhhhhhhhhhhhhhhhhhhhhhhhhhhhhhhhhh
product criterion:886 chain criterion:715
hilbert series criterion:221
dehomogenization
simplification
imap to ring (ZZ/179424673),(x18,x17,x16,x15,x14,x13,x12,x11,x10,x9,x8,x7,x6,x5,x4,x3,x2,x1),(lp(18),C)
Auf Wiedersehen.
  >> 0 regions (all trivial): expReg=0.533s
  [sector total: 0.541s]
#Non-triv Sectors = 0

