
      +++  sector:  {1, 1, 0, 1, 1, 1, 0, 0, 0}  (1/1)  +++ 
                     SINGULAR                                 /  Development
 A Computer Algebra System for Polynomial Computations       /   version 4.3.2
                                                           0<
 by: W. Decker, G.-M. Greuel, G. Pfister, H. Schoenemann     \   Feb 2023
FB Mathematik der Universitaet, D-67653 Kaiserslautern        \  Debian 1:4.3.2-p10+ds-1.1build1
compute hilbert series with std in ring (ZZ/179424673),(x18,x17,x16,x15,x14,x13,x12,x11,x10,x9,x8,x7,x6,x5,x4,x3,x2,x1,@),(dp(19),C)
weights used for hilbert series: 1,1,1,1,1,1,1,1,1,1,1,1,1,1,1,1,1,1,1
[65535:5]2(18)s(17)s(16)s(15)s(14)s(13)s(12)s(11)s(10)s(9)s(10)s(12)s(15)s(16)s(20)s(21)s(22)s(24)s(28)s3(33)s(37)s(38)s(42)s(46)s(53)s(61)s(66)s(73)s(76)s(82)s(90)s(99)s(110)-s(116)s(123)s(131)s(135)s(141)s(147)s(152)s(160)s(166)s(178)s(177)s(184)s(193)s(202)s(211)s(218)s(229)s(238)-4---------------s(232)s(242)s(251)-----s(255)-------------------------------------------------------(200)-----------------------------------s(173)---s(178)-s(187)----s(191)----s(195)s(205)--s(215)---s(225)s(236)-s(244)--------s(245)s(255)s(268)------s(273)--s(280)---------------s(273)s(283)s(292)--------------------------5------------------------------------------------------------------(200)-----------------------------s(184)--s(190)-s(199)----s(208)-------s(211)s(222)s(233)---s(243)-s(255)----------s(258)-----------s(259)----------------s(255)--s(263)----------------------------s(244)----s(248)---s(254)--------------------s(245)-----------------6----------------------------(200)-------------------------------------------------------s(154)------------------------------------------------------(100)--------------------------------------------------------------------------------------7--------------
product criterion:1681 chain criterion:1526
std with hilb in (ZZ/179424673),(x18,x17,x16,x15,x14,x13,x12,x11,x10,x9,x8,x7,x6,x5,x4,x3,x2,x1,@),(lp(18),dp(1),C)
[65535:5]2(89)s(88)ss(87)s(86)s(85)s(84)sssss(85)ss(87)ss(90)s(92)s(94)s(97)s3(100)s(103)s(107)s(112)s(118)s(126)s(132)s(137)s(141)s(144)s(150)s(161)s(166)s(170)s(174)s(180)s(193)s(204)ss(210)s(218)s(227)s(236)s(244)-s(253)s(262)s(268)shhhhhhhhhhhhhhhhhhhhhhhhhhhhhhhhh4(241)-----s(249)s(262)-s(270)----------------s(265)-s(278)s(288)---s(299)--------s(304)s(317)s(326)s(339)---------s-s(350)-s(357)------------------------s(342)-------------s(338)-------s(346)--------s(350)----------s(349)---s(355)---s(360)-----------------------------------shhhhhhhhhhhhhhhhhhhhhhhhhhhhhhhhhhh5(298)-------------------s(292)s(305)s(315)------------s(316)----------------(300)--s(311)---------s(314)s(325)----s(334)s(344)-s(353)s(365)--s(376)---s(383)---------s(385)s(397)----s(405)-----(400)-------------------------------------s(374)-s(383)---------------------------------------------s(350)---------------------------------------------shhhhhhhhhhhhhhhhhhhhhhhhhhhhhhhhhhhhhhhhhhhh6(269)-------------------s(263)---------------------------------------------------------------(200)------------------------------------shhhhhhhhhhhhhhhhhhhhhhhhhhhhhhhhhhhhhhhhhhhhhhhhhhhhhhhhhhhhhhhhhhhhhhhhhhhhhhhhhhhhhhhhhhhhhhhhhhhhhhhhhhhhhhhhhhhhhhhhhhhhhhhhhhhhhhhhhhhhhhhhhhhhhhhhhhhhhhhhhhhhhhhhhhhhhhhhhh
product criterion:1597 chain criterion:1634
hilbert series criterion:290
dehomogenization
simplification
imap to ring (ZZ/179424673),(x18,x17,x16,x15,x14,x13,x12,x11,x10,x9,x8,x7,x6,x5,x4,x3,x2,x1),(lp(18),C)
Auf Wiedersehen.
  >> 0 regions (all trivial): expReg=0.553s
  [sector total: 0.562s]
#Non-triv Sectors = 0

