
      +++  sector:  {0, 1, 1, 0, 1, 0, 1, 0, 0}  (1/1)  +++ 
                     SINGULAR                                 /  Development
 A Computer Algebra System for Polynomial Computations       /   version 4.3.2
                                                           0<
 by: W. Decker, G.-M. Greuel, G. Pfister, H. Schoenemann     \   Feb 2023
FB Mathematik der Universitaet, D-67653 Kaiserslautern        \  Debian 1:4.3.2-p10+ds-1.1build1
compute hilbert series with std in ring (ZZ/179424673),(x18,x17,x16,x15,x14,x13,x12,x11,x10,x9,x8,x7,x6,x5,x4,x3,x2,x1,@),(dp(19),C)
weights used for hilbert series: 1,1,1,1,1,1,1,1,1,1,1,1,1,1,1,1,1,1,1
[65535:5]2(18)s(17)s(16)s(15)s(14)s(13)s(12)s(11)s(10)s(9)s(10)s(12)s(13)s(16)s(21)s(22)s(26)s(29)s(34)s3(35)s(38)s(43)s(48)s(52)s(59)s(67)s(75)s(83)s(86)s(95)s(102)s(105)s(114)s(122)s(129)s(135)s(144)-s(150)s(158)s(167)s(171)s(178)s(186)s(193)s(199)s(203)s(211)s(221)s(227)s(236)s(244)s(253)s(262)-s4(268)s(278)s(289)--s(297)----s(305)-s(315)---------s(320)s(331)s(343)--s(355)s(368)----------------s(367)---------------------s(362)-------s(367)s(380)s(393)s(403)-s(413)s(423)---s(433)------s(435)s(445)-s(454)s(459)----s(465)s(474)s(485)s(497)-s(504)s(515)s(527)----s(536)s(547)---s(553)-s(563)-s(575)s(586)-s(600)s(608)------s(610)s(619)s(631)-s(646)---------------s(643)-s(654)-----------------------s(639)----s(644)s(654)------s(665)-----s(671)------------------s(663)s(675)s(683)----------------------------5-s(668)s(683)-s(696)------s(706)------(700)----s(711)---s(723)--s(737)---s(750)--------------------------------------------------(700)----------------------------s(686)s(700)s(714)---s(726)--------------s(728)--------s(734)-------------s(738)-----------------s(736)------------------------------------(700)-----------------------------------------------------------------------------s(638)s(650)-s(661)-s(672)s(688)-------s(691)------------------------s(678)--s(686)s(697)-s(711)s(723)s(736)s(749)----s(760)----------s(761)-s(772)---------s(773)--------------s(772)---------------s(773)-s(785)--------s(790)--------------------------------------------------------------s(740)--s(750)------s(754)-s(764)---s(773)s(785)----------s(787)---s(796)s(809)s(820)s(832)s(843)------------------s(837)------------s(836)-s(847)-----------------------------s(830)---s(840)-----s(847)------------------------s(836)--------------6----------------------(800)----------------------------------------------------------------------------------------------------(700)----------------------------------------------------------------------------------------------------(600)----------------------------------------------------------------------------------------------------(500)----------------------------------------------------------------------------------------------------(400)---------------------------------------------------------------s(349)--s(359)---------s(363)----s(372)-------------------------------s(351)------------------s(343)s(354)-----------------------------------s(331)--s(341)s(354)-----------s(356)----------------------------s(339)---------s(343)----s(352)s(365)--------s(370)----------------------------------------------s(337)---------------s(336)--------s(341)s(355)------------------------------------s(332)s(346)---------------s(344)s(358)---------------------------7-------------------------------(300)-------------------------------s(280)-s(291)-s(303)---(300)----------s(302)-s(314)----s(323)-------------s(324)s(338)---s(350)--------------------------------------------------(300)----------------------s(290)s(303)---(300)------------s(301)-(300)--------------------------------s(281)------------------s(277)-----------------------------------------------------------------------------(200)----8------------------------------------------------------------------------------------------------(100)----------------------------------------------------------------------------------------------------
product criterion:4997 chain criterion:12457
std with hilb in (ZZ/179424673),(x18,x17,x16,x15,x14,x13,x12,x11,x10,x9,x8,x7,x6,x5,x4,x3,x2,x1,@),(lp(18),dp(1),C)
[65535:5]2(198)s(197)s(196)s(195)s(194)s(193)s(192)s(191)s(190)s(189)s(190)s(191)s(193)s(195)s(197)s(198)s(202)s(207)s(209)s3(214)s(219)s(222)s(230)s(231)s(235)s(241)s(249)s(257)s(264)s(268)s(277)s(285)s(293)s(300)s(308)s(313)s(321)s(329)s(334)s(343)s(349)s(359)s(367)s(374)s(384)s(393)-s(403)s(409)s(415)s(422)s(430)s(438)shhhhhhhhhhhhhhhhhhhhhhhhhhhhhhhhhhh4(412)-s(425)s(436)s(445)s(453)s(464)s(475)s(484)s(492)s(497)-s(508)s(521)-s(532)-s(545)s(556)s(566)--s(576)s(586)s(597)--s(607)s(617)s(627)s(638)-s(645)s(657)s(666)-s(679)---s(687)--s(698)-s(708)s(722)---s(728)s(738)s(748)---------s(752)-s(762)s(777)s(786)-s(796)-----------------s(793)s(806)----s(814)--s(827)-s(835)---s(844)s(853)-s(862)-s(870)--------------s(865)s(875)--s(884)-------s(889)--s(904)--s(915)-----s(923)-------------------s(914)------------s(912)------------(900)-------------s(899)-----------------------shhhhhhhhhhhhhhhhhhhhhhhhhhhhhhhhhhhhhhhhhhhhhhhhhhhhhhhhhhhhhhhhhhhhhhhhhh5(810)s(824)s(839)s(853)-s(867)s(882)---s(893)s(907)-------(900)------------------s(896)--s(908)s(924)--s(934)--s(945)s(957)---s(970)s(986)s(1002)--(1000)-s(1016)---s(1028)----s(1038)-------s(1046)---------s(1052)------------s---s(1063)s(1076)-----s(1087)----s(1098)--------s(1106)------(1100)-------s(1103)---(1100)-----s(1107)s(1120)----------s(1121)-s(1132)---s(1139)---------------------------s(1125)s(1135)----------s(1133)---------------------------------(1100)-----------------s(1094)----------------s(1089)---s(1098)----s(1106)------(1100)----s(1105)---s(1114)---------s(1115)-s(1125)----s(1133)---------------------------------(1100)-------------------s(1092)---------------------------------------s(1062)----s(1067)------------s(1065)--------------------s(1056)--------------------s(1048)-----------s(1050)--------------------------------s(1029)-----------------------------(1000)--------------------------------------------------------shhhhhhhhhhhhhhhhhhhhhhhhhhhhhhhhhhhhhhhhhhhhhhhhhhhhhhhhhhhhhhhhhhhhhhhhhhhhhhhhhhhhhhhhhhhhhhhhhhhhhhhhhhhhhhhhhhhhhhhhhhhhhhhhh6(827)---------------------------(800)--------------------------------------------------s(762)----s(770)---s(780)s(793)s(806)------(800)--------------------------------------------------------------------s(744)----s(753)s(766)------------------------------------------s(737)--s(748)--s(759)s(772)--s(783)-s(795)-s(808)--------(800)--------------s(799)s(812)------------(800)------------s(802)--(800)-------------------------s(788)s(802)--(800)----------------------------------------------------------------------------------------------------(700)-------------------------------s(682)-----------s(684)----------------s(678)----------------------------------------------------------s(631)-------------------------------(600)----------------------------s(582)--------s(587)----s(593)---s(601)-(600)shhhhhhhhhhhhhhhhhhhhhhhhhhhhhhhhhhhhhhhhhhhhhhhhhhhhhhhhhhhhhhhhhhhhhhhhhhhhhhhhhhhhhhhhhhhhhhhhhhhhhhhhhhhhhhhhhhhhhhhhhhhhhhhhhhhhhhhhhhhhhhhhhhhhhhhhhhhhhhhhhhhhhhhhhhhhhhhhhhhhhhhhhhhhhhhhhhhhhhhhh7(411)--s(420)-----s(428)---s(437)-s(448)s(461)----------s(465)----------s(469)s(484)--s(497)--s(508)s(520)----s(531)--s(542)s(555)--------------------------------------------------s(517)-shhhhhhhhhhhhhhhhhhhhhhhhhhhhhhhhhhhhhhhhhhhhhhhhhhhhhhhhhhhhhhhhhhhhhhhhhhhhhhhhhhhhhhhhhhhhhhhhhhhhhhhhhhhhhhhhhhhhhhhhhhhhhhhhhhhhhhhhhhhhhhhhhhhhhhhhhhhhhhhhhhhhhhhhhhhhhhhhhhhhhhhhhhhhhhhhhhhhhhhhhhhhhhhhhhhhhhhhhhhhhhhhhhhhhhhhhhhhhhhhhhhhhhhhhhhhhhhhhhhhhhhhhhhhhhhhhhhhhhhhhhhhhhhhhhhhhhhhhhhhhhhh8(225)-----------s(227)-------s(234)----------------------------------(200)----shhhhhhhhhhhhhhhhhhhhhhhhhhhhhhhhhhhhhhhhhhhhhhhhhhhhhhhhhhhhhhhhhhhhhhhhhhhhhhhhhhhhhhhhhhhhhhhhhhhhhhhhhhhhhhhhhhhhhhhhhhhhhhhhhhhhhhhhhhhhhhhhhhhhhhhhhhhhhhhhhhhhhhhhhhhhhhhhhhhhhhhhhhhhhhhhhhhhhhhhhhhhhhhhhhh
product criterion:6210 chain criterion:13748
hilbert series criterion:954
dehomogenization
simplification
imap to ring (ZZ/179424673),(x18,x17,x16,x15,x14,x13,x12,x11,x10,x9,x8,x7,x6,x5,x4,x3,x2,x1),(lp(18),C)
Auf Wiedersehen.
                     SINGULAR                                 /  Development
 A Computer Algebra System for Polynomial Computations       /   version 4.3.2
                                                           0<
 by: W. Decker, G.-M. Greuel, G. Pfister, H. Schoenemann     \   Feb 2023
FB Mathematik der Universitaet, D-67653 Kaiserslautern        \  Debian 1:4.3.2-p10+ds-1.1build1
// ** loaded /usr/bin/../share/singular/LIB/primdec.lib (4.3.2.9,Oct_2023)
// ** loaded /usr/bin/../share/singular/LIB/ring.lib (4.3.1.3,Feb_2023)
// ** loaded /usr/bin/../share/singular/LIB/absfact.lib (4.1.2.0,Feb_2019)
// ** loaded /usr/bin/../share/singular/LIB/triang.lib (4.1.2.0,Feb_2019)
// ** loaded /usr/bin/../share/singular/LIB/matrix.lib (4.3.2.3,Aug_2023)
// ** loaded /usr/bin/../share/singular/LIB/nctools.lib (4.1.2.0,Feb_2019)
// ** loaded /usr/bin/../share/singular/LIB/inout.lib (4.1.2.0,Feb_2019)
// ** loaded /usr/bin/../share/singular/LIB/random.lib (4.1.2.0,Feb_2019)
// ** loaded /usr/bin/../share/singular/LIB/polylib.lib (4.2.0.0,Dec_2020)
// ** loaded /usr/bin/../share/singular/LIB/elim.lib (4.3.2.5,Jul_2023)
// ** loaded /usr/bin/../share/singular/LIB/general.lib (4.1.2.0,Feb_2019)
map with cache
map with cache
map with cache
map with cache
map with cache
map with cache
map with cache
map with cache
map with cache
map with cache
map with cache
map with cache
map with cache
map with cache
map with cache
map with cache
map with cache
map with cache
std in (ZZ/179424673),(x18,x17,x16,x15,x14,x13,x12,x11,x10,x9,x8,x7,x6,x5,x4,x3,x2,x1),(dp(18),C)
[65535:5]1(17)s(16)s(15)s(14)s(13)s(12)s(11)s(10)s(9)s(8)s(7)s(6)s(5)s(4)s(3)s(2)sss
(S:17)-----------------
product criterion:153 chain criterion:0
[65535:5]1(17)s(16)s(15)s(14)s(13)s(12)s(11)s(10)s(9)s(8)s(7)s(6)s(5)s(4)s(3)s(2)sss
(S:17)-----------------
product criterion:153 chain criterion:0
map is a permutation
[65535:6]1(18)s(17)s(16)s(15)s(14)s(13)s(12)s(11)s(10)s(9)s(8)s(7)s(6)s(5)s(4)s(3)s(2)sss
(S:18)------------------
product criterion:171 chain criterion:0
[65535:5]1(17)s(16)s(15)s(14)s(13)s(12)s(11)s(10)s(9)s(8)s(7)s(6)s(5)s(4)s(3)s(2)sss
(S:17)-----------------
product criterion:153 chain criterion:0
{1}[65535:7]1(17)s(16)s(15)s(14)s(13)s(12)s(11)s(10)s(9)s(8)s(7)s(6)s(5)s(4)s(3)s(2)sss
(S:18)-------------------
product criterion:0 chain criterion:0
(S:18)rrrrrrrrrrrrrrrrrr
[65535:5]1(17)s(16)s(15)s(14)s(13)s(12)s(11)s(10)s(9)s(8)s(7)s(6)s(5)s(4)s(3)s(2)sss
(S:17)-----------------
product criterion:153 chain criterion:0
intersect by elimination method
[65535:7]1(18)s2(17)s(16)s(15)s(14)s(13)s(12)s(11)s(10)s(9)s(8)s(7)s(6)s(5)s(4)s(3)s(2)sss
(S:18)------------------
product criterion:171 chain criterion:0
map is a permutation
[65535:6]1(18)s(17)s(16)s(15)s(14)s(13)s(12)s(11)s(10)s(9)s(8)s(7)s(6)s(5)s(4)s(3)s(2)ss2s
(S:0)
product criterion:171 chain criterion:0
map is a permutation
[65535:6]1(18)s(17)s(16)s(15)s(14)s(13)s(12)s(11)s(10)s(9)s(8)s(7)s(6)s(5)s(4)s(3)s(2)ss2s
(S:0)
product criterion:171 chain criterion:0
map is a permutation
[65535:6]1(18)s(17)s(16)s(15)s(14)s(13)s(12)s(11)s(10)s(9)s(8)s(7)s(6)s(5)s(4)s(3)s(2)ss2s
(S:0)
product criterion:171 chain criterion:0
map is a permutation
[65535:6]1(18)s(17)s(16)s(15)s(14)s(13)s(12)s(11)s(10)s(9)s(8)s(7)s(6)s(5)s(4)s(3)s(2)ss2s
(S:0)
product criterion:171 chain criterion:0
map is a permutation
[65535:6]1(18)s(17)s(16)s(15)s(14)s(13)s(12)s(11)s(10)s(9)s(8)s(7)s(6)s(5)s(4)s(3)s(2)ss2s
(S:0)
product criterion:171 chain criterion:0
map is a permutation
[65535:6]1(18)s(17)s(16)s(15)s(14)s(13)s(12)s(11)s(10)s(9)s(8)s(7)s(6)s(5)s(4)s(3)s(2)ss2s
(S:0)
product criterion:171 chain criterion:0
map is a permutation
[65535:6]1(18)s(17)s(16)s(15)s(14)s(13)s(12)s(11)s(10)s(9)s(8)s(7)s(6)s(5)s(4)s(3)s(2)ss2s
(S:0)
product criterion:171 chain criterion:0
map is a permutation
[65535:6]1(18)s(17)s(16)s(15)s(14)s(13)s(12)s(11)s(10)s(9)s(8)s(7)s(6)s(5)s(4)s(3)s(2)ss2s
(S:0)
product criterion:171 chain criterion:0
map is a permutation
[65535:6]1(18)s(17)s(16)s(15)s(14)s(13)s(12)s(11)s(10)s(9)s(8)s(7)s(6)s(5)s(4)s(3)s(2)ss2s
(S:0)
product criterion:171 chain criterion:0
map is a permutation
[65535:6]1(18)s(17)s(16)s(15)s(14)s(13)s(12)s(11)s(10)s(9)s(8)s(7)s(6)s(5)s(4)s(3)s(2)ss2s
(S:0)
product criterion:171 chain criterion:0
map is a permutation
[65535:6]1(18)s(17)s(16)s(15)s(14)s(13)s(12)s(11)s(10)s(9)s(8)s(7)s(6)s(5)s(4)s(3)s(2)ss2s
(S:0)
product criterion:171 chain criterion:0
map is a permutation
[65535:6]1(18)s(17)s(16)s(15)s(14)s(13)s(12)s(11)s(10)s(9)s(8)s(7)s(6)s(5)s(4)s(3)s(2)ss2s
(S:0)
product criterion:171 chain criterion:0
map is a permutation
[65535:6]1(18)s(17)s(16)s(15)s(14)s(13)s(12)s(11)s(10)s(9)s(8)s(7)s(6)s(5)s(4)s(3)s(2)ss2s
(S:0)
product criterion:171 chain criterion:0
map is a permutation
[65535:6]1(18)s(17)s(16)s(15)s(14)s(13)s(12)s(11)s(10)s(9)s(8)s(7)s(6)s(5)s(4)s(3)s(2)ss2s
(S:0)
product criterion:171 chain criterion:0
map is a permutation
[65535:6]1(18)s(17)s(16)s(15)s(14)s(13)s(12)s(11)s(10)s(9)s(8)s(7)s(6)s(5)s(4)s(3)s(2)ss2s
(S:0)
product criterion:171 chain criterion:0
map is a permutation
[65535:6]1(18)s(17)s(16)s(15)s(14)s(13)s(12)s(11)s(10)s(9)s(8)s(7)s(6)s(5)s(4)s(3)s(2)ss2s
(S:0)
product criterion:171 chain criterion:0
map is a permutation
[65535:6]1(18)s(17)s(16)s(15)s(14)s(13)s(12)s(11)s(10)s(9)s(8)s(7)s(6)s(5)s(4)s(3)s(2)ss2s
(S:0)
product criterion:171 chain criterion:0
map is a permutation
[65535:6]1(18)s(17)s(16)s(15)s(14)s(13)s(12)s(11)s(10)s(9)s(8)s(7)s(6)s(5)s(4)s(3)s(2)ss2s
(S:0)
product criterion:171 chain criterion:0
[65535:5]1(17)s(16)s(15)s(14)s(13)s(12)s(11)s(10)s(9)s(8)s(7)s(6)s(5)s(4)s(3)s(2)sss
(S:17)-----------------
product criterion:153 chain criterion:0
// ** _ is no standard basis
Auf Wiedersehen.
                     SINGULAR                                 /  Development
 A Computer Algebra System for Polynomial Computations       /   version 4.3.2
                                                           0<
 by: W. Decker, G.-M. Greuel, G. Pfister, H. Schoenemann     \   Feb 2023
FB Mathematik der Universitaet, D-67653 Kaiserslautern        \  Debian 1:4.3.2-p10+ds-1.1build1
compute hilbert series with std in ring (ZZ/179424673),(x18,x17,x16,x15,x14,x13,x12,x11,x10,x9,x8,x7,x6,x5,x4,x3,x2,x1,@),(dp(19),C)
weights used for hilbert series: 1,1,1,1,1,1,1,1,1,1,1,1,1,1,1,1,1,1,1
[65535:5]1(17)s(16)s(15)s(14)s(13)s(12)s(11)s(10)s(9)s(8)s(7)s2(6)s(5)ss(6)s3(8)ss(9)s(11)s(12)s(14)s(16)s(22)s(23)s4(27)-s(31)----------------------5---------
product criterion:232 chain criterion:28
std with hilb in (ZZ/179424673),(x18,x17,x16,x15,x14,x13,x12,x11,x10,x9,x8,x7,x6,x5,x4,x3,x2,x1,@),(lp(18),dp(1),C)
[65535:5]1(24)s(23)s(22)s(21)s(20)s(19)s(18)s(17)s(16)s(15)s(14)s2(13)s(12)ss(13)s3(15)ss(16)s(17)s(19)s(21)s(23)s(26)s(30)shhhhhh4(29)-------s(26)s(31)-----s(29)---s-----shhhhhhhhhhhhhhhhhhhhhhhhhhhh
product criterion:300 chain criterion:48
hilbert series criterion:34
dehomogenization
simplification
imap to ring (ZZ/179424673),(x18,x17,x16,x15,x14,x13,x12,x11,x10,x9,x8,x7,x6,x5,x4,x3,x2,x1),(lp(18),C)
Auf Wiedersehen.
                     SINGULAR                                 /  Development
 A Computer Algebra System for Polynomial Computations       /   version 4.3.2
                                                           0<
 by: W. Decker, G.-M. Greuel, G. Pfister, H. Schoenemann     \   Feb 2023
FB Mathematik der Universitaet, D-67653 Kaiserslautern        \  Debian 1:4.3.2-p10+ds-1.1build1
// ** loaded /usr/bin/../share/singular/LIB/primdec.lib (4.3.2.9,Oct_2023)
// ** loaded /usr/bin/../share/singular/LIB/ring.lib (4.3.1.3,Feb_2023)
// ** loaded /usr/bin/../share/singular/LIB/absfact.lib (4.1.2.0,Feb_2019)
// ** loaded /usr/bin/../share/singular/LIB/triang.lib (4.1.2.0,Feb_2019)
// ** loaded /usr/bin/../share/singular/LIB/matrix.lib (4.3.2.3,Aug_2023)
// ** loaded /usr/bin/../share/singular/LIB/nctools.lib (4.1.2.0,Feb_2019)
// ** loaded /usr/bin/../share/singular/LIB/inout.lib (4.1.2.0,Feb_2019)
// ** loaded /usr/bin/../share/singular/LIB/random.lib (4.1.2.0,Feb_2019)
// ** loaded /usr/bin/../share/singular/LIB/polylib.lib (4.2.0.0,Dec_2020)
// ** loaded /usr/bin/../share/singular/LIB/elim.lib (4.3.2.5,Jul_2023)
// ** loaded /usr/bin/../share/singular/LIB/general.lib (4.1.2.0,Feb_2019)
[65535:5]1(17)s(16)s(15)s(14)s(13)s(12)s(11)s(10)s(9)s(8)s(7)s(6)s(5)s(4)s2(3)s(2)sss
(S:17)-----------------
product criterion:153 chain criterion:0
// ** redefining j (int j = 2;)
rt
Auf Wiedersehen.

Set::setraw: Cannot assign to raw object 1.

Set::setraw: Cannot assign to raw object 1.
  >> 1 region(s): expReg=1.817s  build=0.055s
  [sector total: 1.8800000000000001s]
#Non-triv Sectors = 1

