
      +++  sector:  {1, 1, 1, 0, 0, 0, 0, 0, 0}  (1/1)  +++ 
                     SINGULAR                                 /  Development
 A Computer Algebra System for Polynomial Computations       /   version 4.3.2
                                                           0<
 by: W. Decker, G.-M. Greuel, G. Pfister, H. Schoenemann     \   Feb 2023
FB Mathematik der Universitaet, D-67653 Kaiserslautern        \  Debian 1:4.3.2-p10+ds-1.1build1
compute hilbert series with std in ring (ZZ/179424673),(x18,x17,x16,x15,x14,x13,x12,x11,x10,x9,x8,x7,x6,x5,x4,x3,x2,x1,@),(dp(19),C)
weights used for hilbert series: 1,1,1,1,1,1,1,1,1,1,1,1,1,1,1,1,1,1,1
[65535:5]2(13)s(12)s(11)s(10)s(9)s(8)s(7)s(6)s(5)s(4)s(5)s(6)s(8)s(11)s3(15)s(17)s(22)s(28)s(35)s(39)s(41)s(44)s(47)s(49)s(55)s(58)s(63)s(68)s(73)s(76)s4(80)s(85)s(90)-s(95)s(101)-(100)-----------s(98)--------s(96)------s----s(99)----s(102)s(109)s(116)-----s(120)s(126)-----s(127)s(135)s(141)------s(144)s(154)s(165)------5-s----------s(164)----------------------------------s(140)s(149)-s(159)-s(169)s(179)s(191)-s(201)-(200)-------------------------------------------------s(158)-s(166)--s(172)----s(176)----------------s(169)------s(172)s(179)-----------6--------------s(164)-s(173)-s(182)-----------------------------------------s(152)-s(164)----------------------------------------------s(129)-s(136)-------s(139)s(149)s(158)---------------s(152)---------------------7-------------------------------(100)-----------------s(95)s(107)-------(100)-----------------s(93)s(104)--s(112)----------s--------s(114)--------------(100)------------8-s(98)-s(108)--------(100)----------------------------------------------------------------------------9------------------------
product criterion:1159 chain criterion:1753
std with hilb in (ZZ/179424673),(x18,x17,x16,x15,x14,x13,x12,x11,x10,x9,x8,x7,x6,x5,x4,x3,x2,x1,@),(lp(18),dp(1),C)
[65535:5]2(84)s(83)ss(82)s(81)s(80)s(79)s(78)ss(77)ss(79)ss(82)s3(84)s(87)s(93)s(98)s(102)s(108)s(110)s(114)s(116)s(120)s(123)s(128)s(131)s(135)shhhhhhhhhhhhhhhh4(123)s(128)s(133)-s(138)s(145)-s(150)s(158)s(166)s(175)s(182)----------s(178)s(184)----------s(180)--s(185)-s(191)-s(198)-----------s(193)------s(196)-s(204)--shhhhhhhhhhhhhhhhhhhh5(193)s(200)----------------------------s(181)s(193)-s(201)s(210)----s(216)s(229)-s(238)--s(247)-s(254)-------s(256)--------s(262)-----------s(259)-----------------s(249)--------------------s(239)-------------------shhhhhhhhhhhhhhhhhhhhhhhhhhhhhhhhhhh6(194)---s(201)-(200)------s(205)-s(216)-s(228)-s(240)---------------s(234)s(244)----s(250)s(260)------------s(257)---s(265)------------------s(255)-----s(259)----------------s(253)s(263)---------shhhhhhhhhhhhhhhhhhhhhhhhhhhhhhhhhhhhhhhhhhhhhhhhhhhhhhhhhhhhhhhhhhhhhh7(196)-s(207)s(217)---s(226)--------------------------(200)--s(208)--------(200)--------------------s(190)-----s(194)---------------shhhhhhhhhhhhhhhhhhhhhhhhhhhhhhhhhhhhhhhhhhhhhhhhhhhhhhhhhhhhhhhhhhhhhhhhhhhhhhhhhhhhhhhhhhhhhhhhhhhhh8(88)s(99)shhhhhhhhhhhhhhhhhhhhhhhhhhhhhhhhhhhhhhhhhhhhhhhhhhhhhhhhhhhhhhhhhhhhhhhhhhhhhhhhhhhhhhhhhhhhhhhhhhhhhhhhhhhhhhh
product criterion:1116 chain criterion:2016
hilbert series criterion:353
dehomogenization
simplification
imap to ring (ZZ/179424673),(x18,x17,x16,x15,x14,x13,x12,x11,x10,x9,x8,x7,x6,x5,x4,x3,x2,x1),(lp(18),C)
Auf Wiedersehen.
                     SINGULAR                                 /  Development
 A Computer Algebra System for Polynomial Computations       /   version 4.3.2
                                                           0<
 by: W. Decker, G.-M. Greuel, G. Pfister, H. Schoenemann     \   Feb 2023
FB Mathematik der Universitaet, D-67653 Kaiserslautern        \  Debian 1:4.3.2-p10+ds-1.1build1
// ** loaded /usr/bin/../share/singular/LIB/primdec.lib (4.3.2.9,Oct_2023)
// ** loaded /usr/bin/../share/singular/LIB/ring.lib (4.3.1.3,Feb_2023)
// ** loaded /usr/bin/../share/singular/LIB/absfact.lib (4.1.2.0,Feb_2019)
// ** loaded /usr/bin/../share/singular/LIB/triang.lib (4.1.2.0,Feb_2019)
// ** loaded /usr/bin/../share/singular/LIB/matrix.lib (4.3.2.3,Aug_2023)
// ** loaded /usr/bin/../share/singular/LIB/nctools.lib (4.1.2.0,Feb_2019)
// ** loaded /usr/bin/../share/singular/LIB/inout.lib (4.1.2.0,Feb_2019)
// ** loaded /usr/bin/../share/singular/LIB/random.lib (4.1.2.0,Feb_2019)
// ** loaded /usr/bin/../share/singular/LIB/polylib.lib (4.2.0.0,Dec_2020)
// ** loaded /usr/bin/../share/singular/LIB/elim.lib (4.3.2.5,Jul_2023)
// ** loaded /usr/bin/../share/singular/LIB/general.lib (4.1.2.0,Feb_2019)
map with cache
map with cache
map with cache
map with cache
map with cache
map with cache
map with cache
map with cache
map with cache
std in (ZZ/179424673),(x18,x17,x16,x15,x14,x13,x12,x11,x10,x9,x8,x7,x6,x5,x4,x3,x2,x1),(dp(18),C)
[65535:6]1(16)s(15)s(14)s(13)s(12)s(11)s(10)s(9)s(8)s2(7)s(6)s(5)s(4)s(3)s3s(4)4-s(5)s(7)-5------
(S:16)----------------
product criterion:121 chain criterion:6
1(16)s(15)s(14)s(13)s(12)s(11)s(10)s(9)s(8)s2(7)s(6)s(5)s(4)s(3)s3s(4)4-s(5)s(7)-5------
(S:16)----------------
product criterion:121 chain criterion:6
map is a permutation
[65535:6]1(17)s(16)s(15)s(14)s(13)s(12)s(11)s(10)s(9)s(8)s2(7)s(6)s(5)s(4)s(3)s3s(4)4-s(5)s(7)-5------
product criterion:138 chain criterion:6
[65535:6]1(16)s(15)s(14)s(13)s(12)s(11)s(10)s(9)s(8)s2(7)s(6)s(5)s(4)s(3)s3s(4)4-s(5)s(7)-5------
product criterion:121 chain criterion:6
{1}[65535:8]1(16)s(15)s(14)s(13)s(12)s(11)s(10)s(9)s(8)s2(7)s(15)s(24)s(34)s(45)s3(57)-------------------------------------s(33)--------4---------s(30)-------------s5(32)------------------------------6--
product criterion:0 chain criterion:0
(S:17)rrrrrrrrrrrrrrrrr
[65535:6]1(16)s(15)s(14)s(13)s(12)s(11)s(10)s(9)s(8)s2(7)s(6)s(5)s(4)s(3)s3s(4)4-s(5)s(7)-5------
product criterion:121 chain criterion:6
compute hilbert series with std in ring (ZZ/179424673),(x18,x17,x16,x15,x14,x13,x12,x11,x10,x9,x8,x7,x6,x5,x4,x3,x2,x1,@),(dp(19),C)
weights used for hilbert series: 1,1,1,1,1,1,1,1,1,1,1,1,1,1,1,1,1,1,1
[65535:5]1(16)s(15)s(14)s(13)s(12)s(11)s(10)s(9)s(8)s2(7)s(6)s(5)s(4)s(3)s3s(4)4-s(5)-s(6)5------
(S:16)----------------
product criterion:121 chain criterion:6
std with hilb in (ZZ/179424673),(x18,x17,x16,x15,x14,x13,x12,x11,x10,x9,x8,x7,x6,x5,x4,x3,x2,x1,@),(C,lp(18),dp(1))
[65535:5]1(16)s(15)s(14)s(13)s(12)s(11)s(10)s(9)s(8)s2(7)s(6)s(5)s(4)ss3(3)sh4s(5)-shhhhhhh
(S:16)----------------
product criterion:121 chain criterion:6
hilbert series criterion:8
dehomogenization
simplification
imap to ring (ZZ/179424673),(x18,x17,x16,x15,x14,x13,x12,x11,x10,x9,x8,x7,x6,x5,x4,x3,x2,x1),(C,lp(18))
//interreduction
[65535:5]1(16)s4(15)s1(14)s(13)s(12)s(11)s2(10)s4(9)s2(8)s3(7)s2(6)s(5)s(4)s1(3)s(2)sss
(S:16)----------------

map is a permutation
std in (ZZ/179424673),(x14,x13,x12,x11,x6,x5,x4,x3,x2),(C,dp(9))
[1048575:4]2(7)s(6)s(5)s(4)s(3)s3s(4)4-s(5)s(7)-5------
product criterion:13 chain criterion:6
map is a permutation
compute hilbert series with std in ring (ZZ/179424673),(x6,x5,x4,x3,x2,x14,x13,x12,x11,@),(dp(10),C)
weights used for hilbert series: 1,1,1,1,1,1,1,1,1,1
[65535:3]2(7)s(6)s(5)s(4)s(3)s3s(4)4--s-s5(5)-----
(S:7)-------
product criterion:13 chain criterion:6
std with hilb in (ZZ/179424673),(x6,x5,x4,x3,x2,x14,x13,x12,x11,@),(lp(9),dp(1),C)
[65535:3]2(7)s(6)s(5)s(4)s(3)s3sh4-s(4)-shhhhhh
(S:7)-------
product criterion:13 chain criterion:6
hilbert series criterion:7
dehomogenization
simplification
imap to ring (ZZ/179424673),(x6,x5,x4,x3,x2,x14,x13,x12,x11),(lp(9),C)
//interreduction
[1048575:3]2(7)s(6)s(5)s(4)s(3)s3(2)s4ss
(S:7)-------

map is a permutation
[1048575:2]1(4)s(3)s(2)sss
(S:4)----

[1048575:2]1(4)s(3)s(2)sss
(S:4)----

[1048575:2]1(4)s(3)s(2)sss
(S:4)----

(S:1)[1048575:2]1(4)s(3)s(2)sss

[1048575:2]1(4)s(3)s(2)sss

[1048575:4]2(4)s(3)s(2)sss3s4s(3)5-s(4)-6---
product criterion:13 chain criterion:6
{1}[1048575:6]6(7)s(12)s(16)s(21)s(25)s7(31)s(36)-s(40)s(46)s(53)s(57)s(61)s(66)s(70)s(76)--s(79)-------s(71)ss(72)s(74)---s8--s(76)------s(75)-s(79)-s(83)-s(88)-s(93)-s(99)-s(102)--(100)s(104)s(108)s(112)------------(100)---------------------9-----------s(73)--------------------s(66)---------s(63)------------------------10---------------------11--------------12--13--
product criterion:0 chain criterion:179
[1048575:3]2(7)s(6)s(5)s(4)ss3(3)s(4)4-s(5)s(7)-5------
product criterion:13 chain criterion:6
{1}[1048575:6]6(7)s(12)s(16)s(21)s(25)s7(31)s(36)-s(40)s(46)s(53)s(57)s(61)s(66)s(70)s(76)--s(79)-------s(71)ss(72)s(74)---s8--s(76)------s(75)-s(79)-s(83)-s(88)-s(93)-s(99)-s(102)--(100)s(104)s(108)s(112)------------(100)---------------------9-----------s(73)--------------------s(66)---------s(63)------------------------10---------------------11--------------12--13--
product criterion:0 chain criterion:179
intersect by elimination method
[65535:5]1(8)s3(7)s(6)s(5)s(4)s(3)s4s(4)5-s(5)-s(6)6------
product criterion:21 chain criterion:6
intersect by elimination method
[65535:5]1(8)s3(7)s(6)s(5)s(4)s(3)s4s(4)5-s(5)-s(6)6------
product criterion:21 chain criterion:6
[1048575:4]
product criterion:8 chain criterion:0
intersect by elimination method
[65535:7]1(17)s2(16)s(15)s(14)s(13)s(12)s(11)s(10)s(9)s(8)s3(7)s(6)s(5)s(4)s(3)s4s(4)5-s(5)-s(6)6------
product criterion:138 chain criterion:6
map is a permutation
[65535:6]1(17)s(16)s(15)s(14)s(13)s(12)s(11)s(10)s(9)s2(8)s(7)----3-4--.6
product criterion:45 chain criterion:0
map is a permutation
[65535:6]1(17)s(16)s(15)s(14)s(13)s(12)s(11)s(10)s(9)s2(8)s(7)----3-4--.6
product criterion:45 chain criterion:0
map is a permutation
[65535:6]1(17)s(16)s(15)s(14)s(13)s(12)s(11)s(10)s(9)s2(8)s(7)----3-4--.6
product criterion:45 chain criterion:0
map is a permutation
[65535:6]1(17)s(16)s(15)s(14)s(13)s(12)s(11)s(10)s(9)s2(8)s(7)----3-4--.6
product criterion:45 chain criterion:0
map is a permutation
[65535:6]1(17)s(16)s(15)s(14)s(13)s(12)s(11)s(10)s(9)s2(8)s(7)----3-4--.6
product criterion:45 chain criterion:0
map is a permutation
[65535:6]1(17)s(16)s(15)s(14)s(13)s(12)s(11)s(10)s(9)s2(8)s(7)----3-4--.6
product criterion:45 chain criterion:0
map is a permutation
[65535:6]1(17)s(16)s(15)s(14)s(13)s(12)s(11)s(10)s(9)s2(8)s(7)----3-4--.6
product criterion:45 chain criterion:0
map is a permutation
[65535:6]1(17)s(16)s(15)s(14)s(13)s(12)s(11)s(10)s(9)s2(8)s(7)----3-4--.6
product criterion:45 chain criterion:0
map is a permutation
[65535:6]1(17)s(16)s(15)s(14)s(13)s(12)s(11)s(10)s(9)s2(8)s(7)----3-4--.6
product criterion:45 chain criterion:0
map is a permutation
[65535:6]1(17)s(16)s(15)s(14)s(13)s(12)s(11)s(10)s(9)s2(8)s(7)s(6)s(5)s(4)s3s(2)4--.7
product criterion:104 chain criterion:1
map is a permutation
[65535:6]1(17)s(16)s(15)s(14)s(13)s(12)s(11)s(10)s(9)s2(8)s(7)s(6)s(5)s(4)s3s(2)4--.7
product criterion:104 chain criterion:1
map is a permutation
[65535:6]1(17)s(16)s(15)s(14)s(13)s(12)s(11)s(10)s(9)s2(8)s(7)s(6)s(5)s(4)s3s(2)4--.7
product criterion:104 chain criterion:1
map is a permutation
[65535:6]1(17)s(16)s(15)s(14)s(13)s(12)s(11)s(10)s(9)s2(8)s(7)s(6)s(5)s(4)s3s(2)4--.7
product criterion:104 chain criterion:1
map is a permutation
[65535:6]1(17)s(16)s(15)s(14)s(13)s(12)s(11)s(10)s(9)s2(8)s(7)s(6)s(5)s(4)s3s(2)4--.7
product criterion:104 chain criterion:1
map is a permutation
[65535:6]1(17)s(16)s(15)s(14)s(13)s(12)s(11)s(10)s(9)s2(8)s(7)s(6)s(5)s(4)s3s(5)4-s-.8
product criterion:116 chain criterion:3
map is a permutation
[65535:6]1(17)s(16)s(15)s(14)s(13)s(12)s(11)s(10)s(9)s2(8)s(7)s(6)s(5)s(4)s3s(5)4-s(6)s(8)-5-------s
product criterion:138 chain criterion:6
map is a permutation
[65535:6]1(17)s(16)s(15)s(14)s(13)s(12)s(11)s(10)s(9)s2(8)s(7)s(6)s(5)s(4)s3s(5)4-s(6)s(8)-5-------s
product criterion:138 chain criterion:6
// ** _ is no standard basis
Auf Wiedersehen.
  >> 0 regions (all trivial): expReg=1.235s
  [sector total: 1.244s]
#Non-triv Sectors = 0

