
      +++  sector:  {0, 1, 0, 0, 0, 0, 1, 0, 0}  (1/1)  +++ 
                     SINGULAR                                 /  Development
 A Computer Algebra System for Polynomial Computations       /   version 4.3.2
                                                           0<
 by: W. Decker, G.-M. Greuel, G. Pfister, H. Schoenemann     \   Feb 2023
FB Mathematik der Universitaet, D-67653 Kaiserslautern        \  Debian 1:4.3.2-p10+ds-1.1build1
compute hilbert series with std in ring (ZZ/179424673),(x18,x17,x16,x15,x14,x13,x12,x11,x10,x9,x8,x7,x6,x5,x4,x3,x2,x1,@),(dp(19),C)
weights used for hilbert series: 1,1,1,1,1,1,1,1,1,1,1,1,1,1,1,1,1,1,1
[65535:5]2(18)s(17)s(16)s(15)s(14)s(13)s(12)s(11)s(10)s(9)s(10)s(12)s(15)s(19)s(18)s(20)s(23)s(26)s(30)3---s--s(33)s(40)s(47)s(56)-s(61)----------s(58)-------4--------------s(43)------s(44)s(50)s(56)-------------------s(44)----5---------------------------------------6-
product criterion:243 chain criterion:54
std with hilb in (ZZ/179424673),(x18,x17,x16,x15,x14,x13,x12,x11,x10,x9,x8,x7,x6,x5,x4,x3,x2,x1,@),(lp(18),dp(1),C)
[65535:5]2(29)s(28)s(27)s(26)s(27)s(26)s(25)s(24)s(23)s(22)ss(23)s(22)s(25)s(26)s(30)s(33)s(37)s3(41)-s(45)-s(49)s(56)-s(64)s(71)s(79)-shhhhhhhhhhhhhhhhhhhhhhhhhh4(61)--s(67)-s(76)-s(86)s(95)---shhhhhhhhhhhhhhhhhhhhhhhhhhhhhhhhhhhhhhhhhhhhhhhhhhhhhhhhhhhhhhhhhhhhhhhhhhhhhhhhhhhhhhhhhhhhhhhhhhhh
product criterion:243 chain criterion:55
hilbert series criterion:126
dehomogenization
simplification
imap to ring (ZZ/179424673),(x18,x17,x16,x15,x14,x13,x12,x11,x10,x9,x8,x7,x6,x5,x4,x3,x2,x1),(lp(18),C)
Auf Wiedersehen.
  >> 0 regions (all trivial): expReg=0.554s
  [sector total: 0.5630000000000001s]
#Non-triv Sectors = 0

