
      +++  sector:  {0, 1, 0, 0, 1, 0, 0, 0, 0}  (1/1)  +++ 
                     SINGULAR                                 /  Development
 A Computer Algebra System for Polynomial Computations       /   version 4.3.2
                                                           0<
 by: W. Decker, G.-M. Greuel, G. Pfister, H. Schoenemann     \   Feb 2023
FB Mathematik der Universitaet, D-67653 Kaiserslautern        \  Debian 1:4.3.2-p10+ds-1.1build1
compute hilbert series with std in ring (ZZ/179424673),(x18,x17,x16,x15,x14,x13,x12,x11,x10,x9,x8,x7,x6,x5,x4,x3,x2,x1,@),(dp(19),C)
weights used for hilbert series: 1,1,1,1,1,1,1,1,1,1,1,1,1,1,1,1,1,1,1
[65535:5]2(18)s(17)s(16)s(15)s(14)ss(15)s(14)s(15)s(14)s(13)s(14)s(17)s(16)s(15)s(17)s(20)s(21)s(26)3----s(24)s(26)-----s(31)-s(37)----s(40)-------4-------s(30)-------s(27)s(35)------------5---------------s(17)------6--s(13)-------7------
product criterion:224 chain criterion:32
std with hilb in (ZZ/179424673),(x18,x17,x16,x15,x14,x13,x12,x11,x10,x9,x8,x7,x6,x5,x4,x3,x2,x1,@),(lp(18),dp(1),C)
[65535:5]2(27)s(26)s(25)s(24)s(23)s(22)s(21)sss(20)ss(19)s(20)s(23)s(22)ss(25)s(30)s3(35)-s(39)s(45)-s(54)s(61)--shhhhhhhhhhhhhhhhhhhhhh4(44)---s(52)s(60)----shhhhhhhhhhhhhhhhhhhhhhhhhhhh5(36)--------shhhhhhhhhhhhhhhhhhhhhhhhh6(12)shhhhhhhhhhhhhhhhhhhhhhh
product criterion:224 chain criterion:33
hilbert series criterion:98
dehomogenization
simplification
imap to ring (ZZ/179424673),(x18,x17,x16,x15,x14,x13,x12,x11,x10,x9,x8,x7,x6,x5,x4,x3,x2,x1),(lp(18),C)
Auf Wiedersehen.
  >> 0 regions (all trivial): expReg=0.617s
  [sector total: 0.631s]
#Non-triv Sectors = 0

