
      +++  sector:  {0, 1, 0, 0, 1, 1, 1, 0, 0}  (1/1)  +++ 
                     SINGULAR                                 /  Development
 A Computer Algebra System for Polynomial Computations       /   version 4.3.2
                                                           0<
 by: W. Decker, G.-M. Greuel, G. Pfister, H. Schoenemann     \   Feb 2023
FB Mathematik der Universitaet, D-67653 Kaiserslautern        \  Debian 1:4.3.2-p10+ds-1.1build1
compute hilbert series with std in ring (ZZ/179424673),(x18,x17,x16,x15,x14,x13,x12,x11,x10,x9,x8,x7,x6,x5,x4,x3,x2,x1,@),(dp(19),C)
weights used for hilbert series: 1,1,1,1,1,1,1,1,1,1,1,1,1,1,1,1,1,1,1
[65535:5]2(18)s(17)s(16)s(15)s(14)s(13)s(12)s(11)s(10)s(9)s(10)s(12)s(13)s(16)s(20)s(21)s(24)s(27)s(32)s3(33)s(37)s(43)s(50)s(58)s(62)s(63)s(71)s(79)s(88)s(97)s(103)s(111)s(117)s(122)s(133)s(138)s(146)s(154)s(163)-s(169)s(176)s(187)s(193)s(199)s(206)s(215)s(221)s(228)s(234)s(242)s(250)s(259)4-s(268)s(279)-s(288)-s(298)----s(306)s(317)-----s(324)-----------s(329)s(340)s(354)------------s(357)------------------------------s(337)-s(346)s(357)s(368)s(381)s(391)s(404)s(420)-s(429)-s(441)--------s(440)s(447)s(455)-s(463)---s(473)s(483)--s(490)---s(497)s(508)s(519)s(531)-s(539)---s(545)s(558)-s(567)-s(577)s(591)s(599)s(610)-s(625)s(634)--------s(638)--------s(639)-s(651)--s(657)s(668)s(678)-s(691)----s(699)---------------s(701)-(700)------s(706)------(700)------------------s(691)-------s(694)s(702)--(700)--------------5-s(699)s(714)----s(724)s(740)---------------s-s(754)s(770)------s(780)s(796)---------------------------------------------------------------------------------------s(723)--s(736)--s(748)s(762)s(776)-----------s(781)s(796)----------------ss(813)-------------(800)----------------------------------------------------------------------------------------------------(700)-----------------------------------s(679)s(691)-s(701)s(716)s(731)-s(741)-----s(748)----------s(751)s(763)-s(778)--------------------------s(763)s(772)s(782)---------s(786)--------s(791)-----------s(796)---------s(799)-------------s---------------------------------s(777)-------------s(779)s(792)-s(803)s(817)---------s(818)s(831)s(840)-s(850)s(862)--s(871)s(883)------s(888)--s(898)s(911)----------s(912)-s(921)s(933)s(945)-s(956)-----------------s(951)------------------------s(937)--s(946)----------------s(941)s(952)---s(960)--s(970)----------s(973)s(985)--s(995)------s(1001)-(1000)-s(1012)------------(1000)--------------------------6--------------------------------------------------------------------------(900)----------------------------------------------------------------------------------------------------(800)----------------------------------------------------------------------------------------------------(700)----------------------------------------------------------------------------------------------------(600)----------------------------------------------------------------------------------------------------(500)----------------------------------------------------------------------------s(436)-s(448)s(460)s(473)--------s(479)---s(488)s(501)-(500)--s(510)s(523)--------------s(521)-----s(529)----------------s(525)---------------------s(515)-s(526)s(538)--s(549)------------s(550)-s(564)------------------------s(553)s(567)----s(575)-----------------------------------s(553)---------------s(552)----------s(553)--------------s(550)-----s(557)-----------------------------s(541)-----------------------------------------(500)-----------s(501)-(500)--s(511)-----------(500)---s(510)s(524)------------s--s(535)-----s(543)---s(554)------------------------------------------------------(500)-----------------7-----------------------------------------------------------------------------------(400)----------------------------------------------------------------------------------------------------(300)-----------------------------------------------------------s(255)-----------------------s(246)----------------------------------------------(200)----------------------------------------------------------------------------------------------------(100)-----------------------------------------------------------------8-----------------------------------
product criterion:5828 chain criterion:13914
std with hilb in (ZZ/179424673),(x18,x17,x16,x15,x14,x13,x12,x11,x10,x9,x8,x7,x6,x5,x4,x3,x2,x1,@),(lp(18),dp(1),C)
[65535:5]2(210)s(209)s(208)s(207)s(206)s(205)s(204)s(203)s(202)s(201)s(202)s(204)s(206)s(208)s(211)s(213)s(218)s(221)s(222)s3(227)s(233)s(235)s(241)s(246)s(253)s(260)s(268)s(272)s(279)s(289)s(293)s(297)s(300)s(310)s(318)s(328)s(334)s(338)s(346)s(359)s(371)s(375)s(383)s(392)s(398)-s(406)s(412)s(420)s(428)s(434)s(441)s(449)s(458)shhhhhhhhhhhhhhhhhhhhhhhhhhhhhhhhh4(433)-s(443)s(453)s(465)s(475)s(485)s(495)s(506)s(517)-s(528)-s(539)s(552)s(562)s(571)s(582)s(593)s(606)s(617)s(623)--s(633)s(643)---s(649)-s(658)s(669)-s(677)-s(687)s(696)-s(703)---(700)-----s(707)s(717)s(727)s(738)s(750)s(761)s(771)s(784)-s(790)s(801)s(814)-s(825)-s(835)s(848)---s(855)-----s(864)----s(867)s(879)s(894)s(904)----(900)---s(909)s(920)s(936)---s(943)-----s(951)-s(967)s(981)------------s-------s(980)-s(990)----s(994)------------s(993)-------------------------------s(970)------s(973)-------------------------------s(953)--------------------shhhhhhhhhhhhhhhhhhhhhhhhhhhhhhhhhhhhhhhhhhhhhhhhhhhhhhhhhhhhhhhhhhhhhhhhhhhhh5(865)s(879)--s(892)s(907)---s(918)s(932)s(947)s(963)s(979)s(995)s(1009)s(1025)-s(1038)-------------s(1039)s(1055)s(1072)s(1084)s(1096)s(1109)-----s(1118)-----s(1128)---------------------------s(1116)-------------s(1118)--s(1131)----------s(1133)----s(1145)s(1157)--------s(1162)-s(1177)--------------s(1176)--------------s(1177)--s(1187)s(1197)--s(1207)-----s(1215)s(1226)--s(1237)----------------s(1232)s(1242)--s(1252)s(1263)-----s(1268)-s(1279)-s(1289)s(1301)-(1300)s(1313)-s(1323)s(1334)s(1346)s(1358)-s(1368)s(1380)-----s(1387)s(1400)-----------------------s(1391)------------s(1390)-----s(1397)s(1406)------(1400)-------------------------------------------------------------s(1349)-----------s-------------------------------------------------(1300)-----------------------------------------s(1271)s(1284)------------s------------------------------------------------------------------------------------(1200)-----s(1208)--------(1200)----------------------------------------------------------------------------------------------------(1100)-------------------shhhhhhhhhhhhhhhhhhhhhhhhhhhhhhhhhhhhhhhhhhhhhhhhhhhhhhhhhhhhhhhhhhhhhhhhhhhhhhhhhhhhhhhhhhhhhhhhhhhhhhhhhhhhhhhhhhhhhhhhhhhhhhhhhhhhhhh6(958)----------------------------------------------------------(900)-----------------s(895)--------------------------------------------------------------------s(839)-s(851)s(868)-s(878)---------s(881)-s(892)s(904)s(917)--s(927)-s(939)-----s(947)------------------------------------s(924)----s(933)s(946)s(960)--------------------------------------------s(929)----s(939)---------------------------------------(900)---------------------------------------------s(867)---s(876)---------s(878)----s(886)---------s(889)------s(896)-------------------------s(884)-------------------------------------------------------------------------------s(818)------------------(800)----------------------------------------------------------------------------------------------------(700)----------s(702)--(700)-s(712)------------(700)---------------------------------------------------------------------------------------------------s(614)--------------(600)----------------------------------------------------------------------------------------------------(500)------------------------------------------------------------shhhhhhhhhhhhhhhhhhhhhhhhhhhhhhhhhhh7(419)-------------------(400)--s(412)------------(400)----------------------------------s(380)--------------------------------------------------------------------------------(300)-------------------------------------------------s(262)----------------------------s(245)---------------------------------------------(200)----------------------------------------------------------------------------------------------------(100)-------shhhhhhhhhhhhhhhhhhhhhhhhhhhhhhhhhhhhhhhhhhhhhhhhhhhhhhhhhhhhhhhhhhhhhhhhhhhhhhhhhhhhhhhhhhhhhhhhhhhhhhhhhh
product criterion:6780 chain criterion:13794
hilbert series criterion:386
dehomogenization
simplification
imap to ring (ZZ/179424673),(x18,x17,x16,x15,x14,x13,x12,x11,x10,x9,x8,x7,x6,x5,x4,x3,x2,x1),(lp(18),C)
Auf Wiedersehen.
                     SINGULAR                                 /  Development
 A Computer Algebra System for Polynomial Computations       /   version 4.3.2
                                                           0<
 by: W. Decker, G.-M. Greuel, G. Pfister, H. Schoenemann     \   Feb 2023
FB Mathematik der Universitaet, D-67653 Kaiserslautern        \  Debian 1:4.3.2-p10+ds-1.1build1
// ** loaded /usr/bin/../share/singular/LIB/primdec.lib (4.3.2.9,Oct_2023)
// ** loaded /usr/bin/../share/singular/LIB/ring.lib (4.3.1.3,Feb_2023)
// ** loaded /usr/bin/../share/singular/LIB/absfact.lib (4.1.2.0,Feb_2019)
// ** loaded /usr/bin/../share/singular/LIB/triang.lib (4.1.2.0,Feb_2019)
// ** loaded /usr/bin/../share/singular/LIB/matrix.lib (4.3.2.3,Aug_2023)
// ** loaded /usr/bin/../share/singular/LIB/nctools.lib (4.1.2.0,Feb_2019)
// ** loaded /usr/bin/../share/singular/LIB/inout.lib (4.1.2.0,Feb_2019)
// ** loaded /usr/bin/../share/singular/LIB/random.lib (4.1.2.0,Feb_2019)
// ** loaded /usr/bin/../share/singular/LIB/polylib.lib (4.2.0.0,Dec_2020)
// ** loaded /usr/bin/../share/singular/LIB/elim.lib (4.3.2.5,Jul_2023)
// ** loaded /usr/bin/../share/singular/LIB/general.lib (4.1.2.0,Feb_2019)
map with cache
map with cache
map with cache
map with cache
map with cache
map with cache
map with cache
map with cache
map with cache
map with cache
map with cache
map with cache
map with cache
map with cache
map with cache
map with cache
map with cache
map with cache
std in (ZZ/179424673),(x18,x17,x16,x15,x14,x13,x12,x11,x10,x9,x8,x7,x6,x5,x4,x3,x2,x1),(dp(18),C)
[65535:5]1(17)s(16)s(15)s(14)s(13)s(12)s(11)s(10)s(9)s(8)s(7)s(6)s(5)s(4)s(3)s(2)sss
(S:17)-----------------
product criterion:153 chain criterion:0
[65535:5]1(17)s(16)s(15)s(14)s(13)s(12)s(11)s(10)s(9)s(8)s(7)s(6)s(5)s(4)s(3)s(2)sss
(S:17)-----------------
product criterion:153 chain criterion:0
map is a permutation
[65535:6]1(18)s(17)s(16)s(15)s(14)s(13)s(12)s(11)s(10)s(9)s(8)s(7)s(6)s(5)s(4)s(3)s(2)sss
(S:18)------------------
product criterion:171 chain criterion:0
[65535:5]1(17)s(16)s(15)s(14)s(13)s(12)s(11)s(10)s(9)s(8)s(7)s(6)s(5)s(4)s(3)s(2)sss
(S:17)-----------------
product criterion:153 chain criterion:0
{1}[65535:7]1(17)s(16)s(15)s(14)s(13)s(12)s(11)s(10)s(9)s(8)s(7)s(6)s(5)s(4)s(3)s(2)sss
(S:18)-------------------
product criterion:0 chain criterion:0
(S:18)rrrrrrrrrrrrrrrrrr
[65535:5]1(17)s(16)s(15)s(14)s(13)s(12)s(11)s(10)s(9)s(8)s(7)s(6)s(5)s(4)s(3)s(2)sss
(S:17)-----------------
product criterion:153 chain criterion:0
intersect by elimination method
[65535:7]1(18)s2(17)s(16)s(15)s(14)s(13)s(12)s(11)s(10)s(9)s(8)s(7)s(6)s(5)s(4)s(3)s(2)sss
(S:18)------------------
product criterion:171 chain criterion:0
map is a permutation
[65535:6]1(18)s(17)s(16)s(15)s(14)s(13)s(12)s(11)s(10)s(9)s(8)s(7)s(6)s(5)s(4)s(3)s(2)ss2s
(S:0)
product criterion:171 chain criterion:0
map is a permutation
[65535:6]1(18)s(17)s(16)s(15)s(14)s(13)s(12)s(11)s(10)s(9)s(8)s(7)s(6)s(5)s(4)s(3)s(2)ss2s
(S:0)
product criterion:171 chain criterion:0
map is a permutation
[65535:6]1(18)s(17)s(16)s(15)s(14)s(13)s(12)s(11)s(10)s(9)s(8)s(7)s(6)s(5)s(4)s(3)s(2)ss2s
(S:0)
product criterion:171 chain criterion:0
map is a permutation
[65535:6]1(18)s(17)s(16)s(15)s(14)s(13)s(12)s(11)s(10)s(9)s(8)s(7)s(6)s(5)s(4)s(3)s(2)ss2s
(S:0)
product criterion:171 chain criterion:0
map is a permutation
[65535:6]1(18)s(17)s(16)s(15)s(14)s(13)s(12)s(11)s(10)s(9)s(8)s(7)s(6)s(5)s(4)s(3)s(2)ss2s
(S:0)
product criterion:171 chain criterion:0
map is a permutation
[65535:6]1(18)s(17)s(16)s(15)s(14)s(13)s(12)s(11)s(10)s(9)s(8)s(7)s(6)s(5)s(4)s(3)s(2)ss2s
(S:0)
product criterion:171 chain criterion:0
map is a permutation
[65535:6]1(18)s(17)s(16)s(15)s(14)s(13)s(12)s(11)s(10)s(9)s(8)s(7)s(6)s(5)s(4)s(3)s(2)ss2s
(S:0)
product criterion:171 chain criterion:0
map is a permutation
[65535:6]1(18)s(17)s(16)s(15)s(14)s(13)s(12)s(11)s(10)s(9)s(8)s(7)s(6)s(5)s(4)s(3)s(2)ss2s
(S:0)
product criterion:171 chain criterion:0
map is a permutation
[65535:6]1(18)s(17)s(16)s(15)s(14)s(13)s(12)s(11)s(10)s(9)s(8)s(7)s(6)s(5)s(4)s(3)s(2)ss2s
(S:0)
product criterion:171 chain criterion:0
map is a permutation
[65535:6]1(18)s(17)s(16)s(15)s(14)s(13)s(12)s(11)s(10)s(9)s(8)s(7)s(6)s(5)s(4)s(3)s(2)ss2s
(S:0)
product criterion:171 chain criterion:0
map is a permutation
[65535:6]1(18)s(17)s(16)s(15)s(14)s(13)s(12)s(11)s(10)s(9)s(8)s(7)s(6)s(5)s(4)s(3)s(2)ss2s
(S:0)
product criterion:171 chain criterion:0
map is a permutation
[65535:6]1(18)s(17)s(16)s(15)s(14)s(13)s(12)s(11)s(10)s(9)s(8)s(7)s(6)s(5)s(4)s(3)s(2)ss2s
(S:0)
product criterion:171 chain criterion:0
map is a permutation
[65535:6]1(18)s(17)s(16)s(15)s(14)s(13)s(12)s(11)s(10)s(9)s(8)s(7)s(6)s(5)s(4)s(3)s(2)ss2s
(S:0)
product criterion:171 chain criterion:0
map is a permutation
[65535:6]1(18)s(17)s(16)s(15)s(14)s(13)s(12)s(11)s(10)s(9)s(8)s(7)s(6)s(5)s(4)s(3)s(2)ss2s
(S:0)
product criterion:171 chain criterion:0
map is a permutation
[65535:6]1(18)s(17)s(16)s(15)s(14)s(13)s(12)s(11)s(10)s(9)s(8)s(7)s(6)s(5)s(4)s(3)s(2)ss2s
(S:0)
product criterion:171 chain criterion:0
map is a permutation
[65535:6]1(18)s(17)s(16)s(15)s(14)s(13)s(12)s(11)s(10)s(9)s(8)s(7)s(6)s(5)s(4)s(3)s(2)ss2s
(S:0)
product criterion:171 chain criterion:0
map is a permutation
[65535:6]1(18)s(17)s(16)s(15)s(14)s(13)s(12)s(11)s(10)s(9)s(8)s(7)s(6)s(5)s(4)s(3)s(2)ss2s
(S:0)
product criterion:171 chain criterion:0
map is a permutation
[65535:6]1(18)s(17)s(16)s(15)s(14)s(13)s(12)s(11)s(10)s(9)s(8)s(7)s(6)s(5)s(4)s(3)s(2)ss2s
(S:0)
product criterion:171 chain criterion:0
[65535:5]1(17)s(16)s(15)s(14)s(13)s(12)s(11)s(10)s(9)s(8)s(7)s(6)s(5)s(4)s(3)s(2)sss
(S:17)-----------------
product criterion:153 chain criterion:0
// ** _ is no standard basis
Auf Wiedersehen.
                     SINGULAR                                 /  Development
 A Computer Algebra System for Polynomial Computations       /   version 4.3.2
                                                           0<
 by: W. Decker, G.-M. Greuel, G. Pfister, H. Schoenemann     \   Feb 2023
FB Mathematik der Universitaet, D-67653 Kaiserslautern        \  Debian 1:4.3.2-p10+ds-1.1build1
compute hilbert series with std in ring (ZZ/179424673),(x18,x17,x16,x15,x14,x13,x12,x11,x10,x9,x8,x7,x6,x5,x4,x3,x2,x1,@),(dp(19),C)
weights used for hilbert series: 1,1,1,1,1,1,1,1,1,1,1,1,1,1,1,1,1,1,1
[65535:5]1(17)s(16)s(15)s(14)s(13)s(12)s(11)s(10)s(9)s(8)s(7)s2(6)s(5)ss(6)s3-ss(8)s(9)s(12)s(16)s4(19)--s(22)-------------s(15)--5-------------
product criterion:202 chain criterion:13
std with hilb in (ZZ/179424673),(x18,x17,x16,x15,x14,x13,x12,x11,x10,x9,x8,x7,x6,x5,x4,x3,x2,x1,@),(lp(18),dp(1),C)
[65535:5]1(22)s(21)s(20)s(19)s(18)s(17)s(16)s(15)s(14)s(13)s(12)s2(11)s(10)ss(11)s3(13)-s(12)s(13)s(14)s(16)s(19)--s(20)s(24)sh4(28)-------s(25)------s(24)---s(23)-s(25)---shhhhhhhhhhhhhhhhhhhhhhhhhhhhh
product criterion:283 chain criterion:37
hilbert series criterion:30
dehomogenization
simplification
imap to ring (ZZ/179424673),(x18,x17,x16,x15,x14,x13,x12,x11,x10,x9,x8,x7,x6,x5,x4,x3,x2,x1),(lp(18),C)
Auf Wiedersehen.
                     SINGULAR                                 /  Development
 A Computer Algebra System for Polynomial Computations       /   version 4.3.2
                                                           0<
 by: W. Decker, G.-M. Greuel, G. Pfister, H. Schoenemann     \   Feb 2023
FB Mathematik der Universitaet, D-67653 Kaiserslautern        \  Debian 1:4.3.2-p10+ds-1.1build1
// ** loaded /usr/bin/../share/singular/LIB/primdec.lib (4.3.2.9,Oct_2023)
// ** loaded /usr/bin/../share/singular/LIB/ring.lib (4.3.1.3,Feb_2023)
// ** loaded /usr/bin/../share/singular/LIB/absfact.lib (4.1.2.0,Feb_2019)
// ** loaded /usr/bin/../share/singular/LIB/triang.lib (4.1.2.0,Feb_2019)
// ** loaded /usr/bin/../share/singular/LIB/matrix.lib (4.3.2.3,Aug_2023)
// ** loaded /usr/bin/../share/singular/LIB/nctools.lib (4.1.2.0,Feb_2019)
// ** loaded /usr/bin/../share/singular/LIB/inout.lib (4.1.2.0,Feb_2019)
// ** loaded /usr/bin/../share/singular/LIB/random.lib (4.1.2.0,Feb_2019)
// ** loaded /usr/bin/../share/singular/LIB/polylib.lib (4.2.0.0,Dec_2020)
// ** loaded /usr/bin/../share/singular/LIB/elim.lib (4.3.2.5,Jul_2023)
// ** loaded /usr/bin/../share/singular/LIB/general.lib (4.1.2.0,Feb_2019)
[65535:5]1(17)s(16)s(15)s(14)s(13)s(12)s(11)s(10)s(9)s(8)s(7)s(6)s(5)s(4)s(3)s2(2)sss
(S:17)-----------------
product criterion:153 chain criterion:0
// ** redefining j (int j = 2;)
rt
Auf Wiedersehen.

Set::setraw: Cannot assign to raw object 1.

Set::setraw: Cannot assign to raw object 1.
  >> 1 region(s): expReg=2.04s  build=0.062s
  [sector total: 2.111s]
#Non-triv Sectors = 1

