=== FamilyGenerate ===
Family: TB123 (L=2 E=2 N=7)
Modulus: 179424673

[Step 1] Generating IBP equations...
[IBPEqGenerator] Family TB123: ne=7 nl=2 nE=2 nIBP=8 subsectors=57
[IBPEqGenerator] Step 1: Running SP2PD...
[IBPEqGenerator] SP2PD OK: 7 scalar products → z-basis
[IBPEqGenerator] Step 2: Computing derivatives...
[IBPEqGenerator] Derivatives OK: 56 polynomials computed
[IBPEqGenerator] Step 3: Assembling IBP equations (mon2F)...
[IBPEqGenerator] Generated 8 IBP equations with 102 total g-operator terms.
  ne=7 nibp=8 subsectors=57
  [TIMING] Step 1: 0.059 s

[Step 2] Extracting FTable...
  nibp=8 ne=7
  [TIMING] Step 2: 0 s

[Step 3] Solving sectors...
  Filtering: sector = 0101110
  Solving sector [0101110]
  [2026-05-13 07:38:47] Singular minAssGTZ starting...
  [Singular minAssGTZ] 0.0937518 s, kept=3
  [2026-05-13 07:38:48] Singular minAssGTZ done
  [2026-05-13 07:38:48] Component 0/3 (14 polys)
  [2026-05-13 07:38:48] Component 1/3 (14 polys)
  [2026-05-13 07:38:48] Component 2/3 (14 polys)

[DEBUG solveVarRule] sector=[0,1,0,1,1,1,0] nb=2 VarIndep=[A7] VarDep=[A1,A2,A3,A4,A5,A6]
  compGb:
    [0] A7^2-1907015*A7-89712336
    [1] A6-4*A7
    [2] A5-12750142*A7+73369229
    [3] A4-13561002*A7+66183298
    [4] A3+77167601*A7-54717201
    [5] A2-4*A7
    [6] A1-22061098*A7-57548056
    [7] B7+2*A7-3814030
    [8] B6-89712336*A7+88758829
    [9] B5-40074865*A7-8899408
    [10] B4-79541585*A7+81117001
    [11] B3-39770793*A7+41512010
    [12] B2-89712336*A7+88758829
    [13] B1-20037433*A7+86216141
  VarRule result:
    A1 -> 57548056+22061098*A7
    A2 -> 4*A7
    A3 -> 54717201+102257072*A7
    A4 -> 113241375+13561002*A7
    A5 -> 106055444+12750142*A7
    A6 -> 4*A7
    [2026-05-13 07:38:48] MBM reduction k=0/2 (2 products)...
    [2026-05-13 07:38:48] MBM reduction k=1/2 (2 products)...
  -> 3 region(s) in 0.141 s
  Found 3 region(s) total
  [TIMING] Step 3: 0.142 s

[Step 4] Building recursion + ring matrices...
  Region 0: nb=1
  Region 1: nb=1
  Region 2: nb=2
  [TIMING] Step 4: 0.007 s

[Step 5] Writing .bin files...
Written 3 regime(s) to /home/ykm/Large-Index-Expansion-CPP/cache/TB123_scheduled/SectorCache/IBPMat_TB123_sector_0101110.bin
Written 3 ring cell(s) to /home/ykm/Large-Index-Expansion-CPP/cache/TB123_scheduled/SectorCache/RingData_TB123_sector_0101110.bin
  [TIMING] Step 5: 0 s

[TIMING] Total wall-clock: 0.212 s

Done. Output:
  /home/ykm/Large-Index-Expansion-CPP/cache/TB123_scheduled/SectorCache/IBPMat_TB123_sector_0101110.bin
  /home/ykm/Large-Index-Expansion-CPP/cache/TB123_scheduled/SectorCache/RingData_TB123_sector_0101110.bin
