=== FamilyGenerate ===
Family: TB123 (L=2 E=2 N=7)
Modulus: 179424673

[Step 1] Generating IBP equations...
[IBPEqGenerator] Family TB123: ne=7 nl=2 nE=2 nIBP=8 subsectors=57
[IBPEqGenerator] Step 1: Running SP2PD...
[IBPEqGenerator] SP2PD OK: 7 scalar products → z-basis
[IBPEqGenerator] Step 2: Computing derivatives...
[IBPEqGenerator] Derivatives OK: 56 polynomials computed
[IBPEqGenerator] Step 3: Assembling IBP equations (mon2F)...
[IBPEqGenerator] Generated 8 IBP equations with 102 total g-operator terms.
  ne=7 nibp=8 subsectors=57
  [TIMING] Step 1: 0.066 s

[Step 2] Extracting FTable...
  nibp=8 ne=7
  [TIMING] Step 2: 0 s

[Step 3] Solving sectors...
  Filtering: sector = 1111110
  Solving sector [1111110]
  [2026-05-13 07:38:54] Singular minAssGTZ starting...
  [Singular minAssGTZ] 30.9635 s, kept=4
  [2026-05-13 07:39:24] Singular minAssGTZ done
  [2026-05-13 07:39:24] Component 0/4 (14 polys)

[DEBUG solveVarRule] sector=[1,1,1,1,1,1,0] nb=4 VarIndep=[A7] VarDep=[A1,A2,A3,A4,A5,A6]
  compGb:
    [0] A7^4+63269442*A7^3+41083256*A7^2+35732767*A7-71752004
    [1] A6+77940173*A7^3+80876808*A7^2-22946696*A7+39898086
    [2] A5-59463580*A7^3+50520855*A7^2+54387033*A7+47047254
    [3] A4+26396298*A7^3-51015155*A7^2+60853991*A7+70011744
    [4] A3-53392927*A7^3+70354306*A7^2-71690401*A7+10632901
    [5] A2-34154267*A7^3+62854774*A7^2-15414227*A7-12334314
    [6] A1+62889458*A7^3-14034376*A7^2+82167396*A7+19900118
    [7] B7+49193848*A7^3+69988926*A7^2-13005718*A7-4772561
    [8] B6-71088713*A7^3-16294182*A7^2+24429946*A7+70244592
    [9] B5+56821023*A7^3-2255208*A7^2+41586565*A7+75864235
    [10] B4+72576535*A7^3+5858543*A7^2-77028279*A7-6778573
    [11] B3-48256253*A7^3-78600685*A7^2+31955490*A7-73332138
    [12] B2+67998874*A7^3-5853038*A7^2+61128406*A7+26671743
    [13] B1+41606486*A7^3+39480346*A7^2+40512755*A7-27119118
  VarRule result:
    A1 -> 159524555+97257277*A7+14034376*A7^2+116535215*A7^3
    A2 -> 12334314+15414227*A7+116569899*A7^2+34154267*A7^3
    A3 -> 168791772+71690401*A7+109070367*A7^2+53392927*A7^3
    A4 -> 109412929+118570682*A7+51015155*A7^2+153028375*A7^3
    A5 -> 132377419+125037640*A7+128903818*A7^2+59463580*A7^3
    A6 -> 139526587+22946696*A7+98547865*A7^2+101484500*A7^3
    [2026-05-13 07:39:24] MBM reduction k=0/4 (4 products)...
    [2026-05-13 07:39:24] MBM reduction k=1/4 (4 products)...
    [2026-05-13 07:39:25] MBM reduction k=2/4 (4 products)...
    [2026-05-13 07:39:25] MBM reduction k=3/4 (4 products)...
  [2026-05-13 07:39:25] Component 1/4 (14 polys)

[DEBUG solveVarRule] sector=[1,1,1,1,1,1,0] nb=4 VarIndep=[A7] VarDep=[A1,A2,A3,A4,A5,A6]
  compGb:
    [0] A7^4-82682236*A7^3+35560745*A7^2+50499362*A7-68884734
    [1] A6+39364925*A7^3-74379508*A7^2-30353560*A7+58114854
    [2] A5-25721475*A7^3-73946766*A7^2-50716501*A7-81155905
    [3] A4+11089209*A7^3+66268321*A7^2+60107129*A7-3003635
    [4] A3-58261956*A7^3-52659963*A7^2-42318919*A7-25521165
    [5] A2+746422*A7^3+58426910*A7^2+11929409*A7+35511767
    [6] A1+16518087*A7^3+73082601*A7^2-11572288*A7+65055324
    [7] B7-87866395*A7^3-49205782*A7^2-89636988*A7+35154884
    [8] B6-52016533*A7^3-41356779*A7^2+55222099*A7-68082141
    [9] B5-69129800*A7^3-6009942*A7^2+65322113*A7+69671006
    [10] B4-70522378*A7^3+45919441*A7^2-77785755*A7-29773468
    [11] B3+32062701*A7^3-17253845*A7^2-42142521*A7-74789174
    [12] B2-88046902*A7^3-1923328*A7^2-45735750*A7+63925770
    [13] B1-38091557*A7^3+87951096*A7^2-19081678*A7+34133283
  VarRule result:
    A1 -> 114369349+11572288*A7+106342072*A7^2+162906586*A7^3
    A2 -> 143912906+167495264*A7+120997763*A7^2+178678251*A7^3
    A3 -> 25521165+42318919*A7+52659963*A7^2+58261956*A7^3
    A4 -> 3003635+119317544*A7+113156352*A7^2+168335464*A7^3
    A5 -> 81155905+50716501*A7+73946766*A7^2+25721475*A7^3
    A6 -> 121309819+30353560*A7+74379508*A7^2+140059748*A7^3
    [2026-05-13 07:39:25] MBM reduction k=0/4 (4 products)...
    [2026-05-13 07:39:25] MBM reduction k=1/4 (4 products)...
    [2026-05-13 07:39:25] MBM reduction k=2/4 (4 products)...
    [2026-05-13 07:39:25] MBM reduction k=3/4 (4 products)...
  [2026-05-13 07:39:25] Component 2/4 (14 polys)

[DEBUG solveVarRule] sector=[1,1,1,1,1,1,0] nb=4 VarIndep=[A7] VarDep=[A1,A2,A3,A4,A5,A6]
  compGb:
    [0] A7^4-76416308*A7^3+10952737*A7^2-12821787*A7-39981413
    [1] A6-36979505*A7^3-65200311*A7^2-33759804*A7-24300799
    [2] A5+35966558*A7^3+57418884*A7^2-78764463*A7+40763392
    [3] A4-3835177*A7^3-50854328*A7^2-16677086*A7-75234617
    [4] A3-14571702*A7^3-36638041*A7^2+36555698*A7-85596409
    [5] A2+85443180*A7^3+33173019*A7^2+48012504*A7+31022539
    [6] A1-68745072*A7^3+67894997*A7^2+58777639*A7-11796826
    [7] B7+20490121*A7^3-24438377*A7^2-39179839*A7-80996072
    [8] B6+53047957*A7^3-688360*A7^2+74841295*A7+88528781
    [9] B5-31157440*A7^3-57673430*A7^2+66627706*A7-30459197
    [10] B4-70816647*A7^3-71019488*A7^2-44532983*A7+23894276
    [11] B3-22317602*A7^3-81225688*A7^2-7565505*A7+62470634
    [12] B2-21603205*A7^3-49388445*A7^2-39602253*A7-77410482
    [13] B1-78176146*A7^3-13752406*A7^2+65098945*A7+79533866
  VarRule result:
    A1 -> 11796826+120647034*A7+111529676*A7^2+68745072*A7^3
    A2 -> 148402134+131412169*A7+146251654*A7^2+93981493*A7^3
    A3 -> 85596409+142868975*A7+36638041*A7^2+14571702*A7^3
    A4 -> 75234617+16677086*A7+50854328*A7^2+3835177*A7^3
    A5 -> 138661281+78764463*A7+122005789*A7^2+143458115*A7^3
    A6 -> 24300799+33759804*A7+65200311*A7^2+36979505*A7^3
    [2026-05-13 07:39:25] MBM reduction k=0/4 (4 products)...
    [2026-05-13 07:39:25] MBM reduction k=1/4 (4 products)...
    [2026-05-13 07:39:25] MBM reduction k=2/4 (4 products)...
    [2026-05-13 07:39:25] MBM reduction k=3/4 (4 products)...
  [2026-05-13 07:39:25] Component 3/4 (14 polys)

[DEBUG solveVarRule] sector=[1,1,1,1,1,1,0] nb=4 VarIndep=[A7] VarDep=[A1,A2,A3,A4,A5,A6]
  compGb:
    [0] A7^4-73864633*A7^3+24428801*A7^2+44625502*A7-68884734
    [1] A6-60460356*A7^3-15833307*A7^2-64519382*A7-16430888
    [2] A5-32253341*A7^3+46351927*A7^2+9649764*A7+64535408
    [3] A4+55895210*A7^3-88781813*A7^2+47739636*A7-18226640
    [4] A3-2759554*A7^3-63786711*A7^2+36538493*A7+71924099
    [5] A2-15913387*A7^3-43438384*A7^2-50617775*A7-27701081
    [6] A1-39406499*A7^3-33316950*A7^2+28021663*A7+14064070
    [7] B7-87866395*A7^3-48245762*A7^2-37517593*A7+45629757
    [8] B6-65636412*A7^3-87892051*A7^2-53645287*A7+55189032
    [9] B5+44608313*A7^3-87448758*A7^2-320955*A7-26341863
    [10] B4-82995542*A7^3+58624422*A7^2-36197152*A7-38754537
    [11] B3-73284281*A7^3-72826440*A7^2+7260341*A7+16821250
    [12] B2-89484004*A7^3-21151892*A7^2-63795414*A7+7588355
    [13] B1-27597376*A7^3-74811844*A7^2+54956447*A7+36352827
  VarRule result:
    A1 -> 165360603+151403010*A7+33316950*A7^2+39406499*A7^3
    A2 -> 27701081+50617775*A7+43438384*A7^2+15913387*A7^3
    A3 -> 107500574+142886180*A7+63786711*A7^2+2759554*A7^3
    A4 -> 18226640+131685037*A7+88781813*A7^2+123529463*A7^3
    A5 -> 114889265+169774909*A7+133072746*A7^2+32253341*A7^3
    A6 -> 16430888+64519382*A7+15833307*A7^2+60460356*A7^3
    [2026-05-13 07:39:25] MBM reduction k=0/4 (4 products)...
    [2026-05-13 07:39:25] MBM reduction k=1/4 (4 products)...
    [2026-05-13 07:39:25] MBM reduction k=2/4 (4 products)...
    [2026-05-13 07:39:25] MBM reduction k=3/4 (4 products)...
  -> 4 region(s) in 31.102 s
  Found 4 region(s) total
  [TIMING] Step 3: 31.103 s

[Step 4] Building recursion + ring matrices...
  Region 0: nb=4
  Region 1: nb=4
  Region 2: nb=4
  Region 3: nb=4
  [TIMING] Step 4: 0.024 s

[Step 5] Writing .bin files...
Written 4 regime(s) to /home/ykm/Large-Index-Expansion-CPP/cache/TB123_scheduled/SectorCache/IBPMat_TB123_sector_1111110.bin
Written 4 ring cell(s) to /home/ykm/Large-Index-Expansion-CPP/cache/TB123_scheduled/SectorCache/RingData_TB123_sector_1111110.bin
  [TIMING] Step 5: 0.002 s

[TIMING] Total wall-clock: 31.198 s

Done. Output:
  /home/ykm/Large-Index-Expansion-CPP/cache/TB123_scheduled/SectorCache/IBPMat_TB123_sector_1111110.bin
  /home/ykm/Large-Index-Expansion-CPP/cache/TB123_scheduled/SectorCache/RingData_TB123_sector_1111110.bin
