=== FamilyGenerate ===
Family: TB123 (L=2 E=2 N=7)
Modulus: 179424673

[Step 1] Generating IBP equations...
[IBPEqGenerator] Family TB123: ne=7 nl=2 nE=2 nIBP=8 subsectors=57
[IBPEqGenerator] Step 1: Running SP2PD...
[IBPEqGenerator] SP2PD OK: 7 scalar products → z-basis
[IBPEqGenerator] Step 2: Computing derivatives...
[IBPEqGenerator] Derivatives OK: 56 polynomials computed
[IBPEqGenerator] Step 3: Assembling IBP equations (mon2F)...
[IBPEqGenerator] Generated 8 IBP equations with 102 total g-operator terms.
  ne=7 nibp=8 subsectors=57
  [TIMING] Step 1: 0.083 s

[Step 2] Extracting FTable...
  nibp=8 ne=7
  [TIMING] Step 2: 0 s

[Step 3] Solving sectors...
  Filtering: sector = 0110110
  Solving sector [0110110]
  [2026-05-13 07:38:45] Singular minAssGTZ starting...
  [Singular minAssGTZ] 0.100357 s, kept=3
  [2026-05-13 07:38:45] Singular minAssGTZ done
  [2026-05-13 07:38:45] Component 0/3 (14 polys)
  [2026-05-13 07:38:45] Component 1/3 (14 polys)
  [2026-05-13 07:38:45] Component 2/3 (14 polys)

[DEBUG solveVarRule] sector=[0,1,1,0,1,1,0] nb=2 VarIndep=[A7] VarDep=[A1,A2,A3,A4,A5,A6]
  compGb:
    [0] A7^2-73947801*A7-69009489
    [1] A6+21982885*A7-84212681
    [2] A5+21982885*A7-84212681
    [3] A4+7823920*A7-24780340
    [4] A3+32032823*A7+66819401
    [5] A2-59040677*A7+35704493
    [6] A1-39360447*A7+23802998
    [7] B7+67284254*A7-8024756
    [8] B6+82044420*A7+50333370
    [9] B5+82044420*A7+50333370
    [10] B4+18083692*A7+43128345
    [11] B3+20831551*A7+7498754
    [12] B2-60191998*A7+84617226
    [13] B1-30671666*A7+21908807
  VarRule result:
    A1 -> 155621675+39360447*A7
    A2 -> 143720180+59040677*A7
    A3 -> 112605272+147391850*A7
    A4 -> 24780340+171600753*A7
    A5 -> 84212681+157441788*A7
    A6 -> 84212681+157441788*A7
    [2026-05-13 07:38:45] MBM reduction k=0/2 (2 products)...
    [2026-05-13 07:38:45] MBM reduction k=1/2 (2 products)...
  -> 3 region(s) in 0.14 s
  Found 3 region(s) total
  [TIMING] Step 3: 0.141 s

[Step 4] Building recursion + ring matrices...
  Region 0: nb=1
  Region 1: nb=1
  Region 2: nb=2
  [TIMING] Step 4: 0.007 s

[Step 5] Writing .bin files...
Written 3 regime(s) to /home/ykm/Large-Index-Expansion-CPP/cache/TB123_scheduled/SectorCache/IBPMat_TB123_sector_0110110.bin
Written 3 ring cell(s) to /home/ykm/Large-Index-Expansion-CPP/cache/TB123_scheduled/SectorCache/RingData_TB123_sector_0110110.bin
  [TIMING] Step 5: 0 s

[TIMING] Total wall-clock: 0.234 s

Done. Output:
  /home/ykm/Large-Index-Expansion-CPP/cache/TB123_scheduled/SectorCache/IBPMat_TB123_sector_0110110.bin
  /home/ykm/Large-Index-Expansion-CPP/cache/TB123_scheduled/SectorCache/RingData_TB123_sector_0110110.bin
