CalcLoop: a tool for automated multiloop calculation in quantum field theory.
Version 2022/07/10.
Number of defined symbols=45. Please see ?CalcLoop`* for help.
"BladeIBP: a package for generating IBP, LI and Symmetry relations."

FrontEndObject::notavail: A front end is not available; certain operations require a front end.
Number of Families = 1. Number of Sectors = 2.
"4 zero sectors found, 4 nonzero sectors found."
"2 unique sectors found, 2 mapped sectors found, 0 extmapped sectors found."
"1 subgraph-unique sectors found, 0 subgraph-mapped sectors found"
"Seeding Id type ->""IBP"
"Seeding Id type ->""LI"
"Seeding Id type ->""SR"
"Seeding Id type ->""Map"
"Seeding Id type ->""SubSym"
"====================="
"Id type -> ""IBP"" # chunks -> "2
"====================="
"From remote kernel:"
"\"IBP\"\" #\"1\" of \"2\n"
"From remote kernel:"
"\"IBP\"\" #\"2\" of \"2\n"
"From remote kernel:"
"\" -> \"\"done in \"{0.058496, Null}\n"
"From remote kernel:"
"\" -> \"\"done in \"{0.060221, Null}\n"
"====================="
"Id type -> ""SR"" # chunks -> "2
"====================="
"From remote kernel:"
"\"SR\"\" #\"1\" of \"2\n"
"From remote kernel:"
"\"SR\"\" #\"2\" of \"2\n"
"From remote kernel:"
"\"sectors involved: \"{{1, 0, 1, 0, 1}}\n"
"From remote kernel:"
"\"sectors involved: \"{{1, 0, 1, 0, 0}}\n"
"From remote kernel:"
"\"#Symmetry Relations:  \"36\n"
"From remote kernel:"
"\" -> \"\"done in \"{0.05957, Null}\n"
"From remote kernel:"
"\"#Symmetry Relations:  \"98\n"
"From remote kernel:"
"\" -> \"\"done in \"{0.132969, Null}\n"
"====================="
"Id type -> ""Map"" # chunks -> "2
"====================="
"From remote kernel:"
"\"Map\"\" #\"1\" of \"2\n"
"From remote kernel:"
"\"Map\"\" #\"2\" of \"2\n"
"From remote kernel:"
"\"sectors involved: \"{{1, 0, 0, 0, 1}}\n"
"From remote kernel:"
"\"sectors involved: \"{{0, 0, 1, 0, 1}}\n"
"From remote kernel:"
"\"#Symmetry Relations:  \"60\n"
"From remote kernel:"
"\"#Symmetry Relations:  \"60\n"
"From remote kernel:"
"\" -> \"\"done in \"{0.068774, Null}\n"
"From remote kernel:"
"\" -> \"\"done in \"{0.068756, Null}\n"
"====================="
"Id type -> ""SubSym"" # chunks -> "2
"====================="
"From remote kernel:"
"\"SubSym\"\" #\"1\" of \"2\n"
"From remote kernel:"
"\"SubSym\"\" #\"2\" of \"2\n"
"From remote kernel:"
"\" -> \"\"done in \"{0.014111, Null}\n"
"From remote kernel:"
"\" -> \"\"done in \"{0.015672, Null}\n"
"Generating list of integrals ..."
" -> list of integrals generated"
"Exporting positions maps ..."
" -> positions maps exported"
"Serialize identities ..."
"From remote kernel:"
"\"File: \"\"ibps/ids_SR212m3_exints.mx\"\n"
"From remote kernel:"
"\"File: \"\"ibps/ids_SR212m3_IBP2.mx\"\n"
"From remote kernel:"
"\"File: \"\"ibps/ids_SR212m3_exints.mx\"\" done in \"{0.015198, Null}\n"
"From remote kernel:"
"\"File: \"\"ibps/ids_SR212m3_IBP1.mx\"\n"
"From remote kernel:"
"\"File: \"\"ibps/ids_SR212m3_IBP2.mx\"\" done in \"{0.037452, Null}\n"
"From remote kernel:"
"\"File: \"\"ibps/ids_SR212m3_SR1.mx\"\n"
"From remote kernel:"
"\"File: \"\"ibps/ids_SR212m3_SubSym2.mx\"\n"
"From remote kernel:"
"\"File: \"\"ibps/ids_SR212m3_IBP1.mx\"\" done in \"{0.035016, Null}\n"
"From remote kernel:"
"\"File: \"\"ibps/ids_SR212m3_Map1.mx\"\n"
"From remote kernel:"
"\"File: \"\"ibps/ids_SR212m3_Map1.mx\"\" done in \"{0.022355, Null}\n"
"From remote kernel:"
"\"File: \"\"ibps/ids_SR212m3_Map2.mx\"\n"
"From remote kernel:"
"\"File: \"\"ibps/ids_SR212m3_SR2.mx\"\n"
"From remote kernel:"
"\"File: \"\"ibps/ids_SR212m3_SubSym1.mx\"\n"
"From remote kernel:"
"\"File: \"\"ibps/ids_SR212m3_usints.mx\"\n"
"From remote kernel:"
"\"File: \"\"ibps/ids_SR212m3_SR1.mx\"\" done in \"{0.101914, Null}\n"
"From remote kernel:"
"\"File: \"\"ibps/ids_SR212m3_SubSym2.mx\"\" done in \"{0.105398, Null}\n"
"From remote kernel:"
"\"File: \"\"ibps/ids_SR212m3_SubSym1.mx\"\" done in \"{0.101115, Null}\n"
"From remote kernel:"
"\"File: \"\"ibps/ids_SR212m3_SR2.mx\"\" done in \"{0.107608, Null}\n"
"From remote kernel:"
"\"File: \"\"ibps/ids_SR212m3_usints.mx\"\" done in \"{0.101511, Null}\n"
"From remote kernel:"
"\"File: \"\"ibps/ids_SR212m3_Map2.mx\"\" done in \"{0.116762, Null}\n"
"-> all in :"{0.263999, Null}
