=== FamilyGenerate ===
Family: TB123 (L=2 E=2 N=7)
Modulus: 179424673

[Step 1] Generating IBP equations...
[IBPEqGenerator] Family TB123: ne=7 nl=2 nE=2 nIBP=8 subsectors=57
[IBPEqGenerator] Step 1: Running SP2PD...
[IBPEqGenerator] SP2PD OK: 7 scalar products → z-basis
[IBPEqGenerator] Step 2: Computing derivatives...
[IBPEqGenerator] Derivatives OK: 56 polynomials computed
[IBPEqGenerator] Step 3: Assembling IBP equations (mon2F)...
[IBPEqGenerator] Generated 8 IBP equations with 102 total g-operator terms.
  ne=7 nibp=8 subsectors=57
  [TIMING] Step 1: 0.045 s

[Step 2] Extracting FTable...
  nibp=8 ne=7
  [TIMING] Step 2: 0 s

[Step 3] Solving sectors...
  Filtering: sector = 1101010
  Solving sector [1101010]
  [2026-05-13 19:38:20] Singular minAssGTZ starting...
  [Singular minAssGTZ] 0.0816359 s, kept=3
  [2026-05-13 19:38:21] Singular minAssGTZ done
  [2026-05-13 19:38:21] Component 0/3 (14 polys)
  [2026-05-13 19:38:21] Component 1/3 (14 polys)
  [2026-05-13 19:38:21] Component 2/3 (14 polys)

[DEBUG solveVarRule] sector=[1,1,0,1,0,1,0] nb=2 VarIndep=[A7] VarDep=[A1,A2,A3,A4,A5,A6]
  compGb:
    [0] A7^2-74840344*A7+40515249
    [1] A6+7409250*A7-87171531
    [2] A5-950773*A7-36104369
    [3] A4+7409250*A7-87171531
    [4] A3-87860024*A7-66649051
    [5] A2+5556922*A7-20522488
    [6] A1+42519995*A7-53535807
    [7] B7+22428088*A7+68843013
    [8] B6+65895018*A7-83022959
    [9] B5-62653475*A7+62536312
    [10] B4+65895018*A7-83022959
    [11] B3+84155399*A7+26757510
    [12] B2-2778461*A7-28359896
    [13] B1+6483086*A7-40973297
  VarRule result:
    A1 -> 53535807+136904678*A7
    A2 -> 20522488+173867751*A7
    A3 -> 66649051+87860024*A7
    A4 -> 87171531+172015423*A7
    A5 -> 36104369+950773*A7
    A6 -> 87171531+172015423*A7
    [2026-05-13 19:38:21] MBM reduction k=0/2 (2 products)...
    [2026-05-13 19:38:21] MBM reduction k=1/2 (2 products)...
  -> 3 region(s) in 0.115 s
  Found 3 region(s) total
  [TIMING] Step 3: 0.115 s

[Step 4] Building recursion + ring matrices...
  Region 0: nb=1
  Region 1: nb=1
  Region 2: nb=2
  [TIMING] Step 4: 0.006 s

[Step 5] Writing .bin files...
Written 3 regime(s) to /home/ykm/Large-Index-Expansion-CPP/cache/TB123_scheduled/SectorCache/IBPMat_TB123_sector_1101010.bin
Written 3 ring cell(s) to /home/ykm/Large-Index-Expansion-CPP/cache/TB123_scheduled/SectorCache/RingData_TB123_sector_1101010.bin
  [TIMING] Step 5: 0 s

[TIMING] Total wall-clock: 0.17 s

Done. Output:
  /home/ykm/Large-Index-Expansion-CPP/cache/TB123_scheduled/SectorCache/IBPMat_TB123_sector_1101010.bin
  /home/ykm/Large-Index-Expansion-CPP/cache/TB123_scheduled/SectorCache/RingData_TB123_sector_1101010.bin
