=== FamilyGenerate ===
Family: TB123 (L=2 E=2 N=7)
Modulus: 179424673

[Step 1] Generating IBP equations...
[IBPEqGenerator] Family TB123: ne=7 nl=2 nE=2 nIBP=8 subsectors=57
[IBPEqGenerator] Step 1: Running SP2PD...
[IBPEqGenerator] SP2PD OK: 7 scalar products → z-basis
[IBPEqGenerator] Step 2: Computing derivatives...
[IBPEqGenerator] Derivatives OK: 56 polynomials computed
[IBPEqGenerator] Step 3: Assembling IBP equations (mon2F)...
[IBPEqGenerator] Generated 8 IBP equations with 102 total g-operator terms.
  ne=7 nibp=8 subsectors=57
  [TIMING] Step 1: 0.038 s

[Step 2] Extracting FTable...
  nibp=8 ne=7
  [TIMING] Step 2: 0 s

[Step 3] Solving sectors...
  Filtering: sector = 0001110
  Solving sector [0001110]
  [2026-05-13 19:38:14] Singular minAssGTZ starting...
  [Singular minAssGTZ] 0.0148693 s, kept=0
  [2026-05-13 19:38:14] Singular minAssGTZ done
  -> 0 region(s) in 0.015 s
  Found 0 region(s) total
  [TIMING] Step 3: 0.015 s
  No regions found. Writing empty output.

[Step 5] Writing .bin files...
Written 0 regime(s) to /home/ykm/Large-Index-Expansion-CPP/cache/TB123_scheduled/SectorCache/IBPMat_TB123_sector_0001110.bin
Written 0 ring cell(s) to /home/ykm/Large-Index-Expansion-CPP/cache/TB123_scheduled/SectorCache/RingData_TB123_sector_0001110.bin
  [TIMING] Step 5: 0 s

[TIMING] Total wall-clock: 0.056 s

Done. Output:
  /home/ykm/Large-Index-Expansion-CPP/cache/TB123_scheduled/SectorCache/IBPMat_TB123_sector_0001110.bin
  /home/ykm/Large-Index-Expansion-CPP/cache/TB123_scheduled/SectorCache/RingData_TB123_sector_0001110.bin
