=== FamilyGenerate ===
Family: TB123 (L=2 E=2 N=7)
Modulus: 179424673

[Step 1] Generating IBP equations...
[IBPEqGenerator] Family TB123: ne=7 nl=2 nE=2 nIBP=8 subsectors=57
[IBPEqGenerator] Step 1: Running SP2PD...
[IBPEqGenerator] SP2PD OK: 7 scalar products → z-basis
[IBPEqGenerator] Step 2: Computing derivatives...
[IBPEqGenerator] Derivatives OK: 56 polynomials computed
[IBPEqGenerator] Step 3: Assembling IBP equations (mon2F)...
[IBPEqGenerator] Generated 8 IBP equations with 102 total g-operator terms.
  ne=7 nibp=8 subsectors=57
  [TIMING] Step 1: 0.039 s

[Step 2] Extracting FTable...
  nibp=8 ne=7
  [TIMING] Step 2: 0 s

[Step 3] Solving sectors...
  Filtering: sector = 1101110
  Solving sector [1101110]
  [2026-05-13 19:38:41] Singular minAssGTZ starting...
  [Singular minAssGTZ] 0.489593 s, kept=3
  [2026-05-13 19:38:42] Singular minAssGTZ done
  [2026-05-13 19:38:42] Component 0/3 (14 polys)
  [2026-05-13 19:38:42] Component 1/3 (14 polys)

[DEBUG solveVarRule] sector=[1,1,0,1,1,1,0] nb=4 VarIndep=[A7] VarDep=[A1,A2,A3,A4,A5,A6]
  compGb:
    [0] A7^4-65021531*A7^3-65673065*A7^2+59302815*A7+33288000
    [1] A6+63069134*A7^3+78383529*A7^2-51884038*A7-12431157
    [2] A5+11100121*A7^3-27215956*A7^2-79142386*A7-34581580
    [3] A4-17138051*A7^3+69688327*A7^2-2418616*A7+26725134
    [4] A3+6394289*A7^3+9846385*A7^2-18386093*A7-12680555
    [5] A2+73793796*A7^3+59423792*A7^2+48891268*A7+36668301
    [6] A1+36747729*A7^3-80577656*A7^2+35418364*A7+71463265
    [7] B7-20098156*A7^3+1877613*A7^2+41788704*A7-33195584
    [8] B6+57424026*A7^3-85051947*A7^2-49814916*A7-3886275
    [9] B5+14659359*A7^3+56956879*A7^2+67589793*A7-36653194
    [10] B4-70709347*A7^3-18082232*A7^2+50562988*A7+50371741
    [11] B3-67546318*A7^3-37132340*A7^2-48372215*A7-71275307
    [12] B2+8200032*A7^3+14812367*A7^2-43684877*A7+14115697
    [13] B1-10307124*A7^3+29867228*A7^2+62053631*A7-12807949
  VarRule result:
    A1 -> 107961408+144006309*A7+80577656*A7^2+142676944*A7^3
    A2 -> 142756372+130533405*A7+120000881*A7^2+105630877*A7^3
    A3 -> 12680555+18386093*A7+169578288*A7^2+173030384*A7^3
    A4 -> 152699539+2418616*A7+109736346*A7^2+17138051*A7^3
    A5 -> 34581580+79142386*A7+27215956*A7^2+168324552*A7^3
    A6 -> 12431157+51884038*A7+101041144*A7^2+116355539*A7^3
    [2026-05-13 19:38:42] MBM reduction k=0/4 (4 products)...
    [2026-05-13 19:38:42] MBM reduction k=1/4 (4 products)...
    [2026-05-13 19:38:42] MBM reduction k=2/4 (4 products)...
    [2026-05-13 19:38:42] MBM reduction k=3/4 (4 products)...
  [2026-05-13 19:38:42] Component 2/3 (14 polys)

[DEBUG solveVarRule] sector=[1,1,0,1,1,1,0] nb=4 VarIndep=[A7] VarDep=[A1,A2,A3,A4,A5,A6]
  compGb:
    [0] A7^4-23645875*A7^3+4256715*A7^2-74694111*A7+45544147
    [1] A6-85585297*A7^3+75236064*A7^2-63923345*A7-21715426
    [2] A5+87056397*A7^3+82567462*A7^2-79806034*A7+42381411
    [3] A4+3851529*A7^3+79307179*A7^2-79354074*A7-27244334
    [4] A3+29685556*A7^3-81444409*A7^2+64637926*A7-28477078
    [5] A2+18622999*A7^3+13033650*A7^2-14871209*A7-66096823
    [6] A1+87393869*A7^3+82439317*A7^2+48196441*A7-68085408
    [7] B7+53730417*A7^3-23635662*A7^2-70618367*A7+55310820
    [8] B6-5219377*A7^3+47837791*A7^2-85395008*A7-21524596
    [9] B5+25264884*A7^3-42381562*A7^2-7863587*A7+25524038
    [10] B4+53677063*A7^3+37689697*A7^2-42346604*A7-80683113
    [11] B3+51564872*A7^3-79842285*A7^2+28632528*A7-88543246
    [12] B2-39071039*A7^3-33792332*A7^2+25275633*A7-55579625
    [13] B1+49994143*A7^3+19249157*A7^2+51973440*A7+127731
  VarRule result:
    A1 -> 68085408+131228232*A7+96985356*A7^2+92030804*A7^3
    A2 -> 66096823+14871209*A7+166391023*A7^2+160801674*A7^3
    A3 -> 28477078+114786747*A7+81444409*A7^2+149739117*A7^3
    A4 -> 27244334+79354074*A7+100117494*A7^2+175573144*A7^3
    A5 -> 137043262+79806034*A7+96857211*A7^2+92368276*A7^3
    A6 -> 21715426+63923345*A7+104188609*A7^2+85585297*A7^3
    [2026-05-13 19:38:42] MBM reduction k=0/4 (4 products)...
    [2026-05-13 19:38:42] MBM reduction k=1/4 (4 products)...
    [2026-05-13 19:38:42] MBM reduction k=2/4 (4 products)...
    [2026-05-13 19:38:42] MBM reduction k=3/4 (4 products)...
  -> 3 region(s) in 0.548 s
  Found 3 region(s) total
  [TIMING] Step 3: 0.548 s

[Step 4] Building recursion + ring matrices...
  Region 0: nb=1
  Region 1: nb=4
  Region 2: nb=4
  [TIMING] Step 4: 0.011 s

[Step 5] Writing .bin files...
Written 3 regime(s) to /home/ykm/Large-Index-Expansion-CPP/cache/TB123_scheduled/SectorCache/IBPMat_TB123_sector_1101110.bin
Written 3 ring cell(s) to /home/ykm/Large-Index-Expansion-CPP/cache/TB123_scheduled/SectorCache/RingData_TB123_sector_1101110.bin
  [TIMING] Step 5: 0.001 s

[TIMING] Total wall-clock: 0.604 s

Done. Output:
  /home/ykm/Large-Index-Expansion-CPP/cache/TB123_scheduled/SectorCache/IBPMat_TB123_sector_1101110.bin
  /home/ykm/Large-Index-Expansion-CPP/cache/TB123_scheduled/SectorCache/RingData_TB123_sector_1101110.bin
