========================================
ScheduledRegionSolve NP322 Recompute
ProjectRoot: /home/ykm/Large-Index-Expansion-CPP/
VerifyUtility: /home/ykm/Large-Index-Expansion-CPP/verify/VerifyUtility
========================================

[1/5] Loading packages...
  Packages loaded.

[2/5] Loading family config...
=== Registered IBP Families (19) ===
  bub00 — 1-loop bubble, msq=0
  bub10 — 1-loop bubble, msq=1
  bub11 — 1-loop bubble, msq=1
  Tri — 1-loop triangle, 3 props, s1=3,s2=8,s3=0
  Box — 1-loop box, 4 props, s=3,t=2,u=-5
  SR212 — Sunrise 2L1P, massless, s=1
  SR212-3m — Sunrise 2L1P, 3-massive (props 1,3,5), s=3/2
  SR212-5m — Sunrise 2L1P, all-massive, s=0
  NP222 — Non-Planar 2L2P, s=1,s2=0,m=0
  NP222var — NP 2L2P triangle, arXiv:2305.13951, k=0(fam b)
  TB123 — Tri-Box 2L3P, massless, s=3,s1=2,s2=4
  TB123m — Tri-Box 2L3P, massive, s=3,s1=2,s2=5,m=1
  DB313 — Double Box 2L4P, s=2,t=3
  NP322 — Non-Planar 2L4P, massless, s=1,t=5
  NP322m — Non-Planar 2L4P, massive, s=3,t=2,m1=1,m2=4,m=1
  DP323 — Double Pentagon 2L5P, s12=4,s13=7,s14=8,s23=1,s24=2,m=3
  BN3L — 3-Loop Banana, vacuum, msq=1
  BN3L1P — 3-Loop Banana 1-Point, massless, s=1
  BN3L1Pm — 3-Loop Banana 1-Point, massive, s=1,msq=1
  Name: Non-Planar 2L4P, massless, s=1,t=5
  Propagators: 9
  Modulus: 179424673

[3/5] Defining IBP family...
[LIE-Workflow] Step 1: Defining IBP family...
  - Propagators: 9
  - Loops: 2
  - External legs: 3
#IBP&LI: 13
[LIE-Workflow] Family defined in 0.201933s
  - Total IBP relations: 10
  - Sectors to analyze: 120
  Family definition time: 1.434173 s
  NE = 9
  NIBP = 10
  Sectors = 120

[4/5] Running ScheduledRegionSolve...
========================================
ScheduledRegionSolve: NP322
Sectors: 120
Modulus: 179424673
Cache:   /home/ykm/Large-Index-Expansion-CPP/verify/NP322/cache
Output:  /home/ykm/Large-Index-Expansion-CPP/
========================================

Pending sectors: 12/120
  Quick: 0  Fast(resume): 10  Retry(resume): 2
  (Skipped 108 already-computed/trivial/cached sectors)

========================================
Interleaved Tier Pipeline: Quick + Fast + Retry
Max parallel workers: 2
========================================
  [LAUNCH] 101101100 -> Fast tier (1200s)
    [PID=720674, active={0, 1, 0}, totalActive=1]
  [LAUNCH] 111011000 -> Retry tier (12000s)
    [PID=720724, active={0, 1, 1}, totalActive=2]
  [TIMEOUT] 101101100 at 1258.8000000000002s (-> next tier)
  [LAUNCH] 011101100 -> Fast tier (1200s)
    [PID=740830, active={0, 1, 1}, totalActive=2]
  [DONE] 111011000 -> 1 regions, 3427.8s
  [LAUNCH] 101110100 -> Retry tier (12000s)
    [PID=778509, active={0, 1, 1}, totalActive=2]
  [TIMEOUT] 011101100 at 2502.4s (-> next tier)
  [LAUNCH] 111111000 -> Fast tier (1200s)
    [PID=783962, active={0, 1, 1}, totalActive=2]
  [TIMEOUT] 111111000 at 1208.9s (-> next tier)
  [LAUNCH] 111110100 -> Fast tier (1200s)
    [PID=803711, active={0, 1, 1}, totalActive=2]
  [TIMEOUT] 111110100 at 1203.4s (-> next tier)
  [LAUNCH] 111101100 -> Fast tier (1200s)
    [PID=826379, active={0, 1, 1}, totalActive=2]
  [TIMEOUT] 111101100 at 1206.1000000000001s (-> next tier)
  [LAUNCH] 111011100 -> Fast tier (1200s)
    [PID=850039, active={0, 1, 1}, totalActive=2]
  [TIMEOUT] 111011100 at 1203.2s (-> next tier)
  [LAUNCH] 110111100 -> Fast tier (1200s)
    [PID=871218, active={0, 1, 1}, totalActive=2]
  [TIMEOUT] 110111100 at 1203.9s (-> next tier)
  [LAUNCH] 101111100 -> Fast tier (1200s)
    [PID=890336, active={0, 1, 1}, totalActive=2]
  [TIMEOUT] 101111100 at 1204.3s (-> next tier)
  [LAUNCH] 011111100 -> Fast tier (1200s)
    [PID=910058, active={0, 1, 1}, totalActive=2]
  [TIMEOUT] 011111100 at 1202.8s (-> next tier)
  [LAUNCH] 111111100 -> Fast tier (1200s)
    [PID=928409, active={0, 1, 1}, totalActive=2]
  [DONE] 101110100 -> 2 regions, 9095.2s
  [LAUNCH] 101101100 -> Retry tier (12000s)
    [PID=933169, active={0, 1, 1}, totalActive=2]
  [TIMEOUT] 111111100 at 1272.5s (-> next tier)
  [TIMEOUT] 111111000 at 12626.5s (-> next tier)
  [TIMEOUT] 101101100 at 12275.2s (-> next tier)
  [LAUNCH] 011101100 -> Retry tier (12000s)
    [PID=1112791, active={0, 0, 1}, totalActive=1]
  [TIMEOUT] 111111100 at 12080.6s (-> next tier)
