CalcLoop: a tool for automated multiloop calculation in quantum field theory.
Version 2022/07/10.
Number of defined symbols=45. Please see ?CalcLoop`* for help.
"BladeIBP: a package for generating IBP, LI and Symmetry relations."

FrontEndObject::notavail: A front end is not available; certain operations require a front end.
Number of Families = 1. Number of Sectors = 27.
"1 zero sectors found, 31 nonzero sectors found."
"27 unique sectors found, 4 mapped sectors found, 0 extmapped sectors found."
"26 subgraph-unique sectors found, 0 subgraph-mapped sectors found"
"From remote kernel:"
"{1, 1, 1, 1, 0}\" done in: \"0.090162`5.406568530288793\"s.\"\n"
"From remote kernel:"
"{1, 1, 1, 0, 1}\" done in: \"0.093046`5.420242701266173\"s.\"\n"
"From remote kernel:"
"{1, 0, 1, 1, 1}\" done in: \"0.098059`5.4430324535187555\"s.\"\n"
"From remote kernel:"
"{1, 1, 0, 1, 0}\" done in: \"0.092049`5.41556406828233\"s.\"\n"
"From remote kernel:"
"{1, 1, 0, 1, 1}\" done in: \"0.103041`5.464555058305719\"s.\"\n"
"From remote kernel:"
"{0, 1, 1, 1, 1}\" done in: \"0.104283`5.469758509900063\"s.\"\n"
"From remote kernel:"
"{1, 1, 1, 0, 0}\" done in: \"0.101956`5.45995778212133\"s.\"\n"
"From remote kernel:"
"{1, 1, 1, 1, 1}\" done in: \"0.103905`5.4681814401884905\"s.\"\n"
"From remote kernel:"
"{1, 1, 0, 0, 1}\" done in: \"0.081756`5.364064628482998\"s.\"\n"
"From remote kernel:"
"{1, 0, 1, 0, 1}\" done in: \"0.083332`5.372356798681047\"s.\"\n"
"From remote kernel:"
"{0, 0, 1, 1, 1}\" done in: \"0.089092`5.4013837018893\"s.\"\n"
"From remote kernel:"
"{1, 0, 1, 1, 0}\" done in: \"0.095859`5.433177887620267\"s.\"\n"
"From remote kernel:"
"{0, 1, 1, 1, 0}\" done in: \"0.08989`5.40525637392353\"s.\"\n"
"From remote kernel:"
"{1, 0, 0, 1, 1}\" done in: \"0.090896`5.410089765429157\"s.\"\n"
"From remote kernel:"
"{0, 1, 0, 1, 1}\" done in: \"0.101067`5.456154368103631\"s.\"\n"
"From remote kernel:"
"{0, 1, 1, 0, 1}\" done in: \"0.116437`5.517636000806975\"s.\"\n"
"From remote kernel:"
"{1, 0, 0, 1, 0}\" done in: \"0.072161`5.309847536481529\"s.\"\n"
"From remote kernel:"
"{1, 1, 0, 0, 0}\" done in: \"0.069202`5.291663639634988\"s.\"\n"
"From remote kernel:"
"{1, 0, 0, 0, 1}\" done in: \"0.07423`5.3221244540486605\"s.\"\n"
"From remote kernel:"
"{0, 1, 1, 0, 0}\" done in: \"0.076738`5.33655546961599\"s.\"\n"
"From remote kernel:"
"{1, 0, 1, 0, 0}\" done in: \"0.073215`5.316145060208173\"s.\"\n"
"From remote kernel:"
"{0, 1, 0, 1, 0}\" done in: \"0.079915`5.354173297288238\"s.\"\n"
"From remote kernel:"
"{0, 1, 0, 0, 1}\" done in: \"0.079921`5.354205902795043\"s.\"\n"
"From remote kernel:"
"{0, 0, 1, 1, 0}\" done in: \"0.089995`5.405763374793851\"s.\"\n"
"From remote kernel:"
"{1, 0, 0, 0, 0}\" done in: \"0.054565`5.188459153035092\"s.\"\n"
"From remote kernel:"
"{0, 1, 0, 0, 0}\" done in: \"0.064799`5.263113297239514\"s.\"\n"
"From remote kernel:"
"{0, 0, 1, 0, 0}\" done in: \"0.066952`5.277308548346471\"s.\"\n"
"From remote kernel:"
"{0, 0, 0, 1, 0}\" done in: \"0.068421`5.286734410777171\"s.\"\n"
"From remote kernel:"
"{0, 0, 1, 0, 1}\" done in: \"0.082022`5.365475348283747\"s.\"\n"
"From remote kernel:"
"{0, 0, 0, 1, 1}\" done in: \"0.082229`5.366570002262702\"s.\"\n"
"From remote kernel:"
"{0, 0, 0, 0, 1}\" done in: \"0.07088`5.302068702374967\"s.\"\n"
"fast determineMI done in: "1.533748`6.637299002913491
"# rawmasters(nomap): "26", # rawmasters: "22
