=== FamilyGenerate ===
Family: SR212-5m (L=2 E=1 N=5)
Modulus: 179424673

[Step 1] Generating IBP equations...
[IBPEqGenerator] Family SR212-5m: ne=5 nl=2 nE=1 nIBP=6 subsectors=26
[IBPEqGenerator] Step 1: Running SP2PD...
[IBPEqGenerator] SP2PD OK: 5 scalar products → z-basis
[IBPEqGenerator] Step 2: Computing derivatives...
[IBPEqGenerator] Derivatives OK: 30 polynomials computed
[IBPEqGenerator] Step 3: Assembling IBP equations (mon2F)...
[IBPEqGenerator] Generated 6 IBP equations with 60 total g-operator terms.
  ne=5 nibp=6 subsectors=26
  [TIMING] Step 1: 0.033 s

[Step 2] Extracting FTable...
  nibp=6 ne=5
  [TIMING] Step 2: 0 s

[Step 3] Solving sectors...
  Filtering: sector = 00111
  Solving sector [00111]
  [2026-05-13 19:35:38] Singular minAssGTZ starting...
  [Singular minAssGTZ] 0.0265137 s, kept=1
  [2026-05-13 19:35:38] Singular minAssGTZ done
  [2026-05-13 19:35:38] Component 0/1 (10 polys)
  -> 1 region(s) in 0.031 s
  Found 1 region(s) total
  [TIMING] Step 3: 0.032 s

[Step 4] Building recursion + ring matrices...
  Region 0: nb=1
  [TIMING] Step 4: 0 s

[Step 5] Writing .bin files...
Written 1 regime(s) to /home/ykm/Large-Index-Expansion-CPP/cache/SR212-5m_scheduled/SectorCache/IBPMat_SR212-5m_sector_00111.bin
Written 1 ring cell(s) to /home/ykm/Large-Index-Expansion-CPP/cache/SR212-5m_scheduled/SectorCache/RingData_SR212-5m_sector_00111.bin
  [TIMING] Step 5: 0 s

[TIMING] Total wall-clock: 0.068 s

Done. Output:
  /home/ykm/Large-Index-Expansion-CPP/cache/SR212-5m_scheduled/SectorCache/IBPMat_SR212-5m_sector_00111.bin
  /home/ykm/Large-Index-Expansion-CPP/cache/SR212-5m_scheduled/SectorCache/RingData_SR212-5m_sector_00111.bin
