
      +++  sector:  {1, 1, 1, 1, 0, 1, 0}  (1/1)  +++ 
                     SINGULAR                                 /  Development
 A Computer Algebra System for Polynomial Computations       /   version 4.3.2
                                                           0<
 by: W. Decker, G.-M. Greuel, G. Pfister, H. Schoenemann     \   Feb 2023
FB Mathematik der Universitaet, D-67653 Kaiserslautern        \  Debian 1:4.3.2-p10+ds-1.1build1
compute hilbert series with std in ring (ZZ/179424673),(x14,x13,x12,x11,x10,x9,x8,x7,x6,x5,x4,x3,x2,x1,@),(dp(15),C)
weights used for hilbert series: 1,1,1,1,1,1,1,1,1,1,1,1,1,1,1
[65535:4]2(14)s(13)s(12)s(11)s(10)s(9)s(8)s(7)s(8)s(10)s(11)s(15)s(16)s(17)s(21)s3(25)s(29)s(34)s(37)s(41)s(47)s(50)s(57)s(63)s(68)s(72)s(78)s(86)-s(91)s(97)s(102)s(110)s(117)s(125)s(135)s(141)s(148)s(153)s(159)s(166)s4(172)----s(175)------ss(183)----s(188)s(195)s(204)s(213)s(222)-s(230)s(238)s(248)---s(254)---s(259)-s(265)s(275)s(283)s(293)-s(303)s(312)s(319)-s(329)-s(334)s(342)-s(351)s(362)s(371)s(378)----s(384)s(396)-s(408)--s(412)s(421)--s(429)---s(436)s(446)s(457)---s(465)------s(468)-----s(471)---s(477)-----------------s(471)-s(478)------------------------5--s(461)s(470)s(479)s(489)s(501)-(500)s(510)s(520)s(531)s(540)--s(547)s(558)s(571)s(582)---------s(586)--s(596)s(609)---------(600)--s(610)----------(600)-------------------------s(585)-s(594)---s(602)--(600)-s(610)----------(600)-s(611)s(622)s(634)s(645)---s(654)--------------s(653)s(665)--------------------------------------------------------------s(615)s(626)s(639)--s(649)-------------------------------------------------(600)-------------------------------------------------------------------------------s(530)---s(537)s(547)s(556)s(566)s(577)-------------s(571)--s(579)-----s(585)--------s(590)s(603)---(600)--------------------s(591)-------------s(585)----------------------s(569)s(579)---------------------------6-s(562)s(574)------------------------------s(556)--------------------------------------------------------(500)----------------------------------------------------------------------------------------------------(400)----------------------------------------------------------------------------------------------------(300)---s(309)---------(300)----------------s(295)----------------------------s(279)-s(291)-----------------------------------------------------------------s(238)------------------------------------s(212)------------(200)---s(208)--------(200)------------------------------s(181)-------------------------------------------7--------------------------------------(100)----------------------------------------------------------------------------------------------------
product criterion:2491 chain criterion:5918
std with hilb in (ZZ/179424673),(x14,x13,x12,x11,x10,x9,x8,x7,x6,x5,x4,x3,x2,x1,@),(lp(14),dp(1),C)
[65535:4]2(139)s(138)s(137)s(136)s(135)ssss(134)ss(136)s(139)s(141)s(144)s(147)s3(149)s(151)s(156)s(159)s(164)s(167)s(169)s(176)s(183)s(190)s(197)-s(203)s(208)s(215)s(222)s(228)s(234)s(240)s(248)s(259)s(266)s(273)s(281)s(288)shhhhhhhhhhhhhhhhhhhhhhhhh4(269)s(276)-s(285)s(293)s(302)s(310)-s(318)-s(327)-s(335)s(346)s(355)s(362)-s(369)s(377)s(387)s(393)s(403)s(413)s(420)-s(428)s(438)-s(446)-s(455)s(463)s(471)s(482)----s(486)s(494)s(503)---(500)----s(505)s(515)--s(522)-s(529)s(536)s(548)-----s(552)s(562)---------s(561)----s(567)---s(573)-------------s(569)-s(579)--s(590)s(600)s(612)----------s(610)----------(600)shhhhhhhhhhhhhhhhhhhhhhhhhhhhhhhhhhhhhhhhhhhhhhhhhhhhhhhhh5(554)--s(561)s(571)s(581)s(591)-s(600)s(611)s(621)-s(632)s(643)s(655)-s(666)s(679)s(690)s(701)s(712)s(722)s(732)-s(742)-s(753)s(764)s(775)s(786)-s(798)-s(809)s(818)s(829)----s(837)-s(849)--s(857)s(870)s(880)-s(890)s(902)s(912)s(924)s(935)-----s(943)--------s(947)----s(955)-----------------------------s(937)--------------s(934)----------------------------------(900)--------s(905)-----(900)---------------------------------s(879)-----------------------s(864)----------------------------------------------------------------(800)-------------------------------------------s(767)-------------------------------------------------------------------(700)--------------------------------shhhhhhhhhhhhhhhhhhhhhhhhhhhhhhhhhhhhhhhhhhhhhhhhhhhhhhhhhhhhhhhhhhhhhhhhhhhhhhhhhhhhhhhhhhhhhhhhhhhhhh6(576)s(588)--s(599)----------------------------s(582)---------------------------------s(559)s(570)----------------------------------------------------------s(524)-s(536)-------s(541)---------------------------------s(519)-------------------(500)----------------------------------------------------------------------------------------------------(400)----------------------------------------------------------------------------------------------------(300)----------------------------------------------------------------------------------------------------(200)---------------------------------------------------------------------------shhhhhhhhhhh7(123)shhhhhhhhhhhhhhhhhhhhhhhhhhhhhhhhhhhhhhhhhhhhhhhhhhhhhhhhhhhhhhhhhhhhhhhhhhhhhhhhhhhhhhhhhhhhhhhhhhhhhhhhhhhhhhhhhhhhhhhhhhh8(13)shhhhhhhhhhhhhhhhhhhhhhhhhh
product criterion:2478 chain criterion:6306
hilbert series criterion:344
dehomogenization
simplification
imap to ring (ZZ/179424673),(x14,x13,x12,x11,x10,x9,x8,x7,x6,x5,x4,x3,x2,x1),(lp(14),C)
Auf Wiedersehen.
                     SINGULAR                                 /  Development
 A Computer Algebra System for Polynomial Computations       /   version 4.3.2
                                                           0<
 by: W. Decker, G.-M. Greuel, G. Pfister, H. Schoenemann     \   Feb 2023
FB Mathematik der Universitaet, D-67653 Kaiserslautern        \  Debian 1:4.3.2-p10+ds-1.1build1
// ** loaded /usr/bin/../share/singular/LIB/primdec.lib (4.3.2.9,Oct_2023)
// ** loaded /usr/bin/../share/singular/LIB/ring.lib (4.3.1.3,Feb_2023)
// ** loaded /usr/bin/../share/singular/LIB/absfact.lib (4.1.2.0,Feb_2019)
// ** loaded /usr/bin/../share/singular/LIB/triang.lib (4.1.2.0,Feb_2019)
// ** loaded /usr/bin/../share/singular/LIB/matrix.lib (4.3.2.3,Aug_2023)
// ** loaded /usr/bin/../share/singular/LIB/nctools.lib (4.1.2.0,Feb_2019)
// ** loaded /usr/bin/../share/singular/LIB/inout.lib (4.1.2.0,Feb_2019)
// ** loaded /usr/bin/../share/singular/LIB/random.lib (4.1.2.0,Feb_2019)
// ** loaded /usr/bin/../share/singular/LIB/polylib.lib (4.2.0.0,Dec_2020)
// ** loaded /usr/bin/../share/singular/LIB/elim.lib (4.3.2.5,Jul_2023)
// ** loaded /usr/bin/../share/singular/LIB/general.lib (4.1.2.0,Feb_2019)
map with cache
map with cache
map with cache
map with cache
map with cache
map with cache
map with cache
map with cache
map with cache
map with cache
map with cache
map with cache
map with cache
std in (ZZ/179424673),(x14,x13,x12,x11,x10,x9,x8,x7,x6,x5,x4,x3,x2,x1),(dp(14),C)
[65535:5]1(13)s(12)s(11)s(10)s(9)s(8)s(7)s(6)s(5)s(4)s(3)s(2)ss4s
(S:13)-------------
product criterion:91 chain criterion:0
[65535:4]1(13)s(12)s(11)s(10)s(9)s(8)s(7)s(6)s(5)s(4)s(3)s(2)ss4s
(S:13)-------------
product criterion:91 chain criterion:0
map is a permutation
[65535:5]1(14)s(13)s(12)s(11)s(10)s(9)s(8)s(7)s(6)s(5)s(4)s(3)s(2)sss
(S:14)--------------
product criterion:105 chain criterion:0
[65535:4]1(13)s(12)s(11)s(10)s(9)s(8)s(7)s(6)s(5)s(4)s(3)s(2)sss
(S:13)-------------
product criterion:91 chain criterion:0
{1}[65535:6]1(13)s(12)s(11)s(10)s(9)s(8)s(7)s(6)s(5)s(4)s(3)s(2)sss2(12)------------
(S:14)---------------
product criterion:0 chain criterion:0
(S:14)rrrrrrrrrrrrrr
[65535:4]1(13)s(12)s(11)s(10)s(9)s(8)s(7)s(6)s(5)s(4)s(3)s(2)sss
(S:13)-------------
product criterion:91 chain criterion:0
intersect by elimination method
[65535:6]1(14)s2(13)s(12)s(11)s(10)s(9)s(8)s(7)s(6)s(5)s(4)s(3)s(2)sss
(S:14)--------------
product criterion:105 chain criterion:0
map is a permutation
[65535:5]1(14)s(13)s(12)s(11)s(10)s(9)s(8)s(7)s(6)s(5)s(4)s(3)s(2)ss2s
(S:0)
product criterion:105 chain criterion:0
map is a permutation
[65535:5]1(14)s(13)s(12)s(11)s(10)s(9)s(8)s(7)s(6)s(5)s(4)s(3)s(2)ss2s
(S:0)
product criterion:105 chain criterion:0
map is a permutation
[65535:5]1(14)s(13)s(12)s(11)s(10)s(9)s(8)s(7)s(6)s(5)s(4)s(3)s(2)ss2s
(S:0)
product criterion:105 chain criterion:0
map is a permutation
[65535:5]1(14)s(13)s(12)s(11)s(10)s(9)s(8)s(7)s(6)s(5)s(4)s(3)s(2)ss2s
(S:0)
product criterion:105 chain criterion:0
map is a permutation
[65535:5]1(14)s(13)s(12)s(11)s(10)s(9)s(8)s(7)s(6)s(5)s(4)s(3)s(2)ss2s
(S:0)
product criterion:105 chain criterion:0
map is a permutation
[65535:5]1(14)s(13)s(12)s(11)s(10)s(9)s(8)s(7)s(6)s(5)s(4)s(3)s(2)ss2s
(S:0)
product criterion:105 chain criterion:0
map is a permutation
[65535:5]1(14)s(13)s(12)s(11)s(10)s(9)s(8)s(7)s(6)s(5)s(4)s(3)s(2)ss2s
(S:0)
product criterion:105 chain criterion:0
map is a permutation
[65535:5]1(14)s(13)s(12)s(11)s(10)s(9)s(8)s(7)s(6)s(5)s(4)s(3)s(2)ss2s
(S:0)
product criterion:105 chain criterion:0
map is a permutation
[65535:5]1(14)s(13)s(12)s(11)s(10)s(9)s(8)s(7)s(6)s(5)s(4)s(3)s(2)ss2s
(S:0)
product criterion:105 chain criterion:0
map is a permutation
[65535:5]1(14)s(13)s(12)s(11)s(10)s(9)s(8)s(7)s(6)s(5)s(4)s(3)s(2)ss2s
(S:0)
product criterion:105 chain criterion:0
map is a permutation
[65535:5]1(14)s(13)s(12)s(11)s(10)s(9)s(8)s(7)s(6)s(5)s(4)s(3)s(2)ss2s
(S:0)
product criterion:105 chain criterion:0
map is a permutation
[65535:5]1(14)s(13)s(12)s(11)s(10)s(9)s(8)s(7)s(6)s(5)s(4)s(3)s(2)ss2s
(S:0)
product criterion:105 chain criterion:0
map is a permutation
[65535:5]1(14)s(13)s(12)s(11)s(10)s(9)s(8)s(7)s(6)s(5)s(4)s(3)s(2)ss2s
(S:0)
product criterion:105 chain criterion:0
map is a permutation
[65535:5]1(14)s(13)s(12)s(11)s(10)s(9)s(8)s(7)s(6)s(5)s(4)s(3)s(2)ss2s
(S:0)
product criterion:105 chain criterion:0
[65535:4]1(13)s(12)s(11)s(10)s(9)s(8)s(7)s(6)s(5)s(4)s(3)s(2)sss
(S:13)-------------
product criterion:91 chain criterion:0
map is a permutation
[65535:5]1(14)s(13)s(12)s(11)s(10)s(9)s(8)s(7)s(6)s(5)s(4)s(3)s(2)sss
(S:14)--------------
product criterion:105 chain criterion:0
[65535:4]1(13)s(12)s(11)s(10)s(9)s(8)s(7)s(6)s(5)s(4)s(3)s(2)sss
(S:13)-------------
product criterion:91 chain criterion:0
{1}[65535:6]1(13)s(12)s(11)s(10)s(9)s(8)s(7)s(6)s(5)s(4)s(3)s(2)sss2(12)------------
(S:14)---------------
product criterion:0 chain criterion:0
(S:14)rrrrrrrrrrrrrr
[65535:4]1(13)s(12)s(11)s(10)s(9)s(8)s(7)s(6)s(5)s(4)s(3)s(2)sss
(S:13)-------------
product criterion:91 chain criterion:0
intersect by elimination method
[65535:6]1(14)s2(13)s(12)s(11)s(10)s(9)s(8)s(7)s(6)s(5)s(4)s(3)s(2)sss
(S:14)--------------
product criterion:105 chain criterion:0
map is a permutation
[65535:5]1(14)s(13)s(12)s(11)s(10)s(9)s(8)s(7)s(6)s(5)s(4)s(3)s(2)ss2s
(S:0)
product criterion:105 chain criterion:0
map is a permutation
[65535:5]1(14)s(13)s(12)s(11)s(10)s(9)s(8)s(7)s(6)s(5)s(4)s(3)s(2)ss2s
(S:0)
product criterion:105 chain criterion:0
map is a permutation
[65535:5]1(14)s(13)s(12)s(11)s(10)s(9)s(8)s(7)s(6)s(5)s(4)s(3)s(2)ss2s
(S:0)
product criterion:105 chain criterion:0
map is a permutation
[65535:5]1(14)s(13)s(12)s(11)s(10)s(9)s(8)s(7)s(6)s(5)s(4)s(3)s(2)ss2s
(S:0)
product criterion:105 chain criterion:0
map is a permutation
[65535:5]1(14)s(13)s(12)s(11)s(10)s(9)s(8)s(7)s(6)s(5)s(4)s(3)s(2)ss2s
(S:0)
product criterion:105 chain criterion:0
map is a permutation
[65535:5]1(14)s(13)s(12)s(11)s(10)s(9)s(8)s(7)s(6)s(5)s(4)s(3)s(2)ss2s
(S:0)
product criterion:105 chain criterion:0
map is a permutation
[65535:5]1(14)s(13)s(12)s(11)s(10)s(9)s(8)s(7)s(6)s(5)s(4)s(3)s(2)ss2s
(S:0)
product criterion:105 chain criterion:0
map is a permutation
[65535:5]1(14)s(13)s(12)s(11)s(10)s(9)s(8)s(7)s(6)s(5)s(4)s(3)s(2)ss2s
(S:0)
product criterion:105 chain criterion:0
map is a permutation
[65535:5]1(14)s(13)s(12)s(11)s(10)s(9)s(8)s(7)s(6)s(5)s(4)s(3)s(2)ss2s
(S:0)
product criterion:105 chain criterion:0
map is a permutation
[65535:5]1(14)s(13)s(12)s(11)s(10)s(9)s(8)s(7)s(6)s(5)s(4)s(3)s(2)ss2s
(S:0)
product criterion:105 chain criterion:0
map is a permutation
[65535:5]1(14)s(13)s(12)s(11)s(10)s(9)s(8)s(7)s(6)s(5)s(4)s(3)s(2)ss2s
(S:0)
product criterion:105 chain criterion:0
map is a permutation
[65535:5]1(14)s(13)s(12)s(11)s(10)s(9)s(8)s(7)s(6)s(5)s(4)s(3)s(2)ss2s
(S:0)
product criterion:105 chain criterion:0
map is a permutation
[65535:5]1(14)s(13)s(12)s(11)s(10)s(9)s(8)s(7)s(6)s(5)s(4)s(3)s(2)ss2s
(S:0)
product criterion:105 chain criterion:0
map is a permutation
[65535:5]1(14)s(13)s(12)s(11)s(10)s(9)s(8)s(7)s(6)s(5)s(4)s(3)s(2)ss2s
(S:0)
product criterion:105 chain criterion:0
[65535:4]1(13)s(12)s(11)s(10)s(9)s(8)s(7)s(6)s(5)s(4)s(3)s(2)sss
(S:13)-------------
product criterion:91 chain criterion:0
map is a permutation
[65535:5]1(14)s(13)s(12)s(11)s(10)s(9)s(8)s(7)s(6)s(5)s(4)s(3)s(2)ss2s
(S:14)--------------
product criterion:105 chain criterion:0
[65535:4]1(13)s(12)s(11)s(10)s(9)s(8)s(7)s(6)s(5)s(4)s(3)s(2)ss2s
(S:13)-------------
product criterion:91 chain criterion:0
{1}[65535:6]1(13)s(12)s(11)s(10)s(9)s(8)s(7)s(6)s(5)s(4)s(3)s(2)ss2s3(12)------------
(S:14)---------------
product criterion:0 chain criterion:0
(S:14)rrrrrrrrrrrrrr
[65535:4]1(13)s(12)s(11)s(10)s(9)s(8)s(7)s(6)s(5)s(4)s(3)s(2)ss2s
(S:13)-------------
product criterion:91 chain criterion:0
map is a permutation
intersect by elimination method
[65535:6]1(14)s2(13)s(12)s(11)s(10)s(9)s(8)s(7)s(6)s(5)s(4)s(3)s(2)ss3s
(S:14)--------------
product criterion:105 chain criterion:0
map is a permutation
[65535:5]1(14)s(13)s(12)s(11)s(10)s(9)s(8)s(7)s(6)s(5)s(4)s(3)s(2)s2s.4
(S:0)
product criterion:91 chain criterion:0
map is a permutation
[65535:5]1(14)s(13)s(12)s(11)s(10)s(9)s(8)s(7)s(6)s(5)s(4)s(3)s(2)s2s.4
(S:0)
product criterion:91 chain criterion:0
map is a permutation
[65535:5]1(14)s(13)s(12)s(11)s(10)s(9)s(8)s(7)s(6)s(5)s(4)s(3)s(2)s2s.4
(S:0)
product criterion:91 chain criterion:0
map is a permutation
[65535:5]1(14)s(13)s(12)s(11)s(10)s(9)s(8)s(7)s(6)s(5)s(4)s(3)s(2)s2s.4
(S:0)
product criterion:91 chain criterion:0
map is a permutation
[65535:5]1(14)s(13)s(12)s(11)s(10)s(9)s(8)s(7)s(6)s(5)s(4)s(3)s(2)s2s.4
(S:0)
product criterion:91 chain criterion:0
map is a permutation
[65535:5]1(14)s(13)s(12)s(11)s(10)s(9)s(8)s(7)s(6)s(5)s(4)s(3)s(2)s2s.4
(S:0)
product criterion:91 chain criterion:0
map is a permutation
[65535:5]1(14)s(13)s(12)s(11)s(10)s(9)s(8)s(7)s(6)s(5)s(4)s(3)s(2)s2s.4
(S:0)
product criterion:91 chain criterion:0
map is a permutation
[65535:5]1(14)s(13)s(12)s(11)s(10)s(9)s(8)s(7)s(6)s(5)s(4)s(3)s(2)s2s.4
(S:0)
product criterion:91 chain criterion:0
map is a permutation
[65535:5]1(14)s(13)s(12)s(11)s(10)s(9)s(8)s(7)s(6)s(5)s(4)s(3)s(2)s2s.4
(S:0)
product criterion:91 chain criterion:0
map is a permutation
[65535:5]1(14)s(13)s(12)s(11)s(10)s(9)s(8)s(7)s(6)s(5)s(4)s(3)s(2)s2s.4
(S:0)
product criterion:91 chain criterion:0
map is a permutation
[65535:5]1(14)s(13)s(12)s(11)s(10)s(9)s(8)s(7)s(6)s(5)s(4)s(3)s(2)s2s.4
(S:0)
product criterion:91 chain criterion:0
map is a permutation
[65535:5]1(14)s(13)s(12)s(11)s(10)s(9)s(8)s(7)s(6)s(5)s(4)s(3)s(2)s2s.4
(S:0)
product criterion:91 chain criterion:0
map is a permutation
[65535:5]1(14)s(13)s(12)s(11)s(10)s(9)s(8)s(7)s(6)s(5)s(4)s(3)s(2)s2s.4
(S:0)
product criterion:91 chain criterion:0
map is a permutation
[65535:5]1(14)s(13)s(12)s(11)s(10)s(9)s(8)s(7)s(6)s(5)s(4)s(3)s(2)s2s3s
(S:0)
product criterion:105 chain criterion:0
[65535:4]1(13)s(12)s(11)s(10)s(9)s(8)s(7)s(6)s(5)s(4)s(3)s(2)ss2s
(S:13)-------------
product criterion:91 chain criterion:0
// ** _ is no standard basis
// ** _ is no standard basis
// ** _ is no standard basis
Auf Wiedersehen.
                     SINGULAR                                 /  Development
 A Computer Algebra System for Polynomial Computations       /   version 4.3.2
                                                           0<
 by: W. Decker, G.-M. Greuel, G. Pfister, H. Schoenemann     \   Feb 2023
FB Mathematik der Universitaet, D-67653 Kaiserslautern        \  Debian 1:4.3.2-p10+ds-1.1build1
compute hilbert series with std in ring (ZZ/179424673),(x14,x13,x12,x11,x10,x9,x8,x7,x6,x5,x4,x3,x2,x1,@),(dp(15),C)
weights used for hilbert series: 1,1,1,1,1,1,1,1,1,1,1,1,1,1,1
[65535:4]1(13)s(12)s(11)s2(10)s(9)s(8)s3(9)s(10)s(11)s(10)s(12)s(13)s(15)s(20)s(22)s4(27)s(30)--s(31)--s(36)s(39)--s(41)-s(47)s(52)s(58)s(64)s(71)s(79)s5(87)-s(96)----s(99)-s(104)s(110)s(119)s(126)---s(130)--s(136)s(144)---s(149)----s(158)--s(160)s(164)s(169)--s(173)s(180)s(188)s(196)-------s(193)s(201)-(200)--------s(199)s(202)6--(200)-------------------------s(183)-------s(184)-----------s(182)------------------------------------------s(148)------s(150)---------s----------s(149)-------ss(158)-------------------------------------------------s(118)---s(124)s(134)s7(143)------------s(140)----------------------------------------(100)------------------------------------s(74)-----------------------------------------------------8---------------------
product criterion:487 chain criterion:1099
std with hilb in (ZZ/179424673),(x14,x13,x12,x11,x10,x9,x8,x7,x6,x5,x4,x3,x2,x1,@),(lp(14),dp(1),C)
[65535:4]1(63)s(62)s(61)s2(60)s(59)ss3(60)ss(61)s(62)s(64)s(67)s(71)-s(75)s(81)s(88)sh4(95)s(98)-s(101)s(105)s(109)s(114)-----s(110)s(115)s(117)s(123)--ss(129)s(131)s(134)s(141)s(146)s(148)s(155)s(157)s(160)s(168)s(174)s(178)s(181)s(189)s(192)s(195)s(204)s(211)s(216)s(220)s(224)s(233)s(237)s(243)s(253)s(261)s(268)s(273)s(277)-shhhhhhhhhh5(275)---s(279)-s(287)s(297)---s(304)s(307)-ss(311)--s(313)s(318)--s(326)s(332)s(337)s(340)s(344)s(348)--s(342)-s(345)----------s(329)---s(334)s(337)s(346)s(355)--s(358)s(362)---ss(366)--s(369)s(375)s(379)---s(386)--s(392)---s(395)--s(399)--s(402)-s(405)-----(400)s(406)s(411)---s(414)s(419)s(424)s(428)----s(433)--s(440)---s(444)--s(449)--s(453)-s(457)-----s(459)s(465)--s(470)-s(475)-s(480)s(486)-s(490)-----------s(486)--s(494)---s(499)--s(505)--s(510)-s(515)----s(519)s(525)---s(527)-----s----s(529)-s(535)--s(544)---s(550)--s(557)--s(563)-s(569)----s(574)s(581)---s(584)-----s(585)----s(588)-s(593)----shhhhhhhhhhhhhhhhhhhhhhhhhhh6(568)-s(577)--------------s(573)------------s(571)-------s(569)s(573)-----------s(570)-s(578)---s------------------s(569)---------------------s(552)---------------s(542)--------------s(538)-----------------------s(523)-s(532)------s(534)--s(541)-s(549)-----------------------s(531)------s-----------------------------s(508)------s(509)---------(500)---s(507)-------(500)---------------s(491)------s(492)--------------------------------s(468)-----s(470)-------------------s(459)-------------s(454)------s(455)-s(461)---s(467)--s(472)-----------------------------------s(445)------s(448)---s(453)--s(458)-s(466)-------------------s(456)--------s---s(462)--s(468)-----------------------------------s(442)----------s(439)--shhhhhhhhhhhhhhhhhhhhhhhhhhhhhhhhhhhhhhhhhhhhh7(401)-(400)------------------------------------------s(367)s(376)--------------------------------------s(348)------------------------------------------------(300)---------------------------------------------s(265)----------------------------------------------------------------s(210)----------(200)--------------s(194)---------------s(187)-----------------s(179)---------------------s(168)s(176)----s(181)--s(188)------s(191)-s(198)s(205)-s(212)s(222)--s(228)s(236)------------------s(228)s(237)--------------s(233)-s(241)shhhhhhhhhhhhhh8(235)-----------------------------------(200)---------------------------------------------------------------------s(141)-----------------------------------------(100)-------------------------------------s(72)-------ss(82)s(90)s(99)-s(106)s(116)s(125)-s(132)s(142)s(151)s(160)-------------s(155)--s(160)--s(166)--shhhhhhhhh9(163)---------------------------------------------------------------(100)----------------------------------------------------------------------------s(31)s(40)s(48)-s(56)s(64)s(74)s(82)s(92)s(100)-s(106)--shhhhhhhhhh10(102)--(100)------------------------------------------------------------------------------------------s(19)s(28)shhhhhhhh11----------------------------shhhhhhhh
product criterion:5424 chain criterion:20078
hilbert series criterion:132
dehomogenization
simplification
imap to ring (ZZ/179424673),(x14,x13,x12,x11,x10,x9,x8,x7,x6,x5,x4,x3,x2,x1),(lp(14),C)
Auf Wiedersehen.
                     SINGULAR                                 /  Development
 A Computer Algebra System for Polynomial Computations       /   version 4.3.2
                                                           0<
 by: W. Decker, G.-M. Greuel, G. Pfister, H. Schoenemann     \   Feb 2023
FB Mathematik der Universitaet, D-67653 Kaiserslautern        \  Debian 1:4.3.2-p10+ds-1.1build1
compute hilbert series with std in ring (ZZ/179424673),(x14,x13,x12,x11,x10,x9,x8,x7,x6,x5,x4,x3,x2,x1,@),(dp(15),C)
weights used for hilbert series: 1,1,1,1,1,1,1,1,1,1,1,1,1,1,1
[65535:4]1(13)s(12)s(11)s2(10)s(9)s(8)s3(9)s(10)s(11)s(10)s(12)s(13)s(15)s(20)s(22)s4(27)s(30)--s(31)--s(36)s(39)--s(41)-s(47)s(52)s(58)s(64)s(71)s(79)s5(87)-s(96)----s(99)-s(104)s(110)s(119)s(126)---s(130)--s(136)s(144)---s(149)----s(158)--s(160)s(164)s(169)--s(173)s(180)s(188)s(196)-------s(193)s(201)-(200)--------s(199)s(202)6--(200)-------------------------s(183)-------s(184)-----------s(182)------------------------------------------s(148)------s(150)---------s----------s(149)-------ss(158)-------------------------------------------------s(118)---s(124)s(134)s7(143)------------s(140)----------------------------------------(100)------------------------------------s(74)-----------------------------------------------------8---------------------
product criterion:487 chain criterion:1099
std with hilb in (ZZ/179424673),(x14,x13,x12,x11,x10,x9,x8,x7,x6,x5,x4,x3,x2,x1,@),(lp(14),dp(1),C)
[65535:4]1(63)s(62)s(61)s2(60)s(59)ss3(60)ss(61)s(62)s(64)s(67)s(71)-s(75)s(81)s(88)sh4(95)s(98)-s(101)s(105)s(109)s(114)-----s(110)s(115)s(117)s(123)--ss(129)s(131)s(134)s(141)s(146)s(148)s(155)s(157)s(160)s(168)s(174)s(178)s(181)s(189)s(192)s(195)s(204)s(211)s(216)s(220)s(224)s(233)s(237)s(243)s(253)s(261)s(268)s(273)s(277)-shhhhhhhhhh5(275)---s(279)-s(287)s(297)---s(304)s(307)-ss(311)--s(313)s(318)--s(326)s(332)s(337)s(340)s(344)s(348)--s(342)-s(345)----------s(329)---s(334)s(337)s(346)s(355)--s(358)s(362)---ss(366)--s(369)s(375)s(379)---s(386)--s(392)---s(395)--s(399)--s(402)-s(405)-----(400)s(406)s(411)---s(414)s(419)s(424)s(428)----s(433)--s(440)---s(444)--s(449)--s(453)-s(457)-----s(459)s(465)--s(470)-s(475)-s(480)s(486)-s(490)-----------s(486)--s(494)---s(499)--s(505)--s(510)-s(515)----s(519)s(525)---s(527)-----s----s(529)-s(535)--s(544)---s(550)--s(557)--s(563)-s(569)----s(574)s(581)---s(584)-----s(585)----s(588)-s(593)----shhhhhhhhhhhhhhhhhhhhhhhhhhh6(568)-s(577)--------------s(573)------------s(571)-------s(569)s(573)-----------s(570)-s(578)---s------------------s(569)---------------------s(552)---------------s(542)--------------s(538)-----------------------s(523)-s(532)------s(534)--s(541)-s(549)-----------------------s(531)------s-----------------------------s(508)------s(509)---------(500)---s(507)-------(500)---------------s(491)------s(492)--------------------------------s(468)-----s(470)-------------------s(459)-------------s(454)------s(455)-s(461)---s(467)--s(472)-----------------------------------s(445)------s(448)---s(453)--s(458)-s(466)-------------------s(456)--------s---s(462)--s(468)-----------------------------------s(442)----------s(439)--shhhhhhhhhhhhhhhhhhhhhhhhhhhhhhhhhhhhhhhhhhhhh7(401)-(400)------------------------------------------s(367)s(376)--------------------------------------s(348)------------------------------------------------(300)---------------------------------------------s(265)----------------------------------------------------------------s(210)----------(200)--------------s(194)---------------s(187)-----------------s(179)---------------------s(168)s(176)----s(181)--s(188)------s(191)-s(198)s(205)-s(212)s(222)--s(228)s(236)------------------s(228)s(237)--------------s(233)-s(241)shhhhhhhhhhhhhh8(235)-----------------------------------(200)---------------------------------------------------------------------s(141)-----------------------------------------(100)-------------------------------------s(72)-------ss(82)s(90)s(99)-s(106)s(116)s(125)-s(132)s(142)s(151)s(160)-------------s(155)--s(160)--s(166)--shhhhhhhhh9(163)---------------------------------------------------------------(100)----------------------------------------------------------------------------s(31)s(40)s(48)-s(56)s(64)s(74)s(82)s(92)s(100)-s(106)--shhhhhhhhhh10(102)--(100)------------------------------------------------------------------------------------------s(19)s(28)shhhhhhhh11----------------------------shhhhhhhh
product criterion:5424 chain criterion:20078
hilbert series criterion:132
dehomogenization
simplification
imap to ring (ZZ/179424673),(x14,x13,x12,x11,x10,x9,x8,x7,x6,x5,x4,x3,x2,x1),(lp(14),C)
Auf Wiedersehen.
                     SINGULAR                                 /  Development
 A Computer Algebra System for Polynomial Computations       /   version 4.3.2
                                                           0<
 by: W. Decker, G.-M. Greuel, G. Pfister, H. Schoenemann     \   Feb 2023
FB Mathematik der Universitaet, D-67653 Kaiserslautern        \  Debian 1:4.3.2-p10+ds-1.1build1
compute hilbert series with std in ring (ZZ/179424673),(x14,x13,x12,x11,x10,x9,x8,x7,x6,x5,x4,x3,x2,x1,@),(dp(15),C)
weights used for hilbert series: 1,1,1,1,1,1,1,1,1,1,1,1,1,1,1
[65535:4]1(13)s(12)s2(11)s(10)sss3(11)s(12)s(14)s(16)s(17)s(16)s(17)s(18)s(20)s(28)s(31)s4(40)s(44)s(47)-s(50)s(58)s(62)s(66)-s(68)--s(69)---s(73)s(77)s(84)s(89)s(97)s(106)s5(113)s(123)--s(128)s(136)--s(141)--s(146)s(154)-s(161)-----s(165)s(174)---s(178)s(179)s(187)---s(191)s(199)s(207)s(215)s(224)-s(237)-s(259)----s(264)-s(273)s(280)s(285)-s(289)s(295)s(302)s(308)s(312)s(320)s(325)s(333)-s(336)-s(344)s(353)s(363)---s(365)--s(369)s(376)---s(379)-s(381)s(385)s(393)s(397)6-----------------s(392)-s(403)s(409)s(413)--s(421)--------s(419)s(429)s(436)s(445)-s(451)-s(458)-s(461)-----------------------s(447)--------s(445)--------s(446)-s(454)---------s--------ss(465)s(473)s(482)----------ss(492)---------s(493)----s(498)------------s(495)s(503)--s(511)--s(519)---s(527)------------s(525)-------------------------(500)------------------s(492)-----------s(489)s(496)------------s(494)---s(499)s(509)---------(500)--------------------------s(484)----s(493)-s(502)-s(509)-s(514)--------------(500)---s(504)-s(512)------s-s(521)------s(519)s(524)s7(530)-----------s(529)s(539)s(548)s(558)s(567)---------s--s(575)-s(584)--------s(586)--------------------------------------------------------------------------------------(500)--------------------------------------------------------s(454)-------------------------------------s(428)----------------------------(400)-----------------------------s(381)-----------------------------------------------s(343)-------------------------------------------(300)----s(305)-----(300)-------------s(298)-----------s(296)---s(303)---(300)--------------------------------------s(271)-----------------s(264)--------------------------------------------------8--------------(200)----------------------------------------------------------------------------------------------------(100)------------s(99)---------------------------------------------------------s(51)---------s(52)----s(57)-------------9-------------------s(35)------------------------10-----------
product criterion:1412 chain criterion:8239
std with hilb in (ZZ/179424673),(x14,x13,x12,x11,x10,x9,x8,x7,x6,x5,x4,x3,x2,x1,@),(lp(14),dp(1),C)
[65535:4]1(147)s(146)s2(145)s(144)s(143)ss3(144)ss(146)s(147)s(149)-s(151)s(155)s(160)s(166)s(173)shhh4(178)s(180)s(183)s(187)s(192)s(196)s(200)s(206)s(211)s(217)-s(223)s(226)s(228)--s(231)s(234)-s(235)s(243)s(248)s(254)s(260)s(265)s(268)s(277)s(283)s(290)s(297)s(303)s(307)s(311)s(321)s(328)s(336)s(344)s(351)s(356)s(361)s(366)s(377)s(385)s(394)s(403)s(411)s(417)s(423)s(429)---shhhhhhhhhhh5(424)---s(432)-s(444)---s(453)s(466)---s(471)--s(475)s(479)--s(487)---s(497)s(502)s(510)s(518)s(524)-----s(515)--s(524)s(531)-s(533)----s(534)-s(540)-----s(528)-s(536)------ss(540)s(545)s(549)s(553)s(560)s(563)s(565)s(572)s(579)-s(586)--s(594)--s(600)-s(606)-s(613)--s(618)-s(625)--s(627)s(632)--s(634)----s(636)-s(643)s(649)s(653)s(658)s(663)-s(669)--s(678)--s(685)-s(692)-s(700)--s(706)-s(714)--s(717)s(723)--s(729)----s(732)-s(738)s(745)s(752)s(757)-------s(756)s(762)-s(768)--s(778)--s(780)-s(785)-s(794)--s(801)-(800)s(810)--s(814)s(821)--s(826)----s(830)s(836)---s(837)-----s-----s(839)s(846)-s(852)--s(863)--s(871)-s(879)-s(889)--s(897)-s(907)--s(912)s(920)--s(928)----s(933)s(940)---s(942)-----s(943)-----s(945)----shhhhhhhhhhhhhhhhhhhhhhhhhhhhhhhhhhhhhhhhhhhhhhhh6(899)---------------s(895)----s(902)--(900)----------s(901)-(900)---------s(901)-(900)------s---s(906)----s(912)s(921)---s(928)s(938)--s(947)--------s(949)s(953)-----s(957)---s(964)--s(968)s(979)------------s(977)s(988)----s(995)-------s(994)-s(998)-------s(994)--s(999)-s(1002)s(1012)-------s(1013)-------s(1012)------------(1000)-s(1010)--s(1013)------s(1017)----s-------------s(1009)----s(1013)s(1021)s(1031)-s(1036)s(1043)------ss(1054)-s(1060)--------------s(1053)-s(1061)--s(1067)s(1075)-s(1085)s(1090)s(1101)s(1111)s(1118)--s(1125)s(1132)----s(1139)---------------------------s(1117)-s(1123)---------s(1118)s(1127)-s(1134)-------s(1133)----s(1140)-----s(1143)-s(1151)-----------s(1147)s(1157)-s(1162)-----------------s(1152)---s(1155)s(1161)--s(1168)s(1175)---------------------------------s(1148)-s(1155)----s(1159)s(1169)s(1178)s(1185)--------s-s(1191)-------s----s(1195)-s(1201)-(1200)------s(1203)s(1212)---s(1217)----------s(1216)--------s(1215)---s(1219)-s(1226)-----s(1229)-----s(1232)-s(1236)s(1243)s(1253)-------------------------s(1239)---------------------------s(1219)-s(1227)-----s(1230)-s(1239)-s(1246)--s(1253)s(1264)-s(1274)-s(1283)------s(1287)------------------s(1278)--------s(1276)---------s----s(1282)---s(1287)s(1294)s(1302)--(1300)----s(1306)------(1300)---------------------s(1287)-s(1296)-----s(1301)-(1300)s(1309)-s(1317)--s(1325)s(1336)-s(1344)-s(1354)------s(1359)------------------s(1351)--------s(1350)--------s(1351)----------ss(1359)s(1368)--s(1375)----------shhhhhhhhhhhhhhhhhhhhhhhhhhhhhhhhhhhhhhhhhhhhhhhhhhhhhhhhhhhhhhhhhhh7(1305)-----(1300)--------------------------------s(1279)---s(1285)-------------s(1282)-s(1292)s(1302)--(1300)-----------------------------------------------s(1261)s(1272)-s(1282)s(1293)s(1302)s(1311)-----s(1316)--s(1324)s(1333)---s(1340)----------------------------------------(1300)s(1311)-----s(1317)---------s(1318)------------------(1300)-----s(1306)------(1300)-------------------------------------------------s(1261)--------------------------------------------s(1228)----------------------------(1200)-s(1210)----------(1200)------------------------s(1187)--------------------------------------------------------------------------------------s(1112)s(1121)------------s(1117)-----------------(1100)--s(1108)--------(1100)-s(1108)--------(1100)---------------------s(1087)------s(1090)------------------------s(1076)-s(1081)-s(1087)----------------------------------------------------s(1044)-----------s(1043)----s(1049)--------------------------s(1031)-s(1040)-s(1048)s(1059)---s(1067)--------------s(1063)-----s(1066)s(1076)------------------s(1068)---------s(1069)--------------------------s(1053)-----------------------------s(1035)---------------------s(1022)----------------------(1000)-------s(1004)----(1000)---s(1005)-----(1000)--------s(1002)s(1013)----s(1018)s(1027)-----------s(1025)s(1036)---s(1042)----------s(1041)-s(1049)---s(1056)---s(1063)--s(1070)s(1080)------------------s(1069)---------s(1067)--------s(1069)--------------------------s(1054)---s(1059)------s(1063)---------------------s(1051)------s(1054)---s(1061)--s(1070)s(1080)-s(1090)-s(1100)----s(1105)s(1115)----s(1119)s(1127)---s(1132)----s(1136)------s(1138)s(1147)s(1157)--s(1166)s(1177)s(1186)s(1195)s(1203)--s(1211)----s(1216)--s(1225)s(1236)---s(1242)s(1252)----------------s(1243)---------s--------s(1245)--------------------------s(1228)---s(1234)------s(1239)---------------------s(1229)------s(1233)---------s(1235)--------s(1237)s(1245)----s(1251)----s(1258)----s(1264)------s(1267)s(1278)-----s(1284)s(1292)shhhhhhhhhhhhhhhhhhhhhhhhhhhhhhhhhhhhhhhhhhhhhhhhhhhhhhhhhhhhhh8(1239)---------------------------------------(1200)s(1210)----------(1200)---s(1207)s(1217)-----------------(1200)----------------------------------------------------------------------------------------------------(1100)-------------------------------------------------------------s(1049)----------------------s(1037)-------------------------------------(1000)---------------------------------------s(972)----s(979)------------------------------------------------------------------s(923)-----------------------(900)-----------------------------------------------------s(858)----------s(856)----------s(854)---------------s(848)-------------------------------------------s(816)----------------(800)------------s(799)---------------------------------------------------------------------------------------------------(700)----------s------------------------------------------------------------------------------------------s(620)-------------s(614)s(622)s(631)-------------------------------(600)--s(609)---------(600)-----s(605)-----(600)-----------------s(592)----------------------------s(574)--s(581)--------ss(590)-s(599)-----------------s(592)-----------------s(584)s(594)--------ss(603)---(600)--s(608)--s(614)s(624)------------------------(600)---s(608)--------(600)------------s(595)----s(601)-(600)s(609)--------s(612)-s(621)-----s(626)s(636)s(644)-s(653)s(661)s(670)s(679)s(688)-s(696)s(705)s(715)---s(723)--s(732)s(743)--s(752)---s(758)-s(767)s(777)s(786)s(797)s(807)-s(816)s(825)s(836)s(847)s(858)s(869)----------------------------------------------s(831)----s(837)-s(846)--------s(849)-s(859)-----s(865)s(876)s(885)-s(895)s(904)s(914)s(924)s(934)----------------------s(920)s(929)------shhhhhhhhhhhhhhhhhhhhhhh9(909)---------(900)----------------------------------------------------------------------------------------------------(800)-------------------------------------------------------------------------------s(732)s(743)----------------s(738)-------s(741)-------------s(736)------------------------------------(700)--------------------s(689)-----------------------------------------------------------------------------------------(600)---------------------------------------------------------------------s(541)-----------------------s(528)-------------------------s(513)-------------(500)-------------------------------------------------------------------------------------------s(419)-------------------(400)--------------s(396)--------------s(393)--------------------------------------s(364)----------------------------s(344)s(353)-s(360)s(368)s(379)s(389)-s(399)--s(406)s(415)s(425)----------------s(418)--s(425)s(434)s(444)s(454)------------------s(446)--s(454)s(464)s(475)s(485)s(495)s(505)--s(514)s(524)s(534)-------------------------s(519)s(528)-------------------------s(512)----s(518)s(527)-s(535)s(544)-s(553)s(563)-s(573)----s(577)-s(587)s(596)------------------------------------------shhhhh10(559)-----------------------------------------------------------(500)----------------------------------s(477)-----------------------------------------------------------------------------(400)--------------s(394)------------------------------------------------------------------s(337)----------------------s(326)-----------------s(318)------------------(300)-----------------------------s(280)--------------------------------s(257)-------------------s(248)-------------------------------s(228)s(237)----------------------------s(220)-----------s(219)-s(229)s(238)s(248)s(258)s(268)---s(272)--s(278)--s(285)-s(292)---------------------------------------s(263)s(272)s(283)-s(292)s(302)--(300)-shhhhhhhhhhhhhhhhhhhhhhh11(285)-------------------------------------------------------------------------------------(200)--------s(201)-(200)----------------------------------------------------------------------------------------------------(100)---------s(101)-(100)s(111)-s(121)----------s----------s(122)--s(131)s(141)----------------------------s(122)--------s(124)-----s(127)s(135)s(144)s(154)shhh12(161)-------------------------------------------------------------(100)------------------s(93)s(104)----(100)------s(104)s(114)--------------(100)------------------------------------------------s(62)---s(67)s(76)s13(85)----------------------------------------s(55)s(65)-------------------------------------------shhhhhhhhhhhhhhhhhhhhhhhhhhhhhhhh
product criterion:23742 chain criterion:145595
hilbert series criterion:277
dehomogenization
simplification
imap to ring (ZZ/179424673),(x14,x13,x12,x11,x10,x9,x8,x7,x6,x5,x4,x3,x2,x1),(lp(14),C)
Auf Wiedersehen.
                     SINGULAR                                 /  Development
 A Computer Algebra System for Polynomial Computations       /   version 4.3.2
                                                           0<
 by: W. Decker, G.-M. Greuel, G. Pfister, H. Schoenemann     \   Feb 2023
FB Mathematik der Universitaet, D-67653 Kaiserslautern        \  Debian 1:4.3.2-p10+ds-1.1build1
// ** loaded /usr/bin/../share/singular/LIB/primdec.lib (4.3.2.9,Oct_2023)
// ** loaded /usr/bin/../share/singular/LIB/ring.lib (4.3.1.3,Feb_2023)
// ** loaded /usr/bin/../share/singular/LIB/absfact.lib (4.1.2.0,Feb_2019)
// ** loaded /usr/bin/../share/singular/LIB/triang.lib (4.1.2.0,Feb_2019)
// ** loaded /usr/bin/../share/singular/LIB/matrix.lib (4.3.2.3,Aug_2023)
// ** loaded /usr/bin/../share/singular/LIB/nctools.lib (4.1.2.0,Feb_2019)
// ** loaded /usr/bin/../share/singular/LIB/inout.lib (4.1.2.0,Feb_2019)
// ** loaded /usr/bin/../share/singular/LIB/random.lib (4.1.2.0,Feb_2019)
// ** loaded /usr/bin/../share/singular/LIB/polylib.lib (4.2.0.0,Dec_2020)
// ** loaded /usr/bin/../share/singular/LIB/elim.lib (4.3.2.5,Jul_2023)
// ** loaded /usr/bin/../share/singular/LIB/general.lib (4.1.2.0,Feb_2019)
[65535:4]1(13)s(12)s(11)s(10)s(9)s2(8)s(7)s(6)s(5)s3(4)s(3)s(2)ss4s
(S:13)-------------
product criterion:91 chain criterion:0
// ** redefining j (int j = 2;)
rt
Auf Wiedersehen.

Set::setraw: Cannot assign to raw object 1.

Set::setraw: Cannot assign to raw object 1.
                     SINGULAR                                 /  Development
 A Computer Algebra System for Polynomial Computations       /   version 4.3.2
                                                           0<
 by: W. Decker, G.-M. Greuel, G. Pfister, H. Schoenemann     \   Feb 2023
FB Mathematik der Universitaet, D-67653 Kaiserslautern        \  Debian 1:4.3.2-p10+ds-1.1build1
// ** loaded /usr/bin/../share/singular/LIB/primdec.lib (4.3.2.9,Oct_2023)
// ** loaded /usr/bin/../share/singular/LIB/ring.lib (4.3.1.3,Feb_2023)
// ** loaded /usr/bin/../share/singular/LIB/absfact.lib (4.1.2.0,Feb_2019)
// ** loaded /usr/bin/../share/singular/LIB/triang.lib (4.1.2.0,Feb_2019)
// ** loaded /usr/bin/../share/singular/LIB/matrix.lib (4.3.2.3,Aug_2023)
// ** loaded /usr/bin/../share/singular/LIB/nctools.lib (4.1.2.0,Feb_2019)
// ** loaded /usr/bin/../share/singular/LIB/inout.lib (4.1.2.0,Feb_2019)
// ** loaded /usr/bin/../share/singular/LIB/random.lib (4.1.2.0,Feb_2019)
// ** loaded /usr/bin/../share/singular/LIB/polylib.lib (4.2.0.0,Dec_2020)
// ** loaded /usr/bin/../share/singular/LIB/elim.lib (4.3.2.5,Jul_2023)
// ** loaded /usr/bin/../share/singular/LIB/general.lib (4.1.2.0,Feb_2019)
[65535:4]1(13)s(12)s(11)s(10)s(9)s2(8)s(7)s(6)s(5)s3(4)s(3)s(2)ss4s
(S:13)-------------
product criterion:91 chain criterion:0
// ** redefining j (int j = 2;)
rt
Auf Wiedersehen.

Set::setraw: Cannot assign to raw object 1.

General::stop: Further output of Set::setraw will be suppressed during this calculation.
                     SINGULAR                                 /  Development
 A Computer Algebra System for Polynomial Computations       /   version 4.3.2
                                                           0<
 by: W. Decker, G.-M. Greuel, G. Pfister, H. Schoenemann     \   Feb 2023
FB Mathematik der Universitaet, D-67653 Kaiserslautern        \  Debian 1:4.3.2-p10+ds-1.1build1
// ** loaded /usr/bin/../share/singular/LIB/primdec.lib (4.3.2.9,Oct_2023)
// ** loaded /usr/bin/../share/singular/LIB/ring.lib (4.3.1.3,Feb_2023)
// ** loaded /usr/bin/../share/singular/LIB/absfact.lib (4.1.2.0,Feb_2019)
// ** loaded /usr/bin/../share/singular/LIB/triang.lib (4.1.2.0,Feb_2019)
// ** loaded /usr/bin/../share/singular/LIB/matrix.lib (4.3.2.3,Aug_2023)
// ** loaded /usr/bin/../share/singular/LIB/nctools.lib (4.1.2.0,Feb_2019)
// ** loaded /usr/bin/../share/singular/LIB/inout.lib (4.1.2.0,Feb_2019)
// ** loaded /usr/bin/../share/singular/LIB/random.lib (4.1.2.0,Feb_2019)
// ** loaded /usr/bin/../share/singular/LIB/polylib.lib (4.2.0.0,Dec_2020)
// ** loaded /usr/bin/../share/singular/LIB/elim.lib (4.3.2.5,Jul_2023)
// ** loaded /usr/bin/../share/singular/LIB/general.lib (4.1.2.0,Feb_2019)
[65535:4]1(13)s(12)s(11)s2(10)s(9)s(8)s(7)s3(6)s(5)s(4)s(3)s(2)ss4s
(S:13)-------------
product criterion:91 chain criterion:0
// ** redefining j (int j = 2;)
rt
// ** redefining p (    poly p = reduce(kb[a]*kb[b], gb);)
rt
// ** redefining b (int b = 1;)
// ** redefining p (    poly p = reduce(kb[a]*kb[b], gb);)
rt
// ** redefining p (    poly p = reduce(kb[a]*kb[b], gb);)
rt
Auf Wiedersehen.

Set::write: Tag String in A[7] is Protected.

Set::write: Tag Plus in -57763499 - 3317058 A[7] is Protected.

Set::write: Tag String in A[7] is Protected.

General::stop: Further output of Set::write will be suppressed during this calculation.
  >> 3 region(s): expReg=1927.586s  build=0.081s
  [sector total: 1927.672s]
#Non-triv Sectors = 1

[SECTOR_RESULT] key=1111010 tier=Retry state=done time=1927.672826 regions=3
