
      +++  sector:  {1, 1, 1, 0, 0, 1, 0}  (1/1)  +++ 
                     SINGULAR                                 /  Development
 A Computer Algebra System for Polynomial Computations       /   version 4.3.2
                                                           0<
 by: W. Decker, G.-M. Greuel, G. Pfister, H. Schoenemann     \   Feb 2023
FB Mathematik der Universitaet, D-67653 Kaiserslautern        \  Debian 1:4.3.2-p10+ds-1.1build1
compute hilbert series with std in ring (ZZ/179424673),(x14,x13,x12,x11,x10,x9,x8,x7,x6,x5,x4,x3,x2,x1,@),(dp(15),C)
weights used for hilbert series: 1,1,1,1,1,1,1,1,1,1,1,1,1,1,1
[65535:4]2(14)s(13)s(12)s(11)s(10)s(9)s(8)s(7)s(8)s(10)s(13)s(12)s(14)s(16)s(19)s3(22)s(26)s(32)s(37)s(44)s(50)-------s(47)s(54)s(62)s(65)s(69)s(74)s(80)s(85)s(90)s(96)s4(100)--------------s(90)s(94)s(100)-------------s(94)------------s(88)-s(96)s(105)-s(113)---s(116)----------------(100)-----s(102)--(100)--s(105)s(112)-----------5-(100)-------------------s(91)s(94)--------s(95)s(105)s(108)--------(100)-s(106)------(100)----------------s(94)------s(92)----------------------------6--------------s(53)--------------s(44)----------------------------------7----------
product criterion:559 chain criterion:464
std with hilb in (ZZ/179424673),(x14,x13,x12,x11,x10,x9,x8,x7,x6,x5,x4,x3,x2,x1,@),(lp(14),dp(1),C)
[65535:4]2(52)s(51)s(50)s(49)s(48)s(47)sss(46)s(45)s(46)s(48)s(50)s(53)s(56)s3(58)s(62)s(67)-s(71)s(78)s(84)-s(88)-s(93)s(101)-(100)s(105)-s(110)s(116)--s(120)s(125)shhhhhhhhhhhhhhhh4(115)--------s(116)---s(120)-s(127)--s(131)s(139)s(148)-s(157)-s(164)s(174)--s(181)-----------s(177)---------------s(169)-------------------shhhhhhhhhhhhhhhhhhhhh5(136)--s(143)--s(151)s(161)---s(169)-------------------------------s(145)----s(149)------------------------s(135)------------------s(126)--------------shhhhhhhhhhhhhhhhhhhhhhhhhh6(96)----s(102)--(100)-------------------shhhhhhhhhhhhhhhhhhhhhhhhhhhhhhhhhhhhhhhhhhhhhhhhhhhhhhhhhhhhhhhhhhhhhhhhhhhhhhhhhhhhhhhhhhhh
product criterion:533 chain criterion:496
hilbert series criterion:155
dehomogenization
simplification
imap to ring (ZZ/179424673),(x14,x13,x12,x11,x10,x9,x8,x7,x6,x5,x4,x3,x2,x1),(lp(14),C)
Auf Wiedersehen.
  >> 0 regions (all trivial): expReg=0.446s
  [sector total: 0.45s]
#Non-triv Sectors = 0

