
      +++  sector:  {0, 1, 1, 0, 0, 0, 0}  (1/1)  +++ 
                     SINGULAR                                 /  Development
 A Computer Algebra System for Polynomial Computations       /   version 4.3.2
                                                           0<
 by: W. Decker, G.-M. Greuel, G. Pfister, H. Schoenemann     \   Feb 2023
FB Mathematik der Universitaet, D-67653 Kaiserslautern        \  Debian 1:4.3.2-p10+ds-1.1build1
compute hilbert series with std in ring (ZZ/179424673),(x14,x13,x12,x11,x10,x9,x8,x7,x6,x5,x4,x3,x2,x1,@),(dp(15),C)
weights used for hilbert series: 1,1,1,1,1,1,1,1,1,1,1,1,1,1,1
[65535:4]2(10)s(9)s(8)s(7)s(6)s(5)s(4)s(3)s(4)s(6)s(9)s3(10)s(13)s(14)s(19)s(24)s(30)s(32)s(35)s(39)s(43)s(48)s4(53)s(57)s(62)--s(67)s(73)s(80)s(86)--------------------s(72)s(78)----------s(75)s(81)----s(83)---5----------------------------s(60)s(68)-s(76)----s(80)---------------------------s(60)-s(68)----------s(66)-6-s(72)-------------------------------s(51)-s(58)-------------s(53)--s(58)-----------7------------------------------s(27)----------------8--s(18)--------9----------
product criterion:356 chain criterion:445
std with hilb in (ZZ/179424673),(x14,x13,x12,x11,x10,x9,x8,x7,x6,x5,x4,x3,x2,x1,@),(lp(14),dp(1),C)
[65535:4]2(46)s(45)s(44)s(43)s(42)s(41)s(40)s(39)s(40)s(41)s(43)s3(45)s(49)s(53)s(57)s(58)s(60)s(64)s(68)s(73)s(77)shhhhhhhhhhh4(71)s(75)s(80)s(85)s(92)s(99)s(106)s(112)-s(117)s(123)s(130)-------s(129)--------------------shhhhhhhhhhhhhhhhhh5(97)-s(104)----(100)-----s(103)-s(112)---s(117)--s(125)----------s(124)----------shhhhhhhhhhhhhhhhhhhhhhhhhhhhhhhhhhhhhhhhhhhhhhh6(75)s(83)---s(90)-----s(93)-----------------------s(79)-shhhhhhhhhhhhhhhhhhhhhhhhhhhhhhhhhhhh7(51)--shhhhhhhhhhhhhhhhhhhhhhhhhhhhhhhhhhhhhhhhhhhhhhhh8(11)-shhhhhhhhhhhhhhhhhhhh
product criterion:334 chain criterion:467
hilbert series criterion:180
dehomogenization
simplification
imap to ring (ZZ/179424673),(x14,x13,x12,x11,x10,x9,x8,x7,x6,x5,x4,x3,x2,x1),(lp(14),C)
Auf Wiedersehen.
                     SINGULAR                                 /  Development
 A Computer Algebra System for Polynomial Computations       /   version 4.3.2
                                                           0<
 by: W. Decker, G.-M. Greuel, G. Pfister, H. Schoenemann     \   Feb 2023
FB Mathematik der Universitaet, D-67653 Kaiserslautern        \  Debian 1:4.3.2-p10+ds-1.1build1
// ** loaded /usr/bin/../share/singular/LIB/primdec.lib (4.3.2.9,Oct_2023)
// ** loaded /usr/bin/../share/singular/LIB/ring.lib (4.3.1.3,Feb_2023)
// ** loaded /usr/bin/../share/singular/LIB/absfact.lib (4.1.2.0,Feb_2019)
// ** loaded /usr/bin/../share/singular/LIB/triang.lib (4.1.2.0,Feb_2019)
// ** loaded /usr/bin/../share/singular/LIB/matrix.lib (4.3.2.3,Aug_2023)
// ** loaded /usr/bin/../share/singular/LIB/nctools.lib (4.1.2.0,Feb_2019)
// ** loaded /usr/bin/../share/singular/LIB/inout.lib (4.1.2.0,Feb_2019)
// ** loaded /usr/bin/../share/singular/LIB/random.lib (4.1.2.0,Feb_2019)
// ** loaded /usr/bin/../share/singular/LIB/polylib.lib (4.2.0.0,Dec_2020)
// ** loaded /usr/bin/../share/singular/LIB/elim.lib (4.3.2.5,Jul_2023)
// ** loaded /usr/bin/../share/singular/LIB/general.lib (4.1.2.0,Feb_2019)
map with cache
map with cache
map with cache
map with cache
map with cache
map with cache
map with cache
std in (ZZ/179424673),(x14,x13,x12,x11,x10,x9,x8,x7,x6,x5,x4,x3,x2,x1),(dp(14),C)
[65535:5]1(12)s(11)s(10)s(9)s(8)s(7)s(6)s2(5)s(4)s(3)s(2)s3s(3)s(4)4----
(S:12)------------
product criterion:70 chain criterion:3
1(12)s(11)s(10)s(9)s(8)s(7)s(6)s2(5)s(4)s(3)s(2)s3s(3)s(4)4----
(S:12)------------
product criterion:70 chain criterion:3
map is a permutation
[65535:5]1(13)s(12)s(11)s(10)s(9)s(8)s(7)s(6)s2(5)s(4)s(3)s(2)s3s(3)s(4)4----
product criterion:83 chain criterion:3
[65535:5]1(12)s(11)s(10)s(9)s(8)s(7)s(6)s2(5)s(4)s(3)s(2)s3s(3)s(4)4----
product criterion:70 chain criterion:3
{1}[65535:7]1(12)s(11)s(10)s(9)s(8)s(7)s(6)s2(5)s(11)s(18)s(26)s3(35)---------------------s(24)--------s4(27)-------------------------5--
product criterion:0 chain criterion:0
(S:13)rrrrrrrrrrrrr
[65535:5]1(12)s(11)s(10)s(9)s(8)s(7)s(6)s2(5)s(4)s(3)s(2)s3s(3)s(4)4----
product criterion:70 chain criterion:3
compute hilbert series with std in ring (ZZ/179424673),(x14,x13,x12,x11,x10,x9,x8,x7,x6,x5,x4,x3,x2,x1,@),(dp(15),C)
weights used for hilbert series: 1,1,1,1,1,1,1,1,1,1,1,1,1,1,1
[65535:4]1(12)s(11)s(10)s(9)s(8)s(7)s(6)s2(5)s(4)s(3)s(2)s3s(3)s(4)4----
(S:12)------------
product criterion:70 chain criterion:3
std with hilb in (ZZ/179424673),(x14,x13,x12,x11,x10,x9,x8,x7,x6,x5,x4,x3,x2,x1,@),(C,lp(14),dp(1))
[65535:4]1(12)s(11)s(10)s(9)s(8)s(7)s(6)s2(5)s(4)s(3)ss3(2)s(3)shhhhh
(S:12)------------
product criterion:70 chain criterion:3
hilbert series criterion:5
dehomogenization
simplification
imap to ring (ZZ/179424673),(x14,x13,x12,x11,x10,x9,x8,x7,x6,x5,x4,x3,x2,x1),(C,lp(14))
//interreduction
[65535:4]3(12)s1(11)s(10)s(9)s2(8)s3(7)s2(6)s(5)s(4)s1(3)s(2)sss
(S:12)------------

map is a permutation
std in (ZZ/179424673),(x10,x9,x8,x4,x3,x2,x1),(C,dp(7))
[65535:3]2(5)s(4)s(3)s(2)s3s(3)s(4)4----
product criterion:7 chain criterion:3
map is a permutation
compute hilbert series with std in ring (ZZ/179424673),(x4,x3,x2,x1,x10,x9,x8,@),(dp(8),C)
weights used for hilbert series: 1,1,1,1,1,1,1,1
[65535:2]2(5)s(4)s(3)s(2)s3s(3)-s4---
(S:5)-----
product criterion:7 chain criterion:3
std with hilb in (ZZ/179424673),(x4,x3,x2,x1,x10,x9,x8,@),(lp(7),dp(1),C)
[65535:2]2(5)s(4)s(3)s(2)s3s(3)-shhhh
(S:5)-----
product criterion:7 chain criterion:3
hilbert series criterion:4
dehomogenization
simplification
imap to ring (ZZ/179424673),(x4,x3,x2,x1,x10,x9,x8),(lp(7),C)
//interreduction
[65535:2]2(5)s(4)s(3)s(2)s3ss
(S:5)-----

map is a permutation
[65535:1]1(3)s(2)sss
(S:3)---

[65535:1]1(3)s(2)sss
(S:3)---

[65535:1]1(3)s(2)sss
(S:3)---

(S:1)[65535:1]1(3)s(2)sss

[65535:1]1(3)s(2)sss

[65535:3]2(3)s(2)sss3s4s5--
product criterion:7 chain criterion:3
{1}[65535:5]5(5)s(9)s(12)s(15)s6(19)s(23)-s(26)s(31)s(34)-s(36)s(39)s(38)s----s(35)-s(36)7-s(38)------s(40)----s------------8-----------------9---------10--
product criterion:0 chain criterion:37
[65535:2]2(5)s(4)s(3)ss3(2)s(3)s(4)4----
product criterion:7 chain criterion:3
{1}[65535:5]5(5)s(9)s(12)s(15)s6(19)s(23)-s(26)s(31)s(34)-s(36)s(39)s(38)s----s(35)-s(36)7-s(38)------s(40)----s------------8-----------------9---------10--
product criterion:0 chain criterion:37
intersect by elimination method
[65535:4]1(6)s3(5)s(4)s(3)s(2)s4s(3)s(4)5----
product criterion:13 chain criterion:3
intersect by elimination method
[65535:4]1(6)s3(5)s(4)s(3)s(2)s4s(3)s(4)5----
product criterion:13 chain criterion:3
[65535:3]
product criterion:6 chain criterion:0
intersect by elimination method
[65535:6]1(13)s2(12)s(11)s(10)s(9)s(8)s(7)s(6)s3(5)s(4)s(3)s(2)s4s(3)s(4)5----
product criterion:83 chain criterion:3
map is a permutation
[65535:5]1(13)s(12)s(11)s(10)s(9)s(8)s(7)s2(6)s(5)---3--.5
product criterion:28 chain criterion:0
map is a permutation
[65535:5]1(13)s(12)s(11)s(10)s(9)s(8)s(7)s2(6)s(5)---3--.5
product criterion:28 chain criterion:0
map is a permutation
[65535:5]1(13)s(12)s(11)s(10)s(9)s(8)s(7)s2(6)s(5)---3--.5
product criterion:28 chain criterion:0
map is a permutation
[65535:5]1(13)s(12)s(11)s(10)s(9)s(8)s(7)s2(6)s(5)---3--.5
product criterion:28 chain criterion:0
map is a permutation
[65535:5]1(13)s(12)s(11)s(10)s(9)s(8)s(7)s2(6)s(5)---3--.5
product criterion:28 chain criterion:0
map is a permutation
[65535:5]1(13)s(12)s(11)s(10)s(9)s(8)s(7)s2(6)s(5)---3--.5
product criterion:28 chain criterion:0
map is a permutation
[65535:5]1(13)s(12)s(11)s(10)s(9)s(8)s(7)s2(6)s(5)---3--.5
product criterion:28 chain criterion:0
map is a permutation
[65535:5]1(13)s(12)s(11)s(10)s(9)s(8)s(7)s2(6)s(5)s(4)s(3)s3s-.6
product criterion:65 chain criterion:1
map is a permutation
[65535:5]1(13)s(12)s(11)s(10)s(9)s(8)s(7)s2(6)s(5)s(4)s(3)s3s-.6
product criterion:65 chain criterion:1
map is a permutation
[65535:5]1(13)s(12)s(11)s(10)s(9)s(8)s(7)s2(6)s(5)s(4)s(3)s3s-.6
product criterion:65 chain criterion:1
map is a permutation
[65535:5]1(13)s(12)s(11)s(10)s(9)s(8)s(7)s2(6)s(5)s(4)s(3)s3s-.6
product criterion:65 chain criterion:1
map is a permutation
[65535:5]1(13)s(12)s(11)s(10)s(9)s(8)s(7)s2(6)s(5)s(4)s(3)s3s(4)s(5)4-----s
product criterion:83 chain criterion:3
map is a permutation
[65535:5]1(13)s(12)s(11)s(10)s(9)s(8)s(7)s2(6)s(5)s(4)s(3)s3s(4)s(5)4-----s
product criterion:83 chain criterion:3
// ** _ is no standard basis
Auf Wiedersehen.
  >> 0 regions (all trivial): expReg=0.93s
  [sector total: 0.935s]
#Non-triv Sectors = 0

