
      +++  sector:  {0, 1, 1, 0, 0, 1, 0}  (1/1)  +++ 
                     SINGULAR                                 /  Development
 A Computer Algebra System for Polynomial Computations       /   version 4.3.2
                                                           0<
 by: W. Decker, G.-M. Greuel, G. Pfister, H. Schoenemann     \   Feb 2023
FB Mathematik der Universitaet, D-67653 Kaiserslautern        \  Debian 1:4.3.2-p10+ds-1.1build1
compute hilbert series with std in ring (ZZ/179424673),(x14,x13,x12,x11,x10,x9,x8,x7,x6,x5,x4,x3,x2,x1,@),(dp(15),C)
weights used for hilbert series: 1,1,1,1,1,1,1,1,1,1,1,1,1,1,1
[65535:4]2(14)s(13)s(12)s(11)s(10)s(9)s(8)s(7)s(8)s(10)s(13)s(12)s(14)s(17)s(20)s3(22)s(25)-s(28)s(34)s(39)s(45)s(52)-s(57)-------s(58)-s(60)-s(65)-s4(70)----------------s(57)s(63)------s(61)-----s(59)s(62)----------s(60)s(69)----------------s(60)---5------------------------s(35)s(38)-------s(33)----------s(26)-----------6---------------
product criterion:293 chain criterion:183
std with hilb in (ZZ/179424673),(x14,x13,x12,x11,x10,x9,x8,x7,x6,x5,x4,x3,x2,x1,@),(lp(14),dp(1),C)
[65535:4]2(37)s(36)s(35)s(34)s(33)s(32)s(31)sss(30)s(31)s(34)s(36)s(38)s(40)s3(44)s(48)-s(52)s(57)s(63)-s(68)-s(74)s(79)------ss(87)--shhhhhhhhhhhh4(79)s(87)--s(94)---s(99)---s(103)---(100)-s(106)s(116)--s(123)-----------------------(100)------------shhhhhhhhhhhhh5(82)---s(89)---s(95)---s(102)--(100)----------shhhhhhhhhhhhhhhhhhhhhhhhhhhhhhhhhhhhhhhhhhhhhhhhhhhhhhhhhhhhhhhhhhhhhhhhhhhhhhhhhhhhhhhhhhhhhhhhhhhh
product criterion:281 chain criterion:178
hilbert series criterion:125
dehomogenization
simplification
imap to ring (ZZ/179424673),(x14,x13,x12,x11,x10,x9,x8,x7,x6,x5,x4,x3,x2,x1),(lp(14),C)
Auf Wiedersehen.
  >> 0 regions (all trivial): expReg=0.493s
  [sector total: 0.498s]
#Non-triv Sectors = 0

