
      +++  sector:  {1, 0, 1, 0, 0, 1, 0}  (1/1)  +++ 
                     SINGULAR                                 /  Development
 A Computer Algebra System for Polynomial Computations       /   version 4.3.2
                                                           0<
 by: W. Decker, G.-M. Greuel, G. Pfister, H. Schoenemann     \   Feb 2023
FB Mathematik der Universitaet, D-67653 Kaiserslautern        \  Debian 1:4.3.2-p10+ds-1.1build1
compute hilbert series with std in ring (ZZ/179424673),(x14,x13,x12,x11,x10,x9,x8,x7,x6,x5,x4,x3,x2,x1,@),(dp(15),C)
weights used for hilbert series: 1,1,1,1,1,1,1,1,1,1,1,1,1,1,1
[65535:4]2(14)s(13)s(12)s(11)s(10)s(9)s(8)s(7)s(8)s(10)s(13)s(12)s(14)s(15)s(18)s3(22)s(25)---s(26)s(32)s(37)s(44)s(51)-------s(49)s(57)s(62)-s(67)s(71)4--------------s(60)s(67)-----s(66)-----s(64)s(67)----------s(65)s(74)--------------------s(61)---5-----------------------s(37)s(40)-------s(35)-----------s(27)------------6---------------
product criterion:302 chain criterion:176
std with hilb in (ZZ/179424673),(x14,x13,x12,x11,x10,x9,x8,x7,x6,x5,x4,x3,x2,x1,@),(lp(14),dp(1),C)
[65535:4]2(37)s(36)s(35)s(34)s(33)s(32)ssss(31)s(32)s(33)s(35)s(37)s(40)s3(44)s(48)-s(52)s(58)s(64)-s(69)s(76)-s(80)-s(85)s(92)-shhhhhhhhhhhhhhhhhh4(79)-s(86)---s(92)s(100)s(110)--s(115)--s(120)-s(125)----s(129)--s(136)---------------------------shhhhhhhhhhhhhhhhhhhh5(96)----s(102)s(112)---s(120)-------------------shhhhhhhhhhhhhhhhhhhhhhhhhhhhhhhhhhhhhhhhhhhhhhhhhhhhhhhhhhhhhhhhhhhhhhhhhhhhhhhhhhhhhhhhhhhhhhhhhhhhhhhhhhhhhhh
product criterion:307 chain criterion:211
hilbert series criterion:149
dehomogenization
simplification
imap to ring (ZZ/179424673),(x14,x13,x12,x11,x10,x9,x8,x7,x6,x5,x4,x3,x2,x1),(lp(14),C)
Auf Wiedersehen.
  >> 0 regions (all trivial): expReg=0.505s
  [sector total: 0.511s]
#Non-triv Sectors = 0

