
      +++  sector:  {1, 1, 1, 0, 0, 0, 0}  (1/1)  +++ 
                     SINGULAR                                 /  Development
 A Computer Algebra System for Polynomial Computations       /   version 4.3.2
                                                           0<
 by: W. Decker, G.-M. Greuel, G. Pfister, H. Schoenemann     \   Feb 2023
FB Mathematik der Universitaet, D-67653 Kaiserslautern        \  Debian 1:4.3.2-p10+ds-1.1build1
compute hilbert series with std in ring (ZZ/179424673),(x14,x13,x12,x11,x10,x9,x8,x7,x6,x5,x4,x3,x2,x1,@),(dp(15),C)
weights used for hilbert series: 1,1,1,1,1,1,1,1,1,1,1,1,1,1,1
[65535:4]2(10)s(9)s(8)s(7)s(6)s(5)s(4)s(3)s(4)s(5)s(7)s3(10)s(14)s(18)s(23)s(25)s(28)s(31)s(36)s(40)s(44)s(48)s4(52)s(54)s(57)-s(59)s(63)s(69)--s(71)-------s(69)----s(71)s(76)s(81)s(87)s(93)s(97)--s(101)s(109)s(117)s(123)----s(125)s(131)-----s(132)s(140)s(149)---5-s(150)s(156)------s(157)s(165)s(174)s(182)s(190)-----s(195)s(204)s(215)s(223)s(233)s(243)-s(248)-------------------s(237)--------------s(232)------------s(231)s(240)---s(247)s(257)----------------------s(244)s(253)s(260)s(269)------s(270)-------------------s(260)--------6---------------s(246)s(256)-s(265)s(276)--s(283)-s(293)s(305)-----(300)--------------------s(289)-----s(292)s(302)--(300)-------------s(297)---s(303)---(300)s(310)s(321)-s(330)-s(339)--------s(342)s(353)s(365)-----s(370)-s(380)--------s(384)-s(395)s(406)------(400)---s(409)---------(400)------s(406)s(418)----s(426)--------------------------(400)-------------s(396)--s(404)s(414)s(425)------s(430)---s(439)---s(446)s(455)s(466)-s(476)------s(481)-------s(484)--s(492)---s(500)----------7-------s(494)s(504)---s(512)-----s(518)---s(526)-----s(529)s(539)----------s(540)--s(548)-----------------s(541)-------------s(539)s(550)----------------------------s(533)-----s(539)------------------------------s(516)--s(522)s(530)s(538)----------------s(532)--------s(533)---s(540)s(550)-------s(552)-------s(555)-----s(560)-s(569)--------------s(564)-------------s(561)-----s(566)-----s(571)----s(578)--s(587)s(598)s(607)-------(600)---s(608)s(617)-------s(620)--------------------(600)-s(609)-----s(615)---------------(600)s(610)---s(618)----s(624)s(636)s(648)s(660)-----------------s(654)-----s(658)-----------------------s(647)s(659)s(671)------------------------------s(654)s(665)s(677)----------------------------------------s(646)s(657)s(667)---s(673)s(680)------------------8-s(671)s(681)s(691)s(701)-(700)s(709)s(718)s(728)----------------------------(700)----------------s(695)-----------------------------s(676)----------------------------------s(652)----------------------------------------------------(600)----------s----------------------s(588)s(598)s(607)-------(600)--------------s(596)s(606)s(615)---------------(600)s(608)--------(600)-----------------------------s(582)s(594)-s(606)------(600)----------------------------------------------------------s(554)-----------------------------------s(530)------------------------s(517)-----------------(500)------------------------s(487)-----------------s(480)--------------------------------------------------------------------------------(400)--s(409)---------(400)--s(409)s(420)s(431)---------------------------s(414)s(425)s(436)s(447)-----------------------------------------------(400)-9-----------------------------------------------------s(356)--------------------------------------------------------(300)--------------------------------------s(272)----------------s(266)-------s(269)-------------------s(259)-----------------------------------------------------------(200)--s(208)s(219)s(229)----------s(230)s(241)----------s(243)-------------------------------------------(200)-------------------------------------------------------------------------10---------------------------(100)------s(104)----(100)--------------------------------------s(73)--------------------------------------------------11---s(29)---------s(30)---------12---------------------
product criterion:2137 chain criterion:19586
std with hilb in (ZZ/179424673),(x14,x13,x12,x11,x10,x9,x8,x7,x6,x5,x4,x3,x2,x1,@),(lp(14),dp(1),C)
[65535:4]2(218)s(217)s(216)s(215)s(214)s(213)sss(214)s(213)s(215)s3(216)s(220)s(224)s(228)s(232)s(235)s(240)s(244)s(248)shhhhhhhhhhh4(239)s(243)s(248)s(252)s(260)s(266)-s(269)s(274)-s(280)----s(279)----s(281)s(286)s(291)s(298)---------s(295)s(302)s(306)s(315)s(322)s(328)-shhhhhhhhhhhhhhhhhhhhhh5(314)s(320)----s(327)s(335)s(342)s(348)----s(350)-s(356)--s(362)-s(369)--------s(368)-s(375)s(383)s(389)s(397)--s(405)-----(400)s(409)-------s(411)s(421)----------s---s(428)-s(438)-----s(445)-----s(451)--s(460)s(470)---------------------shhhhhhhhhhhhhhhhhhhhhhhhhhhhhhhhhhhhhhhhhhhhhhhhhhh6(409)s(415)---s(422)---s(429)-s(437)-s(444)---s(450)s(459)-----s(463)-s(473)s(480)--------s(484)----s(488)--------------------s(478)--------s(480)--s(489)s(500)-----s(506)---s(515)-------s(519)---s(528)s(540)---------s----s(547)s(559)s(571)--s(580)-s(591)----s(596)s(606)-s(614)-s(625)-----s(629)-s(638)s(647)---------s(649)s(660)s(670)-s(679)s(687)----------------------s(676)---s(685)s(694)------shhhhhhhhhhhhhhhhhhhhhhhhhhhhhhhhhhhhhhhhhhhhhhhhhhhhhhhhhhhhhhhhhhhhhhhhhhhhhhhhhhhhhhhhhhhhhhhhhhhhhh7(595)s(606)-s(616)----s(623)----------------s(616)------s(618)--s(624)s(631)-------s(634)----------------------------------(600)--s(607)s(617)--------------s(612)-s(621)---------------------(600)---s(607)--s(616)s(626)s(636)-----s(642)s(652)s(662)---s(668)s(678)----s(683)-----s(689)s(699)--s(709)s(720)-----s(725)s(734)---------------------------------s(712)------------(700)---------s(703)---(700)------s(706)s(718)--s(728)-s(736)s(747)-----------------------------------------------(700)---s(708)----s(715)---------------(700)s(711)s(722)------------shhhhhhhhhhhhhhhhhhhhhhhhhhhhhhhhhhhhhhhhhhhhhhhhhhhhhhhhhhhhhhhhhhhhhhhhhhhhhhhhhhhhhhhhhhhhhhhhhhhhhhhhhhhhhhhhhhhhhhhhhhhhhhhhhhhhhhhhhhhhhhhhhhhhhhhhhhhhhhhhhhhhhhhhhhhhhhhhhhhhhhhhhhhhhhhhhhhhhhhhhhhhhhhhhh8(512)s(522)s(533)s(541)s(553)s(563)s(576)s(587)s(597)----------s-------------------------------------------------------------------------------------------------(500)---------------------------------------s(471)-----------------------------------s(447)-------s(451)s(462)-----------------------------------------s(431)-------------------------------(400)------------------shhhhhhhhhhhhhhhhhhhhhhhhhhhhhhhhhhhhhhhhhhhhhhhhhhhhhhhhhhhhhhhhhhhhhhhhhhhhhhhhhhhhhhhhhhhhhhhhhhhhhhhhhhhhhhhhhhhhhhhhhhhhhhhhhhhhhhhhhhhhhhhhhhhhhhhhhhhhhhhhhhhhhhhhhhhhhhhhhhhhhhhhhhhhhhhhhhhhhhhhhhh9(189)s(199)s(210)s(222)---s(230)--s(239)-s(249)--s(258)shhhhhhhhhhhhhhhhhhhhhhhhhhhhhhhhhhhhhhhhhhhhhhhhhhhhhhhhhhhhhhhhhhhhhhhhhhhhhhhhhhhhhhhhhhhhhhhhhhhhhhhhhhhhhhhhhhhhhhhhhhhhhhhhhhhhhhhhhhhhhhhhhhhhhhhhhhhhhhhhhhhhhhhh10(102)s(111)s(121)s(131)s(142)s(152)-s(162)---s(170)-s(181)--------shhhhhhhhhhhhhhhhhhhhhhhhhhhhhhhhhhhhhhhhhhhhhhhhhhhhhhhhhhhhhhhhhhhhhhhhhhhhhhh11(105)s(115)---s(124)s(135)-s(145)s(156)s(167)-shhhhhhhhhhhhhhhhhhhhhhhhhhhhhhhhhhhhhhhhhhhhhhhhhhhhhhhhhhhhhhhhhhhhhhhhhhhhhhhhhhhhhhhhhhhhhh12(83)s(95)-s(104)s(116)s(127)s(139)s(151)s(163)----shhhhhhhhhhhhhhhhhhhhhhhhhhhhhhhhhhhhhhhhhhhhhhhhhhhhhhhhhhhhhhhhhhhhhhh13(98)s(111)s(123)s(136)-s(144)s(155)s(166)s(178)s(191)----s(200)s(211)s(221)shhhhhhhhhhhhhhhhhhhhhhhhhhhhhhhhhhhhhhhhhhhhhhhhhhhhhhhhhhhhhhhhhhhhhhhhhhhhhhhhhh14(149)s(159)s(170)s(181)s(194)s(206)s(217)s(229)s(242)s(254)s(265)-s(276)-----s(281)s(293)------s(298)---shhhhhhhhhhhhhhhhhhhhhhhhhhhhhhhhhhhhhhhhhhhhhhhhhhhhhhhhhhhhhhhhhhhhhhhhhhhhhhhhhhhhhhhhhhhhhhhhhhhhhhhhhhhhhhhhhhhhhhhh15(186)s(197)s(208)s(219)s(230)----s(238)s(250)--s(261)-s(273)--------------shhhhhhhhhhhhhhhhhhhhhhhhhhhhhhhhhhhhhhhhhhhhhhhhhhhhhhhhhhhhhhhhhhhhhhhhhhhhhhhhhhhhhhhhhhhhhhhhhhhhhhhhhhhhhhhhhhhhhhhhhhhhhhhhhhhhhhhhhhhhhhhhhhhhhhhhhhhhh16(114)s(126)s(137)s(147)s(158)s(170)---s(179)s(191)--s(201)s(214)------shhhhhhhhhhhhhhhhhhhhhhhhhhhhhhhhhhhhhhhhhhhhhhhhhhhhhhhhhhhhhhhhhhhhhhhhhhhhhhhhhhhhhhhhhhhhhh17(125)s(137)s(149)s(161)s(173)s(185)s(196)s(209)----s(216)--shhhhhhhhhhhhhhhhhhhhhhhhhhhhhhhhhhhhhhhhhhhhhhhhhhhhhhhhhhhhhhhhhhhhhhhhhhhhhhhhhhhhhhhhhhhhhhhhhhhhhhhhhhhhhh18(117)s(129)s(140)s(151)-s(163)s(175)s(188)s(200)s(211)s(221)s(233)s(244)-s(254)------s(257)s(270)-shhhhhhhhhhhhhhhhhhhhhhhhhhhhhhhhhhhhhhhhhhhhhhhhhhhhhhhhhhhhhhhhhhhhhhhhhhhhhhhhhhhhhhhhhhhhhh19(188)s(200)s(212)s(224)--s(234)s(247)s(259)s(269)---s(277)s(289)-s(300)------s(305)-----(300)----s(309)s(321)-shhhhhhhhhhhhhhhhhhhhhhhhhhhhhhhhhhhhhhhhhhhhhhhhhhhhhhhhhhhhhhhhhhhhhhhhhhhhhhhhhhhhhhhhhhhhhhhhhhhhhhhhhhhhhhhhhhhhhhhhhhhhhhhhhhhhhhhhhhhhhhhhhhhhhhhhh20(179)s(191)s(203)-s(214)s(227)---s(237)-s(247)---s(256)s(267)-s(278)------s(282)-----s(290)shhhhhhhhhhhhhhhhhhhhhhhhhhhhhhhhhhhhhhhhhhhhhhhhhhhhhhhhhhhhhhhhhhhhhhhhhhhhhhhhhhhhhhhhhhhhhhhhhhhhhhhhhhhhhhhhhhhhhhhhhhhhhhhhhhhhhhhhhhhhhhhhhhhh21(153)s(164)s(177)s(190)s(202)s(215)--s(225)-s(236)----s(244)s(255)-s(266)----------shhhhhhhhhhhhhhhhhhhhhhhhhhhhhhhhhhhhhhhhhhhhhhhhhhhhhhhhhhhhhhhhhhhhhhhhhhhhhhhhhhhhhhhhhhhhhhhhhhhhhhhhhhhhhhhhhhhhhhhhhhhhh22(144)s(155)s(167)-s(179)s(192)s(205)s(217)s(228)--s(237)-------s(242)s(253)-s(263)---------shhhhhhhhhhhhhhhhhhhhhhhhhhhhhhhhhhhhhhhhhhhhhhhhhhhhhhhhhhhhhhhhhhhhhhhhhhhhhhhhhhhhhhhhhhhhhhhhhhhhhhhhhhhhhhhhh23(154)s(165)s(177)-s(189)s(202)s(214)s(227)-----------ss(239)-----------shhhhhhhhhhhhhhhhhhhhhhhhhhhhhhhhhhhhhhhhhhhhhhhhhhhhhhhhhhhhhhhhhhhhhhhhhhhhhhhhhhhhhhhhhhhhhhhhhhhhhhhhhhhhhhhhhhhhhhhhhhh24(118)s(131)s(143)-s(154)s(167)-s(179)s(191)---------s(194)s(206)------(200)shhhhhhhhhhhhhhhhhhhhhhhhhhhhhhhhhhhhhhhhhhhhhhhhhhhhhhhhhhhhhhhhhhhhhhhhhhhhhhhhhhhhhhhhhhhhh25(119)s(132)s(145)s(156)s(168)-s(179)s(192)-s(204)----(200)----s(208)s(220)shhhhhhhhhhhhhhhhhhhhhhhhhhhhhhhhhhhhhhhhhhhhhhhhhhhhhhhhhhhhhhhhhhhhhhhhhhhhhhhhhhhhhhhhhhhhhhhhhhhh26(132)s(144)s(157)s(170)-s(181)s(193)---s(202)s(215)-s(227)--------s(231)s(242)s(254)shhhhhhhhhhhhhhhhhhhhhhhhhhhhhhhhhhhhhhhhhhhhhhhhhhhhhhhhhhhhhhhhhhhhhhhhhhhhhhhhhhhhhhhhhhhhhhhhhhhhhhhhhhhh27(156)s(169)s(182)s(193)--s(203)s(215)s(227)----s(235)s(248)-s(260)---------s(263)shhhhhhhhhhhhhhhhhhhhhhhhhhhhhhhhhhhhhhhhhhhhhhhhhhhhhhhhhhhhhhhhhhhhhhhhhhhhhhhhhhhhhhhhhhhhhhhhhhhhhhhhhhhhhhhhhhhhhhhhhhhhhhhhhh28(145)s(158)s(171)--s(181)s(193)s(204)s(216)-----s(224)s(237)-s(248)----------s(250)shhhhhhhhhhhhhhhhhhhhhhhhhhhhhhhhhhhhhhhhhhhhhhhhhhhhhhhhhhhhhhhhhhhhhhhhhhhhhhhhhhhhhhhhhhhhhhhhhhhhhhhhhhhhhhhhhhhhh29(145)s(157)s(170)s(183)--s(193)s(205)s(217)-----s(225)s(238)s(251)-----------s(252)shhhhhhhhhhhhhhhhhhhhhhhhhhhhhhhhhhhhhhhhhhhhhhhhhhhhhhhhhhhhhhhhhhhhhhhhhhhhhhhhhhhhhhhhhhhhhhhhhhhhhhhhhhhhhhhhhhhhh30(147)s(159)s(171)s(183)s(196)--s(206)-s(217)s(229)----s(238)s(250)s(263)s(274)-----------sshhhhhhhhhhhhhhhhhhhhhhhhhhhhhhhhhhhhhhhhhhhhhhhhhhhhhhhhhhhhhhhhhhhhhhhhhhhhhhhhhhhhhhhhhhhhhhhhhhhhhhhhhhhhhhhhhhhhh31(169)s(181)s(193)s(206)s(219)--s(227)--s(237)s(249)----s(258)s(271)---------------shhhhhhhhhhhhhhhhhhhhhhhhhhhhhhhhhhhhhhhhhhhhhhhhhhhhhhhhhhhhhhhhhhhhhhhhhhhhhhhhhhhhhhhhhhhhhhhhhhhhhhhhhhhhhhhhhhhhhhhhhhhhhhhhhhhhhhhhh32(131)s(144)s(157)s(170)s(183)s(196)----s(203)s(215)----s(224)s(237)----------shhhhhhhhhhhhhhhhhhhhhhhhhhhhhhhhhhhhhhhhhhhhhhhhhhhhhhhhhhhhhhhhhhhhhhhhhhhhhhhhhhhhhhhhhhhhhhhhhhhhhhhh33(135)s(148)s(161)s(174)s(186)s(199)s(212)s(225)-s(237)-----s(244)---s(254)s(267)-----------shhhhhhhhhhhhhhhhhhhhhhhhhhhhhhhhhhhhhhhhhhhhhhhhhhhhhhhhhhhhhhhhhhhhhhhhhhhhhhhhhhhhhhhhhhhhhhhhhhhhhhhh34(164)s(177)s(190)s(203)s(216)s(228)s(241)s(254)s(265)s(277)----s(286)--------s(290)--s(300)s(313)-------------(300)shhhhhhhhhhhhhhhhhhhhhhhhhhhhhhhhhhhhhhhhhhhhhhhhhhhhhhhhhhhhhhhhhhhhhhhhhhhhhhhhhhhhhhhhhhhhhhhhhhhhhhhhhhhhhhhhhhhhhhhhhhhh35(188)s(200)s(213)s(226)s(239)s(252)s(264)s(277)s(289)--------s(294)--------s(298)--s(309)---------(300)------shhhhhhhhhhhhhhhhhhhhhhhhhhhhhhhhhhhhhhhhhhhhhhhhhhhhhhhhhhhhhhhhhhhhhhhhhhhhhhhhhhhhhhhhhhhhhhhhhhhhhhhhhhhhhhhhhhhhhhhhhhhhhhhhhhhhhhhhhhhhhhhh36(162)s(175)s(187)s(199)--s(210)s(222)s(235)s(248)--------s(253)-----s(260)--s(271)------------shhhhhhhhhhhhhhhhhhhhhhhhhhhhhhhhhhhhhhhhhhhhhhhhhhhhhhhhhhhhhhhhhhhhhhhhhhhhhhhhhhhhhhhhhhhhhhhhhhhhhhhhhhhhhhhhhhhhhhhhhhh37(148)s(161)s(173)s(185)-s(197)s(210)s(223)-------s(229)-----s(236)--s(247)-----------shhhhhhhhhhhhhhhhhhhhhhhhhhhhhhhhhhhhhhhhhhhhhhhhhhhhhhhhhhhhhhhhhhhhhhhhhhhhhhhhhhhhhhhhhhhhhhhhhhhhhhhhhhhhhhhhh38(135)s(148)s(161)s(174)-s(185)s(198)s(211)------s(217)----s(225)--s(236)----------shhhhhhhhhhhhhhhhhhhhhhhhhhhhhhhhhhhhhhhhhhhhhhhhhhhhhhhhhhhhhhhhhhhhhhhhhhhhhhhhhhhhhhhhhhhhhhhhhhhhhhh39(134)s(147)s(159)s(172)s(185)s(198)-s(210)s(223)----------s(225)--shhhhhhhhhhhhhhhhhhhhhhhhhhhhhhhhhhhhhhhhhhhhhhhhhhhhhhhhhhhhhhhhhhhhhhhhhhhhhhhhhhhhhhhhhhhhhhhhhhhhhhhhhhhhhhhhh40(123)s(136)s(149)s(162)s(175)s(188)s(200)---s(210)s(223)---------s(225)-shhhhhhhhhhhhhhhhhhhhhhhhhhhhhhhhhhhhhhhhhhhhhhhhhhhhhhhhhhhhhhhhhhhhhhhhhhhhhhhhhhhhhhhhhhhhhhhhhhhhh41(136)s(149)s(162)s(175)s(188)s(201)s(214)s(227)----s(235)s(248)-----------shhhhhhhhhhhhhhhhhhhhhhhhhhhhhhhhhhhhhhhhhhhhhhhhhhhhhhhhhhhhhhhhhhhhhhhhhhhhhhhhhhhhhhhhhhhhhhhhhhhhhhhhhhhhhhhh42(138)s(151)s(163)s(176)s(189)s(202)s(215)s(228)s(239)s(251)-----s(259)-----------shhhhhhhhhhhhhhhhhhhhhhhhhhhhhhhhhhhhhhhhhhhhhhhhhhhhhhhhhhhhhhhhhhhhhhhhhhhhhhhhhhhhhhhhhhhhhhhhhhhhhhhhhhhhhhhh43(148)s(160)s(173)s(186)s(198)s(210)s(223)s(236)---------shhhhhhhhhhhhhhhhhhhhhhhhhhhhhhhhhhhhhhhhhhhhhhhhhhhhhhhhhhhhhhhhhhhhhhhhhhhhhhhhhhhhhhhhhhhhhhhhhhhhhhhhhhhhhhhhhhhhhhhhhhhhhhhhhhhh44(108)s(121)s(134)s(146)---s(156)s(169)-------shhhhhhhhhhhhhhhhhhhhhhhhhhhhhhhhhhhhhhhhhhhhhhhhhhhhhhhhhhhhhhhhhhhhhhhhhhhhhhhhhhhhhhhhhhhhh45(82)s(95)s(107)s(120)--s(131)s(144)-----shhhhhhhhhhhhhhhhhhhhhhhhhhhhhhhhhhhhhhhhhhhhhhhhhhhhhhhhhhhhhhhhhhhhhh46(82)s(94)s(106)s(119)--s(130)s(143)-----shhhhhhhhhhhhhhhhhhhhhhhhhhhhhhhhhhhhhhhhhhhhhhhhhhhhhhhhhhhhhhhhhhhhhh47(81)s(93)s(105)--s(116)s(128)-----shhhhhhhhhhhhhhhhhhhhhhhhhhhhhhhhhhhhhhhhhhhhhhhhhhhhhhhhhhhhhhhhhhhhhh48(66)s(78)-s(90)----shhhhhhhhhhhhhhhhhhhhhhhhhhhhhhhhhhhhhhhhhhhhhhhhhhhhhhhhhhh49(40)s(53)s(66)--shhhhhhhhhhhhhhhhhhhhhhhhhhhhhhhhhhhh50(40)s(53)s(66)shhhhhhhhhhhhhhhhhhhhhhhhhhhhhhhhhhhhhh51(41)s(54)s(67)s(80)-shhhhhhhhhhhhhhhhhhhhhhhhhhhhhhhhhhhhh52(55)s(68)s(81)s(94)s(107)--shhhhhhhhhhhhhhhhhhhhhhhhhhhhhhhhhhhhhhhhhhhhhhhhh53(69)s(82)s(95)s(108)s(120)s(133)---shhhhhhhhhhhhhhhhhhhhhhhhhhhhhhhhhhhhhhhhhhhhhhhhhhhhhhhhhhhhh54(82)s(95)s(108)s(121)s(134)s(147)----shhhhhhhhhhhhhhhhhhhhhhhhhhhhhhhhhhhhhhhhhhhhhhhhhhhhhhhhhhhhhhhhhhhhhhhhh55(83)s(96)s(109)s(122)s(135)s(148)s(161)----shhhhhhhhhhhhhhhhhhhhhhhhhhhhhhhhhhhhhhhhhhhhhhhhhhhhhhhhhhhhhhhhhhhhhhhhh56(97)s(110)s(123)s(136)s(149)s(161)s(174)s(185)-----shhhhhhhhhhhhhhhhhhhhhhhhhhhhhhhhhhhhhhhhhhhhhhhhhhhhhhhhhhhhhhhhhhhhhhhhhhhhhhhhhhhhh57(107)s(120)s(133)s(146)s(159)shhhhhhhhhhhhhhhhhhhhhhhhhhhhhhhhhhhhhhhhhhhhhhhhhhhhhhhhhhhhhhhhhhhhhhhhhhhhhhhhhhhhhhhhhhhhhhhhhhhhhhh58(69)s(82)s(95)s(108)s(121)shhhhhhhhhhhhhhhhhhhhhhhhhhhhhhhhhhhhhhhhhhhhhhhhhhhhhhhhhhhhhhhhh59(69)s(82)s(95)s(108)s(121)shhhhhhhhhhhhhhhhhhhhhhhhhhhhhhhhhhhhhhhhhhhhhhhhhhhhhhhhhhhhhhhhh60(69)s(81)s(94)s(107)s(120)shhhhhhhhhhhhhhhhhhhhhhhhhhhhhhhhhhhhhhhhhhhhhhhhhhhhhhhhhhhhhhhhh61(68)s(81)s(94)s(107)shhhhhhhhhhhhhhhhhhhhhhhhhhhhhhhhhhhhhhhhhhhhhhhhhhhhhhhhhhhhhhhhh62(55)s(68)s(81)s(94)shhhhhhhhhhhhhhhhhhhhhhhhhhhhhhhhhhhhhhhhhhhhhhhhhhhh63(55)s(68)s(81)s(94)shhhhhhhhhhhhhhhhhhhhhhhhhhhhhhhhhhhhhhhhhhhhhhhhhhhh64(55)s(68)s(80)s(93)shhhhhhhhhhhhhhhhhhhhhhhhhhhhhhhhhhhhhhhhhhhhhhhhhhhh65(54)s(67)s(80)shhhhhhhhhhhhhhhhhhhhhhhhhhhhhhhhhhhhhhhhhhhhhhhhhhhh66(41)s(54)s(67)shhhhhhhhhhhhhhhhhhhhhhhhhhhhhhhhhhhhhhh67(41)s(54)s(67)shhhhhhhhhhhhhhhhhhhhhhhhhhhhhhhhhhhhhhh68(41)s(54)s(67)shhhhhhhhhhhhhhhhhhhhhhhhhhhhhhhhhhhhhhh69(41)s(54)s(67)shhhhhhhhhhhhhhhhhhhhhhhhhhhhhhhhhhhhhhh70(41)s(54)s(66)shhhhhhhhhhhhhhhhhhhhhhhhhhhhhhhhhhhhhhh71(40)s(53)shhhhhhhhhhhhhhhhhhhhhhhhhhhhhhhhhhhhhhh72(27)s(40)shhhhhhhhhhhhhhhhhhhhhhhhhh73(27)s(40)shhhhhhhhhhhhhhhhhhhhhhhhhh74(27)s(40)shhhhhhhhhhhhhhhhhhhhhhhhhh75(27)s(40)shhhhhhhhhhhhhhhhhhhhhhhhhh76(27)s(40)shhhhhhhhhhhhhhhhhhhhhhhhhh77(27)s(40)shhhhhhhhhhhhhhhhhhhhhhhhhh78(27)s(40)shhhhhhhhhhhhhhhhhhhhhhhhhh79(27)s(40)shhhhhhhhhhhhhhhhhhhhhhhhhh80(27)s(40)shhhhhhhhhhhhhhhhhhhhhhhhhh81(26)shhhhhhhhhhhhhhhhhhhhhhhhhh82(13)shhhhhhhhhhhhh83shhhhhhhhhhhhh84shhhhhhhhhhhhh85shhhhhhhhhhhhh86shhhhhhhhhhhhh87shhhhhhhhhhhhh88shhhhhhhhhhhhh89shhhhhhhhhhhhh90shhhhhhhhhhhhh91shhhhhhhhhhhhh92shhhhhhhhhhhhh93shhhhhhhhhhhhh94shhhhhhhhhhhhh95shhhhhhhhhhhhh96shhhhhhhhhhhhh97shhhhhhhhhhhhh98shhhhhhhhhhhhh99shhhhhhhhhhhhh100shhhhhhhhhhhhh101shhhhhhhhhhhhh102shhhhhhhhhhhhh103shhhhhhhhhhhhh104shhhhhhhhhhhhh105shhhhhhhhhhhhhhhhhhhhhhhhhh
product criterion:4785 chain criterion:234608
hilbert series criterion:6838
dehomogenization
simplification
imap to ring (ZZ/179424673),(x14,x13,x12,x11,x10,x9,x8,x7,x6,x5,x4,x3,x2,x1),(lp(14),C)
Auf Wiedersehen.
                     SINGULAR                                 /  Development
 A Computer Algebra System for Polynomial Computations       /   version 4.3.2
                                                           0<
 by: W. Decker, G.-M. Greuel, G. Pfister, H. Schoenemann     \   Feb 2023
FB Mathematik der Universitaet, D-67653 Kaiserslautern        \  Debian 1:4.3.2-p10+ds-1.1build1
// ** loaded /usr/bin/../share/singular/LIB/primdec.lib (4.3.2.9,Oct_2023)
// ** loaded /usr/bin/../share/singular/LIB/ring.lib (4.3.1.3,Feb_2023)
// ** loaded /usr/bin/../share/singular/LIB/absfact.lib (4.1.2.0,Feb_2019)
// ** loaded /usr/bin/../share/singular/LIB/triang.lib (4.1.2.0,Feb_2019)
// ** loaded /usr/bin/../share/singular/LIB/matrix.lib (4.3.2.3,Aug_2023)
// ** loaded /usr/bin/../share/singular/LIB/nctools.lib (4.1.2.0,Feb_2019)
// ** loaded /usr/bin/../share/singular/LIB/inout.lib (4.1.2.0,Feb_2019)
// ** loaded /usr/bin/../share/singular/LIB/random.lib (4.1.2.0,Feb_2019)
// ** loaded /usr/bin/../share/singular/LIB/polylib.lib (4.2.0.0,Dec_2020)
// ** loaded /usr/bin/../share/singular/LIB/elim.lib (4.3.2.5,Jul_2023)
// ** loaded /usr/bin/../share/singular/LIB/general.lib (4.1.2.0,Feb_2019)
map with cache
map with cache
map with cache
map with cache
map with cache
map with cache
std in (ZZ/179424673),(x14,x13,x12,x11,x10,x9,x8,x7,x6,x5,x4,x3,x2,x1),(dp(14),C)
[65535:5]1(101)s(100)s(99)s(98)s(97)s(96)s2(95)s(94)s(93)s4(92)s6(91)s(93)s(96)s7(99)s(103)s(108)-s(113)----s(112)s(113)s(116)s(119)s8(122)s(111)----ss(114)s(118)s(119)s(120)s(125)-s(127)s(131)s9(132)s(136)--s--s(138)s(134)s(138)s(140)---s(142)----s(140)--s(141)-s(139)-s(142)-s(145)-s10(147)s(150)-s(154)ss(158)s---s(161)-s(160)-s(162)-------s(155)-s(159)s(162)s(166)11------s(161)-s(165)s(169)s--s(171)----ss(176)----s(172)---s(174)--s(177)---------s(171)s(175)---s(176)----------s(162)s(166)s(170)s(175)s(181)12----s------s(178)s(182)-------s(179)---------s(175)-s(178)s(179)-s(182)-s(186)-----s----s(185)s(190)s(193)s(196)-------s(193)----sss(195)ss(200)s(206)s(210)s(215)s(205)s13(207)-------(200)----ss(204)s(207)------s(204)----(200)-----s(199)----------------------s(177)s(168)------s(162)-------------------s(146)s(141)-------14----s(134)----------s(126)--------------------------(100)-s(102)--(100)-------15------------------16-------17-------18--19---20------21-22-23-24---25-26--27--28--29---31--32-34-35----36--37--38---39-40--41-45-46--47-51-53-54---57-62-68-78-102-103-.108
(S:67)-------------------------------------------------------------------
product criterion:759 chain criterion:2883
1(67)s(66)s(65)s(64)s(63)s(62)s2(61)s(60)s(59)s4(58)ssFFFr
r
r
(57)sr
r
3sr
r
4(58)sr
r
(60)5-sr
r
(61)----------------------------6-----------------7----------8-----9-
(S:13)-------------
product criterion:84 chain criterion:7
4(57)sr
(S:14)rrrrrrrrrrrrrr
3sr
(S:14)rrrrrrrrrrrrrr
4(58)sr
(S:14)rrrrrrrrrrrrrr
(60)5-sr
(S:14)rrrrrrrrrrrrrr
(61)----------------------------6-----------------7----------8-----9-
(S:13)-------------
product criterion:40 chain criterion:7
4(57)s(S:14)rrrrrrrrrrrrrr
(S:14)rrrrrrrrrrrrrr
(58)s(S:14)rrrrrrrrrrrrrr
(S:14)rrrrrrrrrrrrrr
(60)s(S:14)rrrrrrrrrrrrrr
(S:14)rrrrrrrrrrrrrr
(61)s(S:14)rrrrrrrrrrrrrr
(S:14)rrrrrrrrrrrrrr
(64)s(S:14)rrrrrrrrrrrrrr
(S:14)rrrrrrrrrrrrrr
(68)-s(S:14)rrrrrrrrrrrrrr
(S:14)rrrrrrrrrrrrrr
s(S:14)rrrrrrrrrrrrrr
(S:14)rrrrrrrrrrrrrr
(70)5-s(S:14)rrrrrrrrrrrrrr
(S:14)rrrrrrrrrrrrrr
(73)s(S:14)rrrrrrrrrrrrrr
(S:14)rrrrrrrrrrrrrr
(77)s(S:14)rrrrrrrrrrrrrr
(S:14)rrrrrrrrrrrrrr
(80)----s(S:14)rrrrrrrrrrrrrr
(S:14)rrrrrrrrrrrrrr
(79)s(S:14)rrrrrrrrrrrrrr
(S:14)rrrrrrrrrrrrrr
(80)s(S:14)rrrrrrrrrrrrrr
(S:14)rrrrrrrrrrrrrr
(84)---------------------------------------------6--s(S:14)rrrrrrrrrrrrrr
(S:14)rrrrrrrrrrrrrr
(41)--------------------7-s(S:14)rrrrrrrrrrrrrr
(S:14)rrrrrrrrrrrrrr
(24)-------------8-s(S:14)rrrrrrrrrrrrrr
(S:14)rrrrrrrrrrrrrr
(13)--------9-----
(S:23)-----------------------
product criterion:125 chain criterion:88
(S:24)rrrrrrrrrrrrrrrrrrrrrrrr
(S:24)rrrrrrrrrrrrrrrrrrrrrrrr
(S:14)rrrrrrrrrrrrrr
map is a permutation
[65535:5]1(24)s(23)s(22)s(21)s(20)s(19)s(18)s2(17)s(16)s(15)s(14)s3(13)s(14)s(16)s4(17)s(21)s(24)s(26)s(29)s(33)-s(36)-s(38)----5--------s(30)----------------------6-s(11)----7-s(10)----8-s(8)----9----
product criterion:172 chain criterion:72
[65535:5]1(23)s(22)s(21)s(20)s(19)s(18)s2(17)s(16)s(15)s(14)s3(13)s(14)s(16)s4(17)s(21)s(24)s(26)s(29)s(33)-s(36)-s(38)----5--------s(30)----------------------6-s(11)----7-s(10)----8-s(8)----9----
product criterion:148 chain criterion:72
{1}[65535:7]1(23)s(22)s(21)s(20)s(19)s(18)s2(17)s(22)s(28)s(35)s3(43)------------------------s(28)s(37)s4(46)------s(50)s(61)s(70)------------------------s(56)s(66)s(79)s(89)5--------------------s(82)----------------------------------------------------------------6-s(31)--------------7-s(28)--------------8-s------------9----------------
product criterion:0 chain criterion:63
(S:24)rrrrrrrrrrrrrrrrrrrrrrrr
[65535:5]1(23)s(22)s(21)s(20)s(19)s(18)s2(17)s(16)s(15)s(14)s3(13)s(14)s(16)s4(17)s(21)s(24)s(26)s(29)s(33)-s(36)-s(38)----5--------s(30)----------------------6-s(11)----7-s(10)----8-s(8)----9----
product criterion:148 chain criterion:72
compute hilbert series with std in ring (ZZ/179424673),(x14,x13,x12,x11,x10,x9,x8,x7,x6,x5,x4,x3,x2,x1,@),(dp(15),C)
weights used for hilbert series: 1,1,1,1,1,1,1,1,1,1,1,1,1,1,1
[65535:4]1(23)s(22)s(21)s(20)s(19)s(18)s2(17)s(16)s(15)s(14)s3(13)s(14)s(16)s4(17)s(20)s(24)s(26)----s(25)s(29)s(33)--s(34)5--------s(30)----------------------6-s(11)----7-s(10)----8-s(8)----9----
(S:23)-----------------------
product criterion:148 chain criterion:72
std with hilb in (ZZ/179424673),(x14,x13,x12,x11,x10,x9,x8,x7,x6,x5,x4,x3,x2,x1,@),(C,lp(14),dp(1))
[65535:4]1(23)s(22)s(21)s(20)s(19)s(18)s2(17)s(16)s(15)s(14)s3(13)ss(15)s4(17)s(19)-s(20)-s(22)--s--s(23)s(28)-s5(32)shhhhhhhhhhhhhhhhhhhhhhhhhhhhh6(7)shhhhh7(6)shhhhh8(5)shhhhhhhhh
(S:23)-----------------------
product criterion:151 chain criterion:70
hilbert series criterion:48
dehomogenization
simplification
imap to ring (ZZ/179424673),(x14,x13,x12,x11,x10,x9,x8,x7,x6,x5,x4,x3,x2,x1),(C,lp(14))
//interreduction
[65535:4]8(17)s7(16)s6(15)s5(14)s4(13)s2(12)s1(11)s(10)s2(9)s4(8)s2(7)s3(6)s2(5)s(4)s1(3)s(2)sss
(S:17)-----------------

map is a permutation
std in (ZZ/179424673),(x10,x9,x8,x5,x4,x3,x2,x1),(C,dp(8))
[65535:3]2(11)s(10)s(9)s(8)s3(7)s4(8)s(10)s(13)s(16)s(20)s5(23)s(26)s(29)-------s(24)s(28)--------s6(23)---------------s(12)----7--s(10)---8--s(8)----9----
product criterion:25 chain criterion:72
map is a permutation
compute hilbert series with std in ring (ZZ/179424673),(x5,x4,x3,x2,x1,x10,x9,x8,@),(dp(9),C)
weights used for hilbert series: 1,1,1,1,1,1,1,1,1
[1048575:3]2(11)s(10)s(9)s(8)s3(7)s4(8)s(10)s(13)s(17)s(20)s5(24)s(25)----ss(29)---ss(31)-----s(30)s(35)-6------------------s(20)------s(17)----s(18)-7--------------s(7)-8------
(S:20)--------------------
product criterion:26 chain criterion:111
std with hilb in (ZZ/179424673),(x5,x4,x3,x2,x1,x10,x9,x8,@),(lp(8),dp(1),C)
[1048575:3]2(20)s(19)s(18)s(17)s3(16)s4(17)s(19)s(22)--s(24)s(27)s5(31)s(33)-s(36)s(40)-s(42)-s(45)--s(47)-shhhhhhhhhhhhhh6(37)------s(36)---s(34)----------s(26)s(29)s(32)--shhhhhhhhhh7(25)-------s(22)----------shhhhhhhhhhhhhhhhh
(S:24)------------------------
product criterion:31 chain criterion:178
hilbert series criterion:41
dehomogenization
simplification
imap to ring (ZZ/179424673),(x5,x4,x3,x2,x1,x10,x9,x8),(lp(8),C)
//interreduction
[65535:2]2(17)s(16)s(15)s4(14)s5(13)s6(12)s5(11)s2(10)s3(9)s4(8)s(7)s3(6)s4(5)s(4)s(3)s(2)ss2s
(S:17)-----------------

map is a permutation
[1048575:2]1(4)s(3)s(2)s2s1s
(S:4)----

[1048575:2]
(S:4)----
product criterion:0 chain criterion:0
[1048575:2]1s
(S:0)

[1048575:2]1s
(S:0)

r
(S:1)[1048575:2]
(S:4)----
product criterion:0 chain criterion:0
[1048575:2]1(4)s(3)s(2)s2s1s

[1048575:2]1(4)s(3)s(2)s2s1s

[65535:3]2(4)s(3)s(2)s3s4ss5(3)s(5)s(7)s(9)6-ss(11)s(14)s(17)--s7(16)s(20)s(24)---ss(27)-s(29)---8-s(28)--------s(24)-------s(21)-s(24)s(27)----9----s(22)s(26)-------------s(17)---10-s(16)-----------11-s(7)---12----
product criterion:33 chain criterion:258
{1}[65535:5]7(27)s(31)s(35)s(41)s8(48)s(47)ss(48)-s(52)s(56)s(61)-s(64)--s(70)s(75)s(83)s(89)s9(91)---s(93)-s(97)s(101)-(100)s(107)s(114)s(119)s(125)-----s(130)s(137)---------s(134)--s(135)-s(141)s(147)s(150)---s10(149)--------s(146)s(151)s(153)s(157)---s(163)s(169)s(175)-s(181)-----s(180)--s(184)--s(190)-------ss(196)--s(199)---s--s(200)s(205)-----(200)s(208)----s(211)s(214)-s(217)s11(220)-s(222)---s(225)s(230)s(237)s(243)s(250)s(260)s(266)s(271)------ss(276)----s(275)s(280)-------s(281)s(288)-s(296)--s(300)-----s(303)---(300)-------s(301)-(300)--------------------------------s(276)--12-----------s(267)----s(266)s(274)s(279)----s(281)-s(286)s(291)s(296)--s(301)s(308)--s(314)s(323)--------s(327)-s(336)-s(345)-------------s(340)s(345)-----------------------s(329)-------------------s(319)-13--------s(313)-------------(300)---s(305)---s(311)s(319)s(326)s(332)s(338)---s(345)s(350)-s(360)---------------------------------s(337)--------14--------------------------s(314)--------------(300)--------s15(301)-(300)---------------------------------------s(267)----------------------------------------------------16---------------(200)----s(202)--(200)--s(203)---(200)------------------------------------------------------------------s(140)----------17------------------------------(100)--------------------------------s(75)-s(79)--------------------s(64)--------s(65)-18----------------------s(49)-------------s(45)---19-------s(43)--------------------20-----------------------
product criterion:0 chain criterion:2777
[65535:3]2(22)s(21)s(20)s3(19)ss(20)s(21)s4(22)s(26)s(29)s(30)s(33)s(36)-s(38)-s(40)-s(41)---5------s(35)---ss(38)----s-----------s(30)------6--------------s(14)-------7-s(10)----8-s(8)----9----
product criterion:29 chain criterion:152
{1}[65535:5]7(22)s(26)s(30)s(36)s8(43)s(42)ss(43)-s(47)s(51)s(56)-s(59)--s(66)s(72)s(80)s(86)-s9(87)---s(89)-s(93)s(97)-s(103)s(111)s(117)-----s(120)s(127)--s(133)--------s(131)------s(128)---s(134)--10------------s(125)s(131)---s(138)s(145)s(152)-s(158)--s(159)s(166)----s--s(171)--s(178)-------s-s(183)-s(187)-----s(186)--s(188)-------11--s(185)----s(186)s(189)s(197)s(204)s(212)s(219)-s(225)-s(231)---s---s(233)s(242)---s(249)-s(253)--------------------------------s(231)-------s(234)-------s(233)-s(238)---s(241)-----------------------------s(215)s(219)---12---------s(210)----s(213)-------------(200)-----------------s(186)---s(187)s(197)s(203)---(200)--------s(199)s(205)s(214)-s(223)s(232)--------------------------s(214)--------------(200)---------------------------------------13-----------------------------------s(135)s(145)s(155)s(161)-----------s(160)s(165)s(171)s(180)---------------s(170)----------------------------------------------------------------------(100)----14----------s(92)-----------s(87)----------------------------15---------------s(51)s(56)---------------s(46)-----16-------s(40)------------s(35)s(44)---------s(43)----s(48)---17--------------------------------------18-------
product criterion:0 chain criterion:2017
[65535:3]2(17)s(16)s(15)s(14)s3(13)s(14)s(16)s4(17)s(21)s(24)s(26)s(29)s(33)-s(36)-s(38)----5--------s(30)----------------------6-s(11)----7-s(10)----8-s(8)----9----
product criterion:25 chain criterion:72
{1}[65535:5]7(17)s(21)s(25)s(31)s8(38)s(37)ss(38)-s(42)s(46)s(51)-s(54)--s(61)s(67)s(75)s(81)-s9(82)---s(84)-s(88)s(92)-s(98)s(106)s(112)-----s(115)s(122)--s(128)--------s(126)------s(123)---s(129)-10------------s(121)s(127)---s(134)s(141)s(148)-s(154)--s(155)s(162)----s--s(167)--s(174)-------s-s(179)-s(183)-----s(182)--s(184)------11--s(182)----s(183)s(186)s(194)s(201)s(209)s(216)-s(222)-s(228)---s---s(230)s(239)---s(246)-s(250)--------------------------------s(228)-------s(231)-------s(230)-s(235)---s(238)-----------------------------s(212)s(216)12---------s(210)----s(213)-------------(200)-----------------s(186)---s(187)s(197)s(203)---(200)-------ss(206)s(215)-s(224)s(233)--------------------------s(215)---------------(200)---------------------------------------13-----------------------------------s(135)s(145)s(155)s(161)-----------s(160)s(165)s(171)s(180)---------------s(170)----------------------------------------------------------------------(100)----14----------s(92)-----------s(87)----------------------------15---------------s(51)s(56)---------------s(46)-----16-------s(40)------------s(35)s(44)---------s(43)----s(48)---17--------------------------------------18-------
product criterion:0 chain criterion:1716
[65535:2]2(17)s(16)s(15)s(14)s3(13)s.4.s(15)s(18)s(20)s(23)-s(25)s(20)-.5.s(23)------------.--6-s(12)----7.s-----8-s(9)-----9----
product criterion:21 chain criterion:38
{1}[65535:5]7(17)s(21)s(25)s(31)s8(38)s(37)ss(38)-s(42)s(46)s(51)-s(54)--s(61)s(67)s(75)s(81)-s9(82)---s(84)-s(88)s(92)-s(98)s(106)s(112)-----s(115)s(122)--s(128)--------s(126)------s(123)---s(129)-10------------s(121)s(127)---s(134)s(141)s(148)-s(154)--s(155)s(162)----s--s(167)--s(174)-------s-s(179)-s(183)-----s(182)--s(184)------11--s(182)----s(183)s(186)s(194)s(201)s(209)s(216)-s(222)-s(228)---s---s(230)s(239)---s(246)-s(250)--------------------------------s(228)-------s(231)-------s(230)-s(235)---s(238)-----------------------------s(212)s(216)12---------s(210)----s(213)-------------(200)-----------------s(186)---s(187)s(197)s(203)---(200)-------ss(206)s(215)-s(224)s(233)--------------------------s(215)---------------(200)---------------------------------------13-----------------------------------s(135)s(145)s(155)s(161)-----------s(160)s(165)s(171)s(180)---------------s(170)----------------------------------------------------------------------(100)----14----------s(92)-----------s(87)----------------------------15---------------s(51)s(56)---------------s(46)-----16-------s(40)------------s(35)s(44)---------s(43)----s(48)---17--------------------------------------18-------
product criterion:0 chain criterion:1716
intersect by elimination method
[1048575:5]1(18)s3(17)s(16)s(15)s(14)s4(13)s(14)s(16)s5(17)s(20)s(24)s(26)----ss(30)s(33)s(36)--6--------s(30)----------------------7-s(11)----8-s(10)----9-s(8)----10----
product criterion:43 chain criterion:72
intersect by elimination method
[1048575:5]1(18)s3(17)s(16)s(15)s(14)s4(13)s(14)s(16)s5(17)s(20)s(24)s(26)----ss(30)s(33)s(36)--6--------s(30)----------------------7-s(11)----8-s(10)----9-s(8)----10----
product criterion:43 chain criterion:72
[65535:3]
product criterion:18 chain criterion:0
intersect by elimination method
[65535:6]1(24)s2(23)s(22)s(21)s(20)s(19)s(18)s3(17)s(16)s(15)s(14)s4(13)s(14)s(16)s5(17)s(20)s(24)s(26)----ss(30)s(33)s(36)--6--------s(30)----------------------7-s(11)----8-s(10)----9-s(8)----10----
product criterion:172 chain criterion:72
map is a permutation
[65535:5]1(24)s(23)s(22)s(21)s(20)s(19)s2(18)s(17)---3---4-------5-6-7-8-.10
product criterion:21 chain criterion:0
map is a permutation
[65535:5]1(24)s(23)s(22)s(21)s(20)s(19)s2(18)s(17)---3---4-------5-6-7-8-.10
product criterion:21 chain criterion:0
map is a permutation
[65535:5]1(24)s(23)s(22)s(21)s(20)s(19)s2(18)s(17)---3---4-------5-6-7-8-.10
product criterion:21 chain criterion:0
map is a permutation
[65535:5]1(24)s(23)s(22)s(21)s(20)s(19)s2(18)s(17)---3---4-------5-6-7-8-.10
product criterion:21 chain criterion:0
map is a permutation
[65535:5]1(24)s(23)s(22)s(21)s(20)s(19)s2(18)s(17)---3---4-------5-6-7-8-.10
product criterion:21 chain criterion:0
map is a permutation
[65535:5]1(24)s(23)s(22)s(21)s(20)s(19)s2(18)s(17)---3---4-------5-6-7-8-.10
product criterion:21 chain criterion:0
map is a permutation
[65535:5]1(24)s(23)s(22)s(21)s(20)s(19)s2(18)s(17)s(16)s(15)s3(14)s(13)--4-------5-6-7-8-.11
product criterion:55 chain criterion:0
map is a permutation
[65535:5]1(24)s(23)s(22)s(21)s(20)s(19)s2(18)s(17)s(16)s(15)s3(14)s(13)--4-------5-6-7-8-.11
product criterion:55 chain criterion:0
map is a permutation
[65535:5]1(24)s(23)s(22)s(21)s(20)s(19)s2(18)s(17)s(16)s(15)s3(14)s(13)--4-------5-6-7-8-.11
product criterion:55 chain criterion:0
map is a permutation
[65535:5]1(24)s(23)s(22)s(21)s(20)s(19)s2(18)s(17)s(16)s(15)s3(14)s(13)--4-------5-6-7-8-.11
product criterion:55 chain criterion:0
map is a permutation
[65535:5]1(24)s(23)s(22)s(21)s(20)s(19)s2(18)s(17)s(16)s(15)s3(14)s(15)s(17)s4(18)s(10)------5-6-7-8-.12
product criterion:83 chain criterion:8
map is a permutation
[65535:5]1(24)s(23)s(22)s(21)s(20)s(19)s2(18)s(17)s(16)s(15)s3(14)s(15)s(17)s4(18)s(10)------5-6-7-8-.12
product criterion:83 chain criterion:8
map is a permutation
[65535:5]1(24)s(23)s(22)s(21)s(20)s(19)s2(18)s(17)s(16)s(15)s3(14)s(15)s(17)s4(18)s(10)------5-6-7-8-.12
product criterion:83 chain criterion:8
map is a permutation
[65535:5]1(24)s(23)s(22)s(21)s(20)s(19)s2(18)s(17)s(16)s(15)s3(14)s(15)s(17)s4(18)s(22)s(25)s(27)s(30)s(34)-s(37)-s(39)----5--------s(3)6-7-8-.13
product criterion:140 chain criterion:56
map is a permutation
[65535:5]1(24)s(23)s(22)s(21)s(20)s(19)s2(18)s(17)s(16)s(15)s3(14)s(15)s(17)s4(18)s(22)s(25)s(27)s(30)s(34)-s(37)-s(39)----5--------s(3)6-7-8-.13
product criterion:140 chain criterion:56
map is a permutation
[65535:5]1(24)s(23)s(22)s(21)s(20)s(19)s2(18)s(17)s(16)s(15)s3(14)s(15)s(17)s4(18)s(22)s(25)s(27)s(30)s(34)-s(37)-s(39)----5--------s(3)6-7-8-.13
product criterion:140 chain criterion:56
map is a permutation
[65535:5]1(24)s(23)s(22)s(21)s(20)s(19)s2(18)s(17)s(16)s(15)s3(14)s(15)s(17)s4(18)s(22)s(25)s(27)s(30)s(34)-s(37)-s(39)----5--------s(3)6-7-8-.13
product criterion:140 chain criterion:56
map is a permutation
[65535:5]1(24)s(23)s(22)s(21)s(20)s(19)s2(18)s(17)s(16)s(15)s3(14)s(15)s(17)s4(18)s(22)s(25)s(27)s(30)s(34)-s(37)-s(39)----5--------s(3)6-7-8-.13
product criterion:140 chain criterion:56
map is a permutation
[65535:5]1(24)s(23)s(22)s(21)s(20)s(19)s2(18)s(17)s(16)s(15)s3(14)s(15)s(17)s4(18)s(22)s(25)s(27)s(30)s(34)-s(37)-s(39)----5--------s(3)6-7-8-.13
product criterion:140 chain criterion:56
map is a permutation
[65535:5]1(24)s(23)s(22)s(21)s(20)s(19)s2(18)s(17)s(16)s(15)s3(14)s(15)s(17)s4(18)s(22)s(25)s(27)s(30)s(34)-s(37)-s(39)----5--------s(3)6-7-8-.13
product criterion:140 chain criterion:56
map is a permutation
[65535:5]1(24)s(23)s(22)s(21)s(20)s(19)s2(18)s(17)s(16)s(15)s3(14)s(15)s(17)s4(18)s(22)s(25)s(27)s(30)s(34)-s(37)-s(39)----5--------s(31)----------------------6-s(2)7-8-.14
product criterion:148 chain criterion:46
map is a permutation
[65535:5]1(24)s(23)s(22)s(21)s(20)s(19)s2(18)s(17)s(16)s(15)s3(14)s(15)s(17)s4(18)s(22)s(25)s(27)s(30)s(34)-s(37)-s(39)----5--------s(31)----------------------6-s(12)----7-s8-.15
product criterion:156 chain criterion:55
map is a permutation
[65535:5]1(24)s(23)s(22)s(21)s(20)s(19)s2(18)s(17)s(16)s(15)s3(14)s(15)s(17)s4(18)s(22)s(25)s(27)s(30)s(34)-s(37)-s(39)----5--------s(31)----------------------6-s(12)----7-s(11)----8-s.16
product criterion:164 chain criterion:65
map is a permutation
[65535:5]1(24)s(23)s(22)s(21)s(20)s(19)s2(18)s(17)s(16)s(15)s3(14)s(15)s(17)s4(18)s(22)s(25)s(27)s(30)s(34)-s(37)-s(39)----5--------s(31)----------------------6-s(12)----7-s(11)----8-s(9)----9----s
product criterion:172 chain criterion:73
map is a permutation
[65535:5]1(14)s(13)s(12)s(11)s(10)s(9)s(8)s(7)s2(6)s(5)s(4)s(3)s3s(4)4-s(5)s(7)-5------
product criterion:90 chain criterion:6
[65535:5]1(13)s(12)s(11)s(10)s(9)s(8)s(7)s2(6)s(5)s(4)s(3)s3s(4)4-s(5)s(7)-5------
product criterion:76 chain criterion:6
{1}[65535:7]1(13)s(12)s(11)s(10)s(9)s(8)s(7)s2(12)------ss(19)s(27)s3(36)---------------------s(25)-------4-----s(24)-----------s5(25)-------------------------
product criterion:0 chain criterion:0
(S:14)rrrrrrrrrrrrrr
[65535:5]1(13)s(12)s(11)s(10)s(9)s(8)s(7)s2(6)s(5)s(4)s(3)s3s(4)4-s(5)s(7)-5------
product criterion:76 chain criterion:6
compute hilbert series with std in ring (ZZ/179424673),(x14,x13,x12,x11,x10,x9,x8,x7,x6,x5,x4,x3,x2,x1,@),(dp(15),C)
weights used for hilbert series: 1,1,1,1,1,1,1,1,1,1,1,1,1,1,1
[65535:4]1(13)s(12)s(11)s(10)s(9)s(8)s(7)s2(6)s(5)s(4)s(3)s3s(4)4-s(5)-s(6)5------
(S:13)-------------
product criterion:76 chain criterion:6
std with hilb in (ZZ/179424673),(x14,x13,x12,x11,x10,x9,x8,x7,x6,x5,x4,x3,x2,x1,@),(C,lp(14),dp(1))
[65535:4]1(13)s(12)s(11)s(10)s(9)s(8)s(7)s2(6)s(5)s(4)s(3)s3sh4s(5)-shhhhhhh
(S:13)-------------
product criterion:76 chain criterion:6
hilbert series criterion:8
dehomogenization
simplification
imap to ring (ZZ/179424673),(x14,x13,x12,x11,x10,x9,x8,x7,x6,x5,x4,x3,x2,x1),(C,lp(14))
//interreduction
[65535:4]4(13)s1(12)s(11)s(10)s2(9)s4(8)s2(7)s3(6)s2(5)s(4)s1(3)s(2)sss
(S:13)-------------

map is a permutation
std in (ZZ/179424673),(x10,x9,x8,x4,x3,x2,x1),(C,dp(7))
[65535:3]2(6)s(5)s(4)s(3)s3s(4)4-s(5)s(7)-5------
product criterion:6 chain criterion:6
map is a permutation
compute hilbert series with std in ring (ZZ/179424673),(x4,x3,x2,x1,x10,x9,x8,@),(dp(8),C)
weights used for hilbert series: 1,1,1,1,1,1,1,1
[65535:2]2(6)s(5)s(4)s(3)s3s(4)4--s-s5(5)-----
(S:6)------
product criterion:6 chain criterion:6
std with hilb in (ZZ/179424673),(x4,x3,x2,x1,x10,x9,x8,@),(lp(7),dp(1),C)
[65535:2]2(6)s(5)s(4)s(3)s3sh4-s(4)-shhhhhh
(S:6)------
product criterion:6 chain criterion:6
hilbert series criterion:7
dehomogenization
simplification
imap to ring (ZZ/179424673),(x4,x3,x2,x1,x10,x9,x8),(lp(7),C)
//interreduction
[65535:2]2(6)s(5)s(4)s(3)s3(2)s4ss
(S:6)------

map is a permutation
[65535:1]1(3)s(2)sss
(S:3)---

[65535:1]1(3)s(2)sss
(S:3)---

[65535:1]1(3)s(2)sss
(S:3)---

(S:1)[65535:1]1(3)s(2)sss

[65535:1]1(3)s(2)sss

[65535:3]2(3)s(2)sss3s4s(3)5-s(4)-6---
product criterion:6 chain criterion:6
{1}[65535:5]5(6)s(10)s(13)s(17)s6(20)s(24)s(28)s(33)s(36)s(39)s(42)------s(35)ss(36)-s(37)7--s(38)---s(39)-s(42)-s(45)-s(47)---------------8-------s(29)----------s(24)--------9--------------10-11-
product criterion:0 chain criterion:66
[65535:2]2(6)s(5)s(4)s(3)s3s(4)4-s(5)s(7)-5------
product criterion:6 chain criterion:6
{1}[65535:5]5(6)s(10)s(13)s(17)s6(20)s(24)s(28)s(33)s(36)s(39)s(42)------s(35)ss(36)-s(37)7--s(38)---s(39)-s(42)-s(45)-s(47)---------------8-------s(29)----------s(24)--------9--------------10-11-
product criterion:0 chain criterion:66
intersect by elimination method
[65535:4]1(7)s3(6)s(5)s(4)s(3)s4s(4)5-s(5)-s(6)6------
product criterion:13 chain criterion:6
intersect by elimination method
[65535:4]1(7)s3(6)s(5)s(4)s(3)s4s(4)5-s(5)-s(6)6------
product criterion:13 chain criterion:6
[65535:3]
product criterion:7 chain criterion:0
intersect by elimination method
[65535:6]1(14)s2(13)s(12)s(11)s(10)s(9)s(8)s(7)s3(6)s(5)s(4)s(3)s4s(4)5-s(5)-s(6)6------
product criterion:90 chain criterion:6
map is a permutation
[65535:5]1(14)s(13)s(12)s(11)s(10)s(9)s(8)s2(7)s(6)---3-4--.6
product criterion:28 chain criterion:0
map is a permutation
[65535:5]1(14)s(13)s(12)s(11)s(10)s(9)s(8)s2(7)s(6)---3-4--.6
product criterion:28 chain criterion:0
map is a permutation
[65535:5]1(14)s(13)s(12)s(11)s(10)s(9)s(8)s2(7)s(6)---3-4--.6
product criterion:28 chain criterion:0
map is a permutation
[65535:5]1(14)s(13)s(12)s(11)s(10)s(9)s(8)s2(7)s(6)---3-4--.6
product criterion:28 chain criterion:0
map is a permutation
[65535:5]1(14)s(13)s(12)s(11)s(10)s(9)s(8)s2(7)s(6)---3-4--.6
product criterion:28 chain criterion:0
map is a permutation
[65535:5]1(14)s(13)s(12)s(11)s(10)s(9)s(8)s2(7)s(6)---3-4--.6
product criterion:28 chain criterion:0
map is a permutation
[65535:5]1(14)s(13)s(12)s(11)s(10)s(9)s(8)s2(7)s(6)---3-4--.6
product criterion:28 chain criterion:0
map is a permutation
[65535:5]1(14)s(13)s(12)s(11)s(10)s(9)s(8)s2(7)s(6)s(5)s(4)s3s(2)4--.7
product criterion:65 chain criterion:1
map is a permutation
[65535:5]1(14)s(13)s(12)s(11)s(10)s(9)s(8)s2(7)s(6)s(5)s(4)s3s(2)4--.7
product criterion:65 chain criterion:1
map is a permutation
[65535:5]1(14)s(13)s(12)s(11)s(10)s(9)s(8)s2(7)s(6)s(5)s(4)s3s(2)4--.7
product criterion:65 chain criterion:1
map is a permutation
[65535:5]1(14)s(13)s(12)s(11)s(10)s(9)s(8)s2(7)s(6)s(5)s(4)s3s(2)4--.7
product criterion:65 chain criterion:1
map is a permutation
[65535:5]1(14)s(13)s(12)s(11)s(10)s(9)s(8)s2(7)s(6)s(5)s(4)s3s(5)4-s-.8
product criterion:74 chain criterion:3
map is a permutation
[65535:5]1(14)s(13)s(12)s(11)s(10)s(9)s(8)s2(7)s(6)s(5)s(4)s3s(5)4-s(6)s(8)-5-------s
product criterion:90 chain criterion:6
map is a permutation
[65535:5]1(14)s(13)s(12)s(11)s(10)s(9)s(8)s2(7)s(6)s(5)s(4)s3s(5)4-s(6)s(8)-5-------s
product criterion:90 chain criterion:6
map is a permutation
[65535:5]1(14)s(13)s(12)s(11)s(10)s(9)s(8)s(7)s2(6)s(5)s(4)s(3)s3s(4)4-s(5)s(7)-5------
product criterion:90 chain criterion:6
[65535:5]1(13)s(12)s(11)s(10)s(9)s(8)s(7)s2(6)s(5)s(4)s(3)s3s(4)4-s(5)s(7)-5------
product criterion:76 chain criterion:6
{1}[65535:7]1(13)s(12)s(11)s(10)s(9)s(8)s(7)s2(12)------ss(19)s(27)s3(36)---------------------s(25)-------4-----s(24)-----------s5(25)-------------------------
product criterion:0 chain criterion:0
(S:14)rrrrrrrrrrrrrr
[65535:5]1(13)s(12)s(11)s(10)s(9)s(8)s(7)s2(6)s(5)s(4)s(3)s3s(4)4-s(5)s(7)-5------
product criterion:76 chain criterion:6
compute hilbert series with std in ring (ZZ/179424673),(x14,x13,x12,x11,x10,x9,x8,x7,x6,x5,x4,x3,x2,x1,@),(dp(15),C)
weights used for hilbert series: 1,1,1,1,1,1,1,1,1,1,1,1,1,1,1
[65535:4]1(13)s(12)s(11)s(10)s(9)s(8)s(7)s2(6)s(5)s(4)s(3)s3s(4)4-s(5)-s(6)5------
(S:13)-------------
product criterion:76 chain criterion:6
std with hilb in (ZZ/179424673),(x14,x13,x12,x11,x10,x9,x8,x7,x6,x5,x4,x3,x2,x1,@),(C,lp(14),dp(1))
[65535:4]1(13)s(12)s(11)s(10)s(9)s(8)s(7)s2(6)s(5)s(4)s(3)s3sh4s(5)-shhhhhhh
(S:13)-------------
product criterion:76 chain criterion:6
hilbert series criterion:8
dehomogenization
simplification
imap to ring (ZZ/179424673),(x14,x13,x12,x11,x10,x9,x8,x7,x6,x5,x4,x3,x2,x1),(C,lp(14))
//interreduction
[65535:4]4(13)s1(12)s(11)s(10)s2(9)s4(8)s2(7)s3(6)s2(5)s(4)s1(3)s(2)sss
(S:13)-------------

map is a permutation
std in (ZZ/179424673),(x10,x9,x8,x4,x3,x2,x1),(C,dp(7))
[65535:3]2(6)s(5)s(4)s(3)s3s(4)4-s(5)s(7)-5------
product criterion:6 chain criterion:6
map is a permutation
compute hilbert series with std in ring (ZZ/179424673),(x4,x3,x2,x1,x10,x9,x8,@),(dp(8),C)
weights used for hilbert series: 1,1,1,1,1,1,1,1
[65535:2]2(6)s(5)s(4)s(3)s3s(4)4--s-s5(5)-----
(S:6)------
product criterion:6 chain criterion:6
std with hilb in (ZZ/179424673),(x4,x3,x2,x1,x10,x9,x8,@),(lp(7),dp(1),C)
[65535:2]2(6)s(5)s(4)s(3)s3sh4-s(4)-shhhhhh
(S:6)------
product criterion:6 chain criterion:6
hilbert series criterion:7
dehomogenization
simplification
imap to ring (ZZ/179424673),(x4,x3,x2,x1,x10,x9,x8),(lp(7),C)
//interreduction
[65535:2]2(6)s(5)s(4)s(3)s3(2)s4ss
(S:6)------

map is a permutation
[65535:1]1(3)s(2)sss
(S:3)---

[65535:1]1(3)s(2)sss
(S:3)---

[65535:1]1(3)s(2)sss
(S:3)---

(S:1)[65535:1]1(3)s(2)sss

[65535:1]1(3)s(2)sss

[65535:3]2(3)s(2)sss3s4s(3)5-s(4)-6---
product criterion:6 chain criterion:6
{1}[65535:5]5(6)s(10)s(13)s(17)s6(20)s(24)s(28)s(33)s(36)s(39)s(42)------s(35)ss(36)-s(37)7--s(38)---s(39)-s(42)-s(45)-s(47)---------------8-------s(29)----------s(24)--------9--------------10-11-
product criterion:0 chain criterion:66
[65535:2]2(6)s(5)s(4)s(3)s3s(4)4-s(5)s(7)-5------
product criterion:6 chain criterion:6
{1}[65535:5]5(6)s(10)s(13)s(17)s6(20)s(24)s(28)s(33)s(36)s(39)s(42)------s(35)ss(36)-s(37)7--s(38)---s(39)-s(42)-s(45)-s(47)---------------8-------s(29)----------s(24)--------9--------------10-11-
product criterion:0 chain criterion:66
intersect by elimination method
[65535:4]1(7)s3(6)s(5)s(4)s(3)s4s(4)5-s(5)-s(6)6------
product criterion:13 chain criterion:6
intersect by elimination method
[65535:4]1(7)s3(6)s(5)s(4)s(3)s4s(4)5-s(5)-s(6)6------
product criterion:13 chain criterion:6
[65535:3]
product criterion:7 chain criterion:0
intersect by elimination method
[65535:6]1(14)s2(13)s(12)s(11)s(10)s(9)s(8)s(7)s3(6)s(5)s(4)s(3)s4s(4)5-s(5)-s(6)6------
product criterion:90 chain criterion:6
map is a permutation
[65535:5]1(14)s(13)s(12)s(11)s(10)s(9)s(8)s2(7)s(6)---3-4--.6
product criterion:28 chain criterion:0
map is a permutation
[65535:5]1(14)s(13)s(12)s(11)s(10)s(9)s(8)s2(7)s(6)---3-4--.6
product criterion:28 chain criterion:0
map is a permutation
[65535:5]1(14)s(13)s(12)s(11)s(10)s(9)s(8)s2(7)s(6)---3-4--.6
product criterion:28 chain criterion:0
map is a permutation
[65535:5]1(14)s(13)s(12)s(11)s(10)s(9)s(8)s2(7)s(6)---3-4--.6
product criterion:28 chain criterion:0
map is a permutation
[65535:5]1(14)s(13)s(12)s(11)s(10)s(9)s(8)s2(7)s(6)---3-4--.6
product criterion:28 chain criterion:0
map is a permutation
[65535:5]1(14)s(13)s(12)s(11)s(10)s(9)s(8)s2(7)s(6)---3-4--.6
product criterion:28 chain criterion:0
map is a permutation
[65535:5]1(14)s(13)s(12)s(11)s(10)s(9)s(8)s2(7)s(6)---3-4--.6
product criterion:28 chain criterion:0
map is a permutation
[65535:5]1(14)s(13)s(12)s(11)s(10)s(9)s(8)s2(7)s(6)s(5)s(4)s3s(2)4--.7
product criterion:65 chain criterion:1
map is a permutation
[65535:5]1(14)s(13)s(12)s(11)s(10)s(9)s(8)s2(7)s(6)s(5)s(4)s3s(2)4--.7
product criterion:65 chain criterion:1
map is a permutation
[65535:5]1(14)s(13)s(12)s(11)s(10)s(9)s(8)s2(7)s(6)s(5)s(4)s3s(2)4--.7
product criterion:65 chain criterion:1
map is a permutation
[65535:5]1(14)s(13)s(12)s(11)s(10)s(9)s(8)s2(7)s(6)s(5)s(4)s3s(2)4--.7
product criterion:65 chain criterion:1
map is a permutation
[65535:5]1(14)s(13)s(12)s(11)s(10)s(9)s(8)s2(7)s(6)s(5)s(4)s3s(5)4-s-.8
product criterion:74 chain criterion:3
map is a permutation
[65535:5]1(14)s(13)s(12)s(11)s(10)s(9)s(8)s2(7)s(6)s(5)s(4)s3s(5)4-s(6)s(8)-5-------s
product criterion:90 chain criterion:6
map is a permutation
[65535:5]1(14)s(13)s(12)s(11)s(10)s(9)s(8)s2(7)s(6)s(5)s(4)s3s(5)4-s(6)s(8)-5-------s
product criterion:90 chain criterion:6
(S:18)rrrrrrrrrrrrrrrrrr
(S:18)rrrrrrrrrrrrrrrrrr
(S:14)rrrrrrrrrrrrrr
(S:18)rrrrrrrrrrrrrrrrrr
(S:18)rrrrrrrrrrrrrrrrrr
(S:14)rrrrrrrrrrrrrr
(S:14)rrrrrrrrrrrrrr
(S:14)rrrrrrrrrrrrrr
(S:14)rrrrrrrrrrrrrr
(S:14)rrrrrrrrrrrrrr
// ** _ is no standard basis
// ** _ is no standard basis
// ** _ is no standard basis
Auf Wiedersehen.

StringJoin::string: String expected at position 2 in {<>1<>x4^2*x3^2*x2^2*x1^2-63964908*x4^2*x3^2*x2^2*x1-22428084*x4^2*x3^2*x2^2-17434061*x4^2*x3^2*x2*x1^2-6638688*x4^2*x3^2*x2*x1+9958032*x4^2*x3^2*x1^2-25478320*x4^2*x3*x2^2*x1^2+40699484*x4^2*x3*x2^2*x1-6638688*x4^2*x3*x2*x1^2-29904112*x4^2*x2^2*x1^2-72547384*x4*x3^2*x2^2*x1^2+10795372*x4*x3^2*x2^2*x1-6638688*x4*x3^2*x2*x1^2+25747428*x4*x3*x2^2*x1^2-14952056*x3^2*x2^2*x1^2,x5*x3^2*x2^2*x1^2+64772230*x5*x3^2*x2^2*x1+89712335*x5*x3^2*x2*x1^2+24940108*x5*x3*x2^2*x1^2-3*x4*x3^2*x2^2*x1^2+12470051*x4*x3^2*x2^2*x1+67284252*x4*x3^2*x2^2+52302183*x4*x3^2*x2*x1^2+19916064*x4*x3^2*x2*x1-29874096*x4*x3^2*x1^2+76434960*x4*x3*x2^2*x1^2+57326221*x4*x3*x2^2*x1+19916064*x4*x3*x2*x1^2+89712336*x4*x2^2*x1^2+26151088*x3^2*x2^2*x1-6235027*x3^2*x2*x1^2-64772229*x3*x2^2*x1^2,x5*x4*x2^2*x1^2-32386115*x5*x4*x2^2*x1-44856169*x5*x4*x2*x1^2-64772231*x5*x3*x2^2*x1^2+69796274*x5*x3*x2^2*x1+7446010*x5*x3*x2*x1^2+14892020*x4*x3*x2^2*x1^2-23729122*x4*x3*x2^2*x1-87850834*x4*x3*x2^2+13861145*x4*x3*x2*x1^2+58627259*x4*x3*x2*x1+1771448*x4*x3*x1^2+52302179*x4*x2^2*x1^2-67284252*x4*x2^2*x1+21217100*x4*x2*x1^2+54208708*x3*x2^2*x1+19310571*x3*x2*x1^2,x5*x4*x3*x1^2+49880213*x5*x4*x3*x1+26554747*x5*x4*x2*x1^2-24940107*x5*x4*x2*x1-76434961*x5*x3*x2*x1^2-24940106*x5*x3*x2*x1+49880210*x4*x3*x2*x1^2-39832126*x4*x3*x2*x1-38621142*x4*x3*x2-74820315*x4*x3*x1^2+18705081*x4*x3*x1-3*x4*x2*x1^2-12470054*x4*x2*x1+32386115*x3*x2*x1,x5*x4*x3*x2+76434962*x5*x4*x3*x1-33253476*x5*x4*x2*x1-43181487*x5*x3*x2*x1-49880212*x4*x3*x2*x1-24940105*x4*x3*x2+74820318*x4*x3*x1-49880213*x4*x2*x1,x5^2-38217479*x5+44856169,x8*x1-1,x8*x4*x3*x2+20096183*x5*x4*x3*x2-20096183*x5*x4*x3+73205681*x5*x4*x2-53109498*x5*x3*x2+46650934*x4*x3*x2+29784028*x4*x3-79664243*x4*x2+49880214*x3*x2,x9*x2-1,x9*x4*x3+30455336*x9*x4*x2-80007703*x8*x5*x4*x3+85401031*x8*x4*x3-63552694*x5*x4*x3+45620556*x5*x4+34387147*x5*x3-67411651*x4*x3-10255858*x4+73824163*x3,x10*x3-1,x10*x4-29784028*x9*x5*x4-29784031*x9*x4+79664244*x8*x5*x4+79664245*x8*x4-20096187*x5*x4-49880216*x5+56338778*x4-49880215,x6+12*x5^3+39*x5^2-89712300*x5-44856157,x7-4*x6*x5-2*x6-2*x5,x11-4*x10*x7*x5-59808229*x10*x7-59808227*x10*x5-2*x10-89712332*x9*x7*x5+29904117*x9*x7+59808229*x9*x6*x5+29904117*x9*x6-59808219*x9*x5+3*x9-4*x8*x6*x5-59808229*x8*x6-2*x8*x5-2*x8+19936073*x7*x5+39872150*x7+39872146*x6*x5-79744300*x6+19936081*x5^2+16*x5+16,x12+59808224*x11+59808225*x10*x7+39872150*x10*x6+59808225*x10-x9*x7+59808223*x9*x6-x9-59808224*x8*x7+79744300*x8*x6+59808225*x8,x13-59808224*x12^2*x7-59808224*x12^2*x6+x12*x7+2*x12*x6+59808223*x12*x5-59808224*x12+59808225*x7+59808227*x6+59808223*x5+2,x14+59808224*x13*x6+89712336*x13*x5+89712336*x13+59808224*x12*x6+89712336*x12*x5+89712336*x12+59808223*x6-2*x5-29904114,x4*x3*x2*x1-75306107*x4*x3*x2+20436254*x4*x3*x1+1018193*x4*x2*x1+53851660*x3*x2*x1,x8*x1-1,x8*x4*x3*x2+65369617*x8*x4*x3*x1+37620094*x4*x3*x2+40054737*x4*x2+74000318*x3*x2,x9*x2-x8*x1,x9*x4*x3-83424969*x8*x4*x3-63285876*x4*x3+85146441*x4-1721473*x3,x10*x3-x9*x2,x10*x4-6926929*x10*x3-32828295*x9*x4+39755223*x8*x4-32663903*x4,x5-17869693,x6+12*x5^3+39*x5^2-89712300*x5-44856157,x7-4*x6*x5-2*x6-2*x5,x11-4*x10*x7*x5-59808229*x10*x7-59808227*x10*x5-2*x10-89712332*x9*x7*x5+29904117*x9*x7+59808229*x9*x6*x5+29904117*x9*x6-59808219*x9*x5+3*x9-4*x8*x6*x5-59808229*x8*x6-2*x8*x5-2*x8+19936073*x7*x5+39872150*x7+39872146*x6*x5-79744300*x6+19936081*x5^2+16*x5+16,x12+59808224*x11+59808225*x10*x7+39872150*x10*x6+59808225*x10-x9*x7+59808223*x9*x6-x9-59808224*x8*x7+79744300*x8*x6+59808225*x8,x13-59808224*x12^2*x7-59808224*x12^2*x6+x12*x7+2*x12*x6+59808223*x12*x5-59808224*x12+59808225*x7+59808227*x6+59808223*x5+2,x14+59808224*x13*x6+89712336*x13*x5+89712336*x13+59808224*x12*x6+89712336*x12*x5+89712336*x12+59808223*x6-2*x5-29904114,x4*x3*x2*x1+49558680*x4*x3*x2+26901915*x4*x3*x1-35348096*x4*x2*x1-41112499*x3*x2*x1,x8*x1-1,x8*x4*x3*x2-12260125*x8*x4*x3*x1-64174837*x4*x3*x2+53006964*x4*x2-40746840*x3*x2,x9*x2-x8*x1,x9*x4*x3+23616744*x8*x4*x3+54434291*x4*x3+34470007*x4-58086752*x3,x10*x3-x9*x2,x10*x4+31867037*x10*x3+72660414*x9*x4+74897221*x8*x4+6109158*x4,x5+56087176,x6+12*x5^3+39*x5^2-89712300*x5-44856157,x7-4*x6*x5-2*x6-2*x5,x11-4*x10*x7*x5-59808229*x10*x7-59808227*x10*x5-2*x10-89712332*x9*x7*x5+29904117*x9*x7+59808229*x9*x6*x5+29904117*x9*x6-59808219*x9*x5+3*x9-4*x8*x6*x5-59808229*x8*x6-2*x8*x5-2*x8+19936073*x7*x5+39872150*x7+39872146*x6*x5-79744300*x6+19936081*x5^2+16*x5+16,x12+59808224*x11+59808225*x10*x7+39872150*x10*x6+59808225*x10-x9*x7+59808223*x9*x6-x9-59808224*x8*x7+79744300*x8*x6+59808225*x8,x13-59808224*x12^2*x7-59808224*x12^2*x6+x12*x7+2*x12*x6+59808223*x12*x5-59808224*x12+59808225*x7+59808227*x6+59808223*x5+2,x14+59808224*x13*x6+89712336*x13*x5+89712336*x13+59808224*x12*x6+89712336*x12*x5+89712336*x12+59808223*x6-2*x5-29904114}.

StringReplace::strse: String or list of strings expected at position 1 in StringReplace[{<>1<>x4^2*x3^2*x2^2*x1^2-63964908*x4^2*x3^2*x2^2*x1-22428084*x4^2*x3^2*x2^2-17434061*x4^2*x3^2*x2*x1^2-6638688*x4^2*x3^2*x2*x1+9958032*x4^2*x3^2*x1^2-25478320*x4^2*x3*x2^2*x1^2+40699484*x4^2*x3*x2^2*x1-6638688*x4^2*x3*x2*x1^2-29904112*x4^2*x2^2*x1^2-72547384*x4*x3^2*x2^2*x1^2+10795372*x4*x3^2*x2^2*x1-6638688*x4*x3^2*x2*x1^2+25747428*x4*x3*x2^2*x1^2-14952056*x3^2*x2^2*x1^2,x5*x3^2*x2^2*x1^2+64772230*x5*x3^2*x2^2*x1+89712335*x5*x3^2*x2*x1^2+24940108*x5*x3*x2^2*x1^2-3*x4*x3^2*x2^2*x1^2+12470051*x4*x3^2*x2^2*x1+67284252*x4*x3^2*x2^2+52302183*x4*x3^2*x2*x1^2+19916064*x4*x3^2*x2*x1-29874096*x4*x3^2*x1^2+76434960*x4*x3*x2^2*x1^2+57326221*x4*x3*x2^2*x1+19916064*x4*x3*x2*x1^2+89712336*x4*x2^2*x1^2+26151088*x3^2*x2^2*x1-6235027*x3^2*x2*x1^2-64772229*x3*x2^2*x1^2,x5*x4*x2^2*x1^2-32386115*x5*x4*x2^2*x1-44856169*x5*x4*x2*x1^2-64772231*x5*x3*x2^2*x1^2+69796274*x5*x3*x2^2*x1+7446010*x5*x3*x2*x1^2+14892020*x4*x3*x2^2*x1^2-23729122*x4*x3*x2^2*x1-87850834*x4*x3*x2^2+13861145*x4*x3*x2*x1^2+58627259*x4*x3*x2*x1+1771448*x4*x3*x1^2+52302179*x4*x2^2*x1^2-67284252*x4*x2^2*x1+21217100*x4*x2*x1^2+54208708*x3*x2^2*x1+19310571*x3*x2*x1^2,x5*x4*x3*x1^2+49880213*x5*x4*x3*x1+26554747*x5*x4*x2*x1^2-24940107*x5*x4*x2*x1-76434961*x5*x3*x2*x1^2-24940106*x5*x3*x2*x1+49880210*x4*x3*x2*x1^2-39832126*x4*x3*x2*x1-38621142*x4*x3*x2-74820315*x4*x3*x1^2+18705081*x4*x3*x1-3*x4*x2*x1^2-12470054*x4*x2*x1+32386115*x3*x2*x1,x5*x4*x3*x2+76434962*x5*x4*x3*x1-33253476*x5*x4*x2*x1-43181487*x5*x3*x2*x1-49880212*x4*x3*x2*x1-24940105*x4*x3*x2+74820318*x4*x3*x1-49880213*x4*x2*x1,x5^2-38217479*x5+44856169,x8*x1-1,x8*x4*x3*x2+20096183*x5*x4*x3*x2-20096183*x5*x4*x3+73205681*x5*x4*x2-53109498*x5*x3*x2+46650934*x4*x3*x2+29784028*x4*x3-79664243*x4*x2+49880214*x3*x2,x9*x2-1,x9*x4*x3+30455336*x9*x4*x2-80007703*x8*x5*x4*x3+85401031*x8*x4*x3-63552694*x5*x4*x3+45620556*x5*x4+34387147*x5*x3-67411651*x4*x3-10255858*x4+73824163*x3,x10*x3-1,x10*x4-29784028*x9*x5*x4-29784031*x9*x4+79664244*x8*x5*x4+79664245*x8*x4-20096187*x5*x4-49880216*x5+56338778*x4-49880215,x6+12*x5^3+39*x5^2-89712300*x5-44856157,x7-4*x6*x5-2*x6-2*x5,x11-4*x10*x7*x5-59808229*x10*x7-59808227*x10*x5-2*x10-89712332*x9*x7*x5+29904117*x9*x7+59808229*x9*x6*x5+29904117*x9*x6-59808219*x9*x5+3*x9-4*x8*x6*x5-59808229*x8*x6-2*x8*x5-2*x8+19936073*x7*x5+39872150*x7+39872146*x6*x5-79744300*x6+19936081*x5^2+16*x5+16,x12+59808224*x11+59808225*x10*x7+39872150*x10*x6+59808225*x10-x9*x7+59808223*x9*x6-x9-59808224*x8*x7+79744300*x8*x6+59808225*x8,x13-59808224*x12^2*x7-59808224*x12^2*x6+x12*x7+2*x12*x6+59808223*x12*x5-59808224*x12+59808225*x7+59808227*x6+59808223*x5+2,x14+59808224*x13*x6+89712336*x13*x5+89712336*x13+59808224*x12*x6+89712336*x12*x5+89712336*x12+59808223*x6-2*x5-29904114,x4*x3*x2*x1-75306107*x4*x3*x2+20436254*x4*x3*x1+1018193*x4*x2*x1+53851660*x3*x2*x1,x8*x1-1,x8*x4*x3*x2+65369617*x8*x4*x3*x1+37620094*x4*x3*x2+40054737*x4*x2+74000318*x3*x2,x9*x2-x8*x1,x9*x4*x3-83424969*x8*x4*x3-63285876*x4*x3+85146441*x4-1721473*x3,x10*x3-x9*x2,x10*x4-6926929*x10*x3-32828295*x9*x4+39755223*x8*x4-32663903*x4,x5-17869693,x6+12*x5^3+39*x5^2-89712300*x5-44856157,x7-4*x6*x5-2*x6-2*x5,x11-4*x10*x7*x5-59808229*x10*x7-59808227*x10*x5-2*x10-89712332*x9*x7*x5+29904117*x9*x7+59808229*x9*x6*x5+29904117*x9*x6-59808219*x9*x5+3*x9-4*x8*x6*x5-59808229*x8*x6-2*x8*x5-2*x8+19936073*x7*x5+39872150*x7+39872146*x6*x5-79744300*x6+19936081*x5^2+16*x5+16,x12+59808224*x11+59808225*x10*x7+39872150*x10*x6+59808225*x10-x9*x7+59808223*x9*x6-x9-59808224*x8*x7+79744300*x8*x6+59808225*x8,x13-59808224*x12^2*x7-59808224*x12^2*x6+x12*x7+2*x12*x6+59808223*x12*x5-59808224*x12+59808225*x7+59808227*x6+59808223*x5+2,x14+59808224*x13*x6+89712336*x13*x5+89712336*x13+59808224*x12*x6+89712336*x12*x5+89712336*x12+59808223*x6-2*x5-29904114,x4*x3*x2*x1+49558680*x4*x3*x2+26901915*x4*x3*x1-35348096*x4*x2*x1-41112499*x3*x2*x1,x8*x1-1,x8*x4*x3*x2-12260125*x8*x4*x3*x1-64174837*x4*x3*x2+53006964*x4*x2-40746840*x3*x2,x9*x2-x8*x1,x9*x4*x3+23616744*x8*x4*x3+54434291*x4*x3+34470007*x4-58086752*x3,x10*x3-x9*x2,x10*x4+31867037*x10*x3+72660414*x9*x4+74897221*x8*x4+6109158*x4,x5+56087176,x6+12*x5^3+39*x5^2-89712300*x5-44856157,x7-4*x6*x5-2*x6-2*x5,x11-4*x10*x7*x5-59808229*x10*x7-59808227*x10*x5-2*x10-89712332*x9*x7*x5+29904117*x9*x7+59808229*x9*x6*x5+29904117*x9*x6-59808219*x9*x5+3*x9-4*x8*x6*x5-59808229*x8*x6-2*x8*x5-2*x8+19936073*x7*x5+39872150*x7+39872146*x6*x5-79744300*x6+19936081*x5^2+16*x5+16,x12+59808224*x11+59808225*x10*x7+39872150*x10*x6+59808225*x10-x9*x7+59808223*x9*x6-x9-59808224*x8*x7+79744300*x8*x6+59808225*x8,x13-59808224*x12^2*x7-59808224*x12^2*x6+x12*x7+2*x12*x6+59808223*x12*x5-59808224*x12+59808225*x7+59808227*x6+59808223*x5+2,x14+59808224*x13*x6+89712336*x13*x5+89712336*x13+59808224*x12*x6+89712336*x12*x5+89712336*x12+59808223*x6-2*x5-29904114}, {gen(1) -> "e1", x14 -> "B"[1], x13 -> "B"[2], x12 -> "B"[3], x11 -> "B"[4], x10 -> "B"[5], x9 -> "B"[6], x8 -> "B"[7], x7 -> "A"[1], x6 -> "A"[2], x5 -> "A"[3], x4 -> "A"[4], x3 -> "A"[5], x2 -> "A"[6], x1 -> "A"[7]}].

ToExpression::notstrbox: StringReplace[{<>1<>x4^2*x3^2*x2^2*x1^2-63964908*x4^2*x3^2*x2^2*x1-22428084*x4^2*x3^2*x2^2-17434061*x4^2*x3^2*x2*x1^2-6638688*x4^2*x3^2*x2*x1+9958032*x4^2*x3^2*x1^2-25478320*x4^2*x3*x2^2*x1^2+40699484*x4^2*x3*x2^2*x1-6638688*x4^2*x3*x2*x1^2-29904112*x4^2*x2^2*x1^2-72547384*x4*x3^2*x2^2*x1^2+10795372*x4*x3^2*x2^2*x1-6638688*x4*x3^2*x2*x1^2+25747428*x4*x3*x2^2*x1^2-14952056*x3^2*x2^2*x1^2,x5*x3^2*x2^2*x1^2+64772230*x5*x3^2*x2^2*x1+89712335*x5*x3^2*x2*x1^2+24940108*x5*x3*x2^2*x1^2-3*x4*x3^2*x2^2*x1^2+12470051*x4*x3^2*x2^2*x1+67284252*x4*x3^2*x2^2+52302183*x4*x3^2*x2*x1^2+19916064*x4*x3^2*x2*x1-29874096*x4*x3^2*x1^2+76434960*x4*x3*x2^2*x1^2+57326221*x4*x3*x2^2*x1+19916064*x4*x3*x2*x1^2+89712336*x4*x2^2*x1^2+26151088*x3^2*x2^2*x1-6235027*x3^2*x2*x1^2-64772229*x3*x2^2*x1^2,x5*x4*x2^2*x1^2-32386115*x5*x4*x2^2*x1-44856169*x5*x4*x2*x1^2-64772231*x5*x3*x2^2*x1^2+69796274*x5*x3*x2^2*x1+7446010*x5*x3*x2*x1^2+14892020*x4*x3*x2^2*x1^2-23729122*x4*x3*x2^2*x1-87850834*x4*x3*x2^2+13861145*x4*x3*x2*x1^2+58627259*x4*x3*x2*x1+1771448*x4*x3*x1^2+52302179*x4*x2^2*x1^2-67284252*x4*x2^2*x1+21217100*x4*x2*x1^2+54208708*x3*x2^2*x1+19310571*x3*x2*x1^2,x5*x4*x3*x1^2+49880213*x5*x4*x3*x1+26554747*x5*x4*x2*x1^2-24940107*x5*x4*x2*x1-76434961*x5*x3*x2*x1^2-24940106*x5*x3*x2*x1+49880210*x4*x3*x2*x1^2-39832126*x4*x3*x2*x1-38621142*x4*x3*x2-74820315*x4*x3*x1^2+18705081*x4*x3*x1-3*x4*x2*x1^2-12470054*x4*x2*x1+32386115*x3*x2*x1,x5*x4*x3*x2+76434962*x5*x4*x3*x1-33253476*x5*x4*x2*x1-43181487*x5*x3*x2*x1-49880212*x4*x3*x2*x1-24940105*x4*x3*x2+74820318*x4*x3*x1-49880213*x4*x2*x1,x5^2-38217479*x5+44856169,x8*x1-1,x8*x4*x3*x2+20096183*x5*x4*x3*x2-20096183*x5*x4*x3+73205681*x5*x4*x2-53109498*x5*x3*x2+46650934*x4*x3*x2+29784028*x4*x3-79664243*x4*x2+49880214*x3*x2,x9*x2-1,x9*x4*x3+30455336*x9*x4*x2-80007703*x8*x5*x4*x3+85401031*x8*x4*x3-63552694*x5*x4*x3+45620556*x5*x4+34387147*x5*x3-67411651*x4*x3-10255858*x4+73824163*x3,x10*x3-1,x10*x4-29784028*x9*x5*x4-29784031*x9*x4+79664244*x8*x5*x4+79664245*x8*x4-20096187*x5*x4-49880216*x5+56338778*x4-49880215,x6+12*x5^3+39*x5^2-89712300*x5-44856157,x7-4*x6*x5-2*x6-2*x5,x11-4*x10*x7*x5-59808229*x10*x7-59808227*x10*x5-2*x10-89712332*x9*x7*x5+29904117*x9*x7+59808229*x9*x6*x5+29904117*x9*x6-59808219*x9*x5+3*x9-4*x8*x6*x5-59808229*x8*x6-2*x8*x5-2*x8+19936073*x7*x5+39872150*x7+39872146*x6*x5-79744300*x6+19936081*x5^2+16*x5+16,x12+59808224*x11+59808225*x10*x7+39872150*x10*x6+59808225*x10-x9*x7+59808223*x9*x6-x9-59808224*x8*x7+79744300*x8*x6+59808225*x8,x13-59808224*x12^2*x7-59808224*x12^2*x6+x12*x7+2*x12*x6+59808223*x12*x5-59808224*x12+59808225*x7+59808227*x6+59808223*x5+2,x14+59808224*x13*x6+89712336*x13*x5+89712336*x13+59808224*x12*x6+89712336*x12*x5+89712336*x12+59808223*x6-2*x5-29904114,x4*x3*x2*x1-75306107*x4*x3*x2+20436254*x4*x3*x1+1018193*x4*x2*x1+53851660*x3*x2*x1,x8*x1-1,x8*x4*x3*x2+65369617*x8*x4*x3*x1+37620094*x4*x3*x2+40054737*x4*x2+74000318*x3*x2,x9*x2-x8*x1,x9*x4*x3-83424969*x8*x4*x3-63285876*x4*x3+85146441*x4-1721473*x3,x10*x3-x9*x2,x10*x4-6926929*x10*x3-32828295*x9*x4+39755223*x8*x4-32663903*x4,x5-17869693,x6+12*x5^3+39*x5^2-89712300*x5-44856157,x7-4*x6*x5-2*x6-2*x5,x11-4*x10*x7*x5-59808229*x10*x7-59808227*x10*x5-2*x10-89712332*x9*x7*x5+29904117*x9*x7+59808229*x9*x6*x5+29904117*x9*x6-59808219*x9*x5+3*x9-4*x8*x6*x5-59808229*x8*x6-2*x8*x5-2*x8+19936073*x7*x5+39872150*x7+39872146*x6*x5-79744300*x6+19936081*x5^2+16*x5+16,x12+59808224*x11+59808225*x10*x7+39872150*x10*x6+59808225*x10-x9*x7+59808223*x9*x6-x9-59808224*x8*x7+79744300*x8*x6+59808225*x8,x13-59808224*x12^2*x7-59808224*x12^2*x6+x12*x7+2*x12*x6+59808223*x12*x5-59808224*x12+59808225*x7+59808227*x6+59808223*x5+2,x14+59808224*x13*x6+89712336*x13*x5+89712336*x13+59808224*x12*x6+89712336*x12*x5+89712336*x12+59808223*x6-2*x5-29904114,x4*x3*x2*x1+49558680*x4*x3*x2+26901915*x4*x3*x1-35348096*x4*x2*x1-41112499*x3*x2*x1,x8*x1-1,x8*x4*x3*x2-12260125*x8*x4*x3*x1-64174837*x4*x3*x2+53006964*x4*x2-40746840*x3*x2,x9*x2-x8*x1,x9*x4*x3+23616744*x8*x4*x3+54434291*x4*x3+34470007*x4-58086752*x3,x10*x3-x9*x2,x10*x4+31867037*x10*x3+72660414*x9*x4+74897221*x8*x4+6109158*x4,x5+56087176,x6+12*x5^3+39*x5^2-89712300*x5-44856157,x7-4*x6*x5-2*x6-2*x5,x11-4*x10*x7*x5-59808229*x10*x7-59808227*x10*x5-2*x10-89712332*x9*x7*x5+29904117*x9*x7+59808229*x9*x6*x5+29904117*x9*x6-59808219*x9*x5+3*x9-4*x8*x6*x5-59808229*x8*x6-2*x8*x5-2*x8+19936073*x7*x5+39872150*x7+39872146*x6*x5-79744300*x6+19936081*x5^2+16*x5+16,x12+59808224*x11+59808225*x10*x7+39872150*x10*x6+59808225*x10-x9*x7+59808223*x9*x6-x9-59808224*x8*x7+79744300*x8*x6+59808225*x8,x13-59808224*x12^2*x7-59808224*x12^2*x6+x12*x7+2*x12*x6+59808223*x12*x5-59808224*x12+59808225*x7+59808227*x6+59808223*x5+2,x14+59808224*x13*x6+89712336*x13*x5+89712336*x13+59808224*x12*x6+89712336*x12*x5+89712336*x12+59808223*x6-2*x5-29904114}, {gen(1) -> "e1", x14 -> "B"[1], x13 -> "B"[2], x12 -> "B"[3], x11 -> "B"[4], x10 -> "B"[5], x9 -> "B"[6], x8 -> "B"[7], x7 -> "A"[1], x6 -> "A"[2], x5 -> "A"[3], x4 -> "A"[4], x3 -> "A"[5], x2 -> "A"[6], x1 -> "A"[7]}] is not a string or a box. ToExpression can only interpret strings or boxes as Wolfram Language input.

Part::partd: Part specification $Failed[[{1, 2, 3, 4, 5, 6, 7, 8, 9, 10, 11, 12, 13, 14, 15, 16, 17, 18}]] is longer than depth of object.

Part::partd: Part specification $Failed[[{19, 20, 21, 22, 23, 24, 25, 26, 27, 28, 29, 30, 31, 32}]] is longer than depth of object.

Part::partd: Part specification $Failed[[{33, 34, 35, 36, 37, 38, 39, 40, 41, 42, 43, 44, 45, 46}]] is longer than depth of object.

General::stop: Further output of Part::partd will be suppressed during this calculation.
  >> 0 regions (all trivial): expReg=74.229s
  [sector total: 74.234s]
#Non-triv Sectors = 0

