
      +++  sector:  {1, 1, 0, 0, 0, 0, 0}  (1/1)  +++ 
                     SINGULAR                                 /  Development
 A Computer Algebra System for Polynomial Computations       /   version 4.3.2
                                                           0<
 by: W. Decker, G.-M. Greuel, G. Pfister, H. Schoenemann     \   Feb 2023
FB Mathematik der Universitaet, D-67653 Kaiserslautern        \  Debian 1:4.3.2-p10+ds-1.1build1
compute hilbert series with std in ring (ZZ/179424673),(x14,x13,x12,x11,x10,x9,x8,x7,x6,x5,x4,x3,x2,x1,@),(dp(15),C)
weights used for hilbert series: 1,1,1,1,1,1,1,1,1,1,1,1,1,1,1
[65535:4]2(10)s(9)s(8)s(7)s(6)s(5)s(4)s(3)s(4)s(5)s(7)s3(10)s(13)s(14)s(19)s(24)s(30)s(33)s(38)s(42)s(44)s(48)s4(53)s(59)s(64)s(70)s(76)s(83)----------------------s(69)s(75)--s(81)--------s(78)s(85)-------5----------------------------s(59)s(67)------s(69)----------------------s(56)---------s(55)--6-s(60)-----------------s(51)-s(60)-------------s(55)---s(59)------------7---------------------------s(30)-------------------8--s(18)--------9----------
product criterion:333 chain criterion:354
std with hilb in (ZZ/179424673),(x14,x13,x12,x11,x10,x9,x8,x7,x6,x5,x4,x3,x2,x1,@),(lp(14),dp(1),C)
[65535:4]2(43)s(42)s(41)s(40)ss(39)s(38)s(39)s(38)s(39)s(42)s3(43)s(46)s(51)s(56)s(62)s(66)s(67)s(71)s(73)s(77)s(82)shhhhhhhhhhh4(76)s(81)s(87)s(92)s(101)s(107)s(112)-s(118)-s(125)-s(130)--------shhhhhhhhhhhhhhhhhhhhhhhhhhhhhhhhhhhhhhh5(90)------s(93)----s(97)----s(103)---(100)---s(106)------(100)------shhhhhhhhhhhhhhhhhhhhhhhhhhhhhhhhhhhhhhhh6(62)--s(68)-s(75)--s(83)-------------------s(73)-shhhhhhhhhhhhhhhhhhhhhhhhhhhhhh7(51)----shhhhhhhhhhhhhhhhhhhhhhhhhhhhhhhhhhhhhhhhhhhhhh8(11)-shhhhhhhhhhhhhhhhhhhh
product criterion:333 chain criterion:353
hilbert series criterion:186
dehomogenization
simplification
imap to ring (ZZ/179424673),(x14,x13,x12,x11,x10,x9,x8,x7,x6,x5,x4,x3,x2,x1),(lp(14),C)
Auf Wiedersehen.
                     SINGULAR                                 /  Development
 A Computer Algebra System for Polynomial Computations       /   version 4.3.2
                                                           0<
 by: W. Decker, G.-M. Greuel, G. Pfister, H. Schoenemann     \   Feb 2023
FB Mathematik der Universitaet, D-67653 Kaiserslautern        \  Debian 1:4.3.2-p10+ds-1.1build1
compute hilbert series with std in ring (ZZ/179424673),(x14,x13,x12,x11,x10,x9,x8,x7,x6,x5,x4,x3,x2,x1,@),(dp(15),C)
weights used for hilbert series: 1,1,1,1,1,1,1,1,1,1,1,1,1,1,1
[65535:4]2(10)s(9)s(8)s(7)s(6)s(5)s(4)s(3)s(4)s(5)s(7)s3(10)s(13)s(17)s(18)s(20)s(26)s(32)s(35)s(39)s(44)s(48)s4(53)s(57)s(62)---s(66)s(72)s(79)s(85)-------------------s(74)s(80)----------s(78)s(84)----s(86)---5-----------------------------s(63)s(71)s(79)-------------------------------s(57)--------s----6-s(60)--------------------s(50)s(58)-------------s(53)------s(54)-------7------------------------------s(27)----------------8--s(18)--------9----------
product criterion:343 chain criterion:382
std with hilb in (ZZ/179424673),(x14,x13,x12,x11,x10,x9,x8,x7,x6,x5,x4,x3,x2,x1,@),(lp(14),dp(1),C)
[65535:4]2(44)s(43)s(42)s(41)s(40)s(39)sss(40)s(39)s(41)s3(43)s(46)s(49)s(55)s(56)s(61)s(65)s(67)s(71)s(75)shhhhhhhhhhh4(69)s(73)s(78)s(83)s(91)s(96)s(103)s(109)-s(115)s(125)s(132)-------s(131)--------------shhhhhhhhhhhhhhhhhhhhhhhh5(99)-----------s(98)s(106)-s(114)--s(121)---------------------(100)-shhhhhhhhhhhhhhhhhhhhhhhhhhhhhhhhhhhhhhhhhhhhh6(62)s(70)---s(77)s(85)-----------------------s(71)-shhhhhhhhhhhhhhhhhhhhhhhhhhhh7(51)--shhhhhhhhhhhhhhhhhhhhhhhhhhhhhhhhhhhhhhhhhhhhhhhh8(11)-shhhhhhhhhhhhhhhhhhhh
product criterion:323 chain criterion:402
hilbert series criterion:176
dehomogenization
simplification
imap to ring (ZZ/179424673),(x14,x13,x12,x11,x10,x9,x8,x7,x6,x5,x4,x3,x2,x1),(lp(14),C)
Auf Wiedersehen.

StringJoin::string: String expected at position 2 in {<>Null<>}.

StringReplace::strse: String or list of strings expected at position 1 in StringReplace[{<>Null<>}, {gen(1) -> "e1", x14 -> "B"[1], x13 -> "B"[2], x12 -> "B"[3], x11 -> "B"[4], x10 -> "B"[5], x9 -> "B"[6], x8 -> "B"[7], x7 -> "A"[1], x6 -> "A"[2], x5 -> "A"[3], x4 -> "A"[4], x3 -> "A"[5], x2 -> "A"[6], x1 -> "A"[7]}].

ToExpression::notstrbox: StringReplace[{<>Null<>}, {gen(1) -> "e1", x14 -> "B"[1], x13 -> "B"[2], x12 -> "B"[3], x11 -> "B"[4], x10 -> "B"[5], x9 -> "B"[6], x8 -> "B"[7], x7 -> "A"[1], x6 -> "A"[2], x5 -> "A"[3], x4 -> "A"[4], x3 -> "A"[5], x2 -> "A"[6], x1 -> "A"[7]}] is not a string or a box. ToExpression can only interpret strings or boxes as Wolfram Language input.
  >> 0 regions (all trivial): expReg=11.03s
  [sector total: 11.035s]
#Non-triv Sectors = 0

