
      +++  sector:  {1, 1, 0, 0, 0, 1, 0}  (1/1)  +++ 
                     SINGULAR                                 /  Development
 A Computer Algebra System for Polynomial Computations       /   version 4.3.2
                                                           0<
 by: W. Decker, G.-M. Greuel, G. Pfister, H. Schoenemann     \   Feb 2023
FB Mathematik der Universitaet, D-67653 Kaiserslautern        \  Debian 1:4.3.2-p10+ds-1.1build1
compute hilbert series with std in ring (ZZ/179424673),(x14,x13,x12,x11,x10,x9,x8,x7,x6,x5,x4,x3,x2,x1,@),(dp(15),C)
weights used for hilbert series: 1,1,1,1,1,1,1,1,1,1,1,1,1,1,1
[65535:4]2(14)s(13)s(12)s(11)s(10)s(9)s(8)s(7)s(8)s(10)s(13)s(12)s(14)s(15)s(18)s3(22)s(25)-s(28)s(34)s(39)s(47)s(53)-------s(51)s(59)-s(61)s(67)s(72)--4--------------s(63)s(66)-----s(65)-----s(63)--s(68)---------s---------------s(60)-------5-------------------s(37)s(40)------s(37)------------s(29)------------6-----------------
product criterion:288 chain criterion:157
std with hilb in (ZZ/179424673),(x14,x13,x12,x11,x10,x9,x8,x7,x6,x5,x4,x3,x2,x1,@),(lp(14),dp(1),C)
[65535:4]2(36)s(35)s(34)s(33)s(32)ss(31)s(30)s(29)ss(30)s(31)s(34)s(36)s(40)s3(44)s(48)s(53)s(57)-s(62)s(69)s(77)s(83)s(91)--s(94)-s(98)-shhhhhhhhhhhhhhhhhh4(85)---s(90)-s(98)s(107)-------(100)----s(103)---(100)s(110)-s(118)-------------shhhhhhhhhhhhhhhhhhhhhhhhhhhhhhhhhhh5(77)----s(83)s(93)---s(101)-(100)---------shhhhhhhhhhhhhhhhhhhhhhhhhhhhhhhhhhhhhhhhhhhhhhhhhhhhhhhhhhhhhhhhhhhhhhhhhhhhhhhhhhhhhhhhhhhhhhhhhhhhh
product criterion:288 chain criterion:170
hilbert series criterion:154
dehomogenization
simplification
imap to ring (ZZ/179424673),(x14,x13,x12,x11,x10,x9,x8,x7,x6,x5,x4,x3,x2,x1),(lp(14),C)
Auf Wiedersehen.
  >> 0 regions (all trivial): expReg=0.547s
  [sector total: 0.553s]
#Non-triv Sectors = 0

