
      +++  sector:  {1, 1, 1, 0, 1, 1, 0}  (1/1)  +++ 
                     SINGULAR                                 /  Development
 A Computer Algebra System for Polynomial Computations       /   version 4.3.2
                                                           0<
 by: W. Decker, G.-M. Greuel, G. Pfister, H. Schoenemann     \   Feb 2023
FB Mathematik der Universitaet, D-67653 Kaiserslautern        \  Debian 1:4.3.2-p10+ds-1.1build1
compute hilbert series with std in ring (ZZ/179424673),(x14,x13,x12,x11,x10,x9,x8,x7,x6,x5,x4,x3,x2,x1,@),(dp(15),C)
weights used for hilbert series: 1,1,1,1,1,1,1,1,1,1,1,1,1,1,1
[65535:4]2(14)s(13)s(12)s(11)s(10)s(9)s(8)s(7)s(8)s(9)s(11)s(15)s(18)s(19)s(21)s3(24)s(28)s(31)s(36)s(41)s(47)s(50)s(56)s(61)s(68)s(74)s(82)-s(87)s(92)s(98)s(105)s(111)s(116)s(125)s(133)s(138)s(145)s(152)s(158)s4(163)----s(166)-----s(167)s(175)s(184)s(191)s(200)-s(208)s(216)s(224)-s(231)s(240)s(249)s(259)-----s(264)-s(274)-s(282)-s(289)s(297)-s(305)s(311)-s(320)-s(328)s(340)s(349)---s(351)s(362)-s(366)-----s(371)s(384)s(396)-s(406)-s(415)s(422)-s(431)s(440)---s(448)s(458)-----s(463)----s(468)--s(473)------------------------------s(451)-----s(454)s(461)-----------5-s(458)---s(464)s(473)s(482)-s(491)s(503)s(513)s(523)s(534)-----s(541)s(552)s(563)s(576)--s(586)----s(594)---s(603)---(600)-s(612)-----------s(614)--------------(600)------------s(598)s(608)---s(616)----s(623)----------s(624)-s(635)-s(646)s(657)---s(666)----------------------s(657)--------------------------------------------------s(619)---------------s(617)-------s(622)s(633)---------------------------------(600)---------------------------------------------------------------------------------------s(523)---s(530)s(539)s(550)-------------s(547)---s(555)------------s(556)---s(566)------------------------s(553)---------------s(546)------------------------------------6-s(520)s(532)------------------------------s(514)--------------(500)----------------------------------------------------------------------------------------------------(400)----------------------------------------------------------------------------------------------------(300)--------------------------------------------------------------s(250)---------------------------s(234)--------------------s(226)-------s(232)--------------------------------(200)-----------------------------------s(177)----------------------s(165)---s(173)------------------------------------s(148)----------7--------------------------------------(100)----------------------------------------------------------------------------------------------------
product criterion:2411 chain criterion:5371
std with hilb in (ZZ/179424673),(x14,x13,x12,x11,x10,x9,x8,x7,x6,x5,x4,x3,x2,x1,@),(lp(14),dp(1),C)
[65535:4]2(134)s(133)s(132)s(131)s(130)ssss(129)ss(130)s(132)s(134)s(137)s(141)s3(144)s(147)s(152)s(155)s(159)s(164)s(169)s(172)s(180)s(186)s(192)s(196)s(203)s(212)s(219)s(224)s(229)s(235)s(241)-s(243)s(250)s(258)s(265)s(271)shhhhhhhhhhhhhhhhhhhhhhhh4(254)s(262)s(270)-s(276)s(285)s(293)s(301)-(300)s(309)-s(317)s(324)s(332)s(341)-s(349)--s(354)s(363)-s(370)s(378)--s(385)s(393)--s(400)s(409)s(417)--s(424)---s(431)-s(439)---s(444)--s(453)s(463)s(472)-s(478)--s(484)s(494)s(503)-s(512)--s(520)---s(527)--s(535)-----s(539)------------s(535)--s(540)s(551)-s(558)-------s(562)s(574)s(587)---------------------s(574)--shhhhhhhhhhhhhhhhhhhhhhhhhhhhhhhhhhhhhhhhhhhhhhhhhhhhhh5(529)s(538)s(547)s(557)-s(567)s(578)-s(587)s(597)s(609)--s(618)-s(628)-s(637)s(649)s(661)s(673)s(683)s(694)--s(703)---(700)s(713)s(724)---s(732)s(743)s(754)s(767)s(779)s(791)--s(802)s(815)s(825)s(836)s(848)s(858)--s(867)-s(879)--------------------s(871)-s(882)----s(890)--------------------s(881)s(892)-----------------------------------------------------------------------------------s(817)-----------------(800)------------------s(795)----------------------------------s(770)-------------------------------------s(742)-----------s(741)-----------------------------------------(700)----------s-----------------------------------------------------------------shhhhhhhhhhhhhhhhhhhhhhhhhhhhhhhhhhhhhhhhhhhhhhhhhhhhhhhhhhhhhhhhhhhhhhhhhhhhhhhhhhhhhhhhhhhhh6(552)s(564)-----s(572)------------------------------------s(549)----s(555)--s(564)---------------------------------------------------------s(518)----------s(520)------------s-----s(526)--------------------------(500)----------------------------------------------------------------------------------------------------(400)----------------------------------------------------------------------------------------------------(300)----------------------------------------------------------------------------------------------------(200)------------------------------shhhhhhhhhhhhhhhhhhhhhhhhhhhhhhhhhhhhhhhhhhhhhhhhhhhhhhhh7(123)shhhhhhhhhhhhhhhhhhhhhhhhhhhhhhhhhhhhhhhhhhhhhhhhhhhhhhhhhhhhhhhhhhhhhhhhhhhhhhhhhhhhhhhhhhhhhhhhhhhhhhhhhhhhhhhhhhhhhhhhhhh8(13)shhhhhhhhhhhhhhhhhhhhhhhhhh
product criterion:2498 chain criterion:6179
hilbert series criterion:376
dehomogenization
simplification
imap to ring (ZZ/179424673),(x14,x13,x12,x11,x10,x9,x8,x7,x6,x5,x4,x3,x2,x1),(lp(14),C)
Auf Wiedersehen.
                     SINGULAR                                 /  Development
 A Computer Algebra System for Polynomial Computations       /   version 4.3.2
                                                           0<
 by: W. Decker, G.-M. Greuel, G. Pfister, H. Schoenemann     \   Feb 2023
FB Mathematik der Universitaet, D-67653 Kaiserslautern        \  Debian 1:4.3.2-p10+ds-1.1build1
// ** loaded /usr/bin/../share/singular/LIB/primdec.lib (4.3.2.9,Oct_2023)
// ** loaded /usr/bin/../share/singular/LIB/ring.lib (4.3.1.3,Feb_2023)
// ** loaded /usr/bin/../share/singular/LIB/absfact.lib (4.1.2.0,Feb_2019)
// ** loaded /usr/bin/../share/singular/LIB/triang.lib (4.1.2.0,Feb_2019)
// ** loaded /usr/bin/../share/singular/LIB/matrix.lib (4.3.2.3,Aug_2023)
// ** loaded /usr/bin/../share/singular/LIB/nctools.lib (4.1.2.0,Feb_2019)
// ** loaded /usr/bin/../share/singular/LIB/inout.lib (4.1.2.0,Feb_2019)
// ** loaded /usr/bin/../share/singular/LIB/random.lib (4.1.2.0,Feb_2019)
// ** loaded /usr/bin/../share/singular/LIB/polylib.lib (4.2.0.0,Dec_2020)
// ** loaded /usr/bin/../share/singular/LIB/elim.lib (4.3.2.5,Jul_2023)
// ** loaded /usr/bin/../share/singular/LIB/general.lib (4.1.2.0,Feb_2019)
map with cache
map with cache
map with cache
map with cache
map with cache
map with cache
map with cache
map with cache
map with cache
map with cache
map with cache
map with cache
map with cache
std in (ZZ/179424673),(x14,x13,x12,x11,x10,x9,x8,x7,x6,x5,x4,x3,x2,x1),(dp(14),C)
[65535:5]1(13)s(12)s(11)s(10)s(9)s(8)s(7)s(6)s(5)s(4)s(3)s(2)ss4s
(S:13)-------------
product criterion:91 chain criterion:0
[65535:4]1(13)s(12)s(11)s(10)s(9)s(8)s(7)s(6)s(5)s(4)s(3)s(2)ss4s
(S:13)-------------
product criterion:91 chain criterion:0
map is a permutation
[65535:5]1(14)s(13)s(12)s(11)s(10)s(9)s(8)s(7)s(6)s(5)s(4)s(3)s(2)ss4s
(S:14)--------------
product criterion:105 chain criterion:0
[65535:4]1(13)s(12)s(11)s(10)s(9)s(8)s(7)s(6)s(5)s(4)s(3)s(2)ss4s
(S:13)-------------
product criterion:91 chain criterion:0
{1}[65535:6]1(13)s(12)s(11)s(10)s(9)s(8)s(7)s(6)s(5)s(4)s(3)s(2)ss4s5(12)------------
(S:14)---------------
product criterion:0 chain criterion:0
(S:14)rrrrrrrrrrrrrr
[65535:4]1(13)s(12)s(11)s(10)s(9)s(8)s(7)s(6)s(5)s(4)s(3)s(2)ss4s
(S:13)-------------
product criterion:91 chain criterion:0
map is a permutation
intersect by elimination method
[65535:6]1(14)s2(13)s(12)s(11)s(10)s(9)s(8)s(7)s(6)s(5)s(4)s(3)s(2)ss5s
(S:14)--------------
product criterion:105 chain criterion:0
map is a permutation
[65535:5]1(14)s(13)s(12)s(11)s(10)s(9)s(8)s(7)s(6)s(5)s(4)s(3)s(2)s2s4.6
(S:0)
product criterion:91 chain criterion:0
map is a permutation
[65535:5]1(14)s(13)s(12)s(11)s(10)s(9)s(8)s(7)s(6)s(5)s(4)s(3)s(2)s2s4.6
(S:0)
product criterion:91 chain criterion:0
map is a permutation
[65535:5]1(14)s(13)s(12)s(11)s(10)s(9)s(8)s(7)s(6)s(5)s(4)s(3)s(2)s2s4.6
(S:0)
product criterion:91 chain criterion:0
map is a permutation
[65535:5]1(14)s(13)s(12)s(11)s(10)s(9)s(8)s(7)s(6)s(5)s(4)s(3)s(2)s2s4.6
(S:0)
product criterion:91 chain criterion:0
map is a permutation
[65535:5]1(14)s(13)s(12)s(11)s(10)s(9)s(8)s(7)s(6)s(5)s(4)s(3)s(2)s2s4.6
(S:0)
product criterion:91 chain criterion:0
map is a permutation
[65535:5]1(14)s(13)s(12)s(11)s(10)s(9)s(8)s(7)s(6)s(5)s(4)s(3)s(2)s2s4.6
(S:0)
product criterion:91 chain criterion:0
map is a permutation
[65535:5]1(14)s(13)s(12)s(11)s(10)s(9)s(8)s(7)s(6)s(5)s(4)s(3)s(2)s2s4.6
(S:0)
product criterion:91 chain criterion:0
map is a permutation
[65535:5]1(14)s(13)s(12)s(11)s(10)s(9)s(8)s(7)s(6)s(5)s(4)s(3)s(2)s2s4.6
(S:0)
product criterion:91 chain criterion:0
map is a permutation
[65535:5]1(14)s(13)s(12)s(11)s(10)s(9)s(8)s(7)s(6)s(5)s(4)s(3)s(2)s2s4.6
(S:0)
product criterion:91 chain criterion:0
map is a permutation
[65535:5]1(14)s(13)s(12)s(11)s(10)s(9)s(8)s(7)s(6)s(5)s(4)s(3)s(2)s2s4.6
(S:0)
product criterion:91 chain criterion:0
map is a permutation
[65535:5]1(14)s(13)s(12)s(11)s(10)s(9)s(8)s(7)s(6)s(5)s(4)s(3)s(2)s2s4.6
(S:0)
product criterion:91 chain criterion:0
map is a permutation
[65535:5]1(14)s(13)s(12)s(11)s(10)s(9)s(8)s(7)s(6)s(5)s(4)s(3)s(2)s2s4.6
(S:0)
product criterion:91 chain criterion:0
map is a permutation
[65535:5]1(14)s(13)s(12)s(11)s(10)s(9)s(8)s(7)s(6)s(5)s(4)s(3)s(2)s2s4.6
(S:0)
product criterion:91 chain criterion:0
map is a permutation
[65535:5]1(14)s(13)s(12)s(11)s(10)s(9)s(8)s(7)s(6)s(5)s(4)s(3)s(2)s4s5s
(S:0)
product criterion:105 chain criterion:0
[65535:4]1(13)s(12)s(11)s(10)s(9)s(8)s(7)s(6)s(5)s(4)s(3)s(2)ss4s
(S:13)-------------
product criterion:91 chain criterion:0
// ** _ is no standard basis
Auf Wiedersehen.
                     SINGULAR                                 /  Development
 A Computer Algebra System for Polynomial Computations       /   version 4.3.2
                                                           0<
 by: W. Decker, G.-M. Greuel, G. Pfister, H. Schoenemann     \   Feb 2023
FB Mathematik der Universitaet, D-67653 Kaiserslautern        \  Debian 1:4.3.2-p10+ds-1.1build1
compute hilbert series with std in ring (ZZ/179424673),(x14,x13,x12,x11,x10,x9,x8,x7,x6,x5,x4,x3,x2,x1,@),(dp(15),C)
weights used for hilbert series: 1,1,1,1,1,1,1,1,1,1,1,1,1,1,1
[65535:4]1(13)s(12)s2(11)s3(10)s(9)ss(10)s(9)s(12)s(15)s(19)s(24)s4(26)s(31)s(37)s(39)s(43)s(50)s(54)s(63)s(68)s(72)s(76)s(77)s5(84)s(92)s(99)s(108)s(117)s(125)s(135)s(141)-s(148)s(159)s(168)s(175)s(183)-s(189)s(197)-s(212)s(231)-s(240)--ss(250)s(260)s(264)s(278)s(280)s(287)s(292)s(300)s(292)s(295)s(298)s(302)s(313)s(318)s(323)s(332)s(342)s(351)s(361)s6(365)s(377)s(392)s(404)s(416)s(423)s(433)-s(443)-s(455)-s(460)s(470)----s(482)-s(494)s(506)s(519)s(529)----s(535)s(537)s(545)s(557)s(565)s(576)---------s--s(585)s(594)s(601)s(611)-----------(600)-----s(608)s(621)-s(626)s(638)--s(648)s(656)-s(663)s(673)-s(680)------------s(679)---s(687)-s(695)----s(700)-s(697)----s(705)s(717)s(718)-s(729)--------s(732)-s(740)s(750)-s(756)-s(765)-s(773)s(781)s(792)s(803)s(805)s(814)s(820)-s(825)s(832)s(839)-s(852)s(866)-s(869)s(883)---s(882)-s(883)-s(888)--------------s(873)s(876)s(884)s(892)-s(896)s(904)----(900)-------s(904)s(915)---------s(916)s(922)---------s(919)-7-----s(926)--------s(933)-s(938)------------------------------------s(910)----------(900)--------s(901)-(900)s(911)s(920)-s(926)----------------s(918)---s(926)-s(932)--s(938)--s(942)s(949)-s(955)-s(962)s(970)s(978)--s(986)--------------s(981)----s(986)s(994)----s(998)--------s(1001)-(1000)---s(1006)-s(1013)------s(1019)s(1026)s(1036)s(1046)----------------s(1040)-----------------s(1031)--------s(1030)s(1039)----s(1045)-s(1056)s(1063)s(1070)s(1078)s(1088)-----s(1093)-s(1101)-(1100)-s(1111)-----s(1116)s(1126)--------s(1125)s(1135)s(1147)-s(1153)s(1162)---------ss(1171)-s(1180)---s(1189)s(1198)s(1208)s(1217)------s(1220)----------s(1213)-s(1221)---s(1227)---s(1233)--------------s(1229)-s(1238)s(1246)s(1251)s(1258)-s(1266)s(1275)--s(1280)s(1288)---------------s(1282)-----------s(1281)---s(1288)--s(1296)----s(1302)s(1310)--s(1318)s(1327)--s(1335)---------------------s(1324)-----s(1329)----s(1328)s(1338)--------------------------------s(1317)s(1326)s(1335)-s(1343)-s(1351)--s(1358)---s(1365)s(1374)--s(1381)s(1390)s(1400)---------------s(1395)s(1405)-----(1400)---s(1407)-------(1400)--s(1407)---s(1413)s(1422)s(1430)-------s(1433)-s(1441)s(1451)-----------------------s(1437)s(1447)-s(1454)--s(1461)--------------------s(1451)s(1461)---s(1466)------s(1469)s(1477)s(1486)--s(1494)---s(1500)s(1510)---------s(1509)s(1518)-------------s(1513)--------s(1514)-s(1521)s(1530)----s(1535)-s(1543)-s(1552)---s(1560)----s(1566)----------------s(1560)---------------------------s(1541)--s(1547)---------------8-s(1540)-----------s(1541)-----------------------------------------(1500)s(1507)---s(1517)s(1525)s(1534)----------------------------------(1500)-------s(1501)-(1500)------s(1504)----(1500)--------------------------------------------s(1465)-----s(1470)----------------------------------------------------------------------(1400)-----------------------------------------------------------------------------s(1334)----------------------------------(1300)-------------------------------------------------s(1261)---s(1268)----------------------------------------------------------s(1219)-s(1228)----s(1234)-s(1243)-------------------------------------------(1200)-------s(1203)---(1200)-----------------------------s(1181)--------------------------------------------s(1146)-s(1155)s(1165)-----s(1170)----------------------------------------------------------------------(1100)----------------------------------------------------------------------------------------------------(1000)------------------s(992)s(1001)s(1010)s(1020)---------------s(1014)--------------(1000)--s(1008)--------(1000)-s(1009)---------(1000)---------------------------------------------------------s(954)------------------------------------------------------(900)------s(904)----(900)s(910)----------(900)---------------s(894)s(903)---(900)--s(907)--s(914)s(924)------------------------(900)----s(906)------(900)-s(909)---------(900)--s(908)-s(917)s(927)-----------s(925)----------s(924)-------s(928)---------------------s(917)----------------s(911)----s(916)------s(920)------s(923)--s(931)-----s(937)-------------------------------------(900)----------------------------------------------------------------------------------------------------(800)-------------------------------s(778)--s(785)-----------------------------------------------s(746)s(754)-----s(758)s(767)-------------------------------------------------------------------(700)--------------------------------------------9--------------------------------------------------------(600)----------------------------------------------------------------------------------------------------(500)----------------------------------------------------------------------------------------------------(400)----------------------------------------------------------------------------------------------------(300)----------------------------------------------------------------------------------------------------(200)------------------------s(185)------------------s(177)------s(181)--------s(183)---------------------------------------s(154)------------------------------------------------------(100)----------------------------------------------10------------------------------------------s(22)-----------11-----------
product criterion:2323 chain criterion:50756
std with hilb in (ZZ/179424673),(x14,x13,x12,x11,x10,x9,x8,x7,x6,x5,x4,x3,x2,x1,@),(lp(14),dp(1),C)
[65535:4]1(335)s(334)s2(333)s3(332)ss(333)s(335)s(338)s(342)s(347)s(353)s(360)s4(368)ss(369)s(370)s(372)s(374)s(375)s(378)s(381)s(384)s(385)s(389)s(393)s(395)s(399)s(403)s(408)s(413)s(416)s(421)s(426)s(428)s(434)s(440)s(444)s(450)s(456)s(459)s(461)s(468)s(475)s(480)s(487)s(494)s(498)s(501)s(509)s(517)s(525)s(531)s(539)s(547)s(552)s(556)s(563)s(571)s(579)---------sh5(578)s(588)s(596)-s(604)s(612)s(624)-----s(622)-----s(626)---s(629)s(639)s(645)s(651)---s(654)-----s(653)s(658)---s(662)s(669)s(674)s(679)---s(682)-----s(681)s(685)-s(691)-s(696)----s(698)--s(708)s(717)s(728)s(737)s(747)s(753)s(761)s(765)s(770)s(777)---s(780)-----s(779)s(786)-s(790)-s(797)----s(798)--s(800)s(803)---(800)---s(818)s(824)s(831)s(839)---s(843)-----ss(851)-s(856)-s(860)----s(862)--s(865)s(869)------s(883)-------s(877)ss(886)---s(891)-----s(892)s(901)-(900)s(907)-s(914)----s(917)--s(915)s(920)----------s(913)---shhhhhhhhhhhhhhhhhhhhhhhhhhhhhhhhhhhhhhhhhhhhhhh6(874)-s(885)---s(893)s(902)-s(911)-s(919)---s(926)s(937)s(947)---s(954)s(970)s(981)s(991)s(1002)-s(1011)-s(1013)-s(1022)-s(1031)s(1042)s(1052)------s(1049)-s(1057)s(1060)s(1068)s(1075)--s(1083)s(1093)s(1104)---s(1109)-s(1115)-s(1118)----s(1123)--s(1130)s(1138)s(1146)s(1155)s(1154)-s(1162)-s(1170)-s(1179)s(1187)-s(1193)--s(1201)s(1209)s(1217)s(1221)--s(1228)s(1237)s(1244)---s(1251)s(1260)s(1266)-s(1270)--s(1277)s(1285)s(1294)--s(1299)---s(1303)-s(1310)-s(1315)-----s(1318)-------s(1320)s(1329)s(1336)-s(1344)s(1347)s(1355)s(1363)s(1371)s(1375)-s(1384)s(1392)s(1401)s(1411)s(1416)s(1424)-s(1432)-s(1436)s(1446)s(1454)s(1459)s(1468)-s(1476)s(1484)---s(1488)s(1490)s(1492)--s(1500)-s(1509)s(1517)s(1528)-s(1537)---s(1545)-s(1554)--s(1562)s(1571)----s(1576)s(1586)---s(1590)s(1601)s(1611)s(1620)---s(1627)-s(1636)s(1645)---s(1648)s(1650)-s(1655)-s(1659)-s(1664)s(1669)--s(1675)-s(1679)--s(1685)-s(1691)---s(1695)s(1703)s(1711)-s(1716)--s(1722)s(1727)s(1734)--s(1740)---s-s(1746)-s(1752)-----s(1756)-------s(1759)-s(1767)-s(1771)--s(1775)-----------------s(1767)-s(1774)---s(1778)s(1786)s(1794)-s(1800)--s(1806)s(1814)s(1825)--s(1831)---s(1834)-s(1842)-s(1849)-----s(1853)-------s(1852)-s(1861)-s(1864)--s(1869)----------------------s(1851)-----s(1850)------s(1854)-s(1862)---s(1864)s(1870)s(1875)-s(1882)--s(1884)s(1888)s(1895)--s(1900)---s(1902)-s(1908)-s(1916)-----s(1920)-------s(1921)-s(1928)-s(1935)--s(1938)---------------s(1925)-s(1929)s(1933)-------s(1935)---------------shhhhhhhhhhhhhhhhhhhhhhhhhhhhhhhhhhhhhhhhhhhhhhhhhhhhhhhhhhhhhhhhhhhhhhhhhhhhhhhhhhhhhhh7(1839)------------------------s(1824)s(1835)-s(1844)-------------s(1842)-----------s----------------------s(1831)--s(1840)--s(1848)------s(1852)s(1863)-s(1873)-s(1882)----s(1888)-s(1898)s(1909)--s(1917)s(1928)s(1939)s(1949)-----s(1955)---s(1960)s(1968)-s(1978)---s(1983)-------------s(1980)-------------------s(1970)-----------s(1969)s(1978)-s(1987)-s(1995)s(2006)s(2015)s(2023)---s(2030)s(2040)s(2050)----s(2057)---s(2063)---s(2071)s(2080)-s(2087)s(2096)s(2106)s(2117)-----------------(2100)----------------------s(2087)s(2097)-------s(2100)-s(2108)------s(2107)s(2118)---s(2120)-s(2126)---------s(2125)-s(2135)s(2145)s(2152)s(2160)s(2171)s(2180)s(2188)s(2198)-------s(2202)--(2200)---s(2207)s(2215)s(2226)s(2237)s(2247)-s(2255)s(2265)s(2274)s(2285)---s(2293)--------s(2291)-----s(2295)---s(2302)--(2300)-s(2310)s(2319)s(2329)--s(2334)--s(2341)-s(2349)s(2356)---s(2364)s(2373)-s(2380)s(2390)s(2401)s(2411)s(2419)-------------------(2400)------------------s(2393)----s(2400)------s(2401)-(2400)s(2411)s(2421)-------------s(2419)-----------s(2417)--s(2423)-s(2431)s(2441)---------s-------s(2445)----s(2446)s(2455)-s(2463)s(2471)----s(2473)----s(2478)s(2484)s(2493)s(2502)s(2510)s(2519)------s(2524)s(2531)--------ss(2539)s(2545)s(2554)-s(2562)s(2571)s(2581)s(2591)s(2599)-s(2605)s(2611)s(2619)s(2628)s(2637)s(2647)----s(2653)----s(2657)-s(2667)-s(2675)-----s(2681)s(2690)----s(2697)s(2704)s(2713)s(2722)-s(2726)s(2732)s(2743)s(2754)s(2760)--------s(2762)s(2771)s(2780)-s(2789)s(2798)s(2808)s(2815)-------s(2817)------s(2822)----s(2825)-------------s(2821)s(2830)-------s-----s(2836)s(2846)s(2854)s(2863)------s(2868)-s(2875)s(2885)--------s(2881)------s(2885)s(2892)--------s(2893)-----s(2897)---------s(2896)s(2905)-s(2914)s(2923)s(2932)---s(2937)s(2945)----s(2950)--s(2956)s(2966)-s(2975)s(2983)s(2993)--s(2999)------s(3003)s(3011)s(3016)-s(3024)---s(3027)-s(3035)s(3040)---s(3047)s(3057)s(3064)s(3069)s(3078)s(3086)s(3097)-s(3105)s(3109)s(3118)s(3126)-s(3131)s(3140)--------s(3141)--s(3148)--------ss(3159)-s(3169)----s(3172)---------s(3169)----------s(3168)-----s(3170)s(3180)-s(3190)-s(3198)s(3209)--s(3218)s(3228)--s(3234)s(3245)----------ss(3255)-s(3265)-s(3275)---s(3282)s(3292)s(3302)s(3313)-------------(3300)-s(3310)--s(3318)s(3328)s(3338)-s(3347)--s(3355)---s(3360)s(3370)s(3380)s(3388)-s(3396)---s(3403)s(3414)-s(3423)s(3433)s(3442)s(3452)s(3463)s(3473)s(3484)s(3493)s(3505)s(3516)-s(3525)s(3535)-----s(3541)-------------s(3540)---------s(3539)----s(3544)------------------s(3535)s(3544)-----s(3550)------s(3551)s(3558)s(3565)------ss(3576)-s(3583)s(3590)s(3601)-(3600)---------s(3596)------s(3599)s(3606)-s(3616)s(3627)----------s(3623)-----s(3625)-s(3635)-s(3640)----s(3643)s(3651)----s(3656)s(3663)s(3671)-s(3676)-s(3684)s(3690)-s(3694)-----s---s(3700)s(3710)-s(3715)-s(3725)s(3732)s(3743)s(3750)--s(3757)------s(3758)----------------------------------------------------------(3700)--------------s(3692)------------s(3690)-----s(3693)s(3702)s(3711)s(3720)---s(3727)s(3737)s(3748)s(3757)s(3765)s(3776)s(3785)s(3795)-s(3804)s(3812)s(3818)--------s-s(3823)--------------s(3821)s(3830)s(3839)s(3849)s(3858)s(3866)------------------------------------------------------------s(3813)------------s(3811)-----s(3814)s(3823)s(3833)s(3842)---s(3850)s(3861)s(3868)s(3877)s(3885)s(3892)s(3898)s(3909)----s(3914)s(3923)--s(3929)s(3936)-s(3946)--s(3954)s(3959)----------s(3954)-s(3958)------------------------------------------s(3923)-------s-----------------------(3900)---------------------------------------------s(3863)-----------------------------------s(3837)---s(3841)-----s(3844)-----s(3847)s(3856)s(3866)--------s(3867)---s(3872)-s(3877)s(3887)-s(3896)---------s(3893)-------------------------------------------shhhhhhhhhhhhhhhhhhhhhhhhhhhhhhhhhhhhhhhhhhhhhhhhhhhhhhhhhhhhhhhhhhhhhhhhhhhhhhhhhhhhhhhhhhhhhhhhhhhhhhhhhhhhhhhhhhhhhhhhhhhhhhhhhhhhhhhhhhhhhhhhhh8(3712)------------(3700)----------------------------------------------------------------------------------------------------(3600)----------------------------------------------------------------------------------------------------(3500)-----------------------------------s(3476)-------------------------------------------------------------------s(3420)-------s(3424)------------------------(3400)--------------------------------------------------------------------------s(3337)--s(3346)-------------------s(3338)-----------------------------------s(3311)-----------(3300)--------------s(3297)------------------------------s(3276)----------s(3275)s(3286)--------------------------------------------------------------------------------------(3200)---------------------------------------------------------s(3154)------------------------------------------------------(3100)----------------------------------------------------------------------------------------------------(3000)--------------------------------------------------------------------s(2940)------------------------s(2926)--------------------------(2900)---------------s(2893)-----------------------------------s(2867)s(2876)-----s(2880)----------s(2879)----------------------------------------------------s(2837)----------ss(2846)--s(2855)s(2864)--s(2871)---s(2876)s(2884)s(2894)s(2903)s(2913)-s(2920)-------s(2923)s(2932)-s(2942)s(2952)s(2961)-----------------s(2955)-------------------------------------s(2929)-------s(2932)-------------s(2928)---s(2936)----------------------------------s(2911)-----------(2900)--s(2908)-s(2917)---s(2923)-----s(2928)---------s----------------------------(2900)----------------------------s(2877)s(2888)--s(2896)---------------------------------s(2872)--s(2878)------------------------------s(2859)--s(2867)s(2876)--s(2882)-------------------------------------------------------s(2837)s(2848)---s(2855)s(2861)-----------------------s(2848)s(2854)------------------------------s(2834)--------------s(2828)s(2837)s(2847)------------s(2845)s(2855)s(2859)------s(2863)-s(2871)-------------------------s(2854)--------s(2856)-----s(2861)---------s(2862)------------s(2859)-------------------s(2849)--------s(2851)----------------------s(2838)----s(2844)s(2853)-----------------------------------------------------(2800)----------------------s(2788)-----------------------------------------------s(2750)----------------s(2743)--------------s(2739)------------s(2737)-------------------------------------(2700)-------------s(2697)------------------------s(2682)-----s(2687)------s(2691)----------s-s(2699)------------------------s(2685)--------s(2686)----s(2692)s(2702)s(2711)---s(2717)-----------------(2700)-------s(2703)---(2700)---------------------------------------------s(2665)------------s(2664)------------s(2660)----s(2664)--------s-----------s(2659)----------------s(2651)------------s(2645)----------s--------------------s(2634)----------------------------------(2600)s(2606)--s(2613)-------------(2600)-------s(2602)--(2600)-s(2607)s(2615)-s(2625)--s(2631)s(2642)---s(2650)-----s(2653)-----------s-s(2660)---s(2667)-s(2676)s(2686)-s(2695)----s(2702)-s(2712)-----s(2717)s(2728)----s(2734)s(2745)s(2756)-----s(2759)s(2768)-s(2777)--s(2785)s(2795)s(2803)-s(2812)---s(2819)s(2829)-s(2836)----------------s(2830)s(2840)--s(2849)s(2860)-s(2870)s(2879)-----s(2885)------s(2889)s(2900)------s(2904)s(2913)-s(2922)-s(2930)s(2941)s(2951)s(2960)s(2969)--s(2977)s(2987)s(2997)s(3006)s(3017)s(3028)s(3038)s(3048)s(3058)s(3068)----------------------------------------------------------s(3020)--------------------(3000)-------s(3002)--(3000)--------s(3001)s(3011)-----------(3000)--s(3008)------s(3010)---s(3018)-s(3027)--s(3034)s(3043)s(3052)s(3061)s(3072)---------------------------s(3055)----s(3060)-s(3069)-s(3077)s(3087)---s(3093)s(3103)s(3113)s(3124)s(3134)-s(3143)-s(3152)----------------s(3146)----s(3150)-----------------------------s(3131)--------s(3132)s(3141)-----s(3144)---------------s(3140)s(3150)-s(3160)----s(3166)s(3175)---------------------------s(3159)--s(3167)s(3178)---s(3186)---s(3194)s(3205)---s(3213)s(3224)s(3235)----s(3241)s(3252)s(3262)--------------------------------------------------------------(3200)----------------------------------------s(3169)------s(3172)---s(3179)----s(3184)s(3193)s(3202)s(3211)s(3220)--------------------(3200)-------s(3204)----(3200)s(3209)-s(3219)-s(3229)s(3240)---s(3247)s(3258)s(3269)s(3278)s(3289)---s(3295)----------s(3294)----s(3298)------s(3300)--s(3306)s(3315)s(3326)--------ss(3336)---s(3344)-s(3351)--------------------s(3342)-----s(3348)------------------------------s(3329)--------s(3332)s(3341)----s(3346)----------------------------------------------(3300)----------------------------------------------------------------------------------------------------(3200)----------------------------------------------------------------------------------------------------(3100)---------------------------------------------------------------------s(3040)----------------s(3034)----------------------------------(3000)----------------------------------------------------------------------------------------------------(2900)------------------------------------------------------------------------------------s(2825)-s(2833)shhhhhhhhhhhhhhhhhhhhhhhhhhhhhhhhhhhhhhhhhhhhhhhhhhhhhhhhhhhhhhhh9(2778)------------------s(2770)---------------------s(2760)-----s(2766)---------------------------s(2750)--------------------------------------------------(2700)----------------------------------------------------------------------------------------------------(2600)----------------------------------------------------------------------------------------------------(2500)---------s(2499)---------------------------------------------------------------------------------------------------(2400)----------------------------------------------------------------------------------------------------(2300)-----------------------------------------------s(2262)--------------------------------------------------------------(2200)---------------------------------------------------------------------------s(2134)s(2141)-------------------------s(2124)------------------------(2100)----------------------------------------------------------------------------------------------------(2000)-----------------------------------------s(1969)----------------------------s(1950)s(1959)-----------------------------------------------------------(1900)----------------------------------------------------------------------------------------------------(1800)----------------------------------------------------------------------------------------------------(1700)-------------------------------s(1678)---------------------------------------------s(1643)----------------s(1638)-----------------------s(1625)-------------------------(1600)--------------------------------------s(1571)-----------------------------------------------------------------------(1500)--s(1506)------(1500)----------------------------------s(1476)------------------------------s(1454)--------s(1456)------------------------------s(1437)------------------------------------s(1412)------------(1400)----------------------------------------------------------------------------------------------------(1300)----s(1306)s(1315)---------------(1300)------------------s(1291)----------s(1290)-----------------------s(1277)--------------------s(1265)s(1275)s(1284)s(1293)--s(1301)-(1300)----------------s(1294)-------------------------s(1280)----s(1285)---------------------s(1274)s(1283)s(1292)-----------------s(1283)-----s(1287)-------------------------------------s(1259)s(1268)-----------ss(1279)s(1290)s(1301)s(1312)s(1323)s(1334)------s(1337)---s(1343)-s(1352)s(1363)s(1373)s(1383)--------------------s(1374)s(1385)----------------------s(1374)s(1385)----s(1392)s(1403)-s(1413)---s(1421)s(1432)s(1440)s(1450)--s(1459)------s(1464)-s(1474)s(1485)s(1496)s(1507)-------(1500)----s(1507)s(1517)------s(1521)-s(1531)s(1540)s(1551)s(1561)s(1572)s(1583)s(1594)s(1605)s(1616)s(1627)s(1638)s(1649)s(1660)s(1670)s(1680)s(1690)s(1700)s(1710)----------(1700)---s(1708)s(1719)s(1730)s(1739)--s(1748)------------------------------------------------(1700)---s(1709)----s(1714)--------------(1700)-------s(1704)s(1714)s(1723)-----------------------(1700)-------------------------------s(1679)------s(1684)-----------------------------------------s(1652)s(1662)--------------------------------------------------------------(1600)----------------------------------------------------------------------------------------------------(1500)----------------------------------------------------------------------------------------------------(1400)----------------------------------------------------------------------------------------------------(1300)----------------------------------------------------------------shhhhhhhhhhhhhhhhhhhh10(1225)-------------s(1223)----------ss(1233)-s(1242)----------------------s(1230)-------------------s(1218)----------------s(1212)------------(1200)---s(1207)-------(1200)-------------s(1195)----------------------------------------------s(1158)--------------------------------------s(1128)----------------------------(1100)----------------------------------------------------------------------------------------------------(1000)----------------------------------------------------------------------------------------------------(900)----------------------------------------------------------------------------------------------------(800)----------------------------------------------------------------------------------------------------(700)-----------------------------------------------------------------------------s(634)----s(640)----------------------------------------(600)---------------------------------s(576)-s(584)-s(592)s(601)-(600)-s(608)--s(615)-s(623)s(632)-----s(637)-------------s(635)---------s(634)-s(642)-------------------------s(627)--s(634)--s(642)s(651)-s(659)--s(666)------s(670)-----------s(669)---------------s(663)s(672)----------ss(683)-s(692)s(703)s(714)s(725)s(736)s(747)s(758)s(769)-s(778)s(789)-s(799)s(810)s(820)s(830)s(841)-s(850)s(861)s(871)s(881)s(891)s(901)s(911)s(922)s(932)s(943)s(953)s(964)s(974)s(984)s(994)s(1004)s(1014)--------------(1000)------------------s(992)--s(1000)-s(1009)s(1019)--s(1027)--s(1035)-s(1044)shhhhhhhhhhhhhhhhhhhhhhhhhhhhhhhhhhhhhhhhhhhhhhhhhhhhhhhhhhhhhhhhhhhhhhhhhhhhhhhhhhhhhhhhhhhhhhhhhhhhhhhhhhhhhhhhhhhhhhhhhhhhhhhhhhhhhhhhhhhhhhhhhhhhhhhhhhhhhhhhhhhhhhhhhhhhhhhhhhhhhhhhhhhhhhhhhhhhhhhhhhhhhhhhhhhhhh11(840)-----s(845)---------------------------------------------(800)------------------------------------------------------------------------(700)----------------------------------------------------------------------------------------------------(600)----------------------------------------------------------------------------------------------------(500)----------------------------------------------------------s(451)---------------------------------------------------(400)-------------------------------------------------------s(355)s(364)-----s(370)s(381)-s(391)------------------------------------------------------------------------------------s(318)s(328)s(339)s(350)s(361)s(371)s(382)s(393)s(404)s(415)s(426)s(436)s(446)shhhhhhhhhhhhhhhhhhhhhhhhhhhhhhhhhhhhhhhhhhhhhhhhhhhhhhhhhhhhhhhhhhhhhhhhhhhhhhhhhhhhhhhhhhhhhhhhhhhhhhhhhhhhhhhhhhhhhhhhhhhhhhhhhhhhhhhhhhhhhhhhhhhhhhhhhhhhhhhhhhhhhhhhhhhhhhhhhhhhhhhhhhhhhhhhhhhhhhhhhhhhhhhhhhhhhhhh12(240)----------------------------------------(200)----------------------------------------------------------------------------------------------------(100)-----------------------------------------------s(64)s(75)s(85)s(95)s(106)s(116)s(126)s(136)s(147)s(157)s(168)shhhhhhhhhhhhhhhhhhhhhhhhhhhhhhhhhhhhhhhhhh13(136)------------------------------------(100)------------------------------------------------------------------------s(38)s(49)s(59)s(69)shhhhhhhhhhhhhhhhhhhhhhhh14(55)---------------------------------------------shhhhhhhhhhhhhhhhhhhhh
product criterion:32650 chain criterion:607699
hilbert series criterion:882
dehomogenization
simplification
imap to ring (ZZ/179424673),(x14,x13,x12,x11,x10,x9,x8,x7,x6,x5,x4,x3,x2,x1),(lp(14),C)
Auf Wiedersehen.
                     SINGULAR                                 /  Development
 A Computer Algebra System for Polynomial Computations       /   version 4.3.2
                                                           0<
 by: W. Decker, G.-M. Greuel, G. Pfister, H. Schoenemann     \   Feb 2023
FB Mathematik der Universitaet, D-67653 Kaiserslautern        \  Debian 1:4.3.2-p10+ds-1.1build1
// ** loaded /usr/bin/../share/singular/LIB/primdec.lib (4.3.2.9,Oct_2023)
// ** loaded /usr/bin/../share/singular/LIB/ring.lib (4.3.1.3,Feb_2023)
// ** loaded /usr/bin/../share/singular/LIB/absfact.lib (4.1.2.0,Feb_2019)
// ** loaded /usr/bin/../share/singular/LIB/triang.lib (4.1.2.0,Feb_2019)
// ** loaded /usr/bin/../share/singular/LIB/matrix.lib (4.3.2.3,Aug_2023)
// ** loaded /usr/bin/../share/singular/LIB/nctools.lib (4.1.2.0,Feb_2019)
// ** loaded /usr/bin/../share/singular/LIB/inout.lib (4.1.2.0,Feb_2019)
// ** loaded /usr/bin/../share/singular/LIB/random.lib (4.1.2.0,Feb_2019)
// ** loaded /usr/bin/../share/singular/LIB/polylib.lib (4.2.0.0,Dec_2020)
// ** loaded /usr/bin/../share/singular/LIB/elim.lib (4.3.2.5,Jul_2023)
// ** loaded /usr/bin/../share/singular/LIB/general.lib (4.1.2.0,Feb_2019)
[65535:4]1(13)s(12)s2(11)s3(10)s(9)s(8)s(7)s(6)s(5)s(4)s(3)s(2)s4ss
(S:13)-------------
product criterion:91 chain criterion:0
// ** redefining j (int j = 2;)
rt
// ** redefining p (    poly p = reduce(kb[a]*kb[b], gb);)
rt
// ** redefining p (    poly p = reduce(kb[a]*kb[b], gb);)
rt
// ** redefining p (    poly p = reduce(kb[a]*kb[b], gb);)
rt
// ** redefining b (int b = 1;)
// ** redefining p (    poly p = reduce(kb[a]*kb[b], gb);)
rt
// ** redefining p (    poly p = reduce(kb[a]*kb[b], gb);)
rt
// ** redefining p (    poly p = reduce(kb[a]*kb[b], gb);)
rt
// ** redefining p (    poly p = reduce(kb[a]*kb[b], gb);)
rt
// ** redefining b (int b = 1;)
// ** redefining p (    poly p = reduce(kb[a]*kb[b], gb);)
rt
// ** redefining p (    poly p = reduce(kb[a]*kb[b], gb);)
rt
// ** redefining p (    poly p = reduce(kb[a]*kb[b], gb);)
rt
// ** redefining p (    poly p = reduce(kb[a]*kb[b], gb);)
rt
// ** redefining b (int b = 1;)
// ** redefining p (    poly p = reduce(kb[a]*kb[b], gb);)
rt
// ** redefining p (    poly p = reduce(kb[a]*kb[b], gb);)
rt
// ** redefining p (    poly p = reduce(kb[a]*kb[b], gb);)
rt
// ** redefining p (    poly p = reduce(kb[a]*kb[b], gb);)
rt
Auf Wiedersehen.

                             3
Set::write: Tag Power in A[7]  is Protected.

                             2
Set::write: Tag Power in A[7]  is Protected.

Set::write: Tag String in A[7] is Protected.

General::stop: Further output of Set::write will be suppressed during this calculation.

Set::setraw: Cannot assign to raw object 1.

Set::setraw: Cannot assign to raw object 1.
  >> 1 region(s): expReg=2315.535s  build=0.053s
  [sector total: 2315.594s]
#Non-triv Sectors = 1

[SECTOR_RESULT] key=1110110 tier=Retry state=done time=2315.594537 regions=1
