
      +++  sector:  {1, 1, 0, 1, 0, 0, 0}  (1/1)  +++ 
                     SINGULAR                                 /  Development
 A Computer Algebra System for Polynomial Computations       /   version 4.3.2
                                                           0<
 by: W. Decker, G.-M. Greuel, G. Pfister, H. Schoenemann     \   Feb 2023
FB Mathematik der Universitaet, D-67653 Kaiserslautern        \  Debian 1:4.3.2-p10+ds-1.1build1
compute hilbert series with std in ring (ZZ/179424673),(x14,x13,x12,x11,x10,x9,x8,x7,x6,x5,x4,x3,x2,x1,@),(dp(15),C)
weights used for hilbert series: 1,1,1,1,1,1,1,1,1,1,1,1,1,1,1
[65535:4]2(14)s(13)s(12)s(11)s(10)s(9)s(8)s(7)s(8)s(10)s(9)s(12)s(13)s(14)s(17)s3(21)s(24)s(27)---s-s(32)s(37)s(46)----s(51)-s(53)s(59)s(67)--4------------------s(51)-----s(48)--s(55)--------s(52)s(62)-s(69)--------------5-------------------------s(34)-----------s(27)----------------6-----------
product criterion:263 chain criterion:86
std with hilb in (ZZ/179424673),(x14,x13,x12,x11,x10,x9,x8,x7,x6,x5,x4,x3,x2,x1,@),(lp(14),dp(1),C)
[65535:4]2(32)s(31)s(30)ss(29)s(28)sss(29)ss(31)s(30)s(32)ss(35)s3(39)s(43)s(48)s(54)s(60)s(67)s(76)-------s(78)-s(82)s(90)shhhhhhhhhhhhhh4(82)-------s---s(87)-s(92)s(103)---(100)----s(105)-----(100)-----------shhhhhhhhhhhhhhhhhhhhhhhhhh5(71)---------s(73)-------------------shhhhhhhhhhhhhhhhhhhhhhhhhhhhhhhhhhhhhhhhhhhhhhhhhhhhhhhhhhhhhhhhh
product criterion:263 chain criterion:90
hilbert series criterion:105
dehomogenization
simplification
imap to ring (ZZ/179424673),(x14,x13,x12,x11,x10,x9,x8,x7,x6,x5,x4,x3,x2,x1),(lp(14),C)
Auf Wiedersehen.
  >> 0 regions (all trivial): expReg=0.525s
  [sector total: 0.531s]
#Non-triv Sectors = 0

