
      +++  sector:  {0, 0, 1, 1, 1, 0, 0}  (1/1)  +++ 
                     SINGULAR                                 /  Development
 A Computer Algebra System for Polynomial Computations       /   version 4.3.2
                                                           0<
 by: W. Decker, G.-M. Greuel, G. Pfister, H. Schoenemann     \   Feb 2023
FB Mathematik der Universitaet, D-67653 Kaiserslautern        \  Debian 1:4.3.2-p10+ds-1.1build1
compute hilbert series with std in ring (ZZ/179424673),(x14,x13,x12,x11,x10,x9,x8,x7,x6,x5,x4,x3,x2,x1,@),(dp(15),C)
weights used for hilbert series: 1,1,1,1,1,1,1,1,1,1,1,1,1,1,1
[65535:4]2(14)s(13)s(12)s(11)s(10)s(9)s(8)s(7)s(8)s(10)s(11)s(14)s(15)s(17)s(21)s3(20)s(23)-s(25)s(28)---s(32)-s(39)s(42)--s(48)-s(53)s(59)---4-----------------s(42)---s(46)s(51)----------s(45)-------------s(38)-5-----------------------------------6--
product criterion:219 chain criterion:50
std with hilb in (ZZ/179424673),(x14,x13,x12,x11,x10,x9,x8,x7,x6,x5,x4,x3,x2,x1,@),(lp(14),dp(1),C)
[65535:4]2(28)s(27)s(26)s(25)s(24)s(23)s(22)s(21)s(20)s(21)s(23)s(26)s(28)s(31)s(32)s3(34)s(38)s(43)s(48)s(55)s(65)-s(72)s(80)----s(82)---shhhhhhhhhhhhh4(71)--s(77)---------s(79)----------------s(70)----s(75)----shhhhhhhhhhhhhhhhhhhhhhhhhhhhhhhhhhhhhhhhhhhhhhhhhhhhhhhhhhhhhhhhhhhhhhhhhhhhhh
product criterion:218 chain criterion:54
hilbert series criterion:91
dehomogenization
simplification
imap to ring (ZZ/179424673),(x14,x13,x12,x11,x10,x9,x8,x7,x6,x5,x4,x3,x2,x1),(lp(14),C)
Auf Wiedersehen.
  >> 0 regions (all trivial): expReg=0.47300000000000003s
  [sector total: 0.47800000000000004s]
#Non-triv Sectors = 0

