
      +++  sector:  {0, 0, 0, 1, 1, 1, 0}  (1/1)  +++ 
                     SINGULAR                                 /  Development
 A Computer Algebra System for Polynomial Computations       /   version 4.3.2
                                                           0<
 by: W. Decker, G.-M. Greuel, G. Pfister, H. Schoenemann     \   Feb 2023
FB Mathematik der Universitaet, D-67653 Kaiserslautern        \  Debian 1:4.3.2-p10+ds-1.1build1
compute hilbert series with std in ring (ZZ/179424673),(x14,x13,x12,x11,x10,x9,x8,x7,x6,x5,x4,x3,x2,x1,@),(dp(15),C)
weights used for hilbert series: 1,1,1,1,1,1,1,1,1,1,1,1,1,1,1
[65535:4]2(14)s(13)s(12)s(11)s(10)s(9)s(8)s(7)s(8)s(10)s(13)s(12)s(13)s(15)s(16)s3(20)s(23)-s(27)-s(31)s(36)s(41)-------s(36)--s(40)s(46)s(52)4-----------------s(37)---s(42)s(46)----s------s(48)s(55)------------s(50)-5----------------s(36)----s(35)------s(34)--s(35)----------------6-------------------
product criterion:284 chain criterion:116
std with hilb in (ZZ/179424673),(x14,x13,x12,x11,x10,x9,x8,x7,x6,x5,x4,x3,x2,x1,@),(lp(14),dp(1),C)
[65535:4]2(34)s(33)s(32)s(31)s(30)s(29)s(28)s(27)s(26)s(27)s(28)s(30)s(31)s(33)s(36)s3(39)s(42)s(47)-s(51)-s(55)----s(58)s(65)s(72)--shhhhhhhhhhhhh4(63)---s(65)-------s(67)s(77)-s(83)--s(90)---s(93)s(100)-------s(102)--(100)-----shhhhhhhhhhhhhhhhh5(85)-------s(88)-s(97)-s(107)-------(100)-shhhhhhhhhhhhhhhhhhhhhhhhhhhhhhhhhhhhhhhhhhhhhhhhhhhhhhhhhhhhhhhhhhhhhhhhhhhhhhhhhhhhhhhhhhhhhhhhhhhhhhhhhhhhh
product criterion:287 chain criterion:148
hilbert series criterion:139
dehomogenization
simplification
imap to ring (ZZ/179424673),(x14,x13,x12,x11,x10,x9,x8,x7,x6,x5,x4,x3,x2,x1),(lp(14),C)
Auf Wiedersehen.
  >> 0 regions (all trivial): expReg=0.489s
  [sector total: 0.494s]
#Non-triv Sectors = 0

