
      +++  sector:  {0, 0, 1, 1, 1, 1, 0}  (1/1)  +++ 
                     SINGULAR                                 /  Development
 A Computer Algebra System for Polynomial Computations       /   version 4.3.2
                                                           0<
 by: W. Decker, G.-M. Greuel, G. Pfister, H. Schoenemann     \   Feb 2023
FB Mathematik der Universitaet, D-67653 Kaiserslautern        \  Debian 1:4.3.2-p10+ds-1.1build1
compute hilbert series with std in ring (ZZ/179424673),(x14,x13,x12,x11,x10,x9,x8,x7,x6,x5,x4,x3,x2,x1,@),(dp(15),C)
weights used for hilbert series: 1,1,1,1,1,1,1,1,1,1,1,1,1,1,1
[65535:4]2(14)s(13)s(12)s(11)s(10)s(9)s(8)s(7)s(8)s(10)s(11)s(14)s(15)s(17)s(21)s3(23)s(27)s(33)s(37)s(41)s(46)s(52)s(54)s(57)s(65)s(73)s(79)s(83)s(90)s(98)s(104)s(112)s(120)-s(125)s(129)s(136)s(144)s(150)4-s(157)s(166)-s(175)s(184)------s(188)---------s(190)s(202)--(200)-----------------s(194)s(206)------(200)---------------s(192)-s(198)s(205)s(214)--s(222)---s(229)---s(233)----s(236)-s(243)-s(251)--s(257)---s(263)s(273)----------------------------------s(246)-5---------------------------------------------(200)------------------------------------s(174)--s(183)s(195)----------s(196)---s(205)s(218)------------------(200)------------------------------------------------------s(155)s(166)s(175)s(184)----s(190)--------------------------------------s(163)s(173)-------------s(169)-----6----------------------------------------------------------------(100)--------------------------------------------------s(61)-----------------------------s(43)------------------7-------------------------
product criterion:1017 chain criterion:1244
std with hilb in (ZZ/179424673),(x14,x13,x12,x11,x10,x9,x8,x7,x6,x5,x4,x3,x2,x1,@),(lp(14),dp(1),C)
[65535:4]2(75)s(74)s(73)s(72)s(71)s(70)s(69)s(68)s(69)s(70)s(72)s(74)s(76)s(80)s(84)s3(88)s(90)s(92)s(98)s(103)s(109)s(112)s(113)s(118)s(123)s(130)s(134)s(140)s(148)s(153)s(161)s(167)s(173)s(182)s(188)s(194)s(196)-s(202)s(208)s(218)s(227)-shhhhhhhhhhhhhhhhhhhhhh4(210)s(218)s(227)-s(234)s(244)-s(253)s(263)s(272)s(283)--s(291)-s(296)s(304)s(313)-----s(315)s(327)s(334)---s(342)--------ss(352)---------s(355)-------------------------------s(331)----s(335)---s(339)---------------------------------------(300)-------shhhhhhhhhhhhhhhhhhhhhhhhhhhhhhhhhhhhhhh5(263)-----s(268)-s(278)---------------s(274)-----s(280)--s(287)--s(297)-s(307)-------(300)s(313)-s(324)-------s(327)-s(336)---------------------------------s(312)------------(300)---------------------------------s(276)----------------------------------------------------------------------------(200)--------shhhhhhhhhhhhhhhhhhhhhhhhhhhhhhhhhhh6(167)-----------s-----------------s(161)-------------------------------------------------------------(100)-------------------------------------------------------------------------shhhhhhhhhhhhhhhhhhhhhhhhhhhhhhhhhhhhh
product criterion:1241 chain criterion:1374
hilbert series criterion:133
dehomogenization
simplification
imap to ring (ZZ/179424673),(x14,x13,x12,x11,x10,x9,x8,x7,x6,x5,x4,x3,x2,x1),(lp(14),C)
Auf Wiedersehen.
                     SINGULAR                                 /  Development
 A Computer Algebra System for Polynomial Computations       /   version 4.3.2
                                                           0<
 by: W. Decker, G.-M. Greuel, G. Pfister, H. Schoenemann     \   Feb 2023
FB Mathematik der Universitaet, D-67653 Kaiserslautern        \  Debian 1:4.3.2-p10+ds-1.1build1
// ** loaded /usr/bin/../share/singular/LIB/primdec.lib (4.3.2.9,Oct_2023)
// ** loaded /usr/bin/../share/singular/LIB/ring.lib (4.3.1.3,Feb_2023)
// ** loaded /usr/bin/../share/singular/LIB/absfact.lib (4.1.2.0,Feb_2019)
// ** loaded /usr/bin/../share/singular/LIB/triang.lib (4.1.2.0,Feb_2019)
// ** loaded /usr/bin/../share/singular/LIB/matrix.lib (4.3.2.3,Aug_2023)
// ** loaded /usr/bin/../share/singular/LIB/nctools.lib (4.1.2.0,Feb_2019)
// ** loaded /usr/bin/../share/singular/LIB/inout.lib (4.1.2.0,Feb_2019)
// ** loaded /usr/bin/../share/singular/LIB/random.lib (4.1.2.0,Feb_2019)
// ** loaded /usr/bin/../share/singular/LIB/polylib.lib (4.2.0.0,Dec_2020)
// ** loaded /usr/bin/../share/singular/LIB/elim.lib (4.3.2.5,Jul_2023)
// ** loaded /usr/bin/../share/singular/LIB/general.lib (4.1.2.0,Feb_2019)
map with cache
map with cache
map with cache
map with cache
map with cache
map with cache
map with cache
map with cache
map with cache
map with cache
map with cache
map with cache
map with cache
map with cache
std in (ZZ/179424673),(x14,x13,x12,x11,x10,x9,x8,x7,x6,x5,x4,x3,x2,x1),(dp(14),C)
[65535:4]1(13)s(12)s(11)s(10)s(9)s(8)s(7)s(6)s(5)s(4)s(3)s(2)sss
(S:13)-------------
product criterion:91 chain criterion:0
[65535:4]1(13)s(12)s(11)s(10)s(9)s(8)s(7)s(6)s(5)s(4)s(3)s(2)sss
(S:13)-------------
product criterion:91 chain criterion:0
map is a permutation
[65535:5]1(14)s(13)s(12)s(11)s(10)s(9)s(8)s(7)s(6)s(5)s(4)s(3)s(2)sss
(S:14)--------------
product criterion:105 chain criterion:0
[65535:4]1(13)s(12)s(11)s(10)s(9)s(8)s(7)s(6)s(5)s(4)s(3)s(2)sss
(S:13)-------------
product criterion:91 chain criterion:0
{1}[65535:6]1(13)s(12)s(11)s(10)s(9)s(8)s(7)s(6)s(5)s(4)s(3)s(2)sss
(S:14)---------------
product criterion:0 chain criterion:0
(S:14)rrrrrrrrrrrrrr
[65535:4]1(13)s(12)s(11)s(10)s(9)s(8)s(7)s(6)s(5)s(4)s(3)s(2)sss
(S:13)-------------
product criterion:91 chain criterion:0
intersect by elimination method
[65535:6]1(14)s2(13)s(12)s(11)s(10)s(9)s(8)s(7)s(6)s(5)s(4)s(3)s(2)sss
(S:14)--------------
product criterion:105 chain criterion:0
map is a permutation
[65535:5]1(14)s(13)s(12)s(11)s(10)s(9)s(8)s(7)s(6)s(5)s(4)s(3)s(2)ss2s
(S:0)
product criterion:105 chain criterion:0
map is a permutation
[65535:5]1(14)s(13)s(12)s(11)s(10)s(9)s(8)s(7)s(6)s(5)s(4)s(3)s(2)ss2s
(S:0)
product criterion:105 chain criterion:0
map is a permutation
[65535:5]1(14)s(13)s(12)s(11)s(10)s(9)s(8)s(7)s(6)s(5)s(4)s(3)s(2)ss2s
(S:0)
product criterion:105 chain criterion:0
map is a permutation
[65535:5]1(14)s(13)s(12)s(11)s(10)s(9)s(8)s(7)s(6)s(5)s(4)s(3)s(2)ss2s
(S:0)
product criterion:105 chain criterion:0
map is a permutation
[65535:5]1(14)s(13)s(12)s(11)s(10)s(9)s(8)s(7)s(6)s(5)s(4)s(3)s(2)ss2s
(S:0)
product criterion:105 chain criterion:0
map is a permutation
[65535:5]1(14)s(13)s(12)s(11)s(10)s(9)s(8)s(7)s(6)s(5)s(4)s(3)s(2)ss2s
(S:0)
product criterion:105 chain criterion:0
map is a permutation
[65535:5]1(14)s(13)s(12)s(11)s(10)s(9)s(8)s(7)s(6)s(5)s(4)s(3)s(2)ss2s
(S:0)
product criterion:105 chain criterion:0
map is a permutation
[65535:5]1(14)s(13)s(12)s(11)s(10)s(9)s(8)s(7)s(6)s(5)s(4)s(3)s(2)ss2s
(S:0)
product criterion:105 chain criterion:0
map is a permutation
[65535:5]1(14)s(13)s(12)s(11)s(10)s(9)s(8)s(7)s(6)s(5)s(4)s(3)s(2)ss2s
(S:0)
product criterion:105 chain criterion:0
map is a permutation
[65535:5]1(14)s(13)s(12)s(11)s(10)s(9)s(8)s(7)s(6)s(5)s(4)s(3)s(2)ss2s
(S:0)
product criterion:105 chain criterion:0
map is a permutation
[65535:5]1(14)s(13)s(12)s(11)s(10)s(9)s(8)s(7)s(6)s(5)s(4)s(3)s(2)ss2s
(S:0)
product criterion:105 chain criterion:0
map is a permutation
[65535:5]1(14)s(13)s(12)s(11)s(10)s(9)s(8)s(7)s(6)s(5)s(4)s(3)s(2)ss2s
(S:0)
product criterion:105 chain criterion:0
map is a permutation
[65535:5]1(14)s(13)s(12)s(11)s(10)s(9)s(8)s(7)s(6)s(5)s(4)s(3)s(2)ss2s
(S:0)
product criterion:105 chain criterion:0
map is a permutation
[65535:5]1(14)s(13)s(12)s(11)s(10)s(9)s(8)s(7)s(6)s(5)s(4)s(3)s(2)ss2s
(S:0)
product criterion:105 chain criterion:0
[65535:4]1(13)s(12)s(11)s(10)s(9)s(8)s(7)s(6)s(5)s(4)s(3)s(2)sss
(S:13)-------------
product criterion:91 chain criterion:0
// ** _ is no standard basis
Auf Wiedersehen.
                     SINGULAR                                 /  Development
 A Computer Algebra System for Polynomial Computations       /   version 4.3.2
                                                           0<
 by: W. Decker, G.-M. Greuel, G. Pfister, H. Schoenemann     \   Feb 2023
FB Mathematik der Universitaet, D-67653 Kaiserslautern        \  Debian 1:4.3.2-p10+ds-1.1build1
compute hilbert series with std in ring (ZZ/179424673),(x14,x13,x12,x11,x10,x9,x8,x7,x6,x5,x4,x3,x2,x1,@),(dp(15),C)
weights used for hilbert series: 1,1,1,1,1,1,1,1,1,1,1,1,1,1,1
[65535:4]1(13)s(12)s(11)s(10)s(9)s(8)s(7)s(6)s(5)s(4)s(3)s2(2)ss3-s4-
product criterion:88 chain criterion:0
std with hilb in (ZZ/179424673),(x14,x13,x12,x11,x10,x9,x8,x7,x6,x5,x4,x3,x2,x1,@),(lp(14),dp(1),C)
[65535:4]1(13)s(12)s(11)s(10)s(9)s(8)s(7)s(6)s(5)s(4)s(3)s2(2)ss3-shh
product criterion:88 chain criterion:0
hilbert series criterion:2
dehomogenization
simplification
imap to ring (ZZ/179424673),(x14,x13,x12,x11,x10,x9,x8,x7,x6,x5,x4,x3,x2,x1),(lp(14),C)
Auf Wiedersehen.
                     SINGULAR                                 /  Development
 A Computer Algebra System for Polynomial Computations       /   version 4.3.2
                                                           0<
 by: W. Decker, G.-M. Greuel, G. Pfister, H. Schoenemann     \   Feb 2023
FB Mathematik der Universitaet, D-67653 Kaiserslautern        \  Debian 1:4.3.2-p10+ds-1.1build1
// ** loaded /usr/bin/../share/singular/LIB/primdec.lib (4.3.2.9,Oct_2023)
// ** loaded /usr/bin/../share/singular/LIB/ring.lib (4.3.1.3,Feb_2023)
// ** loaded /usr/bin/../share/singular/LIB/absfact.lib (4.1.2.0,Feb_2019)
// ** loaded /usr/bin/../share/singular/LIB/triang.lib (4.1.2.0,Feb_2019)
// ** loaded /usr/bin/../share/singular/LIB/matrix.lib (4.3.2.3,Aug_2023)
// ** loaded /usr/bin/../share/singular/LIB/nctools.lib (4.1.2.0,Feb_2019)
// ** loaded /usr/bin/../share/singular/LIB/inout.lib (4.1.2.0,Feb_2019)
// ** loaded /usr/bin/../share/singular/LIB/random.lib (4.1.2.0,Feb_2019)
// ** loaded /usr/bin/../share/singular/LIB/polylib.lib (4.2.0.0,Dec_2020)
// ** loaded /usr/bin/../share/singular/LIB/elim.lib (4.3.2.5,Jul_2023)
// ** loaded /usr/bin/../share/singular/LIB/general.lib (4.1.2.0,Feb_2019)
[65535:4]1(13)s(12)s(11)s(10)s(9)s(8)s(7)s(6)s(5)s(4)s(3)s(2)sss
(S:13)-------------
product criterion:91 chain criterion:0
// ** redefining j (int j = 2;)
rt
Auf Wiedersehen.

Set::setraw: Cannot assign to raw object 1.

Set::setraw: Cannot assign to raw object 1.
  >> 1 region(s): expReg=1.772s  build=0.027s
  [sector total: 1.805s]
#Non-triv Sectors = 1

