
      +++  sector:  {1, 0, 1, 1, 0, 0, 0}  (1/1)  +++ 
                     SINGULAR                                 /  Development
 A Computer Algebra System for Polynomial Computations       /   version 4.3.2
                                                           0<
 by: W. Decker, G.-M. Greuel, G. Pfister, H. Schoenemann     \   Feb 2023
FB Mathematik der Universitaet, D-67653 Kaiserslautern        \  Debian 1:4.3.2-p10+ds-1.1build1
compute hilbert series with std in ring (ZZ/179424673),(x14,x13,x12,x11,x10,x9,x8,x7,x6,x5,x4,x3,x2,x1,@),(dp(15),C)
weights used for hilbert series: 1,1,1,1,1,1,1,1,1,1,1,1,1,1,1
[65535:4]2(14)s(13)s(12)s(11)s(10)s(9)s(8)s(7)s(8)s(10)s(9)s(12)s(13)s(14)s(17)s3(21)s(24)s(27)---s---s(30)s(36)s(44)----s(49)s(53)-s(57)s(60)4------------------s(49)-----------s(40)----------s(38)s(44)----------5------------------s(20)----s----------6----------
product criterion:241 chain criterion:65
std with hilb in (ZZ/179424673),(x14,x13,x12,x11,x10,x9,x8,x7,x6,x5,x4,x3,x2,x1,@),(lp(14),dp(1),C)
[65535:4]2(30)s(29)s(28)ss(27)s(26)ss(25)sss(27)s(29)s(28)s(30)s(32)s3(35)s(39)s(44)s(50)-s(57)s(66)-------s(65)s(73)shhhhhhhhhhhhhh4(67)------s(72)s(80)-----s(83)------shhhhhhhhhhhhhhhhhhhhhhhhhhhhhhhh5(53)-------s(57)-----------shhhhhhhhhhhhhhhhhhhhhhhhhhhhhhhhhhhhhhhhhhhhhhhhhhhhhhhh
product criterion:204 chain criterion:59
hilbert series criterion:102
dehomogenization
simplification
imap to ring (ZZ/179424673),(x14,x13,x12,x11,x10,x9,x8,x7,x6,x5,x4,x3,x2,x1),(lp(14),C)
Auf Wiedersehen.
  >> 0 regions (all trivial): expReg=0.497s
  [sector total: 0.502s]
#Non-triv Sectors = 0

