
      +++  sector:  {0, 1, 1, 0, 1, 1, 0}  (1/1)  +++ 
                     SINGULAR                                 /  Development
 A Computer Algebra System for Polynomial Computations       /   version 4.3.2
                                                           0<
 by: W. Decker, G.-M. Greuel, G. Pfister, H. Schoenemann     \   Feb 2023
FB Mathematik der Universitaet, D-67653 Kaiserslautern        \  Debian 1:4.3.2-p10+ds-1.1build1
compute hilbert series with std in ring (ZZ/179424673),(x14,x13,x12,x11,x10,x9,x8,x7,x6,x5,x4,x3,x2,x1,@),(dp(15),C)
weights used for hilbert series: 1,1,1,1,1,1,1,1,1,1,1,1,1,1,1
[65535:4]2(14)s(13)s(12)s(11)s(10)s(9)s(8)s(7)s(8)s(9)s(11)s(15)s(16)s(20)s(23)s3(24)s(28)s(31)s(36)s(41)s(46)s(53)s(59)s(62)s(68)s(73)s(80)s(86)-s(91)s(98)s(103)s(109)s(117)s(125)s(129)s(135)s(141)s(150)s(156)s4(163)--s(170)s(177)--s(182)------s(183)s(192)-s(200)-s(209)s(216)s(225)s(233)----s(239)s(249)----s(257)--s(266)s(275)-s(281)s(293)-s(300)-s(308)s(318)--s(327)-s(338)-s(350)--s(358)---s(364)s(370)-s(380)-s(388)s(395)s(409)-----s(415)s(420)------s(421)s(431)s(441)-s(453)s(461)--s(470)-s(479)-----s(485)s(497)s(506)----s(511)-----------(500)-----------------------------s(479)---5-s(484)---s(490)s(501)s(510)s(520)-s(531)s(544)-s(553)s(564)------s(569)s(578)s(590)---s(599)s(612)----s(621)---------------------(600)----------------s(594)-s(604)s(616)----s(624)----------s(625)-s(635)------------------------s(622)s(634)--------------s(632)s(644)------------------s(639)s(652)----------------------------------------------------(600)--------------------------------s(580)--------------------------------------------------------------------------------(500)---------------------------------------------------------s(453)-s(463)s(473)-----------s(472)--------s(475)----------------------------------------s(446)------s(450)--------------------6-s(441)-----------------------------s(424)------------------------(400)----------------------------------------------------------------------------------------------------(300)----------------------------------------------------------------------------------------------------(200)--------------------------------------------------------------s(151)---------------------------------------------------(100)s(109)--------s(111)-s(121)--s(129)-------------------------s(114)---------s(116)---------7-------(100)----------------------------------------------------------------------------------------------------
product criterion:1990 chain criterion:4824
std with hilb in (ZZ/179424673),(x14,x13,x12,x11,x10,x9,x8,x7,x6,x5,x4,x3,x2,x1,@),(lp(14),dp(1),C)
[65535:4]2(126)s(125)s(124)s(123)s(122)s(121)s(120)s(119)s(120)s(121)s(122)s(124)s(127)s(129)s(133)s3(137)s(141)s(146)s(150)s(153)s(157)s(162)s(165)s(173)s(179)s(186)s(190)s(198)s(206)s(213)s(221)s(229)s(234)s(239)s(244)s(251)-s(261)s(268)s(275)s(282)shhhhhhhhhhhhhhhhhhhhhhhh4(264)s(273)s(280)-s(289)s(298)s(307)s(317)-s(325)-s(335)s(344)s(351)s(358)s(369)s(379)s(387)s(393)-s(400)--s(409)s(420)s(429)-s(438)--s(445)--s(451)s(460)---s(467)s(476)----s(481)-s(490)-s(501)s(512)--s(520)s(531)-s(542)----s(551)--s(558)-----s(564)-s(575)----------s(571)s(579)-----s(586)----------------s(583)-------s(585)----------------------shhhhhhhhhhhhhhhhhhhhhhhhhhhhhhhhhhhhhhhhhhhhhhhhhhhhhhhhhhhh5(511)s(520)s(530)s(540)s(550)s(561)s(572)s(584)s(595)s(606)--s(615)-s(626)-s(635)s(646)s(657)s(669)--s(679)---s(688)---s(695)--s(706)s(717)s(730)s(742)--s(750)s(761)-s(773)s(785)-s(794)-s(806)s(817)s(828)--s(838)-s(849)s(860)-s(871)---------------------------------s(851)---------------------------------------------------(800)-----------------------------------------shhhhhhhhhhhhhhhhhhhhhhhhhhhhhhhhhhhhhhhhhhhhhhhhhhhhhhhhhhhhhhhhhhhhhhhhhhhhhhhhhhhhhhhhhhhhhhhhhhhhhhhhhhhhhhhhhhhhhhhhhhhhhhhhhhhhhhhhhhhhhhhhhhhhhhhhhhhhhhhhhhhhhhhhhhhhhhhhhhhhhhhhhhhhhhhhhhhhhhhhhhhhhhhhhhhhhhhhhhhhhhhhhhhhhhhhhhhhhhhhhhhhhhhhhhhhhhhhhhhhhhhhhhhhhhhhhhhhhhhhhhhhhhhhhhhhhhhhhhhhhhhhhhhhhhhhh6(456)s(468)--s(479)----------------------------------s(454)---------------------s(443)------s(450)-----------------------------s(431)-------------------------------(400)-------------------------s(386)------------s(384)-shhhhhhhhhhhhhhhhhhhhhhhhhhhhhhhhhhhhhhhhhhhhhhhhhhhhhhhhhhhhhhhhhhhhhhhhhhhhhhhhhhhhhhhhhhhhhhhhhhhhhhhhhhhhhhhhhhhhhhhhhhhhhhhhhhhhhhhhhhhhhhhhhhhhhhhhhhhhhhhhhhhhhhhhhhhhhhhhhhhhhhhhhhhhhhhhhhhhhhhhhhhhhhhhhhhhhhhhhhhhhhhhhhhhhhhhhhhhhhhhhhhhhhhhhhhhhhhhhhhhhhhhhhhhhhhhhhhhhhhhhhhhhhh7(107)shhhhhhhhhhhhhhhhhhhhhhhhhhhhhhhhhhhhhhhhhhhhhhhhhhhhhhhhhhhhhhhhhhhhhhhhhhhhhhhhhhhhhhhhhhhhhhhhhhhhhhhhhhh8(13)shhhhhhhhhhhhhhhhhhhhhhhhhh
product criterion:2019 chain criterion:5013
hilbert series criterion:817
dehomogenization
simplification
imap to ring (ZZ/179424673),(x14,x13,x12,x11,x10,x9,x8,x7,x6,x5,x4,x3,x2,x1),(lp(14),C)
Auf Wiedersehen.
                     SINGULAR                                 /  Development
 A Computer Algebra System for Polynomial Computations       /   version 4.3.2
                                                           0<
 by: W. Decker, G.-M. Greuel, G. Pfister, H. Schoenemann     \   Feb 2023
FB Mathematik der Universitaet, D-67653 Kaiserslautern        \  Debian 1:4.3.2-p10+ds-1.1build1
// ** loaded /usr/bin/../share/singular/LIB/primdec.lib (4.3.2.9,Oct_2023)
// ** loaded /usr/bin/../share/singular/LIB/ring.lib (4.3.1.3,Feb_2023)
// ** loaded /usr/bin/../share/singular/LIB/absfact.lib (4.1.2.0,Feb_2019)
// ** loaded /usr/bin/../share/singular/LIB/triang.lib (4.1.2.0,Feb_2019)
// ** loaded /usr/bin/../share/singular/LIB/matrix.lib (4.3.2.3,Aug_2023)
// ** loaded /usr/bin/../share/singular/LIB/nctools.lib (4.1.2.0,Feb_2019)
// ** loaded /usr/bin/../share/singular/LIB/inout.lib (4.1.2.0,Feb_2019)
// ** loaded /usr/bin/../share/singular/LIB/random.lib (4.1.2.0,Feb_2019)
// ** loaded /usr/bin/../share/singular/LIB/polylib.lib (4.2.0.0,Dec_2020)
// ** loaded /usr/bin/../share/singular/LIB/elim.lib (4.3.2.5,Jul_2023)
// ** loaded /usr/bin/../share/singular/LIB/general.lib (4.1.2.0,Feb_2019)
map with cache
map with cache
map with cache
map with cache
map with cache
map with cache
map with cache
map with cache
map with cache
map with cache
map with cache
map with cache
map with cache
std in (ZZ/179424673),(x14,x13,x12,x11,x10,x9,x8,x7,x6,x5,x4,x3,x2,x1),(dp(14),C)
[65535:5]1(13)s(12)s(11)s(10)s(9)s(8)s(7)s(6)s(5)s(4)s(3)s(2)ss4s
(S:13)-------------
product criterion:91 chain criterion:0
[65535:4]1(13)s(12)s(11)s(10)s(9)s(8)s(7)s(6)s(5)s(4)s(3)s(2)ss4s
(S:13)-------------
product criterion:91 chain criterion:0
map is a permutation
[65535:5]1(14)s(13)s(12)s(11)s(10)s(9)s(8)s(7)s(6)s(5)s(4)s(3)s(2)sss
(S:14)--------------
product criterion:105 chain criterion:0
[65535:4]1(13)s(12)s(11)s(10)s(9)s(8)s(7)s(6)s(5)s(4)s(3)s(2)sss
(S:13)-------------
product criterion:91 chain criterion:0
{1}[65535:6]1(13)s(12)s(11)s(10)s(9)s(8)s(7)s(6)s(5)s(4)s(3)s(2)sss2(12)------------
(S:14)---------------
product criterion:0 chain criterion:0
(S:14)rrrrrrrrrrrrrr
[65535:4]1(13)s(12)s(11)s(10)s(9)s(8)s(7)s(6)s(5)s(4)s(3)s(2)sss
(S:13)-------------
product criterion:91 chain criterion:0
intersect by elimination method
[65535:6]1(14)s2(13)s(12)s(11)s(10)s(9)s(8)s(7)s(6)s(5)s(4)s(3)s(2)sss
(S:14)--------------
product criterion:105 chain criterion:0
map is a permutation
[65535:5]1(14)s(13)s(12)s(11)s(10)s(9)s(8)s(7)s(6)s(5)s(4)s(3)s(2)ss2s
(S:0)
product criterion:105 chain criterion:0
map is a permutation
[65535:5]1(14)s(13)s(12)s(11)s(10)s(9)s(8)s(7)s(6)s(5)s(4)s(3)s(2)ss2s
(S:0)
product criterion:105 chain criterion:0
map is a permutation
[65535:5]1(14)s(13)s(12)s(11)s(10)s(9)s(8)s(7)s(6)s(5)s(4)s(3)s(2)ss2s
(S:0)
product criterion:105 chain criterion:0
map is a permutation
[65535:5]1(14)s(13)s(12)s(11)s(10)s(9)s(8)s(7)s(6)s(5)s(4)s(3)s(2)ss2s
(S:0)
product criterion:105 chain criterion:0
map is a permutation
[65535:5]1(14)s(13)s(12)s(11)s(10)s(9)s(8)s(7)s(6)s(5)s(4)s(3)s(2)ss2s
(S:0)
product criterion:105 chain criterion:0
map is a permutation
[65535:5]1(14)s(13)s(12)s(11)s(10)s(9)s(8)s(7)s(6)s(5)s(4)s(3)s(2)ss2s
(S:0)
product criterion:105 chain criterion:0
map is a permutation
[65535:5]1(14)s(13)s(12)s(11)s(10)s(9)s(8)s(7)s(6)s(5)s(4)s(3)s(2)ss2s
(S:0)
product criterion:105 chain criterion:0
map is a permutation
[65535:5]1(14)s(13)s(12)s(11)s(10)s(9)s(8)s(7)s(6)s(5)s(4)s(3)s(2)ss2s
(S:0)
product criterion:105 chain criterion:0
map is a permutation
[65535:5]1(14)s(13)s(12)s(11)s(10)s(9)s(8)s(7)s(6)s(5)s(4)s(3)s(2)ss2s
(S:0)
product criterion:105 chain criterion:0
map is a permutation
[65535:5]1(14)s(13)s(12)s(11)s(10)s(9)s(8)s(7)s(6)s(5)s(4)s(3)s(2)ss2s
(S:0)
product criterion:105 chain criterion:0
map is a permutation
[65535:5]1(14)s(13)s(12)s(11)s(10)s(9)s(8)s(7)s(6)s(5)s(4)s(3)s(2)ss2s
(S:0)
product criterion:105 chain criterion:0
map is a permutation
[65535:5]1(14)s(13)s(12)s(11)s(10)s(9)s(8)s(7)s(6)s(5)s(4)s(3)s(2)ss2s
(S:0)
product criterion:105 chain criterion:0
map is a permutation
[65535:5]1(14)s(13)s(12)s(11)s(10)s(9)s(8)s(7)s(6)s(5)s(4)s(3)s(2)ss2s
(S:0)
product criterion:105 chain criterion:0
map is a permutation
[65535:5]1(14)s(13)s(12)s(11)s(10)s(9)s(8)s(7)s(6)s(5)s(4)s(3)s(2)ss2s
(S:0)
product criterion:105 chain criterion:0
[65535:4]1(13)s(12)s(11)s(10)s(9)s(8)s(7)s(6)s(5)s(4)s(3)s(2)sss
(S:13)-------------
product criterion:91 chain criterion:0
map is a permutation
[65535:5]1(14)s(13)s(12)s(11)s(10)s(9)s(8)s(7)s(6)s(5)s(4)s(3)s(2)sss
(S:14)--------------
product criterion:105 chain criterion:0
[65535:4]1(13)s(12)s(11)s(10)s(9)s(8)s(7)s(6)s(5)s(4)s(3)s(2)sss
(S:13)-------------
product criterion:91 chain criterion:0
{1}[65535:6]1(13)s(12)s(11)s(10)s(9)s(8)s(7)s(6)s(5)s(4)s(3)s(2)sss2(12)------------
(S:14)---------------
product criterion:0 chain criterion:0
(S:14)rrrrrrrrrrrrrr
[65535:4]1(13)s(12)s(11)s(10)s(9)s(8)s(7)s(6)s(5)s(4)s(3)s(2)sss
(S:13)-------------
product criterion:91 chain criterion:0
intersect by elimination method
[65535:6]1(14)s2(13)s(12)s(11)s(10)s(9)s(8)s(7)s(6)s(5)s(4)s(3)s(2)sss
(S:14)--------------
product criterion:105 chain criterion:0
map is a permutation
[65535:5]1(14)s(13)s(12)s(11)s(10)s(9)s(8)s(7)s(6)s(5)s(4)s(3)s(2)ss2s
(S:0)
product criterion:105 chain criterion:0
map is a permutation
[65535:5]1(14)s(13)s(12)s(11)s(10)s(9)s(8)s(7)s(6)s(5)s(4)s(3)s(2)ss2s
(S:0)
product criterion:105 chain criterion:0
map is a permutation
[65535:5]1(14)s(13)s(12)s(11)s(10)s(9)s(8)s(7)s(6)s(5)s(4)s(3)s(2)ss2s
(S:0)
product criterion:105 chain criterion:0
map is a permutation
[65535:5]1(14)s(13)s(12)s(11)s(10)s(9)s(8)s(7)s(6)s(5)s(4)s(3)s(2)ss2s
(S:0)
product criterion:105 chain criterion:0
map is a permutation
[65535:5]1(14)s(13)s(12)s(11)s(10)s(9)s(8)s(7)s(6)s(5)s(4)s(3)s(2)ss2s
(S:0)
product criterion:105 chain criterion:0
map is a permutation
[65535:5]1(14)s(13)s(12)s(11)s(10)s(9)s(8)s(7)s(6)s(5)s(4)s(3)s(2)ss2s
(S:0)
product criterion:105 chain criterion:0
map is a permutation
[65535:5]1(14)s(13)s(12)s(11)s(10)s(9)s(8)s(7)s(6)s(5)s(4)s(3)s(2)ss2s
(S:0)
product criterion:105 chain criterion:0
map is a permutation
[65535:5]1(14)s(13)s(12)s(11)s(10)s(9)s(8)s(7)s(6)s(5)s(4)s(3)s(2)ss2s
(S:0)
product criterion:105 chain criterion:0
map is a permutation
[65535:5]1(14)s(13)s(12)s(11)s(10)s(9)s(8)s(7)s(6)s(5)s(4)s(3)s(2)ss2s
(S:0)
product criterion:105 chain criterion:0
map is a permutation
[65535:5]1(14)s(13)s(12)s(11)s(10)s(9)s(8)s(7)s(6)s(5)s(4)s(3)s(2)ss2s
(S:0)
product criterion:105 chain criterion:0
map is a permutation
[65535:5]1(14)s(13)s(12)s(11)s(10)s(9)s(8)s(7)s(6)s(5)s(4)s(3)s(2)ss2s
(S:0)
product criterion:105 chain criterion:0
map is a permutation
[65535:5]1(14)s(13)s(12)s(11)s(10)s(9)s(8)s(7)s(6)s(5)s(4)s(3)s(2)ss2s
(S:0)
product criterion:105 chain criterion:0
map is a permutation
[65535:5]1(14)s(13)s(12)s(11)s(10)s(9)s(8)s(7)s(6)s(5)s(4)s(3)s(2)ss2s
(S:0)
product criterion:105 chain criterion:0
map is a permutation
[65535:5]1(14)s(13)s(12)s(11)s(10)s(9)s(8)s(7)s(6)s(5)s(4)s(3)s(2)ss2s
(S:0)
product criterion:105 chain criterion:0
[65535:4]1(13)s(12)s(11)s(10)s(9)s(8)s(7)s(6)s(5)s(4)s(3)s(2)sss
(S:13)-------------
product criterion:91 chain criterion:0
map is a permutation
[65535:5]1(14)s(13)s(12)s(11)s(10)s(9)s(8)s(7)s(6)s(5)s(4)s(3)s(2)ss2s
(S:14)--------------
product criterion:105 chain criterion:0
[65535:4]1(13)s(12)s(11)s(10)s(9)s(8)s(7)s(6)s(5)s(4)s(3)s(2)ss2s
(S:13)-------------
product criterion:91 chain criterion:0
{1}[65535:6]1(13)s(12)s(11)s(10)s(9)s(8)s(7)s(6)s(5)s(4)s(3)s(2)ss2s3(12)------------
(S:14)---------------
product criterion:0 chain criterion:0
(S:14)rrrrrrrrrrrrrr
[65535:4]1(13)s(12)s(11)s(10)s(9)s(8)s(7)s(6)s(5)s(4)s(3)s(2)ss2s
(S:13)-------------
product criterion:91 chain criterion:0
map is a permutation
intersect by elimination method
[65535:6]1(14)s2(13)s(12)s(11)s(10)s(9)s(8)s(7)s(6)s(5)s(4)s(3)s(2)ss3s
(S:14)--------------
product criterion:105 chain criterion:0
map is a permutation
[65535:5]1(14)s(13)s(12)s(11)s(10)s(9)s(8)s(7)s(6)s(5)s(4)s(3)s(2)s2s.4
(S:0)
product criterion:91 chain criterion:0
map is a permutation
[65535:5]1(14)s(13)s(12)s(11)s(10)s(9)s(8)s(7)s(6)s(5)s(4)s(3)s(2)s2s.4
(S:0)
product criterion:91 chain criterion:0
map is a permutation
[65535:5]1(14)s(13)s(12)s(11)s(10)s(9)s(8)s(7)s(6)s(5)s(4)s(3)s(2)s2s.4
(S:0)
product criterion:91 chain criterion:0
map is a permutation
[65535:5]1(14)s(13)s(12)s(11)s(10)s(9)s(8)s(7)s(6)s(5)s(4)s(3)s(2)s2s.4
(S:0)
product criterion:91 chain criterion:0
map is a permutation
[65535:5]1(14)s(13)s(12)s(11)s(10)s(9)s(8)s(7)s(6)s(5)s(4)s(3)s(2)s2s.4
(S:0)
product criterion:91 chain criterion:0
map is a permutation
[65535:5]1(14)s(13)s(12)s(11)s(10)s(9)s(8)s(7)s(6)s(5)s(4)s(3)s(2)s2s.4
(S:0)
product criterion:91 chain criterion:0
map is a permutation
[65535:5]1(14)s(13)s(12)s(11)s(10)s(9)s(8)s(7)s(6)s(5)s(4)s(3)s(2)s2s.4
(S:0)
product criterion:91 chain criterion:0
map is a permutation
[65535:5]1(14)s(13)s(12)s(11)s(10)s(9)s(8)s(7)s(6)s(5)s(4)s(3)s(2)s2s.4
(S:0)
product criterion:91 chain criterion:0
map is a permutation
[65535:5]1(14)s(13)s(12)s(11)s(10)s(9)s(8)s(7)s(6)s(5)s(4)s(3)s(2)s2s.4
(S:0)
product criterion:91 chain criterion:0
map is a permutation
[65535:5]1(14)s(13)s(12)s(11)s(10)s(9)s(8)s(7)s(6)s(5)s(4)s(3)s(2)s2s.4
(S:0)
product criterion:91 chain criterion:0
map is a permutation
[65535:5]1(14)s(13)s(12)s(11)s(10)s(9)s(8)s(7)s(6)s(5)s(4)s(3)s(2)s2s.4
(S:0)
product criterion:91 chain criterion:0
map is a permutation
[65535:5]1(14)s(13)s(12)s(11)s(10)s(9)s(8)s(7)s(6)s(5)s(4)s(3)s(2)s2s.4
(S:0)
product criterion:91 chain criterion:0
map is a permutation
[65535:5]1(14)s(13)s(12)s(11)s(10)s(9)s(8)s(7)s(6)s(5)s(4)s(3)s(2)s2s.4
(S:0)
product criterion:91 chain criterion:0
map is a permutation
[65535:5]1(14)s(13)s(12)s(11)s(10)s(9)s(8)s(7)s(6)s(5)s(4)s(3)s(2)s2s3s
(S:0)
product criterion:105 chain criterion:0
[65535:4]1(13)s(12)s(11)s(10)s(9)s(8)s(7)s(6)s(5)s(4)s(3)s(2)ss2s
(S:13)-------------
product criterion:91 chain criterion:0
// ** _ is no standard basis
// ** _ is no standard basis
// ** _ is no standard basis
Auf Wiedersehen.
                     SINGULAR                                 /  Development
 A Computer Algebra System for Polynomial Computations       /   version 4.3.2
                                                           0<
 by: W. Decker, G.-M. Greuel, G. Pfister, H. Schoenemann     \   Feb 2023
FB Mathematik der Universitaet, D-67653 Kaiserslautern        \  Debian 1:4.3.2-p10+ds-1.1build1
compute hilbert series with std in ring (ZZ/179424673),(x14,x13,x12,x11,x10,x9,x8,x7,x6,x5,x4,x3,x2,x1,@),(dp(15),C)
weights used for hilbert series: 1,1,1,1,1,1,1,1,1,1,1,1,1,1,1
[65535:4]1(13)s(12)s(11)s3(10)s(9)ss(10)s(12)ss(16)s(19)ss(24)s(25)s4(28)s(30)-s(31)s(34)s(39)s(42)s(47)s(52)s(57)s(60)s5(63)-s(67)s(73)---s(77)s(83)s(88)s(95)s(101)-(100)-s(106)s(113)-----s(116)-s(122)s(128)-s(134)-s(139)-s(142)---s(144)s(147)-s(152)s(160)s(168)--s(170)s(176)s(183)s(189)s(194)s(203)s(208)s(215)s(221)s(227)s(234)s(236)s(244)s6(250)-----------------s(241)-s(249)-------------------------------------------------(200)------------s(197)---------------------------------------------------------------s(143)---s(149)-------------------s(139)---------------------------------------(100)--------s---s(104)--s(111)---------s(109)-------7--(100)----------------------------------------------------------------------------------------------------
product criterion:422 chain criterion:1445
std with hilb in (ZZ/179424673),(x14,x13,x12,x11,x10,x9,x8,x7,x6,x5,x4,x3,x2,x1,@),(lp(14),dp(1),C)
[65535:4]1(67)s(66)s(65)s3(64)s(63)ss(64)s(66)s(69)s(73)s(78)s(84)s(91)s(99)s4(108)s-sss(110)s(111)s(112)s(115)s(116)s(118)s(119)s(123)s(124)s(127)s(129)s(131)s(136)s(138)s(142)s(145)s(148)s(149)s(155)s(159)s(164)s(168)s(172)s(174)s(176)s(183)s(188)s(194)s(199)s(204)s(207)s(209)s(212)s(220)s(223)s(230)s(236)s(242)s(246)s(249)s(252)s(257)s(266)s(268)s(276)s(283)s(290)s(295)s(301)s(305)shhhhhhhhhh5(300)------s(304)---s(310)---s(312)s(322)-s(329)--s(336)------s---s(341)s(344)s(352)-s(354)s(357)----s(362)---s(368)---s(374)s(378)-s(387)--s(388)s(394)--------s(391)-s(397)s(403)s(405)---s(407)s(414)--s(418)---s(422)-s(427)--------s(423)-s(428)-----s(430)---s(433)--s(437)--s(441)---s(445)-s(451)--------s(448)-s(454)------------s(450)--s(452)---s(456)-s(463)--------s(461)-s(468)-----------------s(454)------s(458)-----s(462)--------s(461)-s(469)------------s(461)-------------shhhhhhhhhhhhhhhhhhhhhhhhhhhhhhhhhhhhhhh6(413)-------------(400)----------------------------------------------------------s(350)-----s(354)s(363)--------------------------------------s(329)----------s----------s(327)---s(333)s(342)--------------------s(330)-----------------s(323)s(333)-s(341)s(348)s(356)s(364)-------------s(359)-------s(357)-------s(359)----s(360)s(367)----------s(366)---s(369)s(376)-s(383)s(389)s(396)s(403)---(400)-----s(405)-s(414)-s(422)s(431)--s(435)s(443)s(448)-s(454)---s(459)s(468)----------s---s(471)s(478)s(485)----------s(483)-s(488)s(495)---s(500)-s(504)-s(511)--------s-----------(500)-----------s(496)-------------s(488)------s(491)--s(498)s(504)---s(509)-s(514)-------------shhhhhhhhhhhhhhhhhhhhh7(489)-----------------------------------------------------------------------------------------(400)----------------------------------------------------------------------------------------------------(300)------------------------------------------s(265)-----------------------------------------------------s(221)---------------------(200)---------s-----------------s(193)-------s-----------s(191)s(198)s(206)-s(215)s(225)s(234)-s(242)s(252)s(259)s(267)s(276)s(285)-----------s(281)-------------s(277)--------------------------------------------s(240)-------------s(234)-shhhhhhhhhhhhhhhhhhhhhhhhhhhhhh8(211)-----------(200)----------------------------------------------------------------------------------------------------(100)--------s--s(106)-s(113)---------ss(121)--s(128)--s(135)s(145)s(153)s(161)-----------------------------------------------s(120)-----------------s9(110)----------(100)----------------------------------------------------------------shhhhhhhhhhhhhhhhhhhhhhhhhhhhhhhhhhhhhhhhhhhhhh
product criterion:2485 chain criterion:17953
hilbert series criterion:146
dehomogenization
simplification
imap to ring (ZZ/179424673),(x14,x13,x12,x11,x10,x9,x8,x7,x6,x5,x4,x3,x2,x1),(lp(14),C)
Auf Wiedersehen.
                     SINGULAR                                 /  Development
 A Computer Algebra System for Polynomial Computations       /   version 4.3.2
                                                           0<
 by: W. Decker, G.-M. Greuel, G. Pfister, H. Schoenemann     \   Feb 2023
FB Mathematik der Universitaet, D-67653 Kaiserslautern        \  Debian 1:4.3.2-p10+ds-1.1build1
compute hilbert series with std in ring (ZZ/179424673),(x14,x13,x12,x11,x10,x9,x8,x7,x6,x5,x4,x3,x2,x1,@),(dp(15),C)
weights used for hilbert series: 1,1,1,1,1,1,1,1,1,1,1,1,1,1,1
[65535:4]1(13)s(12)s(11)s3(10)s(9)ss(10)s(12)ss(16)s(19)ss(24)s(25)s4(28)s(30)-s(31)s(34)s(39)s(42)s(47)s(52)s(57)s(60)s5(63)-s(67)s(73)---s(77)s(83)s(88)s(95)s(101)-(100)-s(106)s(113)-----s(116)-s(122)s(128)-s(134)-s(139)-s(142)---s(144)s(147)-s(152)s(160)s(168)--s(170)s(176)s(183)s(189)s(194)s(203)s(208)s(215)s(221)s(227)s(234)s(236)s(244)s6(250)-----------------s(241)-s(249)-------------------------------------------------(200)------------s(197)---------------------------------------------------------------s(143)---s(149)-------------------s(139)---------------------------------------(100)--------s---s(104)--s(111)---------s(109)-------7--(100)----------------------------------------------------------------------------------------------------
product criterion:422 chain criterion:1445
std with hilb in (ZZ/179424673),(x14,x13,x12,x11,x10,x9,x8,x7,x6,x5,x4,x3,x2,x1,@),(lp(14),dp(1),C)
[65535:4]1(67)s(66)s(65)s3(64)s(63)ss(64)s(66)s(69)s(73)s(78)s(84)s(91)s(99)s4(108)s-sss(110)s(111)s(112)s(115)s(116)s(118)s(119)s(123)s(124)s(127)s(129)s(131)s(136)s(138)s(142)s(145)s(148)s(149)s(155)s(159)s(164)s(168)s(172)s(174)s(176)s(183)s(188)s(194)s(199)s(204)s(207)s(209)s(212)s(220)s(223)s(230)s(236)s(242)s(246)s(249)s(252)s(257)s(266)s(268)s(276)s(283)s(290)s(295)s(301)s(305)shhhhhhhhhh5(300)------s(304)---s(310)---s(312)s(322)-s(329)--s(336)------s---s(341)s(344)s(352)-s(354)s(357)----s(362)---s(368)---s(374)s(378)-s(387)--s(388)s(394)--------s(391)-s(397)s(403)s(405)---s(407)s(414)--s(418)---s(422)-s(427)--------s(423)-s(428)-----s(430)---s(433)--s(437)--s(441)---s(445)-s(451)--------s(448)-s(454)------------s(450)--s(452)---s(456)-s(463)--------s(461)-s(468)-----------------s(454)------s(458)-----s(462)--------s(461)-s(469)------------s(461)-------------shhhhhhhhhhhhhhhhhhhhhhhhhhhhhhhhhhhhhhh6(413)-------------(400)----------------------------------------------------------s(350)-----s(354)s(363)--------------------------------------s(329)----------s----------s(327)---s(333)s(342)--------------------s(330)-----------------s(323)s(333)-s(341)s(348)s(356)s(364)-------------s(359)-------s(357)-------s(359)----s(360)s(367)----------s(366)---s(369)s(376)-s(383)s(389)s(396)s(403)---(400)-----s(405)-s(414)-s(422)s(431)--s(435)s(443)s(448)-s(454)---s(459)s(468)----------s---s(471)s(478)s(485)----------s(483)-s(488)s(495)---s(500)-s(504)-s(511)--------s-----------(500)-----------s(496)-------------s(488)------s(491)--s(498)s(504)---s(509)-s(514)-------------shhhhhhhhhhhhhhhhhhhhh7(489)-----------------------------------------------------------------------------------------(400)----------------------------------------------------------------------------------------------------(300)------------------------------------------s(265)-----------------------------------------------------s(221)---------------------(200)---------s-----------------s(193)-------s-----------s(191)s(198)s(206)-s(215)s(225)s(234)-s(242)s(252)s(259)s(267)s(276)s(285)-----------s(281)-------------s(277)--------------------------------------------s(240)-------------s(234)-shhhhhhhhhhhhhhhhhhhhhhhhhhhhhh8(211)-----------(200)----------------------------------------------------------------------------------------------------(100)--------s--s(106)-s(113)---------ss(121)--s(128)--s(135)s(145)s(153)s(161)-----------------------------------------------s(120)-----------------s9(110)----------(100)----------------------------------------------------------------shhhhhhhhhhhhhhhhhhhhhhhhhhhhhhhhhhhhhhhhhhhhhh
product criterion:2485 chain criterion:17953
hilbert series criterion:146
dehomogenization
simplification
imap to ring (ZZ/179424673),(x14,x13,x12,x11,x10,x9,x8,x7,x6,x5,x4,x3,x2,x1),(lp(14),C)
Auf Wiedersehen.
                     SINGULAR                                 /  Development
 A Computer Algebra System for Polynomial Computations       /   version 4.3.2
                                                           0<
 by: W. Decker, G.-M. Greuel, G. Pfister, H. Schoenemann     \   Feb 2023
FB Mathematik der Universitaet, D-67653 Kaiserslautern        \  Debian 1:4.3.2-p10+ds-1.1build1
compute hilbert series with std in ring (ZZ/179424673),(x14,x13,x12,x11,x10,x9,x8,x7,x6,x5,x4,x3,x2,x1,@),(dp(15),C)
weights used for hilbert series: 1,1,1,1,1,1,1,1,1,1,1,1,1,1,1
[65535:4]1(13)s(12)s2(11)s3(10)s(9)ss(10)s(12)s(16)s(20)s(25)s(28)s(32)s(34)s4(38)s(41)s(46)s(49)s(48)s(53)s(56)s(61)s(67)s(73)s(79)s5(83)s(89)--s(94)s(99)--s(102)-s(108)-s(114)--s(118)s(125)s(131)------s(132)s(139)s(147)s(153)s(161)--s(167)-s(174)-s(183)s(190)s(194)s(201)s(209)s(215)s(224)s(228)-s(232)s(240)s(247)s(252)s(262)s(267)s(274)s(287)s(291)s(295)s(301)s(306)s(311)s(314)s(322)s(328)s(331)s(336)s(340)s(344)s(350)s(356)s(365)s6(371)---s(377)-------------------------s(362)-s(369)s(375)s(382)s(389)s(399)s(409)---------(400)------s(403)---(400)-------s(403)---(400)-s(406)------(400)----------------s(392)---------s(391)--------------s(387)---s(393)s(403)s(410)s(418)s(426)s(435)s(442)-s(449)s(457)--------s(459)----------------------------------------s(429)-----s(433)--s(440)--s(446)-----s(450)-s(458)--s(464)s(474)s(483)--s(491)s(501)-(500)------s(503)---(500)-------s(503)---(500)----------------s(494)----s(499)s(508)s(517)-----s(522)s(528)--------------------s(515)s(525)-----s(529)s(538)s(546)s(555)-s(562)--------------s(558)---------s(554)--s(557)s(566)--7-------------------------s(549)s(559)-----------------------------------------------------------(500)----------------------------------------------------------------------------------------------------(400)----------------------------------------------------------------------------------------------------(300)----------------------------------------------------------------------------------------------------(200)----------------------------------------------------------------------------------------------------(100)--------------------------------------------------------s(53)------------------8-----------------------------------
product criterion:960 chain criterion:6424
std with hilb in (ZZ/179424673),(x14,x13,x12,x11,x10,x9,x8,x7,x6,x5,x4,x3,x2,x1,@),(lp(14),dp(1),C)
[65535:4]1(129)s(128)s2(127)s3(126)s(125)ss(126)s(128)s(131)s(135)s(140)s(146)s(153)s(161)s4(170)s(171)ss(173)s(174)s(177)s(178)s(181)s(185)s(187)s(190)ss(195)s(198)s(202)s(203)s(204)s(210)s(214)s(219)s(221)s(222)s(224)s(231)s(236)s(242)s(245)s(247)s(249)s(252)s(260)s(266)s(273)s(277)s(280)s(283)s(287)s(291)s(300)s(307)s(315)s(320)s(324)s(328)s(333)s(338)s(340)s(350)s(358)s(367)s(373)s(378)s(383)s(389)s(393)shhhhhhhhhhh5(387)---s(395)---s(402)-s(410)-s(420)--s(428)s(438)s(445)s(453)-s(461)--s(470)s(480)---s(488)s(497)-s(504)--s(509)s(518)---s(519)s(526)s(536)----s(540)-s(546)-s(552)--s(544)s(552)---s(558)s(565)s(575)-s(580)--------s(579)s(587)s(594)s(597)-s(605)s(607)s(612)s(618)-s(624)--s(630)s(637)---s(642)-s(646)--------s(642)s(647)------s(646)-s(653)s(657)-s(663)s(669)-s(675)--s(682)s(689)---s(694)-s(699)--------s(696)s(701)-(700)------------s(693)s(699)-s(705)--s(713)s(720)---s(725)-s(731)--------s(729)s(736)------------------s(720)----s-s(728)--s(737)s(742)---s(745)-s(752)--------s(751)s(756)------------s(749)--------------shhhhhhhhhhhhhhhhhhhhhhhhhhhhhhhhhhhhhhhhhhhhhhhhhhhhh6(687)---------------------------s(671)-----------------------s(657)---s(659)s(668)---s(675)s(683)-s(691)---s(697)---s(704)s(714)s(724)-s(729)-------s(732)-----------------s(724)s(734)----s(741)s(751)-s(760)-----s(758)s(766)-s(774)s(784)--s(791)-----s(797)----s(801)s(805)--s(814)------s(818)s(828)s(839)s(848)----------s(849)------------s(843)s(854)-------ss(861)--------------------s(851)-s(858)s(863)s(873)------s(876)s(884)s(895)-s(898)s(907)s(912)-s(922)--s(923)s(927)s(936)---s(942)s(952)s(959)s(964)----s(971)------------------s(957)-----s(961)s(968)-s(975)s(980)s(990)-s(997)s(1003)-s(1010)-s(1020)---s(1027)---------s(1028)-s(1034)s(1043)--s(1050)-------s(1051)s(1057)--s(1061)s(1070)-----s(1072)s(1080)-s(1086)-s(1095)------s(1097)s(1106)------(1100)---------s(1102)-s(1106)-s(1114)-----s(1113)s(1120)s(1127)s(1135)s(1141)-s(1148)-s(1154)s(1161)-s(1167)s(1173)--------s---s(1179)-----s(1183)-s(1190)s(1195)--s(1201)-(1200)------s(1202)s(1208)--s(1213)s(1222)-----s(1227)s(1234)-s(1241)-s(1251)-s(1259)--s(1267)s(1272)s(1282)s(1288)---s(1293)----s(1299)-------------s(1297)-s(1305)s(1310)----------(1300)s(1308)s(1314)--s(1320)s(1329)-----ss(1335)-s(1341)-s(1348)-s(1357)---s(1365)s(1370)s(1377)s(1383)---s(1389)---------s(1386)-----s(1387)-----------------s(1381)-s(1390)s(1400)----------s(1398)s(1404)--s(1411)s(1418)-----s(1421)--s(1424)-s(1434)--------s(1433)----s(1436)s(1442)s(1451)---s(1456)s(1462)--s(1467)s(1473)---s(1480)-----------s(1475)-----shhhhhhhhhhhhhhhhhhhhhhhhhhhhhhhhhhhhhhhhhhhhhhhhhhhhhhhhhhhhhh7(1416)----------------(1400)----------------------------------------------------------------------------------------------------(1300)----------------------------------------------------------------------------------------------------(1200)----------------------------------------------------------------------------------------------------(1100)----------------------------------------------------------------------------------s(1028)----------------------------(1000)---------------------------------s(978)------------------------------------------------------------------------------(900)-----------------------------------------------------s(855)-----------------s(846)--s(853)-----------------------------------------------------(800)------------------------------------s(773)---------------------------------------------------------s(726)--------------------------(700)----------------------------------------s(669)----------s(667)---s(673)-s(680)---s(685)---s(692)----s(697)-------------------s(687)------------------------s(673)----s(678)--s(684)----s(690)-s(699)-----s(703)-s(713)-------s(716)---s(722)s(731)----------------------------s(714)s(723)------------s(720)s(730)----s(733)s(742)-s(750)-s(759)s(770)-----------s(769)s(777)-----------------s(770)s(779)s(789)s(800)s(810)-s(820)----s(826)s(834)----s(840)s(850)s(861)s(872)---s(880)s(890)s(901)s(912)s(923)s(931)s(940)----------------------------------------(900)-------s(901)s(910)-s(919)-s(929)s(938)-------------------s(928)--------------------s(919)---------s-------------------(900)-------------s(894)-s(904)----(900)--------------------------------------------------------s(851)-------------------------------------------s(816)-s(824)---shhhhhhhhhhhhhhhhhhhhhhhhhhhhhhhhhhhhhhhhhhhhhhhhhhhhhhhhhhhhhhhhhhhhhhhhhhhhhhhhhhhhhhhhhhhhhhhhhhhhhh8(727)---------------------------(700)----------------------------------------------------------------------------------------------------(600)----------------------------------------------------------------------------------------------------(500)----------------------------------------------------------------------------------------------------(400)-------------------------------------------------------------s(349)--------------------------------s(324)------s(326)-s(334)---s(342)s(352)-s(362)---------s(360)---------s(359)---s(365)s(374)--s(381)---s(387)----s(390)-------------s(385)s(394)-------s(395)-s(403)s(413)-s(422)s(433)s(444)s(455)---s(460)s(470)s(480)s(490)s(500)s(510)-s(519)---s(525)s(534)s(544)s(554)--------------------------------s(530)--------------------s(519)-shhhhhhhhhhhhhhhhhhhhhhhhhhhhhhhhhhhhhhhhhhhhhhhhhhhhhhhhhhhhhhhhhhhhhhhhhhhhhhhhhhhhhhhhhhhhhhhhhhhhhhhhhhhhhhhhhhhhhhhhhhhhhhhhhhhhhhhhhhhhhhhhhhh9(381)---------------------------------------------------------------------------------(300)----------------------------------------------------------------------------------------------------(200)----------------------------------------------------------------------------------------s(122)---------s(124)s(134)s(145)s(154)s(163)s(174)shhhhhhhhhhhhhhhhhhhhhhhhhhhhhhhhhhhhhhhhhhhhhhhhhhhhhhhhhhhhhhhhhhhhhhhhhhhhhhhhhhhhhhhhhhhhhhhh10(89)---------------------------------------------------------------------s(31)s(40)s(51)s(61)shhhhhhhhhhhhhhhh11(55)--------------------------------------------s(21)shhhhhhhhhhhhhhhhhhhhhhhhhhhhhhhh
product criterion:6675 chain criterion:77297
hilbert series criterion:519
dehomogenization
simplification
imap to ring (ZZ/179424673),(x14,x13,x12,x11,x10,x9,x8,x7,x6,x5,x4,x3,x2,x1),(lp(14),C)
Auf Wiedersehen.
                     SINGULAR                                 /  Development
 A Computer Algebra System for Polynomial Computations       /   version 4.3.2
                                                           0<
 by: W. Decker, G.-M. Greuel, G. Pfister, H. Schoenemann     \   Feb 2023
FB Mathematik der Universitaet, D-67653 Kaiserslautern        \  Debian 1:4.3.2-p10+ds-1.1build1
// ** loaded /usr/bin/../share/singular/LIB/primdec.lib (4.3.2.9,Oct_2023)
// ** loaded /usr/bin/../share/singular/LIB/ring.lib (4.3.1.3,Feb_2023)
// ** loaded /usr/bin/../share/singular/LIB/absfact.lib (4.1.2.0,Feb_2019)
// ** loaded /usr/bin/../share/singular/LIB/triang.lib (4.1.2.0,Feb_2019)
// ** loaded /usr/bin/../share/singular/LIB/matrix.lib (4.3.2.3,Aug_2023)
// ** loaded /usr/bin/../share/singular/LIB/nctools.lib (4.1.2.0,Feb_2019)
// ** loaded /usr/bin/../share/singular/LIB/inout.lib (4.1.2.0,Feb_2019)
// ** loaded /usr/bin/../share/singular/LIB/random.lib (4.1.2.0,Feb_2019)
// ** loaded /usr/bin/../share/singular/LIB/polylib.lib (4.2.0.0,Dec_2020)
// ** loaded /usr/bin/../share/singular/LIB/elim.lib (4.3.2.5,Jul_2023)
// ** loaded /usr/bin/../share/singular/LIB/general.lib (4.1.2.0,Feb_2019)
[65535:4]1(13)s(12)s(11)s(10)s2(9)s(8)s3(7)s(6)s(5)s(4)s(3)s(2)sss
(S:13)-------------
product criterion:91 chain criterion:0
// ** redefining j (int j = 2;)
rt
Auf Wiedersehen.

Set::setraw: Cannot assign to raw object 1.

Set::setraw: Cannot assign to raw object 1.
                     SINGULAR                                 /  Development
 A Computer Algebra System for Polynomial Computations       /   version 4.3.2
                                                           0<
 by: W. Decker, G.-M. Greuel, G. Pfister, H. Schoenemann     \   Feb 2023
FB Mathematik der Universitaet, D-67653 Kaiserslautern        \  Debian 1:4.3.2-p10+ds-1.1build1
// ** loaded /usr/bin/../share/singular/LIB/primdec.lib (4.3.2.9,Oct_2023)
// ** loaded /usr/bin/../share/singular/LIB/ring.lib (4.3.1.3,Feb_2023)
// ** loaded /usr/bin/../share/singular/LIB/absfact.lib (4.1.2.0,Feb_2019)
// ** loaded /usr/bin/../share/singular/LIB/triang.lib (4.1.2.0,Feb_2019)
// ** loaded /usr/bin/../share/singular/LIB/matrix.lib (4.3.2.3,Aug_2023)
// ** loaded /usr/bin/../share/singular/LIB/nctools.lib (4.1.2.0,Feb_2019)
// ** loaded /usr/bin/../share/singular/LIB/inout.lib (4.1.2.0,Feb_2019)
// ** loaded /usr/bin/../share/singular/LIB/random.lib (4.1.2.0,Feb_2019)
// ** loaded /usr/bin/../share/singular/LIB/polylib.lib (4.2.0.0,Dec_2020)
// ** loaded /usr/bin/../share/singular/LIB/elim.lib (4.3.2.5,Jul_2023)
// ** loaded /usr/bin/../share/singular/LIB/general.lib (4.1.2.0,Feb_2019)
[65535:4]1(13)s(12)s(11)s(10)s2(9)s(8)s3(7)s(6)s(5)s(4)s(3)s(2)sss
(S:13)-------------
product criterion:91 chain criterion:0
// ** redefining j (int j = 2;)
rt
Auf Wiedersehen.

Set::setraw: Cannot assign to raw object 1.

General::stop: Further output of Set::setraw will be suppressed during this calculation.
                     SINGULAR                                 /  Development
 A Computer Algebra System for Polynomial Computations       /   version 4.3.2
                                                           0<
 by: W. Decker, G.-M. Greuel, G. Pfister, H. Schoenemann     \   Feb 2023
FB Mathematik der Universitaet, D-67653 Kaiserslautern        \  Debian 1:4.3.2-p10+ds-1.1build1
// ** loaded /usr/bin/../share/singular/LIB/primdec.lib (4.3.2.9,Oct_2023)
// ** loaded /usr/bin/../share/singular/LIB/ring.lib (4.3.1.3,Feb_2023)
// ** loaded /usr/bin/../share/singular/LIB/absfact.lib (4.1.2.0,Feb_2019)
// ** loaded /usr/bin/../share/singular/LIB/triang.lib (4.1.2.0,Feb_2019)
// ** loaded /usr/bin/../share/singular/LIB/matrix.lib (4.3.2.3,Aug_2023)
// ** loaded /usr/bin/../share/singular/LIB/nctools.lib (4.1.2.0,Feb_2019)
// ** loaded /usr/bin/../share/singular/LIB/inout.lib (4.1.2.0,Feb_2019)
// ** loaded /usr/bin/../share/singular/LIB/random.lib (4.1.2.0,Feb_2019)
// ** loaded /usr/bin/../share/singular/LIB/polylib.lib (4.2.0.0,Dec_2020)
// ** loaded /usr/bin/../share/singular/LIB/elim.lib (4.3.2.5,Jul_2023)
// ** loaded /usr/bin/../share/singular/LIB/general.lib (4.1.2.0,Feb_2019)
[65535:4]1(13)s(12)s(11)s2(10)s3(9)s(8)s(7)s(6)s(5)s(4)s(3)s(2)sss
(S:13)-------------
product criterion:91 chain criterion:0
// ** redefining j (int j = 2;)
rt
// ** redefining p (    poly p = reduce(kb[a]*kb[b], gb);)
rt
// ** redefining b (int b = 1;)
// ** redefining p (    poly p = reduce(kb[a]*kb[b], gb);)
rt
// ** redefining p (    poly p = reduce(kb[a]*kb[b], gb);)
rt
Auf Wiedersehen.

Set::write: Tag String in A[7] is Protected.

Set::write: Tag Plus in 69009489 + 73947801 A[7] is Protected.

Set::write: Tag String in A[7] is Protected.

General::stop: Further output of Set::write will be suppressed during this calculation.
  >> 3 region(s): expReg=31.814s  build=0.089s
  [sector total: 31.909s]
#Non-triv Sectors = 1

