
      +++  sector:  {0, 1, 0, 1, 1, 0, 0}  (1/1)  +++ 
                     SINGULAR                                 /  Development
 A Computer Algebra System for Polynomial Computations       /   version 4.3.2
                                                           0<
 by: W. Decker, G.-M. Greuel, G. Pfister, H. Schoenemann     \   Feb 2023
FB Mathematik der Universitaet, D-67653 Kaiserslautern        \  Debian 1:4.3.2-p10+ds-1.1build1
compute hilbert series with std in ring (ZZ/179424673),(x14,x13,x12,x11,x10,x9,x8,x7,x6,x5,x4,x3,x2,x1,@),(dp(15),C)
weights used for hilbert series: 1,1,1,1,1,1,1,1,1,1,1,1,1,1,1
[65535:4]2(14)s(13)s(12)s(11)s(10)s(9)s(8)s(7)s(8)s(10)s(11)s(14)s(16)s(18)s(21)s3(20)s(23)-s(25)s(28)---s(32)s(37)-s(38)--s(43)-s(48)s(54)---4-----------------s(36)---s(41)------s(39)-------ss(49)------s(50)--5------------------s(34)--------s(31)-------------------6------------
product criterion:253 chain criterion:77
std with hilb in (ZZ/179424673),(x14,x13,x12,x11,x10,x9,x8,x7,x6,x5,x4,x3,x2,x1,@),(lp(14),dp(1),C)
[65535:4]2(31)s(30)s(29)s(28)ss(27)s(26)s(25)ss(24)s(26)s(29)s(30)s(33)s(34)s3(36)s(40)s(45)s(50)s(57)s(64)-s(71)----s(74)---shhhhhhhhhhhhh4(64)--s(69)---------s(71)---s(76)--------s-s(82)---s(88)---shhhhhhhhhhhhhhhhhh5(74)----s(81)---------------shhhhhhhhhhhhhhhhhhhhhhhhhhhhhhhhhhhhhhhhhhhhhhhhhhhhhhhhhhhhhhhhhhhhhhhhhhhhh
product criterion:247 chain criterion:85
hilbert series criterion:108
dehomogenization
simplification
imap to ring (ZZ/179424673),(x14,x13,x12,x11,x10,x9,x8,x7,x6,x5,x4,x3,x2,x1),(lp(14),C)
Auf Wiedersehen.
  >> 0 regions (all trivial): expReg=0.47200000000000003s
  [sector total: 0.47700000000000004s]
#Non-triv Sectors = 0

