
      +++  sector:  {0, 1, 0, 0, 0, 1, 0}  (1/1)  +++ 
                     SINGULAR                                 /  Development
 A Computer Algebra System for Polynomial Computations       /   version 4.3.2
                                                           0<
 by: W. Decker, G.-M. Greuel, G. Pfister, H. Schoenemann     \   Feb 2023
FB Mathematik der Universitaet, D-67653 Kaiserslautern        \  Debian 1:4.3.2-p10+ds-1.1build1
compute hilbert series with std in ring (ZZ/179424673),(x14,x13,x12,x11,x10,x9,x8,x7,x6,x5,x4,x3,x2,x1,@),(dp(15),C)
weights used for hilbert series: 1,1,1,1,1,1,1,1,1,1,1,1,1,1,1
[65535:4]2(14)s(13)s(12)s(11)s(10)s(9)s(8)s(7)s(8)s(10)s(13)s(12)s(14)s(17)s(20)3-s(22)s(25)---s(26)s(30)s(37)s(45)-s(49)--------4----------------s(30)s(35)--------------------5---------------
product criterion:128 chain criterion:32
std with hilb in (ZZ/179424673),(x14,x13,x12,x11,x10,x9,x8,x7,x6,x5,x4,x3,x2,x1,@),(lp(14),dp(1),C)
[65535:4]2(22)s(21)s(20)s(19)ss(18)s(17)s(16)s(17)s(18)s(20)ss(22)s(24)s3(28)s(32)s(37)s(43)s(49)s(55)-s(62)-shhhhhhhhhhhhhhhhhh4(49)----s(54)shhhhhhhhhhhhhhhhhhhhhhhhhhhhhhhhhhhhhhhhhhhhhhhhhhhhhhhhhhhhhhhhh
product criterion:128 chain criterion:36
hilbert series criterion:83
dehomogenization
simplification
imap to ring (ZZ/179424673),(x14,x13,x12,x11,x10,x9,x8,x7,x6,x5,x4,x3,x2,x1),(lp(14),C)
Auf Wiedersehen.
  >> 0 regions (all trivial): expReg=0.5710000000000001s
  [sector total: 0.5760000000000001s]
#Non-triv Sectors = 0

