
      +++  sector:  {1, 0, 1, 1, 1, 1, 0}  (1/1)  +++ 
                     SINGULAR                                 /  Development
 A Computer Algebra System for Polynomial Computations       /   version 4.3.2
                                                           0<
 by: W. Decker, G.-M. Greuel, G. Pfister, H. Schoenemann     \   Feb 2023
FB Mathematik der Universitaet, D-67653 Kaiserslautern        \  Debian 1:4.3.2-p10+ds-1.1build1
compute hilbert series with std in ring (ZZ/179424673),(x14,x13,x12,x11,x10,x9,x8,x7,x6,x5,x4,x3,x2,x1,@),(dp(15),C)
weights used for hilbert series: 1,1,1,1,1,1,1,1,1,1,1,1,1,1,1
[65535:4]2(14)s(13)s(12)s(11)s(10)s(9)s(8)s(7)s(8)s(10)s(11)s(14)s(15)s(17)s(19)s3(23)s(26)s(31)s(36)s(40)s(45)s(51)s(57)s(62)s(69)s(76)s(81)s(85)s(93)s(100)-s(106)s(109)s(113)s(121)s(125)s(130)s(137)s(145)s4(153)s(160)s(168)s(177)s(184)-s(191)s(199)s(207)s(216)-s(223)s(232)s(241)-s(247)s(255)----s(261)--s(270)-s(275)s(284)--s(295)s(305)----s(310)-s(322)s(327)-s(333)s(340)-s(348)s(358)s(368)----s(372)--s(382)--s(387)-s(395)---s(401)s(409)--s(417)s(427)s(438)s(449)s(458)----------------------s(448)-----------s(447)------------------------5-s(434)s(447)-s(455)s(466)s(476)-s(485)----------------------------------------------------s(444)s(455)s(465)---s(473)s(484)---s(491)s(502)-s(511)--s(519)----------s(521)------------ss(533)---------------------------s(517)--------s(521)--------------------s(514)--------------(500)-----------------------------------s(478)-----s(485)-----------s----------------------s(475)------------------------------------------s(446)--s(454)--s(465)s(472)s(482)----s(487)s(496)-----s(502)--(500)------s(502)-s(511)s(521)----s(526)-------------s(523)-----------------------(500)----s(506)------(500)------s(505)-----(500)--s(506)----s(512)------------(500)6---s(508)--------(500)----------------------------------------------------------------------------------------------------(400)----------------------------------------------------------------------------------------------------(300)----------------------------------------------------------------------------------------------------(200)------------------------------------------------------------------s(145)---------------------------s(129)-----------------------------(100)---------------------s(90)------------s(89)-----------------------7------------------------------------------------------------------
product criterion:2016 chain criterion:4602
std with hilb in (ZZ/179424673),(x14,x13,x12,x11,x10,x9,x8,x7,x6,x5,x4,x3,x2,x1,@),(lp(14),dp(1),C)
[65535:4]2(124)s(123)s(122)s(121)s(120)ssss(119)ss(121)s(123)s(124)s(127)s(131)s3(135)s(139)s(144)s(146)s(151)s(154)s(160)s(164)s(171)s(177)s(182)s(186)s(192)s(198)s(206)s(214)s(219)s(225)s(232)-s(240)s(246)s(251)s(260)s(267)s(272)shhhhhhhhhhhhhhhhhhhhhhh4(255)s(265)s(273)s(281)-s(289)s(298)s(306)s(313)s(325)s(340)s(348)-s(355)s(366)s(374)s(377)s(385)s(393)s(402)s(412)s(422)s(428)s(436)s(442)-s(449)s(458)-s(466)s(476)s(487)s(497)s(507)s(516)s(525)---s(531)----s(536)-----------s(535)-----s(540)s(548)s(560)----s(565)s(575)---------------------s(563)-----------s(564)-----s(568)------------shhhhhhhhhhhhhhhhhhhhhhhhhhhhhhhhhhhhhhhhhhhhhhhhhhhhhhhhhhhhh5(503)s(512)--s(520)s(530)s(541)s(551)s(561)-s(572)s(582)s(596)------s(601)s(613)-s(622)---s(630)-----s(635)-s(645)s(655)-s(667)s(678)-s(687)s(698)-s(707)s(718)s(729)s(741)s(753)-----s(761)-----s(768)------s(775)s(786)s(799)-----------------------s(788)-----s(796)---s(800)----------------------s(789)-------------------s(778)---s(787)-------------------------------------------------s(747)------------------------------------s(721)-------------------s(710)----------(700)--------------------------------------s(671)-----------------------s(658)----------------------------------------------------------(600)----shhhhhhhhhhhhhhhhhhhhhhhhhhhhhhhhhhhhhhhhhhhhhhhhhhhhhhhhhhhhhhhhhhhhhhhhhhhhhhhhhhhhhhhhhhhh6(514)s(526)--------------------------(500)--------------------------s(485)------------s(484)---------------------------s(468)----------------s(463)-------------------------s(449)-------------------------------------------------(400)----------------------------------------------------------------------------------------------------(300)----------------------------------------------------------------------------------------------------(200)----------------------------------------------------------------------------------------------------(100)---------------shhhhhhhhhhhhhhhhhhhhhhhhhhhhhhhhhhhhhhhhhhhhhhhhhhhhhhhhhhhhhhhhhhhhhhhhhhhhhhhhhhhhhhhhhhhhhhh
product criterion:2280 chain criterion:5160
hilbert series criterion:271
dehomogenization
simplification
imap to ring (ZZ/179424673),(x14,x13,x12,x11,x10,x9,x8,x7,x6,x5,x4,x3,x2,x1),(lp(14),C)
Auf Wiedersehen.
                     SINGULAR                                 /  Development
 A Computer Algebra System for Polynomial Computations       /   version 4.3.2
                                                           0<
 by: W. Decker, G.-M. Greuel, G. Pfister, H. Schoenemann     \   Feb 2023
FB Mathematik der Universitaet, D-67653 Kaiserslautern        \  Debian 1:4.3.2-p10+ds-1.1build1
// ** loaded /usr/bin/../share/singular/LIB/primdec.lib (4.3.2.9,Oct_2023)
// ** loaded /usr/bin/../share/singular/LIB/ring.lib (4.3.1.3,Feb_2023)
// ** loaded /usr/bin/../share/singular/LIB/absfact.lib (4.1.2.0,Feb_2019)
// ** loaded /usr/bin/../share/singular/LIB/triang.lib (4.1.2.0,Feb_2019)
// ** loaded /usr/bin/../share/singular/LIB/matrix.lib (4.3.2.3,Aug_2023)
// ** loaded /usr/bin/../share/singular/LIB/nctools.lib (4.1.2.0,Feb_2019)
// ** loaded /usr/bin/../share/singular/LIB/inout.lib (4.1.2.0,Feb_2019)
// ** loaded /usr/bin/../share/singular/LIB/random.lib (4.1.2.0,Feb_2019)
// ** loaded /usr/bin/../share/singular/LIB/polylib.lib (4.2.0.0,Dec_2020)
// ** loaded /usr/bin/../share/singular/LIB/elim.lib (4.3.2.5,Jul_2023)
// ** loaded /usr/bin/../share/singular/LIB/general.lib (4.1.2.0,Feb_2019)
map with cache
map with cache
map with cache
map with cache
map with cache
map with cache
map with cache
map with cache
map with cache
map with cache
std in (ZZ/179424673),(x14,x13,x12,x11,x10,x9,x8,x7,x6,x5,x4,x3,x2,x1),(dp(14),C)
[65535:5]1(16)s(15)s(14)s(13)s(12)s(11)s(10)s(9)s(8)s(7)s2(6)s(5)s(4)s3(5)s(6)-4---s5(4)--s6(3)s(4)-7--9-
(S:16)----------------
product criterion:121 chain criterion:4
1(16)s(15)s(14)s(13)s(12)s(11)s(10)s(9)s(8)s(7)s2(6)s(5)ssFFr
(4)sr
sr
sr
-3---
(S:13)-------------
product criterion:114 chain criterion:0
2(4)--s(S:14)rrrrrrrrrrrrrr
3(2)--
(S:13)-------------
product criterion:23 chain criterion:1
(S:14)rrrrrrrrrrrrrr
map is a permutation
[65535:5]1(14)s(13)s(12)s(11)s(10)s(9)s(8)s(7)s(6)s(5)s(4)s(3)s2(2)sss3-
product criterion:102 chain criterion:1
[65535:5]1(13)s(12)s(11)s(10)s(9)s(8)s(7)s(6)s(5)s(4)s(3)s2(2)sss3-
product criterion:88 chain criterion:1
{1}[65535:7]1(13)s(12)s(11)s(10)s(9)s(8)s(7)s(6)s(5)s(4)s(3)s2(12)----------ss(23)s3(35)-----------------------------------
product criterion:0 chain criterion:0
(S:14)rrrrrrrrrrrrrr
[65535:5]1(13)s(12)s(11)s(10)s(9)s(8)s(7)s(6)s(5)s(4)s(3)s2(2)sss3-
product criterion:88 chain criterion:1
compute hilbert series with std in ring (ZZ/179424673),(x14,x13,x12,x11,x10,x9,x8,x7,x6,x5,x4,x3,x2,x1,@),(dp(15),C)
weights used for hilbert series: 1,1,1,1,1,1,1,1,1,1,1,1,1,1,1
[65535:4]1(13)s(12)s(11)s(10)s(9)s(8)s(7)s(6)s(5)s(4)s(3)s2(2)sss3-
(S:13)-------------
product criterion:88 chain criterion:1
std with hilb in (ZZ/179424673),(x14,x13,x12,x11,x10,x9,x8,x7,x6,x5,x4,x3,x2,x1,@),(C,lp(14),dp(1))
[65535:4]1(13)s(12)s(11)s(10)s(9)s(8)s(7)s(6)s(5)s(4)s(3)s2(2)ssshh
(S:13)-------------
product criterion:88 chain criterion:1
hilbert series criterion:2
dehomogenization
simplification
imap to ring (ZZ/179424673),(x14,x13,x12,x11,x10,x9,x8,x7,x6,x5,x4,x3,x2,x1),(C,lp(14))
//interreduction
[65535:4]1(13)s(12)s(11)s(10)s2(9)s1(8)s2(7)s(6)s1(5)s(4)s(3)s(2)sss
(S:13)-------------

map is a permutation
std in (ZZ/179424673),(x8,x6,x1),(C,dp(3))
[1048575:2]2(2)sss3-
product criterion:0 chain criterion:1
map is a permutation
compute hilbert series with std in ring (ZZ/179424673),(x6,x1,x8,@),(dp(4),C)
weights used for hilbert series: 1,1,1,1
[65535:1]2(2)sss3-
(S:2)--
product criterion:0 chain criterion:1
std with hilb in (ZZ/179424673),(x6,x1,x8,@),(lp(3),dp(1),C)
[65535:1]2(2)ssshh
(S:2)--
product criterion:0 chain criterion:1
hilbert series criterion:2
dehomogenization
simplification
imap to ring (ZZ/179424673),(x6,x1,x8),(lp(3),C)
//interreduction
[1048575:1]2(2)sss
(S:2)--

map is a permutation
[4294967295:1]1ss
(S:1)-

[4294967295:1]1ss
(S:1)-

[4294967295:1]1ss
(S:1)-

(S:1)[4294967295:1]1ss

[4294967295:1]1ss

[1048575:2]2ss3s4
product criterion:0 chain criterion:1
{1}3(2)s(4)s4(5)s(4)s-s5----
product criterion:0 chain criterion:1
[1048575:1]2(2)sss3-
product criterion:0 chain criterion:1
{1}3(2)s(4)s4(5)s(4)s-s5----
product criterion:0 chain criterion:1
intersect by elimination method
[65535:3]1(3)s3(2)sss4-
product criterion:3 chain criterion:1
intersect by elimination method
[65535:3]1(3)s3(2)sss4-
product criterion:3 chain criterion:1
[1048575:2]
product criterion:3 chain criterion:0
intersect by elimination method
[65535:6]1(14)s2(13)s(12)s(11)s(10)s(9)s(8)s(7)s(6)s(5)s(4)s(3)s3(2)sss4-
product criterion:102 chain criterion:1
map is a permutation
[65535:5]1(14)s(13)s(12)s(11)s(10)s(9)s(8)s(7)s(6)s(5)s(4)s2(3)s(2)--.4
product criterion:66 chain criterion:0
map is a permutation
[65535:5]1(14)s(13)s(12)s(11)s(10)s(9)s(8)s(7)s(6)s(5)s(4)s2(3)s(2)--.4
product criterion:66 chain criterion:0
map is a permutation
[65535:5]1(14)s(13)s(12)s(11)s(10)s(9)s(8)s(7)s(6)s(5)s(4)s2(3)s(2)--.4
product criterion:66 chain criterion:0
map is a permutation
[65535:5]1(14)s(13)s(12)s(11)s(10)s(9)s(8)s(7)s(6)s(5)s(4)s2(3)s(2)--.4
product criterion:66 chain criterion:0
map is a permutation
[65535:5]1(14)s(13)s(12)s(11)s(10)s(9)s(8)s(7)s(6)s(5)s(4)s2(3)s(2)--.4
product criterion:66 chain criterion:0
map is a permutation
[65535:5]1(14)s(13)s(12)s(11)s(10)s(9)s(8)s(7)s(6)s(5)s(4)s2(3)s(2)--.4
product criterion:66 chain criterion:0
map is a permutation
[65535:5]1(14)s(13)s(12)s(11)s(10)s(9)s(8)s(7)s(6)s(5)s(4)s2(3)s(2)--.4
product criterion:66 chain criterion:0
map is a permutation
[65535:5]1(14)s(13)s(12)s(11)s(10)s(9)s(8)s(7)s(6)s(5)s(4)s2(3)s(2)--.4
product criterion:66 chain criterion:0
map is a permutation
[65535:5]1(14)s(13)s(12)s(11)s(10)s(9)s(8)s(7)s(6)s(5)s(4)s2(3)s(2)--.4
product criterion:66 chain criterion:0
map is a permutation
[65535:5]1(14)s(13)s(12)s(11)s(10)s(9)s(8)s(7)s(6)s(5)s(4)s2(3)s(2)--.4
product criterion:66 chain criterion:0
map is a permutation
[65535:5]1(14)s(13)s(12)s(11)s(10)s(9)s(8)s(7)s(6)s(5)s(4)s2(3)s(2)--.4
product criterion:66 chain criterion:0
map is a permutation
[65535:5]1(14)s(13)s(12)s(11)s(10)s(9)s(8)s(7)s(6)s(5)s(4)s2(3)s(2)ss3--s
product criterion:102 chain criterion:1
map is a permutation
[65535:5]1(14)s(13)s(12)s(11)s(10)s(9)s(8)s(7)s(6)s(5)s(4)s2(3)s(2)ss3--s
product criterion:102 chain criterion:1
map is a permutation
[65535:5]1(14)s(13)s(12)s(11)s(10)s(9)s(8)s(7)s(6)s(5)s(4)s2(3)s(2)ss3--s
product criterion:102 chain criterion:1
map is a permutation
[65535:5]1(14)s(13)s(12)s(11)s(10)s(9)s(8)s(7)s(6)s(5)s(4)s(3)s(2)ss2s
product criterion:105 chain criterion:0
[65535:5]1(13)s(12)s(11)s(10)s(9)s(8)s(7)s(6)s(5)s(4)s(3)s(2)ss2s
product criterion:91 chain criterion:0
{1}[65535:7]1(13)s(12)s(11)s(10)s(9)s(8)s(7)s(6)s(5)s(4)s(3)s(12)s(22)s2(33)---------------------------------s3(12)------------
product criterion:0 chain criterion:0
(S:14)rrrrrrrrrrrrrr
[65535:5]1(13)s(12)s(11)s(10)s(9)s(8)s(7)s(6)s(5)s(4)s(3)s(2)ss2s
product criterion:91 chain criterion:0
compute hilbert series with std in ring (ZZ/179424673),(x14,x13,x12,x11,x10,x9,x8,x7,x6,x5,x4,x3,x2,x1,@),(dp(15),C)
weights used for hilbert series: 1,1,1,1,1,1,1,1,1,1,1,1,1,1,1
[65535:4]1(13)s(12)s(11)s(10)s(9)s(8)s(7)s(6)s(5)s(4)s(3)s(2)ss2s
(S:13)-------------
product criterion:91 chain criterion:0
std with hilb in (ZZ/179424673),(x14,x13,x12,x11,x10,x9,x8,x7,x6,x5,x4,x3,x2,x1,@),(C,lp(14),dp(1))
[65535:4]1(13)s(12)s(11)s(10)s(9)s(8)s(7)s(6)s(5)s(4)s(3)s(2)ss2s
(S:13)-------------
product criterion:91 chain criterion:0
dehomogenization
simplification
imap to ring (ZZ/179424673),(x14,x13,x12,x11,x10,x9,x8,x7,x6,x5,x4,x3,x2,x1),(C,lp(14))
//interreduction
[65535:4]2(13)s1(12)s(11)s(10)s(9)s(8)s(7)s(6)s(5)s(4)s(3)s(2)sss
(S:13)-------------

map is a permutation
intersect by elimination method
[65535:6]1(14)s2(13)s(12)s(11)s(10)s(9)s(8)s(7)s(6)s(5)s(4)s(3)s(2)ss3s
product criterion:105 chain criterion:0
map is a permutation
[65535:5]1(14)s(13)s(12)s(11)s(10)s(9)s(8)s(7)s(6)s(5)s(4)s(3)s(2)s2s.4
product criterion:91 chain criterion:0
map is a permutation
[65535:5]1(14)s(13)s(12)s(11)s(10)s(9)s(8)s(7)s(6)s(5)s(4)s(3)s(2)s2s.4
product criterion:91 chain criterion:0
map is a permutation
[65535:5]1(14)s(13)s(12)s(11)s(10)s(9)s(8)s(7)s(6)s(5)s(4)s(3)s(2)s2s.4
product criterion:91 chain criterion:0
map is a permutation
[65535:5]1(14)s(13)s(12)s(11)s(10)s(9)s(8)s(7)s(6)s(5)s(4)s(3)s(2)s2s.4
product criterion:91 chain criterion:0
map is a permutation
[65535:5]1(14)s(13)s(12)s(11)s(10)s(9)s(8)s(7)s(6)s(5)s(4)s(3)s(2)s2s.4
product criterion:91 chain criterion:0
map is a permutation
[65535:5]1(14)s(13)s(12)s(11)s(10)s(9)s(8)s(7)s(6)s(5)s(4)s(3)s(2)s2s.4
product criterion:91 chain criterion:0
map is a permutation
[65535:5]1(14)s(13)s(12)s(11)s(10)s(9)s(8)s(7)s(6)s(5)s(4)s(3)s(2)s2s.4
product criterion:91 chain criterion:0
map is a permutation
[65535:5]1(14)s(13)s(12)s(11)s(10)s(9)s(8)s(7)s(6)s(5)s(4)s(3)s(2)s2s.4
product criterion:91 chain criterion:0
map is a permutation
[65535:5]1(14)s(13)s(12)s(11)s(10)s(9)s(8)s(7)s(6)s(5)s(4)s(3)s(2)s2s.4
product criterion:91 chain criterion:0
map is a permutation
[65535:5]1(14)s(13)s(12)s(11)s(10)s(9)s(8)s(7)s(6)s(5)s(4)s(3)s(2)s2s.4
product criterion:91 chain criterion:0
map is a permutation
[65535:5]1(14)s(13)s(12)s(11)s(10)s(9)s(8)s(7)s(6)s(5)s(4)s(3)s(2)s2s.4
product criterion:91 chain criterion:0
map is a permutation
[65535:5]1(14)s(13)s(12)s(11)s(10)s(9)s(8)s(7)s(6)s(5)s(4)s(3)s(2)s2s.4
product criterion:91 chain criterion:0
map is a permutation
[65535:5]1(14)s(13)s(12)s(11)s(10)s(9)s(8)s(7)s(6)s(5)s(4)s(3)s(2)s2s.4
product criterion:91 chain criterion:0
map is a permutation
[65535:5]1(14)s(13)s(12)s(11)s(10)s(9)s(8)s(7)s(6)s(5)s(4)s(3)s(2)s2s3s
product criterion:105 chain criterion:0
(S:14)rrrrrrrrrrrrrr
(S:14)rrrrrrrrrrrrrr
(S:14)rrrrrrrrrrrrrr
// ** _ is no standard basis
// ** _ is no standard basis
Auf Wiedersehen.
                     SINGULAR                                 /  Development
 A Computer Algebra System for Polynomial Computations       /   version 4.3.2
                                                           0<
 by: W. Decker, G.-M. Greuel, G. Pfister, H. Schoenemann     \   Feb 2023
FB Mathematik der Universitaet, D-67653 Kaiserslautern        \  Debian 1:4.3.2-p10+ds-1.1build1
compute hilbert series with std in ring (ZZ/179424673),(x14,x13,x12,x11,x10,x9,x8,x7,x6,x5,x4,x3,x2,x1,@),(dp(15),C)
weights used for hilbert series: 1,1,1,1,1,1,1,1,1,1,1,1,1,1,1
[65535:4]1(13)s(12)s(11)s(10)s(9)s2(8)s(7)s(6)ss3(5)s(6)s(7)s(9)s(10)s4(12)-s(14)s(18)s(23)--s(26)s(31)s(35)s(40)s5(44)--ss(48)s(53)s(59)s(65)s(72)--s(74)s(79)----s(80)s(85)-s(88)-s(93)s(96)--s(100)s(106)s(113)s(119)s(126)s(133)---s(136)-s(143)s(147)s(154)s(158)-s(164)s(172)s6(178)--s(183)s(191)--------------------s(179)------------------------------------------------------s(131)s(137)s(144)s(151)-s(157)--s(162)---------------------------------------------------s(119)----s(122)s(130)--s(136)s(143)------------------7-------------------------(100)----------------------------------------------------------------------------------------------------
product criterion:518 chain criterion:1086
std with hilb in (ZZ/179424673),(x14,x13,x12,x11,x10,x9,x8,x7,x6,x5,x4,x3,x2,x1,@),(lp(14),dp(1),C)
[65535:4]1(62)s(61)s(60)s(59)s(58)s2(57)s(56)s(55)ss3(56)ss(57)s(59)-s(60)s(63)s(67)s4(72)----s(71)s(73)s(76)s(80)s(83)s(87)s(90)-ss(95)s(99)s(103)-s(104)s(110)s(115)s(120)s(122)---shhhh5(121)-s(123)s(128)s(134)s(139)---s(144)--s(147)-s(150)----s(152)--s(156)s(161)-s(165)s(170)-s(173)-----s(174)s(180)s(185)s(189)s(194)------ss(201)s(207)s(213)---s(216)s(222)---s(223)----s(226)s(234)s(241)s(248)---s(250)s(257)---shhhhhhhhhhhhhhhhhhhhhhhhhhhhhhhhhh6(224)--------------s(218)------------------(200)----------------------s(186)------------s(179)----s(183)-------------------s(171)s(179)----s(182)----s(185)s(190)------------s(183)s(189)--s(195)s(201)-(200)--------s(199)--s(204)-s(210)-----s(213)---s(217)----s(221)s(226)------------s(220)---s(225)s(233)--------------------s(219)----s(223)-----shhhhhhhhhhhhhhhhh7(205)-----(200)----------------------------------------------------------------------------------------------------(100)----------------------------------------s(67)------------------s(55)-s(62)-s(69)-------s(68)-----------------shhhhhhhhhh8(48)-------------------------------------------s(12)shhhh9(16)--------------shhhhhhhhhh
product criterion:1277 chain criterion:3080
hilbert series criterion:79
dehomogenization
simplification
imap to ring (ZZ/179424673),(x14,x13,x12,x11,x10,x9,x8,x7,x6,x5,x4,x3,x2,x1),(lp(14),C)
Auf Wiedersehen.
                     SINGULAR                                 /  Development
 A Computer Algebra System for Polynomial Computations       /   version 4.3.2
                                                           0<
 by: W. Decker, G.-M. Greuel, G. Pfister, H. Schoenemann     \   Feb 2023
FB Mathematik der Universitaet, D-67653 Kaiserslautern        \  Debian 1:4.3.2-p10+ds-1.1build1
// ** loaded /usr/bin/../share/singular/LIB/primdec.lib (4.3.2.9,Oct_2023)
// ** loaded /usr/bin/../share/singular/LIB/ring.lib (4.3.1.3,Feb_2023)
// ** loaded /usr/bin/../share/singular/LIB/absfact.lib (4.1.2.0,Feb_2019)
// ** loaded /usr/bin/../share/singular/LIB/triang.lib (4.1.2.0,Feb_2019)
// ** loaded /usr/bin/../share/singular/LIB/matrix.lib (4.3.2.3,Aug_2023)
// ** loaded /usr/bin/../share/singular/LIB/nctools.lib (4.1.2.0,Feb_2019)
// ** loaded /usr/bin/../share/singular/LIB/inout.lib (4.1.2.0,Feb_2019)
// ** loaded /usr/bin/../share/singular/LIB/random.lib (4.1.2.0,Feb_2019)
// ** loaded /usr/bin/../share/singular/LIB/polylib.lib (4.2.0.0,Dec_2020)
// ** loaded /usr/bin/../share/singular/LIB/elim.lib (4.3.2.5,Jul_2023)
// ** loaded /usr/bin/../share/singular/LIB/general.lib (4.1.2.0,Feb_2019)
[65535:4]1(13)s(12)s(11)s(10)s(9)s(8)s2(7)s(6)s(5)s(4)s3(3)s(2)ss4s
(S:13)-------------
product criterion:91 chain criterion:0
// ** redefining j (int j = 2;)
rt
// ** redefining p (    poly p = reduce(kb[a]*kb[b], gb);)
rt
// ** redefining b (int b = 1;)
// ** redefining p (    poly p = reduce(kb[a]*kb[b], gb);)
rt
// ** redefining p (    poly p = reduce(kb[a]*kb[b], gb);)
rt
Auf Wiedersehen.

Set::write: Tag String in A[7] is Protected.

Set::setraw: Cannot assign to raw object 1.

Set::write: Tag Plus in 73577024 - 77449500 A[7] is Protected.

Set::write: Tag String in A[7] is Protected.

General::stop: Further output of Set::write will be suppressed during this calculation.

Set::setraw: Cannot assign to raw object 1.
  >> 1 region(s): expReg=2.569s  build=0.044s
  [sector total: 2.619s]
#Non-triv Sectors = 1

