=== FamilyGenerate ===
Family: bub00 (L=1 E=1 N=2)
Modulus: 179424673

[Step 1] Generating IBP equations...
[IBPEqGenerator] Family bub00: ne=2 nl=1 nE=1 nIBP=2 subsectors=3
[IBPEqGenerator] Step 1: Running SP2PD...
[IBPEqGenerator] SP2PD OK: 2 scalar products → z-basis
[IBPEqGenerator] Step 2: Computing derivatives...
[IBPEqGenerator] Derivatives OK: 4 polynomials computed

[DEBUG DERIV] Raw derivatives:
  deriv[0] = 2*z(1)
  deriv[1] = z(1)-z(2)-3
  deriv[2] = z(1)+z(2)+3
  deriv[3] = z(1)-z(2)+3
[IBPEqGenerator] Step 3: Assembling IBP equations (mon2F)...
[IBPEqGenerator] Generated 2 IBP equations with 11 total g-operator terms.
  ne=2 nibp=2 subsectors=3
  [TIMING] Step 1: 0.034 s

[Step 2] Extracting FTable...
  nibp=2 ne=2
  [TIMING] Step 2: 0 s

[Step 3] Solving sectors...
  Filtering: sector = 11
  Solving sector [11]
  [Singular minAssGTZ] 0.0244201 s, kept=1

[DEBUG rawPrime] sector=[1,1] comp=0 nPoly=4
  [0] A2-59808223
  [1] A1-59808223
  [2] B2+44856169
  [3] B1+44856169
  -> 1 region(s) in 0.03 s
  Found 1 region(s) total
  [TIMING] Step 3: 0.03 s

[Step 4] Building recursion + ring matrices...
  Region 0: nb=1
[DEBUG F2] nibp=2 ne=2 nb=1
  Eq[0] f2 (C++: f2[A][B] = coeff of B*_A): (A2,B1=1)
  Eq[0] f2 for F2w (loop access f2[j][i]): (i=0,j=1 coeff=1 Fr=i+1j+2)
  Eq[1] f2 (C++: f2[A][B] = coeff of B*_A): (A1,B2=179424672) (A2,B1=1)
  Eq[1] f2 for F2w (loop access f2[j][i]): (i=0,j=1 coeff=1 Fr=i+1j+2) (i=1,j=0 coeff=179424672 Fr=i+2j+1)
  FractionRule keys: "B"[1,2]=1 "B"[2,1]=1
  [TIMING] Step 4: 0 s

[Step 5] Writing .bin files...
Written 1 regime(s) to /home/ykm/Large-Index-Expansion-CPP/cache/bub00_scheduled/SectorCache/IBPMat_bub00_sector_11.bin
Written 1 ring cell(s) to /home/ykm/Large-Index-Expansion-CPP/cache/bub00_scheduled/SectorCache/RingData_bub00_sector_11.bin
  [TIMING] Step 5: 0 s

[TIMING] Total wall-clock: 0.067 s

Done. Output:
  /home/ykm/Large-Index-Expansion-CPP/cache/bub00_scheduled/SectorCache/IBPMat_bub00_sector_11.bin
  /home/ykm/Large-Index-Expansion-CPP/cache/bub00_scheduled/SectorCache/RingData_bub00_sector_11.bin
