=== FamilyGenerate ===
Family: bub00 (L=1 E=1 N=2)
Modulus: 179424673

[Step 1] Generating IBP equations...
[IBPEqGenerator] Family bub00: ne=2 nl=1 nE=1 nIBP=2 subsectors=3
[IBPEqGenerator] Step 1: Running SP2PD...
[IBPEqGenerator] SP2PD OK: 2 scalar products → z-basis
[IBPEqGenerator] Step 2: Computing derivatives...
[IBPEqGenerator] Derivatives OK: 4 polynomials computed

[DEBUG DERIV] Raw derivatives:
  deriv[0] = 2*z(1)
  deriv[1] = z(1)-z(2)-3
  deriv[2] = z(1)+z(2)+3
  deriv[3] = z(1)-z(2)+3
[IBPEqGenerator] Step 3: Assembling IBP equations (mon2F)...
[IBPEqGenerator] Generated 2 IBP equations with 11 total g-operator terms.
  ne=2 nibp=2 subsectors=3
  [TIMING] Step 1: 0.036 s

[Step 2] Extracting FTable...
  nibp=2 ne=2
  [TIMING] Step 2: 0 s

[Step 3] Solving sectors...
  Filtering: sector = 01
  Solving sector [01]
  [Singular minAssGTZ] 0.0170856 s, kept=0
  -> 0 region(s) in 0.017 s
  Found 0 region(s) total
  [TIMING] Step 3: 0.017 s
  No regions found. Writing empty output.

[Step 5] Writing .bin files...
Written 0 regime(s) to /home/ykm/Large-Index-Expansion-CPP/cache/bub00_scheduled/SectorCache/IBPMat_bub00_sector_01.bin
Written 0 ring cell(s) to /home/ykm/Large-Index-Expansion-CPP/cache/bub00_scheduled/SectorCache/RingData_bub00_sector_01.bin
  [TIMING] Step 5: 0 s

[TIMING] Total wall-clock: 0.055 s

Done. Output:
  /home/ykm/Large-Index-Expansion-CPP/cache/bub00_scheduled/SectorCache/IBPMat_bub00_sector_01.bin
  /home/ykm/Large-Index-Expansion-CPP/cache/bub00_scheduled/SectorCache/RingData_bub00_sector_01.bin
