=== FamilyGenerate ===
Family: NP222 (L=2 E=2 N=7)
Modulus: 179424673

[Step 1] Generating IBP equations...
[IBPEqGenerator] Family NP222: ne=7 nl=2 nE=2 nIBP=8 subsectors=57
[IBPEqGenerator] Step 1: Running SP2PD...
[IBPEqGenerator] SP2PD OK: 7 scalar products → z-basis
[IBPEqGenerator] Step 2: Computing derivatives...
[IBPEqGenerator] Derivatives OK: 56 polynomials computed
[IBPEqGenerator] Step 3: Assembling IBP equations (mon2F)...
[IBPEqGenerator] Generated 8 IBP equations with 137 total g-operator terms.
  ne=7 nibp=8 subsectors=57
  [TIMING] Step 1: 0.053 s

[Step 2] Extracting FTable...
  nibp=8 ne=7
  [TIMING] Step 2: 0 s

[Step 3] Solving sectors...
  Filtering: sector = 1110110
  Solving sector [1110110]
  [2026-05-13 19:49:07] Singular minAssGTZ starting...
  [Singular minAssGTZ] 0.121573 s, kept=1
  [2026-05-13 19:49:07] Singular minAssGTZ done
  [2026-05-13 19:49:07] Component 0/1 (14 polys)

[DEBUG solveVarRule] sector=[1,1,1,0,1,1,0] nb=2 VarIndep=[A7] VarDep=[A1,A2,A3,A4,A5,A6]
  compGb:
    [0] A7^2-67284243*A7-14017535
    [1] A6+4*A7+44856187
    [2] A5-59808225*A7
    [3] A4-81556671*A7+32622661
    [4] A3+A7-67284243
    [5] A2+59808227*A7+25
    [6] A1+A7
    [7] B7-66666234*A7+47846580
    [8] B6-66666234*A7+23923290
    [9] B5+79425322*A7+71769870
    [10] B4-85804866*A7+23923289
    [11] B3+66666234*A7
    [12] B2+69856006*A7
    [13] B1+66666234*A7-47846580
  VarRule result:
    A1 -> 179424672*A7
    A2 -> 179424648+119616446*A7
    A3 -> 67284243+179424672*A7
    A4 -> 146802012+81556671*A7
    A5 -> 59808225*A7
    A6 -> 134568486+179424669*A7
    [2026-05-13 19:49:07] MBM reduction k=0/2 (2 products)...
    [2026-05-13 19:49:07] MBM reduction k=1/2 (2 products)...
  -> 1 region(s) in 0.148 s
  Found 1 region(s) total
  [TIMING] Step 3: 0.149 s

[Step 4] Building recursion + ring matrices...
  Region 0: nb=2
  [TIMING] Step 4: 0.007 s

[Step 5] Writing .bin files...
Written 1 regime(s) to workspace/C018-NP222-region-solve-cpp/SectorCache/IBPMat_NP222_sector_1110110.bin
Written 1 ring cell(s) to workspace/C018-NP222-region-solve-cpp/SectorCache/RingData_NP222_sector_1110110.bin
  [TIMING] Step 5: 0 s

[TIMING] Total wall-clock: 0.217 s

Done. Output:
  workspace/C018-NP222-region-solve-cpp/SectorCache/IBPMat_NP222_sector_1110110.bin
  workspace/C018-NP222-region-solve-cpp/SectorCache/RingData_NP222_sector_1110110.bin
