=== FamilyGenerate ===
Family: NP222 (L=2 E=2 N=7)
Modulus: 179424673

[Step 1] Generating IBP equations...
[IBPEqGenerator] Family NP222: ne=7 nl=2 nE=2 nIBP=8 subsectors=57
[IBPEqGenerator] Step 1: Running SP2PD...
[IBPEqGenerator] SP2PD OK: 7 scalar products → z-basis
[IBPEqGenerator] Step 2: Computing derivatives...
[IBPEqGenerator] Derivatives OK: 56 polynomials computed
[IBPEqGenerator] Step 3: Assembling IBP equations (mon2F)...
[IBPEqGenerator] Generated 8 IBP equations with 137 total g-operator terms.
  ne=7 nibp=8 subsectors=57
  [TIMING] Step 1: 0.111 s

[Step 2] Extracting FTable...
  nibp=8 ne=7
  [TIMING] Step 2: 0.002 s

[Step 3] Solving sectors...
  Filtering: sector = 1111100
  Solving sector [1111100]
  [2026-05-13 19:53:22] Singular minAssGTZ starting...
  [Singular EXIT=9] 2976.86 s
  [2026-05-13 20:42:59] Singular minAssGTZ done
  -> 0 region(s) in 2977.07 s
  Found 0 region(s) total
  [TIMING] Step 3: 2977.07 s
  No regions found. Writing empty output.

[Step 5] Writing .bin files...
Written 0 regime(s) to workspace/C018-NP222-region-solve-cpp/SectorCache/IBPMat_NP222_sector_1111100.bin
Written 0 ring cell(s) to workspace/C018-NP222-region-solve-cpp/SectorCache/RingData_NP222_sector_1111100.bin
  [TIMING] Step 5: 0 s

[TIMING] Total wall-clock: 2977.19 s

Done. Output:
  workspace/C018-NP222-region-solve-cpp/SectorCache/IBPMat_NP222_sector_1111100.bin
  workspace/C018-NP222-region-solve-cpp/SectorCache/RingData_NP222_sector_1111100.bin
