=== FamilyGenerate ===
Family: NP222 (L=2 E=2 N=7)
Modulus: 179424673

[Step 1] Generating IBP equations...
[IBPEqGenerator] Family NP222: ne=7 nl=2 nE=2 nIBP=8 subsectors=57
[IBPEqGenerator] Step 1: Running SP2PD...
[IBPEqGenerator] SP2PD OK: 7 scalar products → z-basis
[IBPEqGenerator] Step 2: Computing derivatives...
[IBPEqGenerator] Derivatives OK: 56 polynomials computed
[IBPEqGenerator] Step 3: Assembling IBP equations (mon2F)...
[IBPEqGenerator] Generated 8 IBP equations with 137 total g-operator terms.
  ne=7 nibp=8 subsectors=57
  [TIMING] Step 1: 0.054 s

[Step 2] Extracting FTable...
  nibp=8 ne=7
  [TIMING] Step 2: 0 s

[Step 3] Solving sectors...
  Filtering: sector = 1101110
  Solving sector [1101110]
  [2026-05-13 19:49:10] Singular minAssGTZ starting...
  [Singular minAssGTZ] 0.246213 s, kept=1
  [2026-05-13 19:49:10] Singular minAssGTZ done
  [2026-05-13 19:49:10] Component 0/1 (14 polys)

[DEBUG solveVarRule] sector=[1,1,0,1,1,1,0] nb=2 VarIndep=[A7] VarDep=[A1,A2,A3,A4,A5,A6]
  compGb:
    [0] A7^2+51264203*A7+7323479
    [1] A6+22428085*A7
    [2] A5-59808222*A7+25
    [3] A4+22428085*A7-67284243
    [4] A3-48934003*A7+32622661
    [5] A2-74760281*A7
    [6] A1-89712333*A7+44856187
    [7] B7+21849938*A7-47846579
    [8] B6-76235550*A7-47846580
    [9] B5+16267837*A7
    [10] B4-76235550*A7
    [11] B3+59489247*A7+23923289
    [12] B2-65071348*A7+71769870
    [13] B1+76235550*A7+23923290
  VarRule result:
    A1 -> 134568486+89712333*A7
    A2 -> 74760281*A7
    A3 -> 146802012+48934003*A7
    A4 -> 67284243+156996588*A7
    A5 -> 179424648+59808222*A7
    A6 -> 156996588*A7
    [2026-05-13 19:49:10] MBM reduction k=0/2 (2 products)...
    [2026-05-13 19:49:10] MBM reduction k=1/2 (2 products)...
  -> 1 region(s) in 0.277 s
  Found 1 region(s) total
  [TIMING] Step 3: 0.277 s

[Step 4] Building recursion + ring matrices...
  Region 0: nb=2
  [TIMING] Step 4: 0.004 s

[Step 5] Writing .bin files...
Written 1 regime(s) to workspace/C018-NP222-region-solve-cpp/SectorCache/IBPMat_NP222_sector_1101110.bin
Written 1 ring cell(s) to workspace/C018-NP222-region-solve-cpp/SectorCache/RingData_NP222_sector_1101110.bin
  [TIMING] Step 5: 0 s

[TIMING] Total wall-clock: 0.341 s

Done. Output:
  workspace/C018-NP222-region-solve-cpp/SectorCache/IBPMat_NP222_sector_1101110.bin
  workspace/C018-NP222-region-solve-cpp/SectorCache/RingData_NP222_sector_1101110.bin
