=== FamilyGenerate ===
Family: NP222 (L=2 E=2 N=7)
Modulus: 179424673

[Step 1] Generating IBP equations...
[IBPEqGenerator] Family NP222: ne=7 nl=2 nE=2 nIBP=8 subsectors=57
[IBPEqGenerator] Step 1: Running SP2PD...
[IBPEqGenerator] SP2PD OK: 7 scalar products → z-basis
[IBPEqGenerator] Step 2: Computing derivatives...
[IBPEqGenerator] Derivatives OK: 56 polynomials computed
[IBPEqGenerator] Step 3: Assembling IBP equations (mon2F)...
[IBPEqGenerator] Generated 8 IBP equations with 137 total g-operator terms.
  ne=7 nibp=8 subsectors=57
  [TIMING] Step 1: 0.06 s

[Step 2] Extracting FTable...
  nibp=8 ne=7
  [TIMING] Step 2: 0 s

[Step 3] Solving sectors...
  Filtering: sector = 0111110
  Solving sector [0111110]
  [2026-05-13 19:49:16] Singular minAssGTZ starting...
  [Singular minAssGTZ] 0.0844282 s, kept=1
  [2026-05-13 19:49:16] Singular minAssGTZ done
  [2026-05-13 19:49:16] Component 0/1 (14 polys)

[DEBUG solveVarRule] sector=[0,1,1,1,1,1,0] nb=2 VarIndep=[A7] VarDep=[A1,A2,A3,A4,A5,A6]
  compGb:
    [0] A7^2+7801076*A7+12888731
    [1] A6-22428087*A7
    [2] A5+14952058*A7-44856162
    [3] A4-22428087*A7+67284243
    [4] A3+89712325*A7-44856187
    [5] A2-59808232*A7
    [6] A1+32622672*A7-32622661
    [7] B7+60127202*A7+47846581
    [8] B6-57096918*A7+47846580
    [9] B5+85645377*A7
    [10] B4-57096918*A7
    [11] B3+57096918*A7-23923290
    [12] B2+23444824*A7-71769869
    [13] B1-67304188*A7-23923289
  VarRule result:
    A1 -> 32622661+146802001*A7
    A2 -> 59808232*A7
    A3 -> 44856187+89712348*A7
    A4 -> 112140430+22428087*A7
    A5 -> 44856162+164472615*A7
    A6 -> 22428087*A7
    [2026-05-13 19:49:16] MBM reduction k=0/2 (2 products)...
    [2026-05-13 19:49:16] MBM reduction k=1/2 (2 products)...
  -> 1 region(s) in 0.125 s
  Found 1 region(s) total
  [TIMING] Step 3: 0.126 s

[Step 4] Building recursion + ring matrices...
  Region 0: nb=2
  [TIMING] Step 4: 0.004 s

[Step 5] Writing .bin files...
Written 1 regime(s) to workspace/C018-NP222-region-solve-cpp/SectorCache/IBPMat_NP222_sector_0111110.bin
Written 1 ring cell(s) to workspace/C018-NP222-region-solve-cpp/SectorCache/RingData_NP222_sector_0111110.bin
  [TIMING] Step 5: 0 s

[TIMING] Total wall-clock: 0.195 s

Done. Output:
  workspace/C018-NP222-region-solve-cpp/SectorCache/IBPMat_NP222_sector_0111110.bin
  workspace/C018-NP222-region-solve-cpp/SectorCache/RingData_NP222_sector_0111110.bin
