
      +++  sector:  {1, 0, 1, 1, 1, 1, 0, 0, 0}  (1/1)  +++ 
                     SINGULAR                                 /  Development
 A Computer Algebra System for Polynomial Computations       /   version 4.3.2
                                                           0<
 by: W. Decker, G.-M. Greuel, G. Pfister, H. Schoenemann     \   Feb 2023
FB Mathematik der Universitaet, D-67653 Kaiserslautern        \  Debian 1:4.3.2-p10+ds-1.1build1
compute hilbert series with std in ring (ZZ/179424673),(x18,x17,x16,x15,x14,x13,x12,x11,x10,x9,x8,x7,x6,x5,x4,x3,x2,x1,@),(dp(19),C)
weights used for hilbert series: 1,1,1,1,1,1,1,1,1,1,1,1,1,1,1,1,1,1,1
[65535:5]2(18)s(17)s(16)s(15)s(14)s(13)s(12)s(11)s(10)s(9)s(10)s(12)s(13)s(14)s(18)s(20)s(23)s(25)s(31)s3(35)s(39)s(44)s(50)s(55)s(59)s(64)s(71)s(78)s(84)s(91)s(94)s(103)s(108)s(115)s(124)s(134)-s(142)s(151)s(158)s(163)s(169)s(176)s(180)s(188)s(198)s(206)s(216)s(226)s(231)s(238)s(242)s(248)s(254)s(262)s4(270)s(279)s(288)s(297)s(306)s(317)s(328)s(336)-s(345)-s(355)-----s(360)----s(366)s(376)--s(389)-----s(394)----------s(395)----s(402)s(413)s(421)-s(430)-s(437)s(449)s(455)s(465)s(476)s(490)s(502)s(509)s(522)-s(529)s(539)---s(545)s(554)s(563)---s(571)-s(580)s(589)---s(595)s(607)-s(616)--s(623)s(634)s(646)s(655)s(667)---s(675)s(690)s(700)s(712)s(723)s(734)s(747)--------------s(744)s(757)s(765)--s(774)s(783)-s(791)-------s(797)s(810)s(818)s(829)s(843)s(849)s(864)s(874)-s(887)-s(893)-s(905)---s(914)------s(919)s(925)s(934)s(944)-----s(949)---------------------s(943)----------s(947)---s(960)------------------s(952)------------s(947)-----------5-s(948)s(962)--------s(969)--------------------------------------------s(941)-----------------------------------------(900)---------------------------s(889)s(903)--s(914)--------------(900)s(914)--------------(900)----------s(904)----(900)----------------s(899)s(914)---s(927)s(941)--------s(949)-------------------------------------------------(900)-------------------------------------------------------s(862)--------------------------------------------------------------(800)----------------------------------------------------------------------------------------------------(700)------------------------------------------s(673)s(684)s(696)s(712)s(724)s(736)---s(742)s(754)-s(765)s(777)s(789)---s(798)------s(804)----(800)----------s(798)s(810)s(822)---s(829)-s(838)s(849)-------s(851)--------s(856)-------------s(852)s(861)s(874)-s(884)--s(894)---s(904)--s(916)----------s(918)-s(928)-s(939)-----s(947)-------------------s(941)------------------------s(930)------------------------s(919)-----------------s(914)--------------(900)--s(909)s(920)-------s(923)s(936)--------s(938)-s(952)-----s(959)---s(968)--s(977)---s(984)-----------------s(978)s(990)-------------------------s(976)-s(986)------------------s(979)--------------------------------------------------------------------6-----------(900)----------------------------------------------------------------------------------------------------(800)------------------s(797)-------------------------------------------------------------------------------------------------(700)------------s(701)-(700)----------------------------------------------------------------------------------------------------(600)--s(613)s(627)---------------------------(600)------------------------------------------------------------------------------------s(527)----s(536)-------s(540)-------s(546)-----------------s(542)--s(554)-----------s(557)--------s(562)------------------------------------------s(533)----------s(536)------------s(539)s(551)----s(560)--------------------------s(546)----------------------------------s(525)-s(536)----s(545)-----s(553)---------------------------------s(533)---------s(536)----------s(539)------------s(540)------------------------------s(523)--------------------s(517)-----------------(500)----------------------------------s(478)s(490)-------------------------------------------------7-----------------------------------------(400)----------------------------------------------------------------------------------------------------(300)----------------------------------------------------------------------------------------------------(200)-----------------------------s(183)-------------s(182)-----s(191)------s(198)------s(206)----s(215)-----s(223)-----------------------(200)-s(211)-----------(200)-----s(208)--s(219)-------------------(200)----------------------------------------------s(168)-----------8---------------------------------------------------------(100)--------------------------------------------------s(64)------------------------------------------------9---------------s(14)10--------------
product criterion:7902 chain criterion:18554
std with hilb in (ZZ/179424673),(x18,x17,x16,x15,x14,x13,x12,x11,x10,x9,x8,x7,x6,x5,x4,x3,x2,x1,@),(lp(18),dp(1),C)
[65535:5]2(241)s(240)s(239)s(238)s(237)s(236)s(237)s(238)s(237)s(236)s(235)s(236)s(238)ss(239)s(243)s(247)s(250)s(254)s3(258)s(263)s(269)s(276)s(282)s(289)s(294)s(298)s(305)s(307)s(314)s(324)s(329)s(333)s(337)s(344)s(351)s(357)s(365)s(373)s(381)s(389)s(394)s(399)s(405)s(412)s(421)-s(429)s(438)s(445)s(452)s(463)s(469)s(478)s(487)shhhhhhhhhhhhhhhhhhhhhhhhhhhhhhhhhhh4(460)-s(467)s(476)s(488)s(497)s(507)s(515)s(524)s(534)s(543)s(553)s(563)s(573)s(582)s(591)s(601)s(610)s(621)-s(632)s(643)s(653)s(664)s(675)--s(684)s(697)-----s(703)s(714)---s(723)--------s(724)-s(736)---s(741)s(749)--s(759)---s(768)s(776)---s(783)-----s(791)s(804)---s(810)s(820)s(830)---s(838)-s(845)--s(854)s(864)-s(875)s(886)--s(896)s(908)s(916)-s(921)-s(935)----s(945)-------s(949)-s(957)s(966)--s(975)--------s(982)s(997)---s(1010)s(1025)--s(1036)---s(1048)---s(1059)------s(1063)--s(1072)--s(1081)-----s(1085)-------------------------s(1069)-------s(1072)-----------------------s(1056)-------------shhhhhhhhhhhhhhhhhhhhhhhhhhhhhhhhhhhhhhhhhhhhhhhhhhhhhhhhhhhhhhhhhhhhhhhhhhhhhhhhhh5(969)s(982)s(996)---s(1007)------s(1014)------s(1022)-----s(1032)--------s(1040)s(1052)s(1065)----s(1078)s(1089)------s(1097)s(1107)-s(1118)---s(1130)--------------s(1127)---s(1134)-s(1145)s(1158)s(1169)-s(1181)-------s(1187)s(1198)s(1209)---------(1200)-----------------------s(1192)s(1208)s(1221)s(1233)-s(1247)-------------s(1245)--s(1255)-------s(1260)----------------s(1258)-----------------s(1254)-----------s(1258)s(1270)---------------s(1267)------------s(1269)---------------------s(1263)-----s(1268)----s(1275)---s(1288)----------------------------------------------------------------------------------------(1200)------------s(1204)----(1200)----s(1207)s(1218)--------------s(1213)-------s(1218)------------------(1200)--------------------------------s(1184)---------s(1189)------------------------------------------------s(1152)----------s(1153)--------------------------s(1138)-----------s------------------s(1131)----------------s(1127)---------------------------(1100)-------------s(1099)-------------------s(1091)--------------------s(1083)-----------s(1084)-----------s(1085)-------------------------------------------------------------------------------------(1000)--------s(1001)-(1000)-------------------shhhhhhhhhhhhhhhhhhhhhhhhhhhhhhhhhhhhhhhhhhhhhhhhhhhhhhhhhhhhhhhhhhhhhhhhhhhhhhhhhh6(909)---------(900)---------s(904)----(900)-----------------s(897)-----------s(899)-------------s(900)----------------------------------s(878)-s(890)s(903)s(917)-----s(923)s(936)s(949)-s(961)---------------s(960)--------s(965)----s(976)----s(987)-s(1001)-(1000)----s(1009)---------(1000)---------------s(997)-s(1008)-s(1020)--------------------(1000)---------------------------------------s(973)---------------------------s(958)----------------------------------------------------------(900)----------------------------------------------------------------------------------------------------(800)-------------s------s(807)-------(800)----------------------------------------------------------------------------------------------------(700)----------------------------------------------------------------------------------------------------(600)----------------------------------------------------------------------------------------------------(500)-----------------------------------------------------------------------shhhhhhhhhhhhhhhhhhhhhhhhhhhhhhhhhhhhhhhhhhh7(397)-------------------s(391)-------------------------s(379)-------s(384)-s(395)s(408)s(421)s(434)s(448)-----------------------s(437)s(451)s(465)-s(477)------------------------------------shhhhhhhhhhhhhhhhhhhhhhhhhhhhhhhhhhhhhhhhhhhhhhhhhhhhhhhhhhhhhhhhhhhhhhhhhhhhhhhhhhhhhhhhhhhhhhhhhhhhhhhhhhhhhhhhhhhhhhhhhhhhhhhhhhhhhhhhhhhhhhhhhhhhhhhhhhhhhhhhhhhhhhhhhhhhhhhhhhhhhhhhhhhhhhhhhhhhhhhhhhhhhhhhhhhhhhhhhhhhhhhhhhhhhhhhhhhhhhhhhhhhhhhhhhhhhhhhhhhhhhhhhhhhhh8(185)------------------------------s(168)s(181)----------------------------------shhhhhhhhhhhhhhhhhhhhhhhhhhhhhhhhhhhhhhhhhhhhhhhhhhhhhhhhhhhhhhhhhhhhhhhhhhhhhhhhhhhhhhhhhhhhhhhhhhhhhhhhhhhhhhhhhhhhhhhhhhhhhhhhhhhhhhhhhhhhhhhhhhhhhhhhhhhhhhhhh
product criterion:7466 chain criterion:16069
hilbert series criterion:673
dehomogenization
simplification
imap to ring (ZZ/179424673),(x18,x17,x16,x15,x14,x13,x12,x11,x10,x9,x8,x7,x6,x5,x4,x3,x2,x1),(lp(18),C)
Auf Wiedersehen.
                     SINGULAR                                 /  Development
 A Computer Algebra System for Polynomial Computations       /   version 4.3.2
                                                           0<
 by: W. Decker, G.-M. Greuel, G. Pfister, H. Schoenemann     \   Feb 2023
FB Mathematik der Universitaet, D-67653 Kaiserslautern        \  Debian 1:4.3.2-p10+ds-1.1build1
// ** loaded /usr/bin/../share/singular/LIB/primdec.lib (4.3.2.9,Oct_2023)
// ** loaded /usr/bin/../share/singular/LIB/ring.lib (4.3.1.3,Feb_2023)
// ** loaded /usr/bin/../share/singular/LIB/absfact.lib (4.1.2.0,Feb_2019)
// ** loaded /usr/bin/../share/singular/LIB/triang.lib (4.1.2.0,Feb_2019)
// ** loaded /usr/bin/../share/singular/LIB/matrix.lib (4.3.2.3,Aug_2023)
// ** loaded /usr/bin/../share/singular/LIB/nctools.lib (4.1.2.0,Feb_2019)
// ** loaded /usr/bin/../share/singular/LIB/inout.lib (4.1.2.0,Feb_2019)
// ** loaded /usr/bin/../share/singular/LIB/random.lib (4.1.2.0,Feb_2019)
// ** loaded /usr/bin/../share/singular/LIB/polylib.lib (4.2.0.0,Dec_2020)
// ** loaded /usr/bin/../share/singular/LIB/elim.lib (4.3.2.5,Jul_2023)
// ** loaded /usr/bin/../share/singular/LIB/general.lib (4.1.2.0,Feb_2019)
map with cache
map with cache
map with cache
map with cache
map with cache
map with cache
map with cache
map with cache
map with cache
map with cache
map with cache
map with cache
map with cache
map with cache
map with cache
map with cache
map with cache
map with cache
std in (ZZ/179424673),(x18,x17,x16,x15,x14,x13,x12,x11,x10,x9,x8,x7,x6,x5,x4,x3,x2,x1),(dp(18),C)
[65535:5]1(17)s(16)s(15)s(14)s(13)s(12)s(11)s(10)s(9)s(8)s(7)s(6)s(5)s(4)s(3)s(2)sss
(S:17)-----------------
product criterion:153 chain criterion:0
[65535:5]1(17)s(16)s(15)s(14)s(13)s(12)s(11)s(10)s(9)s(8)s(7)s(6)s(5)s(4)s(3)s(2)sss
(S:17)-----------------
product criterion:153 chain criterion:0
map is a permutation
[65535:6]1(18)s(17)s(16)s(15)s(14)s(13)s(12)s(11)s(10)s(9)s(8)s(7)s(6)s(5)s(4)s(3)s(2)sss
(S:18)------------------
product criterion:171 chain criterion:0
[65535:5]1(17)s(16)s(15)s(14)s(13)s(12)s(11)s(10)s(9)s(8)s(7)s(6)s(5)s(4)s(3)s(2)sss
(S:17)-----------------
product criterion:153 chain criterion:0
{1}[65535:7]1(17)s(16)s(15)s(14)s(13)s(12)s(11)s(10)s(9)s(8)s(7)s(6)s(5)s(4)s(3)s(2)sss
(S:18)-------------------
product criterion:0 chain criterion:0
(S:18)rrrrrrrrrrrrrrrrrr
[65535:5]1(17)s(16)s(15)s(14)s(13)s(12)s(11)s(10)s(9)s(8)s(7)s(6)s(5)s(4)s(3)s(2)sss
(S:17)-----------------
product criterion:153 chain criterion:0
intersect by elimination method
[65535:7]1(18)s2(17)s(16)s(15)s(14)s(13)s(12)s(11)s(10)s(9)s(8)s(7)s(6)s(5)s(4)s(3)s(2)sss
(S:18)------------------
product criterion:171 chain criterion:0
map is a permutation
[65535:6]1(18)s(17)s(16)s(15)s(14)s(13)s(12)s(11)s(10)s(9)s(8)s(7)s(6)s(5)s(4)s(3)s(2)ss2s
(S:0)
product criterion:171 chain criterion:0
map is a permutation
[65535:6]1(18)s(17)s(16)s(15)s(14)s(13)s(12)s(11)s(10)s(9)s(8)s(7)s(6)s(5)s(4)s(3)s(2)ss2s
(S:0)
product criterion:171 chain criterion:0
map is a permutation
[65535:6]1(18)s(17)s(16)s(15)s(14)s(13)s(12)s(11)s(10)s(9)s(8)s(7)s(6)s(5)s(4)s(3)s(2)ss2s
(S:0)
product criterion:171 chain criterion:0
map is a permutation
[65535:6]1(18)s(17)s(16)s(15)s(14)s(13)s(12)s(11)s(10)s(9)s(8)s(7)s(6)s(5)s(4)s(3)s(2)ss2s
(S:0)
product criterion:171 chain criterion:0
map is a permutation
[65535:6]1(18)s(17)s(16)s(15)s(14)s(13)s(12)s(11)s(10)s(9)s(8)s(7)s(6)s(5)s(4)s(3)s(2)ss2s
(S:0)
product criterion:171 chain criterion:0
map is a permutation
[65535:6]1(18)s(17)s(16)s(15)s(14)s(13)s(12)s(11)s(10)s(9)s(8)s(7)s(6)s(5)s(4)s(3)s(2)ss2s
(S:0)
product criterion:171 chain criterion:0
map is a permutation
[65535:6]1(18)s(17)s(16)s(15)s(14)s(13)s(12)s(11)s(10)s(9)s(8)s(7)s(6)s(5)s(4)s(3)s(2)ss2s
(S:0)
product criterion:171 chain criterion:0
map is a permutation
[65535:6]1(18)s(17)s(16)s(15)s(14)s(13)s(12)s(11)s(10)s(9)s(8)s(7)s(6)s(5)s(4)s(3)s(2)ss2s
(S:0)
product criterion:171 chain criterion:0
map is a permutation
[65535:6]1(18)s(17)s(16)s(15)s(14)s(13)s(12)s(11)s(10)s(9)s(8)s(7)s(6)s(5)s(4)s(3)s(2)ss2s
(S:0)
product criterion:171 chain criterion:0
map is a permutation
[65535:6]1(18)s(17)s(16)s(15)s(14)s(13)s(12)s(11)s(10)s(9)s(8)s(7)s(6)s(5)s(4)s(3)s(2)ss2s
(S:0)
product criterion:171 chain criterion:0
map is a permutation
[65535:6]1(18)s(17)s(16)s(15)s(14)s(13)s(12)s(11)s(10)s(9)s(8)s(7)s(6)s(5)s(4)s(3)s(2)ss2s
(S:0)
product criterion:171 chain criterion:0
map is a permutation
[65535:6]1(18)s(17)s(16)s(15)s(14)s(13)s(12)s(11)s(10)s(9)s(8)s(7)s(6)s(5)s(4)s(3)s(2)ss2s
(S:0)
product criterion:171 chain criterion:0
map is a permutation
[65535:6]1(18)s(17)s(16)s(15)s(14)s(13)s(12)s(11)s(10)s(9)s(8)s(7)s(6)s(5)s(4)s(3)s(2)ss2s
(S:0)
product criterion:171 chain criterion:0
map is a permutation
[65535:6]1(18)s(17)s(16)s(15)s(14)s(13)s(12)s(11)s(10)s(9)s(8)s(7)s(6)s(5)s(4)s(3)s(2)ss2s
(S:0)
product criterion:171 chain criterion:0
map is a permutation
[65535:6]1(18)s(17)s(16)s(15)s(14)s(13)s(12)s(11)s(10)s(9)s(8)s(7)s(6)s(5)s(4)s(3)s(2)ss2s
(S:0)
product criterion:171 chain criterion:0
map is a permutation
[65535:6]1(18)s(17)s(16)s(15)s(14)s(13)s(12)s(11)s(10)s(9)s(8)s(7)s(6)s(5)s(4)s(3)s(2)ss2s
(S:0)
product criterion:171 chain criterion:0
map is a permutation
[65535:6]1(18)s(17)s(16)s(15)s(14)s(13)s(12)s(11)s(10)s(9)s(8)s(7)s(6)s(5)s(4)s(3)s(2)ss2s
(S:0)
product criterion:171 chain criterion:0
map is a permutation
[65535:6]1(18)s(17)s(16)s(15)s(14)s(13)s(12)s(11)s(10)s(9)s(8)s(7)s(6)s(5)s(4)s(3)s(2)ss2s
(S:0)
product criterion:171 chain criterion:0
[65535:5]1(17)s(16)s(15)s(14)s(13)s(12)s(11)s(10)s(9)s(8)s(7)s(6)s(5)s(4)s(3)s(2)sss
(S:17)-----------------
product criterion:153 chain criterion:0
// ** _ is no standard basis
Auf Wiedersehen.
                     SINGULAR                                 /  Development
 A Computer Algebra System for Polynomial Computations       /   version 4.3.2
                                                           0<
 by: W. Decker, G.-M. Greuel, G. Pfister, H. Schoenemann     \   Feb 2023
FB Mathematik der Universitaet, D-67653 Kaiserslautern        \  Debian 1:4.3.2-p10+ds-1.1build1
compute hilbert series with std in ring (ZZ/179424673),(x18,x17,x16,x15,x14,x13,x12,x11,x10,x9,x8,x7,x6,x5,x4,x3,x2,x1,@),(dp(19),C)
weights used for hilbert series: 1,1,1,1,1,1,1,1,1,1,1,1,1,1,1,1,1,1,1
[65535:5]1(17)s(16)s(15)s(14)s(13)s(12)s(11)s(10)s(9)s(8)s(7)s2(6)s(5)sss3(6)-ss(8)s(10)s(13)s(17)s4(20)-s(22)s(26)--s(29)-----s(28)s(33)------s(32)5--------------------------------
product criterion:251 chain criterion:43
std with hilb in (ZZ/179424673),(x18,x17,x16,x15,x14,x13,x12,x11,x10,x9,x8,x7,x6,x5,x4,x3,x2,x1,@),(lp(18),dp(1),C)
[65535:5]1(26)s(25)s(24)s(23)s(22)s(21)s(20)s(19)s(18)s(17)s(16)s2(15)s(14)ss(15)s3(17)-s(16)s(17)s(19)s(20)s(23)s(26)-s(29)shh4(32)-----s(31)---s(33)--s(35)--s(39)s(44)---s(46)-s(51)--s(55)shhhhhh5(51)-------------------------s(29)-----s(28)--s(31)----s(33)s(37)---s(39)-----ss6(45)------------------------------------s(12)--s(14)---s(15)s7(20)-------------------sh8(6)------shhhhhh
product criterion:552 chain criterion:319
hilbert series criterion:15
dehomogenization
simplification
imap to ring (ZZ/179424673),(x18,x17,x16,x15,x14,x13,x12,x11,x10,x9,x8,x7,x6,x5,x4,x3,x2,x1),(lp(18),C)
Auf Wiedersehen.
                     SINGULAR                                 /  Development
 A Computer Algebra System for Polynomial Computations       /   version 4.3.2
                                                           0<
 by: W. Decker, G.-M. Greuel, G. Pfister, H. Schoenemann     \   Feb 2023
FB Mathematik der Universitaet, D-67653 Kaiserslautern        \  Debian 1:4.3.2-p10+ds-1.1build1
// ** loaded /usr/bin/../share/singular/LIB/primdec.lib (4.3.2.9,Oct_2023)
// ** loaded /usr/bin/../share/singular/LIB/ring.lib (4.3.1.3,Feb_2023)
// ** loaded /usr/bin/../share/singular/LIB/absfact.lib (4.1.2.0,Feb_2019)
// ** loaded /usr/bin/../share/singular/LIB/triang.lib (4.1.2.0,Feb_2019)
// ** loaded /usr/bin/../share/singular/LIB/matrix.lib (4.3.2.3,Aug_2023)
// ** loaded /usr/bin/../share/singular/LIB/nctools.lib (4.1.2.0,Feb_2019)
// ** loaded /usr/bin/../share/singular/LIB/inout.lib (4.1.2.0,Feb_2019)
// ** loaded /usr/bin/../share/singular/LIB/random.lib (4.1.2.0,Feb_2019)
// ** loaded /usr/bin/../share/singular/LIB/polylib.lib (4.2.0.0,Dec_2020)
// ** loaded /usr/bin/../share/singular/LIB/elim.lib (4.3.2.5,Jul_2023)
// ** loaded /usr/bin/../share/singular/LIB/general.lib (4.1.2.0,Feb_2019)
[65535:5]1(17)s(16)s(15)s(14)s(13)s(12)s(11)s(10)s(9)s(8)s(7)s(6)s(5)s(4)s2(3)s(2)sss
(S:17)-----------------
product criterion:153 chain criterion:0
// ** redefining j (int j = 2;)
rt
Auf Wiedersehen.

Set::setraw: Cannot assign to raw object 1.

Set::setraw: Cannot assign to raw object 1.
  >> 1 region(s): expReg=2.527s  build=0.064s
  [sector total: 2.605s]
#Non-triv Sectors = 1

[SECTOR_RESULT] key=101111000 tier=Quick state=done time=2.606844 regions=1
