
      +++  sector:  {1, 0, 0, 1, 1, 1, 1, 0, 0}  (1/1)  +++ 
                     SINGULAR                                 /  Development
 A Computer Algebra System for Polynomial Computations       /   version 4.3.2
                                                           0<
 by: W. Decker, G.-M. Greuel, G. Pfister, H. Schoenemann     \   Feb 2023
FB Mathematik der Universitaet, D-67653 Kaiserslautern        \  Debian 1:4.3.2-p10+ds-1.1build1
compute hilbert series with std in ring (ZZ/179424673),(x18,x17,x16,x15,x14,x13,x12,x11,x10,x9,x8,x7,x6,x5,x4,x3,x2,x1,@),(dp(19),C)
weights used for hilbert series: 1,1,1,1,1,1,1,1,1,1,1,1,1,1,1,1,1,1,1
[65535:5]2(18)s(17)s(16)s(15)s(14)s(13)s(12)s(11)s(10)s(9)s(10)s(12)s(13)s(14)s(18)s(20)s(23)s(25)s(30)s3(35)s(40)s(43)s(49)s(52)s(58)s(63)s(67)s(73)s(80)s(87)s(96)s(101)s(106)s(114)s(122)s(130)s(139)s(149)-s(157)s(162)s(171)s(177)s(183)s(189)s(193)s(200)s(207)s(220)s(226)s(235)s(243)s(250)s(256)s(261)s4(267)s(276)s(285)-s(294)s(301)s(310)s(321)s(330)s(340)s(351)s(359)-------s(361)--------s(365)------s(369)s(378)-s(385)s(394)-s(403)s(413)s(423)s(431)s(440)s(448)-s(459)s(471)s(481)s(486)s(497)s(509)s(520)s(533)s(546)s(556)s(570)s(580)s(592)s(603)s(612)s(621)--s(628)s(639)s(648)s(663)s(672)s(684)-----s(689)-s(699)s(710)--s(717)s(727)-s(736)s(748)s(758)s(767)-----s(779)s(784)s(794)s(801)s(809)s(819)s(833)--s(841)s(853)----------s(856)-s(866)--------s(871)s(883)s(895)-s(908)s(917)s(927)s(938)s(950)-s(961)s(973)s(983)s(994)--------s(998)-----s(1004)s(1016)-s(1024)-s(1038)------------------s(1037)--s(1044)-s(1053)--s(1064)---s(1073)s(1087)s(1098)------s(1107)---s(1114)--------------(1100)--------------------5-s(1091)s(1104)-s(1117)s(1130)----------------s(1126)s(1139)-s(1153)s(1167)-------------s(1169)s(1185)s(1199)----s(1212)------------(1200)-------------------------s(1191)s(1206)-s(1219)s(1232)s(1249)----s(1258)s(1274)--s(1285)-s(1296)s(1311)s(1327)s(1339)----------s(1344)s(1358)s(1371)-s(1384)--------------s(1385)s(1399)------s(1404)s(1420)-------------------s(1415)s(1432)s(1448)s(1463)s(1477)------s(1487)------------------------------------s(1466)-----s(1474)---------------s(1475)-----s(1484)----------------------------------------------------------------s(1437)----------------s(1435)-----------------------------------(1400)--------------------------------------s(1377)s(1392)--s(1404)----(1400)----s(1412)-s(1426)--------------------------(1400)---------s(1408)--------(1400)-----------------------------------------------------------------s(1351)s(1366)s(1378)s(1389)s(1402)s(1418)s(1429)--s(1441)-s(1455)--s(1469)s(1481)---------s(1485)----------s(1486)-------s(1490)s(1499)s(1511)----s(1519)-s(1533)s(1545)----s(1551)s(1563)--s(1573)s(1581)--s(1589)s(1601)s(1613)-s(1624)s(1634)----------s(1637)-------s(1641)-----------------------------------------(1600)s(1613)s(1625)------------ss(1637)--------s(1641)---s(1648)------s(1655)------------------------------------s(1630)------------------------------(1600)--------------------------s(1587)---------------------s(1577)----s(1585)s(1599)s(1612)--s(1622)--s(1633)-s(1643)-------s(1650)--------s(1654)---s(1662)-----s(1666)-----------s(1667)----s(1672)-----------s(1673)-----------------------------------------------s(1637)--------------------------s(1623)s(1634)---------------------s(1625)------s(1631)-------------------------------(1600)----------------------------------------6-s(1574)s(1590)-------s(1599)---------------------------------------------------------------------------------------------------(1500)----------------------------------------------------------------------------------------------------(1400)----------------------------------------------------------------------------------------------------(1300)----------------------------------------------------------------------------------------------------(1200)-------------------------------------------------s(1165)s(1181)----------s(1185)s(1199)------------s(1202)--(1200)-s(1213)--s(1226)---------------------s(1220)-s(1234)---s(1247)----------------s-s(1261)--------------s(1263)--------------------------------------------s(1234)s(1249)s(1264)----------------s(1263)----------------s----s(1276)----------------------------------------------------------------------------(1200)-------------------------------------------------------------------------------s(1136)------------------------------------(1100)----------------------------------------------------------------------------------------------------(1000)----------------------------------------------------------------------------------------------------(900)--------------------------------------------------s(862)---s(870)s(882)-----------------s(878)----s(888)-s(902)--(900)-------s(906)s(919)-------------------(900)----s(910)----------(900)---------------------------------------s(872)s(883)-s(894)----------------s(891)------s(899)s(911)-----------(900)-------s(906)------(900)-----------------------------s(884)------------------------------------------------------------------------------------(800)--------------s(799)---------------------------------------------------------------------------------------------------(700)------------s(702)--(700)---------------------------------------------------------7-------------------------------------------(600)----------------------------------------------------------------------------------------------------(500)----------------------------------------------------------------------------------------------------(400)----------------------------------------------------------------------------------------------------(300)----------------------------------------------------------------------------------------------------(200)----------------------------------------------------------------------------------------------------(100)--------------------------------------------s(70)---------------------------------------------------8-------------------
product criterion:11007 chain criterion:28816
std with hilb in (ZZ/179424673),(x18,x17,x16,x15,x14,x13,x12,x11,x10,x9,x8,x7,x6,x5,x4,x3,x2,x1,@),(lp(18),dp(1),C)
[65535:5]2(294)s(293)s(292)s(291)s(290)ssss(292)s(291)s(290)s(289)s(290)s(293)s(294)s(296)s(298)s(301)s(305)s3(310)s(315)s(321)s(328)s(336)s(338)s(345)s(352)s(355)s(362)s(370)s(378)s(387)s(395)s(399)s(406)s(413)s(417)s(422)s(433)s(438)s(445)s(454)s(463)s(471)s(478)s(486)-s(492)s(499)s(508)s(515)s(528)s(530)s(538)shhhhhhhhhhhhhhhhhhhhhhhhhhhhhhhhhhh4(506)-s(513)s(523)s(532)s(543)s(554)s(564)s(573)-s(583)s(593)s(604)s(614)s(624)s(636)s(647)s(657)-s(666)s(676)-s(686)s(697)s(705)s(715)s(725)s(737)s(743)s(755)-s(764)-s(774)s(785)--------s(789)---s(797)-s(809)--s(818)-s(830)---s(836)-s(846)--s(858)s(873)---s(879)s(889)s(901)-(900)-s(909)s(920)s(929)-s(937)s(948)-s(957)--s(965)s(982)s(995)------s(1000)-------s(1002)--(1000)---s(1009)-s(1018)---s(1024)s(1032)s(1043)s(1056)-s(1067)s(1079)s(1091)s(1106)--s(1119)-s(1129)s(1142)-----s(1148)----s(1153)s(1167)----s(1179)s(1189)s(1203)-s(1213)----s(1219)s(1230)s(1245)--------------s(1244)s(1254)s(1267)s(1280)------s(1285)-----s(1291)----------------shhhhhhhhhhhhhhhhhhhhhhhhhhhhhhhhhhhhhhhhhhhhhhhhhhhhhhhhhhhhhhhhhhhhhhhhhhhhhhhhhhhhhhhhhhhhhhhhhhhhhhhhhhhhhhhhhhhhhh5(1172)-s(1182)-s(1194)--s(1206)s(1219)s(1232)s(1246)-s(1256)s(1271)-s(1286)s(1300)---s(1312)s(1327)-s(1342)s(1354)s(1367)-----s(1375)s(1392)s(1408)s(1421)----s(1429)s(1442)s(1458)-s(1471)--s(1481)s(1493)s(1510)s(1524)s(1537)s(1551)---s(1563)s(1575)-s(1585)s(1597)s(1610)-s(1623)--s(1632)---s(1642)--s(1651)s(1665)---s(1674)s(1688)------s(1695)-----s(1704)-s(1719)-s(1732)s(1745)s(1759)---------s(1763)----s(1771)s(1788)-s(1798)s(1812)--s(1822)s(1837)-s(1849)s(1863)---s(1874)---s(1882)----------------s(1878)--s(1889)-----------s(1894)s(1910)----------(1900)-s(1914)s(1928)s(1942)-s(1957)---s(1971)---s(1983)----s(1995)------s(2001)-(2000)----s(2009)-s(2021)-s(2034)------s(2040)-------------s(2042)-s(2056)s(2071)------s(2078)--------s(2086)s(2100)s(2115)---------------(2100)------s(2107)-------(2100)------s(2109)---------(2100)----s(2112)------------(2100)s(2115)--------s(2124)-----------------------s(2115)---------------(2100)---------------------------------------------------------s(2053)--s(2066)-s(2077)-----------s(2082)------s(2088)-----------------s(2082)---------------------------------s(2059)---s(2071)------------s(2070)----s(2077)-s(2089)---s(2098)-----------------------s(2087)--s(2096)-------s(2102)--(2100)s(2113)-------------(2100)------------------------------------s(2077)-------------------------s(2068)s(2080)---------ss(2091)------------------------s(2079)------------------------------------------------------------------s(2026)s(2039)---------------s------s(2049)s(2063)-----------------------------shhhhhhhhhhhhhhhhhhhhhhhhhhhhhhhhhhhhhhhhhhhhhhhhhhhhhhhhhhhhhhhhhhhhhhhhhhhhhhhhhhhhhhhhhhhhhhhhhhhhhhhhhhhhhhhhhhhhhhhhhhhhhhhhhhhhhhhhhhhhhhhhhhhhhhhhhhhhhhhhhhhhhhhhhhhhhhhhhhhhhhhhhhhhhhhhhhhhhhhhhhhhhhhhhhhhhhhhhhhhhhhhhhhhhhhhhhhhhhhhhhhhhhhhhhhhhhhhhhhhhhhhhhhhhhhhhhhhhhhhhhhhhhhh6(1758)s(1773)s(1789)-s(1805)-----(1800)--------------------s(1794)s(1809)-s(1824)------------------------(1800)-----------------s(1798)--------s(1805)s(1822)s(1837)s(1851)-----s(1861)------------------------------------------------------s(1823)-s(1837)-----s(1846)--------------------------------s(1827)s(1839)--s(1851)---------------s(1850)-------s(1854)s(1866)s(1879)----------------------s(1870)----------s(1873)-----------s(1877)------s(1887)----s(1899)---------------------------------------------------------------s(1851)----s(1859)----------------s(1855)s(1869)s(1884)s(1897)--s(1903)---(1900)--------------------------------------------------------s(1856)---s(1865)----s(1873)---------------------s(1866)------------------------------------------s(1839)-----------s(1840)---s(1850)------------------------s(1838)--------------------------------------(1800)-------------------------------------s(1776)----------------------------------------------------------------------------(1700)-------------------------------------------s(1672)----------------------------------------------------------------s(1623)-----------------------(1600)---------------------------------------------------------------------------s(1539)---------------------------------------(1500)--------------------------------------------------------s(1456)--------------------------------------------------------(1400)----------------------------------------------------------------------------------------------------(1300)----------------------s(1293)--s(1304)----(1300)------------------------------s(1281)----------------------------------------------------------------------------s(1217)---s(1225)-------s(1231)-------------------s(1225)-------------------------(1200)----------------------------------------------------------------------------------------------------(1100)----------------------------------------------------------------------------------------------------(1000)-------------------------s(989)-----------------------------------------------------------------------------------------(900)-------------------------shhhhhhhhhhhhhhhhhhhhhhhhhhhhhhhhhhhhhhhhhhhhhhhhhhhhh7(834)s(850)--------------------------------------------------(800)----------------------------------------------------------------------------------------------------(700)--------------------------------------------------------shhhhhhhhhhhhhhhhhhhhhhhhhhhhhhhhhhhhhhhhhhhhhhhhhhhhhhhhhhhhhhhhhhhhhhhhhhhhhhhhhhhhhhhhhhhhhhhhhhhhhhhhhhhhhhhhhhhhhhhhhhhhhhhhhhhhhhhhhhhhhhhhhhhhhhhhhhhhhhhhhhhhhhhhhhhhhhhhhhhhhhhhhhhhhhhhhhhhhhhhhhhhhhhhhhhhhhhhhhhhhhhhhhhhhhhhhhhhhhhhhhhhhhhhhhhhhhhhhhhhhhhhhhhhhhhhhhhhhhhhhhhhhhhhhhhhhhhhhhhhhhhhhhhhhhhhhhhhhhhhhhhhhhhhhhhhhhhhhhhhhhhhhhhhhhhhhhhhhhhhhhhhhhhhhhhhhhhhhhhhhhhhhhhhhhhhhhhhhhhhhhhhhhhhhhhhhhhhhhhhhhhhhhhhhhhhhhhhhhhhhhhhhhhhhhhhhhhhhhhhhhhhhhhhhhhhhhhhhhhhhhhhhhhhhhhhhhhhhhhhhhhhhhhhhhhhhhhhhhhhhhhhhhhhhhhhhhhhhhhhhhhhhhhhhhhhhhhhhhhhhhhhhhhhhhhhhhhhhhhhhhhhhhhhhhhhhhhhhhhhhhhhhhhhhhhhhhhhhhhhhhhhhhhhhhhhhhhhhhhhhhhhhhhhhhhhhhhhhhh
product criterion:12191 chain criterion:30967
hilbert series criterion:1153
dehomogenization
simplification
imap to ring (ZZ/179424673),(x18,x17,x16,x15,x14,x13,x12,x11,x10,x9,x8,x7,x6,x5,x4,x3,x2,x1),(lp(18),C)
Auf Wiedersehen.
                     SINGULAR                                 /  Development
 A Computer Algebra System for Polynomial Computations       /   version 4.3.2
                                                           0<
 by: W. Decker, G.-M. Greuel, G. Pfister, H. Schoenemann     \   Feb 2023
FB Mathematik der Universitaet, D-67653 Kaiserslautern        \  Debian 1:4.3.2-p10+ds-1.1build1
// ** loaded /usr/bin/../share/singular/LIB/primdec.lib (4.3.2.9,Oct_2023)
// ** loaded /usr/bin/../share/singular/LIB/ring.lib (4.3.1.3,Feb_2023)
// ** loaded /usr/bin/../share/singular/LIB/absfact.lib (4.1.2.0,Feb_2019)
// ** loaded /usr/bin/../share/singular/LIB/triang.lib (4.1.2.0,Feb_2019)
// ** loaded /usr/bin/../share/singular/LIB/matrix.lib (4.3.2.3,Aug_2023)
// ** loaded /usr/bin/../share/singular/LIB/nctools.lib (4.1.2.0,Feb_2019)
// ** loaded /usr/bin/../share/singular/LIB/inout.lib (4.1.2.0,Feb_2019)
// ** loaded /usr/bin/../share/singular/LIB/random.lib (4.1.2.0,Feb_2019)
// ** loaded /usr/bin/../share/singular/LIB/polylib.lib (4.2.0.0,Dec_2020)
// ** loaded /usr/bin/../share/singular/LIB/elim.lib (4.3.2.5,Jul_2023)
// ** loaded /usr/bin/../share/singular/LIB/general.lib (4.1.2.0,Feb_2019)
map with cache
map with cache
map with cache
map with cache
map with cache
map with cache
map with cache
map with cache
map with cache
map with cache
map with cache
map with cache
map with cache
map with cache
map with cache
map with cache
map with cache
std in (ZZ/179424673),(x18,x17,x16,x15,x14,x13,x12,x11,x10,x9,x8,x7,x6,x5,x4,x3,x2,x1),(dp(18),C)
[65535:6]1(17)s(16)s(15)s(14)s(13)s(12)s(11)s(10)s(9)s(8)s(7)s(6)s(5)s(4)s(3)s(2)ss3s
(S:17)-----------------
product criterion:153 chain criterion:0
[65535:5]1(17)s(16)s(15)s(14)s(13)s(12)s(11)s(10)s(9)s(8)s(7)s(6)s(5)s(4)s(3)s(2)ss3s
(S:17)-----------------
product criterion:153 chain criterion:0
map is a permutation
[65535:6]1(18)s(17)s(16)s(15)s(14)s(13)s(12)s(11)s(10)s(9)s(8)s(7)s(6)s(5)s(4)s(3)s(2)sss
(S:18)------------------
product criterion:171 chain criterion:0
[65535:5]1(17)s(16)s(15)s(14)s(13)s(12)s(11)s(10)s(9)s(8)s(7)s(6)s(5)s(4)s(3)s(2)sss
(S:17)-----------------
product criterion:153 chain criterion:0
{1}[65535:7]1(17)s(16)s(15)s(14)s(13)s(12)s(11)s(10)s(9)s(8)s(7)s(6)s(5)s(4)s(3)s(2)sss2(16)----------------
(S:18)-------------------
product criterion:0 chain criterion:0
(S:18)rrrrrrrrrrrrrrrrrr
[65535:5]1(17)s(16)s(15)s(14)s(13)s(12)s(11)s(10)s(9)s(8)s(7)s(6)s(5)s(4)s(3)s(2)sss
(S:17)-----------------
product criterion:153 chain criterion:0
intersect by elimination method
[65535:7]1(18)s2(17)s(16)s(15)s(14)s(13)s(12)s(11)s(10)s(9)s(8)s(7)s(6)s(5)s(4)s(3)s(2)sss
(S:18)------------------
product criterion:171 chain criterion:0
map is a permutation
[65535:6]1(18)s(17)s(16)s(15)s(14)s(13)s(12)s(11)s(10)s(9)s(8)s(7)s(6)s(5)s(4)s(3)s(2)ss2s
(S:0)
product criterion:171 chain criterion:0
map is a permutation
[65535:6]1(18)s(17)s(16)s(15)s(14)s(13)s(12)s(11)s(10)s(9)s(8)s(7)s(6)s(5)s(4)s(3)s(2)ss2s
(S:0)
product criterion:171 chain criterion:0
map is a permutation
[65535:6]1(18)s(17)s(16)s(15)s(14)s(13)s(12)s(11)s(10)s(9)s(8)s(7)s(6)s(5)s(4)s(3)s(2)ss2s
(S:0)
product criterion:171 chain criterion:0
map is a permutation
[65535:6]1(18)s(17)s(16)s(15)s(14)s(13)s(12)s(11)s(10)s(9)s(8)s(7)s(6)s(5)s(4)s(3)s(2)ss2s
(S:0)
product criterion:171 chain criterion:0
map is a permutation
[65535:6]1(18)s(17)s(16)s(15)s(14)s(13)s(12)s(11)s(10)s(9)s(8)s(7)s(6)s(5)s(4)s(3)s(2)ss2s
(S:0)
product criterion:171 chain criterion:0
map is a permutation
[65535:6]1(18)s(17)s(16)s(15)s(14)s(13)s(12)s(11)s(10)s(9)s(8)s(7)s(6)s(5)s(4)s(3)s(2)ss2s
(S:0)
product criterion:171 chain criterion:0
map is a permutation
[65535:6]1(18)s(17)s(16)s(15)s(14)s(13)s(12)s(11)s(10)s(9)s(8)s(7)s(6)s(5)s(4)s(3)s(2)ss2s
(S:0)
product criterion:171 chain criterion:0
map is a permutation
[65535:6]1(18)s(17)s(16)s(15)s(14)s(13)s(12)s(11)s(10)s(9)s(8)s(7)s(6)s(5)s(4)s(3)s(2)ss2s
(S:0)
product criterion:171 chain criterion:0
map is a permutation
[65535:6]1(18)s(17)s(16)s(15)s(14)s(13)s(12)s(11)s(10)s(9)s(8)s(7)s(6)s(5)s(4)s(3)s(2)ss2s
(S:0)
product criterion:171 chain criterion:0
map is a permutation
[65535:6]1(18)s(17)s(16)s(15)s(14)s(13)s(12)s(11)s(10)s(9)s(8)s(7)s(6)s(5)s(4)s(3)s(2)ss2s
(S:0)
product criterion:171 chain criterion:0
map is a permutation
[65535:6]1(18)s(17)s(16)s(15)s(14)s(13)s(12)s(11)s(10)s(9)s(8)s(7)s(6)s(5)s(4)s(3)s(2)ss2s
(S:0)
product criterion:171 chain criterion:0
map is a permutation
[65535:6]1(18)s(17)s(16)s(15)s(14)s(13)s(12)s(11)s(10)s(9)s(8)s(7)s(6)s(5)s(4)s(3)s(2)ss2s
(S:0)
product criterion:171 chain criterion:0
map is a permutation
[65535:6]1(18)s(17)s(16)s(15)s(14)s(13)s(12)s(11)s(10)s(9)s(8)s(7)s(6)s(5)s(4)s(3)s(2)ss2s
(S:0)
product criterion:171 chain criterion:0
map is a permutation
[65535:6]1(18)s(17)s(16)s(15)s(14)s(13)s(12)s(11)s(10)s(9)s(8)s(7)s(6)s(5)s(4)s(3)s(2)ss2s
(S:0)
product criterion:171 chain criterion:0
map is a permutation
[65535:6]1(18)s(17)s(16)s(15)s(14)s(13)s(12)s(11)s(10)s(9)s(8)s(7)s(6)s(5)s(4)s(3)s(2)ss2s
(S:0)
product criterion:171 chain criterion:0
map is a permutation
[65535:6]1(18)s(17)s(16)s(15)s(14)s(13)s(12)s(11)s(10)s(9)s(8)s(7)s(6)s(5)s(4)s(3)s(2)ss2s
(S:0)
product criterion:171 chain criterion:0
map is a permutation
[65535:6]1(18)s(17)s(16)s(15)s(14)s(13)s(12)s(11)s(10)s(9)s(8)s(7)s(6)s(5)s(4)s(3)s(2)ss2s
(S:0)
product criterion:171 chain criterion:0
map is a permutation
[65535:6]1(18)s(17)s(16)s(15)s(14)s(13)s(12)s(11)s(10)s(9)s(8)s(7)s(6)s(5)s(4)s(3)s(2)ss2s
(S:0)
product criterion:171 chain criterion:0
[65535:5]1(17)s(16)s(15)s(14)s(13)s(12)s(11)s(10)s(9)s(8)s(7)s(6)s(5)s(4)s(3)s(2)sss
(S:17)-----------------
product criterion:153 chain criterion:0
map is a permutation
[65535:6]1(18)s(17)s(16)s(15)s(14)s(13)s(12)s(11)s(10)s(9)s(8)s(7)s(6)s(5)s(4)s(3)s(2)ss2s
(S:18)------------------
product criterion:171 chain criterion:0
[65535:5]1(17)s(16)s(15)s(14)s(13)s(12)s(11)s(10)s(9)s(8)s(7)s(6)s(5)s(4)s(3)s(2)ss2s
(S:17)-----------------
product criterion:153 chain criterion:0
{1}[65535:7]1(17)s(16)s(15)s(14)s(13)s(12)s(11)s(10)s(9)s(8)s(7)s(6)s(5)s(4)s(3)s(2)ss2s3(16)----------------
(S:18)-------------------
product criterion:0 chain criterion:0
(S:18)rrrrrrrrrrrrrrrrrr
[65535:5]1(17)s(16)s(15)s(14)s(13)s(12)s(11)s(10)s(9)s(8)s(7)s(6)s(5)s(4)s(3)s(2)ss2s
(S:17)-----------------
product criterion:153 chain criterion:0
map is a permutation
intersect by elimination method
[65535:7]1(18)s2(17)s(16)s(15)s(14)s(13)s(12)s(11)s(10)s(9)s(8)s(7)s(6)s(5)s(4)s(3)s(2)ss3s
(S:18)------------------
product criterion:171 chain criterion:0
map is a permutation
[65535:6]1(18)s(17)s(16)s(15)s(14)s(13)s(12)s(11)s(10)s(9)s(8)s(7)s(6)s(5)s(4)s(3)s(2)s2s.4
(S:0)
product criterion:153 chain criterion:0
map is a permutation
[65535:6]1(18)s(17)s(16)s(15)s(14)s(13)s(12)s(11)s(10)s(9)s(8)s(7)s(6)s(5)s(4)s(3)s(2)s2s.4
(S:0)
product criterion:153 chain criterion:0
map is a permutation
[65535:6]1(18)s(17)s(16)s(15)s(14)s(13)s(12)s(11)s(10)s(9)s(8)s(7)s(6)s(5)s(4)s(3)s(2)s2s.4
(S:0)
product criterion:153 chain criterion:0
map is a permutation
[65535:6]1(18)s(17)s(16)s(15)s(14)s(13)s(12)s(11)s(10)s(9)s(8)s(7)s(6)s(5)s(4)s(3)s(2)s2s.4
(S:0)
product criterion:153 chain criterion:0
map is a permutation
[65535:6]1(18)s(17)s(16)s(15)s(14)s(13)s(12)s(11)s(10)s(9)s(8)s(7)s(6)s(5)s(4)s(3)s(2)s2s.4
(S:0)
product criterion:153 chain criterion:0
map is a permutation
[65535:6]1(18)s(17)s(16)s(15)s(14)s(13)s(12)s(11)s(10)s(9)s(8)s(7)s(6)s(5)s(4)s(3)s(2)s2s.4
(S:0)
product criterion:153 chain criterion:0
map is a permutation
[65535:6]1(18)s(17)s(16)s(15)s(14)s(13)s(12)s(11)s(10)s(9)s(8)s(7)s(6)s(5)s(4)s(3)s(2)s2s.4
(S:0)
product criterion:153 chain criterion:0
map is a permutation
[65535:6]1(18)s(17)s(16)s(15)s(14)s(13)s(12)s(11)s(10)s(9)s(8)s(7)s(6)s(5)s(4)s(3)s(2)s2s.4
(S:0)
product criterion:153 chain criterion:0
map is a permutation
[65535:6]1(18)s(17)s(16)s(15)s(14)s(13)s(12)s(11)s(10)s(9)s(8)s(7)s(6)s(5)s(4)s(3)s(2)s2s.4
(S:0)
product criterion:153 chain criterion:0
map is a permutation
[65535:6]1(18)s(17)s(16)s(15)s(14)s(13)s(12)s(11)s(10)s(9)s(8)s(7)s(6)s(5)s(4)s(3)s(2)s2s.4
(S:0)
product criterion:153 chain criterion:0
map is a permutation
[65535:6]1(18)s(17)s(16)s(15)s(14)s(13)s(12)s(11)s(10)s(9)s(8)s(7)s(6)s(5)s(4)s(3)s(2)s2s.4
(S:0)
product criterion:153 chain criterion:0
map is a permutation
[65535:6]1(18)s(17)s(16)s(15)s(14)s(13)s(12)s(11)s(10)s(9)s(8)s(7)s(6)s(5)s(4)s(3)s(2)s2s.4
(S:0)
product criterion:153 chain criterion:0
map is a permutation
[65535:6]1(18)s(17)s(16)s(15)s(14)s(13)s(12)s(11)s(10)s(9)s(8)s(7)s(6)s(5)s(4)s(3)s(2)s2s.4
(S:0)
product criterion:153 chain criterion:0
map is a permutation
[65535:6]1(18)s(17)s(16)s(15)s(14)s(13)s(12)s(11)s(10)s(9)s(8)s(7)s(6)s(5)s(4)s(3)s(2)s2s.4
(S:0)
product criterion:153 chain criterion:0
map is a permutation
[65535:6]1(18)s(17)s(16)s(15)s(14)s(13)s(12)s(11)s(10)s(9)s(8)s(7)s(6)s(5)s(4)s(3)s(2)s2s.4
(S:0)
product criterion:153 chain criterion:0
map is a permutation
[65535:6]1(18)s(17)s(16)s(15)s(14)s(13)s(12)s(11)s(10)s(9)s(8)s(7)s(6)s(5)s(4)s(3)s(2)s2s.4
(S:0)
product criterion:153 chain criterion:0
map is a permutation
[65535:6]1(18)s(17)s(16)s(15)s(14)s(13)s(12)s(11)s(10)s(9)s(8)s(7)s(6)s(5)s(4)s(3)s(2)s2s.4
(S:0)
product criterion:153 chain criterion:0
map is a permutation
[65535:6]1(18)s(17)s(16)s(15)s(14)s(13)s(12)s(11)s(10)s(9)s(8)s(7)s(6)s(5)s(4)s(3)s(2)s2s3s
(S:0)
product criterion:171 chain criterion:0
[65535:5]1(17)s(16)s(15)s(14)s(13)s(12)s(11)s(10)s(9)s(8)s(7)s(6)s(5)s(4)s(3)s(2)ss2s
(S:17)-----------------
product criterion:153 chain criterion:0
// ** _ is no standard basis
// ** _ is no standard basis
Auf Wiedersehen.
                     SINGULAR                                 /  Development
 A Computer Algebra System for Polynomial Computations       /   version 4.3.2
                                                           0<
 by: W. Decker, G.-M. Greuel, G. Pfister, H. Schoenemann     \   Feb 2023
FB Mathematik der Universitaet, D-67653 Kaiserslautern        \  Debian 1:4.3.2-p10+ds-1.1build1
compute hilbert series with std in ring (ZZ/179424673),(x18,x17,x16,x15,x14,x13,x12,x11,x10,x9,x8,x7,x6,x5,x4,x3,x2,x1,@),(dp(19),C)
weights used for hilbert series: 1,1,1,1,1,1,1,1,1,1,1,1,1,1,1,1,1,1,1
[65535:5]1(17)s(16)s(15)s(14)s(13)s2(12)s(11)sss(12)s3(14)-ss(16)s(19)s(20)s(22)s(24)s(27)s(31)s(36)s(41)s(47)s(51)s(58)s4(62)--------------------s(47)s(53)s(60)s(68)s(75)s(83)s(89)s(92)--s(93)s(97)s(102)s(105)s(109)s(115)s(122)s(127)s(132)s(140)s(142)s(145)s(148)s(153)s(159)s(165)s(169)s(175)s(180)s(183)s(188)s(192)s(196)s(201)s(206)s(209)s(214)s(220)s(226)s5(231)-----------s(229)-------s(231)s(239)---------------------------------------(200)s(209)s(217)s(226)s(236)s(246)----------------------------------s(216)---s(218)-s(222)s(228)--s(231)s(236)s(244)s(249)s(255)----------------------------s(233)--s(239)----s(243)--s(248)-s(253)s(260)-s(266)s(273)s(280)-s(286)-s(293)s(301)s(310)s(318)s(327)-s(336)-----------------s(325)s(330)s(336)--s(340)s(347)-s(356)--s(360)s(366)s(371)s(376)-s(381)-s(387)s(393)-s(398)s(405)s(410)s(416)s6(424)---------------------s(413)----------s(414)--------------(400)-------------s(398)----s(404)----(400)---------------------------------------------s(365)--------------------------------------------------------------s(308)----s(310)s(316)s(320)s(325)s(331)s(336)s(342)s(348)s(355)s(360)s(366)s(373)s(381)s(390)---------s(388)s(393)--------s(394)-------s(393)-s(398)s(405)-----(400)---s(402)s(408)s(417)s(424)s(430)s(439)s(447)s(453)s(460)s(469)-s(476)s(483)s(490)--s(495)-s(500)-s(506)---s(512)s(519)s(527)s(534)-s(541)s(550)-s(557)s(565)s(574)--------------s(567)------s(570)s(577)---s(583)--------s--s(589)------------------s(576)s(582)s(588)-----s(590)s(597)---s(599)s(605)s(611)s(617)s(625)s(632)s(639)s(645)s(652)--s(655)--s(664)s(672)s(679)-s(684)-s(689)-s(695)-s(700)s(709)--s(717)-s(723)s(730)s(736)-s(742)-------s----s(746)s(752)s(759)s(765)s(772)s(780)s(787)--s(793)-s(800)s(807)s7(816)----------------(800)----------------------------------------------------------------------------------------------------(700)----------------------------------------------------------------------------------------------------(600)----------------------------------------------------------------------------------------------------(500)--------------------------------s(475)---------s(473)s(479)----------s(477)--s(483)---s(489)-s(496)-----------------------------s(475)-------------------------------------------------------------s(421)-s(429)s(437)s(444)----s(447)s(457)--------------s(451)---s(457)---------------------------------------------------------(400)----------------------------------------s(369)------------------------------------------------------s(323)--s(326)-s(334)s(339)s(346)----s(351)-s(358)s(367)--s(374)s(383)---s(389)--------------------------------------s(357)--s(362)----s(365)-s(374)-----------------------s(361)--------------------s(349)---------s(347)s(355)----s(358)--s(364)-------s(365)--s(371)8------------------------s(358)----------------------------------------------------------(300)---------------------------------------------------------------s(244)-------------------s(233)---------------------------------(200)------------------s(190)----s(195)s(204)----(200)----s(204)----(200)--------------------------------------s(169)-s(176)--------------s(170)s(179)-----s(183)---s(188)-s(195)--------------------------------------------------------s(150)-----s(153)-s9(162)--------------------------------------------------------------(100)----------------------------------------------------------------------------------------------------s10(10)---------ss11(19)--------------s(14)----12----------s13(9)---------s14(10)----------
product criterion:5893 chain criterion:29146
std with hilb in (ZZ/179424673),(x18,x17,x16,x15,x14,x13,x12,x11,x10,x9,x8,x7,x6,x5,x4,x3,x2,x1,@),(lp(18),dp(1),C)
[65535:5]1(272)s(271)s(270)s(269)s(268)s2(267)s(266)ss(267)s(269)s3(272)-s(271)s(272)s(273)s(274)s(276)s(278)s(281)s(285)s(288)--s(290)----s(291)s(297)s(304)s(312)s(321)s(331)s4(342)--------------------s(324)-------s(319)-s(321)s(324)s(327)s(330)s(334)s(337)s(342)s(346)s(350)s(355)s(359)s(363)s(369)s(376)s(380)s(385)s(389)s(393)s(398)s(404)s(412)s(419)s(425)s(430)s(432)s(435)s(439)s(444)s(453)s(461)s(467)s(474)s(479)s(482)s(486)s(491)s(497)s(507)s(516)s(523)s(529)s(535)s(541)s(547)s(552)s(558)s(562)s(573)s(583)s(591)s(598)s(605)s(611)s(617)s(625)s(631)s(638)s(640)s(652)s(663)s(672)s(680)s(688)shhhhhhhhhhhhhhhhhhhhhhhhhhhhhhhhhhhhhh5(657)----------s(654)-------------------s(639)---------------------------s(618)-------s(616)s(622)s(627)s(634)----------------------s(617)------s(615)s(620)------s(618)s(623)s(626)s(632)s(644)s(650)------s(651)------s(649)--------------------------s(629)s(636)s(641)-------------------------s(623)s(630)s(637)s(642)s(649)s(656)s(662)s(672)------s(677)------s(679)----------s(675)-----s(676)------s-----ss(681)s(693)s(699)------s(700)s(704)s(710)s(716)s(724)s(729)--s(734)s(745)------s(751)------s(754)-s(762)------s(765)--s(771)-----------s(769)------s(773)------s(777)-s(783)------s(787)--s(793)------s(796)------s(799)-----------s(796)----s(799)------s(800)-----s(802)s(808)-s(813)-s(819)s(827)s(833)s(840)s(846)s(851)--s(859)------s(862)------s(867)-s(871)------s(876)--s(884)------s(885)------s(889)-----s(894)------shhhhhhhhhhhhhhhhhhhhhhhhhhhhhhhhhhhhhhhhhhhhhhhhhhhhhhhhhh6(838)----s(842)------------------------------------------(800)-----------------------------------------------------------s(747)---s(751)--s(757)s(764)--------s(762)--s(768)-s(774)--s(779)s(786)s(798)----s(801)-(800)----------------s(792)-s(798)-------s(799)-s(806)s(813)----s(815)s(823)s(835)s(841)-------------------s(834)---------s(832)----s(836)----s(838)--------------------------s(822)-------s(824)-----------s(821)s(828)-s(835)--s(838)------------s(833)------s(834)----------------------s(818)----------------s(813)-------------(800)--s(806)s(814)s(821)s(827)-s(833)-s(840)s(849)s(857)-s(864)s(873)s(880)s(887)--s(892)s(898)s(905)s(916)-s(926)s(937)------s(939)--s(945)------s(947)s(955)s(967)--------------s(965)-s(974)-----------------s(968)-s(978)---s(981)-s(991)-----s(994)s(1003)---(1000)---------------------s(988)s(997)s(1006)s(1013)---------s(1011)s(1021)--------------------s(1008)-----s(1012)-s(1018)s(1026)-----s(1030)--s(1037)---------------------s(1024)s(1032)--------s(1030)-s(1036)------s(1038)--s(1043)s(1051)s(1059)s(1066)s(1075)-------s(1078)s(1089)s(1097)--------s(1098)-------s(1100)s(1108)s(1117)s(1124)------------------------(1100)-----s(1107)-------(1100)-------------s(1097)s(1107)--s(1114)s(1123)-s(1132)shhhhhhhhhhhhhhhhhhhhhhhhhhhhhhhhhhhhhhhhhhhhhhhhhhhhhhhhhhhhhhhhhhhhhhhhhhhhhhhhhhhhhhhhhhhhhhhhh7(1045)---------------------------------------------(1000)-----------------------s(983)--------------s(976)--------------s(969)----------s(966)s(975)s(983)-------------------------------------------s(948)s(955)-------------------s(945)---------------------------------------------(900)---------s(901)-(900)----------------------------------------------------------------------------------------------------(800)s(807)-------(800)---s(804)-s(811)s(820)-s(827)---------------------------(800)----------------------s(785)------s(787)--s(793)--------------s(790)-s(797)---------------------s(785)----s(787)--------------------------------------------------s(748)----------------------s(736)-------------s(733)----s(740)---s(744)s(752)s(761)-------------------s(750)--------s(749)-----------------s(739)-----s(743)s(753)-s(760)--------------s(752)---------s(750)------s(751)--------------s(745)s(755)------s(757)------------------s(747)------------------s(738)---s(747)-----------------------------------------------(700)-s(707)s(714)s(722)---s(730)-----s(732)--------------------------------(700)--------------------------------------s(673)-s(681)---------------s(678)s(687)-----s(690)s(699)----s(702)--(700)s(709)s(717)s(724)s(736)--------s(737)----------ss(748)--s(757)-------s(762)--------------------s(753)-------------s(751)-s(760)--------s(762)------------s(761)-shhhhhhhhhhhhhhhhhhhhhhhhhhhhhhhhhhhhhhhh8(730)---s(734)-----------s(731)-------------------------------(700)----------------------------------------------------------------------------------------------------(600)------------------------------------------------------------------------------s(530)--------------s(525)----s(531)----------------------s(516)----------------(500)-s(507)-------(500)-----s(504)----(500)----------------------------------------s(470)-----s(474)------------------s(465)---s(471)s(479)s(490)s(500)----------------------------------------------------------------------------------------------------(400)------------------------------------------------------s(355)---------------------------------s(331)s(339)s(350)---s(355)-----s(358)--s(366)-----------s----------------------------------------------s(332)s(344)----------s(346)s(358)-s(368)s(377)s(388)-----------------------------------s(363)-s(371)---------s(372)shhhhhhhhhhhhhhhhhh9(364)----------------------------------------------------------------(300)----------------------------------------------------------------------------------------------------(200)------------------------------------------------------------s(149)----------s(147)-s(157)------------s(156)-----------s(157)---------------------------------------------------------(100)------------------s(94)------------s(92)s(103)---(100)s(110)-sh10(119)------------s(116)----------------(100)--------------------------------s(78)-----------------------------------s(53)-s(63)s(74)-shhhhhhhhhhhhhh11(70)------------s(67)-------s(70)---------------------------------------------shh12(34)-------------s(30)------s(34)--Killed
-shh13(33)--------------s(28)Killed
