
      +++  sector:  {1, 1, 0, 0, 0, 1, 1, 0, 0}  (1/1)  +++ 
                     SINGULAR                                 /  Development
 A Computer Algebra System for Polynomial Computations       /   version 4.3.2
                                                           0<
 by: W. Decker, G.-M. Greuel, G. Pfister, H. Schoenemann     \   Feb 2023
FB Mathematik der Universitaet, D-67653 Kaiserslautern        \  Debian 1:4.3.2-p10+ds-1.1build1
compute hilbert series with std in ring (ZZ/179424673),(x18,x17,x16,x15,x14,x13,x12,x11,x10,x9,x8,x7,x6,x5,x4,x3,x2,x1,@),(dp(19),C)
weights used for hilbert series: 1,1,1,1,1,1,1,1,1,1,1,1,1,1,1,1,1,1,1
[65535:5]2(18)s(17)s(16)s(15)s(14)s(13)s(12)s(11)s(10)s(9)s(10)s(12)s(15)s(17)s(20)s(24)s(27)s(28)s(32)s3(36)s(40)s(44)s(48)s(54)s(58)s(65)s(71)s(74)s(81)s(88)s(95)s(102)s(109)s(115)s(126)s(135)-s(143)s(152)s(162)s(168)s(176)s(184)s(192)s(200)s(208)s(213)s(220)s(233)s(238)s(244)s(250)s(259)s(266)s(275)s(282)4-s(291)s(302)s(312)-s(323)-s(333)-s(343)--------s(348)s(360)s(374)s(386)---s(398)-s(410)----------(400)-------------------------------s(385)--------s(394)---------s(395)s(405)s(419)s(430)---s(437)s(447)--------s(451)s(462)----s(471)-s(480)s(487)s(496)--s(505)-s(516)s(526)s(536)s(547)s(558)s(570)-s(580)-s(590)s(602)s(614)--------s(618)-s(629)-s(636)-s(641)s(654)s(665)------s(670)----------------------s(661)-----s(667)---------------------------------------------------s(625)--------------5-s(624)s(639)---s(650)----s(662)-------------s(664)---s(676)-s(691)-------s(700)----------------------------------------------------------------------------------------s(626)--s(639)----s(651)s(666)s(682)-----s(691)----------------------------------s(673)-s(689)s(704)----(700)----------------s(698)-----------------------------------------------------------s(654)------------------------------------------------------(600)---------------------------------------------------------------------s(543)s(552)-s(563)-------s(566)-s(576)----------------------------s(559)--s(568)-s(579)------s(583)---s(591)------s(597)-----------------------------------------------------------------s(543)---------------------------s(528)-s(540)-------------s-------------------------6---------------(500)----------------------------------------------------------------------------------------------------(400)----------------------------------------------------------------------------------------------------(300)----------------------------------------------------------------------------------------------------(200)----------------------------------------------------------------------------------------------------(100)------------------------------s(83)---------------------------------------------------------------------7--------------
product criterion:3560 chain criterion:4214
std with hilb in (ZZ/179424673),(x18,x17,x16,x15,x14,x13,x12,x11,x10,x9,x8,x7,x6,x5,x4,x3,x2,x1,@),(lp(18),dp(1),C)
[65535:5]2(135)s(134)s(133)s(132)s(131)s(130)s(129)sss(132)s(131)ss(134)ss(135)s(137)s(140)s(145)s(147)s3(153)s(157)s(163)s(170)s(174)s(179)s(187)s(193)s(197)s(206)s(210)s(217)s(223)s(231)s(239)s(247)s(253)s(257)s(262)s(268)s(274)s(282)s(291)s(301)s(309)s(318)s(328)s(334)s(347)-s(357)s(366)s(375)s(383)s(390)s(397)shhhhhhhhhhhhhhhhhhhhhhhhhhhhhhhhhhhh4(367)s(377)s(386)s(396)-s(404)s(416)s(427)s(438)s(450)s(461)s(473)s(485)s(496)s(508)s(519)s(531)--s(541)s(547)s(560)s(571)-s(580)--s(590)s(604)----(600)----s(605)s(618)s(629)---s(640)s(652)--s(665)-------s(671)-s(682)-s(690)-----s(698)-s(710)s(722)------------s(726)-----------s(725)-----s(729)s(740)-s(751)-----s(757)----------s(764)-----s(771)s(780)s(789)---------------------------------------s(762)----s(770)--------------------------------------------------------shhhhhhhhhhhhhhhhhhhhhhhhhhhhhhhhhhhhhhhhhhhhhhhhhhhhhhhhhhhhhhhhhhhhhhhhh5(647)s(661)s(676)s(691)------------s(693)s(708)s(724)---s(735)-----------s(738)s(754)-----------s(758)s(773)-----s(783)--s(797)-s(808)--s(822)-------s(831)------s(839)---s(853)--------------s(855)s(870)-s(880)----------------------------------s(857)s(869)------------------------s(856)--------------------------------------------------------(800)------------------------------------------------------------------------------------s(725)-------------------------(700)---------s(704)----(700)s(709)s(722)--------------s(719)-s(730)-s(742)------s(749)---------------------s(737)-------------------------------------(700)----------------------------------------------------shhhhhhhhhhhhhhhhhhhhhhhhhhhhhhhhhhhhhhhhhhhhhhhhhhhhhhhhhhhhhhhhhhhhhhhhhhhhhhhhhhhhhhhhhhhhhhhhhhhhhhhhhhhhhhhhhhhhhhhhhhhhhhhhhhhhhhhhhhhhhhh6(514)--------------(500)----------------------------------------------------------------------------------------------------(400)------------------------------------s(377)-----------------------------------------------------------------------------(300)----------------------------------------------------------------------------------------------------(200)---------------------------------------------------------------------------------shhhhhhhhhhhhhhhhhhhhhhhhhhhhhhhhhhhhhhhhhhhhhhhhhhhhhhhhhhhhhhhhhhhhhhhhhhhhhhhhhhhhhhhhhhhhhhhhhhhhhhhhhhhhhhhhhhhhhhhhhhhhhhhhh
product criterion:3579 chain criterion:4318
hilbert series criterion:381
dehomogenization
simplification
imap to ring (ZZ/179424673),(x18,x17,x16,x15,x14,x13,x12,x11,x10,x9,x8,x7,x6,x5,x4,x3,x2,x1),(lp(18),C)
Auf Wiedersehen.
                     SINGULAR                                 /  Development
 A Computer Algebra System for Polynomial Computations       /   version 4.3.2
                                                           0<
 by: W. Decker, G.-M. Greuel, G. Pfister, H. Schoenemann     \   Feb 2023
FB Mathematik der Universitaet, D-67653 Kaiserslautern        \  Debian 1:4.3.2-p10+ds-1.1build1
// ** loaded /usr/bin/../share/singular/LIB/primdec.lib (4.3.2.9,Oct_2023)
// ** loaded /usr/bin/../share/singular/LIB/ring.lib (4.3.1.3,Feb_2023)
// ** loaded /usr/bin/../share/singular/LIB/absfact.lib (4.1.2.0,Feb_2019)
// ** loaded /usr/bin/../share/singular/LIB/triang.lib (4.1.2.0,Feb_2019)
// ** loaded /usr/bin/../share/singular/LIB/matrix.lib (4.3.2.3,Aug_2023)
// ** loaded /usr/bin/../share/singular/LIB/nctools.lib (4.1.2.0,Feb_2019)
// ** loaded /usr/bin/../share/singular/LIB/inout.lib (4.1.2.0,Feb_2019)
// ** loaded /usr/bin/../share/singular/LIB/random.lib (4.1.2.0,Feb_2019)
// ** loaded /usr/bin/../share/singular/LIB/polylib.lib (4.2.0.0,Dec_2020)
// ** loaded /usr/bin/../share/singular/LIB/elim.lib (4.3.2.5,Jul_2023)
// ** loaded /usr/bin/../share/singular/LIB/general.lib (4.1.2.0,Feb_2019)
map with cache
map with cache
map with cache
map with cache
map with cache
map with cache
map with cache
map with cache
map with cache
map with cache
map with cache
map with cache
map with cache
map with cache
map with cache
map with cache
map with cache
map with cache
std in (ZZ/179424673),(x18,x17,x16,x15,x14,x13,x12,x11,x10,x9,x8,x7,x6,x5,x4,x3,x2,x1),(dp(18),C)
[65535:5]1(17)s(16)s(15)s(14)s(13)s(12)s(11)s(10)s(9)s(8)s(7)s(6)s(5)s(4)s(3)s(2)sss
(S:17)-----------------
product criterion:153 chain criterion:0
[65535:5]1(17)s(16)s(15)s(14)s(13)s(12)s(11)[SECTOR_RESULT] key=110001100 tier=Quick state=trivial time=1.332341 regions=0
ion:153 chain criterion:0
map is a permutation
[65535:6]1(18)s(17)s(16)s(15)s(14)s(13)s(12)s(11)s(10)s(9)s(8)s(7)s(6)s(5)s(4)s(3)s(2)sss
(S:18)------------------
product criterion:171 chain criterion:0
[65535:5]1(17)s(16)s(15)s(14)s(13)s(12)s(11)s(10)s(9)s(8)s(7)s(6)s(5)s(4)s(3)s(2)sss
(S:17)-----------------
product criterion:153 chain criterion:0
{1}[65535:7]1(17)s(16)s(15)s(14)s(13)s(12)s(11)s(10)s(9)s(8)s(7)s(6)s(5)s(4)s(3)s(2)sss
(S:18)-------------------
product criterion:0 chain criterion:0
(S:18)rrrrrrrrrrrrrrrrrr
[65535:5]1(17)s(16)s(15)s(14)s(13)s(12)s(11)s(10)s(9)s(8)s(7)s(6)s(5)s(4)s(3)s(2)sss
(S:17)-----------------
product criterion:153 chain criterion:0
intersect by elimination method
[65535:7]1(18)s2(17)s(16)s(15)s(14)s(13)s(12)s(11)s(10)s(9)s(8)s(7)s(6)s(5)s(4)s(3)s(2)sss
(S:18)------------------
product criterion:171 chain criterion:0
map is a permutation
[65535:6]1(18)s(17)s(16)s(15)s(14)s(13)s(12)s(11)s(10)s(9)s(8)s(7)s(6)s(5)s(4)s(3)s(2)ss2s
(S:0)
product criterion:171 chain criterion:0
map is a permutation
[65535:6]1(18)s(17)s(16)s(15)s(14)s(13)s(12)s(11)s(10)s(9)s(8)s(7)s(6)s(5)s(4)s(3)s(2)ss2s
(S:0)
product criterion:171 chain criterion:0
map is a permutation
[65535:6]1(18)s(17)s(16)s(15)s(14)s(13)s(12)s(11)s(10)s(9)s(8)s(7)s(6)s(5)s(4)s(3)s(2)ss2s
(S:0)
product criterion:171 chain criterion:0
map is a permutation
[65535:6]1(18)s(17)s(16)s(15)s(14)s(13)s(12)s(11)s(10)s(9)s(8)s(7)s(6)s(5)s(4)s(3)s(2)ss2s
(S:0)
product criterion:171 chain criterion:0
map is a permutation
[65535:6]1(18)s(17)s(16)s(15)s(14)s(13)s(12)s(11)s(10)s(9)s(8)s(7)s(6)s(5)s(4)s(3)s(2)ss2s
(S:0)
product criterion:171 chain criterion:0
map is a permutation
[65535:6]1(18)s(17)s(16)s(15)s(14)s(13)s(12)s(11)s(10)s(9)s(8)s(7)s(6)s(5)s(4)s(3)s(2)ss2s
(S:0)
product criterion:171 chain criterion:0
map is a permutation
[65535:6]1(18)s(17)s(16)s(15)s(14)s(13)s(12)s(11)s(10)s(9)s(8)s(7)s(6)s(5)s(4)s(3)s(2)ss2s
(S:0)
product criterion:171 chain criterion:0
map is a permutation
[65535:6]1(18)s(17)s(16)s(15)s(14)s(13)s(12)s(11)s(10)s(9)s(8)s(7)s(6)s(5)s(4)s(3)s(2)ss2s
(S:0)
product criterion:171 chain criterion:0
map is a permutation
[65535:6]1(18)s(17)s(16)s(15)s(14)s(13)s(12)s(11)s(10)s(9)s(8)s(7)s(6)s(5)s(4)s(3)s(2)ss2s
(S:0)
product criterion:171 chain criterion:0
map is a permutation
[65535:6]1(18)s(17)s(16)s(15)s(14)s(13)s(12)s(11)s(10)s(9)s(8)s(7)s(6)s(5)s(4)s(3)s(2)ss2s
(S:0)
product criterion:171 chain criterion:0
map is a permutation
[65535:6]1(18)s(17)s(16)s(15)s(14)s(13)s(12)s(11)s(10)s(9)s(8)s(7)s(6)s(5)s(4)s(3)s(2)ss2s
(S:0)
product criterion:171 chain criterion:0
map is a permutation
[65535:6]1(18)s(17)s(16)s(15)s(14)s(13)s(12)s(11)s(10)s(9)s(8)s(7)s(6)s(5)s(4)s(3)s(2)ss2s
(S:0)
product criterion:171 chain criterion:0
map is a permutation
[65535:6]1(18)s(17)s(16)s(15)s(14)s(13)s(12)s(11)s(10)s(9)s(8)s(7)s(6)s(5)s(4)s(3)s(2)ss2s
(S:0)
product criterion:171 chain criterion:0
map is a permutation
[65535:6]1(18)s(17)s(16)s(15)s(14)s(13)s(12)s(11)s(10)s(9)s(8)s(7)s(6)s(5)s(4)s(3)s(2)ss2s
(S:0)
product criterion:171 chain criterion:0
map is a permutation
[65535:6]1(18)s(17)s(16)s(15)s(14)s(13)s(12)s(11)s(10)s(9)s(8)s(7)s(6)s(5)s(4)s(3)s(2)ss2s
(S:0)
product criterion:171 chain criterion:0
map is a permutation
[65535:6]1(18)s(17)s(16)s(15)s(14)s(13)s(12)s(11)s(10)s(9)s(8)s(7)s(6)s(5)s(4)s(3)s(2)ss2s
(S:0)
product criterion:171 chain criterion:0
map is a permutation
[65535:6]1(18)s(17)s(16)s(15)s(14)s(13)s(12)s(11)s(10)s(9)s(8)s(7)s(6)s(5)s(4)s(3)s(2)ss2s
(S:0)
product criterion:171 chain criterion:0
map is a permutation
[65535:6]1(18)s(17)s(16)s(15)s(14)s(13)s(12)s(11)s(10)s(9)s(8)s(7)s(6)s(5)s(4)s(3)s(2)ss2s
(S:0)
product criterion:171 chain criterion:0
[65535:5]1(17)s(16)s(15)s(14)s(13)s(12)s(11)s(10)s(9)s(8)s(7)s(6)s(5)s(4)s(3)s(2)sss
(S:17)-----------------
product criterion:153 chain criterion:0
// ** _ is no standard basis
Auf Wiedersehen.
                     SINGULAR                                 /  Development
 A Computer Algebra System for Polynomial Computations       /   version 4.3.2
                                                           0<
 by: W. Decker, G.-M. Greuel, G. Pfister, H. Schoenemann     \   Feb 2023
FB Mathematik der Universitaet, D-67653 Kaiserslautern        \  Debian 1:4.3.2-p10+ds-1.1build1
compute hilbert series with std in ring (ZZ/179424673),(x18,x17,x16,x15,x14,x13,x12,x11,x10,x9,x8,x7,x6,x5,x4,x3,x2,x1,@),(dp(19),C)
weights used for hilbert series: 1,1,1,1,1,1,1,1,1,1,1,1,1,1,1,1,1,1,1
[65535:5]1(17)s(16)s(15)s(14)s(13)s(12)s(11)s(10)s(9)s(8)s(7)s2(6)s(5)ss(6)ss3(8)---s---s(9)s4(14)--------------
product criterion:148 chain criterion:1
std with hilb in (ZZ/179424673),(x18,x17,x16,x15,x14,x13,x12,x11,x10,x9,x8,x7,x6,x5,x4,x3,x2,x1,@),(lp(18),dp(1),C)
[65535:5]1(18)s(17)s(16)s(15)s(14)s(13)s(12)s(11)s(10)s(9)s(8)s2(7)s(6)ss(7)s(9)s3(12)-s(11)s(12)--s--s(13)-s(16)-shhhhhhhhhhhhhhhhhhhhh
product criterion:193 chain criterion:7
hilbert series criterion:21
dehomogenization
simplification
imap to ring (ZZ/179424673),(x18,x17,x16,x15,x14,x13,x12,x11,x10,x9,x8,x7,x6,x5,x4,x3,x2,x1),(lp(18),C)
Auf Wiedersehen.
                     SINGULAR                                 /  Development
 A Computer Algebra System for Polynomial Computations       /   version 4.3.2
                                                           0<
 by: W. Decker, G.-M. Greuel, G. Pfister, H. Schoenemann     \   Feb 2023
FB Mathematik der Universitaet, D-67653 Kaiserslautern        \  Debian 1:4.3.2-p10+ds-1.1build1
// ** loaded /usr/bin/../share/singular/LIB/primdec.lib (4.3.2.9,Oct_2023)
// ** loaded /usr/bin/../share/singular/LIB/ring.lib (4.3.1.3,Feb_2023)
// ** loaded /usr/bin/../share/singular/LIB/absfact.lib (4.1.2.0,Feb_2019)
// ** loaded /usr/bin/../share/singular/LIB/triang.lib (4.1.2.0,Feb_2019)
// ** loaded /usr/bin/../share/singular/LIB/matrix.lib (4.3.2.3,Aug_2023)
// ** loaded /usr/bin/../share/singular/LIB/nctools.lib (4.1.2.0,Feb_2019)
// ** loaded /usr/bin/../share/singular/LIB/inout.lib (4.1.2.0,Feb_2019)
// ** loaded /usr/bin/../share/singular/LIB/random.lib (4.1.2.0,Feb_2019)
// ** loaded /usr/bin/../share/singular/LIB/polylib.lib (4.2.0.0,Dec_2020)
// ** loaded /usr/bin/../share/singular/LIB/elim.lib (4.3.2.5,Jul_2023)
// ** loaded /usr/bin/../share/singular/LIB/general.lib (4.1.2.0,Feb_2019)
[65535:5]1(17)s(16)s(15)s(14)s(13)s(12)s(11)s(10)s(9)s(8)s(7)s(6)s(5)s(4)s(3)s(2)s2ss
(S:17)-----------------
product criterion:153 chain criterion:0
// ** redefining j (int j = 2;)
rt
Auf Wiedersehen.

Set::setraw: Cannot assign to raw object 1.

Set::setraw: Cannot assign to raw object 1.
  >> 1 region(s): expReg=2.2s  build=0.109s
  [sector total: 2.323s]
#Non-triv Sectors = 1

[SECTOR_RESULT] key=110001100 tier=Quick state=done time=2.324343 regions=1
