
      +++  sector:  {1, 1, 1, 0, 0, 1, 1, 0, 0}  (1/1)  +++ 
                     SINGULAR                                 /  Development
 A Computer Algebra System for Polynomial Computations       /   version 4.3.2
                                                           0<
 by: W. Decker, G.-M. Greuel, G. Pfister, H. Schoenemann     \   Feb 2023
FB Mathematik der Universitaet, D-67653 Kaiserslautern        \  Debian 1:4.3.2-p10+ds-1.1build1
compute hilbert series with std in ring (ZZ/179424673),(x18,x17,x16,x15,x14,x13,x12,x11,x10,x9,x8,x7,x6,x5,x4,x3,x2,x1,@),(dp(19),C)
weights used for hilbert series: 1,1,1,1,1,1,1,1,1,1,1,1,1,1,1,1,1,1,1
[65535:5]2(18)s(17)s(16)s(15)s(14)s(13)s(12)s(11)s(10)s(9)s(10)s(12)s(15)s(17)s(20)s(24)s(26)s(29)s(32)s3(36)s(39)s(43)s(47)s(54)s(61)s(67)s(70)s(75)s(82)s(90)s(97)s(104)s(112)s(120)s(130)s(138)-s(146)s(155)s(165)s(170)s(176)s(184)s(191)s(197)s(203)s(211)s(222)s(234)s(244)s(251)s(257)s(263)s(272)s(280)s(285)s4(292)s(299)s(308)-s(317)-s(326)s(333)s(343)-s(352)s(362)--s(371)---s(378)-s(388)---s(397)--s(406)-----s(412)-----s(417)s(427)s(437)s(445)-s(455)s(467)s(477)s(487)s(498)s(509)s(519)s(530)s(540)s(552)s(564)s(577)s(590)s(605)s(613)s(624)-s(636)s(646)-----s(651)s(660)s(670)s(679)s(688)s(698)s(708)s(718)s(729)s(739)s(750)s(762)--s(768)------s(772)s(787)s(796)s(803)s(812)-s(820)s(829)-------s(833)---s(839)s(852)s(865)-s(877)s(890)---s(895)s(909)s(918)-s(927)s(941)s(949)s(959)----s(964)s(975)s(995)s(1007)s(1020)s(1030)s(1040)s(1050)s(1060)s(1073)s(1083)-s(1093)-s(1104)----(1100)--------------------------------------s(1076)----s(1084)-s(1095)-s(1104)-s(1112)-s(1124)----s(1131)----s(1140)----s(1147)--------------------------------------5-s(1119)-s(1131)s(1143)s(1157)s(1170)--s(1181)s(1195)s(1209)-s(1223)--s(1236)-----------s(1241)s(1256)--------------------s(1253)----------------------------------s(1231)s(1245)s(1259)s(1274)s(1289)----------s(1293)s(1309)s(1321)s(1335)s(1350)s(1366)s(1379)----s(1388)s(1401)-(1400)--s(1412)s(1426)s(1441)--s(1453)s(1470)-s(1484)s(1499)-------------s(1502)--(1500)-------------------------------------------s(1471)s(1486)------------------s(1481)------s(1491)--s(1506)----s(1518)------------------(1500)-------------------------------------------------------------------s(1449)s(1465)-----------------------------------------------------------------(1400)---s(1413)-------------(1400)------------------------------------------------------------s(1357)---------------------------------------------------------(1300)------------------------------s(1282)s(1295)s(1306)s(1315)-s(1325)------s(1332)s(1346)s(1358)s(1370)---s(1382)--s(1392)---s(1401)-(1400)--s(1411)-----------(1400)-------------------s(1391)--s(1401)-(1400)---s(1409)--s(1419)---s(1426)-------------------s(1420)--s(1428)s(1441)-----------------------------------------(1400)-------------------------------------------------------------s(1350)---------s(1357)--s(1370)-------s(1374)s(1386)s(1398)s(1412)s(1423)s(1434)s(1446)s(1462)s(1475)-s(1485)-s(1498)s(1510)----s(1520)--s(1531)--s(1541)s(1556)-----s(1564)-----s(1568)--------------------------------------------------------------------(1500)s(1512)-s(1524)---------s(1526)--------------------------(1500)---------------------------s(1486)-----------s--------------------------------------------------------------------------------------(1400)-----------------6-s(1397)-s(1412)-----s(1423)-----------------------(1400)----------------------------------------------------------------------------------------------------(1300)--------------------------------------------s(1270)----------------------------------------------------------------------(1200)----------------------------------------------------------------------------------------------------(1100)----------------------------------------------------------------------------------------------------(1000)-------s(1007)s(1021)--s(1034)---------------------s(1030)--s(1043)-------------------------------------------(1000)----------s(1005)-----(1000)-----s(1010)s(1025)-------------------------(1000)------------------------------------s(980)----s(992)----------s(998)---------------------------------------------------s(962)------------------------------s(947)s(962)-s(976)----------------------------------------------------------------------------(900)----------------------------------------------------------------------------------------------------(800)-----------------------------------------------------------------------------------s(730)-s(742)--s(754)----------------------------------------s(728)-----------s(729)--s(740)----------------------------------------(700)s(715)-----s(723)s(736)-----------s(738)--------------------------------------(700)-----------------------------------------------------------------s(648)---s(659)----------------------s(651)---s(662)------------------------s(650)--------------------------------------------s(620)--------------------(600)--------------------------------------------------7--------------------------------------------------(500)----------------------------------------------------------------------------------------------------(400)----------------------------------------------------------------------------------------------------(300)-----------------s(297)---------------------------------------------------------s(255)-------------------------------------------------------(200)----------------------------------------------------------------------------------------------------(100)--------------------------------------------------------------------8--------------------------------
product criterion:11535 chain criterion:22847
std with hilb in (ZZ/179424673),(x18,x17,x16,x15,x14,x13,x12,x11,x10,x9,x8,x7,x6,x5,x4,x3,x2,x1,@),(lp(18),dp(1),C)
[65535:5]2(274)s(273)s(272)s(271)s(270)s(269)ss(270)s(269)sssss(271)s(274)s(276)s(277)s(280)s(284)s3(290)s(295)s(300)s(305)s(310)s(316)s(321)s(328)s(331)s(337)s(344)s(353)s(360)s(369)s(378)s(384)s(389)s(393)s(399)s(407)s(414)s(422)s(429)s(436)s(443)s(449)s(455)s(464)-s(472)s(481)s(488)s(496)s(503)s(511)shhhhhhhhhhhhhhhhhhhhhhhhhhhhhhhhhhhh4(485)-s(493)s(504)s(515)s(525)s(536)s(547)s(556)s(566)s(574)-s(587)s(597)s(605)s(616)s(624)s(633)s(643)s(652)s(664)s(674)s(683)s(696)s(706)--s(714)s(722)s(731)s(742)--s(751)---s(758)s(765)-s(774)--s(784)s(796)s(804)--s(812)s(824)s(836)s(846)--------s(848)--s(857)----s(865)s(877)--s(882)s(894)s(905)---s(912)-s(921)s(936)-s(944)s(954)-s(963)s(976)-s(985)----s(992)--s(1003)s(1013)-s(1024)s(1034)--s(1047)s(1057)-----------s(1061)-----s(1072)s(1085)---s(1095)-s(1105)s(1121)s(1132)--s(1143)s(1157)------s(1163)-------s(1164)s(1178)-s(1189)----------s---s(1199)-----s(1208)--------(1200)--s(1214)--------------(1200)--s(1205)--s(1214)--------s(1215)-shhhhhhhhhhhhhhhhhhhhhhhhhhhhhhhhhhhhhhhhhhhhhhhhhhhhhhhhhhhhhhhhhhhhhhhhhhhhhhhhhhhhhhhhhhhhhhhhhhhhhhhhhh5(1119)s(1130)s(1142)s(1153)-s(1165)-s(1175)s(1188)--s(1200)s(1213)s(1228)s(1242)-s(1255)--s(1265)s(1277)s(1293)---s(1304)s(1318)s(1332)s(1345)s(1360)s(1370)s(1382)s(1397)-s(1409)s(1423)--s(1434)------s(1443)s(1457)s(1474)-----s(1481)--s(1491)s(1504)----(1500)s(1515)-----s(1526)s(1538)--s(1549)--s(1560)-s(1571)s(1581)s(1591)-s(1601)s(1613)-s(1625)---s(1637)-s(1647)----s(1655)s(1667)--s(1676)s(1689)s(1700)s(1713)s(1724)--s(1737)s(1749)-s(1760)s(1771)-----s(1777)----s(1788)---------s(1795)-------------s(1794)s(1808)-s(1820)------s(1827)s(1844)-s(1859)--------s(1867)-------s(1871)----------------s(1866)----s(1878)---s(1888)----s(1900)---s(1913)-------s(1920)s(1937)------s(1945)s(1959)-s(1969)---s(1980)--s(1991)--------------------s(1985)----------s(1992)-----s(1999)-------------------s(1992)----------------------s(1983)----------------------------------s(1962)s(1974)s(1989)---------------------s(1982)----------------s--s(1995)---------s(2001)-(2000)--------------------s(1996)------------------------------------------------------------------------------------------s(1918)---s(1927)----------------------s(1915)----s(1922)s(1934)s(1947)----s(1956)s(1967)---s(1977)---------------------s(1971)-s(1985)-------------------------------------------------------------------------------------(1900)---------------------------------------------------------------------s(1840)-------------------------s(1829)-------------------s(1826)--------------------------(1800)--------s(1805)-----(1800)----------------------------------------s(1775)-----------------------------------------------------shhhhhhhhhhhhhhhhhhhhhhhhhhhhhhhhhhhhhhhhhhhhhhhhhhhhhhhhhhhhhhhhhhhhhhhhhhhhhhhhhhhhhhhhhhhhhhhhhhhhhhhhhhhhhhhhhhhhhhhhhh6(1613)s(1628)s(1644)-s(1660)---------------------s(1655)s(1672)-s(1686)------------------------------------s(1666)-------------------s(1663)-----------------s(1660)-s(1674)-------------------------s(1664)---------s(1668)------s(1674)------------------------------------------------s(1640)--s(1651)--s(1662)--s(1675)-----------------------------------------------------s(1636)---------s(1641)-----------------------------------------(1600)-s(1612)------------(1600)------------------s(1596)--------------s(1595)-------------------------s(1583)-------------------------------------------------------------s(1537)------------------------s(1528)----------s(1532)---------------s(1530)------------------------------(1500)-----s(1510)-s(1522)---------s(1525)-------------------------(1500)---------------------------------------------------------------------------------------s(1428)----------------------------(1400)-----------------------------------------------------------s(1356)--------------------------------------------------------(1300)----------------------------------------------------------------------------------------------------(1200)----------------------------------------------------------------------------------------------------(1100)-----------------------------------------------------------------------------------------------s(1018)------------------(1000)----------------------------------------------------------------------------------------------------(900)s(909)---------(900)----------------------------------------------------------------------------------------------------(800)----------------------------------------------------------------------------------------------------(700)--------shhhhhhhhhhhhhhhhhhhhhhhhhhhhhhhhhhhhhhhhhhhhhhhhhhhhhhhhhhhhhhhhhhhhhhhhhhhhhhhhhhhhhhhhhhhhhhhhhhhhhhhhhhhhhhhhhhhhhhhhhhhhhhhhhhhhhhhhhhhhhhhhhhhhhhhhhhhhhhhhhhhhh7(541)s(557)--------------------------------------------s(527)-shhhhhhhhhhhhhhhhhhhhhhhhhhhhhhhhhhhhhhhhhhhhhhhhhhhhhhhhhhhhhhhhhhhhhhhhhhhhhhhhhhhhhhhhhhhhhhhhhhhhhhhhhhhhhhhhhhhhhhhhhhhhhhhhhhhhhhhhhhhhhhhhhhhhhhhhhhhhhhhhhhhhhhhhhhhhhhhhhhhhhhhhhhhhhhhhhhhhhhhhhhhhhhhhhhhhhhhhhhhhhhhhhhhhhhhhhhhhhhhhhhhhhhhhhhhhhhhhhhhhhhhhhhhhhhhhhhhhhhhhhhhhhhhhhhhhhhhhhhhhhhhhhhhhhhhhhhhhhhhhhhhhhhhhhhhhhhhhhhhhhhhhhhhhhhhhhhhhhhhhhhhhhhhhhhhhhhhhhhhhhhhhhhhhhhhhhhhhhhhhhhhhhhhhhhhhhhhhhhhhhhhhhhhhhhhhhhhhhhhhhhhhhhhhhhhhhhhhhhhhhhhhhhhhhhhhhhhhhhhhhhhhhhhhhhhhhhhhhhhhhhhhhhhhhhhhhhhhhhhhhhhhhhhhhhhhhhhhhhhhhh
product criterion:11392 chain criterion:24011
hilbert series criterion:971
dehomogenization
simplification
imap to ring (ZZ/179424673),(x18,x17,x16,x15,x14,x13,x12,x11,x10,x9,x8,x7,x6,x5,x4,x3,x2,x1),(lp(18),C)
Auf Wiedersehen.
                     SINGULAR                                 /  Development
 A Computer Algebra System for Polynomial Computations       /   version 4.3.2
                                                           0<
 by: W. Decker, G.-M. Greuel, G. Pfister, H. Schoenemann     \   Feb 2023
FB Mathematik der Universitaet, D-67653 Kaiserslautern        \  Debian 1:4.3.2-p10+ds-1.1build1
// ** loaded /usr/bin/../share/singular/LIB/primdec.lib (4.3.2.9,Oct_2023)
// ** loaded /usr/bin/../share/singular/LIB/ring.lib (4.3.1.3,Feb_2023)
// ** loaded /usr/bin/../share/singular/LIB/absfact.lib (4.1.2.0,Feb_2019)
// ** loaded /usr/bin/../share/singular/LIB/triang.lib (4.1.2.0,Feb_2019)
// ** loaded /usr/bin/../share/singular/LIB/matrix.lib (4.3.2.3,Aug_2023)
// ** loaded /usr/bin/../share/singular/LIB/nctools.lib (4.1.2.0,Feb_2019)
// ** loaded /usr/bin/../share/singular/LIB/inout.lib (4.1.2.0,Feb_2019)
// ** loaded /usr/bin/../share/singular/LIB/random.lib (4.1.2.0,Feb_2019)
// ** loaded /usr/bin/../share/singular/LIB/polylib.lib (4.2.0.0,Dec_2020)
// ** loaded /usr/bin/../share/singular/LIB/elim.lib (4.3.2.5,Jul_2023)
// ** loaded /usr/bin/../share/singular/LIB/general.lib (4.1.2.0,Feb_2019)
map with cache
map with cache
map with cache
map with cache
map with cache
map with cache
map with cache
map with cache
map with cache
map with cache
map with cache
map with cache
map with cache
map with cache
map with cache
map with cache
map with cache
std in (ZZ/179424673),(x18,x17,x16,x15,x14,x13,x12,x11,x10,x9,x8,x7,x6,x5,x4,x3,x2,x1),(dp(18),C)
[65535:6]1(17)s(16)s(15)s(14)s(13)s(12)s(11)s(10)s(9)s(8)s(7)s(6)s(5)s(4)s(3)s(2)ss3s
(S:17)-----------------
product criterion:153 chain criterion:0
[65535:5]1(17)s(16)s(15)s(14)s(13)s(12)s(11)s(10)s(9)s(8)s(7)s(6)s(5)s(4)s(3)s(2)ss3s
(S:17)-----------------
product criterion:153 chain criterion:0
map is a permutation
[65535:6]1(18)s(17)s(16)s(15)s(14)s(13)s(12)s(11)s(10)s(9)s(8)s(7)s(6)s(5)s(4)s(3)s(2)sss
(S:18)------------------
product criterion:171 chain criterion:0
[65535:5]1(17)s(16)s(15)s(14)s(13)s(12)s(11)s(10)s(9)s(8)s(7)s(6)s(5)s(4)s(3)s(2)sss
(S:17)-----------------
product criterion:153 chain criterion:0
{1}[65535:7]1(17)s(16)s(15)s(14)s(13)s(12)s(11)s(10)s(9)s(8)s(7)s(6)s(5)s(4)s(3)s(2)sss2(16)----------------
(S:18)-------------------
product criterion:0 chain criterion:0
(S:18)rrrrrrrrrrrrrrrrrr
[65535:5]1(17)s(16)s(15)s(14)s(13)s(12)s(11)s(10)s(9)s(8)s(7)s(6)s(5)s(4)s(3)s(2)sss
(S:17)-----------------
product criterion:153 chain criterion:0
intersect by elimination method
[65535:7]1(18)s2(17)s(16)s(15)s(14)s(13)s(12)s(11)s(10)s(9)s(8)s(7)s(6)s(5)s(4)s(3)s(2)sss
(S:18)------------------
product criterion:171 chain criterion:0
map is a permutation
[65535:6]1(18)s(17)s(16)s(15)s(14)s(13)s(12)s(11)s(10)s(9)s(8)s(7)s(6)s(5)s(4)s(3)s(2)ss2s
(S:0)
product criterion:171 chain criterion:0
map is a permutation
[65535:6]1(18)s(17)s(16)s(15)s(14)s(13)s(12)s(11)s(10)s(9)s(8)s(7)s(6)s(5)s(4)s(3)s(2)ss2s
(S:0)
product criterion:171 chain criterion:0
map is a permutation
[65535:6]1(18)s(17)s(16)s(15)s(14)s(13)s(12)s(11)s(10)s(9)s(8)s(7)s(6)s(5)s(4)s(3)s(2)ss2s
(S:0)
product criterion:171 chain criterion:0
map is a permutation
[65535:6]1(18)s(17)s(16)s(15)s(14)s(13)s(12)s(11)s(10)s(9)s(8)s(7)s(6)s(5)s(4)s(3)s(2)ss2s
(S:0)
product criterion:171 chain criterion:0
map is a permutation
[65535:6]1(18)s(17)s(16)s(15)s(14)s(13)s(12)s(11)s(10)s(9)s(8)s(7)s(6)s(5)s(4)s(3)s(2)ss2s
(S:0)
product criterion:171 chain criterion:0
map is a permutation
[65535:6]1(18)s(17)s(16)s(15)s(14)s(13)s(12)s(11)s(10)s(9)s(8)s(7)s(6)s(5)s(4)s(3)s(2)ss2s
(S:0)
product criterion:171 chain criterion:0
map is a permutation
[65535:6]1(18)s(17)s(16)s(15)s(14)s(13)s(12)s(11)s(10)s(9)s(8)s(7)s(6)s(5)s(4)s(3)s(2)ss2s
(S:0)
product criterion:171 chain criterion:0
map is a permutation
[65535:6]1(18)s(17)s(16)s(15)s(14)s(13)s(12)s(11)s(10)s(9)s(8)s(7)s(6)s(5)s(4)s(3)s(2)ss2s
(S:0)
product criterion:171 chain criterion:0
map is a permutation
[65535:6]1(18)s(17)s(16)s(15)s(14)s(13)s(12)s(11)s(10)s(9)s(8)s(7)s(6)s(5)s(4)s(3)s(2)ss2s
(S:0)
product criterion:171 chain criterion:0
map is a permutation
[65535:6]1(18)s(17)s(16)s(15)s(14)s(13)s(12)s(11)s(10)s(9)s(8)s(7)s(6)s(5)s(4)s(3)s(2)ss2s
(S:0)
product criterion:171 chain criterion:0
map is a permutation
[65535:6]1(18)s(17)s(16)s(15)s(14)s(13)s(12)s(11)s(10)s(9)s(8)s(7)s(6)s(5)s(4)s(3)s(2)ss2s
(S:0)
product criterion:171 chain criterion:0
map is a permutation
[65535:6]1(18)s(17)s(16)s(15)s(14)s(13)s(12)s(11)s(10)s(9)s(8)s(7)s(6)s(5)s(4)s(3)s(2)ss2s
(S:0)
product criterion:171 chain criterion:0
map is a permutation
[65535:6]1(18)s(17)s(16)s(15)s(14)s(13)s(12)s(11)s(10)s(9)s(8)s(7)s(6)s(5)s(4)s(3)s(2)ss2s
(S:0)
product criterion:171 chain criterion:0
map is a permutation
[65535:6]1(18)s(17)s(16)s(15)s(14)s(13)s(12)s(11)s(10)s(9)s(8)s(7)s(6)s(5)s(4)s(3)s(2)ss2s
(S:0)
product criterion:171 chain criterion:0
map is a permutation
[65535:6]1(18)s(17)s(16)s(15)s(14)s(13)s(12)s(11)s(10)s(9)s(8)s(7)s(6)s(5)s(4)s(3)s(2)ss2s
(S:0)
product criterion:171 chain criterion:0
map is a permutation
[65535:6]1(18)s(17)s(16)s(15)s(14)s(13)s(12)s(11)s(10)s(9)s(8)s(7)s(6)s(5)s(4)s(3)s(2)ss2s
(S:0)
product criterion:171 chain criterion:0
map is a permutation
[65535:6]1(18)s(17)s(16)s(15)s(14)s(13)s(12)s(11)s(10)s(9)s(8)s(7)s(6)s(5)s(4)s(3)s(2)ss2s
(S:0)
product criterion:171 chain criterion:0
map is a permutation
[65535:6]1(18)s(17)s(16)s(15)s(14)s(13)s(12)s(11)s(10)s(9)s(8)s(7)s(6)s(5)s(4)s(3)s(2)ss2s
(S:0)
product criterion:171 chain criterion:0
[65535:5]1(17)s(16)s(15)s(14)s(13)s(12)s(11)s(10)s(9)s(8)s(7)s(6)s(5)s(4)s(3)s(2)sss
(S:17)-----------------
product criterion:153 chain criterion:0
map is a permutation
[65535:6]1(18)s(17)s(16)s(15)s(14)s(13)s(12)s(11)s(10)s(9)s(8)s(7)s(6)s(5)s(4)s(3)s(2)ss2s
(S:18)------------------
product criterion:171 chain criterion:0
[65535:5]1(17)s(16)s(15)s(14)s(13)s(12)s(11)s(10)s(9)s(8)s(7)s(6)s(5)s(4)s(3)s(2)ss2s
(S:17)-----------------
product criterion:153 chain criterion:0
{1}[65535:7]1(17)s(16)s(15)s(14)s(13)s(12)s(11)s(10)s(9)s(8)s(7)s(6)s(5)s(4)s(3)s(2)ss2s3(16)----------------
(S:18)-------------------
product criterion:0 chain criterion:0
(S:18)rrrrrrrrrrrrrrrrrr
[65535:5]1(17)s(16)s(15)s(14)s(13)s(12)s(11)s(10)s(9)s(8)s(7)s(6)s(5)s(4)s(3)s(2)ss2s
(S:17)-----------------
product criterion:153 chain criterion:0
map is a permutation
intersect by elimination method
[65535:7]1(18)s2(17)s(16)s(15)s(14)s(13)s(12)s(11)s(10)s(9)s(8)s(7)s(6)s(5)s(4)s(3)s(2)ss3s
(S:18)------------------
product criterion:171 chain criterion:0
map is a permutation
[65535:6]1(18)s(17)s(16)s(15)s(14)s(13)s(12)s(11)s(10)s(9)s(8)s(7)s(6)s(5)s(4)s(3)s(2)s2s.4
(S:0)
product criterion:153 chain criterion:0
map is a permutation
[65535:6]1(18)s(17)s(16)s(15)s(14)s(13)s(12)s(11)s(10)s(9)s(8)s(7)s(6)s(5)s(4)s(3)s(2)s2s.4
(S:0)
product criterion:153 chain criterion:0
map is a permutation
[65535:6]1(18)s(17)s(16)s(15)s(14)s(13)s(12)s(11)s(10)s(9)s(8)s(7)s(6)s(5)s(4)s(3)s(2)s2s.4
(S:0)
product criterion:153 chain criterion:0
map is a permutation
[65535:6]1(18)s(17)s(16)s(15)s(14)s(13)s(12)s(11)s(10)s(9)s(8)s(7)s(6)s(5)s(4)s(3)s(2)s2s.4
(S:0)
product criterion:153 chain criterion:0
map is a permutation
[65535:6]1(18)s(17)s(16)s(15)s(14)s(13)s(12)s(11)s(10)s(9)s(8)s(7)s(6)s(5)s(4)s(3)s(2)s2s.4
(S:0)
product criterion:153 chain criterion:0
map is a permutation
[65535:6]1(18)s(17)s(16)s(15)s(14)s(13)s(12)s(11)s(10)s(9)s(8)s(7)s(6)s(5)s(4)s(3)s(2)s2s.4
(S:0)
product criterion:153 chain criterion:0
map is a permutation
[65535:6]1(18)s(17)s(16)s(15)s(14)s(13)s(12)s(11)s(10)s(9)s(8)s(7)s(6)s(5)s(4)s(3)s(2)s2s.4
(S:0)
product criterion:153 chain criterion:0
map is a permutation
[65535:6]1(18)s(17)s(16)s(15)s(14)s(13)s(12)s(11)s(10)s(9)s(8)s(7)s(6)s(5)s(4)s(3)s(2)s2s.4
(S:0)
product criterion:153 chain criterion:0
map is a permutation
[65535:6]1(18)s(17)s(16)s(15)s(14)s(13)s(12)s(11)s(10)s(9)s(8)s(7)s(6)s(5)s(4)s(3)s(2)s2s.4
(S:0)
product criterion:153 chain criterion:0
map is a permutation
[65535:6]1(18)s(17)s(16)s(15)s(14)s(13)s(12)s(11)s(10)s(9)s(8)s(7)s(6)s(5)s(4)s(3)s(2)s2s.4
(S:0)
product criterion:153 chain criterion:0
map is a permutation
[65535:6]1(18)s(17)s(16)s(15)s(14)s(13)s(12)s(11)s(10)s(9)s(8)s(7)s(6)s(5)s(4)s(3)s(2)s2s.4
(S:0)
product criterion:153 chain criterion:0
map is a permutation
[65535:6]1(18)s(17)s(16)s(15)s(14)s(13)s(12)s(11)s(10)s(9)s(8)s(7)s(6)s(5)s(4)s(3)s(2)s2s.4
(S:0)
product criterion:153 chain criterion:0
map is a permutation
[65535:6]1(18)s(17)s(16)s(15)s(14)s(13)s(12)s(11)s(10)s(9)s(8)s(7)s(6)s(5)s(4)s(3)s(2)s2s.4
(S:0)
product criterion:153 chain criterion:0
map is a permutation
[65535:6]1(18)s(17)s(16)s(15)s(14)s(13)s(12)s(11)s(10)s(9)s(8)s(7)s(6)s(5)s(4)s(3)s(2)s2s.4
(S:0)
product criterion:153 chain criterion:0
map is a permutation
[65535:6]1(18)s(17)s(16)s(15)s(14)s(13)s(12)s(11)s(10)s(9)s(8)s(7)s(6)s(5)s(4)s(3)s(2)s2s.4
(S:0)
product criterion:153 chain criterion:0
map is a permutation
[65535:6]1(18)s(17)s(16)s(15)s(14)s(13)s(12)s(11)s(10)s(9)s(8)s(7)s(6)s(5)s(4)s(3)s(2)s2s.4
(S:0)
product criterion:153 chain criterion:0
map is a permutation
[65535:6]1(18)s(17)s(16)s(15)s(14)s(13)s(12)s(11)s(10)s(9)s(8)s(7)s(6)s(5)s(4)s(3)s(2)s2s.4
(S:0)
product criterion:153 chain criterion:0
map is a permutation
[65535:6]1(18)s(17)s(16)s(15)s(14)s(13)s(12)s(11)s(10)s(9)s(8)s(7)s(6)s(5)s(4)s(3)s(2)s2s3s
(S:0)
product criterion:171 chain criterion:0
[65535:5]1(17)s(16)s(15)s(14)s(13)s(12)s(11)s(10)s(9)s(8)s(7)s(6)s(5)s(4)s(3)s(2)ss2s
(S:17)-----------------
product criterion:153 chain criterion:0
// ** _ is no standard basis
// ** _ is no standard basis
Auf Wiedersehen.
                     SINGULAR                                 /  Development
 A Computer Algebra System for Polynomial Computations       /   version 4.3.2
                                                           0<
 by: W. Decker, G.-M. Greuel, G. Pfister, H. Schoenemann     \   Feb 2023
FB Mathematik der Universitaet, D-67653 Kaiserslautern        \  Debian 1:4.3.2-p10+ds-1.1build1
compute hilbert series with std in ring (ZZ/179424673),(x18,x17,x16,x15,x14,x13,x12,x11,x10,x9,x8,x7,x6,x5,x4,x3,x2,x1,@),(dp(19),C)
weights used for hilbert series: 1,1,1,1,1,1,1,1,1,1,1,1,1,1,1,1,1,1,1
[65535:5]1(17)s(16)s(15)s(14)s(13)s(12)s2(11)s(10)s(9)sss(10)s3(14)s(17)s(18)s(20)s(22)s(26)s(29)s(33)s(36)s(38)s(43)s(49)s(52)s(56)s(64)s4(69)---s(70)--s(72)---------s(68)s(73)-------s(72)s(79)------s(77)-----s(78)s(84)s(89)s(96)s(104)s(112)s(119)s(127)s(131)s(141)s(147)s(151)s(156)s(162)s5(169)-----------s(164)--------s(163)-s(170)-s(176)------s(179)---s(184)----------------------------s(163)---s(167)s(173)s(180)s(187)s(194)s(202)s(210)----------(200)--s(210)---------s---s(216)----s(220)---s(223)s(231)-s(238)s(245)-s(251)s(259)-------s(261)s(269)-s(276)--s(283)-----s(287)s(295)s(303)--s(309)s(316)s(323)s(332)s(340)s(349)-----s(351)s(356)s(362)s(368)s(378)s6(383)---------------------s(371)------------s(369)--------------------------------------------------------s(323)-s(332)--------------------------------(300)----------------------------------------------------------------------------------------------------(200)-----s(204)s(213)-------------(200)---------------------------------------------------s(156)----s(160)---s(166)-------------s(161)-----s(164)-----s(167)s(176)s(185)s(193)---s(199)s(207)--s(214)--s(220)s(228)----s(231)s(239)-s(245)s(252)7----------------------------------------------------(200)-----------------s(193)------------------------------------------------------------------------------s(124)-s(132)----------s(131)-------------------------------(100)-------------------s(90)--------------------------s(72)--s(77)------s(79)8------------------------------------------------------------------------------9-
product criterion:1619 chain criterion:5097
std with hilb in (ZZ/179424673),(x18,x17,x16,x15,x14,x13,x12,x11,x10,x9,x8,x7,x6,x5,x4,x3,x2,x1,@),(lp(18),dp(1),C)
[65535:5]1(123)s(122)s(121)s(120)s(119)s(118)s2(117)s(116)ss(117)s(119)s(122)s3(126)ss(127)s(129)s(130)s(133)s(134)s(136)s(140)s(142)s(145)s(149)s(154)s(157)s(162)s(164)------s(163)s(169)s(176)-s(183)--s(190)s4(200)-------s(197)------------s(190)-------s(186)-s(189)---s(190)s(195)s(201)s(206)s(212)s(217)-s(218)s(221)s(228)s(234)------------s(225)-s(228)---s(231)s(238)s(242)s(248)s(254)s(257)s(262)s(270)s(278)s(283)s(290)s(298)s(304)s(308)s(316)s(325)s(334)s(340)s(349)s(353)s(358)s(365)s(373)s(375)s(385)s(395)s(402)s(412)s(418)s(423)s(431)s(438)s(443)s(449)s(460)s(471)s(479)s(490)s(497)s(503)shhhhhhhhhhhhhhhhhhhhhh5(486)---------s(484)---------------------------------------s(453)----------------s(442)-----s(446)-----s(448)s(457)----s(463)----s(465)s(471)s(480)--------s(483)----------ss(489)s(495)---------------s(487)s(494)-------------s(488)s(496)s(502)s(509)s(514)----------s(512)s(521)----s(523)-------------------s(515)------s(518)-s(522)s(530)-s(537)---s(542)s(548)s(554)-----s(558)s(565)----s(569)------s(574)s(582)-----s(585)----s(590)s(598)------s(599)-------s(602)s(612)----s(618)-------s(619)-----s(623)----s(629)s(636)s(645)--------------s(642)-------s(646)---s(651)----s(655)s(663)s(672)s(681)s(689)s(698)s(707)s(716)------s(721)s(727)----s(730)------s(733)s(739)-----s(744)----s(751)s(757)s(767)--------------s(760)--shhhhhhhhhhhhhhhhhhhhhhhhhhhhhhhhhhhhhhhhhhhhhhhhhhhhhh6(712)------------(700)--------------------------------------------------------------------------------------------s(619)-------------------(600)-----s(602)--(600)---------------s(592)-----------------------------------------------------s(547)---s(552)----------------------------------------------------(500)-------------------------------s(479)---------------------s(467)--s(474)------------s(470)------s(473)---------------------------s(454)-s(462)s(473)s(481)-----s(486)s(496)s(505)-s(514)s(523)-s(532)s(541)---s(548)---s(555)--s(563)-----------s(559)---------------s(551)-s(561)-s(569)------s(572)s(579)--------ss(589)-s(599)s(605)-----(600)------------------s(592)s(600)s(609)------s(612)-s(618)s(627)s(635)s(642)-----------s(641)s(651)s(661)----------------s(653)-------------------s(641)-----s(644)s(653)--s(661)-s(669)-----------s(666)s(673)s(681)s(688)s(696)s(703)---(700)--s(705)-s(713)--s(720)--s(726)--s(733)-s(739)-----s(742)s(749)s(757)----------------------s(746)s(754)s(761)------s(763)-s(770)s(777)-s(784)-----------s(781)s(789)-----------s(786)s(795)------s(798)s(808)s(817)-shhhhhhhhhhhhhhhhhhhhhhhh7(800)----------------------------------------------------------------------------------------------------(700)----------------------------------------------------------------------------------------------------(600)----------------------------------------------------------------------------------------------------(500)---------------------------s(482)-----------------------------------------s(452)-------------s(444)------s---------------s(438)----------------------------------s(414)----s(417)s(426)--------------------------(400)--s(408)s(418)------------------(400)-----------------------------------------------------------------------------------s(323)-----------------------(300)------------------s(291)---------s(293)-----------s(289)---------------------s(278)----s(282)-------s----s(286)---------s(288)---------------s(282)s(291)---------------------------------------------s(256)--s(263)-------s(265)s(274)-s(281)s(291)----s(297)-----shhhhhhhhhhh8(292)-----------------------------------------------------------------------------------------s(211)-----------(200)-------------------------------------------------------------------------------------s(123)-----------------------(100)----------------------------------------------s(65)-----------------------s(51)---s(58)s(67)-s(75)s(84)s9(94)----------------------------------------------------------------------s(34)--------------------s(22)-s(30)shhhhhhhhhhhhhhhhhhhhhhhhhhhhhhhhhhhhhhhhh
product criterion:8127 chain criterion:29684
hilbert series criterion:152
dehomogenization
simplification
imap to ring (ZZ/179424673),(x18,x17,x16,x15,x14,x13,x12,x11,x10,x9,x8,x7,x6,x5,x4,x3,x2,x1),(lp(18),C)
Auf Wiedersehen.
                     SINGULAR                                 /  Development
 A Computer Algebra System for Polynomial Computations       /   version 4.3.2
                                                           0<
 by: W. Decker, G.-M. Greuel, G. Pfister, H. Schoenemann     \   Feb 2023
FB Mathematik der Universitaet, D-67653 Kaiserslautern        \  Debian 1:4.3.2-p10+ds-1.1build1
compute hilbert series with std in ring (ZZ/179424673),(x18,x17,x16,x15,x14,x13,x12,x11,x10,x9,x8,x7,x6,x5,x4,x3,x2,x1,@),(dp(19),C)
weights used for hilbert series: 1,1,1,1,1,1,1,1,1,1,1,1,1,1,1,1,1,1,1
[65535:5]1(17)s(16)s(15)s(14)s(13)s2(12)s(11)s(10)s(9)sss(10)s3(14)s(17)s(22)s(24)s(27)s(32)s(36)s(38)s(41)s(44)s(50)s(57)s(61)s(66)s(71)s4(79)s(83)-s(85)s(88)s(91)-s(95)s(100)-s(103)--s(110)s(116)-----s(115)s(118)s(123)s(127)s(132)-s(137)s(143)---s(146)s(155)----s-s(158)s(163)s(170)s(179)-s(183)-s(190)-s(195)s(200)--s(202)s(207)s(213)s(218)s(225)s(233)s(240)s(248)s(255)s(262)s(270)s(277)s(282)s(288)s(295)s5(303)---(300)----------------------s(283)--s(287)-----s(289)-------------s(283)-----------------s(272)s(279)s(287)s(295)s(302)s(310)-------s(312)------------(300)-----s(302)-s(311)--------s-s(318)s(326)s(335)s(343)s(351)-----------s-----s(355)----------s(353)----------------s(346)-s(352)s(360)s(368)s(377)s(387)--------s(389)----s(394)s(402)s(410)s(419)s(427)s(435)s(443)s(452)s(463)--------s(464)------s(468)-----------s(467)-----s(471)-s(479)s(488)---s(493)---s(497)s(503)--s(509)s(516)--s(521)-s(530)-s(537)-s(544)s(554)s(560)s(568)-s(576)s(585)-s(590)s(597)s(605)s(613)s(623)s(630)s(640)-s(649)-s(656)s(666)------s(667)s(674)---s(679)-s(688)----s(694)s(702)s(709)s(717)s(723)s(740)s6(746)-----------s(744)-s(753)-------------------------s(738)-------------s(735)-----------------------------------(700)--s(709)---s(717)-----------------(700)--------------------------------------------------------------------s(642)s(652)------------------------------------------s(620)--------------s(615)---------------(600)----------------------------------------------------------------------------------------------------(500)-------------s(497)-s(505)s(513)s(522)----------------------(500)-----------------------------------s(475)----------------------------------------------s(438)--s(446)-s(453)s(462)-s(471)s(479)-s(487)s(496)s(504)-s(511)-s(521)s(530)---s(537)s(547)-s(555)--s(562)-s(570)-s(581)s(591)s(601)-(600)---------------------------s(582)---------------------------------------------------s(540)-----s(543)s(552)-----------------s(548)-----s(551)----------s(550)s(559)-----------s(558)---------s(557)s(567)-s(576)s(585)s(594)--s(601)-(600)s(610)s(620)s(629)s(639)s(649)--s(657)s(668)--s(676)--s(683)s(692)----s(696)s(705)s(713)-----s(715)s(723)7-----------------------(700)----------------------------------------------------------------------------------------------------(600)----------------------------------------------------------------------------------------------------(500)----------------------------------------------------------------------------------------------------(400)---------------------------------------------------------------------s(341)-------s(344)----s(350)--------s(351)-s(360)----s(366)---------------s(361)-----------------------------------------------------s(318)------------------(300)----------------------------------------------s(262)---------s(263)--s(271)----------------------------s(249)-s(257)-------s(260)-----s(266)---s(272)-------s(273)--s(280)-s(288)----------ss(298)-s(307)----s(313)---s(320)s(330)---s(337)s(345)--s(352)s(362)-----------s(361)-------s(363)--s(369)------s(372)8------------------------------s(352)----------------------------------------------------(300)-----------------------------------------------------------s(252)------------------------------------------s(221)---------------------(200)------------------------------------------------------s(155)----------------------------------s(129)------------------s(120)--------------------(100)-s(107)-s(115)---s(121)---------s(122)-s(130)--s(137)---s(144)-----s9(149)-------------------------------------------------(100)-------------------------------------------------------------s(49)----------s---------------------------10----------------------s11(10)-------s(13)--12-----------
product criterion:4267 chain criterion:28389
std with hilb in (ZZ/179424673),(x18,x17,x16,x15,x14,x13,x12,x11,x10,x9,x8,x7,x6,x5,x4,x3,x2,x1,@),(lp(18),dp(1),C)
[65535:5]1(264)s(263)s(262)s(261)s(260)s2(259)s(258)s(257)ss(258)s(260)s(263)s3(267)ss(268)s(270)s(271)s(274)s(275)s(277)s(281)s(283)s(286)s(290)s(295)s(298)s(303)s(305)---s(307)-s(312)--s(317)s(325)---s(331)s4(341)-------s----ss(347)-------s(344)-s(346)----s(347)s(353)s(357)-s(363)-s(366)s(371)s(376)s(382)s(386)s(390)s(395)s(403)s(411)s(418)s(424)----s(426)-s(430)-----s(431)-s(433)---s(435)s(440)s(444)s(449)s(455)s(464)s(473)s(481)s(488)s(493)s(500)s(506)s(512)s(522)s(532)s(541)s(549)s(555)s(563)s(567)s(574)s(581)s(592)s(603)s(613)s(622)s(629)s(638)s(643)s(648)s(656)s(663)s(675)s(687)s(698)s(708)s(716)s(726)s(732)s(738)shhhhhhhhhhhhhhhhhhhhhhhhhhhhhhhhhhhhhhhhhhh5(704)----(700)-----------------------s(689)-s(695)-----s(697)---s(700)---s(704)----(700)---------------------------------s(674)-----------s(671)--s(676)-s(686)-------------s(682)s(691)--s(699)--s(705)s(713)s(721)-s(730)s(741)----s(749)-s(759)s(767)s(774)--------------s(769)--s(779)s(789)s(801)s(810)----s(814)---s(819)s(827)s(834)-s(841)s(853)--s(862)s(871)s(879)-------------s(874)-s(879)-s(887)s(896)s(900)-s(907)--s(912)--s(917)----s(919)s(924)s(931)-s(938)--s(945)s(953)s(962)-s(970)s(977)---s(980)----------s(978)s(988)s(999)s(1008)-s(1014)s(1027)s(1036)s(1043)---s(1047)---------s(1048)s(1057)s(1065)----s(1069)--s(1079)----s(1082)s(1089)--s(1097)--s(1105)s(1113)s(1123)-s(1129)s(1138)---s(1141)----s(1147)s(1156)s(1166)s(1175)s(1183)-----------s(1181)s(1189)s(1197)--s(1205)-----(1200)--------s(1202)--(1200)--s(1204)s(1212)--s(1218)--s(1227)s(1235)s(1246)-s(1251)s(1258)---s(1261)----s(1268)s(1276)s(1287)s(1298)s(1305)-----(1300)------s(1304)s(1313)s(1322)s(1333)--s(1340)---s(1345)------------s(1343)s(1354)-s(1362)s(1371)-s(1379)s(1391)s(1397)s(1406)s(1414)s(1423)s(1431)s(1441)s(1448)s(1459)--s(1467)--s(1472)--s(1478)----s(1482)s(1490)s(1495)-s(1500)--s(1510)s(1519)s(1531)-s(1536)s(1545)---s(1552)----s(1560)s(1564)s(1576)s(1588)s(1595)-----------ss(1605)s(1615)s(1627)--s(1635)---s(1642)-----------shhhhhhhhhhhhhhhhhhhhhhhhhhhhhhhhhhhhhhhhhhhhhhhhhhhhhhhhhhhhhhhhhhhhhhhhhhhhhhhhhhhhhhhhhh6(1550)--------------------------------------------------(1500)-----------------------s(1485)------------------------------------------------------------------------------------s(1408)-------s(1410)----------(1400)---------------------------s(1381)--------------------------------------------------------------------s(1321)--s(1328)----------------------------(1300)-------------s(1296)----------------s(1291)-----s(1298)---------------------------------s(1274)--------------s(1267)----s(1271)------ss(1281)--s(1286)---------------------------------------------------------------------------------s(1217)----s(1222)s(1231)s(1243)s(1252)-----s(1257)s(1267)s(1275)------------------------------s(1255)----s(1261)s(1273)s(1281)--s(1288)-------------------------------------------------s(1249)--s(1257)-----------------------------------------s(1223)-----s(1227)----s(1230)----s(1235)s(1247)s(1258)s(1269)------------s(1267)-s(1276)----------------s(1270)--s(1279)s(1289)s(1298)s(1307)s(1318)s(1329)s(1340)-------s(1343)-s(1352)-s(1360)s(1370)------------------------------------------s(1337)--s(1343)-------s(1346)s(1356)-----s(1361)s(1373)s(1383)s(1392)s(1402)s(1411)s(1421)s(1432)s(1442)--------------s(1440)s(1450)s(1461)s(1472)-----s(1476)-------s(1480)----------------s(1474)-s(1479)---------------------s(1467)-----s(1473)s(1479)s(1487)-s(1497)s(1508)--------(1500)----------------------------------s(1477)--s(1486)-------s(1489)------s(1494)s(1506)s(1517)-------------s(1515)---------------(1500)------------s(1496)s(1506)s(1517)s(1527)-s(1536)s(1547)s(1558)-----s(1563)---------------s(1558)s(1569)---s(1577)--s(1586)----------s(1588)s(1599)s(1609)---------(1600)-------------------------------------s(1573)-------s--s(1582)-----s(1585)--s(1595)-----------------s(1585)------s(1591)----------------------s(1576)-s(1585)s(1592)-s(1600)-s(1607)s(1615)s(1623)-s(1630)s(1640)--------------------s(1629)---s(1635)-s(1643)-s(1653)s(1664)-s(1674)s(1682)s(1689)s(1696)s(1704)-s(1711)s(1718)-s(1726)s(1734)----------------------------------(1700)--------s(1704)--s(1710)-------s(1711)s(1720)-----s(1727)s(1736)s(1748)s(1760)s(1768)s(1777)--s(1787)s(1796)s(1806)s(1814)-s(1821)--s(1831)---------------------------s(1813)s(1825)s(1837)s(1848)-s(1858)s(1867)s(1876)-----s(1881)---------------s(1878)s(1888)---s(1897)--s(1904)----(1900)----s(1905)-----(1900)---------s(1901)-(1900)-s(1909)---s(1916)s(1926)s(1935)----s(1942)---s(1948)s(1955)-----s(1960)s(1971)shhhhhhhhhhhhhhhhhhhhhhhhhhhhhhhhhhhhhhhhhhhhhhhhhhhhhhhhhhhhhhhhhhhhhhh7(1910)----------(1900)----------------------------------------------------------------------------------------------------(1800)---------------------------------s(1776)---------------------------------------------------s(1736)------------------------------------(1700)-----------------------------------------------------s(1658)------------s(1656)--------------------------------------------------------(1600)----------------------------------------------------------------------------------------------------(1500)----------------------------------------------------------------------------------------------------(1400)----------------------------------------------------------------s(1345)----s(1351)--s(1360)------------------------------------------------------------(1300)--------s(1301)s(1311)s(1322)s(1332)-----------------------s(1320)s(1331)s(1343)s(1353)s(1364)s(1374)---------------s(1368)-s(1377)s(1387)s(1398)-s(1408)-s(1418)s(1428)----------s(1427)s(1437)--------s(1439)s(1450)-s(1459)---s(1467)-----s(1472)s(1482)---s(1490)---------------------------------------------------------------s(1437)------------------s(1428)---s(1437)-----------------s(1428)----------------s(1424)---s(1432)--------------------------------(1400)--------------------------------s(1374)s(1382)----------s(1380)s(1388)---------------------------------------------s(1353)s(1362)-----------s(1361)s(1370)s(1379)s(1391)s(1398)s(1408)--------(1400)-------------s(1398)-----------------------------s(1378)-s(1387)s(1394)s(1404)----(1400)--------------------------s(1384)--s(1393)--s(1403)---(1400)-------------s(1397)-s(1404)----(1400)---------------s(1395)------s(1400)----s(1407)-----s(1413)s(1423)--s(1432)--s(1442)-s(1452)s(1464)s(1474)-s(1484)--------------s(1482)--------------s(1479)s(1490)------------------------------------------------------s(1447)------------------------------------s(1421)---------------------(1400)------------------------s(1386)------------------s(1375)----s(1381)--------s(1382)--------------------------------s(1361)-------------s(1360)---s(1367)----s(1375)--------s(1376)------------s(1375)-----s(1379)s(1387)s(1399)s(1409)s(1419)s(1429)-------s(1430)s(1438)s(1447)------------s(1444)-s(1454)--s(1463)---------s(1462)s(1474)s(1482)-------s(1485)-s(1494)------------------------------------s(1467)-s(1474)s(1483)s(1492)----------------------------------------s(1464)s(1472)---s(1477)----------------s(1470)-s(1478)--s(1484)-----------------s(1475)s(1484)-------------------s(1476)----s(1484)--------s(1485)----------------------------s(1466)------------------s(1457)s(1467)------s(1471)---s(1479)s(1490)----------------s(1485)s(1495)s(1506)s(1517)s(1528)s(1538)s(1548)s(1559)-s(1568)----s(1577)--s(1585)s(1595)s(1604)-s(1612)s(1622)s(1631)s(1641)--------s(1643)s(1653)s(1664)shhhhhhhhhhhhhhhhhhhhhhhhhhhhhhhhh8(1642)------------------------------------------(1600)----------------------------------------------------------------------------------------------------(1500)--------------------------------------------------------------------------------s(1430)-s(1440)----------------------------------------(1400)----------------------------------------------------------------------------------------------------(1300)--------s(1303)---(1300)----------------------------------------------------------------------------------------------------(1200)----------------------------------------------------------------------------------------------------(1100)----------------------------------------------------------s(1051)---s(1058)-----------------s(1050)--------------------------------------------------(1000)---------------------------s(981)----------------s(976)--------s(978)---------s(977)-----s(980)-----s(984)--------------------s(973)---s(981)---------------------------------------------------------------------------------(900)-------------------------------s(880)-s(890)-s(900)-s(910)s(922)s(934)s(946)----------------------------------------------(900)--------------------------------------------------------------------------------------s(824)s(834)----------------------------------(800)---------------------------s(783)--------------------------------------------------------s(739)-s(746)------------s(743)----------s(742)-----------------------------------s(718)--s(725)-------------------------(700)------------------------------------------------------s(656)-------s(659)s(669)------------------------------s(649)s(658)--------s(659)s(669)s(680)--------------------s(670)--------------------------s(653)----s(660)s(669)s(679)s(688)---------------s(683)s(693)-------s(697)-------------------------------------------s(664)----------------------------------------------------------------(600)-----s(605)s(616)-s(625)s(635)s(645)--s(653)--------s(655)------s(658)s(668)shhhhhhhhhhhhhh9(664)----------------------------------------------------------------(600)-------------------------------------------------s(560)-----------s(559)-----------------------------------------------------------(500)-----------s------------------------------------s(475)-------------------------------------------Killed
s(680)--------------------s(670)--------------------------s(653)----s(660)s(669)s(679)s(688)---------------s(683)s(693)-------s(697)-------------------------------------------s(664)----------------------------------------------------------------(600)-----s(605)s(616)-s(625)s(635)s(645)--s(653)--------s(655)------s(658)s(668)shhhhhhhhhhhhhh9(664)----------------------------------------------------------------(600)-------------------------------------------------s(560)-----------s(559)-----------------------------------------------------------(500)-----------s------------------------------------s(475)------------------------------------------------------------------------Killed
