
      +++  sector:  {1, 1, 0, 1, 0, 1, 1, 0, 0}  (1/1)  +++ 
                     SINGULAR                                 /  Development
 A Computer Algebra System for Polynomial Computations       /   version 4.3.2
                                                           0<
 by: W. Decker, G.-M. Greuel, G. Pfister, H. Schoenemann     \   Feb 2023
FB Mathematik der Universitaet, D-67653 Kaiserslautern        \  Debian 1:4.3.2-p10+ds-1.1build1
compute hilbert series with std in ring (ZZ/179424673),(x18,x17,x16,x15,x14,x13,x12,x11,x10,x9,x8,x7,x6,x5,x4,x3,x2,x1,@),(dp(19),C)
weights used for hilbert series: 1,1,1,1,1,1,1,1,1,1,1,1,1,1,1,1,1,1,1
[65535:5]2(18)s(17)s(16)s(15)s(14)s(13)s(12)s(11)s(10)s(9)s(10)s(12)s(14)s(17)s(20)s(24)s(27)s(28)s(30)s3(34)s(38)s(43)s(47)s(54)s(59)s(66)s(70)s(77)s(82)s(88)s(95)s(102)s(111)s(120)-s(128)s(136)s(141)s(150)s(155)s(161)s(168)s(175)s(182)s(187)s(195)s(203)s(215)s(221)s(229)s(235)s(242)s(249)s(255)s4(264)s(275)s(283)s(292)s(300)-s(310)s(324)-s(329)--s(336)s(348)s(358)s(366)--s(374)-----s(381)--s(391)-s(403)---(400)--------s(402)--(400)---s(408)s(420)-----s(424)s(434)s(444)s(454)s(464)s(474)s(486)-s(498)-------s(499)-s(509)s(517)s(527)s(537)s(559)s(570)s(575)s(584)s(595)s(604)s(614)s(625)s(638)s(648)-s(659)-s(672)s(686)s(700)------------s(701)-(700)-----s(706)-----s(714)s(727)s(740)s(753)s(766)-s(780)s(795)---s(807)--s(817)--s(825)s(836)s(847)---s(853)---------------------------s(842)s(853)s(865)s(876)-------------------------------------------------------5-s(833)-------------s(834)-------------------------s(823)s(838)----------------------------------s(820)--------------------(800)--------------------------------s(783)s(795)-----s(803)-s(817)s(830)s(845)---s(856)-s(870)-------s(877)-s(891)------------------------------s(877)-----------------------------------------------s(846)----------------------------------------------(800)--s(815)--------s(823)----s(834)----------------------------------(800)----------------------------------s(782)----------------------------------------------------------------------------------(700)---s(709)s(718)s(728)s(740)------s(745)s(756)--------s(759)-s(770)---s(779)s(790)-s(799)s(810)--s(818)-------------s(816)---------s(818)-s(829)-----s(834)------s(840)---s(850)s(863)-s(879)s(890)-s(897)--s(906)-----s(912)------------(900)---------------------s(892)s(905)s(916)--s(924)--s(935)-------------s(933)--s(943)-s(954)-s(966)s(978)----s(987)--s(996)s(1006)s(1016)s(1028)s(1041)s(1052)------s(1059)-s(1070)--------------------s(1062)s(1073)----------------------------------s(1054)s(1066)-s(1078)----------s(1081)---------------------------s(1066)-----------------------------------6-------------------------------(1000)----------------------------------------------------------------------------------------------------(900)----------------------------------------------------s(863)---------------------s(857)-----------------------------------------------s(823)-----------------------(800)--------------------------s(788)----------------s(787)---------------------s(780)--------------------------------s(762)--------------------------------------------------------------(700)------------------------------------------------------s(661)s(676)----------------------------------------------------------------------------(600)---s(612)--s(621)---------s(624)----------s(628)---s(637)s(650)------------s(652)-------------------s(648)s(663)s(675)----------s(678)--------------------------------------------s(647)s(660)------------------------------s(643)s(656)--------------------------------------------------------(600)-----------------------s(590)------s(597)------s(604)----(600)--------------------------------------------------------------------------------------------------s(515)---------------(500)-------------ss(512)------------(500)----------------------------------------7------------------------------------------------------------(400)----------------------------------------------------------------------------------------------------(300)---------------------------------s(281)---------------------------------------------------------------------------------(200)----------------------------------------------------------------------------------------------------(100)------------------------------------------------------------------------------------8----------------
product criterion:6656 chain criterion:14925
std with hilb in (ZZ/179424673),(x18,x17,x16,x15,x14,x13,x12,x11,x10,x9,x8,x7,x6,x5,x4,x3,x2,x1,@),(lp(18),dp(1),C)
[65535:5]2(219)s(218)s(217)s(216)s(215)s(214)s(213)ss(215)s(214)s(213)s(215)ss(216)s(220)s(221)s(224)s(228)s(232)s3(235)s(240)s(246)s(252)s(259)s(264)s(270)s(272)s(279)s(286)s(293)s(300)s(307)s(314)s(318)s(324)s(328)s(336)s(344)s(355)s(359)s(368)s(376)s(384)s(388)s(394)s(401)-(400)s(407)s(414)s(423)s(432)s(440)s(448)sshhhhhhhhhhhhhhhhhhhhhhhhhhhhhhhhhh4(430)s(439)-s(453)s(463)s(472)s(487)s(497)s(510)s(521)s(528)s(539)-s(549)s(559)s(574)s(584)-s(594)s(606)s(611)s(622)s(633)s(646)--s(652)s(668)-s(680)-s(689)s(699)s(710)-s(722)------s(727)-----s(732)---s(740)s(752)---s(762)---s(771)s(781)---s(786)-s(795)s(805)-s(815)s(826)s(837)-s(845)--s(854)----------s(857)-s(867)s(876)s(886)--s(896)s(905)-----(900)-------s(902)--(900)---s(911)-s(921)-s(933)-s(947)--s(960)s(973)----s(984)-------s(987)------s----------------s(984)---s(992)s(1008)--------(1000)---s(1007)-----s(1009)---------(1000)-----------------------shhhhhhhhhhhhhhhhhhhhhhhhhhhhhhhhhhhhhhhhhhhhhhhhhhhhhhhhhhhhhhhhhhhhhhhhh5(918)s(931)---s(942)s(956)---s(964)----s(973)-----s(981)s(995)------s(1004)-s(1015)---s(1028)-s(1044)s(1059)-s(1070)------------------s(1065)s(1077)s(1086)--s(1099)-----s(1105)-s(1117)s(1129)----------s(1133)-------s(1134)s(1144)s(1160)s(1173)---s(1180)-------s(1186)--s(1196)s(1207)s(1217)s(1229)-----------------------------(1200)----------------------------------------------s(1169)------------------------------------------------s(1133)---------------------------------(1100)---------s(1104)----(1100)------s(1106)------(1100)---s(1110)s(1122)s(1133)-------------s(1136)-------------s(1138)---------s(1140)--s(1153)----------s(1155)-s(1166)s(1179)s(1193)-----s(1204)s(1219)-------s(1223)---s(1232)------s(1239)---s(1251)s(1264)-----------------s(1259)-----------s(1261)-----------------------------s(1247)------------------------s(1238)-----------------s(1236)s(1252)---------------s(1249)s(1261)s(1273)--s(1284)s(1296)---s(1303)s(1314)--------------(1300)-------------------s(1293)-----------------------s(1283)s(1296)---------------s(1290)----------shhhhhhhhhhhhhhhhhhhhhhhhhhhhhhhhhhhhhhhhhhhhhhhhhhhhhhhhhhhhhhhhhhhhhhhhhhhhhhhhhhhhhhhhhhhhhhhhhhhhhhhhhhhhhhhhhhhhhhhhhhhhhhhhhhhhhhhhhhhhhhhhhhhhhhhhhhhhhhhhhhhhhhhhhhhhhhhhhhhhhhhhhhhhhhhhhhhhhhhhhhhhhhhhhhhhhhhhhhhhhhhhhh6(1070)----------------------------s(1055)------------s(1057)------------------s(1053)--s(1066)s(1081)s(1096)-----------------------s(1087)s(1100)-----s(1110)----------(1100)s(1114)-----s(1123)----s(1131)s(1144)s(1156)s(1169)s(1183)s(1196)s(1208)s(1221)--------------------s(1213)-----------s(1217)--s(1230)-s(1241)----------s(1246)----s(1257)---------------------------------------------------------(1200)------------------------------s(1183)-----------------------------------------------------------------------------------(1100)---------------------------------------------s(1066)-------------------s(1060)---------------------------------------------s(1027)-s(1039)---------------------------------------(1000)---s(1010)----------(1000)------------------------------------------------------------s(954)------------------------------------------------------(900)----------------------------------------------------------------------------------------------------(800)-------------------------s(790)--------------------------------------s(765)-------------------------------------------------------------shhhhhhhhhhhhhhhhhhhhhhhhhhhhhhhhhhhhhhhhhhhhhhhhhhhhhhhhhhhhhhhhhhhhhhhhhhhhhhhhhhhhhhhhhhhhhhhhhhhhhhhhhhhhhhhhhhhhhhhhhhhhhhhhhhhhhhhhhhhhhhhhhhhhhhhhhhhhhhhhhhhhhhhhhhhhhhhhhhhhhhhhh7(531)-----------------------s(522)----------------------(500)----------------------------------------------------------------------------------------------------(400)----------------------------------------------------------------------------------------------------(300)---------------------------------------------------------------------------------------------shhhhhhhhhhhhhhhhhhhhhhhhhhhhhhhhhhhhhhhhhhhhhhhhhhhhhhhhhhhhhhhhhhhhhhhhhhhhhhhhhhhhhhhhhhhhhhhhhhhhhhhhhhhhhhhhhhhhhhhhhhhhhhhhhhhhhhhhhhhhhhhhhhhhhhhhhhhhhhhhhhhhhhhhhhhhhhhhhhhhhhhhhhhhhhhhhhhhhhhhhhhhhhhhhhhhhhhhhhhh
product criterion:7571 chain criterion:15028
hilbert series criterion:738
dehomogenization
simplification
imap to ring (ZZ/179424673),(x18,x17,x16,x15,x14,x13,x12,x11,x10,x9,x8,x7,x6,x5,x4,x3,x2,x1),(lp(18),C)
Auf Wiedersehen.
                     SINGULAR                                 /  Development
 A Computer Algebra System for Polynomial Computations       /   version 4.3.2
                                                           0<
 by: W. Decker, G.-M. Greuel, G. Pfister, H. Schoenemann     \   Feb 2023
FB Mathematik der Universitaet, D-67653 Kaiserslautern        \  Debian 1:4.3.2-p10+ds-1.1build1
// ** loaded /usr/bin/../share/singular/LIB/primdec.lib (4.3.2.9,Oct_2023)
// ** loaded /usr/bin/../share/singular/LIB/ring.lib (4.3.1.3,Feb_2023)
// ** loaded /usr/bin/../share/singular/LIB/absfact.lib (4.1.2.0,Feb_2019)
// ** loaded /usr/bin/../share/singular/LIB/triang.lib (4.1.2.0,Feb_2019)
// ** loaded /usr/bin/../share/singular/LIB/matrix.lib (4.3.2.3,Aug_2023)
// ** loaded /usr/bin/../share/singular/LIB/nctools.lib (4.1.2.0,Feb_2019)
// ** loaded /usr/bin/../share/singular/LIB/inout.lib (4.1.2.0,Feb_2019)
// ** loaded /usr/bin/../share/singular/LIB/random.lib (4.1.2.0,Feb_2019)
// ** loaded /usr/bin/../share/singular/LIB/polylib.lib (4.2.0.0,Dec_2020)
// ** loaded /usr/bin/../share/singular/LIB/elim.lib (4.3.2.5,Jul_2023)
// ** loaded /usr/bin/../share/singular/LIB/general.lib (4.1.2.0,Feb_2019)
map with cache
map with cache
map with cache
map with cache
map with cache
map with cache
map with cache
map with cache
map with cache
map with cache
map with cache
map with cache
map with cache
map with cache
map with cache
map with cache
map with cache
map with cache
std in (ZZ/179424673),(x18,x17,x16,x15,x14,x13,x12,x11,x10,x9,x8,x7,x6,x5,x4,x3,x2,x1),(dp(18),C)
[65535:5]1(17)s(16)s(15)s(14)s(13)s(12)s(11)s(10)s(9)s(8)s(7)s(6)s(5)s(4)s(3)s(2)sss
(S:17)-----------------
product criterion:153 chain criterion:0
[65535:5]1(17)s(16)s(15)s(14)s(13)s(12)s(11)s(10)s(9)s(8)s(7)s(6)s(5)s(4)s(3)s(2)sss
(S:17)-----------------
product criterion:153 chain criterion:0
map is a permutation
[65535:6]1(18)s(17)s(16)s(15)s(14)s(13)s(12)s(11)s(10)s(9)s(8)s(7)s(6)s(5)s(4)s(3)s(2)sss
(S:18)------------------
product criterion:171 chain criterion:0
[65535:5]1(17)s(16)s(15)s(14)s(13)s(12)s(11)s(10)s(9)s(8)s(7)s(6)s(5)s(4)s(3)s(2)sss
(S:17)-----------------
product criterion:153 chain criterion:0
{1}[65535:7]1(17)s(16)s(15)s(14)s(13)s(12)s(11)s(10)s(9)s(8)s(7)s(6)s(5)s(4)s(3)s(2)sss
(S:18)-------------------
product criterion:0 chain criterion:0
(S:18)rrrrrrrrrrrrrrrrrr
[65535:5]1(17)s(16)s(15)s(14)s(13)s(12)s(11)s(10)s(9)s(8)s(7)s(6)s(5)s(4)s(3)s(2)sss
(S:17)-----------------
product criterion:153 chain criterion:0
intersect by elimination method
[65535:7]1(18)s2(17)s(16)s(15)s(14)s(13)s(12)s(11)s(10)s(9)s(8)s(7)s(6)s(5)s(4)s(3)s(2)sss
(S:18)------------------
product criterion:171 chain criterion:0
map is a permutation
[65535:6]1(18)s(17)s(16)s(15)s(14)s(13)s(12)s(11)s(10)s(9)s(8)s(7)s(6)s(5)s(4)s(3)s(2)ss2s
(S:0)
product criterion:171 chain criterion:0
map is a permutation
[65535:6]1(18)s(17)s(16)s(15)s(14)s(13)s(12)s(11)s(10)s(9)s(8)s(7)s(6)s(5)s(4)s(3)s(2)ss2s
(S:0)
product criterion:171 chain criterion:0
map is a permutation
[65535:6]1(18)s(17)s(16)s(15)s(14)s(13)s(12)s(11)s(10)s(9)s(8)s(7)s(6)s(5)s(4)s(3)s(2)ss2s
(S:0)
product criterion:171 chain criterion:0
map is a permutation
[65535:6]1(18)s(17)s(16)s(15)s(14)s(13)s(12)s(11)s(10)s(9)s(8)s(7)s(6)s(5)s(4)s(3)s(2)ss2s
(S:0)
product criterion:171 chain criterion:0
map is a permutation
[65535:6]1(18)s(17)s(16)s(15)s(14)s(13)s(12)s(11)s(10)s(9)s(8)s(7)s(6)s(5)s(4)s(3)s(2)ss2s
(S:0)
product criterion:171 chain criterion:0
map is a permutation
[65535:6]1(18)s(17)s(16)s(15)s(14)s(13)s(12)s(11)s(10)s(9)s(8)s(7)s(6)s(5)s(4)s(3)s(2)ss2s
(S:0)
product criterion:171 chain criterion:0
map is a permutation
[65535:6]1(18)s(17)s(16)s(15)s(14)s(13)s(12)s(11)s(10)s(9)s(8)s(7)s(6)s(5)s(4)s(3)s(2)ss2s
(S:0)
product criterion:171 chain criterion:0
map is a permutation
[65535:6]1(18)s(17)s(16)s(15)s(14)s(13)s(12)s(11)s(10)s(9)s(8)s(7)s(6)s(5)s(4)s(3)s(2)ss2s
(S:0)
product criterion:171 chain criterion:0
map is a permutation
[65535:6]1(18)s(17)s(16)s(15)s(14)s(13)s(12)s(11)s(10)s(9)s(8)s(7)s(6)s(5)s(4)s(3)s(2)ss2s
(S:0)
product criterion:171 chain criterion:0
map is a permutation
[65535:6]1(18)s(17)s(16)s(15)s(14)s(13)s(12)s(11)s(10)s(9)s(8)s(7)s(6)s(5)s(4)s(3)s(2)ss2s
(S:0)
product criterion:171 chain criterion:0
map is a permutation
[65535:6]1(18)s(17)s(16)s(15)s(14)s(13)s(12)s(11)s(10)s(9)s(8)s(7)s(6)s(5)s(4)s(3)s(2)ss2s
(S:0)
product criterion:171 chain criterion:0
map is a permutation
[65535:6]1(18)s(17)s(16)s(15)s(14)s(13)s(12)s(11)s(10)s(9)s(8)s(7)s(6)s(5)s(4)s(3)s(2)ss2s
(S:0)
product criterion:171 chain criterion:0
map is a permutation
[65535:6]1(18)s(17)s(16)s(15)s(14)s(13)s(12)s(11)s(10)s(9)s(8)s(7)s(6)s(5)s(4)s(3)s(2)ss2s
(S:0)
product criterion:171 chain criterion:0
map is a permutation
[65535:6]1(18)s(17)s(16)s(15)s(14)s(13)s(12)s(11)s(10)s(9)s(8)s(7)s(6)s(5)s(4)s(3)s(2)ss2s
(S:0)
product criterion:171 chain criterion:0
map is a permutation
[65535:6]1(18)s(17)s(16)s(15)s(14)s(13)s(12)s(11)s(10)s(9)s(8)s(7)s(6)s(5)s(4)s(3)s(2)ss2s
(S:0)
product criterion:171 chain criterion:0
map is a permutation
[65535:6]1(18)s(17)s(16)s(15)s(14)s(13)s(12)s(11)s(10)s(9)s(8)s(7)s(6)s(5)s(4)s(3)s(2)ss2s
(S:0)
product criterion:171 chain criterion:0
map is a permutation
[65535:6]1(18)s(17)s(16)s(15)s(14)s(13)s(12)s(11)s(10)s(9)s(8)s(7)s(6)s(5)s(4)s(3)s(2)ss2s
(S:0)
product criterion:171 chain criterion:0
map is a permutation
[65535:6]1(18)s(17)s(16)s(15)s(14)s(13)s(12)s(11)s(10)s(9)s(8)s(7)s(6)s(5)s(4)s(3)s(2)ss2s
(S:0)
product criterion:171 chain criterion:0
[65535:5]1(17)s(16)s(15)s(14)s(13)s(12)s(11)s(10)s(9)s(8)s(7)s(6)s(5)s(4)s(3)s(2)sss
(S:17)-----------------
product criterion:153 chain criterion:0
// ** _ is no standard basis
Auf Wiedersehen.
                     SINGULAR                                 /  Development
 A Computer Algebra System for Polynomial Computations       /   version 4.3.2
                                                           0<
 by: W. Decker, G.-M. Greuel, G. Pfister, H. Schoenemann     \   Feb 2023
FB Mathematik der Universitaet, D-67653 Kaiserslautern        \  Debian 1:4.3.2-p10+ds-1.1build1
compute hilbert series with std in ring (ZZ/179424673),(x18,x17,x16,x15,x14,x13,x12,x11,x10,x9,x8,x7,x6,x5,x4,x3,x2,x1,@),(dp(19),C)
weights used for hilbert series: 1,1,1,1,1,1,1,1,1,1,1,1,1,1,1,1,1,1,1
[65535:5]1(17)s(16)s(15)s(14)s(13)s(12)s(11)s(10)s(9)s(8)s(7)s(6)s2(5)s(4)s3-ss(6)s(8)s4(11)-------s(8)---5-----
product criterion:150 chain criterion:3
std with hilb in (ZZ/179424673),(x18,x17,x16,x15,x14,x13,x12,x11,x10,x9,x8,x7,x6,x5,x4,x3,x2,x1,@),(lp(18),dp(1),C)
[65535:5]1(18)s(17)s(16)s(15)s(14)s(13)s(12)s(11)s(10)s(9)s(8)s(7)s2(6)s(5)s3-ss(7)s(10)s4(14)----------s(6)s(9)shhhhhhhhhhhhhh
product criterion:174 chain criterion:9
hilbert series criterion:14
dehomogenization
simplification
imap to ring (ZZ/179424673),(x18,x17,x16,x15,x14,x13,x12,x11,x10,x9,x8,x7,x6,x5,x4,x3,x2,x1),(lp(18),C)
Auf Wiedersehen.
                     SINGULAR                                 /  Development
 A Computer Algebra System for Polynomial Computations       /   version 4.3.2
                                                           0<
 by: W. Decker, G.-M. Greuel, G. Pfister, H. Schoenemann     \   Feb 2023
FB Mathematik der Universitaet, D-67653 Kaiserslautern        \  Debian 1:4.3.2-p10+ds-1.1build1
// ** loaded /usr/bin/../share/singular/LIB/primdec.lib (4.3.2.9,Oct_2023)
// ** loaded /usr/bin/../share/singular/LIB/ring.lib (4.3.1.3,Feb_2023)
// ** loaded /usr/bin/../share/singular/LIB/absfact.lib (4.1.2.0,Feb_2019)
// ** loaded /usr/bin/../share/singular/LIB/triang.lib (4.1.2.0,Feb_2019)
// ** loaded /usr/bin/../share/singular/LIB/matrix.lib (4.3.2.3,Aug_2023)
// ** loaded /usr/bin/../share/singular/LIB/nctools.lib (4.1.2.0,Feb_2019)
// ** loaded /usr/bin/../share/singular/LIB/inout.lib (4.1.2.0,Feb_2019)
// ** loaded /usr/bin/../share/singular/LIB/random.lib (4.1.2.0,Feb_2019)
// ** loaded /usr/bin/../share/singular/LIB/polylib.lib (4.2.0.0,Dec_2020)
// ** loaded /usr/bin/../share/singular/LIB/elim.lib (4.3.2.5,Jul_2023)
// ** loaded /usr/bin/../share/singular/LIB/general.lib (4.1.2.0,Feb_2019)
[65535:5]1(17)s(16)s(15)s(14)s(13)s(12)s(11)s(10)s(9)s(8)s(7)s(6)s(5)s(4)s(3)s(2)ss2s
(S:17)-----------------
product criterion:153 chain criterion:0
// ** redefining j (int j = 2;)
rt
Auf Wiedersehen.

Set::setraw: Cannot assign to raw object 1.

Set::setraw: Cannot assign to raw object 1.
  >> 1 region(s): expReg=2.489s  build=0.066s
  [sector total: 2.57s]
#Non-triv Sectors = 1

[SECTOR_RESULT] key=110101100 tier=Quick state=done time=2.571959 regions=1
782 regions=1
