
      +++  sector:  {1, 1, 0, 0, 1, 1, 1, 0, 0}  (1/1)  +++ 
                     SINGULAR                                 /  Development
 A Computer Algebra System for Polynomial Computations       /   version 4.3.2
                                                           0<
 by: W. Decker, G.-M. Greuel, G. Pfister, H. Schoenemann     \   Feb 2023
FB Mathematik der Universitaet, D-67653 Kaiserslautern        \  Debian 1:4.3.2-p10+ds-1.1build1
compute hilbert series with std in ring (ZZ/179424673),(x18,x17,x16,x15,x14,x13,x12,x11,x10,x9,x8,x7,x6,x5,x4,x3,x2,x1,@),(dp(19),C)
weights used for hilbert series: 1,1,1,1,1,1,1,1,1,1,1,1,1,1,1,1,1,1,1
[65535:5]2(18)s(17)s(16)s(15)s(14)s(13)s(12)s(11)s(10)s(9)s(10)s(12)s(14)s(17)s(20)s(24)s(27)s(28)s(31)s3(36)s(39)s(44)s(51)s(57)s(64)s(69)s(72)s(79)s(86)s(94)s(104)s(111)s(119)s(126)s(138)s(145)-s(154)s(161)s(167)s(176)s(186)s(190)s(198)s(204)s(209)s(215)s(222)s(232)s(237)s(241)s(250)s(259)s(265)s(274)s(282)s4(290)s(300)s(310)s(320)s(331)s(342)---s(348)s(358)s(369)s(380)s(391)s(403)s(415)-s(426)s(440)s(451)s(463)------------------------------------------s(434)s(444)--s(452)s(467)s(479)s(491)-s(503)-s(514)s(523)s(534)----s(541)s(555)--s(561)--s(570)-s(576)s(593)----s(599)s(609)s(617)s(628)s(635)-s(644)s(656)s(666)s(678)--s(688)s(697)--------s(696)-s(705)s(711)-------s(713)-s(723)-s(734)s(746)s(758)------------s(757)s(765)s(777)s(791)--s(798)------------------------------------s(771)--s(777)---s(784)---s(790)---s(798)s(810)------s(812)s(820)-------------------s(810)----------(800)----5-s(809)s(819)---s(830)-s(843)--s(856)s(871)s(887)---s(899)---s(912)s(924)s(936)s(949)----------s(953)----------------------s(946)s(962)-----------------------s(953)s(970)s(984)s(1001)-(1000)s(1015)-------s(1024)s(1039)---------------------------s(1026)--------s(1033)s(1050)s(1065)--s(1074)--------------------------------------------s(1046)--------------------------------------s(1019)-------------------(1000)-----------------------------------------------------------------s(950)--------------------------------------------------(900)----s(911)-----------(900)------------s(904)----(900)---------------------------------s(884)--------------------s(881)-s(892)s(907)-s(919)----------s(924)s(935)----------------------------------s(912)----------s(914)--------------(900)-s(910)----------(900)s(913)----s(922)----------------------(900)-------------------s(895)----------s(893)-----------------s(889)s(902)s(916)----------------(900)------s(902)--(900)------------------------s(889)-----------------------------------s(865)---------------s(862)--------------s(861)---------------------------------------6-s(836)s(852)----s(864)----------------------------------------------------------------(800)--------------------------------------------------------------------------------------------s(722)----------------------(700)----------------------------------------------------------------------------------------------------(600)------------------------------------------------------------------------------------s(533)s(549)--------------------------s(537)--s(550)-------------------------s(540)---------------s---------s(546)----------------------------s(533)---------------------------------(500)----------------------------------------------------------------------------------------------------(400)---------------------------------s(381)--------s(388)-----s(397)-------------s(396)---------------------------------------------------------------------------s(335)-----------------------------------(300)---------------------------7-------------------------------------------------------------------------(200)----------------------------------------------------------------------------------------------------(100)----------------------------------------------------------------------------------------------------
product criterion:6734 chain criterion:9251
std with hilb in (ZZ/179424673),(x18,x17,x16,x15,x14,x13,x12,x11,x10,x9,x8,x7,x6,x5,x4,x3,x2,x1,@),(lp(18),dp(1),C)
[65535:5]2(190)s(189)s(188)s(187)s(186)s(185)s(184)sss(187)s(186)ss(189)ss(190)s(192)s(195)s(200)s(202)s3(208)s(211)s(217)s(224)s(229)s(234)s(242)s(248)s(252)s(259)s(263)s(271)s(280)s(288)s(295)s(304)s(311)s(316)s(320)s(327)s(339)s(347)s(355)s(362)s(370)s(377)s(394)s(399)s(405)-s(414)s(422)s(431)s(440)s(447)s(454)s(460)shhhhhhhhhhhhhhhhhhhhhhhhhhhhhhhhhhhh4(433)s(442)s(452)s(460)s(472)s(486)s(496)s(506)s(517)s(528)s(539)s(550)-s(561)s(571)s(582)-s(592)s(603)s(615)s(626)s(636)-s(647)----s(655)s(668)s(680)-s(691)s(705)-s(717)------s(723)-s(736)s(745)s(755)-s(766)-s(779)--s(789)--------s(792)----s(802)--(800)s(815)---s(826)-s(835)-s(844)--s(850)s(862)-s(874)------------ss(883)--s(893)s(900)---------------------s(888)-------------s(886)--s(895)-----------------------s(885)--s(900)----------------------------------------------------s(854)----------shhhhhhhhhhhhhhhhhhhhhhhhhhhhhhhhhhhhhhhhhhhhhhhhhhhhhhhhhhhhhhhhhhhhhhh5(781)s(793)-s(804)---s(815)s(826)s(840)s(854)s(867)------s(874)s(888)s(903)s(919)s(934)s(950)--s(965)s(979)---s(993)-s(1007)--s(1017)------s(1025)--s(1038)------------s(1042)-s(1053)--s(1064)-s(1077)-s(1091)s(1107)s(1120)----------s(1125)--------s(1131)------s(1140)--------s(1144)-s(1156)-------------s(1159)--s(1174)s(1188)----------s(1193)----s(1204)--s(1213)----s(1225)--s(1235)----s(1244)---------------s(1240)-------s(1245)s(1258)----------------------s(1253)-----s(1262)-----------------------------s(1248)------------------------------------------------(1200)--------------------------------------s(1177)--------------------------s(1160)------------------------s(1144)----------------------------------s(1121)--s(1131)----------s(1134)--s(1141)----------s(1144)------s(1149)-s(1163)---------s(1166)-----s(1178)----------------s(1175)-----------------------------------------------------------------shhhhhhhhhhhhhhhhhhhhhhhhhhhhhhhhhhhhhhhhhhhhhhhhhhhhhhhhhhhhhhhhhhhhhhhhhhhhhhhhhhhhhhhhhhhhhhhhhhhhhhhhhhhhhhhhhhhhhhhhhhhhhhhhhhhhhhhhhhhhhhhhhhhhhhhhhhhhhhhhhhhhhhhhhhhhhhhhhhhhhhhhhhhhhh6(929)s(944)s(960)-s(976)----------------s(977)------s(987)s(1001)-(1000)--------------------------------------s(977)--s(990)----------------------------------------------------------s(947)-----------s(951)-----------------------------------------------s(918)------------------(900)-------------s(901)-(900)-----------------------------s(886)--------------------------------------------s(854)--------s(860)------------------------------------------------------------(800)----------------------------------------------------------------------------------------------------(700)----------------------------------------------------------------------------------------------------(600)-----------------------------------------------------------s(554)------------------------------------------------------(500)----------------------------------------s(469)---------------------------------------------------------------------(400)----------------------------------------------shhhhhhhhhhhhhhhhhhhhhhhhhhhhhhhhhhhhhhhhhhhhhhhhhhhhhhhhhhhhhhhhhhhhhhhhhhhhhhhhhhhh7(284)shhhhhhhhhhhhhhhhhhhhhhhhhhhhhhhhhhhhhhhhhhhhhhhhhhhhhhhhhhhhhhhhhhhhhhhhhhhhhhhhhhhhhhhhhhhhhhhhhhhhhhhhhhhhhhhhhhhhhhhhhhhhhhhhhhhhhhhhhhhhhhhhhhhhhhhhhhhhhhhhhhhhhhhhhhhhhhhhhhhhhhhhhhhhhhhhhhhhhhhhhhhhhhhhhhhhhhhhhhhhhhhhhhhhhhhhhhhhhhhhhhhhhhhhhhhhhhhhhhhhhhhhhhhhhhhhhhhhhhhhhhhhhhhhhhhhhhhhhhhhh
product criterion:6032 chain criterion:9373
hilbert series criterion:682
dehomogenization
simplification
imap to ring (ZZ/179424673),(x18,x17,x16,x15,x14,x13,x12,x11,x10,x9,x8,x7,x6,x5,x4,x3,x2,x1),(lp(18),C)
Auf Wiedersehen.
                     SINGULAR                                 /  Development
 A Computer Algebra System for Polynomial Computations       /   version 4.3.2
                                                           0<
 by: W. Decker, G.-M. Greuel, G. Pfister, H. Schoenemann     \   Feb 2023
FB Mathematik der Universitaet, D-67653 Kaiserslautern        \  Debian 1:4.3.2-p10+ds-1.1build1
// ** loaded /usr/bin/../share/singular/LIB/primdec.lib (4.3.2.9,Oct_2023)
// ** loaded /usr/bin/../share/singular/LIB/ring.lib (4.3.1.3,Feb_2023)
// ** loaded /usr/bin/../share/singular/LIB/absfact.lib (4.1.2.0,Feb_2019)
// ** loaded /usr/bin/../share/singular/LIB/triang.lib (4.1.2.0,Feb_2019)
// ** loaded /usr/bin/../share/singular/LIB/matrix.lib (4.3.2.3,Aug_2023)
// ** loaded /usr/bin/../share/singular/LIB/nctools.lib (4.1.2.0,Feb_2019)
// ** loaded /usr/bin/../share/singular/LIB/inout.lib (4.1.2.0,Feb_2019)
// ** loaded /usr/bin/../share/singular/LIB/random.lib (4.1.2.0,Feb_2019)
// ** loaded /usr/bin/../share/singular/LIB/polylib.lib (4.2.0.0,Dec_2020)
// ** loaded /usr/bin/../share/singular/LIB/elim.lib (4.3.2.5,Jul_2023)
// ** loaded /usr/bin/../share/singular/LIB/general.lib (4.1.2.0,Feb_2019)
map with cache
map with cache
map with cache
map with cache
map with cache
map with cache
map with cache
map with cache
map with cache
map with cache
map with cache
map with cache
map with cache
map with cache
map with cache
map with cache
map with cache
std in (ZZ/179424673),(x18,x17,x16,x15,x14,x13,x12,x11,x10,x9,x8,x7,x6,x5,x4,x3,x2,x1),(dp(18),C)
[65535:6]1(17)s(16)s(15)s(14)s(13)s(12)s(11)s(10)s(9)s(8)s(7)s(6)s(5)s(4)s(3)s(2)ss3s
(S:17)-----------------
product criterion:153 chain criterion:0
[65535:5]1(17)s(16)s(15)s(14)s(13)s(12)s(11)s(10)s(9)s(8)s(7)s(6)s(5)s(4)s(3)s(2)ss3s
(S:17)-----------------
product criterion:153 chain criterion:0
map is a permutation
[65535:6]1(18)s(17)s(16)s(15)s(14)s(13)s(12)s(11)s(10)s(9)s(8)s(7)s(6)s(5)s(4)s(3)s(2)sss
(S:18)------------------
product criterion:171 chain criterion:0
[65535:5]1(17)s(16)s(15)s(14)s(13)s(12)s(11)s(10)s(9)s(8)s(7)s(6)s(5)s(4)s(3)s(2)sss
(S:17)-----------------
product criterion:153 chain criterion:0
{1}[65535:7]1(17)s(16)s(15)s(14)s(13)s(12)s(11)s(10)s(9)s(8)s(7)s(6)s(5)s(4)s(3)s(2)sss2(16)----------------
(S:18)-------------------
product criterion:0 chain criterion:0
(S:18)rrrrrrrrrrrrrrrrrr
[65535:5]1(17)s(16)s(15)s(14)s(13)s(12)s(11)s(10)s(9)s(8)s(7)s(6)s(5)s(4)s(3)s(2)sss
(S:17)-----------------
product criterion:153 chain criterion:0
intersect by elimination method
[65535:7]1(18)s2(17)s(16)s(15)s(14)s(13)s(12)s(11)s(10)s(9)s(8)s(7)s(6)s(5)s(4)s(3)s(2)sss
(S:18)------------------
product criterion:171 chain criterion:0
map is a permutation
[65535:6]1(18)s(17)s(16)s(15)s(14)s(13)s(12)s(11)s(10)s(9)s(8)s(7)s(6)s(5)s(4)s(3)s(2)ss2s
(S:0)
product criterion:171 chain criterion:0
map is a permutation
[65535:6]1(18)s(17)s(16)s(15)s(14)s(13)s(12)s(11)s(10)s(9)s(8)s(7)s(6)s(5)s(4)s(3)s(2)ss2s
(S:0)
product criterion:171 chain criterion:0
map is a permutation
[65535:6]1(18)s(17)s(16)s(15)s(14)s(13)s(12)s(11)s(10)s(9)s(8)s(7)s(6)s(5)s(4)s(3)s(2)ss2s
(S:0)
product criterion:171 chain criterion:0
map is a permutation
[65535:6]1(18)s(17)s(16)s(15)s(14)s(13)s(12)s(11)s(10)s(9)s(8)s(7)s(6)s(5)s(4)s(3)s(2)ss2s
(S:0)
product criterion:171 chain criterion:0
map is a permutation
[65535:6]1(18)s(17)s(16)s(15)s(14)s(13)s(12)s(11)s(10)s(9)s(8)s(7)s(6)s(5)s(4)s(3)s(2)ss2s
(S:0)
product criterion:171 chain criterion:0
map is a permutation
[65535:6]1(18)s(17)s(16)s(15)s(14)s(13)s(12)s(11)s(10)s(9)s(8)s(7)s(6)s(5)s(4)s(3)s(2)ss2s
(S:0)
product criterion:171 chain criterion:0
map is a permutation
[65535:6]1(18)s(17)s(16)s(15)s(14)s(13)s(12)s(11)s(10)s(9)s(8)s(7)s(6)s(5)s(4)s(3)s(2)ss2s
(S:0)
product criterion:171 chain criterion:0
map is a permutation
[65535:6]1(18)s(17)s(16)s(15)s(14)s(13)s(12)s(11)s(10)s(9)s(8)s(7)s(6)s(5)s(4)s(3)s(2)ss2s
(S:0)
product criterion:171 chain criterion:0
map is a permutation
[65535:6]1(18)s(17)s(16)s(15)s(14)s(13)s(12)s(11)s(10)s(9)s(8)s(7)s(6)s(5)s(4)s(3)s(2)ss2s
(S:0)
product criterion:171 chain criterion:0
map is a permutation
[65535:6]1(18)s(17)s(16)s(15)s(14)s(13)s(12)s(11)s(10)s(9)s(8)s(7)s(6)s(5)s(4)s(3)s(2)ss2s
(S:0)
product criterion:171 chain criterion:0
map is a permutation
[65535:6]1(18)s(17)s(16)s(15)s(14)s(13)s(12)s(11)s(10)s(9)s(8)s(7)s(6)s(5)s(4)s(3)s(2)ss2s
(S:0)
product criterion:171 chain criterion:0
map is a permutation
[65535:6]1(18)s(17)s(16)s(15)s(14)s(13)s(12)s(11)s(10)s(9)s(8)s(7)s(6)s(5)s(4)s(3)s(2)ss2s
(S:0)
product criterion:171 chain criterion:0
map is a permutation
[65535:6]1(18)s(17)s(16)s(15)s(14)s(13)s(12)s(11)s(10)s(9)s(8)s(7)s(6)s(5)s(4)s(3)s(2)ss2s
(S:0)
product criterion:171 chain criterion:0
map is a permutation
[65535:6]1(18)s(17)s(16)s(15)s(14)s(13)s(12)s(11)s(10)s(9)s(8)s(7)s(6)s(5)s(4)s(3)s(2)ss2s
(S:0)
product criterion:171 chain criterion:0
map is a permutation
[65535:6]1(18)s(17)s(16)s(15)s(14)s(13)s(12)s(11)s(10)s(9)s(8)s(7)s(6)s(5)s(4)s(3)s(2)ss2s
(S:0)
product criterion:171 chain criterion:0
map is a permutation
[65535:6]1(18)s(17)s(16)s(15)s(14)s(13)s(12)s(11)s(10)s(9)s(8)s(7)s(6)s(5)s(4)s(3)s(2)ss2s
(S:0)
product criterion:171 chain criterion:0
map is a permutation
[65535:6]1(18)s(17)s(16)s(15)s(14)s(13)s(12)s(11)s(10)s(9)s(8)s(7)s(6)s(5)s(4)s(3)s(2)ss2s
(S:0)
product criterion:171 chain criterion:0
map is a permutation
[65535:6]1(18)s(17)s(16)s(15)s(14)s(13)s(12)s(11)s(10)s(9)s(8)s(7)s(6)s(5)s(4)s(3)s(2)ss2s
(S:0)
product criterion:171 chain criterion:0
[65535:5]1(17)s(16)s(15)s(14)s(13)s(12)s(11)s(10)s(9)s(8)s(7)s(6)s(5)s(4)s(3)s(2)sss
(S:17)-----------------
product criterion:153 chain criterion:0
map is a permutation
[65535:6]1(18)s(17)s(16)s(15)s(14)s(13)s(12)s(11)s(10)s(9)s(8)s(7)s(6)s(5)s(4)s(3)s(2)ss2s
(S:18)------------------
product criterion:171 chain criterion:0
[65535:5]1(17)s(16)s(15)s(14)s(13)s(12)s(11)s(10)s(9)s(8)s(7)s(6)s(5)s(4)s(3)s(2)ss2s
(S:17)-----------------
product criterion:153 chain criterion:0
{1}[65535:7]1(17)s(16)s(15)s(14)s(13)s(12)s(11)s(10)s(9)s(8)s(7)s(6)s(5)s(4)s(3)s(2)ss2s3(16)----------------
(S:18)-------------------
product criterion:0 chain criterion:0
(S:18)rrrrrrrrrrrrrrrrrr
[65535:5]1(17)s(16)s(15)s(14)s(13)s(12)s(11)s(10)s(9)s(8)s(7)s(6)s(5)s(4)s(3)s(2)ss2s
(S:17)-----------------
product criterion:153 chain criterion:0
map is a permutation
intersect by elimination method
[65535:7]1(18)s2(17)s(16)s(15)s(14)s(13)s(12)s(11)s(10)s(9)s(8)s(7)s(6)s(5)s(4)s(3)s(2)ss3s
(S:18)------------------
product criterion:171 chain criterion:0
map is a permutation
[65535:6]1(18)s(17)s(16)s(15)s(14)s(13)s(12)s(11)s(10)s(9)s(8)s(7)s(6)s(5)s(4)s(3)s(2)s2s.4
(S:0)
product criterion:153 chain criterion:0
map is a permutation
[65535:6]1(18)s(17)s(16)s(15)s(14)s(13)s(12)s(11)s(10)s(9)s(8)s(7)s(6)s(5)s(4)s(3)s(2)s2s.4
(S:0)
product criterion:153 chain criterion:0
map is a permutation
[65535:6]1(18)s(17)s(16)s(15)s(14)s(13)s(12)s(11)s(10)s(9)s(8)s(7)s(6)s(5)s(4)s(3)s(2)s2s.4
(S:0)
product criterion:153 chain criterion:0
map is a permutation
[65535:6]1(18)s(17)s(16)s(15)s(14)s(13)s(12)s(11)s(10)s(9)s(8)s(7)s(6)s(5)s(4)s(3)s(2)s2s.4
(S:0)
product criterion:153 chain criterion:0
map is a permutation
[65535:6]1(18)s(17)s(16)s(15)s(14)s(13)s(12)s(11)s(10)s(9)s(8)s(7)s(6)s(5)s(4)s(3)s(2)s2s.4
(S:0)
product criterion:153 chain criterion:0
map is a permutation
[65535:6]1(18)s(17)s(16)s(15)s(14)s(13)s(12)s(11)s(10)s(9)s(8)s(7)s(6)s(5)s(4)s(3)s(2)s2s.4
(S:0)
product criterion:153 chain criterion:0
map is a permutation
[65535:6]1(18)s(17)s(16)s(15)s(14)s(13)s(12)s(11)s(10)s(9)s(8)s(7)s(6)s(5)s(4)s(3)s(2)s2s.4
(S:0)
product criterion:153 chain criterion:0
map is a permutation
[65535:6]1(18)s(17)s(16)s(15)s(14)s(13)s(12)s(11)s(10)s(9)s(8)s(7)s(6)s(5)s(4)s(3)s(2)s2s.4
(S:0)
product criterion:153 chain criterion:0
map is a permutation
[65535:6]1(18)s(17)s(16)s(15)s(14)s(13)s(12)s(11)s(10)s(9)s(8)s(7)s(6)s(5)s(4)s(3)s(2)s2s.4
(S:0)
product criterion:153 chain criterion:0
map is a permutation
[65535:6]1(18)s(17)s(16)s(15)s(14)s(13)s(12)s(11)s(10)s(9)s(8)s(7)s(6)s(5)s(4)s(3)s(2)s2s.4
(S:0)
product criterion:153 chain criterion:0
map is a permutation
[65535:6]1(18)s(17)s(16)s(15)s(14)s(13)s(12)s(11)s(10)s(9)s(8)s(7)s(6)s(5)s(4)s(3)s(2)s2s.4
(S:0)
product criterion:153 chain criterion:0
map is a permutation
[65535:6]1(18)s(17)s(16)s(15)s(14)s(13)s(12)s(11)s(10)s(9)s(8)s(7)s(6)s(5)s(4)s(3)s(2)s2s.4
(S:0)
product criterion:153 chain criterion:0
map is a permutation
[65535:6]1(18)s(17)s(16)s(15)s(14)s(13)s(12)s(11)s(10)s(9)s(8)s(7)s(6)s(5)s(4)s(3)s(2)s2s.4
(S:0)
product criterion:153 chain criterion:0
map is a permutation
[65535:6]1(18)s(17)s(16)s(15)s(14)s(13)s(12)s(11)s(10)s(9)s(8)s(7)s(6)s(5)s(4)s(3)s(2)s2s.4
(S:0)
product criterion:153 chain criterion:0
map is a permutation
[65535:6]1(18)s(17)s(16)s(15)s(14)s(13)s(12)s(11)s(10)s(9)s(8)s(7)s(6)s(5)s(4)s(3)s(2)s2s.4
(S:0)
product criterion:153 chain criterion:0
map is a permutation
[65535:6]1(18)s(17)s(16)s(15)s(14)s(13)s(12)s(11)s(10)s(9)s(8)s(7)s(6)s(5)s(4)s(3)s(2)s2s.4
(S:0)
product criterion:153 chain criterion:0
map is a permutation
[65535:6]1(18)s(17)s(16)s(15)s(14)s(13)s(12)s(11)s(10)s(9)s(8)s(7)s(6)s(5)s(4)s(3)s(2)s2s.4
(S:0)
product criterion:153 chain criterion:0
map is a permutation
[65535:6]1(18)s(17)s(16)s(15)s(14)s(13)s(12)s(11)s(10)s(9)s(8)s(7)s(6)s(5)s(4)s(3)s(2)s2s3s
(S:0)
product criterion:171 chain criterion:0
[65535:5]1(17)s(16)s(15)s(14)s(13)s(12)s(11)s(10)s(9)s(8)s(7)s(6)s(5)s(4)s(3)s(2)ss2s
(S:17)-----------------
product criterion:153 chain criterion:0
// ** _ is no standard basis
// ** _ is no standard basis
Auf Wiedersehen.
                     SINGULAR                                 /  Development
 A Computer Algebra System for Polynomial Computations       /   version 4.3.2
                                                           0<
 by: W. Decker, G.-M. Greuel, G. Pfister, H. Schoenemann     \   Feb 2023
FB Mathematik der Universitaet, D-67653 Kaiserslautern        \  Debian 1:4.3.2-p10+ds-1.1build1
compute hilbert series with std in ring (ZZ/179424673),(x18,x17,x16,x15,x14,x13,x12,x11,x10,x9,x8,x7,x6,x5,x4,x3,x2,x1,@),(dp(19),C)
weights used for hilbert series: 1,1,1,1,1,1,1,1,1,1,1,1,1,1,1,1,1,1,1
[65535:5]1(17)s(16)s(15)s(14)s(13)s(12)s(11)s2(10)s(9)sss3(10)-ss(12)s(13)s(15)s(18)s(21)s(23)s(26)s(31)s4(36)---------s(31)s(36)-s(41)s(46)s(53)s(61)s(63)s(69)-s(71)s(73)s(77)s(80)s(86)s(91)s(96)s(99)s(103)s(108)s(114)s(119)s(125)s5(131)--------s(130)------s(132)s(139)s(148)---------------------------s(129)s(137)--s(143)-----------------------s(123)-----s(124)--------s(120)s(125)s(128)--s(131)s(137)s(143)s(148)-----s(149)s(152)s(156)-s(160)s(166)--s(168)s(173)s(182)s(188)s(197)----s(196)s(200)s(204)s(209)s(214)s(220)-s6(223)-----------------------(200)----------------------------------------------------------------------------------------------------(100)-----------------------s(81)s(86)s(91)--s(95)--s(100)----------------------------------------------------------s(47)------7---------------------s(26)-------------------8-------
product criterion:1289 chain criterion:1681
std with hilb in (ZZ/179424673),(x18,x17,x16,x15,x14,x13,x12,x11,x10,x9,x8,x7,x6,x5,x4,x3,x2,x1,@),(lp(18),dp(1),C)
[65535:5]1(82)s(81)s(80)s(79)s(78)s(77)s(76)s2(75)s(74)ss(75)s3(77)-s(76)s(77)s(78)s(80)s(83)-s(85)--s(87)s(92)s(98)s(105)s(113)s4(122)---s(121)s(122)--ss(125)---s(126)--ss(129)s(131)s(136)s(139)s(142)s(145)s(149)s(155)s(159)s(163)s(168)s(172)s(177)s(184)s(189)s(192)s(198)s(202)--(200)s(208)--s(213)s(218)s(223)s(228)s(234)s(243)s(249)s(253)s(261)s(267)s(273)s(279)s(283)s(286)s(296)s(300)s(305)s(314)s(321)s(328)s(334)shhhhhhhhhhhhhhhhhhhhhh5(319)-------------------(300)-----------s(291)--------s(293)---s(294)s(304)----(300)-s(302)--(300)---s(301)-(300)-----s(303)-s(305)-----(300)s(305)s(314)-----s(313)-----ss(318)s(323)s(328)s(332)s(338)------s(340)-----------s(338)----s(339)------s(338)s(344)s(354)-----s--s(355)---s(358)s(364)s(366)s(369)s(373)s(377)s(381)s(386)s(390)-----------------------------------s(362)------s(361)------s(360)s(366)-----s(369)-s(378)-----s-------------s(373)---------s(370)-------s(369)------s(370)------s(373)----s(377)-----s(379)-shhhhhhhhhhhhhhhhhhhhhhhhhhhhhhhhhhhhh6(348)-------------------------------------s(315)----------s(310)---s(314)---s(317)-----------------(300)-------------------------s(280)------------s(274)--------------------------------------------------------------------------(200)---s(203)---(200)-s(206)------(200)----------------------------------s(175)-s(184)-----------------------------------------s(151)---------------------s(140)s(148)----s(151)-s(159)-------------s(154)---------shhhhhhhhhhhhh7(141)--------s(139)---------------------------------------(100)-------------------------------------------------------------------s(42)---------------s(37)shhhhhhhhh8(38)----------------------------------s(12)s(21)shhhhhhhhhhhhhhhhhhhhhhhhhhhhhhh
product criterion:2471 chain criterion:6792
hilbert series criterion:112
dehomogenization
simplification
imap to ring (ZZ/179424673),(x18,x17,x16,x15,x14,x13,x12,x11,x10,x9,x8,x7,x6,x5,x4,x3,x2,x1),(lp(18),C)
Auf Wiedersehen.
                     SINGULAR                                 /  Development
 A Computer Algebra System for Polynomial Computations       /   version 4.3.2
                                                           0<
 by: W. Decker, G.-M. Greuel, G. Pfister, H. Schoenemann     \   Feb 2023
FB Mathematik der Universitaet, D-67653 Kaiserslautern        \  Debian 1:4.3.2-p10+ds-1.1build1
compute hilbert series with std in ring (ZZ/179424673),(x18,x17,x16,x15,x14,x13,x12,x11,x10,x9,x8,x7,x6,x5,x4,x3,x2,x1,@),(dp(19),C)
weights used for hilbert series: 1,1,1,1,1,1,1,1,1,1,1,1,1,1,1,1,1,1,1
[65535:5]1(17)s(16)s(15)s(14)s(13)s(12)s2(11)s(10)s(9)s(10)s(9)s3s(11)s(15)s(17)s(20)s(23)s(27)s(30)s(35)s(41)s4(47)--s-s(48)s(52)-s(56)s(59)s(65)-s(67)s(70)s(74)s(77)s(81)s(88)s(92)s(97)s(101)s(104)s(108)-s(111)s(114)s(119)s(123)s(130)s(136)s(142)s(146)s(151)s(157)s(163)s(170)s(175)s5(181)------------------------------------------------s(140)s(145)--s(151)s(157)s(163)s(170)------s(171)s(179)s(188)-s(192)----s(197)----s(199)---s(203)s(211)s(220)s(229)-s(233)s(239)s(245)s(250)--s(255)s(263)s(268)s(276)s(284)--s(288)-s(294)s(302)s(309)s(315)s(320)s(326)-----s(328)s(334)s(340)s(347)s(354)s(361)s(368)s(376)s(384)s(391)s(396)s(404)s(411)s(415)-----s(418)s(425)s(430)s(436)s(446)-s(453)-s(460)-s(464)s(470)s(474)--s(478)s(485)s(492)s(498)-----s(500)s(504)s(509)-s(514)s(521)--s(529)s(534)s(542)s(548)s(555)----ss(560)s(565)s(571)s(577)s(584)-s6(588)-s(595)-----s(597)s(605)--s(612)------------(600)------------s(598)-------s(600)s(608)s(618)s(629)s(638)s(648)s(657)-----------------------s(644)-----s(650)s(661)----s(667)------------------------------------------s(636)----------------------s(622)----------------------(600)----------------------------------------------------------------------------------------------------(500)------------s(497)s(506)s(515)s(524)----------s---s(529)s(538)s(547)-s(553)s(561)---s(568)s(576)s(585)s(593)s(602)s(610)----------(600)----------------------------------s(576)---s(582)-s(590)-s(598)---------------------------------s(573)-------------------s(564)----------------------------------------------------------s(511)--s(515)s(522)s(528)s(536)s(543)-s(550)s(559)s(568)-s(575)------s(578)---------------------------------------------------------s(529)-s(534)s(543)-----7--------------------------------------(500)----------------------------------------------------------------------------------------------------(400)----------------------------------------------------------------------------------------------------(300)----------------------------------------------------------------------------------------------------(200)----------------------------------------------------------------------------------------------------(100)--------------------------------s(77)---------------s(71)--s(76)----s(80)-s(87)--------------------s(74)--------------------8--------------------------------------s(26)s(35)--------------9--------------------10-
product criterion:3910 chain criterion:12830
std with hilb in (ZZ/179424673),(x18,x17,x16,x15,x14,x13,x12,x11,x10,x9,x8,x7,x6,x5,x4,x3,x2,x1,@),(lp(18),dp(1),C)
[65535:5]1(190)s(189)s(188)s(187)s(186)s(185)s2(184)s(183)s(182)ss(183)s3(185)s(186)s(187)s(190)s(193)s(198)s(199)--s(200)s(204)s(209)-s(214)s(221)s(229)s4(238)----s(237)-s(239)s(242)-s(243)s(247)-s(250)----ss(253)s(256)s(262)s(267)s(272)s(277)s(281)s(288)s(294)s(300)s(303)s(309)s(314)s(322)s(329)s(336)s(340)s(343)-s(347)s(356)s(364)s(372)s(378)s(382)s(386)s(393)s(399)s(409)s(418)s(427)s(434)s(439)s(444)s(450)s(454)s(461)s(472)s(482)s(492)s(500)s(506)s(513)s(520)shhhhhhhhhhhhhhhhhhhhhhhhhhhhhhh5(494)--s(495)---------------------------s(472)-s(482)--s(485)-s(493)--s(502)--(500)s(507)-s(510)-s(522)-s(529)--s(532)s(538)-s(542)---s(549)--s(551)-s(557)-s(562)-s(570)---s(571)s(580)---s(586)-s(590)---s(594)-s(597)---s(603)--s(608)s(614)s(621)------s(625)-s(630)-s(639)s(644)s(651)s(657)s(663)-s(671)-s(677)-s(682)--s(686)s(694)-s(697)---s(702)s(710)s(717)--s(723)-s(728)-s(730)-s(737)s(745)s(751)s(758)s(768)------s(767)-s(773)-s(782)s(788)s(794)s(797)s(802)s(806)s(814)s(823)-----------------s(815)-----s(816)--s(823)s(831)s(840)-----s(844)--s(848)----s(851)----s(853)----s(857)-s(863)-s(869)--s(871)s(881)-s(889)---s(893)--s(901)s(910)s(920)-----s(923)--s(931)----s(935)s(944)--s(949)s(956)s(963)s(970)------s--------s(968)-s(976)-s(984)--s(993)s(1004)-s(1010)---s(1013)--s(1022)s(1032)s(1043)-----s(1048)--s(1052)----s(1056)s(1063)--s(1069)s(1077)s(1086)s(1094)------s(1095)------s(1098)----s(1101)-(1100)-shhhhhhhhhhhhhhhhhhhhhhhhhhhhhhhhhhhhhhhhhhhhhhhhhhhhhhhhhhhhhhhhhhhhhhhhhhhhhhhhh6(1025)-------------------------(1000)----------------------s(989)--------s(992)----s(993)------------------------s(980)-----s(983)-----s(984)----s(992)--s(995)-s(1002)s(1010)s(1017)-----------------(1000)-----------s(999)--s(1004)----(1000)------s(999)--s(1003)s(1008)s(1014)--------------(1000)------------s(997)------------s(992)s(1002)--(1000)-s(1007)--s(1013)s(1022)-s(1032)-s(1037)-------------------------------s(1013)-----------s(1010)--s(1019)---s(1027)----s(1029)--------s-----s(1035)-----------s---s(1039)--s(1044)----s-------------s(1038)----------s(1035)-s(1042)-------ss(1053)-----s(1058)----------------------------------------------------------(1000)---------------------s(985)-----------------------------------------------s(946)----------s(944)s(952)s(959)--s(964)-s(968)-----s(971)-------s(969)---s(972)---------s(973)-----ss(979)----s(981)------ss(986)s(992)s(1002)s(1012)s(1020)s(1028)s(1035)----------------------------------s(1010)-s(1018)----------s(1015)---s(1017)-s(1024)s(1032)-----------s(1030)-s(1040)---s(1046)--s(1053)-----s(1056)s(1065)------------------------------s(1044)-s(1052)-s(1060)s(1069)--s(1077)----s(1080)-----------s(1079)-----------s(1076)-----s(1081)-s(1090)-----------s(1088)-------------------s(1076)--s(1083)s(1091)s(1100)-s(1109)-s(1117)-------s(1118)-s(1127)-s(1135)s(1145)-s(1152)---s(1157)s(1166)s(1172)s(1180)-----s(1186)-s(1194)s(1204)----(1200)-s(1207)-------(1200)s(1207)-------(1200)----s(1203)---(1200)-------s(1199)s(1207)-----s(1213)s(1220)s(1231)-----------s(1230)---s(1237)---------------s(1228)--s(1236)s(1245)s(1255)--s(1264)s(1274)-------s(1275)-s(1285)-s(1292)s(1303)-s(1311)---s(1317)s(1326)s(1333)s(1340)-------s(1344)s(1355)-----s(1360)s(1370)--s(1377)s(1386)--------------s(1382)s(1388)---s(1396)s(1404)--s(1408)s(1417)s(1425)shhhhhhhhhhhhhhhhhhhhhhhhhhhhhhhhhhhhhhhhhhhhhhhhhhhhhhhhhhhhhhhhhhhh7(1364)-------------s(1361)-------------------------------------------------------------(1300)--------------------------------------------------s(1257)---------------------------------------------------------(1200)----------------------------------------------------------------------------------------------------(1100)-------------------------------------------------------------------s(1043)-------------------------------------------(1000)---------------------------------------------s(966)----------------------s(951)----------------s(943)------------s(939)s(946)--------------------s(932)--------------------------------(900)---------------s(892)-----------------------------------------------s(854)-s(863)---------------------------------------------------------------(800)s(808)--s(814)----s(818)--s(823)-----------------------(800)---------------------------------------------------------------------------------------s(724)------------------------(700)---s(707)--s(713)-s(721)-------s(723)--------s(725)----s(730)s(737)--------------s(734)----------------------s(721)-------------------s(710)----------(700)-----s(704)s(714)--------------(700)--------------------s(688)------------s(684)---------s(685)---------------------------------s(661)--s(670)s(679)-----------s(677)s(687)s(696)s(706)------(700)---------------------s(688)----s(695)s(706)s(714)s(724)s(734)-------s(736)---------------------s(724)------s(728)----------------------------(700)-------s(704)s(712)------------(700)-----------------------s(686)s(696)-----------s-------s(699)-s(706)------(700)-----s(704)---s(712)-------s(716)---------s(714)--s(719)s(728)-----s(734)----------ss(744)---------------s(738)--s(746)--------------------s(734)---s(740)---------s(738)--s(746)----s(752)------------s(750)s(759)------------shhhhhhh8(750)--------------------------------------------------(700)----------------------------------------------------------------------------------------------------(600)-------------------------------------------------------------------s(543)-------------------------------------------(500)----------------------------------------------------------------------------------------------------(400)-----------------------------------------------------------------------s(340)-s(348)s(359)--------------------------------------------------s(319)--s(328)----------------------------(300)------s(304)----(300)---------s(302)--(300)-------------------------------------------s(266)--------------------------------s(245)---------------s(240)--s(246)s(257)s(266)s(275)s(285)s(295)s(305)-----(300)------s(301)-(300)---s(305)-s(312)------------(300)s(308)-s(316)------------s(313)-----------s(312)----s(318)s(327)----------s(328)s(336)-s(345)----s(350)s(359)s(370)-s(379)-s(388)-shhhhhhhhhhhhhhh9(381)---------------------------------------------------------------------------------(300)----------------------------------------------------------------------------------------------------(200)---s(207)s(216)s(227)---------------------------(200)------------s(197)----------s(198)--s(205)s(214)s(223)-----------------------(200)--------------------------s(184)-s(192)s(200)-------------------s(191)---------------------------------s(169)-------------s(166)s(174)----------s(173)s(183)-s10(191)-------------------------------------------------------------------------------------------(100)----------------s(94)s(103)---(100)---------shhhhhhhhhhhhhhhhhhhhhhhhhhhhhhhhhhhhhhhhhhhhhhhhhhhhhhhhhhhhhhhhhhhhhhhhhhhhhhhhhhhhhhhhhhhhhhhhhhhhhh
product criterion:17926 chain criterion:84504
hilbert series criterion:304
dehomogenization
simplification
imap to ring (ZZ/179424673),(x18,x17,x16,x15,x14,x13,x12,x11,x10,x9,x8,x7,x6,x5,x4,x3,x2,x1),(lp(18),C)
Auf Wiedersehen.
                     SINGULAR                                 /  Development
 A Computer Algebra System for Polynomial Computations       /   version 4.3.2
                                                           0<
 by: W. Decker, G.-M. Greuel, G. Pfister, H. Schoenemann     \   Feb 2023
FB Mathematik der Universitaet, D-67653 Kaiserslautern        \  Debian 1:4.3.2-p10+ds-1.1build1
// ** loaded /usr/bin/../share/singular/LIB/primdec.lib (4.3.2.9,Oct_2023)
// ** loaded /usr/bin/../share/singular/LIB/ring.lib (4.3.1.3,Feb_2023)
// ** loaded /usr/bin/../share/singular/LIB/absfact.lib (4.1.2.0,Feb_2019)
// ** loaded /usr/bin/../share/singular/LIB/triang.lib (4.1.2.0,Feb_2019)
// ** loaded /usr/bin/../share/singular/LIB/matrix.lib (4.3.2.3,Aug_2023)
// ** loaded /usr/bin/../share/singular/LIB/nctools.lib (4.1.2.0,Feb_2019)
// ** loaded /usr/bin/../share/singular/LIB/inout.lib (4.1.2.0,Feb_2019)
// ** loaded /usr/bin/../share/singular/LIB/random.lib (4.1.2.0,Feb_2019)
// ** loaded /usr/bin/../share/singular/LIB/polylib.lib (4.2.0.0,Dec_2020)
// ** loaded /usr/bin/../share/singular/LIB/elim.lib (4.3.2.5,Jul_2023)
// ** loaded /usr/bin/../share/singular/LIB/general.lib (4.1.2.0,Feb_2019)
[65535:5]1(17)s(16)s(15)s(14)s(13)s(12)s(11)s(10)s(9)s2(8)s(7)s3(6)s(5)s(4)s(3)s(2)sss
(S:17)-----------------
product criterion:153 chain criterion:0
// ** redefining j (int j = 2;)
rt
Auf Wiedersehen.

Set::setraw: Cannot assign to raw object 1.

Set::setraw: Cannot assign to raw object 1.
                     SINGULAR                                 /  Development
 A Computer Algebra System for Polynomial Computations       /   version 4.3.2
                                                           0<
 by: W. Decker, G.-M. Greuel, G. Pfister, H. Schoenemann     \   Feb 2023
FB Mathematik der Universitaet, D-67653 Kaiserslautern        \  Debian 1:4.3.2-p10+ds-1.1build1
// ** loaded /usr/bin/../share/singular/LIB/primdec.lib (4.3.2.9,Oct_2023)
// ** loaded /usr/bin/../share/singular/LIB/ring.lib (4.3.1.3,Feb_2023)
// ** loaded /usr/bin/../share/singular/LIB/absfact.lib (4.1.2.0,Feb_2019)
// ** loaded /usr/bin/../share/singular/LIB/triang.lib (4.1.2.0,Feb_2019)
// ** loaded /usr/bin/../share/singular/LIB/matrix.lib (4.3.2.3,Aug_2023)
// ** loaded /usr/bin/../share/singular/LIB/nctools.lib (4.1.2.0,Feb_2019)
// ** loaded /usr/bin/../share/singular/LIB/inout.lib (4.1.2.0,Feb_2019)
// ** loaded /usr/bin/../share/singular/LIB/random.lib (4.1.2.0,Feb_2019)
// ** loaded /usr/bin/../share/singular/LIB/polylib.lib (4.2.0.0,Dec_2020)
// ** loaded /usr/bin/../share/singular/LIB/elim.lib (4.3.2.5,Jul_2023)
// ** loaded /usr/bin/../share/singular/LIB/general.lib (4.1.2.0,Feb_2019)
[65535:5]1(17)s(16)s(15)s(14)s(13)s(12)s2(11)s(10)s(9)s(8)s(7)s3(6)s(5)s(4)s(3)s(2)sss
(S:17)-----------------
product criterion:153 chain criterion:0
// ** redefining j (int j = 2;)
rt
// ** redefining p (    poly p = reduce(kb[a]*kb[b], gb);)
rt
// ** redefining b (int b = 1;)
// ** redefining p (    poly p = reduce(kb[a]*kb[b], gb);)
rt
// ** redefining p (    poly p = reduce(kb[a]*kb[b], gb);)
rt
Auf Wiedersehen.

Set::write: Tag String in A[9] is Protected.

Set::setraw: Cannot assign to raw object 1.

General::stop: Further output of Set::setraw will be suppressed during this calculation.

Set::write: Tag Plus in -77295909 - 85260707 A[9] is Protected.

Set::write: Tag String in A[9] is Protected.

General::stop: Further output of Set::write will be suppressed during this calculation.
  >> 2 region(s): expReg=98.587s  build=0.295s
  [sector total: 98.896s]
#Non-triv Sectors = 1

[SECTOR_RESULT] key=110011100 tier=Quick state=done time=98.897525 regions=2
