
      +++  sector:  {1, 0, 0, 1, 1, 0, 1, 0, 0}  (1/1)  +++ 
                     SINGULAR                                 /  Development
 A Computer Algebra System for Polynomial Computations       /   version 4.3.2
                                                           0<
 by: W. Decker, G.-M. Greuel, G. Pfister, H. Schoenemann     \   Feb 2023
FB Mathematik der Universitaet, D-67653 Kaiserslautern        \  Debian 1:4.3.2-p10+ds-1.1build1
compute hilbert series with std in ring (ZZ/179424673),(x18,x17,x16,x15,x14,x13,x12,x11,x10,x9,x8,x7,x6,x5,x4,x3,x2,x1,@),(dp(19),C)
weights used for hilbert series: 1,1,1,1,1,1,1,1,1,1,1,1,1,1,1,1,1,1,1
[65535:5]2(18)s(17)s(16)s(15)s(14)s(13)s(12)s(11)s(10)s(9)s(10)s(11)s(13)s(14)s(18)s(20)s(23)s(25)s(30)s3(35)s(40)s(43)s(46)s(50)s(57)s(62)s(67)s(74)s(82)s(90)s(99)s(104)s(110)s(119)s(125)s(134)s(143)s(153)-s(162)s(168)s(177)s(185)s(191)s(198)s(202)s(210)s(214)s(224)s(231)s(238)s(243)s(253)-s(258)s4(268)s(279)s(291)-s(302)s(316)-s(329)s(336)s(347)-----------------------s(338)s(350)s(365)s(377)---------------------------------------s(354)s(371)-----------s(369)s(379)-s(386)-s(395)-s(404)s(413)--s(421)-s(431)s(442)s(454)s(461)-s(471)-----------s(470)s(481)s(492)--s(500)s(509)-s(518)s(531)----s(540)s(545)s(557)s(567)s(578)s(585)-s(594)-s(606)-----s(612)---s(621)----s(626)----------------------s(616)-----s(623)--------------s(624)---s(631)-------------------------------(600)---5-s(610)---s(622)-s(637)----------------s(636)s(652)----------------------------------------------------(600)s(616)----------------(600)----------------------------------------s(574)s(589)s(605)-----(600)----s(611)s(624)s(640)-----------------s-------------s(641)s(655)----s(666)------------------------------------------------------------------(600)-s(615)---------------(600)----------------------------------------------------------s(554)s(566)-s(576)s(591)s(601)-(600)s(612)-----s(620)----------s(621)--------s(623)-------s(629)-----s(636)------------------------------------(600)---------------------s(589)-s(601)-(600)----s(609)------s(617)-----------------(600)-----------------s(595)-----s(603)--s(613)------------s-s(624)---s(632)--------------s(630)-----------------------s(618)----s(626)------------------------6--(600)----------------------------------------------------------------------------------------------------(500)----------------------------------------------------------------------------------------------------(400)-s(412)------------(400)-------s(407)-------(400)----------------------------------------s(375)---------------------------------------------------------------------------(300)------------------------------------------------------------------------------------------s(222)---s(231)---------------s(229)s(242)------------s(244)---------------------------s(231)------------------s(226)---------s(230)------------------------------(200)-------------------------------------7---------------------------------------------------------------(100)--------------------------------------------------------------------------------------------------8--
product criterion:3961 chain criterion:5898
std with hilb in (ZZ/179424673),(x18,x17,x16,x15,x14,x13,x12,x11,x10,x9,x8,x7,x6,x5,x4,x3,x2,x1,@),(lp(18),dp(1),C)
[65535:5]2(151)s(150)s(149)s(148)s(147)ssss(149)s(148)s(147)s(146)s(147)s(150)s(151)s(153)s(155)s(158)s(162)s3(167)s(172)s(178)s(185)s(193)s(195)s(202)s(209)s(212)s(219)s(227)s(235)s(244)s(252)s(256)s(263)s(270)s(281)s(286)s(298)s(303)s(310)s(319)s(329)s(337)s(343)s(353)-s(360)s(365)s(372)s(379)s(384)-s(388)shhhhhhhhhhhhhhhhhhhhhhhhhhhhhhhhhh4(364)s(374)s(384)-s(394)s(404)s(414)s(428)s(439)s(447)s(459)s(469)s(479)s(489)--s(499)s(509)s(520)s(532)s(542)s(552)s(563)---s(570)s(584)-s(592)-s(605)s(618)s(631)--s(637)--s(647)-s(660)s(672)-s(682)-s(696)-s(706)------(700)----s(712)--------s(721)-----s(729)--s(737)--s(747)----------------s(739)-----s(744)-------------------s(734)-s(743)-s(754)---------s---s(762)------------s(761)s(771)-----------------s(764)-s(774)--------------------------------------shhhhhhhhhhhhhhhhhhhhhhhhhhhhhhhhhhhhhhhhhhhhhhhhhhhhhhhhhhhhhhhhhhhhhhhhhhh5(668)s(682)---s(694)s(709)-----s(718)----------s(723)s(738)-s(750)s(766)---s(779)s(795)-s(810)--s(825)---------------------s(820)s(834)-s(847)s(862)-s(876)s(887)----s(899)----s(907)--s(918)------------------(900)-------------s(898)-s(909)---------(900)------s(906)-s(917)s(930)s(941)s(954)---s(965)s(976)---------------------------------------------------s(937)-------------------------------------(900)---------------------------------s(878)------------------------------------s(854)----------s(856)----------s-------------------------------------------------s(819)-------------------(800)-----------------s(795)---------------------s(786)---------------------------------s(762)---------------shhhhhhhhhhhhhhhhhhhhhhhhhhhhhhhhhhhhhhhhhhhhhhhhhhhhhhhhhhhhhhhhhhhhhhhhhhhhhhhhhhhhhhhhhhhhhhhhhhhhhhhhhhhhhhhhhhhhhhhhhhhhhhhhhhhhhhhhhhhhhhhhhhhhhhhhhhhhhh6(603)---(600)------------------------------------s(576)----s(585)-------------------s(579)s(593)-------------------------------------------------s(559)-------------------------s(547)s(560)-----s(569)----------s(573)-----------------------------------------------------------s(527)---------------------------(500)-----------------------------------------------------------------------------------------shhhhhhhhhhhhhhhhhhhhhhhhhhhhhhhhhhhhhhhhhhhhhhhhhhhhhhhhhhhhhhhhhhhhhhhhhhhhhhhhhhhhhhhhhhhhhhhhhhhhhhhhhhhhhhhhhhhhhhhhhhhhhhhhhhhhhhhhhhhhhhhhhhhhhhhhhhhhhhhhhhhhhhhhhhhhhhhhhhhhhhhhhhhhhhhhhhhhhhhhhhhhhhhhhhhhhhhhhhhhhhhhhhhhhhhhhhhhhhhhhhhhhhhhhhhhhhhhhhhhhhhhhhhhhhhhhhhhhhhhhhhhhhhhhhhhhhhhhhhhhhhhhhhhhhhhhhhhhhhhhhhhhhhhhhhhhhhhhhhhhhhhhhhhhhhhhhhhhhhhhhhhhhhhhhhhhhhhhhhhhhhhhhhhhhhhhhhhhhhhhhhhhhhhhhhhhhhhhhhhhhhh
product criterion:3834 chain criterion:6018
hilbert series criterion:691
dehomogenization
simplification
imap to ring (ZZ/179424673),(x18,x17,x16,x15,x14,x13,x12,x11,x10,x9,x8,x7,x6,x5,x4,x3,x2,x1),(lp(18),C)
Auf Wiedersehen.
                     SINGULAR                                 /  Development
 A Computer Algebra System for Polynomial Computations       /   version 4.3.2
                                                           0<
 by: W. Decker, G.-M. Greuel, G. Pfister, H. Schoenemann     \   Feb 2023
FB Mathematik der Universitaet, D-67653 Kaiserslautern        \  Debian 1:4.3.2-p10+ds-1.1build1
// ** loaded /usr/bin/../share/singular/LIB/primdec.lib (4.3.2.9,Oct_2023)
// ** loaded /usr/bin/../share/singular/LIB/ring.lib (4.3.1.3,Feb_2023)
// ** loaded /usr/bin/../share/singular/LIB/absfact.lib (4.1.2.0,Feb_2019)
// ** loaded /usr/bin/../share/singular/LIB/triang.lib (4.1.2.0,Feb_2019)
// ** loaded /usr/bin/../share/singular/LIB/matrix.lib (4.3.2.3,Aug_2023)
// ** loaded /usr/bin/../share/singular/LIB/nctools.lib (4.1.2.0,Feb_2019)
// ** loaded /usr/bin/../share/singular/LIB/inout.lib (4.1.2.0,Feb_2019)
// ** loaded /usr/bin/../share/singular/LIB/random.lib (4.1.2.0,Feb_2019)
// ** loaded /usr/bin/../share/singular/LIB/polylib.lib (4.2.0.0,Dec_2020)
// ** loaded /usr/bin/../share/singular/LIB/elim.lib (4.3.2.5,Jul_2023)
// ** loaded /usr/bin/../share/singular/LIB/general.lib (4.1.2.0,Feb_2019)
map with cache
map with cache
map with cache
map with cache
map with cache
map with cache
map with cache
map with cache
map with cache
map with cache
map with cache
map with cache
map with cache
map with cache
map with cache
map with cache
map with cache
map with cache
std in (ZZ/179424673),(x18,x17,x16,x15,x14,x13,x12,x11,x10,x9,x8,x7,x6,x5,x4,x3,x2,x1),(dp(18),C)
[65535:5]1(17)s(16)s(15)s(14)s(13)s(12)s(11)s(10)s(9)s(8)s(7)s(6)s(5)s(4)s(3)s(2)sss
(S:17)-----------------
product criterion:153 chain criterion:0
[65535:5]1(17)s(16)s(15)s(14)s(13)s(12)s(11)s(10)s(9)s(8)s(7)s(6)s(5)s(4)s(3)s(2)sss
(S:17)-----------------
product criterion:153 chain criterion:0
map is a permutation
[65535:6]1(18)s(17)s(16)s(15)s(14)s(13)s(12)s(11)s(10)s(9)s(8)s(7)s(6)s(5)s(4)s(3)s(2)sss
(S:18)------------------
product criterion:171 chain criterion:0
[65535:5]1(17)s(16)s(15)s(14)s(13)s(12)s(11)s(10)s(9)s(8)s(7)s(6)s(5)s(4)s(3)s(2)sss
(S:17)-----------------
product criterion:153 chain criterion:0
{1}[65535:7]1(17)s(16)s(15)s(14)s(13)s(12)s(11)s(10)s(9)s(8)s(7)s(6)s(5)s(4)s(3)s(2)sss
(S:18)-------------------
product criterion:0 chain criterion:0
(S:18)rrrrrrrrrrrrrrrrrr
[65535:5]1(17)s(16)s(15)s(14)s(13)s(12)s(11)s(10)s(9)s(8)s(7)s(6)s(5)s(4)s(3)s(2)sss
(S:17)-----------------
product criterion:153 chain criterion:0
intersect by elimination method
[65535:7]1(18)s2(17)s(16)s(15)s(14)s(13)s(12)s(11)s(10)s(9)s(8)s(7)s(6)s(5)s(4)s(3)s(2)sss
(S:18)------------------
product criterion:171 chain criterion:0
map is a permutation
[65535:6]1(18)s(17)s(16)s(15)s(14)s(13)s(12)s(11)s(10)s(9)s(8)s(7)s(6)s(5)s(4)s(3)s(2)ss2s
(S:0)
product criterion:171 chain criterion:0
map is a permutation
[65535:6]1(18)s(17)s(16)s(15)s(14)s(13)s(12)s(11)s(10)s(9)s(8)s(7)s(6)s(5)s(4)s(3)s(2)ss2s
(S:0)
product criterion:171 chain criterion:0
map is a permutation
[65535:6]1(18)s(17)s(16)s(15)s(14)s(13)s(12)s(11)s(10)s(9)s(8)s(7)s(6)s(5)s(4)s(3)s(2)ss2s
(S:0)
product criterion:171 chain criterion:0
map is a permutation
[65535:6]1(18)s(17)s(16)s(15)s(14)s(13)s(12)s(11)s(10)s(9)s(8)s(7)s(6)s(5)s(4)s(3)s(2)ss2s
(S:0)
product criterion:171 chain criterion:0
map is a permutation
[65535:6]1(18)s(17)s(16)s(15)s(14)s(13)s(12)s(11)s(10)s(9)s(8)s(7)s(6)s(5)s(4)s(3)s(2)ss2s
(S:0)
product criterion:171 chain criterion:0
map is a permutation
[65535:6]1(18)s(17)s(16)s(15)s(14)s(13)s(12)s(11)s(10)s(9)s(8)s(7)s(6)s(5)s(4)s(3)s(2)ss2s
(S:0)
product criterion:171 chain criterion:0
map is a permutation
[65535:6]1(18)s(17)s(16)s(15)s(14)s(13)s(12)s(11)s(10)s(9)s(8)s(7)s(6)s(5)s(4)s(3)s(2)ss2s
(S:0)
product criterion:171 chain criterion:0
map is a permutation
[65535:6]1(18)s(17)s(16)s(15)s(14)s(13)s(12)s(11)s(10)s(9)s(8)s(7)s(6)s(5)s(4)s(3)s(2)ss2s
(S:0)
product criterion:171 chain criterion:0
map is a permutation
[65535:6]1(18)s(17)s(16)s(15)s(14)s(13)s(12)s(11)s(10)s(9)s(8)s(7)s(6)s(5)s(4)s(3)s(2)ss2s
(S:0)
product criterion:171 chain criterion:0
map is a permutation
[65535:6]1(18)s(17)s(16)s(15)s(14)s(13)s(12)s(11)s(10)s(9)s(8)s(7)s(6)s(5)s(4)s(3)s(2)ss2s
(S:0)
product criterion:171 chain criterion:0
map is a permutation
[65535:6]1(18)s(17)s(16)s(15)s(14)s(13)s(12)s(11)s(10)s(9)s(8)s(7)s(6)s(5)s(4)s(3)s(2)ss2s
(S:0)
product criterion:171 chain criterion:0
map is a permutation
[65535:6]1(18)s(17)s(16)s(15)s(14)s(13)s(12)s(11)s(10)s(9)s(8)s(7)s(6)s(5)s(4)s(3)s(2)ss2s
(S:0)
product criterion:171 chain criterion:0
map is a permutation
[65535:6]1(18)s(17)s(16)s(15)s(14)s(13)s(12)s(11)s(10)s(9)s(8)s(7)s(6)s(5)s(4)s(3)s(2)ss2s
(S:0)
product criterion:171 chain criterion:0
map is a permutation
[65535:6]1(18)s(17)s(16)s(15)s(14)s(13)s(12)s(11)s(10)s(9)s(8)s(7)s(6)s(5)s(4)s(3)s(2)ss2s
(S:0)
product criterion:171 chain criterion:0
map is a permutation
[65535:6]1(18)s(17)s(16)s(15)s(14)s(13)s(12)s(11)s(10)s(9)s(8)s(7)s(6)s(5)s(4)s(3)s(2)ss2s
(S:0)
product criterion:171 chain criterion:0
map is a permutation
[65535:6]1(18)s(17)s(16)s(15)s(14)s(13)s(12)s(11)s(10)s(9)s(8)s(7)s(6)s(5)s(4)s(3)s(2)ss2s
(S:0)
product criterion:171 chain criterion:0
map is a permutation
[65535:6]1(18)s(17)s(16)s(15)s(14)s(13)s(12)s(11)s(10)s(9)s(8)s(7)s(6)s(5)s(4)s(3)s(2)ss2s
(S:0)
product criterion:171 chain criterion:0
map is a permutation
[65535:6]1(18)s(17)s(16)s(15)s(14)s(13)s(12)s(11)s(10)s(9)s(8)s(7)s(6)s(5)s(4)s(3)s(2)ss2s
(S:0)
product criterion:171 chain criterion:0
[65535:5]1(17)s(16)s(15)s(14)s(13)s(12)s(11)s(10)s(9)s(8)s(7)s(6)s(5)s(4)s(3)s(2)sss
(S:17)-----------------
product criterion:153 chain criterion:0
// ** _ is no standard basis
Auf Wiedersehen.

                                                                                                                                                                                                                                                                                                                                                                                                                                                                                                                                                                                                                                                                                                                                                                                                                                                                                                     2                                                                                                                                                                                                                                                                         2                     2                                                                                                                                                                                                                                                                                                                                                        2
Part::partw: Part {1, 2, 3, 4, 5, 6, 7, 8, 9, 10, 11, 12, 13, 14, 15, 16, 17, 18} of {25632023 A[1] + 59808235 A[3] - 65348488 A[4] - 136811303 A[6] + 41316047 A[7] - 119616448 A[1] A[7] + 179424672 A[3] A[7] + 3 A[4] A[7] - 89712338 A[5] A[7] - 138148580 A[8] - A[2] A[8] - 80558014 A[4] A[8] - 49496461 A[5] A[8] - 80558014 A[7] A[8] + A[9] + 51264198 A[2] A[9] + 140976532 A[7] A[9] + 5 B[1] + 59808226 B[2] - 134568507 B[3] + 3 B[4] + 59808226 A[4] B[4] - A[4] B[2] B[4] + 249200960 B[5] + 45603792 B[6] - 59808222 A[4] B[6] - 59808224 A[4] B[4] B[6] + 79744300 B[5] B[6] + 129086082 B[7] - 263156181 A[4] B[7] + 10 A[7] B[7] + 2 A[9] B[7] + 2 B[1] B[7] + 4 B[2] B[7] - 2 A[1] B[3] B[7] - 2 A[7] B[3] B[7] - 59808206 A[4] B[4] B[7] + 2 A[6] B[4] B[7] + 95693160 B[5] B[7] + 89712336 A[7] B[5] B[7] + 15948860 B[6] B[7] + 3 A[4] B[6] B[7] + 2 A[7] B[6] B[7] + 8 B[7]  + 195498078 B[8] - 171948642 A[4] B[8] + 4 A[6] B[8] + 59808224 A[4] B[4] B[8] - 79744300 B[5] B[8] - 44856168 A[7] B[5] B[8] - 59808224 A[4] B[6] B[8] - 27910507 B[7] B[8] - 83731517 A[4] B[7] B[8] - 29904114 A[6] B[7] B[8] - 2 A[7] B[7] B[8] + 14952056 A[4] B[8]  - 44856168 A[6] B[8]  - 11961652 B[9] - 145782551 A[4] B[9] - 119616448 A[6] B[9] - 2 A[7] B[9] + 59808224 A[4] B[4] B[9] - 79744300 B[5] B[9] - 44856168 A[7] B[5] B[9] + 59808224 A[4] B[6] B[9] + 3987213 B[7] B[9] - 89712341 A[4] B[7] B[9] - 89712340 A[6] B[7] B[9] - 89712338 A[7] B[7] B[9] - 44856168 A[4] B[8] B[9] - 44856168 A[6] B[8] B[9] - 59808224 A[4] B[9] } does not exist.

                                                                                                                                                                                                                                                                                                                                                                                                                                                                                                                                                                                                                                                                                                                                                                                                                                                                                                     2                                                                                                                                                                                                                                                                         2                     2                                                                                                                                                                                                                                                                                                                                                        2
Part::partw: Part {1, 2, 3, 4, 5, 6, 7, 8, 9, 10, 11, 12, 13, 14, 15, 16, 17, 18} of {25632023 A[1] + 59808235 A[3] - 65348488 A[4] - 136811303 A[6] + 41316047 A[7] - 119616448 A[1] A[7] + 179424672 A[3] A[7] + 3 A[4] A[7] - 89712338 A[5] A[7] - 138148580 A[8] - A[2] A[8] - 80558014 A[4] A[8] - 49496461 A[5] A[8] - 80558014 A[7] A[8] + A[9] + 51264198 A[2] A[9] + 140976532 A[7] A[9] + 5 B[1] + 59808226 B[2] - 134568507 B[3] + 3 B[4] + 59808226 A[4] B[4] - A[4] B[2] B[4] + 249200960 B[5] + 45603792 B[6] - 59808222 A[4] B[6] - 59808224 A[4] B[4] B[6] + 79744300 B[5] B[6] + 129086082 B[7] - 263156181 A[4] B[7] + 10 A[7] B[7] + 2 A[9] B[7] + 2 B[1] B[7] + 4 B[2] B[7] - 2 A[1] B[3] B[7] - 2 A[7] B[3] B[7] - 59808206 A[4] B[4] B[7] + 2 A[6] B[4] B[7] + 95693160 B[5] B[7] + 89712336 A[7] B[5] B[7] + 15948860 B[6] B[7] + 3 A[4] B[6] B[7] + 2 A[7] B[6] B[7] + 8 B[7]  + 195498078 B[8] - 171948642 A[4] B[8] + 4 A[6] B[8] + 59808224 A[4] B[4] B[8] - 79744300 B[5] B[8] - 44856168 A[7] B[5] B[8] - 59808224 A[4] B[6] B[8] - 27910507 B[7] B[8] - 83731517 A[4] B[7] B[8] - 29904114 A[6] B[7] B[8] - 2 A[7] B[7] B[8] + 14952056 A[4] B[8]  - 44856168 A[6] B[8]  - 11961652 B[9] - 145782551 A[4] B[9] - 119616448 A[6] B[9] - 2 A[7] B[9] + 59808224 A[4] B[4] B[9] - 79744300 B[5] B[9] - 44856168 A[7] B[5] B[9] + 59808224 A[4] B[6] B[9] + 3987213 B[7] B[9] - 89712341 A[4] B[7] B[9] - 89712340 A[6] B[7] B[9] - 89712338 A[7] B[7] B[9] - 44856168 A[4] B[8] B[9] - 44856168 A[6] B[8] B[9] - 59808224 A[4] B[9] } does not exist.

                                                                                                                                                                                               2                                                                                                                                                                                                                                                                                                                                                                                                                                                                                                                   2                                                                                                                                                2                                                           2
Part::partw: Part {1, 2, 3, 4, 5, 6, 7, 8, 9, 10, 11, 12, 13, 14, 15, 16, 17, 18} of {x1 - 11961652 x10 + 195498078 x11 + 129086082 x12 + 2 x1 x12 + 3987213 x10 x12 - 27910507 x11 x12 + 8 x12  + 45603792 x13 + 15948860 x12 x13 + 249200960 x14 - 79744300 x10 x14 - 79744300 x11 x14 + 95693160 x12 x14 + 79744300 x13 x14 + 3 x15 - 134568507 x16 + 59808226 x17 + 4 x12 x17 + 5 x18 + 2 x12 x18 - 138148580 x2 + 41316047 x3 + 140976532 x1 x3 - 2 x10 x3 + 10 x12 x3 - 89712338 x10 x12 x3 - 2 x11 x12 x3 + 2 x12 x13 x3 - 44856168 x10 x14 x3 - 44856168 x11 x14 x3 + 89712336 x12 x14 x3 - 2 x12 x16 x3 - 80558014 x2 x3 - 136811303 x4 - 119616448 x10 x4 + 4 x11 x4 - 44856168 x10 x11 x4 - 44856168 x11  x4 - 89712340 x10 x12 x4 - 29904114 x11 x12 x4 + 2 x12 x15 x4 - 49496461 x2 x5 - 89712338 x3 x5 - 65348488 x6 - 145782551 x10 x6 - 59808224 x10  x6 - 171948642 x11 x6 - 44856168 x10 x11 x6 + 14952056 x11  x6 - 263156181 x12 x6 - 89712341 x10 x12 x6 - 83731517 x11 x12 x6 - 59808222 x13 x6 + 59808224 x10 x13 x6 - 59808224 x11 x13 x6 + 3 x12 x13 x6 + 59808226 x15 x6 + 59808224 x10 x15 x6 + 59808224 x11 x15 x6 - 59808206 x12 x15 x6 - 59808224 x13 x15 x6 - x15 x17 x6 - 80558014 x2 x6 + 3 x3 x6 + 59808235 x7 + 179424672 x3 x7 + 51264198 x1 x8 - x2 x8 + 25632023 x9 - 2 x12 x16 x9 - 119616448 x3 x9} does not exist.

General::stop: Further output of Part::partw will be suppressed during this calculation.
                     SINGULAR                                 /  Development
 A Computer Algebra System for Polynomial Computations       /   version 4.3.2
                                                           0<
 by: W. Decker, G.-M. Greuel, G. Pfister, H. Schoenemann     \   Feb 2023
FB Mathematik der Universitaet, D-67653 Kaiserslautern        \  Debian 1:4.3.2-p10+ds-1.1build1
// ** loaded /usr/bin/../share/singular/LIB/primdec.lib (4.3.2.9,Oct_2023)
// ** loaded /usr/bin/../share/singular/LIB/ring.lib (4.3.1.3,Feb_2023)
// ** loaded /usr/bin/../share/singular/LIB/absfact.lib (4.1.2.0,Feb_2019)
// ** loaded /usr/bin/../share/singular/LIB/triang.lib (4.1.2.0,Feb_2019)
// ** loaded /usr/bin/../share/singular/LIB/matrix.lib (4.3.2.3,Aug_2023)
// ** loaded /usr/bin/../share/singular/LIB/nctools.lib (4.1.2.0,Feb_2019)
// ** loaded /usr/bin/../share/singular/LIB/inout.lib (4.1.2.0,Feb_2019)
// ** loaded /usr/bin/../share/singular/LIB/random.lib (4.1.2.0,Feb_2019)
// ** loaded /usr/bin/../share/singular/LIB/polylib.lib (4.2.0.0,Dec_2020)
// ** loaded /usr/bin/../share/singular/LIB/elim.lib (4.3.2.5,Jul_2023)
// ** loaded /usr/bin/../share/singular/LIB/general.lib (4.1.2.0,Feb_2019)
   ? `LIECoreAlgebra` is undefined
   ? error occurred in or before STDIN line 5: `3, x2, x1, Modulus -> 179424673, MonomialOrder -> lp, SingularTimeout -> 240];`
   ? expected ideal-expression. type 'help ideal;'
   ? `I` is not defined
   ? error occurred in or before STDIN line 7: `ideal gb = std(I);`
   ? expected ideal-expression. type 'help ideal;'
   ? `gb` is not defined
   ? error occurred in or before STDIN line 8: `ideal kb = kbase(gb);`
   ? expected ideal-expression. type 'help ideal;'
   ? `gb` is not defined
   ? error occurred in or before STDIN line 9: `int vd = vdim(gb);`
   ? expected int-expression. type 'help int;'
   ? `gb` is not defined
   ? error occurred in or before STDIN line 11: `string gbs = string(gb[1]);`
   ? expected string-expression. type 'help string;'
   ? `gb` is not defined
   ? error occurred in or before STDIN line 11: `forif (!( j <= size(gb))) break;`
   ? `kb` is not defined
   ? error occurred in or before STDIN line 14: `string kbs = string(kb[1]);`
   ? expected string-expression. type 'help string;'
// ** redefining j (int j = 2;)
   ? `kb` is not defined
   ? error occurred in or before STDIN line 14: `forif (!( j <= size(kb))) break;`
   ? `vd` is not defined
   ? error occurred in or before STDIN line 18: `forif (!( a <= vd)) break;`
Auf Wiedersehen.

First::normal: Nonatomic expression expected at position 1 in First[KeyAbsent].

First::normal: Nonatomic expression expected at position 1 in First[False].
assembleCoordinateRing: Solve returned empty for prime LIECoreAlgebra`Private`SingularGroebnerBasisDefault[{25632023*A[1] + 59808235*A[3] - 65348488*A[4] - 136811303*A[6] + 41316047*A[7] - 119616448*A[1]*A[7] + 179424672*A[3]*A[7] + 3*A[4]*A[7] - 89712338*A[5]*A[7] - 138148580*A[8] - A[2]*A[8] - 80558014*A[4]*A[8] - 49496461*A[5]*A[8] - 80558014*A[7]*A[8] + A[9] + 51264198*A[2]*A[9] + 140976532*A[7]*A[9] + 5*B[1] + 59808226*B[2] - 134568507*B[3] + 3*B[4] + 59808226*A[4]*B[4] - A[4]*B[2]*B[4] + 249200960*B[5] + 45603792*B[6] - 59808222*A[4]*B[6] - 59808224*A[4]*B[4]*B[6] + 79744300*B[5]*B[6] + 129086082*B[7] - 263156181*A[4]*B[7] + 10*A[7]*B[7] + 2*A[9]*B[7] + 2*B[1]*B[7] + 4*B[2]*B[7] - 2*A[1]*B[3]*B[7] - 2*A[7]*B[3]*B[7] - 59808206*A[4]*B[4]*B[7] + 2*A[6]*B[4]*B[7] + 95693160*B[5]*B[7] + 89712336*A[7]*B[5]*B[7] + 15948860*B[6]*B[7] + 3*A[4]*B[6]*B[7] + 2*A[7]*B[6]*B[7] + 8*B[7]^2 + 195498078*B[8] - 171948642*A[4]*B[8] + 4*A[6]*B[8] + 59808224*A[4]*B[4]*B[8] - 79744300*B[5]*B[8] - 44856168*A[7]*B[5]*B[8] - 59808224*A[4]*B[6]*B[8] - 27910507*B[7]*B[8] - 83731517*A[4]*B[7]*B[8] - 29904114*A[6]*B[7]*B[8] - 2*A[7]*B[7]*B[8] + 14952056*A[4]*B[8]^2 - 44856168*A[6]*B[8]^2 - 11961652*B[9] - 145782551*A[4]*B[9] - 119616448*A[6]*B[9] - 2*A[7]*B[9] + 59808224*A[4]*B[4]*B[9] - 79744300*B[5]*B[9] - 44856168*A[7]*B[5]*B[9] + 59808224*A[4]*B[6]*B[9] + 3987213*B[7]*B[9] - 89712341*A[4]*B[7]*B[9] - 89712340*A[6]*B[7]*B[9] - 89712338*A[7]*B[7]*B[9] - 44856168*A[4]*B[8]*B[9] - 44856168*A[6]*B[8]*B[9] - 59808224*A[4]*B[9]^2}[[{1, 2, 3, 4, 5, 6, 7, 8, 9, 10, 11, 12, 13, 14, 15, 16, 17, 18}]], {B[1], B[2], B[3], B[4], B[5], B[6], B[7], B[8], B[9], A[1], A[2], A[3], A[4], A[5], A[6], A[7], A[8], A[9]}, Modulus -> 179424673, MonomialOrder -> lp, SingularTimeout -> 240] varpar=False, mmaGb={}

SparseArray::list: List expected at position 1 in SparseArray[A[4] Missing[KeyAbsent, {}]].

SparseArray::list: List expected at position 1 in SparseArray[179424672 A[4] Missing[KeyAbsent, {}]].

SparseArray::list: List expected at position 1 in SparseArray[5 A[7] Missing[KeyAbsent, {}]].

General::stop: Further output of SparseArray::list will be suppressed during this calculation.

SparseArray::rect: List of rules or non-empty rectangular array expected at position 1 in SparseArray[{{{}, {}, {}, {}, {}, {}, {}, {}, {}}, {{}, {}, {}, SparseArray[A[4] Missing[KeyAbsent, {}]], {}, {}, {}, {}, {}}, {{}, {}, {}, SparseArray[179424672 A[4] Missing[KeyAbsent, {}]], {}, {}, SparseArray[5 A[7] Missing[KeyAbsent, {}]], {}, {}}, {{}, {}, {}, {}, SparseArray[A[5] Missing[KeyAbsent, {}]], {}, SparseArray[179424668 A[7] Missing[KeyAbsent, {}]], {}, {}}, {{}, {}, {}, SparseArray[6 A[4] Missing[KeyAbsent, {}]], {}, {}, {}, {}, {}}, {{}, {}, {}, {}, {}, {}, {}, {}, {}}, {{}, {}, {}, {}, {}, {}, {}, {}, {}}, {{}, {}, {}, {}, {}, {}, SparseArray[179424668 A[7] Missing[KeyAbsent, {}]], {}, {}}, {{}, {}, {}, {}, SparseArray[179424672 A[5] Missing[KeyAbsent, {}]], {}, SparseArray[5 A[7] Missing[KeyAbsent, {}]], {}, {}}, {SparseArray[5 A[1] Missing[KeyAbsent, {}]], {}, {}, {}, {}, {}, {}, {}, {}}}].

SparseArray::rect: List of rules or non-empty rectangular array expected at position 1 in SparseArray[{{{}, {}, {}, SparseArray[179424672 Missing[KeyAbsent, {}]], SparseArray[179424672 Missing[KeyAbsent, {}]], SparseArray[179424671 Missing[KeyAbsent, {}]], {}, SparseArray[179424672 Missing[KeyAbsent, {}]], SparseArray[179424672 Missing[KeyAbsent, {}]]}, {{}, SparseArray[Missing[KeyAbsent, {}] + A[2] Missing[KeyAbsent, {}]], {}, SparseArray[179424672 Missing[KeyAbsent, {}] + A[4] Missing[KeyAbsent, {}]], SparseArray[Missing[KeyAbsent, {}]], SparseArray[179424672 Missing[KeyAbsent, {}]], SparseArray[Missing[KeyAbsent, {}]], {}, SparseArray[179424672 Missing[KeyAbsent, {}]]}, {{}, SparseArray[179424672 A[2] Missing[KeyAbsent, {}]], {}, SparseArray[179424672 A[4] Missing[KeyAbsent, {}]], {}, SparseArray[Missing[KeyAbsent, {}]], SparseArray[5 A[7] Missing[KeyAbsent, {}]], SparseArray[179424672 Missing[KeyAbsent, {}]], SparseArray[5 A[9] Missing[KeyAbsent, {}]]}, {{}, SparseArray[Missing[KeyAbsent, {}]], {}, SparseArray[Missing[KeyAbsent, {}]], SparseArray[179424672 Missing[KeyAbsent, {}] + A[5] Missing[KeyAbsent, {}]], SparseArray[179424672 Missing[KeyAbsent, {}]], SparseArray[179424668 A[7] Missing[KeyAbsent, {}]], SparseArray[A[8] Missing[KeyAbsent, {}]], SparseArray[179424667 A[9] Missing[KeyAbsent, {}]]}, {{}, SparseArray[A[2] Missing[KeyAbsent, {}]], {}, SparseArray[6 A[4] Missing[KeyAbsent, {}]], SparseArray[Missing[KeyAbsent, {}]], SparseArray[Missing[KeyAbsent, {}]], SparseArray[179424672 Missing[KeyAbsent, {}]], SparseArray[5 A[8] Missing[KeyAbsent, {}]], SparseArray[179424672 Missing[KeyAbsent, {}]]}, {{}, {}, SparseArray[179424672 Missing[KeyAbsent, {}]], {}, SparseArray[Missing[KeyAbsent, {}]], {}, {}, {}, {}}, {SparseArray[179424672 Missing[KeyAbsent, {}]], SparseArray[179424672 Missing[KeyAbsent, {}] + 179424672 A[2] Missing[KeyAbsent, {}]], SparseArray[179424671 Missing[KeyAbsent, {}]], {}, SparseArray[179424672 Missing[KeyAbsent, {}]], {}, SparseArray[179424672 Missing[KeyAbsent, {}]], {}, {}}, {SparseArray[179424672 Missing[KeyAbsent, {}]], SparseArray[A[2] Missing[KeyAbsent, {}]], SparseArray[Missing[KeyAbsent, {}]], {}, {}, {}, SparseArray[179424668 A[7] Missing[KeyAbsent, {}]], {}, {}}, {SparseArray[Missing[KeyAbsent, {}]], SparseArray[179424672 Missing[KeyAbsent, {}]], SparseArray[179424672 Missing[KeyAbsent, {}] + 179424672 A[3] Missing[KeyAbsent, {}]], {}, SparseArray[Missing[KeyAbsent, {}] + 179424672 A[5] Missing[KeyAbsent, {}]], {}, SparseArray[5 A[7] Missing[KeyAbsent, {}]], {}, {}}, {SparseArray[5 A[1] Missing[KeyAbsent, {}]], SparseArray[179424672 A[2] Missing[KeyAbsent, {}]], {}, {}, SparseArray[179424672 Missing[KeyAbsent, {}]], {}, SparseArray[Missing[KeyAbsent, {}]], {}, {}}}].

SparseArray::rect: List of rules or non-empty rectangular array expected at position 1 in SparseArray[{{{}, {}, {}, {}, {}, {}, {}, {}, {}}, {{}, SparseArray[A[2] Missing[KeyAbsent, {}]], {}, SparseArray[A[4] Missing[KeyAbsent, {}]], {}, {}, {}, {}, {}}, {{}, SparseArray[179424672 A[2] Missing[KeyAbsent, {}]], {}, SparseArray[179424672 A[4] Missing[KeyAbsent, {}]], {}, {}, SparseArray[5 A[7] Missing[KeyAbsent, {}]], {}, SparseArray[5 A[9] Missing[KeyAbsent, {}]]}, {{}, {}, {}, {}, SparseArray[A[5] Missing[KeyAbsent, {}]], {}, SparseArray[179424668 A[7] Missing[KeyAbsent, {}]], SparseArray[A[8] Missing[KeyAbsent, {}]], SparseArray[179424667 A[9] Missing[KeyAbsent, {}]]}, {{}, SparseArray[A[2] Missing[KeyAbsent, {}]], {}, SparseArray[6 A[4] Missing[KeyAbsent, {}]], {}, {}, {}, SparseArray[5 A[8] Missing[KeyAbsent, {}]], {}}, {{}, {}, {}, {}, {}, {}, {}, {}, {}}, {{}, SparseArray[179424672 A[2] Missing[KeyAbsent, {}]], {}, {}, {}, {}, {}, {}, {}}, {{}, SparseArray[A[2] Missing[KeyAbsent, {}]], {}, {}, {}, {}, SparseArray[179424668 A[7] Missing[KeyAbsent, {}]], {}, {}}, {{}, {}, SparseArray[179424672 A[3] Missing[KeyAbsent, {}]], {}, SparseArray[179424672 A[5] Missing[KeyAbsent, {}]], {}, SparseArray[5 A[7] Missing[KeyAbsent, {}]], {}, {}}, {SparseArray[5 A[1] Missing[KeyAbsent, {}]], SparseArray[179424672 A[2] Missing[KeyAbsent, {}]], {}, {}, {}, {}, {}, {}, {}}}].

General::stop: Further output of SparseArray::rect will be suppressed during this calculation.
  >> 1 region(s): expReg=2.6390000000000002s  build=0.184s
  [sector total: 2.837s]
#Non-triv Sectors = 1

[SECTOR_RESULT] key=100110100 tier=Quick state=done time=2.83947 regions=1
