
      +++  sector:  {1, 0, 0, 0, 1, 1, 1, 0, 0}  (1/1)  +++ 
                     SINGULAR                                 /  Development
 A Computer Algebra System for Polynomial Computations       /   version 4.3.2
                                                           0<
 by: W. Decker, G.-M. Greuel, G. Pfister, H. Schoenemann     \   Feb 2023
FB Mathematik der Universitaet, D-67653 Kaiserslautern        \  Debian 1:4.3.2-p10+ds-1.1build1
compute hilbert series with std in ring (ZZ/179424673),(x18,x17,x16,x15,x14,x13,x12,x11,x10,x9,x8,x7,x6,x5,x4,x3,x2,x1,@),(dp(19),C)
weights used for hilbert series: 1,1,1,1,1,1,1,1,1,1,1,1,1,1,1,1,1,1,1
[65535:5]2(18)s(17)s(16)s(15)s(14)s(13)s(12)s(11)s(10)s(9)s(10)s(12)s(14)s(15)s(19)s(22)s(25)s(29)s(31)s3(36)s(39)s(44)s(48)s(52)s(58)s(64)s(72)s(78)s(85)s(91)s(99)s(103)s(109)s(116)s(121)s(129)s(138)-s(147)s(156)s(164)s(171)s(179)s(189)s(198)s(202)s(207)s(214)s(220)s(225)s(232)s(243)s(251)-s(259)s(266)s4(272)s(283)s(294)s(305)s(316)-s(327)s(340)-s(348)--s(358)--------s(361)s(374)---------------s(372)s(386)s(399)---s(411)-----------(400)---------------s(401)-(400)--s(415)-------------s(412)s(422)---s(426)---s(433)s(445)---s(454)--s(462)s(480)s(488)s(496)--s(504)s(515)s(527)-s(536)s(550)--s(556)-------s(560)----------------s(553)-s(566)s(576)---s(583)----------s(584)------------s(582)-------s(586)------s(592)-----------s(593)s(604)----(600)------------------------------------------5-s(572)----s(583)----s(595)-------------s(598)-s(613)-------------(600)--------------------------------------------------------------------------------------s(528)s(544)-----s(554)s(570)---------------------------------------------s(540)s(554)------------------------------------------------------(500)-----------s(505)s(522)----------------------(500)-----------------------------------------------------------------------------s(434)-------s(436)-s(450)----------------s(444)s(455)---s(466)-s(474)---s(481)------------------------------------------------------s(438)---s(448)--s(460)--------------------s(449)-----------------------------------------s(420)--------------------(400)---6-------------------------------------------------------------------------------------------------(300)----------------------------------------------------------------------------------------------------(200)----------------------------------------------------------------------------------------------------(100)-s(113)-------------(100)----------------s(96)-------------------------------------------------------------------7-----------------------------
product criterion:3261 chain criterion:3238
std with hilb in (ZZ/179424673),(x18,x17,x16,x15,x14,x13,x12,x11,x10,x9,x8,x7,x6,x5,x4,x3,x2,x1,@),(lp(18),dp(1),C)
[65535:5]2(124)s(123)s(122)s(121)s(120)s(119)s(120)s(121)s(120)s(119)s(118)ss(120)s(121)s(122)s(125)s(128)s(132)s(136)s3(142)s(146)s(152)s(159)s(166)s(174)s(176)s(181)s(187)s(194)s(201)s(203)s(212)s(217)s(224)s(231)s(240)s(247)s(253)s(261)s(270)s(282)s(290)s(301)s(308)s(316)s(328)s(331)s(337)-s(348)s(356)s(366)s(374)-s(379)s(387)shhhhhhhhhhhhhhhhhhhhhhhhhhhhhhhhhhh4(357)s(366)s(376)s(386)s(396)s(407)s(418)-s(428)s(444)s(455)s(466)s(476)s(485)s(496)s(506)s(518)--s(528)-s(540)s(554)s(564)-s(573)-s(583)s(597)--s(609)-s(620)---s(628)----------------------------(600)-s(614)-------------s(612)s(623)------------s--s(637)-------s(641)s(653)s(661)s(669)s(688)s(698)s(710)--------s(719)-----------s(716)----------------(700)---------s(702)--(700)--s(709)---------(700)-------shhhhhhhhhhhhhhhhhhhhhhhhhhhhhhhhhhhhhhhhhhhhhhhhhhhhhhhhhhhhhhhhhhhhhhhhhhhhhhhhhhhhhhhhhhhhhhhhhhhhhhhhhhhhhhhhhhhh5(589)s(604)----(600)---------s(604)----(600)-------s(608)-------s(616)s(631)s(647)------------s(651)s(667)----s(679)s(693)-s(707)-------(700)-s(715)-------s(725)s(741)----s(748)------------------------------------------------(700)----s(708)--s(717)-s(728)----------------------------(700)------------------------------------------------------------------------s(638)--------------------------------------(600)-------------------------------------------------------s(556)------------s(555)----s(563)--s(574)-----s(580)-s(594)-------------s(593)---------shhhhhhhhhhhhhhhhhhhhhhhhhhhhhhhhhhhhhhhhhhhhhhhhhhhhhhhhhhhhhhhhhhhhhhhhhhhhhhhhhhhhhhhhhhhhhhhhhhhhhhhhhhhhhhhhhhhhhhhhhhhhhhhhhhhhhhhhhhhhhhhhhhhhhhhhhhhhhhhhhhhhhhhhhhhhhhhh6(421)---------------------(400)------------------------------------------------------------------------------------------------s(316)----------------(300)-----------------------------------s(277)---s(287)---------------------------------------------------------------------------------------(200)----------------------------------------------------------------------------------------------------(100)---------------------------shhhhhhhhhhhhhhhhhhhhhhhhhhhhhhhhhhhhhhhhhhhhhhhhhhhhhhhhhhhhhhhhhhhhhhhhhhhhhhhhhhhhhhhh
product criterion:3302 chain criterion:3394
hilbert series criterion:415
dehomogenization
simplification
imap to ring (ZZ/179424673),(x18,x17,x16,x15,x14,x13,x12,x11,x10,x9,x8,x7,x6,x5,x4,x3,x2,x1),(lp(18),C)
Auf Wiedersehen.
                     SINGULAR                                 /  Development
 A Computer Algebra System for Polynomial Computations       /   version 4.3.2
                                                           0<
 by: W. Decker, G.-M. Greuel, G. Pfister, H. Schoenemann     \   Feb 2023
FB Mathematik der Universitaet, D-67653 Kaiserslautern        \  Debian 1:4.3.2-p10+ds-1.1build1
// ** loaded /usr/bin/../share/singular/LIB/primdec.lib (4.3.2.9,Oct_2023)
// ** loaded /usr/bin/../share/singular/LIB/ring.lib (4.3.1.3,Feb_2023)
// ** loaded /usr/bin/../share/singular/LIB/absfact.lib (4.1.2.0,Feb_2019)
// ** loaded /usr/bin/../share/singular/LIB/triang.lib (4.1.2.0,Feb_2019)
// ** loaded /usr/bin/../share/singular/LIB/matrix.lib (4.3.2.3,Aug_2023)
// ** loaded /usr/bin/../share/singular/LIB/nctools.lib (4.1.2.0,Feb_2019)
// ** loaded /usr/bin/../share/singular/LIB/inout.lib (4.1.2.0,Feb_2019)
// ** loaded /usr/bin/../share/singular/LIB/random.lib (4.1.2.0,Feb_2019)
// ** loaded /usr/bin/../share/singular/LIB/polylib.lib (4.2.0.0,Dec_2020)
// ** loaded /usr/bin/../share/singular/LIB/elim.lib (4.3.2.5,Jul_2023)
// ** loaded /usr/bin/../share/singular/LIB/general.lib (4.1.2.0,Feb_2019)
map with cache
map with cache
map with cache
map with cache
map with cache
map with cache
map with cache
map with cache
map with cache
map with cache
map with cache
map with cache
map with cache
map with cache
map with cache
map with cache
map with cache
map with cache
std in (ZZ/179424673),(x18,x17,x16,x15,x14,x13,x12,x11,x10,x9,x8,x7,x6,x5,x4,x3,x2,x1),(dp(18),C)
[65535:5]1(17)s(16)s(15)s(14)s(13)s(12)s(11)s(10)s(9)s(8)s(7)s(6)s(5)s(4)s(3)s(2)sss
(S:17)-----------------
product criterion:153 chain criterion:0
[65535:5]1(17)s(16)s(15)s(14)s(13)s(12)s(11)[SECTOR_RESULT] key=100011100 tier=Quick state=trivial time=1.238111 regions=0
ion:153 chain criterion:0
map is a permutation
[65535:6]1(18)s(17)s(16)s(15)s(14)s(13)s(12)s(11)s(10)s(9)s(8)s(7)s(6)s(5)s(4)s(3)s(2)sss
(S:18)------------------
product criterion:171 chain criterion:0
[65535:5]1(17)s(16)s(15)s(14)s(13)s(12)s(11)s(10)s(9)s(8)s(7)s(6)s(5)s(4)s(3)s(2)sss
(S:17)-----------------
product criterion:153 chain criterion:0
{1}[65535:7]1(17)s(16)s(15)s(14)s(13)s(12)s(11)s(10)s(9)s(8)s(7)s(6)s(5)s(4)s(3)s(2)sss
(S:18)-------------------
product criterion:0 chain criterion:0
(S:18)rrrrrrrrrrrrrrrrrr
[65535:5]1(17)s(16)s(15)s(14)s(13)s(12)s(11)s(10)s(9)s(8)s(7)s(6)s(5)s(4)s(3)s(2)sss
(S:17)-----------------
product criterion:153 chain criterion:0
intersect by elimination method
[65535:7]1(18)s2(17)s(16)s(15)s(14)s(13)s(12)s(11)s(10)s(9)s(8)s(7)s(6)s(5)s(4)s(3)s(2)sss
(S:18)------------------
product criterion:171 chain criterion:0
map is a permutation
[65535:6]1(18)s(17)s(16)s(15)s(14)s(13)s(12)s(11)s(10)s(9)s(8)s(7)s(6)s(5)s(4)s(3)s(2)ss2s
(S:0)
product criterion:171 chain criterion:0
map is a permutation
[65535:6]1(18)s(17)s(16)s(15)s(14)s(13)s(12)s(11)s(10)s(9)s(8)s(7)s(6)s(5)s(4)s(3)s(2)ss2s
(S:0)
product criterion:171 chain criterion:0
map is a permutation
[65535:6]1(18)s(17)s(16)s(15)s(14)s(13)s(12)s(11)s(10)s(9)s(8)s(7)s(6)s(5)s(4)s(3)s(2)ss2s
(S:0)
product criterion:171 chain criterion:0
map is a permutation
[65535:6]1(18)s(17)s(16)s(15)s(14)s(13)s(12)s(11)s(10)s(9)s(8)s(7)s(6)s(5)s(4)s(3)s(2)ss2s
(S:0)
product criterion:171 chain criterion:0
map is a permutation
[65535:6]1(18)s(17)s(16)s(15)s(14)s(13)s(12)s(11)s(10)s(9)s(8)s(7)s(6)s(5)s(4)s(3)s(2)ss2s
(S:0)
product criterion:171 chain criterion:0
map is a permutation
[65535:6]1(18)s(17)s(16)s(15)s(14)s(13)s(12)s(11)s(10)s(9)s(8)s(7)s(6)s(5)s(4)s(3)s(2)ss2s
(S:0)
product criterion:171 chain criterion:0
map is a permutation
[65535:6]1(18)s(17)s(16)s(15)s(14)s(13)s(12)s(11)s(10)s(9)s(8)s(7)s(6)s(5)s(4)s(3)s(2)ss2s
(S:0)
product criterion:171 chain criterion:0
map is a permutation
[65535:6]1(18)s(17)s(16)s(15)s(14)s(13)s(12)s(11)s(10)s(9)s(8)s(7)s(6)s(5)s(4)s(3)s(2)ss2s
(S:0)
product criterion:171 chain criterion:0
map is a permutation
[65535:6]1(18)s(17)s(16)s(15)s(14)s(13)s(12)s(11)s(10)s(9)s(8)s(7)s(6)s(5)s(4)s(3)s(2)ss2s
(S:0)
product criterion:171 chain criterion:0
map is a permutation
[65535:6]1(18)s(17)s(16)s(15)s(14)s(13)s(12)s(11)s(10)s(9)s(8)s(7)s(6)s(5)s(4)s(3)s(2)ss2s
(S:0)
product criterion:171 chain criterion:0
map is a permutation
[65535:6]1(18)s(17)s(16)s(15)s(14)s(13)s(12)s(11)s(10)s(9)s(8)s(7)s(6)s(5)s(4)s(3)s(2)ss2s
(S:0)
product criterion:171 chain criterion:0
map is a permutation
[65535:6]1(18)s(17)s(16)s(15)s(14)s(13)s(12)s(11)s(10)s(9)s(8)s(7)s(6)s(5)s(4)s(3)s(2)ss2s
(S:0)
product criterion:171 chain criterion:0
map is a permutation
[65535:6]1(18)s(17)s(16)s(15)s(14)s(13)s(12)s(11)s(10)s(9)s(8)s(7)s(6)s(5)s(4)s(3)s(2)ss2s
(S:0)
product criterion:171 chain criterion:0
map is a permutation
[65535:6]1(18)s(17)s(16)s(15)s(14)s(13)s(12)s(11)s(10)s(9)s(8)s(7)s(6)s(5)s(4)s(3)s(2)ss2s
(S:0)
product criterion:171 chain criterion:0
map is a permutation
[65535:6]1(18)s(17)s(16)s(15)s(14)s(13)s(12)s(11)s(10)s(9)s(8)s(7)s(6)s(5)s(4)s(3)s(2)ss2s
(S:0)
product criterion:171 chain criterion:0
map is a permutation
[65535:6]1(18)s(17)s(16)s(15)s(14)s(13)s(12)s(11)s(10)s(9)s(8)s(7)s(6)s(5)s(4)s(3)s(2)ss2s
(S:0)
product criterion:171 chain criterion:0
map is a permutation
[65535:6]1(18)s(17)s(16)s(15)s(14)s(13)s(12)s(11)s(10)s(9)s(8)s(7)s(6)s(5)s(4)s(3)s(2)ss2s
(S:0)
product criterion:171 chain criterion:0
map is a permutation
[65535:6]1(18)s(17)s(16)s(15)s(14)s(13)s(12)s(11)s(10)s(9)s(8)s(7)s(6)s(5)s(4)s(3)s(2)ss2s
(S:0)
product criterion:171 chain criterion:0
[65535:5]1(17)s(16)s(15)s(14)s(13)s(12)s(11)s(10)s(9)s(8)s(7)s(6)s(5)s(4)s(3)s(2)sss
(S:17)-----------------
product criterion:153 chain criterion:0
// ** _ is no standard basis
Auf Wiedersehen.

StringJoin::string: String expected at position 2 in {<>18<>1<>}.

StringJoin::string: String expected at position 3 in {<>18<>1<>}.

StringReplace::strse: String or list of strings expected at position 1 in StringReplace[{<>18<>1<>}, {gen(1) -> "e1", x18 -> "B"[1], x17 -> "B"[2], x16 -> "B"[3], x15 -> "B"[4], x14 -> "B"[5], x13 -> "B"[6], x12 -> "B"[7], x11 -> "B"[8], x10 -> "B"[9], x9 -> "A"[1], x8 -> "A"[2], x7 -> "A"[3], x6 -> "A"[4], x5 -> "A"[5], x4 -> "A"[6], x3 -> "A"[7], x2 -> "A"[8], x1 -> "A"[9]}].

ToExpression::notstrbox: StringReplace[{<>18<>1<>}, {gen(1) -> "e1", x18 -> "B"[1], x17 -> "B"[2], x16 -> "B"[3], x15 -> "B"[4], x14 -> "B"[5], x13 -> "B"[6], x12 -> "B"[7], x11 -> "B"[8], x10 -> "B"[9], x9 -> "A"[1], x8 -> "A"[2], x7 -> "A"[3], x6 -> "A"[4], x5 -> "A"[5], x4 -> "A"[6], x3 -> "A"[7], x2 -> "A"[8], x1 -> "A"[9]}] is not a string or a box. ToExpression can only interpret strings or boxes as Wolfram Language input.

StringJoin::string: String expected at position 2 in {<>0<>(-1)<>}.

General::stop: Further output of StringJoin::string will be suppressed during this calculation.

StringReplace::strse: String or list of strings expected at position 1 in StringReplace[{<>0<>(-1)<>}, {gen(1) -> "e1", x18 -> "B"[1], x17 -> "B"[2], x16 -> "B"[3], x15 -> "B"[4], x14 -> "B"[5], x13 -> "B"[6], x12 -> "B"[7], x11 -> "B"[8], x10 -> "B"[9], x9 -> "A"[1], x8 -> "A"[2], x7 -> "A"[3], x6 -> "A"[4], x5 -> "A"[5], x4 -> "A"[6], x3 -> "A"[7], x2 -> "A"[8], x1 -> "A"[9]}].

ToExpression::notstrbox: StringReplace[{<>0<>(-1)<>}, {gen(1) -> "e1", x18 -> "B"[1], x17 -> "B"[2], x16 -> "B"[3], x15 -> "B"[4], x14 -> "B"[5], x13 -> "B"[6], x12 -> "B"[7], x11 -> "B"[8], x10 -> "B"[9], x9 -> "A"[1], x8 -> "A"[2], x7 -> "A"[3], x6 -> "A"[4], x5 -> "A"[5], x4 -> "A"[6], x3 -> "A"[7], x2 -> "A"[8], x1 -> "A"[9]}] is not a string or a box. ToExpression can only interpret strings or boxes as Wolfram Language input.
  >> 0 regions (all trivial): expReg=1.391s
  [sector total: 1.405s]
#Non-triv Sectors = 0

[SECTOR_RESULT] key=100011100 tier=Quick state=trivial time=1.406622 regions=0
