
      +++  sector:  {1, 1, 1, 0, 1, 1, 0, 0, 0}  (1/1)  +++ 
                     SINGULAR                                 /  Development
 A Computer Algebra System for Polynomial Computations       /   version 4.3.2
                                                           0<
 by: W. Decker, G.-M. Greuel, G. Pfister, H. Schoenemann     \   Feb 2023
FB Mathematik der Universitaet, D-67653 Kaiserslautern        \  Debian 1:4.3.2-p10+ds-1.1build1
compute hilbert series with std in ring (ZZ/179424673),(x18,x17,x16,x15,x14,x13,x12,x11,x10,x9,x8,x7,x6,x5,x4,x3,x2,x1,@),(dp(19),C)
weights used for hilbert series: 1,1,1,1,1,1,1,1,1,1,1,1,1,1,1,1,1,1,1
[65535:5]2(18)s(17)s(16)s(15)s(14)s(13)s(12)s(11)s(10)s(9)s(10)s(12)s(15)s(17)s(20)s(24)s(27)s(29)s(30)s3(35)s(39)s(45)s(51)s(56)s(60)s(67)s(75)s(80)s(86)s(93)s(100)s(108)s(116)s(125)s(133)-s(142)s(148)s(154)s(162)s(171)s(182)s(189)s(196)s(202)s(209)s(214)s(222)s(230)s(235)s(241)s(246)s(254)s(261)s(266)s4(274)s(287)s(295)s(302)s(312)s(319)s(329)s(337)s(347)s(358)s(366)s(376)-s(384)--s(395)--s(403)-s(413)--------s(417)-s(427)s(437)s(446)-s(456)s(465)s(474)s(485)s(496)-s(505)----s(512)s(525)s(536)s(548)s(560)s(569)s(580)-s(590)-s(600)s(610)---s(617)s(627)s(636)s(647)s(658)s(666)s(676)s(688)s(697)s(704)s(715)-s(722)-s(732)s(740)----s(746)s(757)s(766)s(778)s(790)--------s(795)s(806)s(815)s(827)s(837)s(851)s(862)s(872)s(884)s(894)-s(906)------(900)s(912)------s(917)------s(922)-----------s(923)s(935)-s(945)-s(953)s(966)-s(979)s(992)s(1005)s(1019)-s(1034)s(1048)s(1059)s(1074)s(1090)-s(1104)----(1100)---------s(1102)s(1111)s(1122)s(1131)s(1139)------s(1143)-s(1151)---------------------------------------------------(1100)-------5-s(1104)-s(1116)-s(1129)s(1142)-s(1156)s(1170)s(1184)-s(1199)-------------------------s(1189)-------------------------s(1181)--------------------------------------------------------------------------s(1119)----s(1128)-------s(1135)s(1148)s(1161)---s(1173)--s(1186)s(1200)-------s(1208)--------(1200)--------s(1207)s(1221)s(1237)s(1252)---------------------s(1248)------s(1255)-------------------------------------------------------(1200)--------------------------------------------------------------s(1151)s(1167)-------------------------------------------------------------------(1100)------s(1108)--------(1100)----------------------------------------------------------------------------------------------------(1000)----------------------------------------------------------------------------------------------------(900)-------------------------------------s(875)s(887)s(900)----------s(903)s(917)s(929)s(943)s(955)------------------------------------s(932)--------------------------------(900)-----s(909)---------(900)--s(911)-----------(900)-s(911)-----------(900)-----------------------------s(885)s(901)-(900)-s(914)s(926)s(937)s(950)s(963)-s(976)s(990)s(1002)s(1017)s(1032)-------s(1037)-----s(1047)-s(1056)----------s(1057)------------------------------------------------------s(1014)---------s(1016)----------------(1000)--------s(1003)---(1000)--------------------------------------------------------------------------------s(931)-----------------------6-------s(917)-----------------(900)----------------------------------------------------------------------------------------------------(800)----------------------------------------------------------------------------------------------------(700)---------------------------------------------s(669)-s(683)---s(697)---------s(703)---(700)---------------------s(693)----s(704)----(700)---------------------------------------s(676)------s(684)------------------------------------------------------------------------------------(600)----------------------------------------------------------------------------------------------------(500)--------------------------------------------------------------------s(445)--------------s(444)------------s(446)-------------------------------------s(421)---------------------(400)-------------------------------s(382)---s(391)-----------------------------------s(369)-s(382)-----------s--------------s(381)------------------s(377)---------------------------------------s(350)--------------------------------7------------------(300)---------------------------------------------------------------------s(247)----------------------------------------s(221)---------------------(200)----------------------------------------------------------------------------------------------------(100)----------------------------------s(80)---------------------------------8-----------------------------------------------
product criterion:8243 chain criterion:15034
std with hilb in (ZZ/179424673),(x18,x17,x16,x15,x14,x13,x12,x11,x10,x9,x8,x7,x6,x5,x4,x3,x2,x1,@),(lp(18),dp(1),C)
[65535:5]2(227)s(226)s(225)s(224)s(223)s(222)s(221)ss(222)s(224)s(223)ss(225)ss(226)s(230)s(233)s(235)s(241)s3(243)s(247)s(253)s(258)s(264)s(270)s(275)s(278)s(284)s(291)s(299)s(305)s(312)s(321)s(329)s(335)s(340)s(344)s(351)s(359)s(369)s(376)s(383)s(390)s(398)s(405)s(410)s(420)-s(428)s(437)s(445)s(453)s(460)s(467)shhhhhhhhhhhhhhhhhhhhhhhhhhhhhhhhhhh4(441)s(449)s(459)s(470)s(479)s(494)s(505)s(515)s(525)s(534)s(541)s(553)s(565)s(572)s(578)s(588)s(596)s(607)s(617)s(625)s(639)-s(647)-s(653)s(662)-s(670)s(678)s(686)s(695)s(705)-s(714)-s(724)--s(732)s(743)-s(752)s(767)-s(778)s(790)-s(801)s(811)s(824)s(836)s(845)-------------s(843)--s(853)s(866)s(876)-s(883)-s(892)-s(900)s(911)s(922)s(931)s(943)s(955)s(965)s(976)--s(982)s(994)s(1005)-s(1016)---s(1024)s(1036)-s(1048)---s(1059)s(1072)s(1084)----------s(1089)--s(1103)---(1100)--s(1106)s(1119)-----s(1127)--s(1140)s(1155)s(1168)-----s(1174)------s(1180)---s(1185)-------s(1192)-s(1205)-----(1200)s(1213)---s(1224)------------s(1228)----------------s(1223)shhhhhhhhhhhhhhhhhhhhhhhhhhhhhhhhhhhhhhhhhhhhhhhhhhhhhhhhhhhhhhhhhhhhhhhhhhhhhhhhhhhhhhhhhhhhhhhhhhhhhhhhhhhhhhhhhhhhhhh5(1111)s(1123)-s(1135)--s(1145)---s(1156)-s(1168)s(1180)-s(1194)s(1207)----s(1216)s(1232)s(1246)-s(1258)--s(1270)-----s(1280)s(1296)---s(1307)s(1324)-s(1335)s(1348)s(1361)s(1375)s(1389)-------------------------s(1378)------s(1384)------s(1390)-s(1402)--(1400)----s(1409)---------(1400)------s(1411)s(1426)s(1441)s(1456)----s(1464)---------s(1470)s(1482)-s(1494)---------s(1496)s(1506)s(1521)-s(1531)-s(1544)-s(1555)---------------------------------------s(1532)--------------------------------(1500)--s(1509)--s(1518)-s(1528)----s(1538)----------s(1540)------------------s(1535)s(1550)----s(1560)----s(1569)---------------------------------------------------------------------(1500)------------------------------------s(1477)-s(1488)s(1500)-s(1512)------------(1500)-----------------------s(1492)-----------s(1496)----------------s(1492)s(1506)--s(1518)------------------(1500)------------------------------------------------------------------------------s(1437)--------s(1444)--------------------------------------------(1400)-------------------------------------s(1374)------------s--------------------------------------------------------------------------(1300)----------------------------------------------------------------------------------------------------(1200)--------------------------------------s(1174)----------------------------------------------------------s(1131)s(1146)--------------------------------------shhhhhhhhhhhhhhhhhhhhhhhhhhhhhhhhhhhhhhhhhhhhhhhhhhhhhhhhhhhhhhhhhhhhhhhhhhhhhhhhhhhhhhhhhh6(1029)s(1045)------------------------------s(1031)-------------------------------(1000)-------------------------------------------------s(965)-----------------------------------------------s(930)-s(944)------s(951)---s(962)------------------------------------s(940)------------------------------------s(917)------s(923)---------s(927)---------------------------(900)------------------------------s(884)-------------------s(876)-s(887)---------------------------------------------------------------------------------------(800)-------------shhhhhhhhhhhhhhhhhhhhhhhhhhhhhhhhhhhhhhhhhhhhhhhhhhhhhhhhhhhhhhhhhhhhhhhhhhhhhhhhhhhhhhhhhhhhhhhhhhhhhhhhhhhhhhhhhhhhhhhhhhhhhhhhhhhhhhhhhhhhhhhhhhhhhhhhhhhhhhhhhhhhhhhhhhhhhhhhhhhhhhhhhhhhhhhhhhhhhhhhhhhhhhhhhhhhhhhhhhhhhhhhhhhhhhhhhhhhhhhhhhhhhhhhhhhhhhhhhhhhhhhhhhhhhhhhhhhhhhhhhhhhhhhhhhhhhhhhhhhhhhhhhhhhhhhhhhhhhhhhhhhhhhhhhhhhhhhhhhhhhhhhhhhhhhhhhhhhhhhhhhhhhhhhhhhhhhhhhhhhhhhhhhhhhhhhhhhhhhhhhhhhhhhhhhhhhhhhhhhhhhhhhhhhhhhhhhhhhhhhhhhhhhhhhhhhhhhhhhhhhhhhhhhhhhhhhhhhhhhhhhhhhhhhhhhhhhhhhhhhhhhhhhhhhhhhhhhhhhhhhhhhhhhhhhhhhhhhhhhhhhhhhhhhhhhhhhhhhhhhhhhhhhhh7(231)-------------------------------(200)-s(213)-------------(200)--------------------------shhhhhhhhhhhhhhhhhhhhhhhhhhhhhhhhhhhhhhhhhhhhhhhhhhhhhhhhhhhhhhhhhhhhhhhhhhhhhhhhhhhhhhhhhhhhhhhhhhhhhhhhhhhhhhhhhhhhhhhhhhhhhhhhhhhhhhhhhhhhhhhhhhhhhhhhhhhhhhhhhhhhhhhhhhhhhhhhhhhhhhhhhhhhh
product criterion:7941 chain criterion:13850
hilbert series criterion:1001
dehomogenization
simplification
imap to ring (ZZ/179424673),(x18,x17,x16,x15,x14,x13,x12,x11,x10,x9,x8,x7,x6,x5,x4,x3,x2,x1),(lp(18),C)
Auf Wiedersehen.
                     SINGULAR                                 /  Development
 A Computer Algebra System for Polynomial Computations       /   version 4.3.2
                                                           0<
 by: W. Decker, G.-M. Greuel, G. Pfister, H. Schoenemann     \   Feb 2023
FB Mathematik der Universitaet, D-67653 Kaiserslautern        \  Debian 1:4.3.2-p10+ds-1.1build1
// ** loaded /usr/bin/../share/singular/LIB/primdec.lib (4.3.2.9,Oct_2023)
// ** loaded /usr/bin/../share/singular/LIB/ring.lib (4.3.1.3,Feb_2023)
// ** loaded /usr/bin/../share/singular/LIB/absfact.lib (4.1.2.0,Feb_2019)
// ** loaded /usr/bin/../share/singular/LIB/triang.lib (4.1.2.0,Feb_2019)
// ** loaded /usr/bin/../share/singular/LIB/matrix.lib (4.3.2.3,Aug_2023)
// ** loaded /usr/bin/../share/singular/LIB/nctools.lib (4.1.2.0,Feb_2019)
// ** loaded /usr/bin/../share/singular/LIB/inout.lib (4.1.2.0,Feb_2019)
// ** loaded /usr/bin/../share/singular/LIB/random.lib (4.1.2.0,Feb_2019)
// ** loaded /usr/bin/../share/singular/LIB/polylib.lib (4.2.0.0,Dec_2020)
// ** loaded /usr/bin/../share/singular/LIB/elim.lib (4.3.2.5,Jul_2023)
// ** loaded /usr/bin/../share/singular/LIB/general.lib (4.1.2.0,Feb_2019)
map with cache
map with cache
map with cache
map with cache
map with cache
map with cache
map with cache
map with cache
map with cache
map with cache
map with cache
map with cache
map with cache
map with cache
map with cache
map with cache
map with cache
std in (ZZ/179424673),(x18,x17,x16,x15,x14,x13,x12,x11,x10,x9,x8,x7,x6,x5,x4,x3,x2,x1),(dp(18),C)
[65535:6]1(17)s(16)s(15)s(14)s(13)s(12)s(11)s(10)s(9)s(8)s(7)s(6)s(5)s(4)s(3)s(2)ss2s
(S:17)-----------------
product criterion:153 chain criterion:0
[65535:5]1(17)s(16)s(15)s(14)s(13)s(12)s(11)s(10)s(9)s(8)s(7)s(6)s(5)s(4)s(3)s(2)ss2s
(S:17)-----------------
product criterion:153 chain criterion:0
map is a permutation
[65535:6]1(18)s(17)s(16)s(15)s(14)s(13)s(12)s(11)s(10)s(9)s(8)s(7)s(6)s(5)s(4)s(3)s(2)ss2s
(S:18)------------------
product criterion:171 chain criterion:0
[65535:5]1(17)s(16)s(15)s(14)s(13)s(12)s(11)s(10)s(9)s(8)s(7)s(6)s(5)s(4)s(3)s(2)ss2s
(S:17)-----------------
product criterion:153 chain criterion:0
{1}[65535:7]1(17)s(16)s(15)s(14)s(13)s(12)s(11)s(10)s(9)s(8)s(7)s(6)s(5)s(4)s(3)s(2)ss2s3(16)----------------
(S:18)-------------------
product criterion:0 chain criterion:0
(S:18)rrrrrrrrrrrrrrrrrr
[65535:5]1(17)s(16)s(15)s(14)s(13)s(12)s(11)s(10)s(9)s(8)s(7)s(6)s(5)s(4)s(3)s(2)ss2s
(S:17)-----------------
product criterion:153 chain criterion:0
map is a permutation
intersect by elimination method
[65535:7]1(18)s2(17)s(16)s(15)s(14)s(13)s(12)s(11)s(10)s(9)s(8)s(7)s(6)s(5)s(4)s(3)s(2)ss3s
(S:18)------------------
product criterion:171 chain criterion:0
map is a permutation
[65535:6]1(18)s(17)s(16)s(15)s(14)s(13)s(12)s(11)s(10)s(9)s(8)s(7)s(6)s(5)s(4)s(3)s(2)s2s.4
(S:0)
product criterion:153 chain criterion:0
map is a permutation
[65535:6]1(18)s(17)s(16)s(15)s(14)s(13)s(12)s(11)s(10)s(9)s(8)s(7)s(6)s(5)s(4)s(3)s(2)s2s.4
(S:0)
product criterion:153 chain criterion:0
map is a permutation
[65535:6]1(18)s(17)s(16)s(15)s(14)s(13)s(12)s(11)s(10)s(9)s(8)s(7)s(6)s(5)s(4)s(3)s(2)s2s.4
(S:0)
product criterion:153 chain criterion:0
map is a permutation
[65535:6]1(18)s(17)s(16)s(15)s(14)s(13)s(12)s(11)s(10)s(9)s(8)s(7)s(6)s(5)s(4)s(3)s(2)s2s.4
(S:0)
product criterion:153 chain criterion:0
map is a permutation
[65535:6]1(18)s(17)s(16)s(15)s(14)s(13)s(12)s(11)s(10)s(9)s(8)s(7)s(6)s(5)s(4)s(3)s(2)s2s.4
(S:0)
product criterion:153 chain criterion:0
map is a permutation
[65535:6]1(18)s(17)s(16)s(15)s(14)s(13)s(12)s(11)s(10)s(9)s(8)s(7)s(6)s(5)s(4)s(3)s(2)s2s.4
(S:0)
product criterion:153 chain criterion:0
map is a permutation
[65535:6]1(18)s(17)s(16)s(15)s(14)s(13)s(12)s(11)s(10)s(9)s(8)s(7)s(6)s(5)s(4)s(3)s(2)s2s.4
(S:0)
product criterion:153 chain criterion:0
map is a permutation
[65535:6]1(18)s(17)s(16)s(15)s(14)s(13)s(12)s(11)s(10)s(9)s(8)s(7)s(6)s(5)s(4)s(3)s(2)s2s.4
(S:0)
product criterion:153 chain criterion:0
map is a permutation
[65535:6]1(18)s(17)s(16)s(15)s(14)s(13)s(12)s(11)s(10)s(9)s(8)s(7)s(6)s(5)s(4)s(3)s(2)s2s.4
(S:0)
product criterion:153 chain criterion:0
map is a permutation
[65535:6]1(18)s(17)s(16)s(15)s(14)s(13)s(12)s(11)s(10)s(9)s(8)s(7)s(6)s(5)s(4)s(3)s(2)s2s.4
(S:0)
product criterion:153 chain criterion:0
map is a permutation
[65535:6]1(18)s(17)s(16)s(15)s(14)s(13)s(12)s(11)s(10)s(9)s(8)s(7)s(6)s(5)s(4)s(3)s(2)s2s.4
(S:0)
product criterion:153 chain criterion:0
map is a permutation
[65535:6]1(18)s(17)s(16)s(15)s(14)s(13)s(12)s(11)s(10)s(9)s(8)s(7)s(6)s(5)s(4)s(3)s(2)s2s.4
(S:0)
product criterion:153 chain criterion:0
map is a permutation
[65535:6]1(18)s(17)s(16)s(15)s(14)s(13)s(12)s(11)s(10)s(9)s(8)s(7)s(6)s(5)s(4)s(3)s(2)s2s.4
(S:0)
product criterion:153 chain criterion:0
map is a permutation
[65535:6]1(18)s(17)s(16)s(15)s(14)s(13)s(12)s(11)s(10)s(9)s(8)s(7)s(6)s(5)s(4)s(3)s(2)s2s.4
(S:0)
product criterion:153 chain criterion:0
map is a permutation
[65535:6]1(18)s(17)s(16)s(15)s(14)s(13)s(12)s(11)s(10)s(9)s(8)s(7)s(6)s(5)s(4)s(3)s(2)s2s.4
(S:0)
product criterion:153 chain criterion:0
map is a permutation
[65535:6]1(18)s(17)s(16)s(15)s(14)s(13)s(12)s(11)s(10)s(9)s(8)s(7)s(6)s(5)s(4)s(3)s(2)s2s.4
(S:0)
product criterion:153 chain criterion:0
map is a permutation
[65535:6]1(18)s(17)s(16)s(15)s(14)s(13)s(12)s(11)s(10)s(9)s(8)s(7)s(6)s(5)s(4)s(3)s(2)s2s.4
(S:0)
product criterion:153 chain criterion:0
map is a permutation
[65535:6]1(18)s(17)s(16)s(15)s(14)s(13)s(12)s(11)s(10)s(9)s(8)s(7)s(6)s(5)s(4)s(3)s(2)s2s3s
(S:0)
product criterion:171 chain criterion:0
[65535:5]1(17)s(16)s(15)s(14)s(13)s(12)s(11)s(10)s(9)s(8)s(7)s(6)s(5)s(4)s(3)s(2)ss2s
(S:17)-----------------
product criterion:153 chain criterion:0
// ** _ is no standard basis
Auf Wiedersehen.
                     SINGULAR                                 /  Development
 A Computer Algebra System for Polynomial Computations       /   version 4.3.2
                                                           0<
 by: W. Decker, G.-M. Greuel, G. Pfister, H. Schoenemann     \   Feb 2023
FB Mathematik der Universitaet, D-67653 Kaiserslautern        \  Debian 1:4.3.2-p10+ds-1.1build1
compute hilbert series with std in ring (ZZ/179424673),(x18,x17,x16,x15,x14,x13,x12,x11,x10,x9,x8,x7,x6,x5,x4,x3,x2,x1,@),(dp(19),C)
weights used for hilbert series: 1,1,1,1,1,1,1,1,1,1,1,1,1,1,1,1,1,1,1
[65535:5]1(17)s(16)s(15)s(14)s(13)s(12)s(11)s2(10)s(9)s(8)ss(9)s3(8)ss(10)s(11)s(13)s(16)s(19)s(22)s(26)s4(30)s(34)-s(38)s(42)--s(45)---s(48)-s(52)s(57)s(64)s(69)s(73)s(78)s(83)s(87)s(91)s(96)s(100)s(105)s(111)s5(116)-------s-----s(115)--s(120)-s(124)s(129)s(135)s(141)-s(147)s(154)-s(158)s(166)------------s(161)s(167)-s(172)s(177)s(183)--s(188)s(194)s(202)--(200)------ss(207)-------(200)--s(205)--s(210)s(218)s(225)--------s(224)s(230)s(236)s(241)-s(245)s(251)s(259)s(266)-s(273)-s(278)-s(284)s(292)s(298)s(304)s(311)-s(317)s(326)s6(332)---------s(330)------------------------------(300)-s(307)s(315)----s(320)----------------s(312)s(321)---------------------(300)----------------s(292)-----------------s(284)s(293)s(300)---------------s(292)-s(298)----s(302)--(300)--------s(299)-----s(302)--(300)--s(305)-----(300)---------s------s(302)--(300)-------------------------------------------s(265)----------s(263)-------------s(258)s(266)s(275)--s(282)s(290)s(297)s(305)-s(311)s(320)---s(324)--s(330)s(339)s(348)s(356)-----------s(352)s(360)---s(364)s(372)---s(377)s(384)s(392)-s(398)----s(403)---(400)--7--------------------------------------------------------------------------------------------------(300)------------------------------------------------------s(254)-s(262)------------------s(252)-s(259)--------------s(254)----------------------------------------------s(216)----------------(200)--s(207)s(216)-----s(219)s(227)s(236)------s(239)---s(245)---------------------------------------------(200)-------------------s(189)s(196)s(204)----(200)s(207)s(215)-s(222)----s(227)s(235)-------------s(231)--s(238)----------s(236)----s(240)s(248)s(257)8---------------------------------------------------------(200)-----------------------------------s(174)s(183)---------------------------------------------------------------s(128)s(137)---------------s(130)----s(135)---s(140)-s(148)--s(155)-----------------s(147)---------------------------s(129)s(138)-s(146)------s(147)------s(148)s(156)s(165)--9------------------------------------------------s(123)-----------------------(100)----------------s(93)-s(101)-(100)--------s(101)-(100)-----------------s(91)----------------s(84)-----s(88)--------------s(82)-----s10(85)---------------------------------------------------s(43)--------------s(38)-s(46)-------------s(41)--11--------------------s(28)--------s(29)-s(36)-------s12(37)-----------s(35)-------------------------s13(18)------------------s14(7)-------
product criterion:2364 chain criterion:14133
std with hilb in (ZZ/179424673),(x18,x17,x16,x15,x14,x13,x12,x11,x10,x9,x8,x7,x6,x5,x4,x3,x2,x1,@),(lp(18),dp(1),C)
[65535:5]1(189)s(188)s(187)s(186)s(185)s(184)s(183)s2(182)s(181)s(180)ss(181)s3(183)ss(184)s(186)s(189)s(192)s(193)-s(195)-s(198)s(203)-s(208)s(215)s4(223)--s(226)---s--s(228)--s(230)----s(229)s(235)s(240)s(245)s(249)s(253)s(260)s(266)s(272)s(276)s(280)s(284)s(292)s(299)s(306)s(311)s(316)s(321)s(325)s(334)s(342)s(350)s(356)s(362)s(367)s(373)s(378)s(388)s(397)s(406)s(413)s(420)s(426)shhhhhhhhhhhhhhhhhhh5(412)------------(400)-s(402)-s(405)-s(408)-s(412)--s(416)-s(419)--s(424)----s(425)----s(427)---s(432)s(438)--s(442)-s(446)----s(451)--s(455)-s(460)s(466)-s(470)s(478)s(483)s(488)---------s(489)s(496)-s(501)-(500)-s(506)s(512)s(519)------s(521)s(527)---------s(525)s(533)-s(539)--s(545)s(551)s(556)------s(558)--s(563)-s(569)s(576)s(583)-s(589)-s(592)-s(598)---s(601)s(608)--------(600)-s(607)s(616)-s(623)--s(630)s(636)s(645)-----s(648)s(656)--s(661)s(668)----s(669)s(674)--------s(673)----s(676)s(682)s(689)s(696)s(703)---(700)------ss(710)-s(718)--s(726)s(733)s(743)-----s(747)s(756)--s(762)s(770)----s(772)s(778)-------s(779)---s(782)-shhhhhhhhhhhhhhhhhhhhhhhhhhhhhhhhhhhhhhhhhhhhhhh6(740)----------------------------------------(700)----------------------------------------s(667)------s(671)-----------------------------------------s(639)s(648)------------s(646)-s(652)s(659)--s(663)------s(667)----s(669)---s(675)---s(682)s(688)----------------------s(676)-------s(677)--s(683)--s(690)s(699)-------------s(693)------------s(690)-------------s(687)s(695)------------s(690)---------------------------------s(667)s(677)--s(684)---s(691)s(698)---s(705)---s(709)s(717)---------s(715)s(722)--s(730)-s(737)----s(741)-s(749)---------------------s(737)s(747)------s(750)--s(757)-----------------s(747)---s(752)---s(757)---s(762)-----s(763)-------s(764)-s(769)-----------s(766)--s(771)-s(777)--------s(776)s(785)------s(788)--s(794)s(803)s(812)-------s-s(819)s(826)-s(832)----s(836)s(842)--s(846)s(855)s(863)s(871)s(880)s(890)---s(897)s(906)s(914)-s(920)s(928)-s(934)----------------------s(920)s(927)------s(930)--s(938)-----------------s(928)---s(933)---s(939)---s(943)-----s(946)-------s(948)-s(954)----------s(950)s(960)s(969)--s(975)----s(980)----------s(978)--s(984)-----s(987)------s(988)---s(993)shhhhhhhhhhhhhhhhhhhhhhhhhhhhhhhhhhhhhhhhhhh7(957)---------------------------------------------------------(900)-----------------------------------------------------------------s(844)s(852)----------------------------------------------------(800)-------------------------------------------s(766)-s(775)-s(783)--s(790)------------------------------s(770)------------------------------s(749)-------------------------------------------------(700)---s(707)---s(714)--------------(700)---------s-----s(705)s(713)-------------(700)---s(707)s(716)----------------(700)------------------------s(686)----------------s(679)-------------------------------------------s(645)s(653)s(662)s(672)--------s(674)------s(678)s(687)--------------------------------------------------s(646)s(654)-------s(657)-s(666)---------s(667)s(677)-----s(681)------------------------------s(658)-----------------------s(643)-s(651)------s(655)-----s(657)------s(661)s(671)---s(677)----------s(676)s(684)-------s(687)-s(694)s(702)s(711)s(719)s(728)s(737)---------s(738)----s(743)s(750)-s(758)----------------------------------------s(728)s(738)s(748)---s(752)----s(758)s(768)---------s------------------s(760)----------s(758)-----s(760)-s(766)-s(772)-------------s(769)-s(777)--------s(776)--s(783)s(793)-s(800)----s(804)s(814)s(822)s(830)s(838)s(847)s(855)---------s(854)s(862)s(870)s(878)----s(882)-----shhhhhhhhhhhhhhhhhhhhhhhhhhh8(859)-----------------------------------------------------------(800)------s(803)---(800)----------------------------------------------------------s(752)----------------------------------------------------(700)-----------------s(693)--------------------s(683)--------------------------------s(659)------s(663)-----------------------------------------s(631)-------------------------------(600)------------------s(591)---------------------------------------------------------------------------s(526)-s(535)s(545)s(555)-----------------------s(539)s(546)------s(548)s(556)s(565)s(575)s(584)-s(592)s(601)s(611)s(620)-----s(625)------------------------s(607)s(616)----------------(600)---------------------------------------------s(565)----s(569)-s(575)s(584)s(593)--------s(594)-s(603)---(600)-------------------s(590)---------s(589)-----------------------s(574)------s(575)s(583)--------------s(578)s(588)s(597)--s(605)-----(600)-----s(603)--s(610)s(619)------s(622)-s(629)--s(636)-------s(639)s(647)s(656)----------------s(650)-------------s(646)-s(654)---s(659)----s(662)-s(670)s(680)s(688)s(695)-s(702)s(710)----------(700)---------------------------------s(675)-s(683)s(692)----s(698)-s(707)s(717)-s(725)s(734)s(743)s(752)s(760)s(768)shhhhhhhhhhhhhhhhh9(759)--------------s(754)------------------------------------------------------(700)---------------------------------s(677)-----------------------------------------------------------------------------(600)---------------------------s(583)-----------------------s(569)-s(578)-s(586)-------s(588)---------s(586)------------------------------------------------------------------s(530)-s(539)-----------------------s(525)-------------------------(500)----------------------------------------------------------s(450)---------s-------s(451)-s(458)-----------------s(450)s(459)s(466)s(476)------s(479)-s(488)----------------------------------s(462)--------------------------s(444)-s(451)s(461)------------------s(451)--s(458)------------------------s(443)-----s(447)s(456)---------------------------s(438)---------s(439)------------------------s(424)------s(427)---------------------------(400)-----s(404)----(400)--------------s(395)--s(401)s(409)-s(416)-s(424)----s(429)s(437)s(445)shhhhhhhhh10---------------------------------------------(400)----------------------------------------s(370)---------------s(365)----------------------------s(346)----------------------------------------------(300)----------------------------------------------------------s(252)s(261)---------------s(255)-----------------------------------------------------s(211)-----------(200)--s(207)s(215)s(224)s(233)s(241)------s(244)--------s(245)s(254)---s(259)------shhhhhhhhhhhhhhhhhhhhhhhhhhhhhhhhhhhhhhhhhhhhhhhhhhhhhhhhhhhhhhhhhhhhhhhhhhhhhhhhhhhhhh11(176)------------------s(168)----------------s(162)-------------s(159)--------------------------s(142)----------s------------------------------------------(100)---------------------------s(82)---s(88)shhhhhhhhhhh12(85)------------------s(77)----------s-----------------s(69)---------Killed
----Killed
