
      +++  sector:  {0, 1, 1, 0, 0, 1, 1, 0, 0}  (1/1)  +++ 
                     SINGULAR                                 /  Development
 A Computer Algebra System for Polynomial Computations       /   version 4.3.2
                                                           0<
 by: W. Decker, G.-M. Greuel, G. Pfister, H. Schoenemann     \   Feb 2023
FB Mathematik der Universitaet, D-67653 Kaiserslautern        \  Debian 1:4.3.2-p10+ds-1.1build1
compute hilbert series with std in ring (ZZ/179424673),(x18,x17,x16,x15,x14,x13,x12,x11,x10,x9,x8,x7,x6,x5,x4,x3,x2,x1,@),(dp(19),C)
weights used for hilbert series: 1,1,1,1,1,1,1,1,1,1,1,1,1,1,1,1,1,1,1
[65535:5]2(18)s(17)s(16)s(15)s(14)s(13)s(12)s(11)s(10)s(9)s(10)s(12)s(14)s(17)s(19)s(22)s(26)s(29)s(34)s3(36)s(41)s(46)s(50)s(55)s(60)s(66)s(69)s(71)s(76)s(85)s(92)s(98)s(107)s(114)s(124)s(136)-s(142)s(151)s(155)s(165)s(178)s(184)s(190)s(198)s(204)s(212)s(221)s(229)s(237)s(247)s(259)s(266)s(272)s(283)-s4(291)s(301)s(312)s(323)s(335)-s(345)s(357)s(369)-s(381)-----------s(384)s(397)s(410)-----s(419)-------------------(400)------------s(403)---(400)------------s(404)----(400)---------s(408)--------(400)------s(403)-s(413)s(423)-s(433)s(440)----s(448)----------s(446)-s(460)s(472)s(481)s(492)s(502)s(513)--s(522)-----------s(520)s(531)s(540)--s(545)-s(555)---s(561)----------s(560)-s(566)-------------s(568)s(580)-------s(584)-----------------------------------------------5--s(549)---s(561)-s(576)-----------------------------------s(556)---s(569)-------------------------------------------------------s(530)---------------------s(522)-s(535)-s(549)------------s(550)---------s(555)---s(568)----------------------------------s(551)----------s(555)s(570)---------------------------------------------------------s(529)-----------------------------(500)---------------------s(494)---------------------------------------s(467)s(479)-s(490)---------------------------s(472)-----------------s(467)---s(477)-----------------------------------------s(448)------------------s(442)-----------------------------s(424)--------------------6----(400)----------------------------------------------------------------------------------------------------(300)----------------------------------------------------------------------------------------------------(200)------------------------------------------------------s(161)-------------------------------------------------------------(100)-----------------------s(89)----------------------------------------s(60)-------------------7-----------------------------------------
product criterion:3160 chain criterion:3097
std with hilb in (ZZ/179424673),(x18,x17,x16,x15,x14,x13,x12,x11,x10,x9,x8,x7,x6,x5,x4,x3,x2,x1,@),(lp(18),dp(1),C)
[65535:5]2(122)s(121)s(120)s(119)s(118)s(117)ss(119)s(118)s(117)s(118)s(121)s(122)s(125)s(124)s(127)s(129)s(130)s(135)s3(140)s(145)s(150)s(156)s(163)s(170)s(177)s(184)s(190)s(193)s(202)s(205)s(211)s(220)s(224)s(229)s(234)s(239)s(245)s(254)-s(261)s(270)s(278)s(287)s(299)s(307)-s(315)s(326)s(335)s(345)s(352)s(359)s(370)s(378)s(386)shhhhhhhhhhhhhhhhhhhhhhhhhhhhhhhhhhh4(360)s(370)s(380)s(391)s(403)-s(415)s(427)s(439)s(453)s(467)s(479)----s(485)s(498)----s(506)s(519)------s(527)--s(536)---s(543)s(558)s(568)s(575)---s(585)-s(593)----------------------s(581)--------s(589)------s(592)s(603)s(612)s(622)s(636)--------------s(633)s(650)------------s(648)------------s(645)-s(652)----------------------------s(632)--------------------------------(600)---s(608)--------(600)--------------s(596)--s(601)-(600)---------s(602)-shhhhhhhhhhhhhhhhhhhhhhhhhhhhhhhhhhhhhhhhhhhhhhhhhhhhhhh5(558)-s(571)----------s(573)---------s(578)---s(590)-s(604)----(600)-------s(608)--------(600)-s(615)-s(630)s(642)-s(653)s(669)-s(684)--s(699)s(713)-s(725)s(739)s(754)s(770)--s(783)------------------------------------------------------------------------------s(716)s(728)--s(739)s(751)---------------------------------------------------(700)----------------------------------------------------------------------------------------------------(600)-----------------s(592)-----------s----s(598)----------------------------------------------------------------shhhhhhhhhhhhhhhhhhhhhhhhhhhhhhhhhhhhhhhhhhhhhhhhhhhhhhhhhhhhhhhhhhhhhhhhhhhhhhhhhhhhhhhhhhhhhhhhhhhhhhhhhhhhhhhhhhhhhhhhhhhhhhhhhhhhhhhhhhhh6(403)---(400)----------------------------s(387)---------------------------------------------------------------------------------------(300)---------------------------------------------------------------------s(243)-s(253)-----------------------------------------------------(200)-----------------------------------------------------------------------shhhhhhhhhhhhhhhhhhhhhhhhhhhhhhhhhhhhhhhhhhhhhhhhhhhhhhhhhhhhhhhhhhhhhhhhhhhhhhhhhhhhhhhhhhhhhhhhhhhhhhhhhhhhhhhhhhhhhhhhhhhhhhhhhhhhhhhhhhh
product criterion:3272 chain criterion:3215
hilbert series criterion:369
dehomogenization
simplification
imap to ring (ZZ/179424673),(x18,x17,x16,x15,x14,x13,x12,x11,x10,x9,x8,x7,x6,x5,x4,x3,x2,x1),(lp(18),C)
Auf Wiedersehen.

StringJoin::string: String expected at position 2 in {<>1<>x1+39872146,x2-20505676,x3-44856169*x1,x4+3*x1,x5+59808227,x6+11961647,x7-x4,x8+89712336*x4+x3,x9-61870578,x10+50463189,x11-44856168*x10*x4-x10-22428082,x12-44856168*x10*x4-4*x10-89712335,x13+44856168*x12^2*x7-89712336*x12*x10*x7-44856168*x12*x10*x4+44856168*x10^2*x7+44856168*x10^2*x4-89712336*x10,x14-59808224*x13*x12*x7+59808224*x13*x10*x7-59808224*x12^2*x8-59808224*x12^2*x7-59808225*x12*x10*x7+59808224*x12*x8-59808224*x12-59808224*x10^2*x7-59808224*x10^2*x4+59808224*x10,x15-33642126*x14*x13*x7-78498295*x14*x13*x4+33642126*x14*x11*x7+33642126*x14*x7+78498295*x14+33642126*x13^2*x7-22428084*x13*x12*x7-33642126*x13*x11*x7-33642126*x13*x11*x4+22428084*x13*x10*x7-33642126*x13*x7+11214043*x13+22428084*x12*x11*x7+22428084*x12*x7+67284252*x12-22428084*x11*x10*x7-22428084*x11*x10*x4+67284252*x11-22428084*x10*x7+67284252*x10-33642126,x16-x14*x13*x4+3*x13,x17+x15*x12*x4-x12*x11*x4+7*x12,x18+x17*x16*x3+x16*x15*x4+5*x16}.

StringReplace::strse: String or list of strings expected at position 1 in StringReplace[{<>1<>x1+39872146,x2-20505676,x3-44856169*x1,x4+3*x1,x5+59808227,x6+11961647,x7-x4,x8+89712336*x4+x3,x9-61870578,x10+50463189,x11-44856168*x10*x4-x10-22428082,x12-44856168*x10*x4-4*x10-89712335,x13+44856168*x12^2*x7-89712336*x12*x10*x7-44856168*x12*x10*x4+44856168*x10^2*x7+44856168*x10^2*x4-89712336*x10,x14-59808224*x13*x12*x7+59808224*x13*x10*x7-59808224*x12^2*x8-59808224*x12^2*x7-59808225*x12*x10*x7+59808224*x12*x8-59808224*x12-59808224*x10^2*x7-59808224*x10^2*x4+59808224*x10,x15-33642126*x14*x13*x7-78498295*x14*x13*x4+33642126*x14*x11*x7+33642126*x14*x7+78498295*x14+33642126*x13^2*x7-22428084*x13*x12*x7-33642126*x13*x11*x7-33642126*x13*x11*x4+22428084*x13*x10*x7-33642126*x13*x7+11214043*x13+22428084*x12*x11*x7+22428084*x12*x7+67284252*x12-22428084*x11*x10*x7-22428084*x11*x10*x4+67284252*x11-22428084*x10*x7+67284252*x10-33642126,x16-x14*x13*x4+3*x13,x17+x15*x12*x4-x12*x11*x4+7*x12,x18+x17*x16*x3+x16*x15*x4+5*x16}, {x18 -> "B"[1], x17 -> "B"[2], x16 -> "B"[3], x15 -> "B"[4], x14 -> "B"[5], x13 -> "B"[6], x12 -> "B"[7], x11 -> "B"[8], x10 -> "B"[9], x9 -> "A"[1], x8 -> "A"[2], x7 -> "A"[3], x6 -> "A"[4], x5 -> "A"[5], x4 -> "A"[6], x3 -> "A"[7], x2 -> "A"[8], x1 -> "A"[9]}].

ToExpression::notstrbox: StringReplace[{<>1<>x1+39872146,x2-20505676,x3-44856169*x1,x4+3*x1,x5+59808227,x6+11961647,x7-x4,x8+89712336*x4+x3,x9-61870578,x10+50463189,x11-44856168*x10*x4-x10-22428082,x12-44856168*x10*x4-4*x10-89712335,x13+44856168*x12^2*x7-89712336*x12*x10*x7-44856168*x12*x10*x4+44856168*x10^2*x7+44856168*x10^2*x4-89712336*x10,x14-59808224*x13*x12*x7+59808224*x13*x10*x7-59808224*x12^2*x8-59808224*x12^2*x7-59808225*x12*x10*x7+59808224*x12*x8-59808224*x12-59808224*x10^2*x7-59808224*x10^2*x4+59808224*x10,x15-33642126*x14*x13*x7-78498295*x14*x13*x4+33642126*x14*x11*x7+33642126*x14*x7+78498295*x14+33642126*x13^2*x7-22428084*x13*x12*x7-33642126*x13*x11*x7-33642126*x13*x11*x4+22428084*x13*x10*x7-33642126*x13*x7+11214043*x13+22428084*x12*x11*x7+22428084*x12*x7+67284252*x12-22428084*x11*x10*x7-22428084*x11*x10*x4+67284252*x11-22428084*x10*x7+67284252*x10-33642126,x16-x14*x13*x4+3*x13,x17+x15*x12*x4-x12*x11*x4+7*x12,x18+x17*x16*x3+x16*x15*x4+5*x16}, {x18 -> "B"[1], x17 -> "B"[2], x16 -> "B"[3], x15 -> "B"[4], x14 -> "B"[5], x13 -> "B"[6], x12 -> "B"[7], x11 -> "B"[8], x10 -> "B"[9], x9 -> "A"[1], x8 -> "A"[2], x7 -> "A"[3], x6 -> "A"[4], x5 -> "A"[5], x4 -> "A"[6], x3 -> "A"[7], x2 -> "A"[8], x1 -> "A"[9]}] is not a string or a box. ToExpression can only interpret strings or boxes as Wolfram Language input.
  [sector total: 0.965s]
#Non-triv Sectors = 1

[SECTOR_RESULT] key=011001100 tier=Quick state=timeout time=0.966274 regions=0
0)s(9)s(8)s(7)s(6)s(5)s(4)s(3)s(2)ss2s
(S:0)
product criterion:171 chain criterion:0
map is a permutation
[65535:6]1(18)s(17)s(16)s(15)s(14)s(13)s(12)s(11)s(10)s(9)s(8)s(7)s(6)s(5)s(4)s(3)s(2)ss2s
(S:0)
product criterion:171 chain criterion:0
map is a permutation
[65535:6]1(18)s(17)s(16)s(15)s(14)s(13)s(12)s(11)s(10)s(9)s(8)s(7)s(6)s(5)s(4)s(3)s(2)ss2s
(S:0)
product criterion:171 chain criterion:0
map is a permutation
[65535:6]1(18)s(17)s(16)s(15)s(14)s(13)s(12)s(11)s(10)s(9)s(8)s(7)s(6)s(5)s(4)s(3)s(2)ss2s
(S:0)
product criterion:171 chain criterion:0
map is a permutation
[65535:6]1(18)s(17)s(16)s(15)s(14)s(13)s(12)s(11)s(10)s(9)s(8)s(7)s(6)s(5)s(4)s(3)s(2)ss2s
(S:0)
product criterion:171 chain criterion:0
map is a permutation
[65535:6]1(18)s(17)s(16)s(15)s(14)s(13)s(12)s(11)s(10)s(9)s(8)s(7)s(6)s(5)s(4)s(3)s(2)ss2s
(S:0)
product criterion:171 chain criterion:0
map is a permutation
[65535:6]1(18)s(17)s(16)s(15)s(14)s(13)s(12)s(11)s(10)s(9)s(8)s(7)s(6)s(5)s(4)s(3)s(2)ss2s
(S:0)
product criterion:171 chain criterion:0
map is a permutation
[65535:6]1(18)s(17)s(16)s(15)s(14)s(13)s(12)s(11)s(10)s(9)s(8)s(7)s(6)s(5)s(4)s(3)s(2)ss2s
(S:0)
product criterion:171 chain criterion:0
map is a permutation
[65535:6]1(18)s(17)s(16)s(15)s(14)s(13)s(12)s(11)s(10)s(9)s(8)s(7)s(6)s(5)s(4)s(3)s(2)ss2s
(S:0)
product criterion:171 chain criterion:0
map is a permutation
[65535:6]1(18)s(17)s(16)s(15)s(14)s(13)s(12)s(11)s(10)s(9)s(8)s(7)s(6)s(5)s(4)s(3)s(2)ss2s
(S:0)
product criterion:171 chain criterion:0
map is a permutation
[65535:6]1(18)s(17)s(16)s(15)s(14)s(13)s(12)s(11)s(10)s(9)s(8)s(7)s(6)s(5)s(4)s(3)s(2)ss2s
(S:0)
product criterion:171 chain criterion:0
map is a permutation
[65535:6]1(18)s(17)s(16)s(15)s(14)s(13)s(12)s(11)s(10)s(9)s(8)s(7)s(6)s(5)s(4)s(3)s(2)ss2s
(S:0)
product criterion:171 chain criterion:0
[65535:5]1(17)s(16)s(15)s(14)s(13)s(12)s(11)s(10)s(9)s(8)s(7)s(6)s(5)s(4)s(3)s(2)sss
(S:17)-----------------
product criterion:153 chain criterion:0
// ** _ is no standard basis
Auf Wiedersehen.
                     SINGULAR                                 /  Development
 A Computer Algebra System for Polynomial Computations       /   version 4.3.2
                                                           0<
 by: W. Decker, G.-M. Greuel, G. Pfister, H. Schoenemann     \   Feb 2023
FB Mathematik der Universitaet, D-67653 Kaiserslautern        \  Debian 1:4.3.2-p10+ds-1.1build1
compute hilbert series with std in ring (ZZ/179424673),(x18,x17,x16,x15,x14,x13,x12,x11,x10,x9,x8,x7,x6,x5,x4,x3,x2,x1,@),(dp(19),C)
weights used for hilbert series: 1,1,1,1,1,1,1,1,1,1,1,1,1,1,1,1,1,1,1
[65535:5]1(17)s(16)s(15)s(14)s(13)s(12)s(11)s(10)s(9)s(8)s(7)s(6)s2(5)s(4)s(3)s(4)ss3(5)s(6)s(8)s(11)-ss4(15)---------------
product criterion:202 chain criterion:7
std with hilb in (ZZ/179424673),(x18,x17,x16,x15,x14,x13,x12,x11,x10,x9,x8,x7,x6,x5,x4,x3,x2,x1,@),(lp(18),dp(1),C)
[65535:5]1(21)s(20)s(19)s(18)s(17)s(16)s(15)s(14)s(13)s(12)s(11)s(10)s2(9)s(8)ss(9)s(11)s3(14)ss(15)s(16)-s(17)s(19)s(21)s(24)s(27)s(28)shhhh4------------------------shhhhhhh
product criterion:300 chain criterion:36
hilbert series criterion:11
dehomogenization
simplification
imap to ring (ZZ/179424673),(x18,x17,x16,x15,x14,x13,x12,x11,x10,x9,x8,x7,x6,x5,x4,x3,x2,x1),(lp(18),C)
Auf Wiedersehen.
                     SINGULAR                                 /  Development
 A Computer Algebra System for Polynomial Computations       /   version 4.3.2
                                                           0<
 by: W. Decker, G.-M. Greuel, G. Pfister, H. Schoenemann     \   Feb 2023
FB Mathematik der Universitaet, D-67653 Kaiserslautern        \  Debian 1:4.3.2-p10+ds-1.1build1
// ** loaded /usr/bin/../share/singular/LIB/primdec.lib (4.3.2.9,Oct_2023)
// ** loaded /usr/bin/../share/singular/LIB/ring.lib (4.3.1.3,Feb_2023)
// ** loaded /usr/bin/../share/singular/LIB/absfact.lib (4.1.2.0,Feb_2019)
// ** loaded /usr/bin/../share/singular/LIB/triang.lib (4.1.2.0,Feb_2019)
// ** loaded /usr/bin/../share/singular/LIB/matrix.lib (4.3.2.3,Aug_2023)
// ** loaded /usr/bin/../share/singular/LIB/nctools.lib (4.1.2.0,Feb_2019)
// ** loaded /usr/bin/../share/singular/LIB/inout.lib (4.1.2.0,Feb_2019)
// ** loaded /usr/bin/../share/singular/LIB/random.lib (4.1.2.0,Feb_2019)
// ** loaded /usr/bin/../share/singular/LIB/polylib.lib (4.2.0.0,Dec_2020)
// ** loaded /usr/bin/../share/singular/LIB/elim.lib (4.3.2.5,Jul_2023)
// ** loaded /usr/bin/../share/singular/LIB/general.lib (4.1.2.0,Feb_2019)
[65535:5]1(17)s(16)s(15)s(14)s(13)s(12)s(11)s(10)s(9)s(8)s(7)s(6)s(5)s(4)s(3)s2(2)sss
(S:17)-----------------
product criterion:153 chain criterion:0
// ** redefining j (int j = 2;)
rt
Auf Wiedersehen.

Set::setraw: Cannot assign to raw object 1.

Set::setraw: Cannot assign to raw object 1.
  >> 1 region(s): expReg=1.987s  build=0.063s
  [sector total: 2.063s]
#Non-triv Sectors = 1

[SECTOR_RESULT] key=011001100 tier=Quick state=done time=2.065138 regions=1
