
      +++  sector:  {1, 1, 0}  (1/1)  +++ 
                     SINGULAR                                 /  Development
 A Computer Algebra System for Polynomial Computations       /   version 4.3.2
                                                           0<
 by: W. Decker, G.-M. Greuel, G. Pfister, H. Schoenemann     \   Feb 2023
FB Mathematik der Universitaet, D-67653 Kaiserslautern        \  Debian 1:4.3.2-p10+ds-1.1build1
compute hilbert series with std in ring (ZZ/179424673),(x6,x5,x4,x3,x2,x1,@),(dp(7),C)
weights used for hilbert series: 1,1,1,1,1,1,1
[65535:2]2(5)s(4)s(3)s(2)s(3)s(4)s3(6)s(8)s(11)s(12)s(14)s(18)s(21)s4(25)s(28)s(32)---s(33)-s(37)-----------------5--------------------
product criterion:44 chain criterion:39
std with hilb in (ZZ/179424673),(x6,x5,x4,x3,x2,x1,@),(lp(6),dp(1),C)
[65535:2]2(16)s(15)ss(14)ss(16)s3(17)s(19)s(22)s(26)s(27)s(29)s(32)shhhhhhh4(29)s(32)s(36)s(40)shhhhhhhhhhhhhhhhhhhhhhhhhhhhhhhhhhhhhhhhhhhhhh
product criterion:44 chain criterion:39
hilbert series criterion:53
dehomogenization
simplification
imap to ring (ZZ/179424673),(x6,x5,x4,x3,x2,x1),(lp(6),C)
Auf Wiedersehen.
                     SINGULAR                                 /  Development
 A Computer Algebra System for Polynomial Computations       /   version 4.3.2
                                                           0<
 by: W. Decker, G.-M. Greuel, G. Pfister, H. Schoenemann     \   Feb 2023
FB Mathematik der Universitaet, D-67653 Kaiserslautern        \  Debian 1:4.3.2-p10+ds-1.1build1
// ** loaded /usr/bin/../share/singular/LIB/primdec.lib (4.3.2.9,Oct_2023)
// ** loaded /usr/bin/../share/singular/LIB/ring.lib (4.3.1.3,Feb_2023)
// ** loaded /usr/bin/../share/singular/LIB/absfact.lib (4.1.2.0,Feb_2019)
// ** loaded /usr/bin/../share/singular/LIB/triang.lib (4.1.2.0,Feb_2019)
// ** loaded /usr/bin/../share/singular/LIB/matrix.lib (4.3.2.3,Aug_2023)
// ** loaded /usr/bin/../share/singular/LIB/nctools.lib (4.1.2.0,Feb_2019)
// ** loaded /usr/bin/../share/singular/LIB/inout.lib (4.1.2.0,Feb_2019)
// ** loaded /usr/bin/../share/singular/LIB/random.lib (4.1.2.0,Feb_2019)
// ** loaded /usr/bin/../share/singular/LIB/polylib.lib (4.2.0.0,Dec_2020)
// ** loaded /usr/bin/../share/singular/LIB/elim.lib (4.3.2.5,Jul_2023)
// ** loaded /usr/bin/../share/singular/LIB/general.lib (4.1.2.0,Feb_2019)
map with cache
map with cache
map with cache
map with cache
map with cache
map with cache
std in (ZZ/179424673),(x6,x5,x4,x3,x2,x1),(dp(6),C)
[1048575:2]1(5)s(4)s(3)s(2)sss
(S:5)-----
product criterion:15 chain criterion:0
[1048575:2]1(5)s(4)s(3)s(2)sss
(S:5)-----
product criterion:15 chain criterion:0
map is a permutation
[65535:3]1(6)s(5)s(4)s(3)s(2)sss
(S:6)------
product criterion:21 chain criterion:0
[1048575:2]1(5)s(4)s(3)s(2)sss
(S:5)-----
product criterion:15 chain criterion:0
{1}[1048575:4]1(5)s(4)s(3)s(2)sss
(S:6)-------
product criterion:0 chain criterion:0
(S:6)rrrrrr
[1048575:2]1(5)s(4)s(3)s(2)sss
(S:5)-----
product criterion:15 chain criterion:0
intersect by elimination method
[65535:4]1(6)s2(5)s(4)s(3)s(2)sss
(S:6)------
product criterion:21 chain criterion:0
map is a permutation
[65535:3]1(6)s(5)s(4)s(3)s(2)ss2s
(S:0)
product criterion:21 chain criterion:0
map is a permutation
[65535:3]1(6)s(5)s(4)s(3)s(2)ss2s
(S:0)
product criterion:21 chain criterion:0
map is a permutation
[65535:3]1(6)s(5)s(4)s(3)s(2)ss2s
(S:0)
product criterion:21 chain criterion:0
map is a permutation
[65535:3]1(6)s(5)s(4)s(3)s(2)ss2s
(S:0)
product criterion:21 chain criterion:0
map is a permutation
[65535:3]1(6)s(5)s(4)s(3)s(2)ss2s
(S:0)
product criterion:21 chain criterion:0
map is a permutation
[65535:3]1(6)s(5)s(4)s(3)s(2)ss2s
(S:0)
product criterion:21 chain criterion:0
[1048575:2]1(5)s(4)s(3)s(2)sss
(S:5)-----
product criterion:15 chain criterion:0
// ** _ is no standard basis
Auf Wiedersehen.
                     SINGULAR                                 /  Development
 A Computer Algebra System for Polynomial Computations       /   version 4.3.2
                                                           0<
 by: W. Decker, G.-M. Greuel, G. Pfister, H. Schoenemann     \   Feb 2023
FB Mathematik der Universitaet, D-67653 Kaiserslautern        \  Debian 1:4.3.2-p10+ds-1.1build1
compute hilbert series with std in ring (ZZ/179424673),(x6,x5,x4,x3,x2,x1,@),(dp(7),C)
weights used for hilbert series: 1,1,1,1,1,1,1
[65535:2]1(5)s(4)s(3)s(2)sss
product criterion:15 chain criterion:0
std with hilb in (ZZ/179424673),(x6,x5,x4,x3,x2,x1,@),(lp(6),dp(1),C)
[65535:2]1(5)s(4)s(3)s(2)sss
product criterion:15 chain criterion:0
dehomogenization
simplification
imap to ring (ZZ/179424673),(x6,x5,x4,x3,x2,x1),(lp(6),C)
Auf Wiedersehen.
                     SINGULAR                                 /  Development
 A Computer Algebra System for Polynomial Computations       /   version 4.3.2
                                                           0<
 by: W. Decker, G.-M. Greuel, G. Pfister, H. Schoenemann     \   Feb 2023
FB Mathematik der Universitaet, D-67653 Kaiserslautern        \  Debian 1:4.3.2-p10+ds-1.1build1
// ** loaded /usr/bin/../share/singular/LIB/primdec.lib (4.3.2.9,Oct_2023)
// ** loaded /usr/bin/../share/singular/LIB/ring.lib (4.3.1.3,Feb_2023)
// ** loaded /usr/bin/../share/singular/LIB/absfact.lib (4.1.2.0,Feb_2019)
// ** loaded /usr/bin/../share/singular/LIB/triang.lib (4.1.2.0,Feb_2019)
// ** loaded /usr/bin/../share/singular/LIB/matrix.lib (4.3.2.3,Aug_2023)
// ** loaded /usr/bin/../share/singular/LIB/nctools.lib (4.1.2.0,Feb_2019)
// ** loaded /usr/bin/../share/singular/LIB/inout.lib (4.1.2.0,Feb_2019)
// ** loaded /usr/bin/../share/singular/LIB/random.lib (4.1.2.0,Feb_2019)
// ** loaded /usr/bin/../share/singular/LIB/polylib.lib (4.2.0.0,Dec_2020)
// ** loaded /usr/bin/../share/singular/LIB/elim.lib (4.3.2.5,Jul_2023)
// ** loaded /usr/bin/../share/singular/LIB/general.lib (4.1.2.0,Feb_2019)
[1048575:2]1(5)s(4)s(3)s(2)sss
(S:5)-----
product criterion:15 chain criterion:0
// ** redefining j (int j = 2;)
rt
Auf Wiedersehen.

Set::setraw: Cannot assign to raw object 1.

Set::setraw: Cannot assign to raw object 1.
  >> 1 region(s): expReg=1.539s  build=0.004s
  [sector total: 1.543s]
#Non-triv Sectors = 1

[SECTOR_RESULT] key=110 tier=Quick state=done time=1.543429 regions=1
