
      +++  sector:  {1, 1, 1}  (1/1)  +++ 
                     SINGULAR                                 /  Development
 A Computer Algebra System for Polynomial Computations       /   version 4.3.2
                                                           0<
 by: W. Decker, G.-M. Greuel, G. Pfister, H. Schoenemann     \   Feb 2023
FB Mathematik der Universitaet, D-67653 Kaiserslautern        \  Debian 1:4.3.2-p10+ds-1.1build1
compute hilbert series with std in ring (ZZ/179424673),(x6,x5,x4,x3,x2,x1,@),(dp(7),C)
weights used for hilbert series: 1,1,1,1,1,1,1
[65535:2]2(5)s(4)s(3)s(2)s(3)s(4)s3(6)s(8)s(11)s(15)s(17)s(20)s(23)s4(25)s(28)s(30)s(34)s(38)s(42)s(47)-------------s(38)s(42)s(47)s(52)--5--------------------------------------------------
product criterion:68 chain criterion:102
std with hilb in (ZZ/179424673),(x6,x5,x4,x3,x2,x1,@),(lp(6),dp(1),C)
[65535:2]2(22)s(21)ss(20)ss(22)s3(23)s(25)s(28)s(30)s(34)s(36)s(39)shhhhhhh4(34)s(37)s(40)s(44)s(49)s(53)-s(56)--------s(53)------s(51)shhhhhhhhhhhhhhhhhhhhhhhhhhhhhhhhhhhhhhhhhhhhhhhhhhhhhhhhh
product criterion:65 chain criterion:88
hilbert series criterion:64
dehomogenization
simplification
imap to ring (ZZ/179424673),(x6,x5,x4,x3,x2,x1),(lp(6),C)
Auf Wiedersehen.
                     SINGULAR                                 /  Development
 A Computer Algebra System for Polynomial Computations       /   version 4.3.2
                                                           0<
 by: W. Decker, G.-M. Greuel, G. Pfister, H. Schoenemann     \   Feb 2023
FB Mathematik der Universitaet, D-67653 Kaiserslautern        \  Debian 1:4.3.2-p10+ds-1.1build1
// ** loaded /usr/bin/../share/singular/LIB/primdec.lib (4.3.2.9,Oct_2023)
// ** loaded /usr/bin/../share/singular/LIB/ring.lib (4.3.1.3,Feb_2023)
// ** loaded /usr/bin/../share/singular/LIB/absfact.lib (4.1.2.0,Feb_2019)
// ** loaded /usr/bin/../share/singular/LIB/triang.lib (4.1.2.0,Feb_2019)
// ** loaded /usr/bin/../share/singular/LIB/matrix.lib (4.3.2.3,Aug_2023)
// ** loaded /usr/bin/../share/singular/LIB/nctools.lib (4.1.2.0,Feb_2019)
// ** loaded /usr/bin/../share/singular/LIB/inout.lib (4.1.2.0,Feb_2019)
// ** loaded /usr/bin/../share/singular/LIB/random.lib (4.1.2.0,Feb_2019)
// ** loaded /usr/bin/../share/singular/LIB/polylib.lib (4.2.0.0,Dec_2020)
// ** loaded /usr/bin/../share/singular/LIB/elim.lib (4.3.2.5,Jul_2023)
// ** loaded /usr/bin/../share/singular/LIB/general.lib (4.1.2.0,Feb_2019)
map with cache
map with cache
map with cache
map with cache
map with cache
std in (ZZ/179424673),(x6,x5,x4,x3,x2,x1),(dp(6),C)
[1048575:3]1(5)s(4)s(3)s(2)ss2s
(S:5)-----
product criterion:15 chain criterion:0
[1048575:2]1(5)s(4)s(3)s(2)ss2s
(S:5)-----
product criterion:15 chain criterion:0
map is a permutation
[65535:3]1(6)s(5)s(4)s(3)s(2)sss
(S:6)------
product criterion:21 chain criterion:0
[1048575:2]1(5)s(4)s(3)s(2)sss
(S:5)-----
product criterion:15 chain criterion:0
{1}[1048575:4]1(5)s(4)s(3)s(2)sss2(4)----
(S:6)-------
product criterion:0 chain criterion:0
(S:6)rrrrrr
[1048575:2]1(5)s(4)s(3)s(2)sss
(S:5)-----
product criterion:15 chain criterion:0
intersect by elimination method
[65535:4]1(6)s2(5)s(4)s(3)s(2)sss
(S:6)------
product criterion:21 chain criterion:0
map is a permutation
[65535:3]1(6)s(5)s(4)s(3)s(2)ss2s
(S:0)
product criterion:21 chain criterion:0
map is a permutation
[65535:3]1(6)s(5)s(4)s(3)s(2)ss2s
(S:0)
product criterion:21 chain criterion:0
map is a permutation
[65535:3]1(6)s(5)s(4)s(3)s(2)ss2s
(S:0)
product criterion:21 chain criterion:0
map is a permutation
[65535:3]1(6)s(5)s(4)s(3)s(2)ss2s
(S:0)
product criterion:21 chain criterion:0
map is a permutation
[65535:3]1(6)s(5)s(4)s(3)s(2)ss2s
(S:0)
product criterion:21 chain criterion:0
map is a permutation
[65535:3]1(6)s(5)s(4)s(3)s(2)ss2s
(S:0)
product criterion:21 chain criterion:0
[1048575:2]1(5)s(4)s(3)s(2)sss
(S:5)-----
product criterion:15 chain criterion:0
map is a permutation
[65535:3]1(6)s(5)s(4)s(3)s(2)sss
(S:6)------
product criterion:21 chain criterion:0
[1048575:2]1(5)s(4)s(3)s(2)sss
(S:5)-----
product criterion:15 chain criterion:0
{1}[1048575:4]1(5)s(4)s(3)s(2)sss2(4)----
(S:6)-------
product criterion:0 chain criterion:0
(S:6)rrrrrr
[1048575:2]1(5)s(4)s(3)s(2)sss
(S:5)-----
product criterion:15 chain criterion:0
intersect by elimination method
[65535:4]1(6)s2(5)s(4)s(3)s(2)sss
(S:6)------
product criterion:21 chain criterion:0
map is a permutation
[65535:3]1(6)s(5)s(4)s(3)s(2)ss2s
(S:0)
product criterion:21 chain criterion:0
map is a permutation
[65535:3]1(6)s(5)s(4)s(3)s(2)ss2s
(S:0)
product criterion:21 chain criterion:0
map is a permutation
[65535:3]1(6)s(5)s(4)s(3)s(2)ss2s
(S:0)
product criterion:21 chain criterion:0
map is a permutation
[65535:3]1(6)s(5)s(4)s(3)s(2)ss2s
(S:0)
product criterion:21 chain criterion:0
map is a permutation
[65535:3]1(6)s(5)s(4)s(3)s(2)ss2s
(S:0)
product criterion:21 chain criterion:0
map is a permutation
[65535:3]1(6)s(5)s(4)s(3)s(2)ss2s
(S:0)
product criterion:21 chain criterion:0
[1048575:2]1(5)s(4)s(3)s(2)sss
(S:5)-----
product criterion:15 chain criterion:0
// ** _ is no standard basis
// ** _ is no standard basis
Auf Wiedersehen.
                     SINGULAR                                 /  Development
 A Computer Algebra System for Polynomial Computations       /   version 4.3.2
                                                           0<
 by: W. Decker, G.-M. Greuel, G. Pfister, H. Schoenemann     \   Feb 2023
FB Mathematik der Universitaet, D-67653 Kaiserslautern        \  Debian 1:4.3.2-p10+ds-1.1build1
compute hilbert series with std in ring (ZZ/179424673),(x6,x5,x4,x3,x2,x1,@),(dp(7),C)
weights used for hilbert series: 1,1,1,1,1,1,1
[65535:2]1(5)s(4)s(3)s2(2)sss3s4--
product criterion:17 chain criterion:0
std with hilb in (ZZ/179424673),(x6,x5,x4,x3,x2,x1,@),(lp(6),dp(1),C)
[65535:2]1(6)s(5)s(4)s2(3)s(2)ss3(3)s-shhhh
product criterion:21 chain criterion:1
hilbert series criterion:4
dehomogenization
simplification
imap to ring (ZZ/179424673),(x6,x5,x4,x3,x2,x1),(lp(6),C)
Auf Wiedersehen.
                     SINGULAR                                 /  Development
 A Computer Algebra System for Polynomial Computations       /   version 4.3.2
                                                           0<
 by: W. Decker, G.-M. Greuel, G. Pfister, H. Schoenemann     \   Feb 2023
FB Mathematik der Universitaet, D-67653 Kaiserslautern        \  Debian 1:4.3.2-p10+ds-1.1build1
compute hilbert series with std in ring (ZZ/179424673),(x6,x5,x4,x3,x2,x1,@),(dp(7),C)
weights used for hilbert series: 1,1,1,1,1,1,1
[65535:2]1(5)s(4)s(3)s2(2)sss3s4--
product criterion:17 chain criterion:0
std with hilb in (ZZ/179424673),(x6,x5,x4,x3,x2,x1,@),(lp(6),dp(1),C)
[65535:2]1(6)s(5)s(4)s2(3)s(2)ss3(3)s-shhhh
product criterion:21 chain criterion:1
hilbert series criterion:4
dehomogenization
simplification
imap to ring (ZZ/179424673),(x6,x5,x4,x3,x2,x1),(lp(6),C)
Auf Wiedersehen.
                     SINGULAR                                 /  Development
 A Computer Algebra System for Polynomial Computations       /   version 4.3.2
                                                           0<
 by: W. Decker, G.-M. Greuel, G. Pfister, H. Schoenemann     \   Feb 2023
FB Mathematik der Universitaet, D-67653 Kaiserslautern        \  Debian 1:4.3.2-p10+ds-1.1build1
// ** loaded /usr/bin/../share/singular/LIB/primdec.lib (4.3.2.9,Oct_2023)
// ** loaded /usr/bin/../share/singular/LIB/ring.lib (4.3.1.3,Feb_2023)
// ** loaded /usr/bin/../share/singular/LIB/absfact.lib (4.1.2.0,Feb_2019)
// ** loaded /usr/bin/../share/singular/LIB/triang.lib (4.1.2.0,Feb_2019)
// ** loaded /usr/bin/../share/singular/LIB/matrix.lib (4.3.2.3,Aug_2023)
// ** loaded /usr/bin/../share/singular/LIB/nctools.lib (4.1.2.0,Feb_2019)
// ** loaded /usr/bin/../share/singular/LIB/inout.lib (4.1.2.0,Feb_2019)
// ** loaded /usr/bin/../share/singular/LIB/random.lib (4.1.2.0,Feb_2019)
// ** loaded /usr/bin/../share/singular/LIB/polylib.lib (4.2.0.0,Dec_2020)
// ** loaded /usr/bin/../share/singular/LIB/elim.lib (4.3.2.5,Jul_2023)
// ** loaded /usr/bin/../share/singular/LIB/general.lib (4.1.2.0,Feb_2019)
[1048575:2]1(5)s(4)s(3)s(2)s2ss
(S:5)-----
product criterion:15 chain criterion:0
// ** redefining j (int j = 2;)
rt
Auf Wiedersehen.

Set::setraw: Cannot assign to raw object 1.

Set::setraw: Cannot assign to raw object 1.
                     SINGULAR                                 /  Development
 A Computer Algebra System for Polynomial Computations       /   version 4.3.2
                                                           0<
 by: W. Decker, G.-M. Greuel, G. Pfister, H. Schoenemann     \   Feb 2023
FB Mathematik der Universitaet, D-67653 Kaiserslautern        \  Debian 1:4.3.2-p10+ds-1.1build1
// ** loaded /usr/bin/../share/singular/LIB/primdec.lib (4.3.2.9,Oct_2023)
// ** loaded /usr/bin/../share/singular/LIB/ring.lib (4.3.1.3,Feb_2023)
// ** loaded /usr/bin/../share/singular/LIB/absfact.lib (4.1.2.0,Feb_2019)
// ** loaded /usr/bin/../share/singular/LIB/triang.lib (4.1.2.0,Feb_2019)
// ** loaded /usr/bin/../share/singular/LIB/matrix.lib (4.3.2.3,Aug_2023)
// ** loaded /usr/bin/../share/singular/LIB/nctools.lib (4.1.2.0,Feb_2019)
// ** loaded /usr/bin/../share/singular/LIB/inout.lib (4.1.2.0,Feb_2019)
// ** loaded /usr/bin/../share/singular/LIB/random.lib (4.1.2.0,Feb_2019)
// ** loaded /usr/bin/../share/singular/LIB/polylib.lib (4.2.0.0,Dec_2020)
// ** loaded /usr/bin/../share/singular/LIB/elim.lib (4.3.2.5,Jul_2023)
// ** loaded /usr/bin/../share/singular/LIB/general.lib (4.1.2.0,Feb_2019)
[1048575:2]1(5)s(4)s(3)s(2)s2ss
(S:5)-----
product criterion:15 chain criterion:0
// ** redefining j (int j = 2;)
rt
Auf Wiedersehen.

Set::setraw: Cannot assign to raw object 1.

General::stop: Further output of Set::setraw will be suppressed during this calculation.
  >> 2 region(s): expReg=2.149s  build=0.007s
  [sector total: 2.157s]
#Non-triv Sectors = 1

[SECTOR_RESULT] key=111 tier=Quick state=done time=2.157299 regions=2
