=== FamilyGenerate ===
Family: SR212 (L=2 E=1 N=5)
Modulus: 179424673

[Step 1] Generating IBP equations...
[IBPEqGenerator] Family SR212: ne=5 nl=2 nE=1 nIBP=6 subsectors=26
[IBPEqGenerator] Step 1: Running SP2PD...
[IBPEqGenerator] SP2PD OK: 5 scalar products → z-basis
[IBPEqGenerator] Step 2: Computing derivatives...
[IBPEqGenerator] Derivatives OK: 30 polynomials computed
[IBPEqGenerator] Step 3: Assembling IBP equations (mon2F)...
[IBPEqGenerator] Generated 6 IBP equations with 56 total g-operator terms.
  ne=5 nibp=6 subsectors=26
  [TIMING] Step 1: 0.045 s

[Step 2] Extracting FTable...
  nibp=6 ne=5
  [TIMING] Step 2: 0 s

[Step 3] Solving sectors...
  Filtering: sector = 11011
  Solving sector [11011]
  [2026-05-14 01:37:14] Singular minAssGTZ starting...
  [Singular minAssGTZ] 0.0361362 s, kept=1
  [2026-05-14 01:37:14] Singular minAssGTZ done
  [2026-05-14 01:37:14] Component 0/1 (10 polys)
  -> 1 region(s) in 0.045 s
  Found 1 region(s) total
  [TIMING] Step 3: 0.045 s

[Step 4] Building recursion + ring matrices...
  Region 0: nb=1
  [TIMING] Step 4: 0.001 s

[Step 5] Writing .bin files...
Written 1 regime(s) to workspace/C020-SR212-region-solve-cpp/SectorCache/IBPMat_SR212_sector_11011.bin
Written 1 ring cell(s) to workspace/C020-SR212-region-solve-cpp/SectorCache/RingData_SR212_sector_11011.bin
  [TIMING] Step 5: 0 s

[TIMING] Total wall-clock: 0.095 s

Done. Output:
  workspace/C020-SR212-region-solve-cpp/SectorCache/IBPMat_SR212_sector_11011.bin
  workspace/C020-SR212-region-solve-cpp/SectorCache/RingData_SR212_sector_11011.bin
